[16:40:58] This is prokka 1.14.5
[16:40:58] Written by Torsten Seemann <torsten.seemann@gmail.com>
[16:40:58] Homepage is https://github.com/tseemann/prokka
[16:40:58] Local time is Fri Nov 26 16:40:58 2021
[16:40:58] You are ruud
[16:40:58] Operating system is linux
[16:40:58] You have BioPerl 1.7.8
[16:40:58] System has 40 cores.
[16:40:58] Will use maximum of 40 cores.
[16:40:58] Annotating as >>> Bacteria <<<
[16:40:58] Creating new output folder: P002_WC11
[16:40:58] Running: mkdir -p P002_WC11
[16:40:58] Using filename prefix: P002_WC11.XXX
[16:40:58] Setting HMMER_NCPU=1
[16:40:58] Writing log to: P002_WC11/P002_WC11.log
[16:40:58] Command: /usr/local/packages/prokka-1.14.5/bin/prokka --cpus 40 --prefix P002_WC11 --Kingdom Bacteria --locustag P002_WC11 --proteins vaccinium.gb ../02_Blast/chloroplast_contigs_rapid_genomics_run2/P002_WC11_chloroplast_contigs.fa
[16:40:58] Appending to PATH: /home/local/packages/prokka-1.14.5/bin/../binaries/linux
[16:40:58] Appending to PATH: /home/local/packages/prokka-1.14.5/bin/../binaries/linux/../common
[16:40:58] Appending to PATH: /home/local/packages/prokka-1.14.5/bin
[16:40:58] Looking for 'aragorn' - found /usr/local/packages/Anaconda3-2019.10/bin/aragorn
[16:40:58] Determined aragorn version is 001002 from 'ARAGORN v1.2.38 Dean Laslett'
[16:40:58] Looking for 'barrnap' - found /usr/local/packages/Anaconda3-2019.10/bin/barrnap
[16:40:58] Determined barrnap version is 000009 from 'barrnap 0.9'
[16:40:58] Looking for 'blastp' - found /usr/local/packages/Anaconda3-2019.10/bin/blastp
[16:40:59] Determined blastp version is 002011 from 'blastp: 2.11.0+'
[16:40:59] Looking for 'cmpress' - found /usr/local/packages/Anaconda3-2019.10/bin/cmpress
[16:40:59] Determined cmpress version is 001001 from '# INFERNAL 1.1.2 (July 2016)'
[16:40:59] Looking for 'cmscan' - found /usr/local/packages/Anaconda3-2019.10/bin/cmscan
[16:40:59] Determined cmscan version is 001001 from '# INFERNAL 1.1.2 (July 2016)'
[16:40:59] Looking for 'egrep' - found /bin/egrep
[16:40:59] Looking for 'find' - found /bin/find
[16:40:59] Looking for 'grep' - found /bin/grep
[16:40:59] Looking for 'hmmpress' - found /usr/local/packages/Anaconda3-2019.10/bin/hmmpress
[16:40:59] Determined hmmpress version is 003003 from '# HMMER 3.3.2 (Nov 2020); http://hmmer.org/'
[16:40:59] Looking for 'hmmscan' - found /usr/local/packages/Anaconda3-2019.10/bin/hmmscan
[16:40:59] Determined hmmscan version is 003003 from '# HMMER 3.3.2 (Nov 2020); http://hmmer.org/'
[16:40:59] Looking for 'java' - found /usr/local/packages/jdk1.8.0_191/bin/java
[16:40:59] Looking for 'makeblastdb' - found /usr/local/packages/Anaconda3-2019.10/bin/makeblastdb
[16:41:00] Determined makeblastdb version is 002011 from 'makeblastdb: 2.11.0+'
[16:41:00] Looking for 'minced' - found /usr/local/packages/Anaconda3-2019.10/bin/minced
[16:41:00] Determined minced version is 004002 from 'minced 0.4.2'
[16:41:00] Looking for 'parallel' - found /usr/local/packages/Anaconda3-2019.10/bin/parallel
[16:41:00] Determined parallel version is 20210822 from 'GNU parallel 20210822'
[16:41:00] Looking for 'prodigal' - found /usr/local/packages/Anaconda3-2019.10/bin/prodigal
[16:41:00] Determined prodigal version is 002006 from 'Prodigal V2.6.3: February, 2016'
[16:41:00] Looking for 'prokka-genbank_to_fasta_db' - found /usr/local/packages/prokka-1.14.5/bin/prokka-genbank_to_fasta_db
[16:41:00] Looking for 'sed' - found /bin/sed
[16:41:00] Looking for 'tbl2asn' - found /usr/local/packages/Anaconda3-2019.10/bin/tbl2asn
[16:41:00] Determined tbl2asn version is 025008 from 'tbl2asn 25.8   arguments:'
[16:41:00] Using genetic code table 11.
[16:41:00] Loading and checking input file: ../02_Blast/chloroplast_contigs_rapid_genomics_run2/P002_WC11_chloroplast_contigs.fa
[16:41:00] Wrote 4 contigs totalling 124600 bp.
[16:41:00] Predicting tRNAs and tmRNAs
[16:41:00] Running: aragorn -l -gc11  -w P002_WC11\/P002_WC11\.fna
[16:41:00] 1 tRNA-Asn [2189,2262] 34 (gtt)
[16:41:00] 2 tRNA-Arg c[2875,2948] 35 (acg)
[16:41:00] 3 tRNA-Val c[10635,10706] 33 (gac)
[16:41:00] 4 tRNA-Leu [16520,16602] 35 (caa)
[16:41:00] 5 tRNA-His c[16968,17042] 35 (gtg)
[16:41:00] 1 tRNA-Leu [3560,3639] 35 (tag)
[16:41:00] 1 tRNA-Met [6644,6718] 34 (cat)
[16:41:00] 2 tRNA-Pro [25318,25391] 35 (tgg)
[16:41:00] 3 tRNA-Trp [25576,25649] 35 (cca)
[16:41:00] 4 tRNA-Met c[39271,39343] 34 (cat)
[16:41:00] 5 tRNA-Phe c[42838,42911] 34 (gaa)
[16:41:00] 6 tRNA-Thr [44775,44848] 34 (tgt)
[16:41:00] 7 tRNA-Ser c[46092,46178] 35 (gga)
[16:41:00] 8 tRNA-Met [54327,54402] 36 (cat)
[16:41:00] 9 tRNA-Gly c[54486,54557] 33 (gcc)
[16:41:00] 10 tRNA-Ser [55362,55454] 35 (tga)
[16:41:00] 11 tRNA-Thr c[59367,59440] 34 (ggt)
[16:41:00] 12 tRNA-Glu [59966,60040] 36 (ttc)
[16:41:00] 13 tRNA-Tyr [60116,60201] 36 (gta)
[16:41:00] 14 tRNA-Asp [60507,60583] 36 (gtc)
[16:41:00] 15 tRNA-Cys c[62836,62907] 33 (gca)
[16:41:00] 16 tRNA-Arg c[80329,80400] 34 (tct)
[16:41:00] 17 tRNA-Ser [82130,82217] 35 (gct)
[16:41:00] 18 tRNA-Gln [83399,83470] 33 (ttg)
[16:41:00] Found 24 tRNAs
[16:41:00] Predicting Ribosomal RNAs
[16:41:00] Running Barrnap with 40 threads
[16:41:01] 1 k141_122280 1 23S ribosomal RNA (partial)
[16:41:01] 2 k141_41419 3485 23S ribosomal RNA
[16:41:01] 3 k141_41419 8916 16S ribosomal RNA
[16:41:01] Found 3 rRNAs
[16:41:01] Skipping ncRNA search, enable with --rfam if desired.
[16:41:01] Total of 27 tRNA + rRNA features
[16:41:01] Searching for CRISPR repeats
[16:41:01] Found 0 CRISPRs
[16:41:01] Predicting coding sequences
[16:41:01] Contigs total 124600 bp, so using single mode
[16:41:01] Running: prodigal -i P002_WC11\/P002_WC11\.fna -c -m -g 11 -p single -f sco -q
[16:41:02] Excluding CDS which overlaps existing RNA (tRNA) at k141_41419:2110..2373 on - strand
[16:41:02] Excluding CDS which overlaps existing RNA (tRNA) at k141_41419:2829..3023 on - strand
[16:41:02] Excluding CDS which overlaps existing RNA (rRNA) at k141_41419:3724..3894 on + strand
[16:41:02] Excluding CDS which overlaps existing RNA (rRNA) at k141_41419:3866..4042 on + strand
[16:41:02] Excluding CDS which overlaps existing RNA (rRNA) at k141_41419:6274..6429 on - strand
[16:41:02] Excluding CDS which overlaps existing RNA (rRNA) at k141_41419:9557..9952 on + strand
[16:41:02] Excluding CDS which overlaps existing RNA (rRNA) at k141_41419:10355..10471 on - strand
[16:41:02] Excluding CDS which overlaps existing RNA (tRNA) at k141_41419:16496..16681 on + strand
[16:41:02] Excluding CDS which overlaps existing RNA (tRNA) at k141_41419:16848..17054 on + strand
[16:41:02] Excluding CDS which overlaps existing RNA (rRNA) at k141_122280:160..450 on - strand
[16:41:02] Excluding CDS which overlaps existing RNA (tRNA) at k141_160666:42696..42914 on - strand
[16:41:02] Found 87 CDS
[16:41:02] Connecting features back to sequences
[16:41:02] Not using genus-specific database. Try --usegenus to enable it.
[16:41:02] Preparing user-supplied primary BLAST annotation source: vaccinium.gb
[16:41:02] Guessed source was in genbank format.
[16:41:02] Converting genbank 'vaccinium.gb' into Prokka FASTA 'P002_WC11/proteins.faa'
[16:41:02] Running: prokka-genbank_to_fasta_db --format genbank vaccinium\.gb > P002_WC11\/proteins\.faa 2> /dev/null
[16:41:02] Running: makeblastdb -dbtype prot -in P002_WC11\/proteins\.faa -out P002_WC11\/proteins -logfile /dev/null
[16:41:03] Using /inference source as 'vaccinium.gb'
[16:41:03] Annotating CDS, please be patient.
[16:41:03] Will use 40 CPUs for similarity searching.
[16:41:03] There are still 87 unannotated CDS left (started with 87)
[16:41:03] Will use blast to search against P002_WC11/proteins with 40 CPUs
[16:41:03] Running: cat P002_WC11\/P002_WC11\.proteins\.tmp\.29803\.faa | parallel --gnu --plain -j 40 --block 281 --recstart '>' --pipe blastp -query - -db P002_WC11/proteins -evalue 1e-09 -qcov_hsp_perc 80 -num_threads 1 -num_descriptions 1 -num_alignments 1 -seg no > P002_WC11\/P002_WC11\.proteins\.tmp\.29803\.blast 2> /dev/null
[16:41:04] Deleting unwanted file: P002_WC11/P002_WC11.proteins.tmp.29803.faa
[16:41:04] Deleting unwanted file: P002_WC11/P002_WC11.proteins.tmp.29803.blast
[16:41:04] There are still 21 unannotated CDS left (started with 87)
[16:41:04] Will use blast to search against /home/local/packages/prokka-1.14.5/db/kingdom/Bacteria/IS with 40 CPUs
[16:41:04] Running: cat P002_WC11\/P002_WC11\.IS\.tmp\.29803\.faa | parallel --gnu --plain -j 40 --block 67 --recstart '>' --pipe blastp -query - -db /home/local/packages/prokka-1.14.5/db/kingdom/Bacteria/IS -evalue 1e-30 -qcov_hsp_perc 90 -num_threads 1 -num_descriptions 1 -num_alignments 1 -seg no > P002_WC11\/P002_WC11\.IS\.tmp\.29803\.blast 2> /dev/null
[16:41:06] Deleting unwanted file: P002_WC11/P002_WC11.IS.tmp.29803.faa
[16:41:06] Deleting unwanted file: P002_WC11/P002_WC11.IS.tmp.29803.blast
[16:41:06] There are still 21 unannotated CDS left (started with 87)
[16:41:06] Will use blast to search against /home/local/packages/prokka-1.14.5/db/kingdom/Bacteria/AMR with 40 CPUs
[16:41:06] Running: cat P002_WC11\/P002_WC11\.AMR\.tmp\.29803\.faa | parallel --gnu --plain -j 40 --block 67 --recstart '>' --pipe blastp -query - -db /home/local/packages/prokka-1.14.5/db/kingdom/Bacteria/AMR -evalue 1e-300 -qcov_hsp_perc 90 -num_threads 1 -num_descriptions 1 -num_alignments 1 -seg no > P002_WC11\/P002_WC11\.AMR\.tmp\.29803\.blast 2> /dev/null
[16:41:07] Deleting unwanted file: P002_WC11/P002_WC11.AMR.tmp.29803.faa
[16:41:07] Deleting unwanted file: P002_WC11/P002_WC11.AMR.tmp.29803.blast
[16:41:07] There are still 21 unannotated CDS left (started with 87)
[16:41:07] Will use blast to search against /home/local/packages/prokka-1.14.5/db/kingdom/Bacteria/sprot with 40 CPUs
[16:41:07] Running: cat P002_WC11\/P002_WC11\.sprot\.tmp\.29803\.faa | parallel --gnu --plain -j 40 --block 67 --recstart '>' --pipe blastp -query - -db /home/local/packages/prokka-1.14.5/db/kingdom/Bacteria/sprot -evalue 1e-09 -qcov_hsp_perc 80 -num_threads 1 -num_descriptions 1 -num_alignments 1 -seg no > P002_WC11\/P002_WC11\.sprot\.tmp\.29803\.blast 2> /dev/null
[16:41:09] Deleting unwanted file: P002_WC11/P002_WC11.sprot.tmp.29803.faa
[16:41:09] Deleting unwanted file: P002_WC11/P002_WC11.sprot.tmp.29803.blast
[16:41:09] There are still 19 unannotated CDS left (started with 87)
[16:41:09] Will use hmmer3 to search against /home/local/packages/prokka-1.14.5/db/hmm/HAMAP.hmm with 40 CPUs
[16:41:09] Running: cat P002_WC11\/P002_WC11\.HAMAP\.hmm\.tmp\.29803\.faa | parallel --gnu --plain -j 40 --block 65 --recstart '>' --pipe hmmscan --noali --notextw --acc -E 1e-09 --cpu 1 /home/local/packages/prokka-1.14.5/db/hmm/HAMAP.hmm /dev/stdin > P002_WC11\/P002_WC11\.HAMAP\.hmm\.tmp\.29803\.hmmer3 2> /dev/null
[16:41:10] Deleting unwanted file: P002_WC11/P002_WC11.HAMAP.hmm.tmp.29803.faa
[16:41:10] Deleting unwanted file: P002_WC11/P002_WC11.HAMAP.hmm.tmp.29803.hmmer3
[16:41:10] Deleting unwanted file: P002_WC11/proteins.psq
[16:41:10] Deleting unwanted file: P002_WC11/proteins.phr
[16:41:10] Deleting unwanted file: P002_WC11/proteins.pin
[16:41:10] Labelling remaining 17 proteins as 'hypothetical protein'
[16:41:10] Possible /pseudo 'NADH-plastoquinone oxidoreductase subunit 1' at k141_36616 position 10685
[16:41:10] Possible /pseudo 'ATP-dependent Clp protease proteolytic subunit' at k141_160666 position 21702
[16:41:10] Possible /pseudo 'RNA polymerase beta' subunit' at k141_160666 position 68562
[16:41:10] Found 65 unique /gene codes.
[16:41:10] Fixed 2 duplicate /gene - atpF_1 atpF_2
[16:41:10] Fixed 2 duplicate /gene - ndhA_1 ndhA_2
[16:41:10] Fixed 2 duplicate /gene - ndhB_1 ndhB_2
[16:41:10] Fixed 2 duplicate /gene - clpP_1 clpP_2
[16:41:10] Fixed 2 duplicate /gene - rpoC1_1 rpoC1_2
[16:41:10] Fixed 5 colliding /gene names.
[16:41:10] Adding /locus_tag identifiers
[16:41:10] Assigned 114 locus_tags to CDS and RNA features.
[16:41:10] Writing outputs to P002_WC11/
[16:41:10] Generating annotation statistics file
[16:41:10] Generating Genbank and Sequin files
[16:41:10] Running: tbl2asn -V b -a r10k -l paired-ends -M n -N 1 -y 'Annotated using prokka 1.14.5 from https://github.com/tseemann/prokka' -Z P002_WC11\/P002_WC11\.err -i P002_WC11\/P002_WC11\.fsa 2> /dev/null
[16:41:10] Deleting unwanted file: P002_WC11/errorsummary.val
[16:41:10] Deleting unwanted file: P002_WC11/P002_WC11.dr
[16:41:10] Deleting unwanted file: P002_WC11/P002_WC11.fixedproducts
[16:41:10] Deleting unwanted file: P002_WC11/P002_WC11.ecn
[16:41:10] Deleting unwanted file: P002_WC11/P002_WC11.val
[16:41:10] Repairing broken .GBK output that tbl2asn produces...
[16:41:10] Running: sed 's/COORDINATES: profile/COORDINATES:profile/' < P002_WC11\/P002_WC11\.gbf > P002_WC11\/P002_WC11\.gbk
[16:41:10] Deleting unwanted file: P002_WC11/P002_WC11.gbf
[16:41:10] Output files:
[16:41:10] P002_WC11/P002_WC11.fsa
[16:41:10] P002_WC11/P002_WC11.tsv
[16:41:10] P002_WC11/P002_WC11.sqn
[16:41:10] P002_WC11/P002_WC11.gbk
[16:41:10] P002_WC11/P002_WC11.fna
[16:41:10] P002_WC11/P002_WC11.log
[16:41:10] P002_WC11/P002_WC11.gff
[16:41:10] P002_WC11/P002_WC11.tbl
[16:41:10] P002_WC11/P002_WC11.txt
[16:41:10] P002_WC11/P002_WC11.err
[16:41:10] P002_WC11/P002_WC11.ffn
[16:41:10] P002_WC11/P002_WC11.faa
[16:41:10] Annotation finished successfully.
[16:41:10] Walltime used: 0.20 minutes
[16:41:10] If you use this result please cite the Prokka paper:
[16:41:10] Seemann T (2014) Prokka: rapid prokaryotic genome annotation. Bioinformatics. 30(14):2068-9.
[16:41:10] Type 'prokka --citation' for more details.
[16:41:10] Thank you, come again.
