Discrepancy Report Results

Summary
FATAL: MISSING_PROTEIN_ID:87 proteins have invalid IDs.
DISC_SOURCE_QUALS_ASNDISC:strain (all present, all same)
DISC_SOURCE_QUALS_ASNDISC:taxname (all present, all same)
DISC_FEATURE_COUNT:CDS: 87 present
DISC_FEATURE_COUNT:tRNA: 24 present
DISC_FEATURE_COUNT:rRNA: 3 present
DISC_COUNT_NUCLEOTIDES:4 nucleotide Bioseqs are present
FEATURE_LOCATION_CONFLICT:114 features have inconsistent gene locations.
SUSPECT_PRODUCT_NAMES:2 product_names contain suspect phrase or characters
	May contain database identifier more appropriate in note; remove from product name
		2 features contains three or more numbers together that may be identifiers more appropriate in note
DISC_QUALITY_SCORES:Quality scores are missing on all sequences.
FATAL: DISC_SUSPECT_RRNA_PRODUCTS:1 rRNA product names contain suspect phrase
FATAL: DISC_SHORT_RRNA:1 rRNA features are too short
ONCALLER_COMMENT_PRESENT:4 comment descriptors were found (all same)
SHORT_PROT_SEQUENCES:8 protein sequences are shorter than 50 aa.
MISSING_GENOMEASSEMBLY_COMMENTS:4 bioseqs are missing GenomeAssembly structured comments
MOLTYPE_NOT_MRNA:4 molecule types are not set as mRNA.
TECHNIQUE_NOT_TSA:4 technique are not set as TSA
MISSING_STRUCTURED_COMMENT:4 sequences do not include structured comments.
MISSING_PROJECT:91 sequences do not include project.
FATAL: RRNA_NAME_CONFLICTS:1 rRNA product names are not standard. Correct the names to the standard format, eg "16S ribosomal RNA"
DISC_INCONSISTENT_MOLINFO_TECH:Molinfo Technique Report (some missing, all same)


Detailed Report

FATAL: DiscRep_ALL:MISSING_PROTEIN_ID::87 proteins have invalid IDs.
P002_WC11/P002_WC11:k141_41419_1 (length 46)
P002_WC11/P002_WC11:k141_41419_2 (length 74)
P002_WC11/P002_WC11:k141_41419_3 (length 63)
P002_WC11/P002_WC11:k141_41419_4 (length 49)
P002_WC11/P002_WC11:k141_41419_5 (length 84)
P002_WC11/P002_WC11:k141_41419_6 (length 63)
P002_WC11/P002_WC11:k141_41419_7 (length 92)
P002_WC11/P002_WC11:k141_41419_8 (length 75)
P002_WC11/P002_WC11:k141_41419_9 (length 98)
P002_WC11/P002_WC11:k141_41419_10 (length 155)
P002_WC11/P002_WC11:k141_41419_11 (length 303)
P002_WC11/P002_WC11:k141_41419_12 (length 260)
P002_WC11/P002_WC11:k141_36616_1 (length 753)
P002_WC11/P002_WC11:k141_36616_2 (length 319)
P002_WC11/P002_WC11:k141_36616_3 (length 506)
P002_WC11/P002_WC11:k141_36616_4 (length 81)
P002_WC11/P002_WC11:k141_36616_5 (length 101)
P002_WC11/P002_WC11:k141_36616_6 (length 176)
P002_WC11/P002_WC11:k141_36616_7 (length 170)
P002_WC11/P002_WC11:k141_36616_8 (length 156)
P002_WC11/P002_WC11:k141_36616_9 (length 188)
P002_WC11/P002_WC11:k141_36616_10 (length 393)
P002_WC11/P002_WC11:k141_36616_11 (length 90)
P002_WC11/P002_WC11:k141_36616_12 (length 1149)
P002_WC11/P002_WC11:k141_160666_1 (length 2161)
P002_WC11/P002_WC11:k141_160666_2 (length 59)
P002_WC11/P002_WC11:k141_160666_3 (length 305)
P002_WC11/P002_WC11:k141_160666_4 (length 92)
P002_WC11/P002_WC11:k141_160666_5 (length 151)
P002_WC11/P002_WC11:k141_160666_6 (length 218)
P002_WC11/P002_WC11:k141_160666_7 (length 122)
P002_WC11/P002_WC11:k141_160666_8 (length 121)
P002_WC11/P002_WC11:k141_160666_9 (length 134)
P002_WC11/P002_WC11:k141_160666_10 (length 40)
P002_WC11/P002_WC11:k141_160666_11 (length 138)
P002_WC11/P002_WC11:k141_160666_12 (length 274)
P002_WC11/P002_WC11:k141_160666_13 (length 186)
P002_WC11/P002_WC11:k141_160666_14 (length 162)
P002_WC11/P002_WC11:k141_160666_15 (length 89)
P002_WC11/P002_WC11:k141_160666_16 (length 43)
P002_WC11/P002_WC11:k141_160666_17 (length 508)
P002_WC11/P002_WC11:k141_160666_18 (length 58)
P002_WC11/P002_WC11:k141_160666_19 (length 89)
P002_WC11/P002_WC11:k141_160666_20 (length 74)
P002_WC11/P002_WC11:k141_160666_21 (length 73)
P002_WC11/P002_WC11:k141_160666_22 (length 120)
P002_WC11/P002_WC11:k141_160666_23 (length 101)
P002_WC11/P002_WC11:k141_160666_24 (length 66)
P002_WC11/P002_WC11:k141_160666_25 (length 37)
P002_WC11/P002_WC11:k141_160666_26 (length 95)
P002_WC11/P002_WC11:k141_160666_27 (length 39)
P002_WC11/P002_WC11:k141_160666_28 (length 40)
P002_WC11/P002_WC11:k141_160666_29 (length 327)
P002_WC11/P002_WC11:k141_160666_30 (length 232)
P002_WC11/P002_WC11:k141_160666_31 (length 184)
P002_WC11/P002_WC11:k141_160666_32 (length 36)
P002_WC11/P002_WC11:k141_160666_33 (length 481)
P002_WC11/P002_WC11:k141_160666_34 (length 66)
P002_WC11/P002_WC11:k141_160666_35 (length 475)
P002_WC11/P002_WC11:k141_160666_36 (length 498)
P002_WC11/P002_WC11:k141_160666_37 (length 133)
P002_WC11/P002_WC11:k141_160666_38 (length 120)
P002_WC11/P002_WC11:k141_160666_39 (length 227)
P002_WC11/P002_WC11:k141_160666_40 (length 164)
P002_WC11/P002_WC11:k141_160666_41 (length 201)
P002_WC11/P002_WC11:k141_160666_42 (length 82)
P002_WC11/P002_WC11:k141_160666_43 (length 750)
P002_WC11/P002_WC11:k141_160666_44 (length 734)
P002_WC11/P002_WC11:k141_160666_45 (length 100)
P002_WC11/P002_WC11:k141_160666_46 (length 62)
P002_WC11/P002_WC11:k141_160666_47 (length 473)
P002_WC11/P002_WC11:k141_160666_48 (length 353)
P002_WC11/P002_WC11:k141_160666_49 (length 1076)
P002_WC11/P002_WC11:k141_160666_50 (length 145)
P002_WC11/P002_WC11:k141_160666_51 (length 435)
P002_WC11/P002_WC11:k141_160666_52 (length 1360)
P002_WC11/P002_WC11:k141_160666_53 (length 266)
P002_WC11/P002_WC11:k141_160666_54 (length 250)
P002_WC11/P002_WC11:k141_160666_55 (length 81)
P002_WC11/P002_WC11:k141_160666_56 (length 56)
P002_WC11/P002_WC11:k141_160666_57 (length 55)
P002_WC11/P002_WC11:k141_160666_58 (length 107)
P002_WC11/P002_WC11:k141_160666_59 (length 507)
P002_WC11/P002_WC11:k141_160666_60 (length 59)
P002_WC11/P002_WC11:k141_160666_61 (length 75)
P002_WC11/P002_WC11:k141_160666_62 (length 503)
P002_WC11/P002_WC11:k141_160666_63 (length 353)

DiscRep_ALL:DISC_SOURCE_QUALS_ASNDISC::strain (all present, all same)
DiscRep_SUB:DISC_SOURCE_QUALS_ASNDISC::4 sources have 'strain' for strain
DiscRep_ALL:DISC_SOURCE_QUALS_ASNDISC::taxname (all present, all same)
DiscRep_SUB:DISC_SOURCE_QUALS_ASNDISC::4 sources have 'Genus species' for taxname
DiscRep_ALL:DISC_FEATURE_COUNT::CDS: 87 present
DiscRep_ALL:DISC_FEATURE_COUNT::tRNA: 24 present
DiscRep_ALL:DISC_FEATURE_COUNT::rRNA: 3 present
DiscRep_ALL:DISC_COUNT_NUCLEOTIDES::4 nucleotide Bioseqs are present
P002_WC11/P002_WC11:k141_41419 (length 17260)
P002_WC11/P002_WC11:k141_122280 (length 1026)
P002_WC11/P002_WC11:k141_36616 (length 16700)
P002_WC11/P002_WC11:k141_160666 (length 89614)

DiscRep_ALL:FEATURE_LOCATION_CONFLICT::114 features have inconsistent gene locations.
DiscRep_SUB:FEATURE_LOCATION_CONFLICT::Coding region xref gene does not exist
P002_WC11/P002_WC11:CDS	hypothetical protein	k141_41419:901-1041	P002_WC11_00001

DiscRep_SUB:FEATURE_LOCATION_CONFLICT::Coding region xref gene does not exist
P002_WC11/P002_WC11:CDS	hypothetical protein	k141_41419:c1826-1602	P002_WC11_00002

DiscRep_SUB:FEATURE_LOCATION_CONFLICT::Coding region xref gene does not exist
P002_WC11/P002_WC11:CDS	hypothetical protein	k141_41419:c2821-2630	P002_WC11_00004

DiscRep_SUB:FEATURE_LOCATION_CONFLICT::Coding region xref gene does not exist
P002_WC11/P002_WC11:CDS	hypothetical protein	k141_41419:6620-6769	P002_WC11_00007

DiscRep_SUB:FEATURE_LOCATION_CONFLICT::Coding region xref gene does not exist
P002_WC11/P002_WC11:CDS	hypothetical protein	k141_41419:c7914-7660	P002_WC11_00008

DiscRep_SUB:FEATURE_LOCATION_CONFLICT::Coding region xref gene does not exist
P002_WC11/P002_WC11:CDS	hypothetical protein	k141_41419:10767-10958	P002_WC11_00011

DiscRep_SUB:FEATURE_LOCATION_CONFLICT::Coding region xref gene does not exist
P002_WC11/P002_WC11:CDS	hypothetical protein	k141_41419:11083-11361	P002_WC11_00012

DiscRep_SUB:FEATURE_LOCATION_CONFLICT::Coding region xref gene does not exist
P002_WC11/P002_WC11:CDS	hypothetical protein	k141_41419:c11569-11342	P002_WC11_00013

DiscRep_SUB:FEATURE_LOCATION_CONFLICT::Coding region xref gene does not exist
P002_WC11/P002_WC11:CDS	hypothetical protein	k141_41419:11638-11934	P002_WC11_00014

DiscRep_SUB:FEATURE_LOCATION_CONFLICT::Coding region xref gene does not exist
P002_WC11/P002_WC11:CDS	ribosomal protein S7	k141_41419:13054-13521	P002_WC11_00015

DiscRep_SUB:FEATURE_LOCATION_CONFLICT::Coding region xref gene does not exist
P002_WC11/P002_WC11:CDS	NAD(P)H-quinone oxidoreductase subunit 2, chloroplastic	k141_41419:13743-14654	P002_WC11_00016

DiscRep_SUB:FEATURE_LOCATION_CONFLICT::Coding region xref gene does not exist
P002_WC11/P002_WC11:CDS	NADH-plastoquinone oxidoreductase subunit 2	k141_41419:15161-15943	P002_WC11_00017

DiscRep_SUB:FEATURE_LOCATION_CONFLICT::RNA feature xref gene does not exist
P002_WC11/P002_WC11:tRNA	Asn	k141_41419:2189-2262	P002_WC11_00003

DiscRep_SUB:FEATURE_LOCATION_CONFLICT::RNA feature xref gene does not exist
P002_WC11/P002_WC11:tRNA	Arg	k141_41419:c2948-2875	P002_WC11_00005

DiscRep_SUB:FEATURE_LOCATION_CONFLICT::RNA feature xref gene does not exist
P002_WC11/P002_WC11:rRNA	23S ribosomal RNA	k141_41419:c6499-3485	P002_WC11_00006

DiscRep_SUB:FEATURE_LOCATION_CONFLICT::RNA feature xref gene does not exist
P002_WC11/P002_WC11:rRNA	16S ribosomal RNA	k141_41419:c10402-8916	P002_WC11_00009

DiscRep_SUB:FEATURE_LOCATION_CONFLICT::RNA feature xref gene does not exist
P002_WC11/P002_WC11:tRNA	Val	k141_41419:c10706-10635	P002_WC11_00010

DiscRep_SUB:FEATURE_LOCATION_CONFLICT::RNA feature xref gene does not exist
P002_WC11/P002_WC11:tRNA	Leu	k141_41419:16520-16602	P002_WC11_00018

DiscRep_SUB:FEATURE_LOCATION_CONFLICT::RNA feature xref gene does not exist
P002_WC11/P002_WC11:tRNA	His	k141_41419:c17042-16968	P002_WC11_00019

DiscRep_SUB:FEATURE_LOCATION_CONFLICT::RNA feature xref gene does not exist
P002_WC11/P002_WC11:rRNA	23S ribosomal RNA (partial)	k141_122280:1-1026	P002_WC11_00020

DiscRep_SUB:FEATURE_LOCATION_CONFLICT::Coding region xref gene does not exist
P002_WC11/P002_WC11:CDS	NADH-plastoquinone oxidoreductase subunit 5	k141_36616:c2337-76	P002_WC11_00021

DiscRep_SUB:FEATURE_LOCATION_CONFLICT::Coding region xref gene does not exist
P002_WC11/P002_WC11:CDS	cytochrome c heme attachment protein	k141_36616:3767-4726	P002_WC11_00023

DiscRep_SUB:FEATURE_LOCATION_CONFLICT::Coding region xref gene does not exist
P002_WC11/P002_WC11:CDS	NADH-plastoquinone oxidoreductase subunit 4	k141_36616:c6426-4906	P002_WC11_00024

DiscRep_SUB:FEATURE_LOCATION_CONFLICT::Coding region xref gene does not exist
P002_WC11/P002_WC11:CDS	photosystem I subunit VII	k141_36616:c6790-6545	P002_WC11_00025

DiscRep_SUB:FEATURE_LOCATION_CONFLICT::Coding region xref gene does not exist
P002_WC11/P002_WC11:CDS	NADH-plastoquinone oxidoreductase subunit 4L	k141_36616:c7466-7161	P002_WC11_00026

DiscRep_SUB:FEATURE_LOCATION_CONFLICT::Coding region xref gene does not exist
P002_WC11/P002_WC11:CDS	NADH-plastoquinone oxidoreductase subunit 6	k141_36616:c8242-7712	P002_WC11_00027

DiscRep_SUB:FEATURE_LOCATION_CONFLICT::Coding region xref gene does not exist
P002_WC11/P002_WC11:CDS	NADH-plastoquinone oxidoreductase subunit I	k141_36616:c9162-8650	P002_WC11_00028

DiscRep_SUB:FEATURE_LOCATION_CONFLICT::Coding region xref gene does not exist
P002_WC11/P002_WC11:CDS	NADH-plastoquinone oxidoreductase subunit 1	k141_36616:c9741-9271	P002_WC11_00029

DiscRep_SUB:FEATURE_LOCATION_CONFLICT::Coding region xref gene does not exist
P002_WC11/P002_WC11:CDS	NADH-plastoquinone oxidoreductase subunit 1	k141_36616:c11251-10685	P002_WC11_00030

DiscRep_SUB:FEATURE_LOCATION_CONFLICT::Coding region xref gene does not exist
P002_WC11/P002_WC11:CDS	NADH-plastoquinone oxidoreductase subunit 7	k141_36616:c12434-11253	P002_WC11_00031

DiscRep_SUB:FEATURE_LOCATION_CONFLICT::Coding region xref gene does not exist
P002_WC11/P002_WC11:CDS	ribosomal protein S15	k141_36616:c12829-12557	P002_WC11_00032

DiscRep_SUB:FEATURE_LOCATION_CONFLICT::Coding region xref gene does not exist
P002_WC11/P002_WC11:CDS	hypothetical protein	k141_36616:c16449-13000	P002_WC11_00033

DiscRep_SUB:FEATURE_LOCATION_CONFLICT::RNA feature xref gene does not exist
P002_WC11/P002_WC11:tRNA	Leu	k141_36616:3560-3639	P002_WC11_00022

DiscRep_SUB:FEATURE_LOCATION_CONFLICT::Coding region xref gene does not exist
P002_WC11/P002_WC11:CDS	hypothetical protein	k141_160666:c6549-64	P002_WC11_00034

DiscRep_SUB:FEATURE_LOCATION_CONFLICT::Coding region xref gene does not exist
P002_WC11/P002_WC11:CDS	hypothetical protein	k141_160666:6898-7077	P002_WC11_00036

DiscRep_SUB:FEATURE_LOCATION_CONFLICT::Coding region xref gene does not exist
P002_WC11/P002_WC11:CDS	ribosomal protein L2	k141_160666:7082-7999	P002_WC11_00037

DiscRep_SUB:FEATURE_LOCATION_CONFLICT::Coding region xref gene does not exist
P002_WC11/P002_WC11:CDS	ribosomal protein S19	k141_160666:8050-8328	P002_WC11_00038

DiscRep_SUB:FEATURE_LOCATION_CONFLICT::Coding region xref gene does not exist
P002_WC11/P002_WC11:CDS	ribosomal protein L22	k141_160666:8439-8894	P002_WC11_00039

DiscRep_SUB:FEATURE_LOCATION_CONFLICT::Coding region xref gene does not exist
P002_WC11/P002_WC11:CDS	ribosomal protein S3	k141_160666:8915-9571	P002_WC11_00040

DiscRep_SUB:FEATURE_LOCATION_CONFLICT::Coding region xref gene does not exist
P002_WC11/P002_WC11:CDS	ribosomal protein L16	k141_160666:10743-11111	P002_WC11_00041

DiscRep_SUB:FEATURE_LOCATION_CONFLICT::Coding region xref gene does not exist
P002_WC11/P002_WC11:CDS	ribosomal protein L14	k141_160666:11180-11545	P002_WC11_00042

DiscRep_SUB:FEATURE_LOCATION_CONFLICT::Coding region xref gene does not exist
P002_WC11/P002_WC11:CDS	ribosomal protein S8	k141_160666:11703-12107	P002_WC11_00043

DiscRep_SUB:FEATURE_LOCATION_CONFLICT::Coding region xref gene does not exist
P002_WC11/P002_WC11:CDS	ribosomal protein L36	k141_160666:12510-12632	P002_WC11_00044

DiscRep_SUB:FEATURE_LOCATION_CONFLICT::Coding region xref gene does not exist
P002_WC11/P002_WC11:CDS	ribosomal protein S11	k141_160666:12769-13185	P002_WC11_00045

DiscRep_SUB:FEATURE_LOCATION_CONFLICT::Coding region xref gene does not exist
P002_WC11/P002_WC11:CDS	RNA polymerase alpha subunit	k141_160666:13248-14072	P002_WC11_00046

DiscRep_SUB:FEATURE_LOCATION_CONFLICT::Coding region xref gene does not exist
P002_WC11/P002_WC11:CDS	cytochrome b6/f complex subunit IV	k141_160666:c14954-14394	P002_WC11_00047

DiscRep_SUB:FEATURE_LOCATION_CONFLICT::Coding region xref gene does not exist
P002_WC11/P002_WC11:CDS	cytochrome b6	k141_160666:c16227-15739	P002_WC11_00048

DiscRep_SUB:FEATURE_LOCATION_CONFLICT::Coding region xref gene does not exist
P002_WC11/P002_WC11:CDS	photosystem II phosphoprotein	k141_160666:c17485-17216	P002_WC11_00049

DiscRep_SUB:FEATURE_LOCATION_CONFLICT::Coding region xref gene does not exist
P002_WC11/P002_WC11:CDS	photosystem II protein N	k141_160666:17539-17670	P002_WC11_00050

DiscRep_SUB:FEATURE_LOCATION_CONFLICT::Coding region xref gene does not exist
P002_WC11/P002_WC11:CDS	photosystem II CP47 chlorophyll apoprotein	k141_160666:c19528-18002	P002_WC11_00051

DiscRep_SUB:FEATURE_LOCATION_CONFLICT::Coding region xref gene does not exist
P002_WC11/P002_WC11:CDS	hypothetical protein	k141_160666:c20150-19974	P002_WC11_00052

DiscRep_SUB:FEATURE_LOCATION_CONFLICT::Coding region xref gene does not exist
P002_WC11/P002_WC11:CDS	hypothetical protein	k141_160666:c20416-20147	P002_WC11_00053

DiscRep_SUB:FEATURE_LOCATION_CONFLICT::Coding region xref gene does not exist
P002_WC11/P002_WC11:CDS	ATP-dependent Clp protease proteolytic subunit	k141_160666:20924-21148	P002_WC11_00054

DiscRep_SUB:FEATURE_LOCATION_CONFLICT::Coding region xref gene does not exist
P002_WC11/P002_WC11:CDS	ATP-dependent Clp protease proteolytic subunit	k141_160666:21702-21923	P002_WC11_00055

DiscRep_SUB:FEATURE_LOCATION_CONFLICT::Coding region xref gene does not exist
P002_WC11/P002_WC11:CDS	ribosomal protein L20	k141_160666:22969-23331	P002_WC11_00056

DiscRep_SUB:FEATURE_LOCATION_CONFLICT::Coding region xref gene does not exist
P002_WC11/P002_WC11:CDS	ribosomal protein S18	k141_160666:c23942-23637	P002_WC11_00057

DiscRep_SUB:FEATURE_LOCATION_CONFLICT::Coding region xref gene does not exist
P002_WC11/P002_WC11:CDS	ribosomal protein L33	k141_160666:c24336-24136	P002_WC11_00058

DiscRep_SUB:FEATURE_LOCATION_CONFLICT::Coding region xref gene does not exist
P002_WC11/P002_WC11:CDS	cytochrome b6/f complex subunit V	k141_160666:c25880-25767	P002_WC11_00061

DiscRep_SUB:FEATURE_LOCATION_CONFLICT::Coding region xref gene does not exist
P002_WC11/P002_WC11:CDS	photosystem II cytochrome b559 alpha subunit	k141_160666:27049-27336	P002_WC11_00062

DiscRep_SUB:FEATURE_LOCATION_CONFLICT::Coding region xref gene does not exist
P002_WC11/P002_WC11:CDS	photosystem II cytochrome b559 beta subunit	k141_160666:27345-27464	P002_WC11_00063

DiscRep_SUB:FEATURE_LOCATION_CONFLICT::Coding region xref gene does not exist
P002_WC11/P002_WC11:CDS	photosystem II protein J	k141_160666:27762-27884	P002_WC11_00064

DiscRep_SUB:FEATURE_LOCATION_CONFLICT::Coding region xref gene does not exist
P002_WC11/P002_WC11:CDS	cytochrome f	k141_160666:c29794-28811	P002_WC11_00065

DiscRep_SUB:FEATURE_LOCATION_CONFLICT::Coding region xref gene does not exist
P002_WC11/P002_WC11:CDS	envelope membrane protein	k141_160666:c30754-30056	P002_WC11_00066

DiscRep_SUB:FEATURE_LOCATION_CONFLICT::Coding region xref gene does not exist
P002_WC11/P002_WC11:CDS	photosystem I assembly protein Ycf4	k141_160666:c31840-31286	P002_WC11_00067

DiscRep_SUB:FEATURE_LOCATION_CONFLICT::Coding region xref gene does not exist
P002_WC11/P002_WC11:CDS	photosystem I subunit VIII	k141_160666:c32268-32158	P002_WC11_00068

DiscRep_SUB:FEATURE_LOCATION_CONFLICT::Coding region xref gene does not exist
P002_WC11/P002_WC11:CDS	Acetyl-coenzyme A carboxylase carboxyl transferase subunit beta, chloroplastic	k141_160666:c34199-32754	P002_WC11_00069

DiscRep_SUB:FEATURE_LOCATION_CONFLICT::Coding region xref gene does not exist
P002_WC11/P002_WC11:CDS	hypothetical protein	k141_160666:c34689-34489	P002_WC11_00070

DiscRep_SUB:FEATURE_LOCATION_CONFLICT::Coding region xref gene does not exist
P002_WC11/P002_WC11:CDS	ribulose-1,5-bisphosphate carboxylase/oxygenase large subunit	k141_160666:c36402-34975	P002_WC11_00071

DiscRep_SUB:FEATURE_LOCATION_CONFLICT::Coding region xref gene does not exist
P002_WC11/P002_WC11:CDS	ATP synthase CF1 beta subunit	k141_160666:37127-38623	P002_WC11_00072

DiscRep_SUB:FEATURE_LOCATION_CONFLICT::Coding region xref gene does not exist
P002_WC11/P002_WC11:CDS	ATP synthase CF1 epsilon subunit	k141_160666:38620-39021	P002_WC11_00073

DiscRep_SUB:FEATURE_LOCATION_CONFLICT::Coding region xref gene does not exist
P002_WC11/P002_WC11:CDS	NADH-plastoquinone oxidoreductase subunit 3	k141_160666:40517-40879	P002_WC11_00075

DiscRep_SUB:FEATURE_LOCATION_CONFLICT::Coding region xref gene does not exist
P002_WC11/P002_WC11:CDS	NADH-plastoquinone oxidoreductase subunit K	k141_160666:40936-41619	P002_WC11_00076

DiscRep_SUB:FEATURE_LOCATION_CONFLICT::Coding region xref gene does not exist
P002_WC11/P002_WC11:CDS	NADH-plastoquinone oxidoreductase subunit J	k141_160666:41712-42206	P002_WC11_00077

DiscRep_SUB:FEATURE_LOCATION_CONFLICT::Coding region xref gene does not exist
P002_WC11/P002_WC11:CDS	ribosomal protein S4	k141_160666:45253-45858	P002_WC11_00080

DiscRep_SUB:FEATURE_LOCATION_CONFLICT::Coding region xref gene does not exist
P002_WC11/P002_WC11:CDS	putative chloroplast RF34	k141_160666:47279-47527	P002_WC11_00082

DiscRep_SUB:FEATURE_LOCATION_CONFLICT::Coding region xref gene does not exist
P002_WC11/P002_WC11:CDS	photosystem I P700 apoprotein A1	k141_160666:49237-51489	P002_WC11_00083

DiscRep_SUB:FEATURE_LOCATION_CONFLICT::Coding region xref gene does not exist
P002_WC11/P002_WC11:CDS	photosystem I P700 apoprotein A2	k141_160666:51515-53719	P002_WC11_00084

DiscRep_SUB:FEATURE_LOCATION_CONFLICT::Coding region xref gene does not exist
P002_WC11/P002_WC11:CDS	ribosomal protein S14	k141_160666:53865-54167	P002_WC11_00085

DiscRep_SUB:FEATURE_LOCATION_CONFLICT::Coding region xref gene does not exist
P002_WC11/P002_WC11:CDS	photosystem II protein Z	k141_160666:c55052-54864	P002_WC11_00088

DiscRep_SUB:FEATURE_LOCATION_CONFLICT::Coding region xref gene does not exist
P002_WC11/P002_WC11:CDS	photosystem II CP43 chlorophyll apoprotein	k141_160666:c57126-55705	P002_WC11_00090

DiscRep_SUB:FEATURE_LOCATION_CONFLICT::Coding region xref gene does not exist
P002_WC11/P002_WC11:CDS	photosystem II protein D2	k141_160666:c58135-57074	P002_WC11_00091

DiscRep_SUB:FEATURE_LOCATION_CONFLICT::Coding region xref gene does not exist
P002_WC11/P002_WC11:CDS	RNA polymerase beta subunit	k141_160666:63795-67025	P002_WC11_00097

DiscRep_SUB:FEATURE_LOCATION_CONFLICT::Coding region xref gene does not exist
P002_WC11/P002_WC11:CDS	RNA polymerase beta' subunit	k141_160666:67052-67489	P002_WC11_00098

DiscRep_SUB:FEATURE_LOCATION_CONFLICT::Coding region xref gene does not exist
P002_WC11/P002_WC11:CDS	RNA polymerase beta' subunit	k141_160666:68562-69869	P002_WC11_00099

DiscRep_SUB:FEATURE_LOCATION_CONFLICT::Coding region xref gene does not exist
P002_WC11/P002_WC11:CDS	RNA polymerase beta'' subunit	k141_160666:70025-74107	P002_WC11_00100

DiscRep_SUB:FEATURE_LOCATION_CONFLICT::Coding region xref gene does not exist
P002_WC11/P002_WC11:CDS	ribosomal protein S2	k141_160666:74270-75070	P002_WC11_00101

DiscRep_SUB:FEATURE_LOCATION_CONFLICT::Coding region xref gene does not exist
P002_WC11/P002_WC11:CDS	ATP synthase CF0 subunit IV	k141_160666:75261-76013	P002_WC11_00102

DiscRep_SUB:FEATURE_LOCATION_CONFLICT::Coding region xref gene does not exist
P002_WC11/P002_WC11:CDS	ATP synthase CF0 subunit III	k141_160666:76668-76913	P002_WC11_00103

DiscRep_SUB:FEATURE_LOCATION_CONFLICT::Coding region xref gene does not exist
P002_WC11/P002_WC11:CDS	ATP synthase CF0 subunit I	k141_160666:77345-77515	P002_WC11_00104

DiscRep_SUB:FEATURE_LOCATION_CONFLICT::Coding region xref gene does not exist
P002_WC11/P002_WC11:CDS	hypothetical protein	k141_160666:c77752-77585	P002_WC11_00105

DiscRep_SUB:FEATURE_LOCATION_CONFLICT::Coding region xref gene does not exist
P002_WC11/P002_WC11:CDS	ATP synthase CF0 subunit I	k141_160666:78305-78628	P002_WC11_00106

DiscRep_SUB:FEATURE_LOCATION_CONFLICT::Coding region xref gene does not exist
P002_WC11/P002_WC11:CDS	ATP synthase CF1 alpha subunit	k141_160666:78689-80212	P002_WC11_00107

DiscRep_SUB:FEATURE_LOCATION_CONFLICT::Coding region xref gene does not exist
P002_WC11/P002_WC11:CDS	photosystem II protein K	k141_160666:c83087-82908	P002_WC11_00110

DiscRep_SUB:FEATURE_LOCATION_CONFLICT::Coding region xref gene does not exist
P002_WC11/P002_WC11:CDS	hypothetical protein	k141_160666:84173-84400	P002_WC11_00112

DiscRep_SUB:FEATURE_LOCATION_CONFLICT::Coding region xref gene does not exist
P002_WC11/P002_WC11:CDS	maturase K	k141_160666:86444-87955	P002_WC11_00113

DiscRep_SUB:FEATURE_LOCATION_CONFLICT::Coding region xref gene does not exist
P002_WC11/P002_WC11:CDS	photosystem II protein D1	k141_160666:88490-89551	P002_WC11_00114

DiscRep_SUB:FEATURE_LOCATION_CONFLICT::RNA feature xref gene does not exist
P002_WC11/P002_WC11:tRNA	Met	k141_160666:6644-6718	P002_WC11_00035

DiscRep_SUB:FEATURE_LOCATION_CONFLICT::RNA feature xref gene does not exist
P002_WC11/P002_WC11:tRNA	Pro	k141_160666:25318-25391	P002_WC11_00059

DiscRep_SUB:FEATURE_LOCATION_CONFLICT::RNA feature xref gene does not exist
P002_WC11/P002_WC11:tRNA	Trp	k141_160666:25576-25649	P002_WC11_00060

DiscRep_SUB:FEATURE_LOCATION_CONFLICT::RNA feature xref gene does not exist
P002_WC11/P002_WC11:tRNA	Met	k141_160666:c39343-39271	P002_WC11_00074

DiscRep_SUB:FEATURE_LOCATION_CONFLICT::RNA feature xref gene does not exist
P002_WC11/P002_WC11:tRNA	Phe	k141_160666:c42911-42838	P002_WC11_00078

DiscRep_SUB:FEATURE_LOCATION_CONFLICT::RNA feature xref gene does not exist
P002_WC11/P002_WC11:tRNA	Thr	k141_160666:44775-44848	P002_WC11_00079

DiscRep_SUB:FEATURE_LOCATION_CONFLICT::RNA feature xref gene does not exist
P002_WC11/P002_WC11:tRNA	Ser	k141_160666:c46178-46092	P002_WC11_00081

DiscRep_SUB:FEATURE_LOCATION_CONFLICT::RNA feature xref gene does not exist
P002_WC11/P002_WC11:tRNA	Met	k141_160666:54327-54402	P002_WC11_00086

DiscRep_SUB:FEATURE_LOCATION_CONFLICT::RNA feature xref gene does not exist
P002_WC11/P002_WC11:tRNA	Gly	k141_160666:c54557-54486	P002_WC11_00087

DiscRep_SUB:FEATURE_LOCATION_CONFLICT::RNA feature xref gene does not exist
P002_WC11/P002_WC11:tRNA	Ser	k141_160666:55362-55454	P002_WC11_00089

DiscRep_SUB:FEATURE_LOCATION_CONFLICT::RNA feature xref gene does not exist
P002_WC11/P002_WC11:tRNA	Thr	k141_160666:c59440-59367	P002_WC11_00092

DiscRep_SUB:FEATURE_LOCATION_CONFLICT::RNA feature xref gene does not exist
P002_WC11/P002_WC11:tRNA	Glu	k141_160666:59966-60040	P002_WC11_00093

DiscRep_SUB:FEATURE_LOCATION_CONFLICT::RNA feature xref gene does not exist
P002_WC11/P002_WC11:tRNA	Tyr	k141_160666:60116-60201	P002_WC11_00094

DiscRep_SUB:FEATURE_LOCATION_CONFLICT::RNA feature xref gene does not exist
P002_WC11/P002_WC11:tRNA	Asp	k141_160666:60507-60583	P002_WC11_00095

DiscRep_SUB:FEATURE_LOCATION_CONFLICT::RNA feature xref gene does not exist
P002_WC11/P002_WC11:tRNA	Cys	k141_160666:c62907-62836	P002_WC11_00096

DiscRep_SUB:FEATURE_LOCATION_CONFLICT::RNA feature xref gene does not exist
P002_WC11/P002_WC11:tRNA	Arg	k141_160666:c80400-80329	P002_WC11_00108

DiscRep_SUB:FEATURE_LOCATION_CONFLICT::RNA feature xref gene does not exist
P002_WC11/P002_WC11:tRNA	Ser	k141_160666:82130-82217	P002_WC11_00109

DiscRep_SUB:FEATURE_LOCATION_CONFLICT::RNA feature xref gene does not exist
P002_WC11/P002_WC11:tRNA	Gln	k141_160666:83399-83470	P002_WC11_00111

DiscRep_ALL:SUSPECT_PRODUCT_NAMES::2 product_names contain suspect phrase or characters
DiscRep_SUB:SUSPECT_PRODUCT_NAMES::May contain database identifier more appropriate in note; remove from product name
DiscRep_SUB:SUSPECT_PRODUCT_NAMES::2 features contains three or more numbers together that may be identifiers more appropriate in note
P002_WC11/P002_WC11:CDS	photosystem I P700 apoprotein A1	k141_160666:49237-51489	P002_WC11_00083
P002_WC11/P002_WC11:CDS	photosystem I P700 apoprotein A2	k141_160666:51515-53719	P002_WC11_00084

DiscRep_ALL:DISC_QUALITY_SCORES::Quality scores are missing on all sequences.

FATAL: DiscRep_ALL:DISC_SUSPECT_RRNA_PRODUCTS::1 rRNA product names contain suspect phrase
FATAL: DiscRep_SUB:DISC_SUSPECT_RRNA_PRODUCTS::1 rRNA product names contains 'partial'
P002_WC11/P002_WC11:rRNA	23S ribosomal RNA (partial)	k141_122280:1-1026	P002_WC11_00020

FATAL: DiscRep_ALL:DISC_SHORT_RRNA::1 rRNA features are too short
P002_WC11/P002_WC11:rRNA	23S ribosomal RNA (partial)	k141_122280:1-1026	P002_WC11_00020

DiscRep_ALL:ONCALLER_COMMENT_PRESENT::4 comment descriptors were found (all same)
P002_WC11/P002_WC11:k141_41419:Annotated using prokka 1.14.5 from https://github.com/tseemann/prokka
P002_WC11/P002_WC11:k141_122280:Annotated using prokka 1.14.5 from https://github.com/tseemann/prokka
P002_WC11/P002_WC11:k141_36616:Annotated using prokka 1.14.5 from https://github.com/tseemann/prokka
P002_WC11/P002_WC11:k141_160666:Annotated using prokka 1.14.5 from https://github.com/tseemann/prokka

DiscRep_ALL:SHORT_PROT_SEQUENCES::8 protein sequences are shorter than 50 aa.
P002_WC11/P002_WC11:k141_41419_1 (length 46)
P002_WC11/P002_WC11:k141_41419_4 (length 49)
P002_WC11/P002_WC11:k141_160666_10 (length 40)
P002_WC11/P002_WC11:k141_160666_16 (length 43)
P002_WC11/P002_WC11:k141_160666_25 (length 37)
P002_WC11/P002_WC11:k141_160666_27 (length 39)
P002_WC11/P002_WC11:k141_160666_28 (length 40)
P002_WC11/P002_WC11:k141_160666_32 (length 36)

DiscRep_ALL:MISSING_GENOMEASSEMBLY_COMMENTS::4 bioseqs are missing GenomeAssembly structured comments
P002_WC11/P002_WC11:k141_41419 (length 17260)
P002_WC11/P002_WC11:k141_122280 (length 1026)
P002_WC11/P002_WC11:k141_36616 (length 16700)
P002_WC11/P002_WC11:k141_160666 (length 89614)

DiscRep_ALL:MOLTYPE_NOT_MRNA::4 molecule types are not set as mRNA.
P002_WC11/P002_WC11:k141_41419 (length 17260)
P002_WC11/P002_WC11:k141_122280 (length 1026)
P002_WC11/P002_WC11:k141_36616 (length 16700)
P002_WC11/P002_WC11:k141_160666 (length 89614)

DiscRep_ALL:TECHNIQUE_NOT_TSA::4 technique are not set as TSA
P002_WC11/P002_WC11:k141_41419 (length 17260)
P002_WC11/P002_WC11:k141_122280 (length 1026)
P002_WC11/P002_WC11:k141_36616 (length 16700)
P002_WC11/P002_WC11:k141_160666 (length 89614)

DiscRep_ALL:MISSING_STRUCTURED_COMMENT::4 sequences do not include structured comments.
P002_WC11/P002_WC11:k141_41419 (length 17260)
P002_WC11/P002_WC11:k141_122280 (length 1026)
P002_WC11/P002_WC11:k141_36616 (length 16700)
P002_WC11/P002_WC11:k141_160666 (length 89614)

DiscRep_ALL:MISSING_PROJECT::91 sequences do not include project.
P002_WC11/P002_WC11:k141_41419 (length 17260)
P002_WC11/P002_WC11:k141_41419_1 (length 46)
P002_WC11/P002_WC11:k141_41419_2 (length 74)
P002_WC11/P002_WC11:k141_41419_3 (length 63)
P002_WC11/P002_WC11:k141_41419_4 (length 49)
P002_WC11/P002_WC11:k141_41419_5 (length 84)
P002_WC11/P002_WC11:k141_41419_6 (length 63)
P002_WC11/P002_WC11:k141_41419_7 (length 92)
P002_WC11/P002_WC11:k141_41419_8 (length 75)
P002_WC11/P002_WC11:k141_41419_9 (length 98)
P002_WC11/P002_WC11:k141_41419_10 (length 155)
P002_WC11/P002_WC11:k141_41419_11 (length 303)
P002_WC11/P002_WC11:k141_41419_12 (length 260)
P002_WC11/P002_WC11:k141_122280 (length 1026)
P002_WC11/P002_WC11:k141_36616 (length 16700)
P002_WC11/P002_WC11:k141_36616_1 (length 753)
P002_WC11/P002_WC11:k141_36616_2 (length 319)
P002_WC11/P002_WC11:k141_36616_3 (length 506)
P002_WC11/P002_WC11:k141_36616_4 (length 81)
P002_WC11/P002_WC11:k141_36616_5 (length 101)
P002_WC11/P002_WC11:k141_36616_6 (length 176)
P002_WC11/P002_WC11:k141_36616_7 (length 170)
P002_WC11/P002_WC11:k141_36616_8 (length 156)
P002_WC11/P002_WC11:k141_36616_9 (length 188)
P002_WC11/P002_WC11:k141_36616_10 (length 393)
P002_WC11/P002_WC11:k141_36616_11 (length 90)
P002_WC11/P002_WC11:k141_36616_12 (length 1149)
P002_WC11/P002_WC11:k141_160666 (length 89614)
P002_WC11/P002_WC11:k141_160666_1 (length 2161)
P002_WC11/P002_WC11:k141_160666_2 (length 59)
P002_WC11/P002_WC11:k141_160666_3 (length 305)
P002_WC11/P002_WC11:k141_160666_4 (length 92)
P002_WC11/P002_WC11:k141_160666_5 (length 151)
P002_WC11/P002_WC11:k141_160666_6 (length 218)
P002_WC11/P002_WC11:k141_160666_7 (length 122)
P002_WC11/P002_WC11:k141_160666_8 (length 121)
P002_WC11/P002_WC11:k141_160666_9 (length 134)
P002_WC11/P002_WC11:k141_160666_10 (length 40)
P002_WC11/P002_WC11:k141_160666_11 (length 138)
P002_WC11/P002_WC11:k141_160666_12 (length 274)
P002_WC11/P002_WC11:k141_160666_13 (length 186)
P002_WC11/P002_WC11:k141_160666_14 (length 162)
P002_WC11/P002_WC11:k141_160666_15 (length 89)
P002_WC11/P002_WC11:k141_160666_16 (length 43)
P002_WC11/P002_WC11:k141_160666_17 (length 508)
P002_WC11/P002_WC11:k141_160666_18 (length 58)
P002_WC11/P002_WC11:k141_160666_19 (length 89)
P002_WC11/P002_WC11:k141_160666_20 (length 74)
P002_WC11/P002_WC11:k141_160666_21 (length 73)
P002_WC11/P002_WC11:k141_160666_22 (length 120)
P002_WC11/P002_WC11:k141_160666_23 (length 101)
P002_WC11/P002_WC11:k141_160666_24 (length 66)
P002_WC11/P002_WC11:k141_160666_25 (length 37)
P002_WC11/P002_WC11:k141_160666_26 (length 95)
P002_WC11/P002_WC11:k141_160666_27 (length 39)
P002_WC11/P002_WC11:k141_160666_28 (length 40)
P002_WC11/P002_WC11:k141_160666_29 (length 327)
P002_WC11/P002_WC11:k141_160666_30 (length 232)
P002_WC11/P002_WC11:k141_160666_31 (length 184)
P002_WC11/P002_WC11:k141_160666_32 (length 36)
P002_WC11/P002_WC11:k141_160666_33 (length 481)
P002_WC11/P002_WC11:k141_160666_34 (length 66)
P002_WC11/P002_WC11:k141_160666_35 (length 475)
P002_WC11/P002_WC11:k141_160666_36 (length 498)
P002_WC11/P002_WC11:k141_160666_37 (length 133)
P002_WC11/P002_WC11:k141_160666_38 (length 120)
P002_WC11/P002_WC11:k141_160666_39 (length 227)
P002_WC11/P002_WC11:k141_160666_40 (length 164)
P002_WC11/P002_WC11:k141_160666_41 (length 201)
P002_WC11/P002_WC11:k141_160666_42 (length 82)
P002_WC11/P002_WC11:k141_160666_43 (length 750)
P002_WC11/P002_WC11:k141_160666_44 (length 734)
P002_WC11/P002_WC11:k141_160666_45 (length 100)
P002_WC11/P002_WC11:k141_160666_46 (length 62)
P002_WC11/P002_WC11:k141_160666_47 (length 473)
P002_WC11/P002_WC11:k141_160666_48 (length 353)
P002_WC11/P002_WC11:k141_160666_49 (length 1076)
P002_WC11/P002_WC11:k141_160666_50 (length 145)
P002_WC11/P002_WC11:k141_160666_51 (length 435)
P002_WC11/P002_WC11:k141_160666_52 (length 1360)
P002_WC11/P002_WC11:k141_160666_53 (length 266)
P002_WC11/P002_WC11:k141_160666_54 (length 250)
P002_WC11/P002_WC11:k141_160666_55 (length 81)
P002_WC11/P002_WC11:k141_160666_56 (length 56)
P002_WC11/P002_WC11:k141_160666_57 (length 55)
P002_WC11/P002_WC11:k141_160666_58 (length 107)
P002_WC11/P002_WC11:k141_160666_59 (length 507)
P002_WC11/P002_WC11:k141_160666_60 (length 59)
P002_WC11/P002_WC11:k141_160666_61 (length 75)
P002_WC11/P002_WC11:k141_160666_62 (length 503)
P002_WC11/P002_WC11:k141_160666_63 (length 353)

FATAL: DiscRep_ALL:RRNA_NAME_CONFLICTS::1 rRNA product names are not standard. Correct the names to the standard format, eg "16S ribosomal RNA"
P002_WC11/P002_WC11:rRNA	23S ribosomal RNA (partial)	k141_122280:1-1026	P002_WC11_00020

DiscRep_ALL:DISC_INCONSISTENT_MOLINFO_TECH::Molinfo Technique Report (some missing, all same)
DiscRep_SUB:DISC_INCONSISTENT_MOLINFO_TECH::technique (all missing)
DiscRep_SUB:DISC_INCONSISTENT_MOLINFO_TECH::4 Molinfos are missing field technique
P002_WC11/P002_WC11:k141_36616 (length 16700)
P002_WC11/P002_WC11:k141_41419 (length 17260)
P002_WC11/P002_WC11:k141_122280 (length 1026)
P002_WC11/P002_WC11:k141_160666 (length 89614)

