Discrepancy Report Results

Summary
FATAL: MISSING_PROTEIN_ID:93 proteins have invalid IDs.
DISC_SOURCE_QUALS_ASNDISC:strain (all present, all unique)
DISC_SOURCE_QUALS_ASNDISC:taxname (all present, all unique)
DISC_FEATURE_COUNT:CDS: 93 present
DISC_FEATURE_COUNT:tRNA: 24 present
DISC_FEATURE_COUNT:rRNA: 2 present
DISC_COUNT_NUCLEOTIDES:1 nucleotide Bioseqs are present
FEATURE_LOCATION_CONFLICT:119 features have inconsistent gene locations.
OVERLAPPING_CDS:2 coding regions overlap another coding region with a similar or identical name.
SUSPECT_PRODUCT_NAMES:2 product_names contain suspect phrase or characters
	May contain database identifier more appropriate in note; remove from product name
		2 features contains three or more numbers together that may be identifiers more appropriate in note
DISC_QUALITY_SCORES:Quality scores are missing on all sequences.
ONCALLER_COMMENT_PRESENT:1 comment descriptors were found (all same)
SHORT_PROT_SEQUENCES:13 protein sequences are shorter than 50 aa.
MISSING_GENOMEASSEMBLY_COMMENTS:1 bioseqs are missing GenomeAssembly structured comments
MOLTYPE_NOT_MRNA:1 molecule types are not set as mRNA.
TECHNIQUE_NOT_TSA:1 technique are not set as TSA
MISSING_STRUCTURED_COMMENT:1 sequences do not include structured comments.
MISSING_PROJECT:94 sequences do not include project.
DISC_INCONSISTENT_MOLINFO_TECH:Molinfo Technique Report (some missing, all same)


Detailed Report

FATAL: DiscRep_ALL:MISSING_PROTEIN_ID::93 proteins have invalid IDs.
P003_WD04/P003_WD04:k141_114140_1 (length 744)
P003_WD04/P003_WD04:k141_114140_2 (length 61)
P003_WD04/P003_WD04:k141_114140_3 (length 323)
P003_WD04/P003_WD04:k141_114140_4 (length 503)
P003_WD04/P003_WD04:k141_114140_5 (length 81)
P003_WD04/P003_WD04:k141_114140_6 (length 101)
P003_WD04/P003_WD04:k141_114140_7 (length 176)
P003_WD04/P003_WD04:k141_114140_8 (length 122)
P003_WD04/P003_WD04:k141_114140_9 (length 163)
P003_WD04/P003_WD04:k141_114140_10 (length 149)
P003_WD04/P003_WD04:k141_114140_11 (length 188)
P003_WD04/P003_WD04:k141_114140_12 (length 393)
P003_WD04/P003_WD04:k141_114140_13 (length 91)
P003_WD04/P003_WD04:k141_114140_14 (length 818)
P003_WD04/P003_WD04:k141_114140_15 (length 946)
P003_WD04/P003_WD04:k141_114140_16 (length 174)
P003_WD04/P003_WD04:k141_114140_17 (length 231)
P003_WD04/P003_WD04:k141_114140_18 (length 73)
P003_WD04/P003_WD04:k141_114140_19 (length 509)
P003_WD04/P003_WD04:k141_114140_20 (length 124)
P003_WD04/P003_WD04:k141_114140_21 (length 73)
P003_WD04/P003_WD04:k141_114140_22 (length 44)
P003_WD04/P003_WD04:k141_114140_23 (length 82)
P003_WD04/P003_WD04:k141_114140_24 (length 70)
P003_WD04/P003_WD04:k141_114140_25 (length 766)
P003_WD04/P003_WD04:k141_114140_26 (length 734)
P003_WD04/P003_WD04:k141_114140_27 (length 100)
P003_WD04/P003_WD04:k141_114140_28 (length 62)
P003_WD04/P003_WD04:k141_114140_29 (length 461)
P003_WD04/P003_WD04:k141_114140_30 (length 353)
P003_WD04/P003_WD04:k141_114140_31 (length 75)
P003_WD04/P003_WD04:k141_114140_32 (length 29)
P003_WD04/P003_WD04:k141_114140_33 (length 1067)
P003_WD04/P003_WD04:k141_114140_34 (length 145)
P003_WD04/P003_WD04:k141_114140_35 (length 560)
P003_WD04/P003_WD04:k141_114140_36 (length 1367)
P003_WD04/P003_WD04:k141_114140_37 (length 231)
P003_WD04/P003_WD04:k141_114140_38 (length 247)
P003_WD04/P003_WD04:k141_114140_39 (length 81)
P003_WD04/P003_WD04:k141_114140_40 (length 68)
P003_WD04/P003_WD04:k141_114140_41 (length 41)
P003_WD04/P003_WD04:k141_114140_42 (length 124)
P003_WD04/P003_WD04:k141_114140_43 (length 510)
P003_WD04/P003_WD04:k141_114140_44 (length 36)
P003_WD04/P003_WD04:k141_114140_45 (length 61)
P003_WD04/P003_WD04:k141_114140_46 (length 110)
P003_WD04/P003_WD04:k141_114140_47 (length 418)
P003_WD04/P003_WD04:k141_114140_48 (length 224)
P003_WD04/P003_WD04:k141_114140_49 (length 229)
P003_WD04/P003_WD04:k141_114140_50 (length 320)
P003_WD04/P003_WD04:k141_114140_51 (length 48)
P003_WD04/P003_WD04:k141_114140_52 (length 40)
P003_WD04/P003_WD04:k141_114140_53 (length 83)
P003_WD04/P003_WD04:k141_114140_54 (length 34)
P003_WD04/P003_WD04:k141_114140_55 (length 73)
P003_WD04/P003_WD04:k141_114140_56 (length 155)
P003_WD04/P003_WD04:k141_114140_57 (length 283)
P003_WD04/P003_WD04:k141_114140_58 (length 258)
P003_WD04/P003_WD04:k141_114140_59 (length 50)
P003_WD04/P003_WD04:k141_114140_60 (length 1980)
P003_WD04/P003_WD04:k141_114140_61 (length 126)
P003_WD04/P003_WD04:k141_114140_62 (length 114)
P003_WD04/P003_WD04:k141_114140_63 (length 133)
P003_WD04/P003_WD04:k141_114140_64 (length 165)
P003_WD04/P003_WD04:k141_114140_65 (length 92)
P003_WD04/P003_WD04:k141_114140_66 (length 67)
P003_WD04/P003_WD04:k141_114140_67 (length 218)
P003_WD04/P003_WD04:k141_114140_68 (length 51)
P003_WD04/P003_WD04:k141_114140_69 (length 119)
P003_WD04/P003_WD04:k141_114140_70 (length 122)
P003_WD04/P003_WD04:k141_114140_71 (length 134)
P003_WD04/P003_WD04:k141_114140_72 (length 41)
P003_WD04/P003_WD04:k141_114140_73 (length 37)
P003_WD04/P003_WD04:k141_114140_74 (length 138)
P003_WD04/P003_WD04:k141_114140_75 (length 335)
P003_WD04/P003_WD04:k141_114140_76 (length 84)
P003_WD04/P003_WD04:k141_114140_77 (length 41)
P003_WD04/P003_WD04:k141_114140_78 (length 42)
P003_WD04/P003_WD04:k141_114140_79 (length 66)
P003_WD04/P003_WD04:k141_114140_80 (length 114)
P003_WD04/P003_WD04:k141_114140_81 (length 120)
P003_WD04/P003_WD04:k141_114140_82 (length 101)
P003_WD04/P003_WD04:k141_114140_83 (length 198)
P003_WD04/P003_WD04:k141_114140_84 (length 49)
P003_WD04/P003_WD04:k141_114140_85 (length 32)
P003_WD04/P003_WD04:k141_114140_86 (length 178)
P003_WD04/P003_WD04:k141_114140_87 (length 227)
P003_WD04/P003_WD04:k141_114140_88 (length 120)
P003_WD04/P003_WD04:k141_114140_89 (length 133)
P003_WD04/P003_WD04:k141_114140_90 (length 490)
P003_WD04/P003_WD04:k141_114140_91 (length 475)
P003_WD04/P003_WD04:k141_114140_92 (length 512)
P003_WD04/P003_WD04:k141_114140_93 (length 353)

DiscRep_ALL:DISC_SOURCE_QUALS_ASNDISC::strain (all present, all unique)
DiscRep_SUB:DISC_SOURCE_QUALS_ASNDISC::1 sources have unique values for strain
DiscRep_ALL:DISC_SOURCE_QUALS_ASNDISC::taxname (all present, all unique)
DiscRep_SUB:DISC_SOURCE_QUALS_ASNDISC::1 sources have unique values for taxname
DiscRep_ALL:DISC_FEATURE_COUNT::CDS: 93 present
DiscRep_ALL:DISC_FEATURE_COUNT::tRNA: 24 present
DiscRep_ALL:DISC_FEATURE_COUNT::rRNA: 2 present
DiscRep_ALL:DISC_COUNT_NUCLEOTIDES::1 nucleotide Bioseqs are present
P003_WD04/P003_WD04:k141_114140 (length 126410)

DiscRep_ALL:FEATURE_LOCATION_CONFLICT::119 features have inconsistent gene locations.
DiscRep_SUB:FEATURE_LOCATION_CONFLICT::Coding region xref gene does not exist
P003_WD04/P003_WD04:CDS	NADH-plastoquinone oxidoreductase subunit 5	k141_114140:c2365-131	P003_WD04_00001

DiscRep_SUB:FEATURE_LOCATION_CONFLICT::Coding region xref gene does not exist
P003_WD04/P003_WD04:CDS	hypothetical protein	k141_114140:c2618-2433	P003_WD04_00002

DiscRep_SUB:FEATURE_LOCATION_CONFLICT::Coding region xref gene does not exist
P003_WD04/P003_WD04:CDS	cytochrome c heme attachment protein	k141_114140:3958-4929	P003_WD04_00004

DiscRep_SUB:FEATURE_LOCATION_CONFLICT::Coding region xref gene does not exist
P003_WD04/P003_WD04:CDS	NADH-plastoquinone oxidoreductase subunit 4	k141_114140:c6686-5175	P003_WD04_00005

DiscRep_SUB:FEATURE_LOCATION_CONFLICT::Coding region xref gene does not exist
P003_WD04/P003_WD04:CDS	photosystem I subunit VII	k141_114140:c7043-6798	P003_WD04_00006

DiscRep_SUB:FEATURE_LOCATION_CONFLICT::Coding region xref gene does not exist
P003_WD04/P003_WD04:CDS	NADH-plastoquinone oxidoreductase subunit 4L	k141_114140:c7643-7338	P003_WD04_00007

DiscRep_SUB:FEATURE_LOCATION_CONFLICT::Coding region xref gene does not exist
P003_WD04/P003_WD04:CDS	NADH-plastoquinone oxidoreductase subunit 6	k141_114140:c8397-7867	P003_WD04_00008

DiscRep_SUB:FEATURE_LOCATION_CONFLICT::Coding region xref gene does not exist
P003_WD04/P003_WD04:CDS	hypothetical protein	k141_114140:c8955-8587	P003_WD04_00009

DiscRep_SUB:FEATURE_LOCATION_CONFLICT::Coding region xref gene does not exist
P003_WD04/P003_WD04:CDS	NADH-plastoquinone oxidoreductase subunit I	k141_114140:c9624-9133	P003_WD04_00010

DiscRep_SUB:FEATURE_LOCATION_CONFLICT::Coding region xref gene does not exist
P003_WD04/P003_WD04:CDS	NADH-plastoquinone oxidoreductase subunit 1	k141_114140:c10177-9728	P003_WD04_00011

DiscRep_SUB:FEATURE_LOCATION_CONFLICT::Coding region xref gene does not exist
P003_WD04/P003_WD04:CDS	NADH-plastoquinone oxidoreductase subunit 1	k141_114140:c12048-11482	P003_WD04_00012

DiscRep_SUB:FEATURE_LOCATION_CONFLICT::Coding region xref gene does not exist
P003_WD04/P003_WD04:CDS	NADH-plastoquinone oxidoreductase subunit 7	k141_114140:c13231-12050	P003_WD04_00013

DiscRep_SUB:FEATURE_LOCATION_CONFLICT::Coding region xref gene does not exist
P003_WD04/P003_WD04:CDS	ribosomal protein S15	k141_114140:c13605-13330	P003_WD04_00014

DiscRep_SUB:FEATURE_LOCATION_CONFLICT::Coding region xref gene does not exist
P003_WD04/P003_WD04:CDS	hypothetical protein	k141_114140:c16544-14088	P003_WD04_00015

DiscRep_SUB:FEATURE_LOCATION_CONFLICT::Coding region xref gene does not exist
P003_WD04/P003_WD04:CDS	hypothetical protein	k141_114140:c19413-16573	P003_WD04_00016

DiscRep_SUB:FEATURE_LOCATION_CONFLICT::Coding region xref gene does not exist
P003_WD04/P003_WD04:CDS	cytochrome b6/f complex subunit IV	k141_114140:c20263-19739	P003_WD04_00017

DiscRep_SUB:FEATURE_LOCATION_CONFLICT::Coding region xref gene does not exist
P003_WD04/P003_WD04:CDS	cytochrome b6	k141_114140:c21816-21121	P003_WD04_00018

DiscRep_SUB:FEATURE_LOCATION_CONFLICT::Coding region xref gene does not exist
P003_WD04/P003_WD04:CDS	photosystem II phosphoprotein	k141_114140:c23024-22803	P003_WD04_00019

DiscRep_SUB:FEATURE_LOCATION_CONFLICT::Coding region xref gene does not exist
P003_WD04/P003_WD04:CDS	photosystem II CP47 chlorophyll apoprotein	k141_114140:c25151-23622	P003_WD04_00020

DiscRep_SUB:FEATURE_LOCATION_CONFLICT::Coding region xref gene does not exist
P003_WD04/P003_WD04:CDS	ATP-dependent Clp protease proteolytic subunit	k141_114140:25453-25827	P003_WD04_00021

DiscRep_SUB:FEATURE_LOCATION_CONFLICT::Coding region xref gene does not exist
P003_WD04/P003_WD04:CDS	ATP-dependent Clp protease proteolytic subunit	k141_114140:26422-26643	P003_WD04_00022

DiscRep_SUB:FEATURE_LOCATION_CONFLICT::Coding region xref gene does not exist
P003_WD04/P003_WD04:CDS	putative chloroplast RF34	k141_114140:27705-27839	P003_WD04_00024

DiscRep_SUB:FEATURE_LOCATION_CONFLICT::Coding region xref gene does not exist
P003_WD04/P003_WD04:CDS	putative chloroplast RF34	k141_114140:28558-28806	P003_WD04_00025

DiscRep_SUB:FEATURE_LOCATION_CONFLICT::Coding region xref gene does not exist
P003_WD04/P003_WD04:CDS	Photosystem I assembly protein Ycf3	k141_114140:29488-29700	P003_WD04_00026

DiscRep_SUB:FEATURE_LOCATION_CONFLICT::Coding region xref gene does not exist
P003_WD04/P003_WD04:CDS	photosystem I P700 apoprotein A1	k141_114140:30457-32757	P003_WD04_00027

DiscRep_SUB:FEATURE_LOCATION_CONFLICT::Coding region xref gene does not exist
P003_WD04/P003_WD04:CDS	photosystem I P700 apoprotein A2	k141_114140:32783-34987	P003_WD04_00028

DiscRep_SUB:FEATURE_LOCATION_CONFLICT::Coding region xref gene does not exist
P003_WD04/P003_WD04:CDS	ribosomal protein S14	k141_114140:35111-35413	P003_WD04_00029

DiscRep_SUB:FEATURE_LOCATION_CONFLICT::Coding region xref gene does not exist
P003_WD04/P003_WD04:CDS	photosystem II protein Z	k141_114140:c36536-36348	P003_WD04_00032

DiscRep_SUB:FEATURE_LOCATION_CONFLICT::Coding region xref gene does not exist
P003_WD04/P003_WD04:CDS	photosystem II CP43 chlorophyll apoprotein	k141_114140:c38551-37166	P003_WD04_00034

DiscRep_SUB:FEATURE_LOCATION_CONFLICT::Coding region xref gene does not exist
P003_WD04/P003_WD04:CDS	photosystem II protein D2	k141_114140:c39596-38535	P003_WD04_00035

DiscRep_SUB:FEATURE_LOCATION_CONFLICT::Coding region xref gene does not exist
P003_WD04/P003_WD04:CDS	hypothetical protein	k141_114140:39899-40126	P003_WD04_00036

DiscRep_SUB:FEATURE_LOCATION_CONFLICT::Coding region xref gene does not exist
P003_WD04/P003_WD04:CDS	cytochrome b6/f complex subunit VII	k141_114140:c43811-43722	P003_WD04_00041

DiscRep_SUB:FEATURE_LOCATION_CONFLICT::Coding region xref gene does not exist
P003_WD04/P003_WD04:CDS	RNA polymerase beta subunit	k141_114140:45993-49196	P003_WD04_00043

DiscRep_SUB:FEATURE_LOCATION_CONFLICT::Coding region xref gene does not exist
P003_WD04/P003_WD04:CDS	RNA polymerase beta' subunit	k141_114140:49223-49660	P003_WD04_00044

DiscRep_SUB:FEATURE_LOCATION_CONFLICT::Coding region xref gene does not exist
P003_WD04/P003_WD04:CDS	RNA polymerase beta' subunit	k141_114140:50379-52061	P003_WD04_00045

DiscRep_SUB:FEATURE_LOCATION_CONFLICT::Coding region xref gene does not exist
P003_WD04/P003_WD04:CDS	RNA polymerase beta'' subunit	k141_114140:52244-56347	P003_WD04_00046

DiscRep_SUB:FEATURE_LOCATION_CONFLICT::Coding region xref gene does not exist
P003_WD04/P003_WD04:CDS	ribosomal protein S2	k141_114140:56595-57290	P003_WD04_00047

DiscRep_SUB:FEATURE_LOCATION_CONFLICT::Coding region xref gene does not exist
P003_WD04/P003_WD04:CDS	ATP synthase CF0 subunit IV	k141_114140:57521-58264	P003_WD04_00048

DiscRep_SUB:FEATURE_LOCATION_CONFLICT::Coding region xref gene does not exist
P003_WD04/P003_WD04:CDS	ATP synthase CF0 subunit III	k141_114140:58923-59168	P003_WD04_00049

DiscRep_SUB:FEATURE_LOCATION_CONFLICT::Coding region xref gene does not exist
P003_WD04/P003_WD04:CDS	ATP synthase CF0 subunit I	k141_114140:59613-59819	P003_WD04_00050

DiscRep_SUB:FEATURE_LOCATION_CONFLICT::Coding region xref gene does not exist
P003_WD04/P003_WD04:CDS	hypothetical protein	k141_114140:c59899-59774	P003_WD04_00051

DiscRep_SUB:FEATURE_LOCATION_CONFLICT::Coding region xref gene does not exist
P003_WD04/P003_WD04:CDS	ATP synthase CF0 subunit I	k141_114140:60476-60850	P003_WD04_00052

DiscRep_SUB:FEATURE_LOCATION_CONFLICT::Coding region xref gene does not exist
P003_WD04/P003_WD04:CDS	ATP synthase CF1 alpha subunit	k141_114140:60929-62461	P003_WD04_00053

DiscRep_SUB:FEATURE_LOCATION_CONFLICT::Coding region xref gene does not exist
P003_WD04/P003_WD04:CDS	Photosystem II reaction center protein I	k141_114140:c64624-64514	P003_WD04_00056

DiscRep_SUB:FEATURE_LOCATION_CONFLICT::Coding region xref gene does not exist
P003_WD04/P003_WD04:CDS	photosystem II protein K	k141_114140:c65201-65016	P003_WD04_00057

DiscRep_SUB:FEATURE_LOCATION_CONFLICT::Coding region xref gene does not exist
P003_WD04/P003_WD04:CDS	Acetyl-coenzyme A carboxylase carboxyl transferase subunit beta, chloroplastic	k141_114140:66444-66776	P003_WD04_00059

DiscRep_SUB:FEATURE_LOCATION_CONFLICT::Coding region xref gene does not exist
P003_WD04/P003_WD04:CDS	Acetyl-coenzyme A carboxylase carboxyl transferase subunit beta, chloroplastic	k141_114140:66727-67983	P003_WD04_00060

DiscRep_SUB:FEATURE_LOCATION_CONFLICT::Coding region xref gene does not exist
P003_WD04/P003_WD04:CDS	photosystem I assembly protein Ycf4	k141_114140:68869-69543	P003_WD04_00061

DiscRep_SUB:FEATURE_LOCATION_CONFLICT::Coding region xref gene does not exist
P003_WD04/P003_WD04:CDS	envelope membrane protein	k141_114140:69922-70611	P003_WD04_00062

DiscRep_SUB:FEATURE_LOCATION_CONFLICT::Coding region xref gene does not exist
P003_WD04/P003_WD04:CDS	cytochrome f	k141_114140:70822-71784	P003_WD04_00063

DiscRep_SUB:FEATURE_LOCATION_CONFLICT::Coding region xref gene does not exist
P003_WD04/P003_WD04:CDS	hypothetical protein	k141_114140:c72676-72530	P003_WD04_00064

DiscRep_SUB:FEATURE_LOCATION_CONFLICT::Coding region xref gene does not exist
P003_WD04/P003_WD04:CDS	photosystem II protein J	k141_114140:c73241-73119	P003_WD04_00065

DiscRep_SUB:FEATURE_LOCATION_CONFLICT::Coding region xref gene does not exist
P003_WD04/P003_WD04:CDS	photosystem II cytochrome b559 alpha subunit	k141_114140:c73898-73647	P003_WD04_00066

DiscRep_SUB:FEATURE_LOCATION_CONFLICT::Coding region xref gene does not exist
P003_WD04/P003_WD04:CDS	hypothetical protein	k141_114140:c79856-79752	P003_WD04_00070

DiscRep_SUB:FEATURE_LOCATION_CONFLICT::Coding region xref gene does not exist
P003_WD04/P003_WD04:CDS	hypothetical protein	k141_114140:c83434-83213	P003_WD04_00073

DiscRep_SUB:FEATURE_LOCATION_CONFLICT::Coding region xref gene does not exist
P003_WD04/P003_WD04:CDS	ribosomal protein S7	k141_114140:84878-85345	P003_WD04_00074

DiscRep_SUB:FEATURE_LOCATION_CONFLICT::Coding region xref gene does not exist
P003_WD04/P003_WD04:CDS	NADH-plastoquinone oxidoreductase subunit 2	k141_114140:85722-86573	P003_WD04_00075

DiscRep_SUB:FEATURE_LOCATION_CONFLICT::Coding region xref gene does not exist
P003_WD04/P003_WD04:CDS	NADH-plastoquinone oxidoreductase subunit 2	k141_114140:87108-87884	P003_WD04_00076

DiscRep_SUB:FEATURE_LOCATION_CONFLICT::Coding region xref gene does not exist
P003_WD04/P003_WD04:CDS	hypothetical protein	k141_114140:88163-88315	P003_WD04_00077

DiscRep_SUB:FEATURE_LOCATION_CONFLICT::Coding region xref gene does not exist
P003_WD04/P003_WD04:CDS	hypothetical protein	k141_114140:c94865-88923	P003_WD04_00079

DiscRep_SUB:FEATURE_LOCATION_CONFLICT::Coding region xref gene does not exist
P003_WD04/P003_WD04:CDS	hypothetical protein	k141_114140:c95514-95134	P003_WD04_00081

DiscRep_SUB:FEATURE_LOCATION_CONFLICT::Coding region xref gene does not exist
P003_WD04/P003_WD04:CDS	hypothetical protein	k141_114140:95867-96211	P003_WD04_00082

DiscRep_SUB:FEATURE_LOCATION_CONFLICT::Coding region xref gene does not exist
P003_WD04/P003_WD04:CDS	ribosomal protein L2	k141_114140:96232-96633	P003_WD04_00083

DiscRep_SUB:FEATURE_LOCATION_CONFLICT::Coding region xref gene does not exist
P003_WD04/P003_WD04:CDS	ribosomal protein L2	k141_114140:97281-97778	P003_WD04_00084

DiscRep_SUB:FEATURE_LOCATION_CONFLICT::Coding region xref gene does not exist
P003_WD04/P003_WD04:CDS	ribosomal protein S19	k141_114140:97947-98225	P003_WD04_00085

DiscRep_SUB:FEATURE_LOCATION_CONFLICT::Coding region xref gene does not exist
P003_WD04/P003_WD04:CDS	hypothetical protein	k141_114140:98203-98406	P003_WD04_00086

DiscRep_SUB:FEATURE_LOCATION_CONFLICT::Coding region xref gene does not exist
P003_WD04/P003_WD04:CDS	ribosomal protein S3	k141_114140:98629-99285	P003_WD04_00087

DiscRep_SUB:FEATURE_LOCATION_CONFLICT::Coding region xref gene does not exist
P003_WD04/P003_WD04:CDS	hypothetical protein	k141_114140:c100439-100284	P003_WD04_00088

DiscRep_SUB:FEATURE_LOCATION_CONFLICT::Coding region xref gene does not exist
P003_WD04/P003_WD04:CDS	ribosomal protein L16	k141_114140:100779-101138	P003_WD04_00089

DiscRep_SUB:FEATURE_LOCATION_CONFLICT::Coding region xref gene does not exist
P003_WD04/P003_WD04:CDS	ribosomal protein L14	k141_114140:101266-101634	P003_WD04_00090

DiscRep_SUB:FEATURE_LOCATION_CONFLICT::Coding region xref gene does not exist
P003_WD04/P003_WD04:CDS	ribosomal protein S8	k141_114140:102032-102436	P003_WD04_00091

DiscRep_SUB:FEATURE_LOCATION_CONFLICT::Coding region xref gene does not exist
P003_WD04/P003_WD04:CDS	hypothetical protein	k141_114140:102421-102546	P003_WD04_00092

DiscRep_SUB:FEATURE_LOCATION_CONFLICT::Coding region xref gene does not exist
P003_WD04/P003_WD04:CDS	ribosomal protein L36	k141_114140:102706-102819	P003_WD04_00093

DiscRep_SUB:FEATURE_LOCATION_CONFLICT::Coding region xref gene does not exist
P003_WD04/P003_WD04:CDS	ribosomal protein S11	k141_114140:103104-103520	P003_WD04_00094

DiscRep_SUB:FEATURE_LOCATION_CONFLICT::Coding region xref gene does not exist
P003_WD04/P003_WD04:CDS	DNA-directed RNA polymerase subunit alpha	k141_114140:103583-104590	P003_WD04_00095

DiscRep_SUB:FEATURE_LOCATION_CONFLICT::Coding region xref gene does not exist
P003_WD04/P003_WD04:CDS	Cytochrome b6-f complex subunit 5	k141_114140:105011-105265	P003_WD04_00096

DiscRep_SUB:FEATURE_LOCATION_CONFLICT::Coding region xref gene does not exist
P003_WD04/P003_WD04:CDS	hypothetical protein	k141_114140:106113-106238	P003_WD04_00099

DiscRep_SUB:FEATURE_LOCATION_CONFLICT::Coding region xref gene does not exist
P003_WD04/P003_WD04:CDS	photosystem I subunit IX	k141_114140:106742-106870	P003_WD04_00100

DiscRep_SUB:FEATURE_LOCATION_CONFLICT::Coding region xref gene does not exist
P003_WD04/P003_WD04:CDS	ribosomal protein L33	k141_114140:107362-107562	P003_WD04_00101

DiscRep_SUB:FEATURE_LOCATION_CONFLICT::Coding region xref gene does not exist
P003_WD04/P003_WD04:CDS	ribosomal protein S18	k141_114140:107818-108162	P003_WD04_00102

DiscRep_SUB:FEATURE_LOCATION_CONFLICT::Coding region xref gene does not exist
P003_WD04/P003_WD04:CDS	50S ribosomal protein L20	k141_114140:c108696-108334	P003_WD04_00103

DiscRep_SUB:FEATURE_LOCATION_CONFLICT::Coding region xref gene does not exist
P003_WD04/P003_WD04:CDS	hypothetical protein	k141_114140:c110049-109744	P003_WD04_00104

DiscRep_SUB:FEATURE_LOCATION_CONFLICT::Coding region xref gene does not exist
P003_WD04/P003_WD04:CDS	ribosomal protein S4	k141_114140:c110939-110343	P003_WD04_00105

DiscRep_SUB:FEATURE_LOCATION_CONFLICT::Coding region xref gene does not exist
P003_WD04/P003_WD04:CDS	hypothetical protein	k141_114140:112517-112666	P003_WD04_00107

DiscRep_SUB:FEATURE_LOCATION_CONFLICT::Coding region xref gene does not exist
P003_WD04/P003_WD04:CDS	hypothetical protein	k141_114140:112741-112839	P003_WD04_00108

DiscRep_SUB:FEATURE_LOCATION_CONFLICT::Coding region xref gene does not exist
P003_WD04/P003_WD04:CDS	NADH-plastoquinone oxidoreductase subunit J	k141_114140:c114500-113964	P003_WD04_00110

DiscRep_SUB:FEATURE_LOCATION_CONFLICT::Coding region xref gene does not exist
P003_WD04/P003_WD04:CDS	NADH-plastoquinone oxidoreductase subunit K	k141_114140:c115262-114579	P003_WD04_00111

DiscRep_SUB:FEATURE_LOCATION_CONFLICT::Coding region xref gene does not exist
P003_WD04/P003_WD04:CDS	NADH-plastoquinone oxidoreductase subunit 3	k141_114140:c115667-115305	P003_WD04_00112

DiscRep_SUB:FEATURE_LOCATION_CONFLICT::Coding region xref gene does not exist
P003_WD04/P003_WD04:CDS	ATP synthase CF1 epsilon subunit	k141_114140:c117519-117118	P003_WD04_00114

DiscRep_SUB:FEATURE_LOCATION_CONFLICT::Coding region xref gene does not exist
P003_WD04/P003_WD04:CDS	ATP synthase CF1 beta subunit	k141_114140:c119014-117542	P003_WD04_00115

DiscRep_SUB:FEATURE_LOCATION_CONFLICT::Coding region xref gene does not exist
P003_WD04/P003_WD04:CDS	ribulose-1,5-bisphosphate carboxylase/oxygenase large subunit	k141_114140:119816-121243	P003_WD04_00116

DiscRep_SUB:FEATURE_LOCATION_CONFLICT::Coding region xref gene does not exist
P003_WD04/P003_WD04:CDS	maturase K	k141_114140:122616-124154	P003_WD04_00117

DiscRep_SUB:FEATURE_LOCATION_CONFLICT::Coding region xref gene does not exist
P003_WD04/P003_WD04:CDS	photosystem II protein D1	k141_114140:124725-125786	P003_WD04_00118

DiscRep_SUB:FEATURE_LOCATION_CONFLICT::RNA feature xref gene does not exist
P003_WD04/P003_WD04:tRNA	Leu	k141_114140:3757-3836	P003_WD04_00003

DiscRep_SUB:FEATURE_LOCATION_CONFLICT::RNA feature xref gene does not exist
P003_WD04/P003_WD04:tRNA	Ser	k141_114140:c27436-27348	P003_WD04_00023

DiscRep_SUB:FEATURE_LOCATION_CONFLICT::RNA feature xref gene does not exist
P003_WD04/P003_WD04:tRNA	Met	k141_114140:35572-35646	P003_WD04_00030

DiscRep_SUB:FEATURE_LOCATION_CONFLICT::RNA feature xref gene does not exist
P003_WD04/P003_WD04:tRNA	Gly	k141_114140:c35825-35755	P003_WD04_00031

DiscRep_SUB:FEATURE_LOCATION_CONFLICT::RNA feature xref gene does not exist
P003_WD04/P003_WD04:tRNA	Ser	k141_114140:36866-36954	P003_WD04_00033

DiscRep_SUB:FEATURE_LOCATION_CONFLICT::RNA feature xref gene does not exist
P003_WD04/P003_WD04:tRNA	Thr	k141_114140:c41104-41033	P003_WD04_00037

DiscRep_SUB:FEATURE_LOCATION_CONFLICT::RNA feature xref gene does not exist
P003_WD04/P003_WD04:tRNA	Glu	k141_114140:41901-41975	P003_WD04_00038

DiscRep_SUB:FEATURE_LOCATION_CONFLICT::RNA feature xref gene does not exist
P003_WD04/P003_WD04:tRNA	Tyr	k141_114140:42038-42123	P003_WD04_00039

DiscRep_SUB:FEATURE_LOCATION_CONFLICT::RNA feature xref gene does not exist
P003_WD04/P003_WD04:tRNA	Asp	k141_114140:42557-42632	P003_WD04_00040

DiscRep_SUB:FEATURE_LOCATION_CONFLICT::RNA feature xref gene does not exist
P003_WD04/P003_WD04:tRNA	Cys	k141_114140:c44944-44874	P003_WD04_00042

DiscRep_SUB:FEATURE_LOCATION_CONFLICT::RNA feature xref gene does not exist
P003_WD04/P003_WD04:tRNA	Arg	k141_114140:c62693-62622	P003_WD04_00054

DiscRep_SUB:FEATURE_LOCATION_CONFLICT::RNA feature xref gene does not exist
P003_WD04/P003_WD04:tRNA	Ser	k141_114140:64272-64360	P003_WD04_00055

DiscRep_SUB:FEATURE_LOCATION_CONFLICT::RNA feature xref gene does not exist
P003_WD04/P003_WD04:tRNA	Gln	k141_114140:65790-65861	P003_WD04_00058

DiscRep_SUB:FEATURE_LOCATION_CONFLICT::RNA feature xref gene does not exist
P003_WD04/P003_WD04:tRNA	Asn	k141_114140:74758-74831	P003_WD04_00067

DiscRep_SUB:FEATURE_LOCATION_CONFLICT::RNA feature xref gene does not exist
P003_WD04/P003_WD04:tRNA	Arg	k141_114140:c75369-75295	P003_WD04_00068

DiscRep_SUB:FEATURE_LOCATION_CONFLICT::RNA feature xref gene does not exist
P003_WD04/P003_WD04:rRNA	23S ribosomal RNA	k141_114140:c78963-75980	P003_WD04_00069

DiscRep_SUB:FEATURE_LOCATION_CONFLICT::RNA feature xref gene does not exist
P003_WD04/P003_WD04:rRNA	16S ribosomal RNA	k141_114140:c82626-81138	P003_WD04_00071

DiscRep_SUB:FEATURE_LOCATION_CONFLICT::RNA feature xref gene does not exist
P003_WD04/P003_WD04:tRNA	Val	k141_114140:c82929-82858	P003_WD04_00072

DiscRep_SUB:FEATURE_LOCATION_CONFLICT::RNA feature xref gene does not exist
P003_WD04/P003_WD04:tRNA	Leu	k141_114140:88329-88411	P003_WD04_00078

DiscRep_SUB:FEATURE_LOCATION_CONFLICT::RNA feature xref gene does not exist
P003_WD04/P003_WD04:tRNA	Met	k141_114140:94994-95068	P003_WD04_00080

DiscRep_SUB:FEATURE_LOCATION_CONFLICT::RNA feature xref gene does not exist
P003_WD04/P003_WD04:tRNA	Trp	k141_114140:c105804-105731	P003_WD04_00097

DiscRep_SUB:FEATURE_LOCATION_CONFLICT::RNA feature xref gene does not exist
P003_WD04/P003_WD04:tRNA	Pro	k141_114140:c105907-105834	P003_WD04_00098

DiscRep_SUB:FEATURE_LOCATION_CONFLICT::RNA feature xref gene does not exist
P003_WD04/P003_WD04:tRNA	Thr	k141_114140:c111310-111236	P003_WD04_00106

DiscRep_SUB:FEATURE_LOCATION_CONFLICT::RNA feature xref gene does not exist
P003_WD04/P003_WD04:tRNA	Phe	k141_114140:113319-113391	P003_WD04_00109

DiscRep_SUB:FEATURE_LOCATION_CONFLICT::RNA feature xref gene does not exist
P003_WD04/P003_WD04:tRNA	Met	k141_114140:116907-116979	P003_WD04_00113

DiscRep_SUB:FEATURE_LOCATION_CONFLICT::RNA feature xref gene does not exist
P003_WD04/P003_WD04:tRNA	His	k141_114140:126218-126292	P003_WD04_00119

DiscRep_ALL:OVERLAPPING_CDS::2 coding regions overlap another coding region with a similar or identical name.
DiscRep_SUB:OVERLAPPING_CDS::2 coding regions overlap another coding region with a similar or identical name that do not have the appropriate note text
P003_WD04/P003_WD04:CDS	Acetyl-coenzyme A carboxylase carboxyl transferase subunit beta, chloroplastic	k141_114140:66444-66776	P003_WD04_00059
P003_WD04/P003_WD04:CDS	Acetyl-coenzyme A carboxylase carboxyl transferase subunit beta, chloroplastic	k141_114140:66727-67983	P003_WD04_00060

DiscRep_ALL:SUSPECT_PRODUCT_NAMES::2 product_names contain suspect phrase or characters
DiscRep_SUB:SUSPECT_PRODUCT_NAMES::May contain database identifier more appropriate in note; remove from product name
DiscRep_SUB:SUSPECT_PRODUCT_NAMES::2 features contains three or more numbers together that may be identifiers more appropriate in note
P003_WD04/P003_WD04:CDS	photosystem I P700 apoprotein A1	k141_114140:30457-32757	P003_WD04_00027
P003_WD04/P003_WD04:CDS	photosystem I P700 apoprotein A2	k141_114140:32783-34987	P003_WD04_00028

DiscRep_ALL:DISC_QUALITY_SCORES::Quality scores are missing on all sequences.

DiscRep_ALL:ONCALLER_COMMENT_PRESENT::1 comment descriptors were found (all same)
P003_WD04/P003_WD04:k141_114140:Annotated using prokka 1.14.5 from https://github.com/tseemann/prokka

DiscRep_ALL:SHORT_PROT_SEQUENCES::13 protein sequences are shorter than 50 aa.
P003_WD04/P003_WD04:k141_114140_22 (length 44)
P003_WD04/P003_WD04:k141_114140_32 (length 29)
P003_WD04/P003_WD04:k141_114140_41 (length 41)
P003_WD04/P003_WD04:k141_114140_44 (length 36)
P003_WD04/P003_WD04:k141_114140_51 (length 48)
P003_WD04/P003_WD04:k141_114140_52 (length 40)
P003_WD04/P003_WD04:k141_114140_54 (length 34)
P003_WD04/P003_WD04:k141_114140_72 (length 41)
P003_WD04/P003_WD04:k141_114140_73 (length 37)
P003_WD04/P003_WD04:k141_114140_77 (length 41)
P003_WD04/P003_WD04:k141_114140_78 (length 42)
P003_WD04/P003_WD04:k141_114140_84 (length 49)
P003_WD04/P003_WD04:k141_114140_85 (length 32)

DiscRep_ALL:MISSING_GENOMEASSEMBLY_COMMENTS::1 bioseqs are missing GenomeAssembly structured comments
P003_WD04/P003_WD04:k141_114140 (length 126410)

DiscRep_ALL:MOLTYPE_NOT_MRNA::1 molecule types are not set as mRNA.
P003_WD04/P003_WD04:k141_114140 (length 126410)

DiscRep_ALL:TECHNIQUE_NOT_TSA::1 technique are not set as TSA
P003_WD04/P003_WD04:k141_114140 (length 126410)

DiscRep_ALL:MISSING_STRUCTURED_COMMENT::1 sequences do not include structured comments.
P003_WD04/P003_WD04:k141_114140 (length 126410)

DiscRep_ALL:MISSING_PROJECT::94 sequences do not include project.
P003_WD04/P003_WD04:k141_114140 (length 126410)
P003_WD04/P003_WD04:k141_114140_1 (length 744)
P003_WD04/P003_WD04:k141_114140_2 (length 61)
P003_WD04/P003_WD04:k141_114140_3 (length 323)
P003_WD04/P003_WD04:k141_114140_4 (length 503)
P003_WD04/P003_WD04:k141_114140_5 (length 81)
P003_WD04/P003_WD04:k141_114140_6 (length 101)
P003_WD04/P003_WD04:k141_114140_7 (length 176)
P003_WD04/P003_WD04:k141_114140_8 (length 122)
P003_WD04/P003_WD04:k141_114140_9 (length 163)
P003_WD04/P003_WD04:k141_114140_10 (length 149)
P003_WD04/P003_WD04:k141_114140_11 (length 188)
P003_WD04/P003_WD04:k141_114140_12 (length 393)
P003_WD04/P003_WD04:k141_114140_13 (length 91)
P003_WD04/P003_WD04:k141_114140_14 (length 818)
P003_WD04/P003_WD04:k141_114140_15 (length 946)
P003_WD04/P003_WD04:k141_114140_16 (length 174)
P003_WD04/P003_WD04:k141_114140_17 (length 231)
P003_WD04/P003_WD04:k141_114140_18 (length 73)
P003_WD04/P003_WD04:k141_114140_19 (length 509)
P003_WD04/P003_WD04:k141_114140_20 (length 124)
P003_WD04/P003_WD04:k141_114140_21 (length 73)
P003_WD04/P003_WD04:k141_114140_22 (length 44)
P003_WD04/P003_WD04:k141_114140_23 (length 82)
P003_WD04/P003_WD04:k141_114140_24 (length 70)
P003_WD04/P003_WD04:k141_114140_25 (length 766)
P003_WD04/P003_WD04:k141_114140_26 (length 734)
P003_WD04/P003_WD04:k141_114140_27 (length 100)
P003_WD04/P003_WD04:k141_114140_28 (length 62)
P003_WD04/P003_WD04:k141_114140_29 (length 461)
P003_WD04/P003_WD04:k141_114140_30 (length 353)
P003_WD04/P003_WD04:k141_114140_31 (length 75)
P003_WD04/P003_WD04:k141_114140_32 (length 29)
P003_WD04/P003_WD04:k141_114140_33 (length 1067)
P003_WD04/P003_WD04:k141_114140_34 (length 145)
P003_WD04/P003_WD04:k141_114140_35 (length 560)
P003_WD04/P003_WD04:k141_114140_36 (length 1367)
P003_WD04/P003_WD04:k141_114140_37 (length 231)
P003_WD04/P003_WD04:k141_114140_38 (length 247)
P003_WD04/P003_WD04:k141_114140_39 (length 81)
P003_WD04/P003_WD04:k141_114140_40 (length 68)
P003_WD04/P003_WD04:k141_114140_41 (length 41)
P003_WD04/P003_WD04:k141_114140_42 (length 124)
P003_WD04/P003_WD04:k141_114140_43 (length 510)
P003_WD04/P003_WD04:k141_114140_44 (length 36)
P003_WD04/P003_WD04:k141_114140_45 (length 61)
P003_WD04/P003_WD04:k141_114140_46 (length 110)
P003_WD04/P003_WD04:k141_114140_47 (length 418)
P003_WD04/P003_WD04:k141_114140_48 (length 224)
P003_WD04/P003_WD04:k141_114140_49 (length 229)
P003_WD04/P003_WD04:k141_114140_50 (length 320)
P003_WD04/P003_WD04:k141_114140_51 (length 48)
P003_WD04/P003_WD04:k141_114140_52 (length 40)
P003_WD04/P003_WD04:k141_114140_53 (length 83)
P003_WD04/P003_WD04:k141_114140_54 (length 34)
P003_WD04/P003_WD04:k141_114140_55 (length 73)
P003_WD04/P003_WD04:k141_114140_56 (length 155)
P003_WD04/P003_WD04:k141_114140_57 (length 283)
P003_WD04/P003_WD04:k141_114140_58 (length 258)
P003_WD04/P003_WD04:k141_114140_59 (length 50)
P003_WD04/P003_WD04:k141_114140_60 (length 1980)
P003_WD04/P003_WD04:k141_114140_61 (length 126)
P003_WD04/P003_WD04:k141_114140_62 (length 114)
P003_WD04/P003_WD04:k141_114140_63 (length 133)
P003_WD04/P003_WD04:k141_114140_64 (length 165)
P003_WD04/P003_WD04:k141_114140_65 (length 92)
P003_WD04/P003_WD04:k141_114140_66 (length 67)
P003_WD04/P003_WD04:k141_114140_67 (length 218)
P003_WD04/P003_WD04:k141_114140_68 (length 51)
P003_WD04/P003_WD04:k141_114140_69 (length 119)
P003_WD04/P003_WD04:k141_114140_70 (length 122)
P003_WD04/P003_WD04:k141_114140_71 (length 134)
P003_WD04/P003_WD04:k141_114140_72 (length 41)
P003_WD04/P003_WD04:k141_114140_73 (length 37)
P003_WD04/P003_WD04:k141_114140_74 (length 138)
P003_WD04/P003_WD04:k141_114140_75 (length 335)
P003_WD04/P003_WD04:k141_114140_76 (length 84)
P003_WD04/P003_WD04:k141_114140_77 (length 41)
P003_WD04/P003_WD04:k141_114140_78 (length 42)
P003_WD04/P003_WD04:k141_114140_79 (length 66)
P003_WD04/P003_WD04:k141_114140_80 (length 114)
P003_WD04/P003_WD04:k141_114140_81 (length 120)
P003_WD04/P003_WD04:k141_114140_82 (length 101)
P003_WD04/P003_WD04:k141_114140_83 (length 198)
P003_WD04/P003_WD04:k141_114140_84 (length 49)
P003_WD04/P003_WD04:k141_114140_85 (length 32)
P003_WD04/P003_WD04:k141_114140_86 (length 178)
P003_WD04/P003_WD04:k141_114140_87 (length 227)
P003_WD04/P003_WD04:k141_114140_88 (length 120)
P003_WD04/P003_WD04:k141_114140_89 (length 133)
P003_WD04/P003_WD04:k141_114140_90 (length 490)
P003_WD04/P003_WD04:k141_114140_91 (length 475)
P003_WD04/P003_WD04:k141_114140_92 (length 512)
P003_WD04/P003_WD04:k141_114140_93 (length 353)

DiscRep_ALL:DISC_INCONSISTENT_MOLINFO_TECH::Molinfo Technique Report (some missing, all same)
DiscRep_SUB:DISC_INCONSISTENT_MOLINFO_TECH::technique (all missing)
DiscRep_SUB:DISC_INCONSISTENT_MOLINFO_TECH::1 Molinfos are missing field technique
P003_WD04/P003_WD04:k141_114140 (length 126410)

