Discrepancy Report Results

Summary
FATAL: MISSING_PROTEIN_ID:120 proteins have invalid IDs.
DISC_SOURCE_QUALS_ASNDISC:strain (all present, all same)
DISC_SOURCE_QUALS_ASNDISC:taxname (all present, all same)
DISC_FEATURE_COUNT:CDS: 120 present
DISC_FEATURE_COUNT:tRNA: 26 present
DISC_FEATURE_COUNT:rRNA: 4 present
DISC_COUNT_NUCLEOTIDES:15 nucleotide Bioseqs are present
FEATURE_LOCATION_CONFLICT:150 features have inconsistent gene locations.
SUSPECT_PRODUCT_NAMES:2 product_names contain suspect phrase or characters
	May contain database identifier more appropriate in note; remove from product name
		2 features contains three or more numbers together that may be identifiers more appropriate in note
DISC_QUALITY_SCORES:Quality scores are missing on all sequences.
FATAL: DISC_SUSPECT_RRNA_PRODUCTS:2 rRNA product names contain suspect phrase
FATAL: DISC_SHORT_RRNA:1 rRNA features are too short
ONCALLER_COMMENT_PRESENT:15 comment descriptors were found (all same)
SHORT_PROT_SEQUENCES:15 protein sequences are shorter than 50 aa.
MISSING_GENOMEASSEMBLY_COMMENTS:15 bioseqs are missing GenomeAssembly structured comments
MOLTYPE_NOT_MRNA:15 molecule types are not set as mRNA.
TECHNIQUE_NOT_TSA:15 technique are not set as TSA
MISSING_STRUCTURED_COMMENT:15 sequences do not include structured comments.
MISSING_PROJECT:135 sequences do not include project.
FATAL: RRNA_NAME_CONFLICTS:2 rRNA product names are not standard. Correct the names to the standard format, eg "16S ribosomal RNA"
DISC_INCONSISTENT_MOLINFO_TECH:Molinfo Technique Report (some missing, all same)


Detailed Report

FATAL: DiscRep_ALL:MISSING_PROTEIN_ID::120 proteins have invalid IDs.
P002_WC07/P002_WC07:k141_27437_1 (length 71)
P002_WC07/P002_WC07:k141_27437_2 (length 34)
P002_WC07/P002_WC07:k141_27437_3 (length 82)
P002_WC07/P002_WC07:k141_27437_4 (length 81)
P002_WC07/P002_WC07:k141_27437_5 (length 175)
P002_WC07/P002_WC07:k141_27437_6 (length 146)
P002_WC07/P002_WC07:k141_27437_7 (length 150)
P002_WC07/P002_WC07:k141_27437_8 (length 92)
P002_WC07/P002_WC07:k141_27437_9 (length 395)
P002_WC07/P002_WC07:k141_27437_10 (length 188)
P002_WC07/P002_WC07:k141_27437_11 (length 156)
P002_WC07/P002_WC07:k141_2979_1 (length 133)
P002_WC07/P002_WC07:k141_2979_2 (length 498)
P002_WC07/P002_WC07:k141_2979_3 (length 475)
P002_WC07/P002_WC07:k141_2979_4 (length 120)
P002_WC07/P002_WC07:k141_2979_5 (length 229)
P002_WC07/P002_WC07:k141_2979_6 (length 158)
P002_WC07/P002_WC07:k141_2979_7 (length 208)
P002_WC07/P002_WC07:k141_2979_8 (length 82)
P002_WC07/P002_WC07:k141_17510_1 (length 70)
P002_WC07/P002_WC07:k141_17510_2 (length 155)
P002_WC07/P002_WC07:k141_17510_3 (length 50)
P002_WC07/P002_WC07:k141_17510_4 (length 285)
P002_WC07/P002_WC07:k141_17510_5 (length 273)
P002_WC07/P002_WC07:k141_17510_6 (length 42)
P002_WC07/P002_WC07:k141_17510_7 (length 129)
P002_WC07/P002_WC07:k141_17510_8 (length 46)
P002_WC07/P002_WC07:k141_17510_9 (length 38)
P002_WC07/P002_WC07:k141_17510_10 (length 126)
P002_WC07/P002_WC07:k141_3139_1 (length 95)
P002_WC07/P002_WC07:k141_3139_2 (length 267)
P002_WC07/P002_WC07:k141_3139_3 (length 92)
P002_WC07/P002_WC07:k141_3139_4 (length 154)
P002_WC07/P002_WC07:k141_3139_5 (length 236)
P002_WC07/P002_WC07:k141_3139_6 (length 87)
P002_WC07/P002_WC07:k141_11943_1 (length 184)
P002_WC07/P002_WC07:k141_11943_2 (length 229)
P002_WC07/P002_WC07:k141_11943_3 (length 320)
P002_WC07/P002_WC07:k141_10626_1 (length 1073)
P002_WC07/P002_WC07:k141_10626_2 (length 125)
P002_WC07/P002_WC07:k141_10626_3 (length 685)
P002_WC07/P002_WC07:k141_10626_4 (length 1370)
P002_WC07/P002_WC07:k141_10626_5 (length 235)
P002_WC07/P002_WC07:k141_10626_6 (length 247)
P002_WC07/P002_WC07:k141_10626_7 (length 104)
P002_WC07/P002_WC07:k141_10626_8 (length 81)
P002_WC07/P002_WC07:k141_10626_9 (length 56)
P002_WC07/P002_WC07:k141_10626_10 (length 95)
P002_WC07/P002_WC07:k141_10626_11 (length 507)
P002_WC07/P002_WC07:k141_10626_12 (length 58)
P002_WC07/P002_WC07:k141_10626_13 (length 51)
P002_WC07/P002_WC07:k141_10626_14 (length 36)
P002_WC07/P002_WC07:k141_10626_15 (length 72)
P002_WC07/P002_WC07:k141_10626_16 (length 750)
P002_WC07/P002_WC07:k141_10626_17 (length 734)
P002_WC07/P002_WC07:k141_10626_18 (length 100)
P002_WC07/P002_WC07:k141_10626_19 (length 70)
P002_WC07/P002_WC07:k141_10626_20 (length 461)
P002_WC07/P002_WC07:k141_10626_21 (length 353)
P002_WC07/P002_WC07:k141_10626_22 (length 62)
P002_WC07/P002_WC07:k141_10626_23 (length 69)
P002_WC07/P002_WC07:k141_10626_24 (length 66)
P002_WC07/P002_WC07:k141_10626_25 (length 167)
P002_WC07/P002_WC07:k141_15046_1 (length 43)
P002_WC07/P002_WC07:k141_15046_2 (length 71)
P002_WC07/P002_WC07:k141_12215_1 (length 78)
P002_WC07/P002_WC07:k141_12215_2 (length 119)
P002_WC07/P002_WC07:k141_12215_3 (length 132)
P002_WC07/P002_WC07:k141_12215_4 (length 132)
P002_WC07/P002_WC07:k141_12215_5 (length 54)
P002_WC07/P002_WC07:k141_12215_6 (length 81)
P002_WC07/P002_WC07:k141_12215_7 (length 138)
P002_WC07/P002_WC07:k141_12215_8 (length 274)
P002_WC07/P002_WC07:k141_12215_9 (length 87)
P002_WC07/P002_WC07:k141_12215_10 (length 286)
P002_WC07/P002_WC07:k141_12215_11 (length 83)
P002_WC07/P002_WC07:k141_12215_12 (length 78)
P002_WC07/P002_WC07:k141_12215_13 (length 246)
P002_WC07/P002_WC07:k141_12215_14 (length 46)
P002_WC07/P002_WC07:k141_12215_15 (length 93)
P002_WC07/P002_WC07:k141_25096_1 (length 40)
P002_WC07/P002_WC07:k141_25096_2 (length 38)
P002_WC07/P002_WC07:k141_25096_3 (length 39)
P002_WC07/P002_WC07:k141_25096_4 (length 83)
P002_WC07/P002_WC07:k141_25096_5 (length 37)
P002_WC07/P002_WC07:k141_25096_6 (length 46)
P002_WC07/P002_WC07:k141_25096_7 (length 70)
P002_WC07/P002_WC07:k141_25096_8 (length 114)
P002_WC07/P002_WC07:k141_25096_9 (length 39)
P002_WC07/P002_WC07:k141_25096_10 (length 113)
P002_WC07/P002_WC07:k141_25096_11 (length 134)
P002_WC07/P002_WC07:k141_25096_12 (length 79)
P002_WC07/P002_WC07:k141_25096_13 (length 59)
P002_WC07/P002_WC07:k141_25096_14 (length 29)
P002_WC07/P002_WC07:k141_25096_15 (length 56)
P002_WC07/P002_WC07:k141_25096_16 (length 67)
P002_WC07/P002_WC07:k141_796_1 (length 67)
P002_WC07/P002_WC07:k141_796_2 (length 320)
P002_WC07/P002_WC07:k141_796_3 (length 506)
P002_WC07/P002_WC07:k141_796_4 (length 81)
P002_WC07/P002_WC07:k141_796_5 (length 101)
P002_WC07/P002_WC07:k141_796_6 (length 177)
P002_WC07/P002_WC07:k141_8101_1 (length 246)
P002_WC07/P002_WC07:k141_8101_2 (length 77)
P002_WC07/P002_WC07:k141_8101_3 (length 86)
P002_WC07/P002_WC07:k141_8101_4 (length 44)
P002_WC07/P002_WC07:k141_8101_5 (length 153)
P002_WC07/P002_WC07:k141_8101_6 (length 64)
P002_WC07/P002_WC07:k141_8101_7 (length 75)
P002_WC07/P002_WC07:k141_27124_1 (length 68)
P002_WC07/P002_WC07:k141_27124_2 (length 508)
P002_WC07/P002_WC07:k141_27124_3 (length 73)
P002_WC07/P002_WC07:k141_27124_4 (length 162)
P002_WC07/P002_WC07:k141_27124_5 (length 58)
P002_WC07/P002_WC07:k141_27124_6 (length 174)
P002_WC07/P002_WC07:k141_27124_7 (length 93)
P002_WC07/P002_WC07:k141_27124_8 (length 75)
P002_WC07/P002_WC07:k141_17147_1 (length 72)
P002_WC07/P002_WC07:k141_17147_2 (length 506)
P002_WC07/P002_WC07:k141_17147_3 (length 353)

DiscRep_ALL:DISC_SOURCE_QUALS_ASNDISC::strain (all present, all same)
DiscRep_SUB:DISC_SOURCE_QUALS_ASNDISC::15 sources have 'strain' for strain
DiscRep_ALL:DISC_SOURCE_QUALS_ASNDISC::taxname (all present, all same)
DiscRep_SUB:DISC_SOURCE_QUALS_ASNDISC::15 sources have 'Genus species' for taxname
DiscRep_ALL:DISC_FEATURE_COUNT::CDS: 120 present
DiscRep_ALL:DISC_FEATURE_COUNT::tRNA: 26 present
DiscRep_ALL:DISC_FEATURE_COUNT::rRNA: 4 present
DiscRep_ALL:DISC_COUNT_NUCLEOTIDES::15 nucleotide Bioseqs are present
P002_WC07/P002_WC07:k141_27437 (length 15694)
P002_WC07/P002_WC07:k141_2979 (length 14113)
P002_WC07/P002_WC07:k141_27575 (length 1153)
P002_WC07/P002_WC07:k141_17510 (length 10202)
P002_WC07/P002_WC07:k141_3139 (length 3698)
P002_WC07/P002_WC07:k141_17618 (length 2255)
P002_WC07/P002_WC07:k141_11943 (length 4066)
P002_WC07/P002_WC07:k141_10626 (length 33795)
P002_WC07/P002_WC07:k141_15046 (length 1116)
P002_WC07/P002_WC07:k141_12215 (length 9959)
P002_WC07/P002_WC07:k141_25096 (length 13249)
P002_WC07/P002_WC07:k141_796 (length 6380)
P002_WC07/P002_WC07:k141_8101 (length 5472)
P002_WC07/P002_WC07:k141_27124 (length 8278)
P002_WC07/P002_WC07:k141_17147 (length 6725)

DiscRep_ALL:FEATURE_LOCATION_CONFLICT::150 features have inconsistent gene locations.
DiscRep_SUB:FEATURE_LOCATION_CONFLICT::Coding region xref gene does not exist
P002_WC07/P002_WC07:CDS	hypothetical protein	k141_27437:2716-2931	P002_WC07_00002

DiscRep_SUB:FEATURE_LOCATION_CONFLICT::Coding region xref gene does not exist
P002_WC07/P002_WC07:CDS	hypothetical protein	k141_27437:3227-3331	P002_WC07_00003

DiscRep_SUB:FEATURE_LOCATION_CONFLICT::Coding region xref gene does not exist
P002_WC07/P002_WC07:CDS	hypothetical protein	k141_27437:3310-3558	P002_WC07_00004

DiscRep_SUB:FEATURE_LOCATION_CONFLICT::Coding region xref gene does not exist
P002_WC07/P002_WC07:CDS	hypothetical protein	k141_27437:c8120-7875	P002_WC07_00007

DiscRep_SUB:FEATURE_LOCATION_CONFLICT::Coding region xref gene does not exist
P002_WC07/P002_WC07:CDS	ribosomal protein S3	k141_27437:9022-9549	P002_WC07_00009

DiscRep_SUB:FEATURE_LOCATION_CONFLICT::Coding region xref gene does not exist
P002_WC07/P002_WC07:CDS	hypothetical protein	k141_27437:9655-10095	P002_WC07_00010

DiscRep_SUB:FEATURE_LOCATION_CONFLICT::Coding region xref gene does not exist
P002_WC07/P002_WC07:CDS	ATP synthase subunit beta	k141_27437:10648-11100	P002_WC07_00011

DiscRep_SUB:FEATURE_LOCATION_CONFLICT::Coding region xref gene does not exist
P002_WC07/P002_WC07:CDS	ribosomal protein S15	k141_27437:11338-11616	P002_WC07_00012

DiscRep_SUB:FEATURE_LOCATION_CONFLICT::Coding region xref gene does not exist
P002_WC07/P002_WC07:CDS	NADH-plastoquinone oxidoreductase subunit 7	k141_27437:11704-12891	P002_WC07_00013

DiscRep_SUB:FEATURE_LOCATION_CONFLICT::Coding region xref gene does not exist
P002_WC07/P002_WC07:CDS	NADH-plastoquinone oxidoreductase subunit 1	k141_27437:12893-13459	P002_WC07_00014

DiscRep_SUB:FEATURE_LOCATION_CONFLICT::Coding region xref gene does not exist
P002_WC07/P002_WC07:CDS	NADH-plastoquinone oxidoreductase subunit 1	k141_27437:14609-15079	P002_WC07_00015

DiscRep_SUB:FEATURE_LOCATION_CONFLICT::RNA feature xref gene does not exist
P002_WC07/P002_WC07:rRNA	16S ribosomal RNA	k141_27437:190-1708	P002_WC07_00001

DiscRep_SUB:FEATURE_LOCATION_CONFLICT::RNA feature xref gene does not exist
P002_WC07/P002_WC07:rRNA	23S ribosomal RNA	k141_27437:4104-6917	P002_WC07_00005

DiscRep_SUB:FEATURE_LOCATION_CONFLICT::RNA feature xref gene does not exist
P002_WC07/P002_WC07:tRNA	Arg	k141_27437:7774-7847	P002_WC07_00006

DiscRep_SUB:FEATURE_LOCATION_CONFLICT::RNA feature xref gene does not exist
P002_WC07/P002_WC07:tRNA	Asn	k141_27437:c8531-8458	P002_WC07_00008

DiscRep_SUB:FEATURE_LOCATION_CONFLICT::Coding region xref gene does not exist
P002_WC07/P002_WC07:CDS	ATP synthase CF1 epsilon subunit	k141_2979:c1292-891	P002_WC07_00017

DiscRep_SUB:FEATURE_LOCATION_CONFLICT::Coding region xref gene does not exist
P002_WC07/P002_WC07:CDS	ATP synthase CF1 beta subunit	k141_2979:c2785-1289	P002_WC07_00018

DiscRep_SUB:FEATURE_LOCATION_CONFLICT::Coding region xref gene does not exist
P002_WC07/P002_WC07:CDS	ribulose-1,5-bisphosphate carboxylase/oxygenase large subunit	k141_2979:3565-4992	P002_WC07_00019

DiscRep_SUB:FEATURE_LOCATION_CONFLICT::Coding region xref gene does not exist
P002_WC07/P002_WC07:CDS	NADH-plastoquinone oxidoreductase subunit 3	k141_2979:6234-6596	P002_WC07_00020

DiscRep_SUB:FEATURE_LOCATION_CONFLICT::Coding region xref gene does not exist
P002_WC07/P002_WC07:CDS	NADH-plastoquinone oxidoreductase subunit K	k141_2979:6639-7328	P002_WC07_00021

DiscRep_SUB:FEATURE_LOCATION_CONFLICT::Coding region xref gene does not exist
P002_WC07/P002_WC07:CDS	NADH-plastoquinone oxidoreductase subunit J	k141_2979:7432-7908	P002_WC07_00022

DiscRep_SUB:FEATURE_LOCATION_CONFLICT::Coding region xref gene does not exist
P002_WC07/P002_WC07:CDS	ribosomal protein S4	k141_2979:11014-11640	P002_WC07_00025

DiscRep_SUB:FEATURE_LOCATION_CONFLICT::Coding region xref gene does not exist
P002_WC07/P002_WC07:CDS	putative chloroplast RF34	k141_2979:13179-13427	P002_WC07_00027

DiscRep_SUB:FEATURE_LOCATION_CONFLICT::RNA feature xref gene does not exist
P002_WC07/P002_WC07:tRNA	Met	k141_2979:594-666	P002_WC07_00016

DiscRep_SUB:FEATURE_LOCATION_CONFLICT::RNA feature xref gene does not exist
P002_WC07/P002_WC07:tRNA	Phe	k141_2979:c8510-8437	P002_WC07_00023

DiscRep_SUB:FEATURE_LOCATION_CONFLICT::RNA feature xref gene does not exist
P002_WC07/P002_WC07:tRNA	Thr	k141_2979:10563-10637	P002_WC07_00024

DiscRep_SUB:FEATURE_LOCATION_CONFLICT::RNA feature xref gene does not exist
P002_WC07/P002_WC07:tRNA	Ser	k141_2979:c12008-11922	P002_WC07_00026

DiscRep_SUB:FEATURE_LOCATION_CONFLICT::RNA feature xref gene does not exist
P002_WC07/P002_WC07:tRNA	Val	k141_27575:896-971	P002_WC07_00028

DiscRep_SUB:FEATURE_LOCATION_CONFLICT::Coding region xref gene does not exist
P002_WC07/P002_WC07:CDS	hypothetical protein	k141_17510:c529-317	P002_WC07_00029

DiscRep_SUB:FEATURE_LOCATION_CONFLICT::Coding region xref gene does not exist
P002_WC07/P002_WC07:CDS	ribosomal protein S7	k141_17510:2007-2474	P002_WC07_00030

DiscRep_SUB:FEATURE_LOCATION_CONFLICT::Coding region xref gene does not exist
P002_WC07/P002_WC07:CDS	hypothetical protein	k141_17510:2996-3148	P002_WC07_00031

DiscRep_SUB:FEATURE_LOCATION_CONFLICT::Coding region xref gene does not exist
P002_WC07/P002_WC07:CDS	NADH-plastoquinone oxidoreductase subunit 2	k141_17510:3425-4282	P002_WC07_00032

DiscRep_SUB:FEATURE_LOCATION_CONFLICT::Coding region xref gene does not exist
P002_WC07/P002_WC07:CDS	NADH-plastoquinone oxidoreductase subunit 2	k141_17510:4767-5588	P002_WC07_00033

DiscRep_SUB:FEATURE_LOCATION_CONFLICT::Coding region xref gene does not exist
P002_WC07/P002_WC07:CDS	hypothetical protein	k141_17510:5726-5854	P002_WC07_00034

DiscRep_SUB:FEATURE_LOCATION_CONFLICT::Coding region xref gene does not exist
P002_WC07/P002_WC07:CDS	hypothetical protein	k141_17510:c7607-7218	P002_WC07_00036

DiscRep_SUB:FEATURE_LOCATION_CONFLICT::Coding region xref gene does not exist
P002_WC07/P002_WC07:CDS	hypothetical protein	k141_17510:c7945-7805	P002_WC07_00037

DiscRep_SUB:FEATURE_LOCATION_CONFLICT::Coding region xref gene does not exist
P002_WC07/P002_WC07:CDS	hypothetical protein	k141_17510:c8759-8643	P002_WC07_00038

DiscRep_SUB:FEATURE_LOCATION_CONFLICT::Coding region xref gene does not exist
P002_WC07/P002_WC07:CDS	hypothetical protein	k141_17510:c9166-8786	P002_WC07_00039

DiscRep_SUB:FEATURE_LOCATION_CONFLICT::RNA feature xref gene does not exist
P002_WC07/P002_WC07:tRNA	Leu	k141_17510:6138-6220	P002_WC07_00035

DiscRep_SUB:FEATURE_LOCATION_CONFLICT::RNA feature xref gene does not exist
P002_WC07/P002_WC07:tRNA	Met	k141_17510:10100-10173	P002_WC07_00040

DiscRep_SUB:FEATURE_LOCATION_CONFLICT::Coding region xref gene does not exist
P002_WC07/P002_WC07:CDS	ribosomal protein L23	k141_3139:490-777	P002_WC07_00042

DiscRep_SUB:FEATURE_LOCATION_CONFLICT::Coding region xref gene does not exist
P002_WC07/P002_WC07:CDS	ribosomal protein L2	k141_3139:782-1585	P002_WC07_00043

DiscRep_SUB:FEATURE_LOCATION_CONFLICT::Coding region xref gene does not exist
P002_WC07/P002_WC07:CDS	ribosomal protein S19	k141_3139:1638-1916	P002_WC07_00044

DiscRep_SUB:FEATURE_LOCATION_CONFLICT::Coding region xref gene does not exist
P002_WC07/P002_WC07:CDS	ribosomal protein L22	k141_3139:1962-2426	P002_WC07_00045

DiscRep_SUB:FEATURE_LOCATION_CONFLICT::Coding region xref gene does not exist
P002_WC07/P002_WC07:CDS	ribosomal protein S3	k141_3139:2411-3121	P002_WC07_00046

DiscRep_SUB:FEATURE_LOCATION_CONFLICT::Coding region xref gene does not exist
P002_WC07/P002_WC07:CDS	hypothetical protein	k141_3139:3173-3436	P002_WC07_00047

DiscRep_SUB:FEATURE_LOCATION_CONFLICT::RNA feature xref gene does not exist
P002_WC07/P002_WC07:tRNA	Met	k141_3139:39-112	P002_WC07_00041

DiscRep_SUB:FEATURE_LOCATION_CONFLICT::RNA feature xref gene does not exist
P002_WC07/P002_WC07:rRNA	16S ribosomal RNA (partial)	k141_17618:c926-482	P002_WC07_00048

DiscRep_SUB:FEATURE_LOCATION_CONFLICT::RNA feature xref gene does not exist
P002_WC07/P002_WC07:rRNA	16S ribosomal RNA (partial)	k141_17618:c2252-1181	P002_WC07_00049

DiscRep_SUB:FEATURE_LOCATION_CONFLICT::Coding region xref gene does not exist
P002_WC07/P002_WC07:CDS	photosystem I assembly protein Ycf4	k141_11943:1189-1743	P002_WC07_00050

DiscRep_SUB:FEATURE_LOCATION_CONFLICT::Coding region xref gene does not exist
P002_WC07/P002_WC07:CDS	envelope membrane protein	k141_11943:1965-2654	P002_WC07_00051

DiscRep_SUB:FEATURE_LOCATION_CONFLICT::Coding region xref gene does not exist
P002_WC07/P002_WC07:CDS	cytochrome f	k141_11943:2883-3845	P002_WC07_00052

DiscRep_SUB:FEATURE_LOCATION_CONFLICT::Coding region xref gene does not exist
P002_WC07/P002_WC07:CDS	RNA polymerase beta subunit	k141_10626:155-3376	P002_WC07_00053

DiscRep_SUB:FEATURE_LOCATION_CONFLICT::Coding region xref gene does not exist
P002_WC07/P002_WC07:CDS	hypothetical protein	k141_10626:3476-3853	P002_WC07_00054

DiscRep_SUB:FEATURE_LOCATION_CONFLICT::Coding region xref gene does not exist
P002_WC07/P002_WC07:CDS	RNA polymerase beta' subunit	k141_10626:4050-6107	P002_WC07_00055

DiscRep_SUB:FEATURE_LOCATION_CONFLICT::Coding region xref gene does not exist
P002_WC07/P002_WC07:CDS	RNA polymerase beta'' subunit	k141_10626:6278-10390	P002_WC07_00056

DiscRep_SUB:FEATURE_LOCATION_CONFLICT::Coding region xref gene does not exist
P002_WC07/P002_WC07:CDS	ribosomal protein S2	k141_10626:10664-11371	P002_WC07_00057

DiscRep_SUB:FEATURE_LOCATION_CONFLICT::Coding region xref gene does not exist
P002_WC07/P002_WC07:CDS	ATP synthase CF0 subunit IV	k141_10626:11579-12322	P002_WC07_00058

DiscRep_SUB:FEATURE_LOCATION_CONFLICT::Coding region xref gene does not exist
P002_WC07/P002_WC07:CDS	hypothetical protein	k141_10626:c13161-12847	P002_WC07_00059

DiscRep_SUB:FEATURE_LOCATION_CONFLICT::Coding region xref gene does not exist
P002_WC07/P002_WC07:CDS	ATP synthase CF0 subunit III	k141_10626:13213-13458	P002_WC07_00060

DiscRep_SUB:FEATURE_LOCATION_CONFLICT::Coding region xref gene does not exist
P002_WC07/P002_WC07:CDS	ATP synthase CF0 subunit I	k141_10626:13835-14005	P002_WC07_00061

DiscRep_SUB:FEATURE_LOCATION_CONFLICT::Coding region xref gene does not exist
P002_WC07/P002_WC07:CDS	ATP synthase CF0 subunit I	k141_10626:14815-15102	P002_WC07_00062

DiscRep_SUB:FEATURE_LOCATION_CONFLICT::Coding region xref gene does not exist
P002_WC07/P002_WC07:CDS	ATP synthase CF1 alpha subunit	k141_10626:15174-16697	P002_WC07_00063

DiscRep_SUB:FEATURE_LOCATION_CONFLICT::Coding region xref gene does not exist
P002_WC07/P002_WC07:CDS	hypothetical protein	k141_10626:17233-17409	P002_WC07_00065

DiscRep_SUB:FEATURE_LOCATION_CONFLICT::Coding region xref gene does not exist
P002_WC07/P002_WC07:CDS	hypothetical protein	k141_10626:17494-17649	P002_WC07_00066

DiscRep_SUB:FEATURE_LOCATION_CONFLICT::Coding region xref gene does not exist
P002_WC07/P002_WC07:CDS	photosystem II protein I	k141_10626:c18912-18802	P002_WC07_00068

DiscRep_SUB:FEATURE_LOCATION_CONFLICT::Coding region xref gene does not exist
P002_WC07/P002_WC07:CDS	photosystem II protein K	k141_10626:c19527-19309	P002_WC07_00069

DiscRep_SUB:FEATURE_LOCATION_CONFLICT::Coding region xref gene does not exist
P002_WC07/P002_WC07:CDS	photosystem I P700 apoprotein A1	k141_10626:21925-24177	P002_WC07_00071

DiscRep_SUB:FEATURE_LOCATION_CONFLICT::Coding region xref gene does not exist
P002_WC07/P002_WC07:CDS	photosystem I P700 apoprotein A2	k141_10626:24203-26407	P002_WC07_00072

DiscRep_SUB:FEATURE_LOCATION_CONFLICT::Coding region xref gene does not exist
P002_WC07/P002_WC07:CDS	ribosomal protein S14	k141_10626:26556-26858	P002_WC07_00073

DiscRep_SUB:FEATURE_LOCATION_CONFLICT::Coding region xref gene does not exist
P002_WC07/P002_WC07:CDS	hypothetical protein	k141_10626:27590-27802	P002_WC07_00076

DiscRep_SUB:FEATURE_LOCATION_CONFLICT::Coding region xref gene does not exist
P002_WC07/P002_WC07:CDS	photosystem II CP43 chlorophyll apoprotein	k141_10626:c29822-28437	P002_WC07_00078

DiscRep_SUB:FEATURE_LOCATION_CONFLICT::Coding region xref gene does not exist
P002_WC07/P002_WC07:CDS	photosystem II protein D2	k141_10626:c30867-29806	P002_WC07_00079

DiscRep_SUB:FEATURE_LOCATION_CONFLICT::Coding region xref gene does not exist
P002_WC07/P002_WC07:CDS	hypothetical protein	k141_10626:c31658-31470	P002_WC07_00080

DiscRep_SUB:FEATURE_LOCATION_CONFLICT::Coding region xref gene does not exist
P002_WC07/P002_WC07:CDS	hypothetical protein	k141_10626:31868-32077	P002_WC07_00081

DiscRep_SUB:FEATURE_LOCATION_CONFLICT::Coding region xref gene does not exist
P002_WC07/P002_WC07:CDS	hypothetical protein	k141_10626:33104-33304	P002_WC07_00083

DiscRep_SUB:FEATURE_LOCATION_CONFLICT::Coding region xref gene does not exist
P002_WC07/P002_WC07:CDS	hypothetical protein	k141_10626:33276-33779	P002_WC07_00084

DiscRep_SUB:FEATURE_LOCATION_CONFLICT::RNA feature xref gene does not exist
P002_WC07/P002_WC07:tRNA	Arg	k141_10626:c16885-16814	P002_WC07_00064

DiscRep_SUB:FEATURE_LOCATION_CONFLICT::RNA feature xref gene does not exist
P002_WC07/P002_WC07:tRNA	Ser	k141_10626:18574-18663	P002_WC07_00067

DiscRep_SUB:FEATURE_LOCATION_CONFLICT::RNA feature xref gene does not exist
P002_WC07/P002_WC07:tRNA	Gln	k141_10626:19875-19946	P002_WC07_00070

DiscRep_SUB:FEATURE_LOCATION_CONFLICT::RNA feature xref gene does not exist
P002_WC07/P002_WC07:tRNA	Met	k141_10626:27014-27087	P002_WC07_00074

DiscRep_SUB:FEATURE_LOCATION_CONFLICT::RNA feature xref gene does not exist
P002_WC07/P002_WC07:tRNA	Gly	k141_10626:c27308-27235	P002_WC07_00075

DiscRep_SUB:FEATURE_LOCATION_CONFLICT::RNA feature xref gene does not exist
P002_WC07/P002_WC07:tRNA	Ser	k141_10626:28121-28209	P002_WC07_00077

DiscRep_SUB:FEATURE_LOCATION_CONFLICT::RNA feature xref gene does not exist
P002_WC07/P002_WC07:tRNA	Thr	k141_10626:c32408-32335	P002_WC07_00082

DiscRep_SUB:FEATURE_LOCATION_CONFLICT::Coding region xref gene does not exist
P002_WC07/P002_WC07:CDS	hypothetical protein	k141_15046:c139-8	P002_WC07_00085

DiscRep_SUB:FEATURE_LOCATION_CONFLICT::Coding region xref gene does not exist
P002_WC07/P002_WC07:CDS	hypothetical protein	k141_15046:301-516	P002_WC07_00086

DiscRep_SUB:FEATURE_LOCATION_CONFLICT::RNA feature xref gene does not exist
P002_WC07/P002_WC07:tRNA	Met	k141_15046:c1078-1005	P002_WC07_00087

DiscRep_SUB:FEATURE_LOCATION_CONFLICT::Coding region xref gene does not exist
P002_WC07/P002_WC07:CDS	hypothetical protein	k141_12215:c253-17	P002_WC07_00088

DiscRep_SUB:FEATURE_LOCATION_CONFLICT::Coding region xref gene does not exist
P002_WC07/P002_WC07:CDS	ribosomal protein L16	k141_12215:978-1337	P002_WC07_00089

DiscRep_SUB:FEATURE_LOCATION_CONFLICT::Coding region xref gene does not exist
P002_WC07/P002_WC07:CDS	ribosomal protein L14	k141_12215:1457-1855	P002_WC07_00090

DiscRep_SUB:FEATURE_LOCATION_CONFLICT::Coding region xref gene does not exist
P002_WC07/P002_WC07:CDS	ribosomal protein S8	k141_12215:2070-2468	P002_WC07_00091

DiscRep_SUB:FEATURE_LOCATION_CONFLICT::Coding region xref gene does not exist
P002_WC07/P002_WC07:CDS	hypothetical protein	k141_12215:2453-2617	P002_WC07_00092

DiscRep_SUB:FEATURE_LOCATION_CONFLICT::Coding region xref gene does not exist
P002_WC07/P002_WC07:CDS	translational initiation factor 1	k141_12215:2614-2859	P002_WC07_00093

DiscRep_SUB:FEATURE_LOCATION_CONFLICT::Coding region xref gene does not exist
P002_WC07/P002_WC07:CDS	ribosomal protein S11	k141_12215:3202-3618	P002_WC07_00094

DiscRep_SUB:FEATURE_LOCATION_CONFLICT::Coding region xref gene does not exist
P002_WC07/P002_WC07:CDS	RNA polymerase alpha subunit	k141_12215:3721-4545	P002_WC07_00095

DiscRep_SUB:FEATURE_LOCATION_CONFLICT::Coding region xref gene does not exist
P002_WC07/P002_WC07:CDS	hypothetical protein	k141_12215:4705-4968	P002_WC07_00096

DiscRep_SUB:FEATURE_LOCATION_CONFLICT::Coding region xref gene does not exist
P002_WC07/P002_WC07:CDS	ATP-dependent Clp protease proteolytic subunit	k141_12215:5313-6173	P002_WC07_00097

DiscRep_SUB:FEATURE_LOCATION_CONFLICT::Coding region xref gene does not exist
P002_WC07/P002_WC07:CDS	hypothetical protein	k141_12215:c6301-6050	P002_WC07_00098

DiscRep_SUB:FEATURE_LOCATION_CONFLICT::Coding region xref gene does not exist
P002_WC07/P002_WC07:CDS	hypothetical protein	k141_12215:6908-7144	P002_WC07_00099

DiscRep_SUB:FEATURE_LOCATION_CONFLICT::Coding region xref gene does not exist
P002_WC07/P002_WC07:CDS	ATP-dependent Clp protease proteolytic subunit	k141_12215:7449-8189	P002_WC07_00100

DiscRep_SUB:FEATURE_LOCATION_CONFLICT::Coding region xref gene does not exist
P002_WC07/P002_WC07:CDS	hypothetical protein	k141_12215:9058-9198	P002_WC07_00101

DiscRep_SUB:FEATURE_LOCATION_CONFLICT::Coding region xref gene does not exist
P002_WC07/P002_WC07:CDS	hypothetical protein	k141_12215:9378-9659	P002_WC07_00102

DiscRep_SUB:FEATURE_LOCATION_CONFLICT::Coding region xref gene does not exist
P002_WC07/P002_WC07:CDS	photosystem II protein J	k141_25096:c918-796	P002_WC07_00103

DiscRep_SUB:FEATURE_LOCATION_CONFLICT::Coding region xref gene does not exist
P002_WC07/P002_WC07:CDS	photosystem II protein L	k141_25096:c1165-1049	P002_WC07_00104

DiscRep_SUB:FEATURE_LOCATION_CONFLICT::Coding region xref gene does not exist
P002_WC07/P002_WC07:CDS	photosystem II cytochrome b559 beta subunit	k141_25096:c1307-1188	P002_WC07_00105

DiscRep_SUB:FEATURE_LOCATION_CONFLICT::Coding region xref gene does not exist
P002_WC07/P002_WC07:CDS	photosystem II cytochrome b559 alpha subunit	k141_25096:c1568-1317	P002_WC07_00106

DiscRep_SUB:FEATURE_LOCATION_CONFLICT::Coding region xref gene does not exist
P002_WC07/P002_WC07:CDS	cytochrome b6/f complex subunit V	k141_25096:3108-3221	P002_WC07_00107

DiscRep_SUB:FEATURE_LOCATION_CONFLICT::Coding region xref gene does not exist
P002_WC07/P002_WC07:CDS	photosystem I subunit IX	k141_25096:4054-4194	P002_WC07_00110

DiscRep_SUB:FEATURE_LOCATION_CONFLICT::Coding region xref gene does not exist
P002_WC07/P002_WC07:CDS	ribosomal protein L33	k141_25096:4633-4845	P002_WC07_00111

DiscRep_SUB:FEATURE_LOCATION_CONFLICT::Coding region xref gene does not exist
P002_WC07/P002_WC07:CDS	ribosomal protein S18	k141_25096:5024-5368	P002_WC07_00112

DiscRep_SUB:FEATURE_LOCATION_CONFLICT::Coding region xref gene does not exist
P002_WC07/P002_WC07:CDS	hypothetical protein	k141_25096:c5526-5407	P002_WC07_00113

DiscRep_SUB:FEATURE_LOCATION_CONFLICT::Coding region xref gene does not exist
P002_WC07/P002_WC07:CDS	ribosomal protein L20	k141_25096:c6000-5659	P002_WC07_00114

DiscRep_SUB:FEATURE_LOCATION_CONFLICT::Coding region xref gene does not exist
P002_WC07/P002_WC07:CDS	hypothetical protein	k141_25096:c7459-7055	P002_WC07_00115

DiscRep_SUB:FEATURE_LOCATION_CONFLICT::Coding region xref gene does not exist
P002_WC07/P002_WC07:CDS	DNA-directed RNA polymerase subunit alpha	k141_25096:c7961-7722	P002_WC07_00116

DiscRep_SUB:FEATURE_LOCATION_CONFLICT::Coding region xref gene does not exist
P002_WC07/P002_WC07:CDS	hypothetical protein	k141_25096:c8249-8070	P002_WC07_00117

DiscRep_SUB:FEATURE_LOCATION_CONFLICT::Coding region xref gene does not exist
P002_WC07/P002_WC07:CDS	cytochrome b6/f complex subunit VII	k141_25096:10136-10225	P002_WC07_00119

DiscRep_SUB:FEATURE_LOCATION_CONFLICT::Coding region xref gene does not exist
P002_WC07/P002_WC07:CDS	hypothetical protein	k141_25096:10721-10891	P002_WC07_00120

DiscRep_SUB:FEATURE_LOCATION_CONFLICT::Coding region xref gene does not exist
P002_WC07/P002_WC07:CDS	hypothetical protein	k141_25096:c11151-10948	P002_WC07_00121

DiscRep_SUB:FEATURE_LOCATION_CONFLICT::RNA feature xref gene does not exist
P002_WC07/P002_WC07:tRNA	Trp	k141_25096:c3418-3345	P002_WC07_00108

DiscRep_SUB:FEATURE_LOCATION_CONFLICT::RNA feature xref gene does not exist
P002_WC07/P002_WC07:tRNA	Pro	k141_25096:c3653-3578	P002_WC07_00109

DiscRep_SUB:FEATURE_LOCATION_CONFLICT::RNA feature xref gene does not exist
P002_WC07/P002_WC07:tRNA	Cys	k141_25096:9277-9347	P002_WC07_00118

DiscRep_SUB:FEATURE_LOCATION_CONFLICT::RNA feature xref gene does not exist
P002_WC07/P002_WC07:tRNA	Asp	k141_25096:c12673-12597	P002_WC07_00122

DiscRep_SUB:FEATURE_LOCATION_CONFLICT::RNA feature xref gene does not exist
P002_WC07/P002_WC07:tRNA	Tyr	k141_25096:c12865-12780	P002_WC07_00123

DiscRep_SUB:FEATURE_LOCATION_CONFLICT::RNA feature xref gene does not exist
P002_WC07/P002_WC07:tRNA	Glu	k141_25096:c12997-12923	P002_WC07_00124

DiscRep_SUB:FEATURE_LOCATION_CONFLICT::Coding region xref gene does not exist
P002_WC07/P002_WC07:CDS	ribosomal protein L32	k141_796:383-586	P002_WC07_00125

DiscRep_SUB:FEATURE_LOCATION_CONFLICT::Coding region xref gene does not exist
P002_WC07/P002_WC07:CDS	cytochrome c heme attachment protein	k141_796:1591-2553	P002_WC07_00127

DiscRep_SUB:FEATURE_LOCATION_CONFLICT::Coding region xref gene does not exist
P002_WC07/P002_WC07:CDS	NADH-plastoquinone oxidoreductase subunit 4	k141_796:c4321-2801	P002_WC07_00128

DiscRep_SUB:FEATURE_LOCATION_CONFLICT::Coding region xref gene does not exist
P002_WC07/P002_WC07:CDS	photosystem I subunit VII	k141_796:c4678-4433	P002_WC07_00129

DiscRep_SUB:FEATURE_LOCATION_CONFLICT::Coding region xref gene does not exist
P002_WC07/P002_WC07:CDS	NADH-plastoquinone oxidoreductase subunit 4L	k141_796:c5228-4923	P002_WC07_00130

DiscRep_SUB:FEATURE_LOCATION_CONFLICT::Coding region xref gene does not exist
P002_WC07/P002_WC07:CDS	NADH-plastoquinone oxidoreductase subunit 6	k141_796:c5988-5455	P002_WC07_00131

DiscRep_SUB:FEATURE_LOCATION_CONFLICT::RNA feature xref gene does not exist
P002_WC07/P002_WC07:tRNA	Leu	k141_796:1414-1493	P002_WC07_00126

DiscRep_SUB:FEATURE_LOCATION_CONFLICT::Coding region xref gene does not exist
P002_WC07/P002_WC07:CDS	hypothetical protein	k141_8101:c1137-397	P002_WC07_00132

DiscRep_SUB:FEATURE_LOCATION_CONFLICT::Coding region xref gene does not exist
P002_WC07/P002_WC07:CDS	hypothetical protein	k141_8101:c2817-2584	P002_WC07_00133

DiscRep_SUB:FEATURE_LOCATION_CONFLICT::Coding region xref gene does not exist
P002_WC07/P002_WC07:CDS	hypothetical protein	k141_8101:c3424-3164	P002_WC07_00134

DiscRep_SUB:FEATURE_LOCATION_CONFLICT::Coding region xref gene does not exist
P002_WC07/P002_WC07:CDS	ribosomal protein S18	k141_8101:c3638-3504	P002_WC07_00135

DiscRep_SUB:FEATURE_LOCATION_CONFLICT::Coding region xref gene does not exist
P002_WC07/P002_WC07:CDS	hypothetical protein	k141_8101:c4166-3705	P002_WC07_00136

DiscRep_SUB:FEATURE_LOCATION_CONFLICT::Coding region xref gene does not exist
P002_WC07/P002_WC07:CDS	ATP synthase CF1 beta subunit	k141_8101:c4972-4778	P002_WC07_00137

DiscRep_SUB:FEATURE_LOCATION_CONFLICT::Coding region xref gene does not exist
P002_WC07/P002_WC07:CDS	hypothetical protein	k141_8101:c5444-5217	P002_WC07_00138

DiscRep_SUB:FEATURE_LOCATION_CONFLICT::Coding region xref gene does not exist
P002_WC07/P002_WC07:CDS	hypothetical protein	k141_27124:c510-304	P002_WC07_00139

DiscRep_SUB:FEATURE_LOCATION_CONFLICT::Coding region xref gene does not exist
P002_WC07/P002_WC07:CDS	photosystem II CP47 chlorophyll apoprotein	k141_27124:1018-2544	P002_WC07_00140

DiscRep_SUB:FEATURE_LOCATION_CONFLICT::Coding region xref gene does not exist
P002_WC07/P002_WC07:CDS	photosystem II phosphoprotein	k141_27124:3132-3353	P002_WC07_00141

DiscRep_SUB:FEATURE_LOCATION_CONFLICT::Coding region xref gene does not exist
P002_WC07/P002_WC07:CDS	cytochrome b6	k141_27124:4388-4876	P002_WC07_00142

DiscRep_SUB:FEATURE_LOCATION_CONFLICT::Coding region xref gene does not exist
P002_WC07/P002_WC07:CDS	hypothetical protein	k141_27124:c5732-5556	P002_WC07_00143

DiscRep_SUB:FEATURE_LOCATION_CONFLICT::Coding region xref gene does not exist
P002_WC07/P002_WC07:CDS	cytochrome b6/f complex subunit IV	k141_27124:5816-6340	P002_WC07_00144

DiscRep_SUB:FEATURE_LOCATION_CONFLICT::Coding region xref gene does not exist
P002_WC07/P002_WC07:CDS	ATP-dependent Clp protease proteolytic subunit	k141_27124:c7551-7270	P002_WC07_00145

DiscRep_SUB:FEATURE_LOCATION_CONFLICT::Coding region xref gene does not exist
P002_WC07/P002_WC07:CDS	hypothetical protein	k141_27124:c7803-7576	P002_WC07_00146

DiscRep_SUB:FEATURE_LOCATION_CONFLICT::Coding region xref gene does not exist
P002_WC07/P002_WC07:CDS	hypothetical protein	k141_17147:1418-1636	P002_WC07_00147

DiscRep_SUB:FEATURE_LOCATION_CONFLICT::Coding region xref gene does not exist
P002_WC07/P002_WC07:CDS	maturase K	k141_17147:2928-4448	P002_WC07_00148

DiscRep_SUB:FEATURE_LOCATION_CONFLICT::Coding region xref gene does not exist
P002_WC07/P002_WC07:CDS	photosystem II protein D1	k141_17147:4971-6032	P002_WC07_00149

DiscRep_SUB:FEATURE_LOCATION_CONFLICT::RNA feature xref gene does not exist
P002_WC07/P002_WC07:tRNA	His	k141_17147:6379-6452	P002_WC07_00150

DiscRep_ALL:SUSPECT_PRODUCT_NAMES::2 product_names contain suspect phrase or characters
DiscRep_SUB:SUSPECT_PRODUCT_NAMES::May contain database identifier more appropriate in note; remove from product name
DiscRep_SUB:SUSPECT_PRODUCT_NAMES::2 features contains three or more numbers together that may be identifiers more appropriate in note
P002_WC07/P002_WC07:CDS	photosystem I P700 apoprotein A1	k141_10626:21925-24177	P002_WC07_00071
P002_WC07/P002_WC07:CDS	photosystem I P700 apoprotein A2	k141_10626:24203-26407	P002_WC07_00072

DiscRep_ALL:DISC_QUALITY_SCORES::Quality scores are missing on all sequences.

FATAL: DiscRep_ALL:DISC_SUSPECT_RRNA_PRODUCTS::2 rRNA product names contain suspect phrase
FATAL: DiscRep_SUB:DISC_SUSPECT_RRNA_PRODUCTS::2 rRNA product names contains 'partial'
P002_WC07/P002_WC07:rRNA	16S ribosomal RNA (partial)	k141_17618:c926-482	P002_WC07_00048
P002_WC07/P002_WC07:rRNA	16S ribosomal RNA (partial)	k141_17618:c2252-1181	P002_WC07_00049

FATAL: DiscRep_ALL:DISC_SHORT_RRNA::1 rRNA features are too short
P002_WC07/P002_WC07:rRNA	16S ribosomal RNA (partial)	k141_17618:c926-482	P002_WC07_00048

DiscRep_ALL:ONCALLER_COMMENT_PRESENT::15 comment descriptors were found (all same)
P002_WC07/P002_WC07:k141_27437:Annotated using prokka 1.14.5 from https://github.com/tseemann/prokka
P002_WC07/P002_WC07:k141_2979:Annotated using prokka 1.14.5 from https://github.com/tseemann/prokka
P002_WC07/P002_WC07:k141_27575:Annotated using prokka 1.14.5 from https://github.com/tseemann/prokka
P002_WC07/P002_WC07:k141_17510:Annotated using prokka 1.14.5 from https://github.com/tseemann/prokka
P002_WC07/P002_WC07:k141_3139:Annotated using prokka 1.14.5 from https://github.com/tseemann/prokka
P002_WC07/P002_WC07:k141_17618:Annotated using prokka 1.14.5 from https://github.com/tseemann/prokka
P002_WC07/P002_WC07:k141_11943:Annotated using prokka 1.14.5 from https://github.com/tseemann/prokka
P002_WC07/P002_WC07:k141_10626:Annotated using prokka 1.14.5 from https://github.com/tseemann/prokka
P002_WC07/P002_WC07:k141_15046:Annotated using prokka 1.14.5 from https://github.com/tseemann/prokka
P002_WC07/P002_WC07:k141_12215:Annotated using prokka 1.14.5 from https://github.com/tseemann/prokka
P002_WC07/P002_WC07:k141_25096:Annotated using prokka 1.14.5 from https://github.com/tseemann/prokka
P002_WC07/P002_WC07:k141_796:Annotated using prokka 1.14.5 from https://github.com/tseemann/prokka
P002_WC07/P002_WC07:k141_8101:Annotated using prokka 1.14.5 from https://github.com/tseemann/prokka
P002_WC07/P002_WC07:k141_27124:Annotated using prokka 1.14.5 from https://github.com/tseemann/prokka
P002_WC07/P002_WC07:k141_17147:Annotated using prokka 1.14.5 from https://github.com/tseemann/prokka

DiscRep_ALL:SHORT_PROT_SEQUENCES::15 protein sequences are shorter than 50 aa.
P002_WC07/P002_WC07:k141_27437_2 (length 34)
P002_WC07/P002_WC07:k141_17510_6 (length 42)
P002_WC07/P002_WC07:k141_17510_8 (length 46)
P002_WC07/P002_WC07:k141_17510_9 (length 38)
P002_WC07/P002_WC07:k141_10626_14 (length 36)
P002_WC07/P002_WC07:k141_15046_1 (length 43)
P002_WC07/P002_WC07:k141_12215_14 (length 46)
P002_WC07/P002_WC07:k141_25096_1 (length 40)
P002_WC07/P002_WC07:k141_25096_2 (length 38)
P002_WC07/P002_WC07:k141_25096_3 (length 39)
P002_WC07/P002_WC07:k141_25096_5 (length 37)
P002_WC07/P002_WC07:k141_25096_6 (length 46)
P002_WC07/P002_WC07:k141_25096_9 (length 39)
P002_WC07/P002_WC07:k141_25096_14 (length 29)
P002_WC07/P002_WC07:k141_8101_4 (length 44)

DiscRep_ALL:MISSING_GENOMEASSEMBLY_COMMENTS::15 bioseqs are missing GenomeAssembly structured comments
P002_WC07/P002_WC07:k141_27437 (length 15694)
P002_WC07/P002_WC07:k141_2979 (length 14113)
P002_WC07/P002_WC07:k141_27575 (length 1153)
P002_WC07/P002_WC07:k141_17510 (length 10202)
P002_WC07/P002_WC07:k141_3139 (length 3698)
P002_WC07/P002_WC07:k141_17618 (length 2255)
P002_WC07/P002_WC07:k141_11943 (length 4066)
P002_WC07/P002_WC07:k141_10626 (length 33795)
P002_WC07/P002_WC07:k141_15046 (length 1116)
P002_WC07/P002_WC07:k141_12215 (length 9959)
P002_WC07/P002_WC07:k141_25096 (length 13249)
P002_WC07/P002_WC07:k141_796 (length 6380)
P002_WC07/P002_WC07:k141_8101 (length 5472)
P002_WC07/P002_WC07:k141_27124 (length 8278)
P002_WC07/P002_WC07:k141_17147 (length 6725)

DiscRep_ALL:MOLTYPE_NOT_MRNA::15 molecule types are not set as mRNA.
P002_WC07/P002_WC07:k141_27437 (length 15694)
P002_WC07/P002_WC07:k141_2979 (length 14113)
P002_WC07/P002_WC07:k141_27575 (length 1153)
P002_WC07/P002_WC07:k141_17510 (length 10202)
P002_WC07/P002_WC07:k141_3139 (length 3698)
P002_WC07/P002_WC07:k141_17618 (length 2255)
P002_WC07/P002_WC07:k141_11943 (length 4066)
P002_WC07/P002_WC07:k141_10626 (length 33795)
P002_WC07/P002_WC07:k141_15046 (length 1116)
P002_WC07/P002_WC07:k141_12215 (length 9959)
P002_WC07/P002_WC07:k141_25096 (length 13249)
P002_WC07/P002_WC07:k141_796 (length 6380)
P002_WC07/P002_WC07:k141_8101 (length 5472)
P002_WC07/P002_WC07:k141_27124 (length 8278)
P002_WC07/P002_WC07:k141_17147 (length 6725)

DiscRep_ALL:TECHNIQUE_NOT_TSA::15 technique are not set as TSA
P002_WC07/P002_WC07:k141_27437 (length 15694)
P002_WC07/P002_WC07:k141_2979 (length 14113)
P002_WC07/P002_WC07:k141_27575 (length 1153)
P002_WC07/P002_WC07:k141_17510 (length 10202)
P002_WC07/P002_WC07:k141_3139 (length 3698)
P002_WC07/P002_WC07:k141_17618 (length 2255)
P002_WC07/P002_WC07:k141_11943 (length 4066)
P002_WC07/P002_WC07:k141_10626 (length 33795)
P002_WC07/P002_WC07:k141_15046 (length 1116)
P002_WC07/P002_WC07:k141_12215 (length 9959)
P002_WC07/P002_WC07:k141_25096 (length 13249)
P002_WC07/P002_WC07:k141_796 (length 6380)
P002_WC07/P002_WC07:k141_8101 (length 5472)
P002_WC07/P002_WC07:k141_27124 (length 8278)
P002_WC07/P002_WC07:k141_17147 (length 6725)

DiscRep_ALL:MISSING_STRUCTURED_COMMENT::15 sequences do not include structured comments.
P002_WC07/P002_WC07:k141_27437 (length 15694)
P002_WC07/P002_WC07:k141_2979 (length 14113)
P002_WC07/P002_WC07:k141_27575 (length 1153)
P002_WC07/P002_WC07:k141_17510 (length 10202)
P002_WC07/P002_WC07:k141_3139 (length 3698)
P002_WC07/P002_WC07:k141_17618 (length 2255)
P002_WC07/P002_WC07:k141_11943 (length 4066)
P002_WC07/P002_WC07:k141_10626 (length 33795)
P002_WC07/P002_WC07:k141_15046 (length 1116)
P002_WC07/P002_WC07:k141_12215 (length 9959)
P002_WC07/P002_WC07:k141_25096 (length 13249)
P002_WC07/P002_WC07:k141_796 (length 6380)
P002_WC07/P002_WC07:k141_8101 (length 5472)
P002_WC07/P002_WC07:k141_27124 (length 8278)
P002_WC07/P002_WC07:k141_17147 (length 6725)

DiscRep_ALL:MISSING_PROJECT::135 sequences do not include project.
P002_WC07/P002_WC07:k141_27437 (length 15694)
P002_WC07/P002_WC07:k141_27437_1 (length 71)
P002_WC07/P002_WC07:k141_27437_2 (length 34)
P002_WC07/P002_WC07:k141_27437_3 (length 82)
P002_WC07/P002_WC07:k141_27437_4 (length 81)
P002_WC07/P002_WC07:k141_27437_5 (length 175)
P002_WC07/P002_WC07:k141_27437_6 (length 146)
P002_WC07/P002_WC07:k141_27437_7 (length 150)
P002_WC07/P002_WC07:k141_27437_8 (length 92)
P002_WC07/P002_WC07:k141_27437_9 (length 395)
P002_WC07/P002_WC07:k141_27437_10 (length 188)
P002_WC07/P002_WC07:k141_27437_11 (length 156)
P002_WC07/P002_WC07:k141_2979 (length 14113)
P002_WC07/P002_WC07:k141_2979_1 (length 133)
P002_WC07/P002_WC07:k141_2979_2 (length 498)
P002_WC07/P002_WC07:k141_2979_3 (length 475)
P002_WC07/P002_WC07:k141_2979_4 (length 120)
P002_WC07/P002_WC07:k141_2979_5 (length 229)
P002_WC07/P002_WC07:k141_2979_6 (length 158)
P002_WC07/P002_WC07:k141_2979_7 (length 208)
P002_WC07/P002_WC07:k141_2979_8 (length 82)
P002_WC07/P002_WC07:k141_27575 (length 1153)
P002_WC07/P002_WC07:k141_17510 (length 10202)
P002_WC07/P002_WC07:k141_17510_1 (length 70)
P002_WC07/P002_WC07:k141_17510_2 (length 155)
P002_WC07/P002_WC07:k141_17510_3 (length 50)
P002_WC07/P002_WC07:k141_17510_4 (length 285)
P002_WC07/P002_WC07:k141_17510_5 (length 273)
P002_WC07/P002_WC07:k141_17510_6 (length 42)
P002_WC07/P002_WC07:k141_17510_7 (length 129)
P002_WC07/P002_WC07:k141_17510_8 (length 46)
P002_WC07/P002_WC07:k141_17510_9 (length 38)
P002_WC07/P002_WC07:k141_17510_10 (length 126)
P002_WC07/P002_WC07:k141_3139 (length 3698)
P002_WC07/P002_WC07:k141_3139_1 (length 95)
P002_WC07/P002_WC07:k141_3139_2 (length 267)
P002_WC07/P002_WC07:k141_3139_3 (length 92)
P002_WC07/P002_WC07:k141_3139_4 (length 154)
P002_WC07/P002_WC07:k141_3139_5 (length 236)
P002_WC07/P002_WC07:k141_3139_6 (length 87)
P002_WC07/P002_WC07:k141_17618 (length 2255)
P002_WC07/P002_WC07:k141_11943 (length 4066)
P002_WC07/P002_WC07:k141_11943_1 (length 184)
P002_WC07/P002_WC07:k141_11943_2 (length 229)
P002_WC07/P002_WC07:k141_11943_3 (length 320)
P002_WC07/P002_WC07:k141_10626 (length 33795)
P002_WC07/P002_WC07:k141_10626_1 (length 1073)
P002_WC07/P002_WC07:k141_10626_2 (length 125)
P002_WC07/P002_WC07:k141_10626_3 (length 685)
P002_WC07/P002_WC07:k141_10626_4 (length 1370)
P002_WC07/P002_WC07:k141_10626_5 (length 235)
P002_WC07/P002_WC07:k141_10626_6 (length 247)
P002_WC07/P002_WC07:k141_10626_7 (length 104)
P002_WC07/P002_WC07:k141_10626_8 (length 81)
P002_WC07/P002_WC07:k141_10626_9 (length 56)
P002_WC07/P002_WC07:k141_10626_10 (length 95)
P002_WC07/P002_WC07:k141_10626_11 (length 507)
P002_WC07/P002_WC07:k141_10626_12 (length 58)
P002_WC07/P002_WC07:k141_10626_13 (length 51)
P002_WC07/P002_WC07:k141_10626_14 (length 36)
P002_WC07/P002_WC07:k141_10626_15 (length 72)
P002_WC07/P002_WC07:k141_10626_16 (length 750)
P002_WC07/P002_WC07:k141_10626_17 (length 734)
P002_WC07/P002_WC07:k141_10626_18 (length 100)
P002_WC07/P002_WC07:k141_10626_19 (length 70)
P002_WC07/P002_WC07:k141_10626_20 (length 461)
P002_WC07/P002_WC07:k141_10626_21 (length 353)
P002_WC07/P002_WC07:k141_10626_22 (length 62)
P002_WC07/P002_WC07:k141_10626_23 (length 69)
P002_WC07/P002_WC07:k141_10626_24 (length 66)
P002_WC07/P002_WC07:k141_10626_25 (length 167)
P002_WC07/P002_WC07:k141_15046 (length 1116)
P002_WC07/P002_WC07:k141_15046_1 (length 43)
P002_WC07/P002_WC07:k141_15046_2 (length 71)
P002_WC07/P002_WC07:k141_12215 (length 9959)
P002_WC07/P002_WC07:k141_12215_1 (length 78)
P002_WC07/P002_WC07:k141_12215_2 (length 119)
P002_WC07/P002_WC07:k141_12215_3 (length 132)
P002_WC07/P002_WC07:k141_12215_4 (length 132)
P002_WC07/P002_WC07:k141_12215_5 (length 54)
P002_WC07/P002_WC07:k141_12215_6 (length 81)
P002_WC07/P002_WC07:k141_12215_7 (length 138)
P002_WC07/P002_WC07:k141_12215_8 (length 274)
P002_WC07/P002_WC07:k141_12215_9 (length 87)
P002_WC07/P002_WC07:k141_12215_10 (length 286)
P002_WC07/P002_WC07:k141_12215_11 (length 83)
P002_WC07/P002_WC07:k141_12215_12 (length 78)
P002_WC07/P002_WC07:k141_12215_13 (length 246)
P002_WC07/P002_WC07:k141_12215_14 (length 46)
P002_WC07/P002_WC07:k141_12215_15 (length 93)
P002_WC07/P002_WC07:k141_25096 (length 13249)
P002_WC07/P002_WC07:k141_25096_1 (length 40)
P002_WC07/P002_WC07:k141_25096_2 (length 38)
P002_WC07/P002_WC07:k141_25096_3 (length 39)
P002_WC07/P002_WC07:k141_25096_4 (length 83)
P002_WC07/P002_WC07:k141_25096_5 (length 37)
P002_WC07/P002_WC07:k141_25096_6 (length 46)
P002_WC07/P002_WC07:k141_25096_7 (length 70)
P002_WC07/P002_WC07:k141_25096_8 (length 114)
P002_WC07/P002_WC07:k141_25096_9 (length 39)
P002_WC07/P002_WC07:k141_25096_10 (length 113)
P002_WC07/P002_WC07:k141_25096_11 (length 134)
P002_WC07/P002_WC07:k141_25096_12 (length 79)
P002_WC07/P002_WC07:k141_25096_13 (length 59)
P002_WC07/P002_WC07:k141_25096_14 (length 29)
P002_WC07/P002_WC07:k141_25096_15 (length 56)
P002_WC07/P002_WC07:k141_25096_16 (length 67)
P002_WC07/P002_WC07:k141_796 (length 6380)
P002_WC07/P002_WC07:k141_796_1 (length 67)
P002_WC07/P002_WC07:k141_796_2 (length 320)
P002_WC07/P002_WC07:k141_796_3 (length 506)
P002_WC07/P002_WC07:k141_796_4 (length 81)
P002_WC07/P002_WC07:k141_796_5 (length 101)
P002_WC07/P002_WC07:k141_796_6 (length 177)
P002_WC07/P002_WC07:k141_8101 (length 5472)
P002_WC07/P002_WC07:k141_8101_1 (length 246)
P002_WC07/P002_WC07:k141_8101_2 (length 77)
P002_WC07/P002_WC07:k141_8101_3 (length 86)
P002_WC07/P002_WC07:k141_8101_4 (length 44)
P002_WC07/P002_WC07:k141_8101_5 (length 153)
P002_WC07/P002_WC07:k141_8101_6 (length 64)
P002_WC07/P002_WC07:k141_8101_7 (length 75)
P002_WC07/P002_WC07:k141_27124 (length 8278)
P002_WC07/P002_WC07:k141_27124_1 (length 68)
P002_WC07/P002_WC07:k141_27124_2 (length 508)
P002_WC07/P002_WC07:k141_27124_3 (length 73)
P002_WC07/P002_WC07:k141_27124_4 (length 162)
P002_WC07/P002_WC07:k141_27124_5 (length 58)
P002_WC07/P002_WC07:k141_27124_6 (length 174)
P002_WC07/P002_WC07:k141_27124_7 (length 93)
P002_WC07/P002_WC07:k141_27124_8 (length 75)
P002_WC07/P002_WC07:k141_17147 (length 6725)
P002_WC07/P002_WC07:k141_17147_1 (length 72)
P002_WC07/P002_WC07:k141_17147_2 (length 506)
P002_WC07/P002_WC07:k141_17147_3 (length 353)

FATAL: DiscRep_ALL:RRNA_NAME_CONFLICTS::2 rRNA product names are not standard. Correct the names to the standard format, eg "16S ribosomal RNA"
P002_WC07/P002_WC07:rRNA	16S ribosomal RNA (partial)	k141_17618:c926-482	P002_WC07_00048
P002_WC07/P002_WC07:rRNA	16S ribosomal RNA (partial)	k141_17618:c2252-1181	P002_WC07_00049

DiscRep_ALL:DISC_INCONSISTENT_MOLINFO_TECH::Molinfo Technique Report (some missing, all same)
DiscRep_SUB:DISC_INCONSISTENT_MOLINFO_TECH::technique (all missing)
DiscRep_SUB:DISC_INCONSISTENT_MOLINFO_TECH::15 Molinfos are missing field technique
P002_WC07/P002_WC07:k141_796 (length 6380)
P002_WC07/P002_WC07:k141_2979 (length 14113)
P002_WC07/P002_WC07:k141_3139 (length 3698)
P002_WC07/P002_WC07:k141_8101 (length 5472)
P002_WC07/P002_WC07:k141_10626 (length 33795)
P002_WC07/P002_WC07:k141_11943 (length 4066)
P002_WC07/P002_WC07:k141_12215 (length 9959)
P002_WC07/P002_WC07:k141_15046 (length 1116)
P002_WC07/P002_WC07:k141_17147 (length 6725)
P002_WC07/P002_WC07:k141_17510 (length 10202)
P002_WC07/P002_WC07:k141_17618 (length 2255)
P002_WC07/P002_WC07:k141_25096 (length 13249)
P002_WC07/P002_WC07:k141_27124 (length 8278)
P002_WC07/P002_WC07:k141_27437 (length 15694)
P002_WC07/P002_WC07:k141_27575 (length 1153)

