Discrepancy Report Results

Summary
FATAL: MISSING_PROTEIN_ID:89 proteins have invalid IDs.
DISC_SOURCE_QUALS_ASNDISC:strain (all present, all same)
DISC_SOURCE_QUALS_ASNDISC:taxname (all present, all same)
DISC_FEATURE_COUNT:CDS: 89 present
DISC_FEATURE_COUNT:tRNA: 24 present
DISC_FEATURE_COUNT:rRNA: 2 present
DISC_COUNT_NUCLEOTIDES:6 nucleotide Bioseqs are present
FEATURE_LOCATION_CONFLICT:115 features have inconsistent gene locations.
SUSPECT_PRODUCT_NAMES:2 product_names contain suspect phrase or characters
	May contain database identifier more appropriate in note; remove from product name
		2 features contains three or more numbers together that may be identifiers more appropriate in note
DISC_QUALITY_SCORES:Quality scores are missing on all sequences.
ONCALLER_COMMENT_PRESENT:6 comment descriptors were found (all same)
SHORT_PROT_SEQUENCES:7 protein sequences are shorter than 50 aa.
MISSING_GENOMEASSEMBLY_COMMENTS:6 bioseqs are missing GenomeAssembly structured comments
MOLTYPE_NOT_MRNA:6 molecule types are not set as mRNA.
TECHNIQUE_NOT_TSA:6 technique are not set as TSA
MISSING_STRUCTURED_COMMENT:6 sequences do not include structured comments.
MISSING_PROJECT:95 sequences do not include project.
DISC_INCONSISTENT_MOLINFO_TECH:Molinfo Technique Report (some missing, all same)


Detailed Report

FATAL: DiscRep_ALL:MISSING_PROTEIN_ID::89 proteins have invalid IDs.
P001_WG11/P001_WG11:k141_57929_1 (length 141)
P001_WG11/P001_WG11:k141_57929_2 (length 104)
P001_WG11/P001_WG11:k141_57929_3 (length 93)
P001_WG11/P001_WG11:k141_57929_4 (length 2196)
P001_WG11/P001_WG11:k141_57929_5 (length 74)
P001_WG11/P001_WG11:k141_57929_6 (length 260)
P001_WG11/P001_WG11:k141_57929_7 (length 282)
P001_WG11/P001_WG11:k141_57929_8 (length 79)
P001_WG11/P001_WG11:k141_57929_9 (length 155)
P001_WG11/P001_WG11:k141_57929_10 (length 84)
P001_WG11/P001_WG11:k141_57929_11 (length 67)
P001_WG11/P001_WG11:k141_57929_12 (length 123)
P001_WG11/P001_WG11:k141_57929_13 (length 85)
P001_WG11/P001_WG11:k141_57929_14 (length 71)
P001_WG11/P001_WG11:k141_57929_15 (length 88)
P001_WG11/P001_WG11:k141_6984_1 (length 508)
P001_WG11/P001_WG11:k141_6984_2 (length 94)
P001_WG11/P001_WG11:k141_6984_3 (length 219)
P001_WG11/P001_WG11:k141_6984_4 (length 152)
P001_WG11/P001_WG11:k141_6984_5 (length 337)
P001_WG11/P001_WG11:k141_6984_6 (length 138)
P001_WG11/P001_WG11:k141_6984_7 (length 134)
P001_WG11/P001_WG11:k141_6984_8 (length 122)
P001_WG11/P001_WG11:k141_6984_9 (length 119)
P001_WG11/P001_WG11:k141_6984_10 (length 60)
P001_WG11/P001_WG11:k141_6984_11 (length 218)
P001_WG11/P001_WG11:k141_6984_12 (length 127)
P001_WG11/P001_WG11:k141_6984_13 (length 92)
P001_WG11/P001_WG11:k141_20780_1 (length 73)
P001_WG11/P001_WG11:k141_20780_2 (length 110)
P001_WG11/P001_WG11:k141_20780_3 (length 247)
P001_WG11/P001_WG11:k141_20780_4 (length 236)
P001_WG11/P001_WG11:k141_20780_5 (length 1378)
P001_WG11/P001_WG11:k141_20780_6 (length 544)
P001_WG11/P001_WG11:k141_20780_7 (length 152)
P001_WG11/P001_WG11:k141_20780_8 (length 1085)
P001_WG11/P001_WG11:k141_20780_9 (length 51)
P001_WG11/P001_WG11:k141_20780_10 (length 353)
P001_WG11/P001_WG11:k141_20780_11 (length 461)
P001_WG11/P001_WG11:k141_20780_12 (length 62)
P001_WG11/P001_WG11:k141_20780_13 (length 100)
P001_WG11/P001_WG11:k141_20780_14 (length 734)
P001_WG11/P001_WG11:k141_20780_15 (length 750)
P001_WG11/P001_WG11:k141_20780_16 (length 83)
P001_WG11/P001_WG11:k141_20780_17 (length 82)
P001_WG11/P001_WG11:k141_20780_18 (length 47)
P001_WG11/P001_WG11:k141_20780_19 (length 44)
P001_WG11/P001_WG11:k141_20780_20 (length 201)
P001_WG11/P001_WG11:k141_20780_21 (length 158)
P001_WG11/P001_WG11:k141_20780_22 (length 253)
P001_WG11/P001_WG11:k141_20780_23 (length 120)
P001_WG11/P001_WG11:k141_20780_24 (length 79)
P001_WG11/P001_WG11:k141_20780_25 (length 135)
P001_WG11/P001_WG11:k141_20780_26 (length 498)
P001_WG11/P001_WG11:k141_20780_27 (length 487)
P001_WG11/P001_WG11:k141_20780_28 (length 482)
P001_WG11/P001_WG11:k141_20780_29 (length 34)
P001_WG11/P001_WG11:k141_20780_30 (length 184)
P001_WG11/P001_WG11:k141_20780_31 (length 223)
P001_WG11/P001_WG11:k141_20780_32 (length 320)
P001_WG11/P001_WG11:k141_20780_33 (length 40)
P001_WG11/P001_WG11:k141_20780_34 (length 39)
P001_WG11/P001_WG11:k141_20780_35 (length 83)
P001_WG11/P001_WG11:k141_20780_36 (length 42)
P001_WG11/P001_WG11:k141_20780_37 (length 101)
P001_WG11/P001_WG11:k141_20780_38 (length 117)
P001_WG11/P001_WG11:k141_20780_39 (length 81)
P001_WG11/P001_WG11:k141_20780_40 (length 83)
P001_WG11/P001_WG11:k141_20780_41 (length 129)
P001_WG11/P001_WG11:k141_440_1 (length 57)
P001_WG11/P001_WG11:k141_440_2 (length 73)
P001_WG11/P001_WG11:k141_440_3 (length 321)
P001_WG11/P001_WG11:k141_440_4 (length 515)
P001_WG11/P001_WG11:k141_440_5 (length 101)
P001_WG11/P001_WG11:k141_440_6 (length 176)
P001_WG11/P001_WG11:k141_440_7 (length 180)
P001_WG11/P001_WG11:k141_440_8 (length 153)
P001_WG11/P001_WG11:k141_440_9 (length 32)
P001_WG11/P001_WG11:k141_440_10 (length 188)
P001_WG11/P001_WG11:k141_440_11 (length 393)
P001_WG11/P001_WG11:k141_440_12 (length 90)
P001_WG11/P001_WG11:k141_440_13 (length 1412)
P001_WG11/P001_WG11:k141_46549_1 (length 353)
P001_WG11/P001_WG11:k141_46549_2 (length 514)
P001_WG11/P001_WG11:k141_46549_3 (length 63)
P001_WG11/P001_WG11:k141_46549_4 (length 507)
P001_WG11/P001_WG11:k141_46549_5 (length 124)
P001_WG11/P001_WG11:k141_46549_6 (length 69)
P001_WG11/P001_WG11:k141_63943_1 (length 729)

DiscRep_ALL:DISC_SOURCE_QUALS_ASNDISC::strain (all present, all same)
DiscRep_SUB:DISC_SOURCE_QUALS_ASNDISC::6 sources have 'strain' for strain
DiscRep_ALL:DISC_SOURCE_QUALS_ASNDISC::taxname (all present, all same)
DiscRep_SUB:DISC_SOURCE_QUALS_ASNDISC::6 sources have 'Genus species' for taxname
DiscRep_ALL:DISC_FEATURE_COUNT::CDS: 89 present
DiscRep_ALL:DISC_FEATURE_COUNT::tRNA: 24 present
DiscRep_ALL:DISC_FEATURE_COUNT::rRNA: 2 present
DiscRep_ALL:DISC_COUNT_NUCLEOTIDES::6 nucleotide Bioseqs are present
P001_WG11/P001_WG11:k141_57929 (length 25520)
P001_WG11/P001_WG11:k141_6984 (length 12312)
P001_WG11/P001_WG11:k141_20780 (length 56549)
P001_WG11/P001_WG11:k141_440 (length 15263)
P001_WG11/P001_WG11:k141_46549 (length 12092)
P001_WG11/P001_WG11:k141_63943 (length 2441)

DiscRep_ALL:FEATURE_LOCATION_CONFLICT::115 features have inconsistent gene locations.
DiscRep_SUB:FEATURE_LOCATION_CONFLICT::Coding region xref gene does not exist
P001_WG11/P001_WG11:CDS	ribosomal protein L2	k141_57929:c738-313	P001_WG11_00002

DiscRep_SUB:FEATURE_LOCATION_CONFLICT::Coding region xref gene does not exist
P001_WG11/P001_WG11:CDS	ribosomal protein L2	k141_57929:c1713-1399	P001_WG11_00003

DiscRep_SUB:FEATURE_LOCATION_CONFLICT::Coding region xref gene does not exist
P001_WG11/P001_WG11:CDS	ribosomal protein L23	k141_57929:c2100-1819	P001_WG11_00004

DiscRep_SUB:FEATURE_LOCATION_CONFLICT::Coding region xref gene does not exist
P001_WG11/P001_WG11:CDS	ATP-dependent zinc metalloprotease FtsH	k141_57929:2408-8998	P001_WG11_00006

DiscRep_SUB:FEATURE_LOCATION_CONFLICT::Coding region xref gene does not exist
P001_WG11/P001_WG11:CDS	hypothetical protein	k141_57929:c9957-9733	P001_WG11_00008

DiscRep_SUB:FEATURE_LOCATION_CONFLICT::Coding region xref gene does not exist
P001_WG11/P001_WG11:CDS	NADH-plastoquinone oxidoreductase subunit 2	k141_57929:c10997-10215	P001_WG11_00009

DiscRep_SUB:FEATURE_LOCATION_CONFLICT::Coding region xref gene does not exist
P001_WG11/P001_WG11:CDS	NADH-plastoquinone oxidoreductase subunit 2	k141_57929:c12433-11585	P001_WG11_00010

DiscRep_SUB:FEATURE_LOCATION_CONFLICT::Coding region xref gene does not exist
P001_WG11/P001_WG11:CDS	hypothetical protein	k141_57929:12609-12848	P001_WG11_00011

DiscRep_SUB:FEATURE_LOCATION_CONFLICT::Coding region xref gene does not exist
P001_WG11/P001_WG11:CDS	ribosomal protein S7	k141_57929:c13217-12750	P001_WG11_00012

DiscRep_SUB:FEATURE_LOCATION_CONFLICT::Coding region xref gene does not exist
P001_WG11/P001_WG11:CDS	hypothetical protein	k141_57929:c13717-13463	P001_WG11_00013

DiscRep_SUB:FEATURE_LOCATION_CONFLICT::Coding region xref gene does not exist
P001_WG11/P001_WG11:CDS	hypothetical protein	k141_57929:14713-14916	P001_WG11_00014

DiscRep_SUB:FEATURE_LOCATION_CONFLICT::Coding region xref gene does not exist
P001_WG11/P001_WG11:CDS	hypothetical protein	k141_57929:c15693-15322	P001_WG11_00015

DiscRep_SUB:FEATURE_LOCATION_CONFLICT::Coding region xref gene does not exist
P001_WG11/P001_WG11:CDS	hypothetical protein	k141_57929:c18843-18586	P001_WG11_00018

DiscRep_SUB:FEATURE_LOCATION_CONFLICT::Coding region xref gene does not exist
P001_WG11/P001_WG11:CDS	hypothetical protein	k141_57929:19735-19950	P001_WG11_00019

DiscRep_SUB:FEATURE_LOCATION_CONFLICT::Coding region xref gene does not exist
P001_WG11/P001_WG11:CDS	hypothetical protein	k141_57929:23680-23946	P001_WG11_00022

DiscRep_SUB:FEATURE_LOCATION_CONFLICT::RNA feature xref gene does not exist
P001_WG11/P001_WG11:tRNA	His	k141_57929:191-265	P001_WG11_00001

DiscRep_SUB:FEATURE_LOCATION_CONFLICT::RNA feature xref gene does not exist
P001_WG11/P001_WG11:tRNA	Met	k141_57929:c2339-2265	P001_WG11_00005

DiscRep_SUB:FEATURE_LOCATION_CONFLICT::RNA feature xref gene does not exist
P001_WG11/P001_WG11:tRNA	Leu	k141_57929:c9649-9567	P001_WG11_00007

DiscRep_SUB:FEATURE_LOCATION_CONFLICT::RNA feature xref gene does not exist
P001_WG11/P001_WG11:tRNA	Val	k141_57929:15803-15874	P001_WG11_00016

DiscRep_SUB:FEATURE_LOCATION_CONFLICT::RNA feature xref gene does not exist
P001_WG11/P001_WG11:rRNA	16S ribosomal RNA	k141_57929:16105-17591	P001_WG11_00017

DiscRep_SUB:FEATURE_LOCATION_CONFLICT::RNA feature xref gene does not exist
P001_WG11/P001_WG11:rRNA	23S ribosomal RNA	k141_57929:19982-22988	P001_WG11_00020

DiscRep_SUB:FEATURE_LOCATION_CONFLICT::RNA feature xref gene does not exist
P001_WG11/P001_WG11:tRNA	Arg	k141_57929:23565-23638	P001_WG11_00021

DiscRep_SUB:FEATURE_LOCATION_CONFLICT::RNA feature xref gene does not exist
P001_WG11/P001_WG11:tRNA	Asn	k141_57929:c24106-24033	P001_WG11_00023

DiscRep_SUB:FEATURE_LOCATION_CONFLICT::Coding region xref gene does not exist
P001_WG11/P001_WG11:CDS	photosystem II CP47 chlorophyll apoprotein	k141_6984:430-1956	P001_WG11_00024

DiscRep_SUB:FEATURE_LOCATION_CONFLICT::Coding region xref gene does not exist
P001_WG11/P001_WG11:CDS	hypothetical protein	k141_6984:c2728-2444	P001_WG11_00025

DiscRep_SUB:FEATURE_LOCATION_CONFLICT::Coding region xref gene does not exist
P001_WG11/P001_WG11:CDS	cytochrome b6	k141_6984:3695-4354	P001_WG11_00026

DiscRep_SUB:FEATURE_LOCATION_CONFLICT::Coding region xref gene does not exist
P001_WG11/P001_WG11:CDS	cytochrome b6/f complex subunit IV	k141_6984:5333-5791	P001_WG11_00027

DiscRep_SUB:FEATURE_LOCATION_CONFLICT::Coding region xref gene does not exist
P001_WG11/P001_WG11:CDS	DNA-directed RNA polymerase subunit alpha	k141_6984:c7027-6014	P001_WG11_00028

DiscRep_SUB:FEATURE_LOCATION_CONFLICT::Coding region xref gene does not exist
P001_WG11/P001_WG11:CDS	ribosomal protein S11	k141_6984:c7514-7098	P001_WG11_00029

DiscRep_SUB:FEATURE_LOCATION_CONFLICT::Coding region xref gene does not exist
P001_WG11/P001_WG11:CDS	ribosomal protein S8	k141_6984:c8557-8153	P001_WG11_00030

DiscRep_SUB:FEATURE_LOCATION_CONFLICT::Coding region xref gene does not exist
P001_WG11/P001_WG11:CDS	ribosomal protein L14	k141_6984:c9124-8756	P001_WG11_00031

DiscRep_SUB:FEATURE_LOCATION_CONFLICT::Coding region xref gene does not exist
P001_WG11/P001_WG11:CDS	ribosomal protein L16	k141_6984:c9604-9245	P001_WG11_00032

DiscRep_SUB:FEATURE_LOCATION_CONFLICT::Coding region xref gene does not exist
P001_WG11/P001_WG11:CDS	hypothetical protein	k141_6984:10310-10492	P001_WG11_00033

DiscRep_SUB:FEATURE_LOCATION_CONFLICT::Coding region xref gene does not exist
P001_WG11/P001_WG11:CDS	ribosomal protein S3	k141_6984:c11480-10824	P001_WG11_00034

DiscRep_SUB:FEATURE_LOCATION_CONFLICT::Coding region xref gene does not exist
P001_WG11/P001_WG11:CDS	ribosomal protein L22	k141_6984:c11873-11490	P001_WG11_00035

DiscRep_SUB:FEATURE_LOCATION_CONFLICT::Coding region xref gene does not exist
P001_WG11/P001_WG11:CDS	ribosomal protein S19	k141_6984:c12218-11940	P001_WG11_00036

DiscRep_SUB:FEATURE_LOCATION_CONFLICT::Coding region xref gene does not exist
P001_WG11/P001_WG11:CDS	hypothetical protein	k141_20780:c696-475	P001_WG11_00037

DiscRep_SUB:FEATURE_LOCATION_CONFLICT::Coding region xref gene does not exist
P001_WG11/P001_WG11:CDS	ATP synthase subunit c	k141_20780:c1507-1175	P001_WG11_00038

DiscRep_SUB:FEATURE_LOCATION_CONFLICT::Coding region xref gene does not exist
P001_WG11/P001_WG11:CDS	ATP synthase CF0 subunit IV	k141_20780:c2710-1967	P001_WG11_00039

DiscRep_SUB:FEATURE_LOCATION_CONFLICT::Coding region xref gene does not exist
P001_WG11/P001_WG11:CDS	ribosomal protein S2	k141_20780:c3677-2967	P001_WG11_00040

DiscRep_SUB:FEATURE_LOCATION_CONFLICT::Coding region xref gene does not exist
P001_WG11/P001_WG11:CDS	RNA polymerase beta'' subunit	k141_20780:c8059-3923	P001_WG11_00041

DiscRep_SUB:FEATURE_LOCATION_CONFLICT::Coding region xref gene does not exist
P001_WG11/P001_WG11:CDS	RNA polymerase beta' subunit	k141_20780:c9832-8198	P001_WG11_00042

DiscRep_SUB:FEATURE_LOCATION_CONFLICT::Coding region xref gene does not exist
P001_WG11/P001_WG11:CDS	RNA polymerase beta' subunit	k141_20780:c10991-10533	P001_WG11_00043

DiscRep_SUB:FEATURE_LOCATION_CONFLICT::Coding region xref gene does not exist
P001_WG11/P001_WG11:CDS	RNA polymerase beta subunit	k141_20780:c14254-10997	P001_WG11_00044

DiscRep_SUB:FEATURE_LOCATION_CONFLICT::Coding region xref gene does not exist
P001_WG11/P001_WG11:CDS	Photosystem II reaction center protein M	k141_20780:c15870-15715	P001_WG11_00046

DiscRep_SUB:FEATURE_LOCATION_CONFLICT::Coding region xref gene does not exist
P001_WG11/P001_WG11:CDS	photosystem II protein D2	k141_20780:18749-19810	P001_WG11_00051

DiscRep_SUB:FEATURE_LOCATION_CONFLICT::Coding region xref gene does not exist
P001_WG11/P001_WG11:CDS	photosystem II CP43 chlorophyll apoprotein	k141_20780:19794-21179	P001_WG11_00052

DiscRep_SUB:FEATURE_LOCATION_CONFLICT::Coding region xref gene does not exist
P001_WG11/P001_WG11:CDS	photosystem II protein Z	k141_20780:21647-21835	P001_WG11_00054

DiscRep_SUB:FEATURE_LOCATION_CONFLICT::Coding region xref gene does not exist
P001_WG11/P001_WG11:CDS	ribosomal protein S14	k141_20780:c22878-22576	P001_WG11_00057

DiscRep_SUB:FEATURE_LOCATION_CONFLICT::Coding region xref gene does not exist
P001_WG11/P001_WG11:CDS	photosystem I P700 apoprotein A2	k141_20780:c25213-23009	P001_WG11_00058

DiscRep_SUB:FEATURE_LOCATION_CONFLICT::Coding region xref gene does not exist
P001_WG11/P001_WG11:CDS	photosystem I P700 apoprotein A1	k141_20780:c27491-25239	P001_WG11_00059

DiscRep_SUB:FEATURE_LOCATION_CONFLICT::Coding region xref gene does not exist
P001_WG11/P001_WG11:CDS	Photosystem I assembly protein Ycf3	k141_20780:c28344-28093	P001_WG11_00060

DiscRep_SUB:FEATURE_LOCATION_CONFLICT::Coding region xref gene does not exist
P001_WG11/P001_WG11:CDS	putative chloroplast RF34	k141_20780:c29180-28932	P001_WG11_00061

DiscRep_SUB:FEATURE_LOCATION_CONFLICT::Coding region xref gene does not exist
P001_WG11/P001_WG11:CDS	hypothetical protein	k141_20780:29625-29768	P001_WG11_00062

DiscRep_SUB:FEATURE_LOCATION_CONFLICT::Coding region xref gene does not exist
P001_WG11/P001_WG11:CDS	putative chloroplast RF34	k141_20780:c30008-29874	P001_WG11_00063

DiscRep_SUB:FEATURE_LOCATION_CONFLICT::Coding region xref gene does not exist
P001_WG11/P001_WG11:CDS	ribosomal protein S4	k141_20780:c31298-30693	P001_WG11_00065

DiscRep_SUB:FEATURE_LOCATION_CONFLICT::Coding region xref gene does not exist
P001_WG11/P001_WG11:CDS	NADH-plastoquinone oxidoreductase subunit J	k141_20780:c34375-33899	P001_WG11_00068

DiscRep_SUB:FEATURE_LOCATION_CONFLICT::Coding region xref gene does not exist
P001_WG11/P001_WG11:CDS	NADH-plastoquinone oxidoreductase subunit K	k141_20780:c35224-34463	P001_WG11_00069

DiscRep_SUB:FEATURE_LOCATION_CONFLICT::Coding region xref gene does not exist
P001_WG11/P001_WG11:CDS	NADH-plastoquinone oxidoreductase subunit 3	k141_20780:c35577-35215	P001_WG11_00070

DiscRep_SUB:FEATURE_LOCATION_CONFLICT::Coding region xref gene does not exist
P001_WG11/P001_WG11:CDS	hypothetical protein	k141_20780:36727-36966	P001_WG11_00071

DiscRep_SUB:FEATURE_LOCATION_CONFLICT::Coding region xref gene does not exist
P001_WG11/P001_WG11:CDS	ATP synthase CF1 epsilon subunit	k141_20780:c37808-37401	P001_WG11_00073

DiscRep_SUB:FEATURE_LOCATION_CONFLICT::Coding region xref gene does not exist
P001_WG11/P001_WG11:CDS	ATP synthase CF1 beta subunit	k141_20780:c39301-37805	P001_WG11_00074

DiscRep_SUB:FEATURE_LOCATION_CONFLICT::Coding region xref gene does not exist
P001_WG11/P001_WG11:CDS	ribulose-1,5-bisphosphate carboxylase/oxygenase large subunit	k141_20780:39887-41350	P001_WG11_00075

DiscRep_SUB:FEATURE_LOCATION_CONFLICT::Coding region xref gene does not exist
P001_WG11/P001_WG11:CDS	Acetyl-coenzyme A carboxylase carboxyl transferase subunit beta, chloroplastic	k141_20780:42104-43552	P001_WG11_00076

DiscRep_SUB:FEATURE_LOCATION_CONFLICT::Coding region xref gene does not exist
P001_WG11/P001_WG11:CDS	photosystem I subunit VIII	k141_20780:44261-44365	P001_WG11_00077

DiscRep_SUB:FEATURE_LOCATION_CONFLICT::Coding region xref gene does not exist
P001_WG11/P001_WG11:CDS	photosystem I assembly protein Ycf4	k141_20780:44718-45272	P001_WG11_00078

DiscRep_SUB:FEATURE_LOCATION_CONFLICT::Coding region xref gene does not exist
P001_WG11/P001_WG11:CDS	envelope membrane protein	k141_20780:45775-46446	P001_WG11_00079

DiscRep_SUB:FEATURE_LOCATION_CONFLICT::Coding region xref gene does not exist
P001_WG11/P001_WG11:CDS	cytochrome f	k141_20780:46665-47627	P001_WG11_00080

DiscRep_SUB:FEATURE_LOCATION_CONFLICT::Coding region xref gene does not exist
P001_WG11/P001_WG11:CDS	photosystem II protein J	k141_20780:c48350-48228	P001_WG11_00081

DiscRep_SUB:FEATURE_LOCATION_CONFLICT::Coding region xref gene does not exist
P001_WG11/P001_WG11:CDS	photosystem II cytochrome b559 beta subunit	k141_20780:c48725-48606	P001_WG11_00082

DiscRep_SUB:FEATURE_LOCATION_CONFLICT::Coding region xref gene does not exist
P001_WG11/P001_WG11:CDS	photosystem II cytochrome b559 alpha subunit	k141_20780:c48992-48741	P001_WG11_00083

DiscRep_SUB:FEATURE_LOCATION_CONFLICT::Coding region xref gene does not exist
P001_WG11/P001_WG11:CDS	photosystem I subunit IX	k141_20780:51233-51361	P001_WG11_00086

DiscRep_SUB:FEATURE_LOCATION_CONFLICT::Coding region xref gene does not exist
P001_WG11/P001_WG11:CDS	ribosomal protein S18	k141_20780:52362-52667	P001_WG11_00087

DiscRep_SUB:FEATURE_LOCATION_CONFLICT::Coding region xref gene does not exist
P001_WG11/P001_WG11:CDS	ribosomal protein L20	k141_20780:c53284-52931	P001_WG11_00088

DiscRep_SUB:FEATURE_LOCATION_CONFLICT::Coding region xref gene does not exist
P001_WG11/P001_WG11:CDS	ATP-dependent Clp protease proteolytic subunit	k141_20780:c54569-54324	P001_WG11_00089

DiscRep_SUB:FEATURE_LOCATION_CONFLICT::Coding region xref gene does not exist
P001_WG11/P001_WG11:CDS	hypothetical protein	k141_20780:54679-54930	P001_WG11_00090

DiscRep_SUB:FEATURE_LOCATION_CONFLICT::Coding region xref gene does not exist
P001_WG11/P001_WG11:CDS	ATP-dependent Clp protease proteolytic subunit	k141_20780:c55603-55214	P001_WG11_00091

DiscRep_SUB:FEATURE_LOCATION_CONFLICT::RNA feature xref gene does not exist
P001_WG11/P001_WG11:tRNA	Cys	k141_20780:14929-14999	P001_WG11_00045

DiscRep_SUB:FEATURE_LOCATION_CONFLICT::RNA feature xref gene does not exist
P001_WG11/P001_WG11:tRNA	Asp	k141_20780:c16775-16700	P001_WG11_00047

DiscRep_SUB:FEATURE_LOCATION_CONFLICT::RNA feature xref gene does not exist
P001_WG11/P001_WG11:tRNA	Tyr	k141_20780:c17111-17026	P001_WG11_00048

DiscRep_SUB:FEATURE_LOCATION_CONFLICT::RNA feature xref gene does not exist
P001_WG11/P001_WG11:tRNA	Glu	k141_20780:c17243-17169	P001_WG11_00049

DiscRep_SUB:FEATURE_LOCATION_CONFLICT::RNA feature xref gene does not exist
P001_WG11/P001_WG11:tRNA	Thr	k141_20780:17881-17954	P001_WG11_00050

DiscRep_SUB:FEATURE_LOCATION_CONFLICT::RNA feature xref gene does not exist
P001_WG11/P001_WG11:tRNA	Ser	k141_20780:c21427-21338	P001_WG11_00053

DiscRep_SUB:FEATURE_LOCATION_CONFLICT::RNA feature xref gene does not exist
P001_WG11/P001_WG11:tRNA	Gly	k141_20780:22075-22146	P001_WG11_00055

DiscRep_SUB:FEATURE_LOCATION_CONFLICT::RNA feature xref gene does not exist
P001_WG11/P001_WG11:tRNA	Met	k141_20780:c22410-22336	P001_WG11_00056

DiscRep_SUB:FEATURE_LOCATION_CONFLICT::RNA feature xref gene does not exist
P001_WG11/P001_WG11:tRNA	Ser	k141_20780:30298-30384	P001_WG11_00064

DiscRep_SUB:FEATURE_LOCATION_CONFLICT::RNA feature xref gene does not exist
P001_WG11/P001_WG11:tRNA	Thr	k141_20780:c31707-31633	P001_WG11_00066

DiscRep_SUB:FEATURE_LOCATION_CONFLICT::RNA feature xref gene does not exist
P001_WG11/P001_WG11:tRNA	Phe	k141_20780:33273-33346	P001_WG11_00067

DiscRep_SUB:FEATURE_LOCATION_CONFLICT::RNA feature xref gene does not exist
P001_WG11/P001_WG11:tRNA	Met	k141_20780:37138-37210	P001_WG11_00072

DiscRep_SUB:FEATURE_LOCATION_CONFLICT::RNA feature xref gene does not exist
P001_WG11/P001_WG11:tRNA	Trp	k141_20780:c50671-50598	P001_WG11_00084

DiscRep_SUB:FEATURE_LOCATION_CONFLICT::RNA feature xref gene does not exist
P001_WG11/P001_WG11:tRNA	Pro	k141_20780:c50826-50751	P001_WG11_00085

DiscRep_SUB:FEATURE_LOCATION_CONFLICT::Coding region xref gene does not exist
P001_WG11/P001_WG11:CDS	ribosomal protein L32	k141_440:489-662	P001_WG11_00092

DiscRep_SUB:FEATURE_LOCATION_CONFLICT::Coding region xref gene does not exist
P001_WG11/P001_WG11:CDS	hypothetical protein	k141_440:c1019-798	P001_WG11_00093

DiscRep_SUB:FEATURE_LOCATION_CONFLICT::Coding region xref gene does not exist
P001_WG11/P001_WG11:CDS	cytochrome c heme attachment protein	k141_440:1458-2423	P001_WG11_00095

DiscRep_SUB:FEATURE_LOCATION_CONFLICT::Coding region xref gene does not exist
P001_WG11/P001_WG11:CDS	NADH-plastoquinone oxidoreductase subunit 4	k141_440:c4143-2596	P001_WG11_00096

DiscRep_SUB:FEATURE_LOCATION_CONFLICT::Coding region xref gene does not exist
P001_WG11/P001_WG11:CDS	NADH-plastoquinone oxidoreductase subunit 4L	k141_440:c5174-4869	P001_WG11_00097

DiscRep_SUB:FEATURE_LOCATION_CONFLICT::Coding region xref gene does not exist
P001_WG11/P001_WG11:CDS	NADH-plastoquinone oxidoreductase subunit 6	k141_440:c5890-5360	P001_WG11_00098

DiscRep_SUB:FEATURE_LOCATION_CONFLICT::Coding region xref gene does not exist
P001_WG11/P001_WG11:CDS	NADH-plastoquinone oxidoreductase subunit I	k141_440:c6779-6237	P001_WG11_00099

DiscRep_SUB:FEATURE_LOCATION_CONFLICT::Coding region xref gene does not exist
P001_WG11/P001_WG11:CDS	NADH-plastoquinone oxidoreductase subunit 1	k141_440:c7329-6868	P001_WG11_00100

DiscRep_SUB:FEATURE_LOCATION_CONFLICT::Coding region xref gene does not exist
P001_WG11/P001_WG11:CDS	hypothetical protein	k141_440:c7466-7368	P001_WG11_00101

DiscRep_SUB:FEATURE_LOCATION_CONFLICT::Coding region xref gene does not exist
P001_WG11/P001_WG11:CDS	NADH-plastoquinone oxidoreductase subunit 1	k141_440:c9007-8441	P001_WG11_00102

DiscRep_SUB:FEATURE_LOCATION_CONFLICT::Coding region xref gene does not exist
P001_WG11/P001_WG11:CDS	NADH-plastoquinone oxidoreductase subunit 7	k141_440:c10190-9009	P001_WG11_00103

DiscRep_SUB:FEATURE_LOCATION_CONFLICT::Coding region xref gene does not exist
P001_WG11/P001_WG11:CDS	ribosomal protein S15	k141_440:c10559-10287	P001_WG11_00104

DiscRep_SUB:FEATURE_LOCATION_CONFLICT::Coding region xref gene does not exist
P001_WG11/P001_WG11:CDS	hypothetical protein	k141_440:c15211-10973	P001_WG11_00105

DiscRep_SUB:FEATURE_LOCATION_CONFLICT::RNA feature xref gene does not exist
P001_WG11/P001_WG11:tRNA	Leu	k141_440:1282-1361	P001_WG11_00094

DiscRep_SUB:FEATURE_LOCATION_CONFLICT::Coding region xref gene does not exist
P001_WG11/P001_WG11:CDS	photosystem II protein D1	k141_46549:c1312-251	P001_WG11_00106

DiscRep_SUB:FEATURE_LOCATION_CONFLICT::Coding region xref gene does not exist
P001_WG11/P001_WG11:CDS	maturase K	k141_46549:c3442-1898	P001_WG11_00107

DiscRep_SUB:FEATURE_LOCATION_CONFLICT::Coding region xref gene does not exist
P001_WG11/P001_WG11:CDS	photosystem II protein K	k141_46549:7294-7485	P001_WG11_00109

DiscRep_SUB:FEATURE_LOCATION_CONFLICT::Coding region xref gene does not exist
P001_WG11/P001_WG11:CDS	ATP synthase CF1 alpha subunit	k141_46549:c11309-9786	P001_WG11_00112

DiscRep_SUB:FEATURE_LOCATION_CONFLICT::Coding region xref gene does not exist
P001_WG11/P001_WG11:CDS	ATP synthase CF0 subunit I	k141_46549:c11757-11383	P001_WG11_00113

DiscRep_SUB:FEATURE_LOCATION_CONFLICT::Coding region xref gene does not exist
P001_WG11/P001_WG11:CDS	hypothetical protein	k141_46549:11854-12063	P001_WG11_00114

DiscRep_SUB:FEATURE_LOCATION_CONFLICT::RNA feature xref gene does not exist
P001_WG11/P001_WG11:tRNA	Gln	k141_46549:c6951-6878	P001_WG11_00108

DiscRep_SUB:FEATURE_LOCATION_CONFLICT::RNA feature xref gene does not exist
P001_WG11/P001_WG11:tRNA	Ser	k141_46549:c7867-7777	P001_WG11_00110

DiscRep_SUB:FEATURE_LOCATION_CONFLICT::RNA feature xref gene does not exist
P001_WG11/P001_WG11:tRNA	Arg	k141_46549:9597-9668	P001_WG11_00111

DiscRep_SUB:FEATURE_LOCATION_CONFLICT::Coding region xref gene does not exist
P001_WG11/P001_WG11:CDS	NADH-plastoquinone oxidoreductase subunit 5	k141_63943:c2338-149	P001_WG11_00115

DiscRep_ALL:SUSPECT_PRODUCT_NAMES::2 product_names contain suspect phrase or characters
DiscRep_SUB:SUSPECT_PRODUCT_NAMES::May contain database identifier more appropriate in note; remove from product name
DiscRep_SUB:SUSPECT_PRODUCT_NAMES::2 features contains three or more numbers together that may be identifiers more appropriate in note
P001_WG11/P001_WG11:CDS	photosystem I P700 apoprotein A2	k141_20780:c25213-23009	P001_WG11_00058
P001_WG11/P001_WG11:CDS	photosystem I P700 apoprotein A1	k141_20780:c27491-25239	P001_WG11_00059

DiscRep_ALL:DISC_QUALITY_SCORES::Quality scores are missing on all sequences.

DiscRep_ALL:ONCALLER_COMMENT_PRESENT::6 comment descriptors were found (all same)
P001_WG11/P001_WG11:k141_57929:Annotated using prokka 1.14.5 from https://github.com/tseemann/prokka
P001_WG11/P001_WG11:k141_6984:Annotated using prokka 1.14.5 from https://github.com/tseemann/prokka
P001_WG11/P001_WG11:k141_20780:Annotated using prokka 1.14.5 from https://github.com/tseemann/prokka
P001_WG11/P001_WG11:k141_440:Annotated using prokka 1.14.5 from https://github.com/tseemann/prokka
P001_WG11/P001_WG11:k141_46549:Annotated using prokka 1.14.5 from https://github.com/tseemann/prokka
P001_WG11/P001_WG11:k141_63943:Annotated using prokka 1.14.5 from https://github.com/tseemann/prokka

DiscRep_ALL:SHORT_PROT_SEQUENCES::7 protein sequences are shorter than 50 aa.
P001_WG11/P001_WG11:k141_20780_18 (length 47)
P001_WG11/P001_WG11:k141_20780_19 (length 44)
P001_WG11/P001_WG11:k141_20780_29 (length 34)
P001_WG11/P001_WG11:k141_20780_33 (length 40)
P001_WG11/P001_WG11:k141_20780_34 (length 39)
P001_WG11/P001_WG11:k141_20780_36 (length 42)
P001_WG11/P001_WG11:k141_440_9 (length 32)

DiscRep_ALL:MISSING_GENOMEASSEMBLY_COMMENTS::6 bioseqs are missing GenomeAssembly structured comments
P001_WG11/P001_WG11:k141_57929 (length 25520)
P001_WG11/P001_WG11:k141_6984 (length 12312)
P001_WG11/P001_WG11:k141_20780 (length 56549)
P001_WG11/P001_WG11:k141_440 (length 15263)
P001_WG11/P001_WG11:k141_46549 (length 12092)
P001_WG11/P001_WG11:k141_63943 (length 2441)

DiscRep_ALL:MOLTYPE_NOT_MRNA::6 molecule types are not set as mRNA.
P001_WG11/P001_WG11:k141_57929 (length 25520)
P001_WG11/P001_WG11:k141_6984 (length 12312)
P001_WG11/P001_WG11:k141_20780 (length 56549)
P001_WG11/P001_WG11:k141_440 (length 15263)
P001_WG11/P001_WG11:k141_46549 (length 12092)
P001_WG11/P001_WG11:k141_63943 (length 2441)

DiscRep_ALL:TECHNIQUE_NOT_TSA::6 technique are not set as TSA
P001_WG11/P001_WG11:k141_57929 (length 25520)
P001_WG11/P001_WG11:k141_6984 (length 12312)
P001_WG11/P001_WG11:k141_20780 (length 56549)
P001_WG11/P001_WG11:k141_440 (length 15263)
P001_WG11/P001_WG11:k141_46549 (length 12092)
P001_WG11/P001_WG11:k141_63943 (length 2441)

DiscRep_ALL:MISSING_STRUCTURED_COMMENT::6 sequences do not include structured comments.
P001_WG11/P001_WG11:k141_57929 (length 25520)
P001_WG11/P001_WG11:k141_6984 (length 12312)
P001_WG11/P001_WG11:k141_20780 (length 56549)
P001_WG11/P001_WG11:k141_440 (length 15263)
P001_WG11/P001_WG11:k141_46549 (length 12092)
P001_WG11/P001_WG11:k141_63943 (length 2441)

DiscRep_ALL:MISSING_PROJECT::95 sequences do not include project.
P001_WG11/P001_WG11:k141_57929 (length 25520)
P001_WG11/P001_WG11:k141_57929_1 (length 141)
P001_WG11/P001_WG11:k141_57929_2 (length 104)
P001_WG11/P001_WG11:k141_57929_3 (length 93)
P001_WG11/P001_WG11:k141_57929_4 (length 2196)
P001_WG11/P001_WG11:k141_57929_5 (length 74)
P001_WG11/P001_WG11:k141_57929_6 (length 260)
P001_WG11/P001_WG11:k141_57929_7 (length 282)
P001_WG11/P001_WG11:k141_57929_8 (length 79)
P001_WG11/P001_WG11:k141_57929_9 (length 155)
P001_WG11/P001_WG11:k141_57929_10 (length 84)
P001_WG11/P001_WG11:k141_57929_11 (length 67)
P001_WG11/P001_WG11:k141_57929_12 (length 123)
P001_WG11/P001_WG11:k141_57929_13 (length 85)
P001_WG11/P001_WG11:k141_57929_14 (length 71)
P001_WG11/P001_WG11:k141_57929_15 (length 88)
P001_WG11/P001_WG11:k141_6984 (length 12312)
P001_WG11/P001_WG11:k141_6984_1 (length 508)
P001_WG11/P001_WG11:k141_6984_2 (length 94)
P001_WG11/P001_WG11:k141_6984_3 (length 219)
P001_WG11/P001_WG11:k141_6984_4 (length 152)
P001_WG11/P001_WG11:k141_6984_5 (length 337)
P001_WG11/P001_WG11:k141_6984_6 (length 138)
P001_WG11/P001_WG11:k141_6984_7 (length 134)
P001_WG11/P001_WG11:k141_6984_8 (length 122)
P001_WG11/P001_WG11:k141_6984_9 (length 119)
P001_WG11/P001_WG11:k141_6984_10 (length 60)
P001_WG11/P001_WG11:k141_6984_11 (length 218)
P001_WG11/P001_WG11:k141_6984_12 (length 127)
P001_WG11/P001_WG11:k141_6984_13 (length 92)
P001_WG11/P001_WG11:k141_20780 (length 56549)
P001_WG11/P001_WG11:k141_20780_1 (length 73)
P001_WG11/P001_WG11:k141_20780_2 (length 110)
P001_WG11/P001_WG11:k141_20780_3 (length 247)
P001_WG11/P001_WG11:k141_20780_4 (length 236)
P001_WG11/P001_WG11:k141_20780_5 (length 1378)
P001_WG11/P001_WG11:k141_20780_6 (length 544)
P001_WG11/P001_WG11:k141_20780_7 (length 152)
P001_WG11/P001_WG11:k141_20780_8 (length 1085)
P001_WG11/P001_WG11:k141_20780_9 (length 51)
P001_WG11/P001_WG11:k141_20780_10 (length 353)
P001_WG11/P001_WG11:k141_20780_11 (length 461)
P001_WG11/P001_WG11:k141_20780_12 (length 62)
P001_WG11/P001_WG11:k141_20780_13 (length 100)
P001_WG11/P001_WG11:k141_20780_14 (length 734)
P001_WG11/P001_WG11:k141_20780_15 (length 750)
P001_WG11/P001_WG11:k141_20780_16 (length 83)
P001_WG11/P001_WG11:k141_20780_17 (length 82)
P001_WG11/P001_WG11:k141_20780_18 (length 47)
P001_WG11/P001_WG11:k141_20780_19 (length 44)
P001_WG11/P001_WG11:k141_20780_20 (length 201)
P001_WG11/P001_WG11:k141_20780_21 (length 158)
P001_WG11/P001_WG11:k141_20780_22 (length 253)
P001_WG11/P001_WG11:k141_20780_23 (length 120)
P001_WG11/P001_WG11:k141_20780_24 (length 79)
P001_WG11/P001_WG11:k141_20780_25 (length 135)
P001_WG11/P001_WG11:k141_20780_26 (length 498)
P001_WG11/P001_WG11:k141_20780_27 (length 487)
P001_WG11/P001_WG11:k141_20780_28 (length 482)
P001_WG11/P001_WG11:k141_20780_29 (length 34)
P001_WG11/P001_WG11:k141_20780_30 (length 184)
P001_WG11/P001_WG11:k141_20780_31 (length 223)
P001_WG11/P001_WG11:k141_20780_32 (length 320)
P001_WG11/P001_WG11:k141_20780_33 (length 40)
P001_WG11/P001_WG11:k141_20780_34 (length 39)
P001_WG11/P001_WG11:k141_20780_35 (length 83)
P001_WG11/P001_WG11:k141_20780_36 (length 42)
P001_WG11/P001_WG11:k141_20780_37 (length 101)
P001_WG11/P001_WG11:k141_20780_38 (length 117)
P001_WG11/P001_WG11:k141_20780_39 (length 81)
P001_WG11/P001_WG11:k141_20780_40 (length 83)
P001_WG11/P001_WG11:k141_20780_41 (length 129)
P001_WG11/P001_WG11:k141_440 (length 15263)
P001_WG11/P001_WG11:k141_440_1 (length 57)
P001_WG11/P001_WG11:k141_440_2 (length 73)
P001_WG11/P001_WG11:k141_440_3 (length 321)
P001_WG11/P001_WG11:k141_440_4 (length 515)
P001_WG11/P001_WG11:k141_440_5 (length 101)
P001_WG11/P001_WG11:k141_440_6 (length 176)
P001_WG11/P001_WG11:k141_440_7 (length 180)
P001_WG11/P001_WG11:k141_440_8 (length 153)
P001_WG11/P001_WG11:k141_440_9 (length 32)
P001_WG11/P001_WG11:k141_440_10 (length 188)
P001_WG11/P001_WG11:k141_440_11 (length 393)
P001_WG11/P001_WG11:k141_440_12 (length 90)
P001_WG11/P001_WG11:k141_440_13 (length 1412)
P001_WG11/P001_WG11:k141_46549 (length 12092)
P001_WG11/P001_WG11:k141_46549_1 (length 353)
P001_WG11/P001_WG11:k141_46549_2 (length 514)
P001_WG11/P001_WG11:k141_46549_3 (length 63)
P001_WG11/P001_WG11:k141_46549_4 (length 507)
P001_WG11/P001_WG11:k141_46549_5 (length 124)
P001_WG11/P001_WG11:k141_46549_6 (length 69)
P001_WG11/P001_WG11:k141_63943 (length 2441)
P001_WG11/P001_WG11:k141_63943_1 (length 729)

DiscRep_ALL:DISC_INCONSISTENT_MOLINFO_TECH::Molinfo Technique Report (some missing, all same)
DiscRep_SUB:DISC_INCONSISTENT_MOLINFO_TECH::technique (all missing)
DiscRep_SUB:DISC_INCONSISTENT_MOLINFO_TECH::6 Molinfos are missing field technique
P001_WG11/P001_WG11:k141_440 (length 15263)
P001_WG11/P001_WG11:k141_6984 (length 12312)
P001_WG11/P001_WG11:k141_20780 (length 56549)
P001_WG11/P001_WG11:k141_46549 (length 12092)
P001_WG11/P001_WG11:k141_57929 (length 25520)
P001_WG11/P001_WG11:k141_63943 (length 2441)

