[16:29:36] This is prokka 1.14.5
[16:29:36] Written by Torsten Seemann <torsten.seemann@gmail.com>
[16:29:36] Homepage is https://github.com/tseemann/prokka
[16:29:36] Local time is Fri Nov 26 16:29:36 2021
[16:29:36] You are ruud
[16:29:36] Operating system is linux
[16:29:36] You have BioPerl 1.7.8
[16:29:36] System has 40 cores.
[16:29:36] Will use maximum of 40 cores.
[16:29:36] Annotating as >>> Bacteria <<<
[16:29:36] Creating new output folder: P001_WG11
[16:29:36] Running: mkdir -p P001_WG11
[16:29:36] Using filename prefix: P001_WG11.XXX
[16:29:36] Setting HMMER_NCPU=1
[16:29:36] Writing log to: P001_WG11/P001_WG11.log
[16:29:36] Command: /usr/local/packages/prokka-1.14.5/bin/prokka --cpus 40 --prefix P001_WG11 --Kingdom Bacteria --locustag P001_WG11 --proteins vaccinium.gb ../02_Blast/chloroplast_contigs_rapid_genomics_run2/P001_WG11_chloroplast_contigs.fa
[16:29:36] Appending to PATH: /home/local/packages/prokka-1.14.5/bin/../binaries/linux
[16:29:36] Appending to PATH: /home/local/packages/prokka-1.14.5/bin/../binaries/linux/../common
[16:29:36] Appending to PATH: /home/local/packages/prokka-1.14.5/bin
[16:29:36] Looking for 'aragorn' - found /usr/local/packages/Anaconda3-2019.10/bin/aragorn
[16:29:36] Determined aragorn version is 001002 from 'ARAGORN v1.2.38 Dean Laslett'
[16:29:36] Looking for 'barrnap' - found /usr/local/packages/Anaconda3-2019.10/bin/barrnap
[16:29:36] Determined barrnap version is 000009 from 'barrnap 0.9'
[16:29:36] Looking for 'blastp' - found /usr/local/packages/Anaconda3-2019.10/bin/blastp
[16:29:37] Determined blastp version is 002011 from 'blastp: 2.11.0+'
[16:29:37] Looking for 'cmpress' - found /usr/local/packages/Anaconda3-2019.10/bin/cmpress
[16:29:37] Determined cmpress version is 001001 from '# INFERNAL 1.1.2 (July 2016)'
[16:29:37] Looking for 'cmscan' - found /usr/local/packages/Anaconda3-2019.10/bin/cmscan
[16:29:37] Determined cmscan version is 001001 from '# INFERNAL 1.1.2 (July 2016)'
[16:29:37] Looking for 'egrep' - found /bin/egrep
[16:29:37] Looking for 'find' - found /bin/find
[16:29:37] Looking for 'grep' - found /bin/grep
[16:29:37] Looking for 'hmmpress' - found /usr/local/packages/Anaconda3-2019.10/bin/hmmpress
[16:29:37] Determined hmmpress version is 003003 from '# HMMER 3.3.2 (Nov 2020); http://hmmer.org/'
[16:29:37] Looking for 'hmmscan' - found /usr/local/packages/Anaconda3-2019.10/bin/hmmscan
[16:29:37] Determined hmmscan version is 003003 from '# HMMER 3.3.2 (Nov 2020); http://hmmer.org/'
[16:29:37] Looking for 'java' - found /usr/local/packages/jdk1.8.0_191/bin/java
[16:29:37] Looking for 'makeblastdb' - found /usr/local/packages/Anaconda3-2019.10/bin/makeblastdb
[16:29:38] Determined makeblastdb version is 002011 from 'makeblastdb: 2.11.0+'
[16:29:38] Looking for 'minced' - found /usr/local/packages/Anaconda3-2019.10/bin/minced
[16:29:38] Determined minced version is 004002 from 'minced 0.4.2'
[16:29:38] Looking for 'parallel' - found /usr/local/packages/Anaconda3-2019.10/bin/parallel
[16:29:38] Determined parallel version is 20210822 from 'GNU parallel 20210822'
[16:29:38] Looking for 'prodigal' - found /usr/local/packages/Anaconda3-2019.10/bin/prodigal
[16:29:38] Determined prodigal version is 002006 from 'Prodigal V2.6.3: February, 2016'
[16:29:38] Looking for 'prokka-genbank_to_fasta_db' - found /usr/local/packages/prokka-1.14.5/bin/prokka-genbank_to_fasta_db
[16:29:38] Looking for 'sed' - found /bin/sed
[16:29:38] Looking for 'tbl2asn' - found /usr/local/packages/Anaconda3-2019.10/bin/tbl2asn
[16:29:38] Determined tbl2asn version is 025008 from 'tbl2asn 25.8   arguments:'
[16:29:38] Using genetic code table 11.
[16:29:38] Loading and checking input file: ../02_Blast/chloroplast_contigs_rapid_genomics_run2/P001_WG11_chloroplast_contigs.fa
[16:29:38] Wrote 6 contigs totalling 124177 bp.
[16:29:38] Predicting tRNAs and tmRNAs
[16:29:38] Running: aragorn -l -gc11  -w P001_WG11\/P001_WG11\.fna
[16:29:38] 1 tRNA-His [191,265] 35 (gtg)
[16:29:38] 2 tRNA-Met c[2265,2339] 34 (cat)
[16:29:38] 3 tRNA-Leu c[9567,9649] 35 (caa)
[16:29:38] 4 tRNA-Val [15803,15874] 33 (gac)
[16:29:38] 5 tRNA-Arg [23565,23638] 35 (acg)
[16:29:38] 6 tRNA-Asn c[24033,24106] 34 (gtt)
[16:29:38] 1 tRNA-Cys [14929,14999] 33 (gca)
[16:29:38] 2 tRNA-Asp c[16700,16775] 36 (gtc)
[16:29:38] 3 tRNA-Tyr c[17026,17111] 36 (gta)
[16:29:38] 4 tRNA-Glu c[17169,17243] 36 (ttc)
[16:29:38] 5 tRNA-Thr [17881,17954] 34 (ggt)
[16:29:38] 6 tRNA-Ser c[21338,21427] 36 (tga)
[16:29:38] 7 tRNA-Gly [22075,22146] 33 (gcc)
[16:29:38] 8 tRNA-Met c[22336,22410] 35 (cat)
[16:29:38] 9 tRNA-Ser [30298,30384] 35 (gga)
[16:29:38] 10 tRNA-Thr c[31633,31707] 35 (tgt)
[16:29:38] 11 tRNA-Phe [33273,33346] 34 (gaa)
[16:29:38] 12 tRNA-Met [37138,37210] 34 (cat)
[16:29:38] 13 tRNA-Trp c[50598,50671] 35 (cca)
[16:29:38] 14 tRNA-Pro c[50751,50826] 35 (tgg)
[16:29:38] 1 tRNA-Leu [1282,1361] 35 (tag)
[16:29:38] 1 tRNA-Gln c[6878,6951] 33 (ttg)
[16:29:38] 2 tRNA-Ser c[7777,7867] 35 (gct)
[16:29:38] 3 tRNA-Arg [9597,9668] 34 (tct)
[16:29:38] Found 24 tRNAs
[16:29:38] Predicting Ribosomal RNAs
[16:29:38] Running Barrnap with 40 threads
[16:29:39] 1 k141_57929 16105 16S ribosomal RNA
[16:29:39] 2 k141_57929 19982 23S ribosomal RNA
[16:29:39] Found 2 rRNAs
[16:29:39] Skipping ncRNA search, enable with --rfam if desired.
[16:29:39] Total of 26 tRNA + rRNA features
[16:29:39] Searching for CRISPR repeats
[16:29:40] Found 0 CRISPRs
[16:29:40] Predicting coding sequences
[16:29:40] Contigs total 124177 bp, so using single mode
[16:29:40] Running: prodigal -i P001_WG11\/P001_WG11\.fna -c -m -g 11 -p single -f sco -q
[16:29:40] Excluding CDS which overlaps existing RNA (tRNA) at k141_57929:121..267 on - strand
[16:29:40] Excluding CDS which overlaps existing RNA (rRNA) at k141_57929:16149..16385 on - strand
[16:29:40] Excluding CDS which overlaps existing RNA (rRNA) at k141_57929:16378..16551 on - strand
[16:29:40] Excluding CDS which overlaps existing RNA (rRNA) at k141_57929:16555..16950 on - strand
[16:29:40] Excluding CDS which overlaps existing RNA (rRNA) at k141_57929:19911..20207 on + strand
[16:29:40] Excluding CDS which overlaps existing RNA (rRNA) at k141_57929:20276..20458 on + strand
[16:29:40] Excluding CDS which overlaps existing RNA (rRNA) at k141_57929:20418..20639 on - strand
[16:29:40] Excluding CDS which overlaps existing RNA (rRNA) at k141_57929:21765..22040 on - strand
[16:29:40] Excluding CDS which overlaps existing RNA (rRNA) at k141_57929:22431..22607 on - strand
[16:29:40] Excluding CDS which overlaps existing RNA (tRNA) at k141_20780:17724..17960 on - strand
[16:29:40] Excluding CDS which overlaps existing RNA (tRNA) at k141_20780:30317..30535 on - strand
[16:29:40] Found 89 CDS
[16:29:40] Connecting features back to sequences
[16:29:40] Not using genus-specific database. Try --usegenus to enable it.
[16:29:40] Preparing user-supplied primary BLAST annotation source: vaccinium.gb
[16:29:40] Guessed source was in genbank format.
[16:29:40] Converting genbank 'vaccinium.gb' into Prokka FASTA 'P001_WG11/proteins.faa'
[16:29:40] Running: prokka-genbank_to_fasta_db --format genbank vaccinium\.gb > P001_WG11\/proteins\.faa 2> /dev/null
[16:29:40] Running: makeblastdb -dbtype prot -in P001_WG11\/proteins\.faa -out P001_WG11\/proteins -logfile /dev/null
[16:29:41] Using /inference source as 'vaccinium.gb'
[16:29:41] Annotating CDS, please be patient.
[16:29:41] Will use 40 CPUs for similarity searching.
[16:29:41] There are still 89 unannotated CDS left (started with 89)
[16:29:41] Will use blast to search against P001_WG11/proteins with 40 CPUs
[16:29:41] Running: cat P001_WG11\/P001_WG11\.proteins\.tmp\.24133\.faa | parallel --gnu --plain -j 40 --block 289 --recstart '>' --pipe blastp -query - -db P001_WG11/proteins -evalue 1e-09 -qcov_hsp_perc 80 -num_threads 1 -num_descriptions 1 -num_alignments 1 -seg no > P001_WG11\/P001_WG11\.proteins\.tmp\.24133\.blast 2> /dev/null
[16:29:42] Deleting unwanted file: P001_WG11/P001_WG11.proteins.tmp.24133.faa
[16:29:42] Deleting unwanted file: P001_WG11/P001_WG11.proteins.tmp.24133.blast
[16:29:42] There are still 26 unannotated CDS left (started with 89)
[16:29:42] Will use blast to search against /home/local/packages/prokka-1.14.5/db/kingdom/Bacteria/IS with 40 CPUs
[16:29:42] Running: cat P001_WG11\/P001_WG11\.IS\.tmp\.24133\.faa | parallel --gnu --plain -j 40 --block 78 --recstart '>' --pipe blastp -query - -db /home/local/packages/prokka-1.14.5/db/kingdom/Bacteria/IS -evalue 1e-30 -qcov_hsp_perc 90 -num_threads 1 -num_descriptions 1 -num_alignments 1 -seg no > P001_WG11\/P001_WG11\.IS\.tmp\.24133\.blast 2> /dev/null
[16:29:44] Deleting unwanted file: P001_WG11/P001_WG11.IS.tmp.24133.faa
[16:29:44] Deleting unwanted file: P001_WG11/P001_WG11.IS.tmp.24133.blast
[16:29:44] There are still 26 unannotated CDS left (started with 89)
[16:29:44] Will use blast to search against /home/local/packages/prokka-1.14.5/db/kingdom/Bacteria/AMR with 40 CPUs
[16:29:44] Running: cat P001_WG11\/P001_WG11\.AMR\.tmp\.24133\.faa | parallel --gnu --plain -j 40 --block 78 --recstart '>' --pipe blastp -query - -db /home/local/packages/prokka-1.14.5/db/kingdom/Bacteria/AMR -evalue 1e-300 -qcov_hsp_perc 90 -num_threads 1 -num_descriptions 1 -num_alignments 1 -seg no > P001_WG11\/P001_WG11\.AMR\.tmp\.24133\.blast 2> /dev/null
[16:29:45] Deleting unwanted file: P001_WG11/P001_WG11.AMR.tmp.24133.faa
[16:29:45] Deleting unwanted file: P001_WG11/P001_WG11.AMR.tmp.24133.blast
[16:29:45] There are still 26 unannotated CDS left (started with 89)
[16:29:45] Will use blast to search against /home/local/packages/prokka-1.14.5/db/kingdom/Bacteria/sprot with 40 CPUs
[16:29:45] Running: cat P001_WG11\/P001_WG11\.sprot\.tmp\.24133\.faa | parallel --gnu --plain -j 40 --block 78 --recstart '>' --pipe blastp -query - -db /home/local/packages/prokka-1.14.5/db/kingdom/Bacteria/sprot -evalue 1e-09 -qcov_hsp_perc 80 -num_threads 1 -num_descriptions 1 -num_alignments 1 -seg no > P001_WG11\/P001_WG11\.sprot\.tmp\.24133\.blast 2> /dev/null
[16:29:47] Deleting unwanted file: P001_WG11/P001_WG11.sprot.tmp.24133.faa
[16:29:47] Deleting unwanted file: P001_WG11/P001_WG11.sprot.tmp.24133.blast
[16:29:47] There are still 24 unannotated CDS left (started with 89)
[16:29:47] Will use hmmer3 to search against /home/local/packages/prokka-1.14.5/db/hmm/HAMAP.hmm with 40 CPUs
[16:29:47] Running: cat P001_WG11\/P001_WG11\.HAMAP\.hmm\.tmp\.24133\.faa | parallel --gnu --plain -j 40 --block 73 --recstart '>' --pipe hmmscan --noali --notextw --acc -E 1e-09 --cpu 1 /home/local/packages/prokka-1.14.5/db/hmm/HAMAP.hmm /dev/stdin > P001_WG11\/P001_WG11\.HAMAP\.hmm\.tmp\.24133\.hmmer3 2> /dev/null
[16:29:49] Deleting unwanted file: P001_WG11/P001_WG11.HAMAP.hmm.tmp.24133.faa
[16:29:49] Deleting unwanted file: P001_WG11/P001_WG11.HAMAP.hmm.tmp.24133.hmmer3
[16:29:49] Deleting unwanted file: P001_WG11/proteins.psq
[16:29:49] Deleting unwanted file: P001_WG11/proteins.phr
[16:29:49] Deleting unwanted file: P001_WG11/proteins.pin
[16:29:49] Labelling remaining 18 proteins as 'hypothetical protein'
[16:29:49] Possible /pseudo 'ribosomal protein L2' at k141_57929 position 1399
[16:29:49] Possible /pseudo 'NADH-plastoquinone oxidoreductase subunit 2' at k141_57929 position 11585
[16:29:49] Possible /pseudo 'RNA polymerase beta' subunit' at k141_20780 position 10533
[16:29:49] Found 64 unique /gene codes.
[16:29:49] Fixed 3 duplicate /gene - ycf3_1 ycf3_2 ycf3_3
[16:29:49] Fixed 2 duplicate /gene - rpoC1_1 rpoC1_2
[16:29:49] Fixed 2 duplicate /gene - ndhA_1 ndhA_2
[16:29:49] Fixed 2 duplicate /gene - rpl2_1 rpl2_2
[16:29:49] Fixed 2 duplicate /gene - clpP_1 clpP_2
[16:29:49] Fixed 2 duplicate /gene - ndhB_1 ndhB_2
[16:29:49] Fixed 6 colliding /gene names.
[16:29:49] Adding /locus_tag identifiers
[16:29:49] Assigned 115 locus_tags to CDS and RNA features.
[16:29:49] Writing outputs to P001_WG11/
[16:29:49] Generating annotation statistics file
[16:29:49] Generating Genbank and Sequin files
[16:29:49] Running: tbl2asn -V b -a r10k -l paired-ends -M n -N 1 -y 'Annotated using prokka 1.14.5 from https://github.com/tseemann/prokka' -Z P001_WG11\/P001_WG11\.err -i P001_WG11\/P001_WG11\.fsa 2> /dev/null
[16:29:50] Deleting unwanted file: P001_WG11/errorsummary.val
[16:29:50] Deleting unwanted file: P001_WG11/P001_WG11.dr
[16:29:50] Deleting unwanted file: P001_WG11/P001_WG11.fixedproducts
[16:29:50] Deleting unwanted file: P001_WG11/P001_WG11.ecn
[16:29:50] Deleting unwanted file: P001_WG11/P001_WG11.val
[16:29:50] Repairing broken .GBK output that tbl2asn produces...
[16:29:50] Running: sed 's/COORDINATES: profile/COORDINATES:profile/' < P001_WG11\/P001_WG11\.gbf > P001_WG11\/P001_WG11\.gbk
[16:29:50] Deleting unwanted file: P001_WG11/P001_WG11.gbf
[16:29:50] Output files:
[16:29:50] P001_WG11/P001_WG11.tbl
[16:29:50] P001_WG11/P001_WG11.gff
[16:29:50] P001_WG11/P001_WG11.sqn
[16:29:50] P001_WG11/P001_WG11.txt
[16:29:50] P001_WG11/P001_WG11.err
[16:29:50] P001_WG11/P001_WG11.fna
[16:29:50] P001_WG11/P001_WG11.log
[16:29:50] P001_WG11/P001_WG11.tsv
[16:29:50] P001_WG11/P001_WG11.gbk
[16:29:50] P001_WG11/P001_WG11.fsa
[16:29:50] P001_WG11/P001_WG11.ffn
[16:29:50] P001_WG11/P001_WG11.faa
[16:29:50] Annotation finished successfully.
[16:29:50] Walltime used: 0.23 minutes
[16:29:50] If you use this result please cite the Prokka paper:
[16:29:50] Seemann T (2014) Prokka: rapid prokaryotic genome annotation. Bioinformatics. 30(14):2068-9.
[16:29:50] Type 'prokka --citation' for more details.
[16:29:50] Thank you, come again.
