Discrepancy Report Results

Summary
FATAL: MISSING_PROTEIN_ID:104 proteins have invalid IDs.
DISC_SOURCE_QUALS_ASNDISC:strain (all present, all same)
DISC_SOURCE_QUALS_ASNDISC:taxname (all present, all same)
DISC_FEATURE_COUNT:CDS: 104 present
DISC_FEATURE_COUNT:tRNA: 27 present
DISC_FEATURE_COUNT:rRNA: 2 present
DISC_COUNT_NUCLEOTIDES:12 nucleotide Bioseqs are present
FEATURE_LOCATION_CONFLICT:133 features have inconsistent gene locations.
SUSPECT_PRODUCT_NAMES:2 product_names contain suspect phrase or characters
	May contain database identifier more appropriate in note; remove from product name
		2 features contains three or more numbers together that may be identifiers more appropriate in note
NO_ANNOTATION:5 bioseqs have no features
DISC_QUALITY_SCORES:Quality scores are missing on all sequences.
ONCALLER_COMMENT_PRESENT:12 comment descriptors were found (all same)
SHORT_PROT_SEQUENCES:10 protein sequences are shorter than 50 aa.
MISSING_GENOMEASSEMBLY_COMMENTS:12 bioseqs are missing GenomeAssembly structured comments
MOLTYPE_NOT_MRNA:12 molecule types are not set as mRNA.
TECHNIQUE_NOT_TSA:12 technique are not set as TSA
MISSING_STRUCTURED_COMMENT:12 sequences do not include structured comments.
MISSING_PROJECT:116 sequences do not include project.
DISC_INCONSISTENT_MOLINFO_TECH:Molinfo Technique Report (some missing, all same)


Detailed Report

FATAL: DiscRep_ALL:MISSING_PROTEIN_ID::104 proteins have invalid IDs.
P001_WE11/P001_WE11:k141_38987_1 (length 81)
P001_WE11/P001_WE11:k141_38987_2 (length 71)
P001_WE11/P001_WE11:k141_38987_3 (length 78)
P001_WE11/P001_WE11:k141_38987_4 (length 74)
P001_WE11/P001_WE11:k141_38987_5 (length 64)
P001_WE11/P001_WE11:k141_38987_6 (length 52)
P001_WE11/P001_WE11:k141_38987_7 (length 156)
P001_WE11/P001_WE11:k141_38987_8 (length 282)
P001_WE11/P001_WE11:k141_38987_9 (length 204)
P001_WE11/P001_WE11:k141_38987_10 (length 131)
P001_WE11/P001_WE11:k141_38987_11 (length 282)
P001_WE11/P001_WE11:k141_38987_12 (length 93)
P001_WE11/P001_WE11:k141_38987_13 (length 112)
P001_WE11/P001_WE11:k141_38987_14 (length 165)
P001_WE11/P001_WE11:k141_38987_15 (length 93)
P001_WE11/P001_WE11:k141_20035_1 (length 353)
P001_WE11/P001_WE11:k141_20035_2 (length 511)
P001_WE11/P001_WE11:k141_20035_3 (length 65)
P001_WE11/P001_WE11:k141_20035_4 (length 99)
P001_WE11/P001_WE11:k141_20035_5 (length 59)
P001_WE11/P001_WE11:k141_20035_6 (length 96)
P001_WE11/P001_WE11:k141_20035_7 (length 56)
P001_WE11/P001_WE11:k141_20035_8 (length 353)
P001_WE11/P001_WE11:k141_20035_9 (length 461)
P001_WE11/P001_WE11:k141_20035_10 (length 56)
P001_WE11/P001_WE11:k141_20035_11 (length 70)
P001_WE11/P001_WE11:k141_20035_12 (length 57)
P001_WE11/P001_WE11:k141_20035_13 (length 39)
P001_WE11/P001_WE11:k141_20035_14 (length 85)
P001_WE11/P001_WE11:k141_20035_15 (length 1076)
P001_WE11/P001_WE11:k141_20035_16 (length 676)
P001_WE11/P001_WE11:k141_20035_17 (length 1493)
P001_WE11/P001_WE11:k141_20035_18 (length 236)
P001_WE11/P001_WE11:k141_20035_19 (length 287)
P001_WE11/P001_WE11:k141_20035_20 (length 56)
P001_WE11/P001_WE11:k141_20035_21 (length 81)
P001_WE11/P001_WE11:k141_20035_22 (length 56)
P001_WE11/P001_WE11:k141_20035_23 (length 57)
P001_WE11/P001_WE11:k141_20035_24 (length 123)
P001_WE11/P001_WE11:k141_20035_25 (length 504)
P001_WE11/P001_WE11:k141_20035_26 (length 103)
P001_WE11/P001_WE11:k141_20035_27 (length 734)
P001_WE11/P001_WE11:k141_20035_28 (length 750)
P001_WE11/P001_WE11:k141_20035_29 (length 82)
P001_WE11/P001_WE11:k141_20035_30 (length 44)
P001_WE11/P001_WE11:k141_20035_31 (length 55)
P001_WE11/P001_WE11:k141_20035_32 (length 71)
P001_WE11/P001_WE11:k141_20035_33 (length 201)
P001_WE11/P001_WE11:k141_20035_34 (length 70)
P001_WE11/P001_WE11:k141_20035_35 (length 159)
P001_WE11/P001_WE11:k141_20035_36 (length 248)
P001_WE11/P001_WE11:k141_20035_37 (length 120)
P001_WE11/P001_WE11:k141_20035_38 (length 44)
P001_WE11/P001_WE11:k141_20035_39 (length 137)
P001_WE11/P001_WE11:k141_20035_40 (length 519)
P001_WE11/P001_WE11:k141_20035_41 (length 479)
P001_WE11/P001_WE11:k141_20035_42 (length 64)
P001_WE11/P001_WE11:k141_20035_43 (length 229)
P001_WE11/P001_WE11:k141_20035_44 (length 225)
P001_WE11/P001_WE11:k141_20035_45 (length 320)
P001_WE11/P001_WE11:k141_20035_46 (length 91)
P001_WE11/P001_WE11:k141_20035_47 (length 40)
P001_WE11/P001_WE11:k141_20035_48 (length 39)
P001_WE11/P001_WE11:k141_20035_49 (length 83)
P001_WE11/P001_WE11:k141_20035_50 (length 31)
P001_WE11/P001_WE11:k141_20035_51 (length 37)
P001_WE11/P001_WE11:k141_20035_52 (length 42)
P001_WE11/P001_WE11:k141_20035_53 (length 170)
P001_WE11/P001_WE11:k141_20035_54 (length 119)
P001_WE11/P001_WE11:k141_20035_55 (length 57)
P001_WE11/P001_WE11:k141_20035_56 (length 214)
P001_WE11/P001_WE11:k141_20035_57 (length 116)
P001_WE11/P001_WE11:k141_20035_58 (length 508)
P001_WE11/P001_WE11:k141_20035_59 (length 38)
P001_WE11/P001_WE11:k141_20035_60 (length 118)
P001_WE11/P001_WE11:k141_20035_61 (length 58)
P001_WE11/P001_WE11:k141_20035_62 (length 232)
P001_WE11/P001_WE11:k141_20035_63 (length 174)
P001_WE11/P001_WE11:k141_20035_64 (length 341)
P001_WE11/P001_WE11:k141_20035_65 (length 143)
P001_WE11/P001_WE11:k141_20035_66 (length 61)
P001_WE11/P001_WE11:k141_20035_67 (length 113)
P001_WE11/P001_WE11:k141_20035_68 (length 136)
P001_WE11/P001_WE11:k141_20035_69 (length 123)
P001_WE11/P001_WE11:k141_20035_70 (length 120)
P001_WE11/P001_WE11:k141_20035_71 (length 33)
P001_WE11/P001_WE11:k141_20035_72 (length 239)
P001_WE11/P001_WE11:k141_20035_73 (length 147)
P001_WE11/P001_WE11:k141_85424_1 (length 383)
P001_WE11/P001_WE11:k141_85424_2 (length 187)
P001_WE11/P001_WE11:k141_85424_3 (length 141)
P001_WE11/P001_WE11:k141_85424_4 (length 180)
P001_WE11/P001_WE11:k141_85424_5 (length 176)
P001_WE11/P001_WE11:k141_85424_6 (length 101)
P001_WE11/P001_WE11:k141_85424_7 (length 81)
P001_WE11/P001_WE11:k141_85424_8 (length 500)
P001_WE11/P001_WE11:k141_85424_9 (length 319)
P001_WE11/P001_WE11:k141_85424_10 (length 63)
P001_WE11/P001_WE11:k141_85424_11 (length 739)
P001_WE11/P001_WE11:k141_85424_12 (length 56)
P001_WE11/P001_WE11:k141_66265_1 (length 136)
P001_WE11/P001_WE11:k141_15682_1 (length 253)
P001_WE11/P001_WE11:k141_89214_1 (length 165)
P001_WE11/P001_WE11:k141_89214_2 (length 64)

DiscRep_ALL:DISC_SOURCE_QUALS_ASNDISC::strain (all present, all same)
DiscRep_SUB:DISC_SOURCE_QUALS_ASNDISC::12 sources have 'strain' for strain
DiscRep_ALL:DISC_SOURCE_QUALS_ASNDISC::taxname (all present, all same)
DiscRep_SUB:DISC_SOURCE_QUALS_ASNDISC::12 sources have 'Genus species' for taxname
DiscRep_ALL:DISC_FEATURE_COUNT::CDS: 104 present
DiscRep_ALL:DISC_FEATURE_COUNT::tRNA: 27 present
DiscRep_ALL:DISC_FEATURE_COUNT::rRNA: 2 present
DiscRep_ALL:DISC_COUNT_NUCLEOTIDES::12 nucleotide Bioseqs are present
P001_WE11/P001_WE11:k141_45249 (length 1173)
P001_WE11/P001_WE11:k141_38987 (length 21238)
P001_WE11/P001_WE11:k141_116465 (length 1413)
P001_WE11/P001_WE11:k141_20035 (length 79074)
P001_WE11/P001_WE11:k141_117173 (length 1104)
P001_WE11/P001_WE11:k141_85424 (length 12678)
P001_WE11/P001_WE11:k141_66265 (length 1466)
P001_WE11/P001_WE11:k141_53593 (length 1512)
P001_WE11/P001_WE11:k141_15682 (length 1155)
P001_WE11/P001_WE11:k141_89214 (length 1490)
P001_WE11/P001_WE11:k141_115572 (length 1188)
P001_WE11/P001_WE11:k141_12431 (length 1330)

DiscRep_ALL:FEATURE_LOCATION_CONFLICT::133 features have inconsistent gene locations.
DiscRep_SUB:FEATURE_LOCATION_CONFLICT::Coding region xref gene does not exist
P001_WE11/P001_WE11:CDS	ribosomal protein S15	k141_38987:c554-309	P001_WE11_00001

DiscRep_SUB:FEATURE_LOCATION_CONFLICT::Coding region xref gene does not exist
P001_WE11/P001_WE11:CDS	hypothetical protein	k141_38987:c6418-6203	P001_WE11_00005

DiscRep_SUB:FEATURE_LOCATION_CONFLICT::Coding region xref gene does not exist
P001_WE11/P001_WE11:CDS	hypothetical protein	k141_38987:7049-7285	P001_WE11_00006

DiscRep_SUB:FEATURE_LOCATION_CONFLICT::Coding region xref gene does not exist
P001_WE11/P001_WE11:CDS	hypothetical protein	k141_38987:7914-8138	P001_WE11_00007

DiscRep_SUB:FEATURE_LOCATION_CONFLICT::Coding region xref gene does not exist
P001_WE11/P001_WE11:CDS	hypothetical protein	k141_38987:c11050-10856	P001_WE11_00010

DiscRep_SUB:FEATURE_LOCATION_CONFLICT::Coding region xref gene does not exist
P001_WE11/P001_WE11:CDS	hypothetical protein	k141_38987:12078-12236	P001_WE11_00011

DiscRep_SUB:FEATURE_LOCATION_CONFLICT::Coding region xref gene does not exist
P001_WE11/P001_WE11:CDS	ribosomal protein S7	k141_38987:12575-13045	P001_WE11_00012

DiscRep_SUB:FEATURE_LOCATION_CONFLICT::Coding region xref gene does not exist
P001_WE11/P001_WE11:CDS	NADH-plastoquinone oxidoreductase subunit 2	k141_38987:13345-14193	P001_WE11_00013

DiscRep_SUB:FEATURE_LOCATION_CONFLICT::Coding region xref gene does not exist
P001_WE11/P001_WE11:CDS	NADH-plastoquinone oxidoreductase subunit 2	k141_38987:14982-15596	P001_WE11_00014

DiscRep_SUB:FEATURE_LOCATION_CONFLICT::Coding region xref gene does not exist
P001_WE11/P001_WE11:CDS	hypothetical protein	k141_38987:c16900-16505	P001_WE11_00016

DiscRep_SUB:FEATURE_LOCATION_CONFLICT::Coding region xref gene does not exist
P001_WE11/P001_WE11:CDS	hypothetical protein	k141_38987:c18272-17424	P001_WE11_00017

DiscRep_SUB:FEATURE_LOCATION_CONFLICT::Coding region xref gene does not exist
P001_WE11/P001_WE11:CDS	ribosomal protein L23	k141_38987:18874-19155	P001_WE11_00019

DiscRep_SUB:FEATURE_LOCATION_CONFLICT::Coding region xref gene does not exist
P001_WE11/P001_WE11:CDS	ribosomal protein L2	k141_38987:19237-19575	P001_WE11_00020

DiscRep_SUB:FEATURE_LOCATION_CONFLICT::Coding region xref gene does not exist
P001_WE11/P001_WE11:CDS	ribosomal protein L2	k141_38987:20161-20658	P001_WE11_00021

DiscRep_SUB:FEATURE_LOCATION_CONFLICT::Coding region xref gene does not exist
P001_WE11/P001_WE11:CDS	ribosomal protein S19	k141_38987:20920-21201	P001_WE11_00023

DiscRep_SUB:FEATURE_LOCATION_CONFLICT::RNA feature xref gene does not exist
P001_WE11/P001_WE11:tRNA	Asn	k141_38987:2119-2192	P001_WE11_00002

DiscRep_SUB:FEATURE_LOCATION_CONFLICT::RNA feature xref gene does not exist
P001_WE11/P001_WE11:tRNA	Arg	k141_38987:c2518-2444	P001_WE11_00003

DiscRep_SUB:FEATURE_LOCATION_CONFLICT::RNA feature xref gene does not exist
P001_WE11/P001_WE11:rRNA	23S ribosomal RNA	k141_38987:c6170-3095	P001_WE11_00004

DiscRep_SUB:FEATURE_LOCATION_CONFLICT::RNA feature xref gene does not exist
P001_WE11/P001_WE11:rRNA	16S ribosomal RNA	k141_38987:c9944-8458	P001_WE11_00008

DiscRep_SUB:FEATURE_LOCATION_CONFLICT::RNA feature xref gene does not exist
P001_WE11/P001_WE11:tRNA	Val	k141_38987:c10250-10179	P001_WE11_00009

DiscRep_SUB:FEATURE_LOCATION_CONFLICT::RNA feature xref gene does not exist
P001_WE11/P001_WE11:tRNA	Leu	k141_38987:16105-16187	P001_WE11_00015

DiscRep_SUB:FEATURE_LOCATION_CONFLICT::RNA feature xref gene does not exist
P001_WE11/P001_WE11:tRNA	Met	k141_38987:18626-18700	P001_WE11_00018

DiscRep_SUB:FEATURE_LOCATION_CONFLICT::RNA feature xref gene does not exist
P001_WE11/P001_WE11:tRNA	His	k141_38987:c20787-20713	P001_WE11_00022

DiscRep_SUB:FEATURE_LOCATION_CONFLICT::Coding region xref gene does not exist
P001_WE11/P001_WE11:CDS	photosystem II protein D1	k141_20035:c1289-228	P001_WE11_00024

DiscRep_SUB:FEATURE_LOCATION_CONFLICT::Coding region xref gene does not exist
P001_WE11/P001_WE11:CDS	maturase K	k141_20035:c3364-1829	P001_WE11_00025

DiscRep_SUB:FEATURE_LOCATION_CONFLICT::Coding region xref gene does not exist
P001_WE11/P001_WE11:CDS	hypothetical protein	k141_20035:4981-5178	P001_WE11_00026

DiscRep_SUB:FEATURE_LOCATION_CONFLICT::Coding region xref gene does not exist
P001_WE11/P001_WE11:CDS	Photosystem II reaction center protein K	k141_20035:6827-7126	P001_WE11_00028

DiscRep_SUB:FEATURE_LOCATION_CONFLICT::Coding region xref gene does not exist
P001_WE11/P001_WE11:CDS	hypothetical protein	k141_20035:7156-7335	P001_WE11_00029

DiscRep_SUB:FEATURE_LOCATION_CONFLICT::Coding region xref gene does not exist
P001_WE11/P001_WE11:CDS	hypothetical protein	k141_20035:7986-8276	P001_WE11_00031

DiscRep_SUB:FEATURE_LOCATION_CONFLICT::Coding region xref gene does not exist
P001_WE11/P001_WE11:CDS	hypothetical protein	k141_20035:c8537-8367	P001_WE11_00032

DiscRep_SUB:FEATURE_LOCATION_CONFLICT::Coding region xref gene does not exist
P001_WE11/P001_WE11:CDS	photosystem II protein D2	k141_20035:8822-9883	P001_WE11_00033

DiscRep_SUB:FEATURE_LOCATION_CONFLICT::Coding region xref gene does not exist
P001_WE11/P001_WE11:CDS	photosystem II CP43 chlorophyll apoprotein	k141_20035:9867-11252	P001_WE11_00034

DiscRep_SUB:FEATURE_LOCATION_CONFLICT::Coding region xref gene does not exist
P001_WE11/P001_WE11:CDS	hypothetical protein	k141_20035:c11684-11514	P001_WE11_00036

DiscRep_SUB:FEATURE_LOCATION_CONFLICT::Coding region xref gene does not exist
P001_WE11/P001_WE11:CDS	hypothetical protein	k141_20035:c12034-11822	P001_WE11_00037

DiscRep_SUB:FEATURE_LOCATION_CONFLICT::Coding region xref gene does not exist
P001_WE11/P001_WE11:CDS	hypothetical protein	k141_20035:c12211-12038	P001_WE11_00038

DiscRep_SUB:FEATURE_LOCATION_CONFLICT::Coding region xref gene does not exist
P001_WE11/P001_WE11:CDS	hypothetical protein	k141_20035:c15711-15592	P001_WE11_00045

DiscRep_SUB:FEATURE_LOCATION_CONFLICT::Coding region xref gene does not exist
P001_WE11/P001_WE11:CDS	hypothetical protein	k141_20035:c17118-16861	P001_WE11_00046

DiscRep_SUB:FEATURE_LOCATION_CONFLICT::Coding region xref gene does not exist
P001_WE11/P001_WE11:CDS	RNA polymerase beta subunit	k141_20035:18812-22042	P001_WE11_00048

DiscRep_SUB:FEATURE_LOCATION_CONFLICT::Coding region xref gene does not exist
P001_WE11/P001_WE11:CDS	RNA polymerase beta' subunit	k141_20035:22080-24110	P001_WE11_00049

DiscRep_SUB:FEATURE_LOCATION_CONFLICT::Coding region xref gene does not exist
P001_WE11/P001_WE11:CDS	DNA-directed RNA polymerase subunit beta'	k141_20035:24254-28735	P001_WE11_00050

DiscRep_SUB:FEATURE_LOCATION_CONFLICT::Coding region xref gene does not exist
P001_WE11/P001_WE11:CDS	ribosomal protein S2	k141_20035:29047-29757	P001_WE11_00051

DiscRep_SUB:FEATURE_LOCATION_CONFLICT::Coding region xref gene does not exist
P001_WE11/P001_WE11:CDS	ATP synthase CF0 subunit IV	k141_20035:29890-30753	P001_WE11_00052

DiscRep_SUB:FEATURE_LOCATION_CONFLICT::Coding region xref gene does not exist
P001_WE11/P001_WE11:CDS	hypothetical protein	k141_20035:31042-31212	P001_WE11_00053

DiscRep_SUB:FEATURE_LOCATION_CONFLICT::Coding region xref gene does not exist
P001_WE11/P001_WE11:CDS	ATP synthase CF0 subunit III	k141_20035:31321-31566	P001_WE11_00054

DiscRep_SUB:FEATURE_LOCATION_CONFLICT::Coding region xref gene does not exist
P001_WE11/P001_WE11:CDS	ATP synthase CF0 subunit I	k141_20035:31798-31968	P001_WE11_00055

DiscRep_SUB:FEATURE_LOCATION_CONFLICT::Coding region xref gene does not exist
P001_WE11/P001_WE11:CDS	hypothetical protein	k141_20035:c32286-32113	P001_WE11_00056

DiscRep_SUB:FEATURE_LOCATION_CONFLICT::Coding region xref gene does not exist
P001_WE11/P001_WE11:CDS	ATP synthase CF0 subunit I	k141_20035:32798-33169	P001_WE11_00057

DiscRep_SUB:FEATURE_LOCATION_CONFLICT::Coding region xref gene does not exist
P001_WE11/P001_WE11:CDS	ATP synthase CF1 alpha subunit	k141_20035:33267-34781	P001_WE11_00058

DiscRep_SUB:FEATURE_LOCATION_CONFLICT::Coding region xref gene does not exist
P001_WE11/P001_WE11:CDS	ribosomal protein S14	k141_20035:c35684-35373	P001_WE11_00060

DiscRep_SUB:FEATURE_LOCATION_CONFLICT::Coding region xref gene does not exist
P001_WE11/P001_WE11:CDS	photosystem I P700 apoprotein A2	k141_20035:c38050-35846	P001_WE11_00061

DiscRep_SUB:FEATURE_LOCATION_CONFLICT::Coding region xref gene does not exist
P001_WE11/P001_WE11:CDS	photosystem I P700 apoprotein A1	k141_20035:c40328-38076	P001_WE11_00062

DiscRep_SUB:FEATURE_LOCATION_CONFLICT::Coding region xref gene does not exist
P001_WE11/P001_WE11:CDS	putative chloroplast RF34	k141_20035:c42084-41836	P001_WE11_00063

DiscRep_SUB:FEATURE_LOCATION_CONFLICT::Coding region xref gene does not exist
P001_WE11/P001_WE11:CDS	putative chloroplast RF34	k141_20035:c42961-42827	P001_WE11_00064

DiscRep_SUB:FEATURE_LOCATION_CONFLICT::Coding region xref gene does not exist
P001_WE11/P001_WE11:CDS	hypothetical protein	k141_20035:c43074-42907	P001_WE11_00065

DiscRep_SUB:FEATURE_LOCATION_CONFLICT::Coding region xref gene does not exist
P001_WE11/P001_WE11:CDS	hypothetical protein	k141_20035:c43532-43317	P001_WE11_00066

DiscRep_SUB:FEATURE_LOCATION_CONFLICT::Coding region xref gene does not exist
P001_WE11/P001_WE11:CDS	ribosomal protein S4	k141_20035:c44522-43917	P001_WE11_00068

DiscRep_SUB:FEATURE_LOCATION_CONFLICT::Coding region xref gene does not exist
P001_WE11/P001_WE11:CDS	hypothetical protein	k141_20035:46465-46677	P001_WE11_00070

DiscRep_SUB:FEATURE_LOCATION_CONFLICT::Coding region xref gene does not exist
P001_WE11/P001_WE11:CDS	NADH-plastoquinone oxidoreductase subunit J	k141_20035:c47809-47330	P001_WE11_00072

DiscRep_SUB:FEATURE_LOCATION_CONFLICT::Coding region xref gene does not exist
P001_WE11/P001_WE11:CDS	NADH-plastoquinone oxidoreductase subunit K	k141_20035:c48651-47905	P001_WE11_00073

DiscRep_SUB:FEATURE_LOCATION_CONFLICT::Coding region xref gene does not exist
P001_WE11/P001_WE11:CDS	NADH-plastoquinone oxidoreductase subunit 3	k141_20035:c49004-48642	P001_WE11_00074

DiscRep_SUB:FEATURE_LOCATION_CONFLICT::Coding region xref gene does not exist
P001_WE11/P001_WE11:CDS	hypothetical protein	k141_20035:c49963-49829	P001_WE11_00075

DiscRep_SUB:FEATURE_LOCATION_CONFLICT::Coding region xref gene does not exist
P001_WE11/P001_WE11:CDS	ATP synthase CF1 epsilon subunit	k141_20035:c51319-50906	P001_WE11_00077

DiscRep_SUB:FEATURE_LOCATION_CONFLICT::Coding region xref gene does not exist
P001_WE11/P001_WE11:CDS	ATP synthase CF1 beta subunit	k141_20035:c52875-51316	P001_WE11_00078

DiscRep_SUB:FEATURE_LOCATION_CONFLICT::Coding region xref gene does not exist
P001_WE11/P001_WE11:CDS	ribulose-1,5-bisphosphate carboxylase/oxygenase large subunit	k141_20035:53616-55055	P001_WE11_00079

DiscRep_SUB:FEATURE_LOCATION_CONFLICT::Coding region xref gene does not exist
P001_WE11/P001_WE11:CDS	hypothetical protein	k141_20035:55391-55585	P001_WE11_00080

DiscRep_SUB:FEATURE_LOCATION_CONFLICT::Coding region xref gene does not exist
P001_WE11/P001_WE11:CDS	photosystem I assembly protein Ycf4	k141_20035:56238-56927	P001_WE11_00081

DiscRep_SUB:FEATURE_LOCATION_CONFLICT::Coding region xref gene does not exist
P001_WE11/P001_WE11:CDS	envelope membrane protein	k141_20035:57372-58049	P001_WE11_00082

DiscRep_SUB:FEATURE_LOCATION_CONFLICT::Coding region xref gene does not exist
P001_WE11/P001_WE11:CDS	cytochrome f	k141_20035:58284-59246	P001_WE11_00083

DiscRep_SUB:FEATURE_LOCATION_CONFLICT::Coding region xref gene does not exist
P001_WE11/P001_WE11:CDS	hypothetical protein	k141_20035:c59720-59445	P001_WE11_00084

DiscRep_SUB:FEATURE_LOCATION_CONFLICT::Coding region xref gene does not exist
P001_WE11/P001_WE11:CDS	photosystem II protein J	k141_20035:c60113-59991	P001_WE11_00085

DiscRep_SUB:FEATURE_LOCATION_CONFLICT::Coding region xref gene does not exist
P001_WE11/P001_WE11:CDS	photosystem II cytochrome b559 beta subunit	k141_20035:c60498-60379	P001_WE11_00086

DiscRep_SUB:FEATURE_LOCATION_CONFLICT::Coding region xref gene does not exist
P001_WE11/P001_WE11:CDS	photosystem II cytochrome b559 alpha subunit	k141_20035:c60760-60509	P001_WE11_00087

DiscRep_SUB:FEATURE_LOCATION_CONFLICT::Coding region xref gene does not exist
P001_WE11/P001_WE11:CDS	cytochrome b6/f complex subunit VI	k141_20035:61926-62021	P001_WE11_00088

DiscRep_SUB:FEATURE_LOCATION_CONFLICT::Coding region xref gene does not exist
P001_WE11/P001_WE11:CDS	cytochrome b6/f complex subunit V	k141_20035:62195-62308	P001_WE11_00089

DiscRep_SUB:FEATURE_LOCATION_CONFLICT::Coding region xref gene does not exist
P001_WE11/P001_WE11:CDS	photosystem I subunit IX	k141_20035:63050-63178	P001_WE11_00092

DiscRep_SUB:FEATURE_LOCATION_CONFLICT::Coding region xref gene does not exist
P001_WE11/P001_WE11:CDS	hypothetical protein	k141_20035:64105-64617	P001_WE11_00093

DiscRep_SUB:FEATURE_LOCATION_CONFLICT::Coding region xref gene does not exist
P001_WE11/P001_WE11:CDS	ribosomal protein L20	k141_20035:c65134-64775	P001_WE11_00094

DiscRep_SUB:FEATURE_LOCATION_CONFLICT::Coding region xref gene does not exist
P001_WE11/P001_WE11:CDS	hypothetical protein	k141_20035:c65947-65774	P001_WE11_00095

DiscRep_SUB:FEATURE_LOCATION_CONFLICT::Coding region xref gene does not exist
P001_WE11/P001_WE11:CDS	ATP-dependent Clp protease proteolytic subunit	k141_20035:c66744-66100	P001_WE11_00096

DiscRep_SUB:FEATURE_LOCATION_CONFLICT::Coding region xref gene does not exist
P001_WE11/P001_WE11:CDS	hypothetical protein	k141_20035:c67203-66853	P001_WE11_00097

DiscRep_SUB:FEATURE_LOCATION_CONFLICT::Coding region xref gene does not exist
P001_WE11/P001_WE11:CDS	photosystem II CP47 chlorophyll apoprotein	k141_20035:67282-68808	P001_WE11_00098

DiscRep_SUB:FEATURE_LOCATION_CONFLICT::Coding region xref gene does not exist
P001_WE11/P001_WE11:CDS	photosystem II protein T	k141_20035:68977-69093	P001_WE11_00099

DiscRep_SUB:FEATURE_LOCATION_CONFLICT::Coding region xref gene does not exist
P001_WE11/P001_WE11:CDS	Photosystem II reaction center protein H	k141_20035:69242-69598	P001_WE11_00100

DiscRep_SUB:FEATURE_LOCATION_CONFLICT::Coding region xref gene does not exist
P001_WE11/P001_WE11:CDS	hypothetical protein	k141_20035:c70293-70117	P001_WE11_00101

DiscRep_SUB:FEATURE_LOCATION_CONFLICT::Coding region xref gene does not exist
P001_WE11/P001_WE11:CDS	cytochrome b6	k141_20035:70430-71128	P001_WE11_00102

DiscRep_SUB:FEATURE_LOCATION_CONFLICT::Coding region xref gene does not exist
P001_WE11/P001_WE11:CDS	cytochrome b6/f complex subunit IV	k141_20035:72014-72538	P001_WE11_00103

DiscRep_SUB:FEATURE_LOCATION_CONFLICT::Coding region xref gene does not exist
P001_WE11/P001_WE11:CDS	DNA-directed RNA polymerase subunit alpha	k141_20035:c73773-72748	P001_WE11_00104

DiscRep_SUB:FEATURE_LOCATION_CONFLICT::Coding region xref gene does not exist
P001_WE11/P001_WE11:CDS	ribosomal protein S11	k141_20035:c74275-73844	P001_WE11_00105

DiscRep_SUB:FEATURE_LOCATION_CONFLICT::Coding region xref gene does not exist
P001_WE11/P001_WE11:CDS	hypothetical protein	k141_20035:74505-74690	P001_WE11_00106

DiscRep_SUB:FEATURE_LOCATION_CONFLICT::Coding region xref gene does not exist
P001_WE11/P001_WE11:CDS	Translation initiation factor IF-1	k141_20035:c75028-74687	P001_WE11_00107

DiscRep_SUB:FEATURE_LOCATION_CONFLICT::Coding region xref gene does not exist
P001_WE11/P001_WE11:CDS	ribosomal protein S8	k141_20035:c75543-75133	P001_WE11_00108

DiscRep_SUB:FEATURE_LOCATION_CONFLICT::Coding region xref gene does not exist
P001_WE11/P001_WE11:CDS	ribosomal protein L14	k141_20035:c76065-75694	P001_WE11_00109

DiscRep_SUB:FEATURE_LOCATION_CONFLICT::Coding region xref gene does not exist
P001_WE11/P001_WE11:CDS	ribosomal protein L16	k141_20035:c76552-76190	P001_WE11_00110

DiscRep_SUB:FEATURE_LOCATION_CONFLICT::Coding region xref gene does not exist
P001_WE11/P001_WE11:CDS	hypothetical protein	k141_20035:77329-77430	P001_WE11_00111

DiscRep_SUB:FEATURE_LOCATION_CONFLICT::Coding region xref gene does not exist
P001_WE11/P001_WE11:CDS	ribosomal protein S3	k141_20035:c78376-77657	P001_WE11_00112

DiscRep_SUB:FEATURE_LOCATION_CONFLICT::Coding region xref gene does not exist
P001_WE11/P001_WE11:CDS	hypothetical protein	k141_20035:c78891-78448	P001_WE11_00113

DiscRep_SUB:FEATURE_LOCATION_CONFLICT::RNA feature xref gene does not exist
P001_WE11/P001_WE11:tRNA	Gln	k141_20035:c6597-6526	P001_WE11_00027

DiscRep_SUB:FEATURE_LOCATION_CONFLICT::RNA feature xref gene does not exist
P001_WE11/P001_WE11:tRNA	Ser	k141_20035:c7851-7763	P001_WE11_00030

DiscRep_SUB:FEATURE_LOCATION_CONFLICT::RNA feature xref gene does not exist
P001_WE11/P001_WE11:tRNA	Ser	k141_20035:c11496-11409	P001_WE11_00035

DiscRep_SUB:FEATURE_LOCATION_CONFLICT::RNA feature xref gene does not exist
P001_WE11/P001_WE11:tRNA	Gly	k141_20035:12325-12396	P001_WE11_00039

DiscRep_SUB:FEATURE_LOCATION_CONFLICT::RNA feature xref gene does not exist
P001_WE11/P001_WE11:tRNA	Met	k141_20035:c12738-12663	P001_WE11_00040

DiscRep_SUB:FEATURE_LOCATION_CONFLICT::RNA feature xref gene does not exist
P001_WE11/P001_WE11:tRNA	Thr	k141_20035:14221-14294	P001_WE11_00041

DiscRep_SUB:FEATURE_LOCATION_CONFLICT::RNA feature xref gene does not exist
P001_WE11/P001_WE11:tRNA	Glu	k141_20035:14848-14922	P001_WE11_00042

DiscRep_SUB:FEATURE_LOCATION_CONFLICT::RNA feature xref gene does not exist
P001_WE11/P001_WE11:tRNA	Tyr	k141_20035:14982-15067	P001_WE11_00043

DiscRep_SUB:FEATURE_LOCATION_CONFLICT::RNA feature xref gene does not exist
P001_WE11/P001_WE11:tRNA	Asp	k141_20035:15394-15467	P001_WE11_00044

DiscRep_SUB:FEATURE_LOCATION_CONFLICT::RNA feature xref gene does not exist
P001_WE11/P001_WE11:tRNA	Cys	k141_20035:c17644-17574	P001_WE11_00047

DiscRep_SUB:FEATURE_LOCATION_CONFLICT::RNA feature xref gene does not exist
P001_WE11/P001_WE11:tRNA	Arg	k141_20035:c34994-34923	P001_WE11_00059

DiscRep_SUB:FEATURE_LOCATION_CONFLICT::RNA feature xref gene does not exist
P001_WE11/P001_WE11:tRNA	Ser	k141_20035:43563-43649	P001_WE11_00067

DiscRep_SUB:FEATURE_LOCATION_CONFLICT::RNA feature xref gene does not exist
P001_WE11/P001_WE11:tRNA	Thr	k141_20035:c44899-44825	P001_WE11_00069

DiscRep_SUB:FEATURE_LOCATION_CONFLICT::RNA feature xref gene does not exist
P001_WE11/P001_WE11:tRNA	Phe	k141_20035:46691-46763	P001_WE11_00071

DiscRep_SUB:FEATURE_LOCATION_CONFLICT::RNA feature xref gene does not exist
P001_WE11/P001_WE11:tRNA	Met	k141_20035:50718-50792	P001_WE11_00076

DiscRep_SUB:FEATURE_LOCATION_CONFLICT::RNA feature xref gene does not exist
P001_WE11/P001_WE11:tRNA	Trp	k141_20035:c62504-62431	P001_WE11_00090

DiscRep_SUB:FEATURE_LOCATION_CONFLICT::RNA feature xref gene does not exist
P001_WE11/P001_WE11:tRNA	Pro	k141_20035:c62712-62637	P001_WE11_00091

DiscRep_SUB:FEATURE_LOCATION_CONFLICT::RNA feature xref gene does not exist
P001_WE11/P001_WE11:tRNA	Asp	k141_117173:c907-831	P001_WE11_00114

DiscRep_SUB:FEATURE_LOCATION_CONFLICT::RNA feature xref gene does not exist
P001_WE11/P001_WE11:tRNA	Tyr	k141_117173:c1104-1018	P001_WE11_00115

DiscRep_SUB:FEATURE_LOCATION_CONFLICT::Coding region xref gene does not exist
P001_WE11/P001_WE11:CDS	NADH-plastoquinone oxidoreductase subunit 7	k141_85424:3-1154	P001_WE11_00116

DiscRep_SUB:FEATURE_LOCATION_CONFLICT::Coding region xref gene does not exist
P001_WE11/P001_WE11:CDS	NADH-plastoquinone oxidoreductase subunit 1	k141_85424:1156-1719	P001_WE11_00117

DiscRep_SUB:FEATURE_LOCATION_CONFLICT::Coding region xref gene does not exist
P001_WE11/P001_WE11:CDS	NADH-plastoquinone oxidoreductase subunit 1	k141_85424:2823-3248	P001_WE11_00118

DiscRep_SUB:FEATURE_LOCATION_CONFLICT::Coding region xref gene does not exist
P001_WE11/P001_WE11:CDS	NADH-plastoquinone oxidoreductase subunit I	k141_85424:3346-3888	P001_WE11_00119

DiscRep_SUB:FEATURE_LOCATION_CONFLICT::Coding region xref gene does not exist
P001_WE11/P001_WE11:CDS	NADH-plastoquinone oxidoreductase subunit 6	k141_85424:4007-4537	P001_WE11_00120

DiscRep_SUB:FEATURE_LOCATION_CONFLICT::Coding region xref gene does not exist
P001_WE11/P001_WE11:CDS	NADH-plastoquinone oxidoreductase subunit 4L	k141_85424:4750-5055	P001_WE11_00121

DiscRep_SUB:FEATURE_LOCATION_CONFLICT::Coding region xref gene does not exist
P001_WE11/P001_WE11:CDS	photosystem I subunit VII	k141_85424:5548-5793	P001_WE11_00122

DiscRep_SUB:FEATURE_LOCATION_CONFLICT::Coding region xref gene does not exist
P001_WE11/P001_WE11:CDS	NADH-plastoquinone oxidoreductase subunit 4	k141_85424:5913-7415	P001_WE11_00123

DiscRep_SUB:FEATURE_LOCATION_CONFLICT::Coding region xref gene does not exist
P001_WE11/P001_WE11:CDS	cytochrome c heme attachment protein	k141_85424:c8553-7594	P001_WE11_00124

DiscRep_SUB:FEATURE_LOCATION_CONFLICT::Coding region xref gene does not exist
P001_WE11/P001_WE11:CDS	ribosomal protein L32	k141_85424:c9379-9188	P001_WE11_00126

DiscRep_SUB:FEATURE_LOCATION_CONFLICT::Coding region xref gene does not exist
P001_WE11/P001_WE11:CDS	NADH-plastoquinone oxidoreductase subunit 5	k141_85424:10231-12450	P001_WE11_00127

DiscRep_SUB:FEATURE_LOCATION_CONFLICT::Coding region xref gene does not exist
P001_WE11/P001_WE11:CDS	NADH-plastoquinone oxidoreductase subunit 7	k141_85424:c12676-12506	P001_WE11_00128

DiscRep_SUB:FEATURE_LOCATION_CONFLICT::RNA feature xref gene does not exist
P001_WE11/P001_WE11:tRNA	Leu	k141_85424:c8710-8631	P001_WE11_00125

DiscRep_SUB:FEATURE_LOCATION_CONFLICT::Coding region xref gene does not exist
P001_WE11/P001_WE11:CDS	hypothetical protein	k141_66265:912-1322	P001_WE11_00129

DiscRep_SUB:FEATURE_LOCATION_CONFLICT::Coding region xref gene does not exist
P001_WE11/P001_WE11:CDS	hypothetical protein	k141_15682:c1141-380	P001_WE11_00130

DiscRep_SUB:FEATURE_LOCATION_CONFLICT::Coding region xref gene does not exist
P001_WE11/P001_WE11:CDS	hypothetical protein	k141_89214:33-530	P001_WE11_00131

DiscRep_SUB:FEATURE_LOCATION_CONFLICT::Coding region xref gene does not exist
P001_WE11/P001_WE11:CDS	hypothetical protein	k141_89214:c1355-1161	P001_WE11_00133

DiscRep_SUB:FEATURE_LOCATION_CONFLICT::RNA feature xref gene does not exist
P001_WE11/P001_WE11:tRNA	Leu	k141_89214:c1020-938	P001_WE11_00132

DiscRep_ALL:SUSPECT_PRODUCT_NAMES::2 product_names contain suspect phrase or characters
DiscRep_SUB:SUSPECT_PRODUCT_NAMES::May contain database identifier more appropriate in note; remove from product name
DiscRep_SUB:SUSPECT_PRODUCT_NAMES::2 features contains three or more numbers together that may be identifiers more appropriate in note
P001_WE11/P001_WE11:CDS	photosystem I P700 apoprotein A2	k141_20035:c38050-35846	P001_WE11_00061
P001_WE11/P001_WE11:CDS	photosystem I P700 apoprotein A1	k141_20035:c40328-38076	P001_WE11_00062

DiscRep_ALL:NO_ANNOTATION::5 bioseqs have no features
P001_WE11/P001_WE11:k141_45249 (length 1173)
P001_WE11/P001_WE11:k141_116465 (length 1413)
P001_WE11/P001_WE11:k141_53593 (length 1512)
P001_WE11/P001_WE11:k141_115572 (length 1188)
P001_WE11/P001_WE11:k141_12431 (length 1330)

DiscRep_ALL:DISC_QUALITY_SCORES::Quality scores are missing on all sequences.

DiscRep_ALL:ONCALLER_COMMENT_PRESENT::12 comment descriptors were found (all same)
P001_WE11/P001_WE11:k141_45249:Annotated using prokka 1.14.5 from https://github.com/tseemann/prokka
P001_WE11/P001_WE11:k141_38987:Annotated using prokka 1.14.5 from https://github.com/tseemann/prokka
P001_WE11/P001_WE11:k141_116465:Annotated using prokka 1.14.5 from https://github.com/tseemann/prokka
P001_WE11/P001_WE11:k141_20035:Annotated using prokka 1.14.5 from https://github.com/tseemann/prokka
P001_WE11/P001_WE11:k141_117173:Annotated using prokka 1.14.5 from https://github.com/tseemann/prokka
P001_WE11/P001_WE11:k141_85424:Annotated using prokka 1.14.5 from https://github.com/tseemann/prokka
P001_WE11/P001_WE11:k141_66265:Annotated using prokka 1.14.5 from https://github.com/tseemann/prokka
P001_WE11/P001_WE11:k141_53593:Annotated using prokka 1.14.5 from https://github.com/tseemann/prokka
P001_WE11/P001_WE11:k141_15682:Annotated using prokka 1.14.5 from https://github.com/tseemann/prokka
P001_WE11/P001_WE11:k141_89214:Annotated using prokka 1.14.5 from https://github.com/tseemann/prokka
P001_WE11/P001_WE11:k141_115572:Annotated using prokka 1.14.5 from https://github.com/tseemann/prokka
P001_WE11/P001_WE11:k141_12431:Annotated using prokka 1.14.5 from https://github.com/tseemann/prokka

DiscRep_ALL:SHORT_PROT_SEQUENCES::10 protein sequences are shorter than 50 aa.
P001_WE11/P001_WE11:k141_20035_13 (length 39)
P001_WE11/P001_WE11:k141_20035_30 (length 44)
P001_WE11/P001_WE11:k141_20035_38 (length 44)
P001_WE11/P001_WE11:k141_20035_47 (length 40)
P001_WE11/P001_WE11:k141_20035_48 (length 39)
P001_WE11/P001_WE11:k141_20035_50 (length 31)
P001_WE11/P001_WE11:k141_20035_51 (length 37)
P001_WE11/P001_WE11:k141_20035_52 (length 42)
P001_WE11/P001_WE11:k141_20035_59 (length 38)
P001_WE11/P001_WE11:k141_20035_71 (length 33)

DiscRep_ALL:MISSING_GENOMEASSEMBLY_COMMENTS::12 bioseqs are missing GenomeAssembly structured comments
P001_WE11/P001_WE11:k141_45249 (length 1173)
P001_WE11/P001_WE11:k141_38987 (length 21238)
P001_WE11/P001_WE11:k141_116465 (length 1413)
P001_WE11/P001_WE11:k141_20035 (length 79074)
P001_WE11/P001_WE11:k141_117173 (length 1104)
P001_WE11/P001_WE11:k141_85424 (length 12678)
P001_WE11/P001_WE11:k141_66265 (length 1466)
P001_WE11/P001_WE11:k141_53593 (length 1512)
P001_WE11/P001_WE11:k141_15682 (length 1155)
P001_WE11/P001_WE11:k141_89214 (length 1490)
P001_WE11/P001_WE11:k141_115572 (length 1188)
P001_WE11/P001_WE11:k141_12431 (length 1330)

DiscRep_ALL:MOLTYPE_NOT_MRNA::12 molecule types are not set as mRNA.
P001_WE11/P001_WE11:k141_45249 (length 1173)
P001_WE11/P001_WE11:k141_38987 (length 21238)
P001_WE11/P001_WE11:k141_116465 (length 1413)
P001_WE11/P001_WE11:k141_20035 (length 79074)
P001_WE11/P001_WE11:k141_117173 (length 1104)
P001_WE11/P001_WE11:k141_85424 (length 12678)
P001_WE11/P001_WE11:k141_66265 (length 1466)
P001_WE11/P001_WE11:k141_53593 (length 1512)
P001_WE11/P001_WE11:k141_15682 (length 1155)
P001_WE11/P001_WE11:k141_89214 (length 1490)
P001_WE11/P001_WE11:k141_115572 (length 1188)
P001_WE11/P001_WE11:k141_12431 (length 1330)

DiscRep_ALL:TECHNIQUE_NOT_TSA::12 technique are not set as TSA
P001_WE11/P001_WE11:k141_45249 (length 1173)
P001_WE11/P001_WE11:k141_38987 (length 21238)
P001_WE11/P001_WE11:k141_116465 (length 1413)
P001_WE11/P001_WE11:k141_20035 (length 79074)
P001_WE11/P001_WE11:k141_117173 (length 1104)
P001_WE11/P001_WE11:k141_85424 (length 12678)
P001_WE11/P001_WE11:k141_66265 (length 1466)
P001_WE11/P001_WE11:k141_53593 (length 1512)
P001_WE11/P001_WE11:k141_15682 (length 1155)
P001_WE11/P001_WE11:k141_89214 (length 1490)
P001_WE11/P001_WE11:k141_115572 (length 1188)
P001_WE11/P001_WE11:k141_12431 (length 1330)

DiscRep_ALL:MISSING_STRUCTURED_COMMENT::12 sequences do not include structured comments.
P001_WE11/P001_WE11:k141_45249 (length 1173)
P001_WE11/P001_WE11:k141_38987 (length 21238)
P001_WE11/P001_WE11:k141_116465 (length 1413)
P001_WE11/P001_WE11:k141_20035 (length 79074)
P001_WE11/P001_WE11:k141_117173 (length 1104)
P001_WE11/P001_WE11:k141_85424 (length 12678)
P001_WE11/P001_WE11:k141_66265 (length 1466)
P001_WE11/P001_WE11:k141_53593 (length 1512)
P001_WE11/P001_WE11:k141_15682 (length 1155)
P001_WE11/P001_WE11:k141_89214 (length 1490)
P001_WE11/P001_WE11:k141_115572 (length 1188)
P001_WE11/P001_WE11:k141_12431 (length 1330)

DiscRep_ALL:MISSING_PROJECT::116 sequences do not include project.
P001_WE11/P001_WE11:k141_45249 (length 1173)
P001_WE11/P001_WE11:k141_38987 (length 21238)
P001_WE11/P001_WE11:k141_38987_1 (length 81)
P001_WE11/P001_WE11:k141_38987_2 (length 71)
P001_WE11/P001_WE11:k141_38987_3 (length 78)
P001_WE11/P001_WE11:k141_38987_4 (length 74)
P001_WE11/P001_WE11:k141_38987_5 (length 64)
P001_WE11/P001_WE11:k141_38987_6 (length 52)
P001_WE11/P001_WE11:k141_38987_7 (length 156)
P001_WE11/P001_WE11:k141_38987_8 (length 282)
P001_WE11/P001_WE11:k141_38987_9 (length 204)
P001_WE11/P001_WE11:k141_38987_10 (length 131)
P001_WE11/P001_WE11:k141_38987_11 (length 282)
P001_WE11/P001_WE11:k141_38987_12 (length 93)
P001_WE11/P001_WE11:k141_38987_13 (length 112)
P001_WE11/P001_WE11:k141_38987_14 (length 165)
P001_WE11/P001_WE11:k141_38987_15 (length 93)
P001_WE11/P001_WE11:k141_116465 (length 1413)
P001_WE11/P001_WE11:k141_20035 (length 79074)
P001_WE11/P001_WE11:k141_20035_1 (length 353)
P001_WE11/P001_WE11:k141_20035_2 (length 511)
P001_WE11/P001_WE11:k141_20035_3 (length 65)
P001_WE11/P001_WE11:k141_20035_4 (length 99)
P001_WE11/P001_WE11:k141_20035_5 (length 59)
P001_WE11/P001_WE11:k141_20035_6 (length 96)
P001_WE11/P001_WE11:k141_20035_7 (length 56)
P001_WE11/P001_WE11:k141_20035_8 (length 353)
P001_WE11/P001_WE11:k141_20035_9 (length 461)
P001_WE11/P001_WE11:k141_20035_10 (length 56)
P001_WE11/P001_WE11:k141_20035_11 (length 70)
P001_WE11/P001_WE11:k141_20035_12 (length 57)
P001_WE11/P001_WE11:k141_20035_13 (length 39)
P001_WE11/P001_WE11:k141_20035_14 (length 85)
P001_WE11/P001_WE11:k141_20035_15 (length 1076)
P001_WE11/P001_WE11:k141_20035_16 (length 676)
P001_WE11/P001_WE11:k141_20035_17 (length 1493)
P001_WE11/P001_WE11:k141_20035_18 (length 236)
P001_WE11/P001_WE11:k141_20035_19 (length 287)
P001_WE11/P001_WE11:k141_20035_20 (length 56)
P001_WE11/P001_WE11:k141_20035_21 (length 81)
P001_WE11/P001_WE11:k141_20035_22 (length 56)
P001_WE11/P001_WE11:k141_20035_23 (length 57)
P001_WE11/P001_WE11:k141_20035_24 (length 123)
P001_WE11/P001_WE11:k141_20035_25 (length 504)
P001_WE11/P001_WE11:k141_20035_26 (length 103)
P001_WE11/P001_WE11:k141_20035_27 (length 734)
P001_WE11/P001_WE11:k141_20035_28 (length 750)
P001_WE11/P001_WE11:k141_20035_29 (length 82)
P001_WE11/P001_WE11:k141_20035_30 (length 44)
P001_WE11/P001_WE11:k141_20035_31 (length 55)
P001_WE11/P001_WE11:k141_20035_32 (length 71)
P001_WE11/P001_WE11:k141_20035_33 (length 201)
P001_WE11/P001_WE11:k141_20035_34 (length 70)
P001_WE11/P001_WE11:k141_20035_35 (length 159)
P001_WE11/P001_WE11:k141_20035_36 (length 248)
P001_WE11/P001_WE11:k141_20035_37 (length 120)
P001_WE11/P001_WE11:k141_20035_38 (length 44)
P001_WE11/P001_WE11:k141_20035_39 (length 137)
P001_WE11/P001_WE11:k141_20035_40 (length 519)
P001_WE11/P001_WE11:k141_20035_41 (length 479)
P001_WE11/P001_WE11:k141_20035_42 (length 64)
P001_WE11/P001_WE11:k141_20035_43 (length 229)
P001_WE11/P001_WE11:k141_20035_44 (length 225)
P001_WE11/P001_WE11:k141_20035_45 (length 320)
P001_WE11/P001_WE11:k141_20035_46 (length 91)
P001_WE11/P001_WE11:k141_20035_47 (length 40)
P001_WE11/P001_WE11:k141_20035_48 (length 39)
P001_WE11/P001_WE11:k141_20035_49 (length 83)
P001_WE11/P001_WE11:k141_20035_50 (length 31)
P001_WE11/P001_WE11:k141_20035_51 (length 37)
P001_WE11/P001_WE11:k141_20035_52 (length 42)
P001_WE11/P001_WE11:k141_20035_53 (length 170)
P001_WE11/P001_WE11:k141_20035_54 (length 119)
P001_WE11/P001_WE11:k141_20035_55 (length 57)
P001_WE11/P001_WE11:k141_20035_56 (length 214)
P001_WE11/P001_WE11:k141_20035_57 (length 116)
P001_WE11/P001_WE11:k141_20035_58 (length 508)
P001_WE11/P001_WE11:k141_20035_59 (length 38)
P001_WE11/P001_WE11:k141_20035_60 (length 118)
P001_WE11/P001_WE11:k141_20035_61 (length 58)
P001_WE11/P001_WE11:k141_20035_62 (length 232)
P001_WE11/P001_WE11:k141_20035_63 (length 174)
P001_WE11/P001_WE11:k141_20035_64 (length 341)
P001_WE11/P001_WE11:k141_20035_65 (length 143)
P001_WE11/P001_WE11:k141_20035_66 (length 61)
P001_WE11/P001_WE11:k141_20035_67 (length 113)
P001_WE11/P001_WE11:k141_20035_68 (length 136)
P001_WE11/P001_WE11:k141_20035_69 (length 123)
P001_WE11/P001_WE11:k141_20035_70 (length 120)
P001_WE11/P001_WE11:k141_20035_71 (length 33)
P001_WE11/P001_WE11:k141_20035_72 (length 239)
P001_WE11/P001_WE11:k141_20035_73 (length 147)
P001_WE11/P001_WE11:k141_117173 (length 1104)
P001_WE11/P001_WE11:k141_85424 (length 12678)
P001_WE11/P001_WE11:k141_85424_1 (length 383)
P001_WE11/P001_WE11:k141_85424_2 (length 187)
P001_WE11/P001_WE11:k141_85424_3 (length 141)
P001_WE11/P001_WE11:k141_85424_4 (length 180)
P001_WE11/P001_WE11:k141_85424_5 (length 176)
P001_WE11/P001_WE11:k141_85424_6 (length 101)
P001_WE11/P001_WE11:k141_85424_7 (length 81)
P001_WE11/P001_WE11:k141_85424_8 (length 500)
P001_WE11/P001_WE11:k141_85424_9 (length 319)
P001_WE11/P001_WE11:k141_85424_10 (length 63)
P001_WE11/P001_WE11:k141_85424_11 (length 739)
P001_WE11/P001_WE11:k141_85424_12 (length 56)
P001_WE11/P001_WE11:k141_66265 (length 1466)
P001_WE11/P001_WE11:k141_66265_1 (length 136)
P001_WE11/P001_WE11:k141_53593 (length 1512)
P001_WE11/P001_WE11:k141_15682 (length 1155)
P001_WE11/P001_WE11:k141_15682_1 (length 253)
P001_WE11/P001_WE11:k141_89214 (length 1490)
P001_WE11/P001_WE11:k141_89214_1 (length 165)
P001_WE11/P001_WE11:k141_89214_2 (length 64)
P001_WE11/P001_WE11:k141_115572 (length 1188)
P001_WE11/P001_WE11:k141_12431 (length 1330)

DiscRep_ALL:DISC_INCONSISTENT_MOLINFO_TECH::Molinfo Technique Report (some missing, all same)
DiscRep_SUB:DISC_INCONSISTENT_MOLINFO_TECH::technique (all missing)
DiscRep_SUB:DISC_INCONSISTENT_MOLINFO_TECH::12 Molinfos are missing field technique
P001_WE11/P001_WE11:k141_12431 (length 1330)
P001_WE11/P001_WE11:k141_15682 (length 1155)
P001_WE11/P001_WE11:k141_20035 (length 79074)
P001_WE11/P001_WE11:k141_38987 (length 21238)
P001_WE11/P001_WE11:k141_45249 (length 1173)
P001_WE11/P001_WE11:k141_53593 (length 1512)
P001_WE11/P001_WE11:k141_66265 (length 1466)
P001_WE11/P001_WE11:k141_85424 (length 12678)
P001_WE11/P001_WE11:k141_89214 (length 1490)
P001_WE11/P001_WE11:k141_115572 (length 1188)
P001_WE11/P001_WE11:k141_116465 (length 1413)
P001_WE11/P001_WE11:k141_117173 (length 1104)

