Discrepancy Report Results

Summary
FATAL: MISSING_PROTEIN_ID:223 proteins have invalid IDs.
DISC_SOURCE_QUALS_ASNDISC:strain (all present, all same)
DISC_SOURCE_QUALS_ASNDISC:taxname (all present, all same)
DISC_FEATURE_COUNT:CDS: 223 present
DISC_FEATURE_COUNT:tRNA: 49 present
DISC_FEATURE_COUNT:rRNA: 5 present
DISC_COUNT_NUCLEOTIDES:38 nucleotide Bioseqs are present
FEATURE_LOCATION_CONFLICT:277 features have inconsistent gene locations.
OVERLAPPING_CDS:2 coding regions overlap another coding region with a similar or identical name.
SUSPECT_PRODUCT_NAMES:4 product_names contain suspect phrase or characters
	May contain database identifier more appropriate in note; remove from product name
		4 features contains three or more numbers together that may be identifiers more appropriate in note
DISC_QUALITY_SCORES:Quality scores are missing on all sequences.
FATAL: DISC_SUSPECT_RRNA_PRODUCTS:2 rRNA product names contain suspect phrase
FATAL: DISC_SHORT_RRNA:2 rRNA features are too short
ONCALLER_COMMENT_PRESENT:38 comment descriptors were found (all same)
SHORT_PROT_SEQUENCES:20 protein sequences are shorter than 50 aa.
MISSING_GENOMEASSEMBLY_COMMENTS:38 bioseqs are missing GenomeAssembly structured comments
MOLTYPE_NOT_MRNA:38 molecule types are not set as mRNA.
TECHNIQUE_NOT_TSA:38 technique are not set as TSA
MISSING_STRUCTURED_COMMENT:38 sequences do not include structured comments.
MISSING_PROJECT:261 sequences do not include project.
FATAL: RRNA_NAME_CONFLICTS:2 rRNA product names are not standard. Correct the names to the standard format, eg "16S ribosomal RNA"
DISC_INCONSISTENT_MOLINFO_TECH:Molinfo Technique Report (some missing, all same)


Detailed Report

FATAL: DiscRep_ALL:MISSING_PROTEIN_ID::223 proteins have invalid IDs.
P001_WE04/P001_WE04:k141_3090_1 (length 135)
P001_WE04/P001_WE04:k141_3090_2 (length 257)
P001_WE04/P001_WE04:k141_54156_1 (length 150)
P001_WE04/P001_WE04:k141_54156_2 (length 735)
P001_WE04/P001_WE04:k141_9286_1 (length 212)
P001_WE04/P001_WE04:k141_9298_1 (length 59)
P001_WE04/P001_WE04:k141_12472_1 (length 61)
P001_WE04/P001_WE04:k141_12472_2 (length 155)
P001_WE04/P001_WE04:k141_12472_3 (length 223)
P001_WE04/P001_WE04:k141_51353_1 (length 120)
P001_WE04/P001_WE04:k141_51353_2 (length 81)
P001_WE04/P001_WE04:k141_36236_1 (length 93)
P001_WE04/P001_WE04:k141_36236_2 (length 58)
P001_WE04/P001_WE04:k141_36236_3 (length 204)
P001_WE04/P001_WE04:k141_3894_1 (length 163)
P001_WE04/P001_WE04:k141_3894_2 (length 84)
P001_WE04/P001_WE04:k141_3894_3 (length 105)
P001_WE04/P001_WE04:k141_19030_1 (length 82)
P001_WE04/P001_WE04:k141_19030_2 (length 61)
P001_WE04/P001_WE04:k141_19030_3 (length 71)
P001_WE04/P001_WE04:k141_27993_1 (length 519)
P001_WE04/P001_WE04:k141_13184_1 (length 100)
P001_WE04/P001_WE04:k141_13184_2 (length 81)
P001_WE04/P001_WE04:k141_13184_3 (length 502)
P001_WE04/P001_WE04:k141_13184_4 (length 316)
P001_WE04/P001_WE04:k141_13184_5 (length 91)
P001_WE04/P001_WE04:k141_13184_6 (length 102)
P001_WE04/P001_WE04:k141_16126_1 (length 176)
P001_WE04/P001_WE04:k141_16126_2 (length 180)
P001_WE04/P001_WE04:k141_16126_3 (length 135)
P001_WE04/P001_WE04:k141_16126_4 (length 50)
P001_WE04/P001_WE04:k141_16126_5 (length 197)
P001_WE04/P001_WE04:k141_16126_6 (length 393)
P001_WE04/P001_WE04:k141_16126_7 (length 87)
P001_WE04/P001_WE04:k141_9835_1 (length 479)
P001_WE04/P001_WE04:k141_9835_2 (length 486)
P001_WE04/P001_WE04:k141_9835_3 (length 133)
P001_WE04/P001_WE04:k141_9912_1 (length 87)
P001_WE04/P001_WE04:k141_9912_2 (length 183)
P001_WE04/P001_WE04:k141_19226_1 (length 39)
P001_WE04/P001_WE04:k141_10018_1 (length 98)
P001_WE04/P001_WE04:k141_10018_2 (length 604)
P001_WE04/P001_WE04:k141_10018_3 (length 321)
P001_WE04/P001_WE04:k141_10018_4 (length 316)
P001_WE04/P001_WE04:k141_10018_5 (length 139)
P001_WE04/P001_WE04:k141_10018_6 (length 81)
P001_WE04/P001_WE04:k141_10018_7 (length 101)
P001_WE04/P001_WE04:k141_13537_1 (length 62)
P001_WE04/P001_WE04:k141_13537_2 (length 473)
P001_WE04/P001_WE04:k141_13537_3 (length 353)
P001_WE04/P001_WE04:k141_13537_4 (length 69)
P001_WE04/P001_WE04:k141_13537_5 (length 29)
P001_WE04/P001_WE04:k141_10058_1 (length 120)
P001_WE04/P001_WE04:k141_10058_2 (length 242)
P001_WE04/P001_WE04:k141_10058_3 (length 163)
P001_WE04/P001_WE04:k141_10058_4 (length 54)
P001_WE04/P001_WE04:k141_10058_5 (length 247)
P001_WE04/P001_WE04:k141_10058_6 (length 110)
P001_WE04/P001_WE04:k141_10058_7 (length 81)
P001_WE04/P001_WE04:k141_10058_8 (length 73)
P001_WE04/P001_WE04:k141_10058_9 (length 87)
P001_WE04/P001_WE04:k141_10058_10 (length 507)
P001_WE04/P001_WE04:k141_10058_11 (length 72)
P001_WE04/P001_WE04:k141_10058_12 (length 210)
P001_WE04/P001_WE04:k141_10058_13 (length 60)
P001_WE04/P001_WE04:k141_10058_14 (length 71)
P001_WE04/P001_WE04:k141_10058_15 (length 36)
P001_WE04/P001_WE04:k141_10058_16 (length 61)
P001_WE04/P001_WE04:k141_52558_1 (length 353)
P001_WE04/P001_WE04:k141_28527_1 (length 185)
P001_WE04/P001_WE04:k141_28527_2 (length 57)
P001_WE04/P001_WE04:k141_28527_3 (length 190)
P001_WE04/P001_WE04:k141_28527_4 (length 73)
P001_WE04/P001_WE04:k141_28527_5 (length 509)
P001_WE04/P001_WE04:k141_55424_1 (length 257)
P001_WE04/P001_WE04:k141_55424_2 (length 1642)
P001_WE04/P001_WE04:k141_55424_3 (length 481)
P001_WE04/P001_WE04:k141_55424_4 (length 143)
P001_WE04/P001_WE04:k141_55424_5 (length 1019)
P001_WE04/P001_WE04:k141_19633_1 (length 297)
P001_WE04/P001_WE04:k141_19633_2 (length 158)
P001_WE04/P001_WE04:k141_19633_3 (length 122)
P001_WE04/P001_WE04:k141_19633_4 (length 129)
P001_WE04/P001_WE04:k141_19633_5 (length 32)
P001_WE04/P001_WE04:k141_19633_6 (length 136)
P001_WE04/P001_WE04:k141_19633_7 (length 51)
P001_WE04/P001_WE04:k141_19633_8 (length 44)
P001_WE04/P001_WE04:k141_19633_9 (length 82)
P001_WE04/P001_WE04:k141_7698_1 (length 80)
P001_WE04/P001_WE04:k141_7698_2 (length 251)
P001_WE04/P001_WE04:k141_7698_3 (length 167)
P001_WE04/P001_WE04:k141_7698_4 (length 202)
P001_WE04/P001_WE04:k141_28707_1 (length 72)
P001_WE04/P001_WE04:k141_28707_2 (length 202)
P001_WE04/P001_WE04:k141_28707_3 (length 36)
P001_WE04/P001_WE04:k141_28707_4 (length 185)
P001_WE04/P001_WE04:k141_28707_5 (length 229)
P001_WE04/P001_WE04:k141_28707_6 (length 322)
P001_WE04/P001_WE04:k141_28707_7 (length 40)
P001_WE04/P001_WE04:k141_28707_8 (length 50)
P001_WE04/P001_WE04:k141_28707_9 (length 83)
P001_WE04/P001_WE04:k141_28707_10 (length 37)
P001_WE04/P001_WE04:k141_28707_11 (length 57)
P001_WE04/P001_WE04:k141_28707_12 (length 82)
P001_WE04/P001_WE04:k141_28707_13 (length 68)
P001_WE04/P001_WE04:k141_28707_14 (length 215)
P001_WE04/P001_WE04:k141_28707_15 (length 127)
P001_WE04/P001_WE04:k141_19739_1 (length 1510)
P001_WE04/P001_WE04:k141_19739_2 (length 90)
P001_WE04/P001_WE04:k141_19739_3 (length 371)
P001_WE04/P001_WE04:k141_19739_4 (length 188)
P001_WE04/P001_WE04:k141_19739_5 (length 63)
P001_WE04/P001_WE04:k141_19739_6 (length 103)
P001_WE04/P001_WE04:k141_19739_7 (length 87)
P001_WE04/P001_WE04:k141_19739_8 (length 178)
P001_WE04/P001_WE04:k141_32088_1 (length 70)
P001_WE04/P001_WE04:k141_32088_2 (length 160)
P001_WE04/P001_WE04:k141_32088_3 (length 131)
P001_WE04/P001_WE04:k141_14130_1 (length 39)
P001_WE04/P001_WE04:k141_10895_1 (length 734)
P001_WE04/P001_WE04:k141_10895_2 (length 750)
P001_WE04/P001_WE04:k141_10895_3 (length 57)
P001_WE04/P001_WE04:k141_10895_4 (length 107)
P001_WE04/P001_WE04:k141_5325_1 (length 383)
P001_WE04/P001_WE04:k141_5325_2 (length 100)
P001_WE04/P001_WE04:k141_5325_3 (length 84)
P001_WE04/P001_WE04:k141_5325_4 (length 77)
P001_WE04/P001_WE04:k141_5325_5 (length 473)
P001_WE04/P001_WE04:k141_5325_6 (length 353)
P001_WE04/P001_WE04:k141_5325_7 (length 56)
P001_WE04/P001_WE04:k141_5325_8 (length 69)
P001_WE04/P001_WE04:k141_5325_9 (length 46)
P001_WE04/P001_WE04:k141_5325_10 (length 1072)
P001_WE04/P001_WE04:k141_5325_11 (length 152)
P001_WE04/P001_WE04:k141_5325_12 (length 467)
P001_WE04/P001_WE04:k141_5325_13 (length 1377)
P001_WE04/P001_WE04:k141_5325_14 (length 242)
P001_WE04/P001_WE04:k141_5325_15 (length 247)
P001_WE04/P001_WE04:k141_5325_16 (length 81)
P001_WE04/P001_WE04:k141_5325_17 (length 74)
P001_WE04/P001_WE04:k141_5325_18 (length 124)
P001_WE04/P001_WE04:k141_5325_19 (length 507)
P001_WE04/P001_WE04:k141_5325_20 (length 43)
P001_WE04/P001_WE04:k141_5325_21 (length 103)
P001_WE04/P001_WE04:k141_5325_22 (length 67)
P001_WE04/P001_WE04:k141_5325_23 (length 510)
P001_WE04/P001_WE04:k141_5325_24 (length 353)
P001_WE04/P001_WE04:k141_38389_1 (length 235)
P001_WE04/P001_WE04:k141_44272_1 (length 204)
P001_WE04/P001_WE04:k141_44272_2 (length 87)
P001_WE04/P001_WE04:k141_44272_3 (length 2282)
P001_WE04/P001_WE04:k141_44272_4 (length 93)
P001_WE04/P001_WE04:k141_44272_5 (length 112)
P001_WE04/P001_WE04:k141_44272_6 (length 159)
P001_WE04/P001_WE04:k141_14784_1 (length 85)
P001_WE04/P001_WE04:k141_14784_2 (length 80)
P001_WE04/P001_WE04:k141_38516_1 (length 87)
P001_WE04/P001_WE04:k141_38516_2 (length 79)
P001_WE04/P001_WE04:k141_38516_3 (length 37)
P001_WE04/P001_WE04:k141_2894_1 (length 75)
P001_WE04/P001_WE04:k141_2894_2 (length 234)
P001_WE04/P001_WE04:k141_29768_1 (length 119)
P001_WE04/P001_WE04:k141_29768_2 (length 67)
P001_WE04/P001_WE04:k141_29768_3 (length 305)
P001_WE04/P001_WE04:k141_29768_4 (length 98)
P001_WE04/P001_WE04:k141_29768_5 (length 238)
P001_WE04/P001_WE04:k141_29768_6 (length 48)
P001_WE04/P001_WE04:k141_29768_7 (length 60)
P001_WE04/P001_WE04:k141_29768_8 (length 87)
P001_WE04/P001_WE04:k141_29768_9 (length 246)
P001_WE04/P001_WE04:k141_29768_10 (length 88)
P001_WE04/P001_WE04:k141_29768_11 (length 88)
P001_WE04/P001_WE04:k141_29768_12 (length 93)
P001_WE04/P001_WE04:k141_29768_13 (length 145)
P001_WE04/P001_WE04:k141_29768_14 (length 64)
P001_WE04/P001_WE04:k141_29768_15 (length 750)
P001_WE04/P001_WE04:k141_29768_16 (length 46)
P001_WE04/P001_WE04:k141_29768_17 (length 82)
P001_WE04/P001_WE04:k141_29768_18 (length 44)
P001_WE04/P001_WE04:k141_29768_19 (length 92)
P001_WE04/P001_WE04:k141_29768_20 (length 201)
P001_WE04/P001_WE04:k141_29768_21 (length 71)
P001_WE04/P001_WE04:k141_29768_22 (length 50)
P001_WE04/P001_WE04:k141_29768_23 (length 120)
P001_WE04/P001_WE04:k141_29768_24 (length 48)
P001_WE04/P001_WE04:k141_29768_25 (length 134)
P001_WE04/P001_WE04:k141_29768_26 (length 498)
P001_WE04/P001_WE04:k141_29768_27 (length 100)
P001_WE04/P001_WE04:k141_29768_28 (length 482)
P001_WE04/P001_WE04:k141_29768_29 (length 454)
P001_WE04/P001_WE04:k141_29768_30 (length 36)
P001_WE04/P001_WE04:k141_29768_31 (length 184)
P001_WE04/P001_WE04:k141_29768_32 (length 74)
P001_WE04/P001_WE04:k141_29768_33 (length 223)
P001_WE04/P001_WE04:k141_29768_34 (length 320)
P001_WE04/P001_WE04:k141_29768_35 (length 40)
P001_WE04/P001_WE04:k141_29768_36 (length 50)
P001_WE04/P001_WE04:k141_29768_37 (length 141)
P001_WE04/P001_WE04:k141_29768_38 (length 33)
P001_WE04/P001_WE04:k141_29768_39 (length 75)
P001_WE04/P001_WE04:k141_29768_40 (length 39)
P001_WE04/P001_WE04:k141_29768_41 (length 101)
P001_WE04/P001_WE04:k141_29768_42 (length 70)
P001_WE04/P001_WE04:k141_29768_43 (length 117)
P001_WE04/P001_WE04:k141_29768_44 (length 79)
P001_WE04/P001_WE04:k141_29768_45 (length 167)
P001_WE04/P001_WE04:k141_29768_46 (length 53)
P001_WE04/P001_WE04:k141_29768_47 (length 508)
P001_WE04/P001_WE04:k141_29768_48 (length 73)
P001_WE04/P001_WE04:k141_29768_49 (length 75)
P001_WE04/P001_WE04:k141_29768_50 (length 225)
P001_WE04/P001_WE04:k141_29768_51 (length 165)
P001_WE04/P001_WE04:k141_29768_52 (length 63)
P001_WE04/P001_WE04:k141_29768_53 (length 339)
P001_WE04/P001_WE04:k141_29768_54 (length 138)
P001_WE04/P001_WE04:k141_29768_55 (length 77)
P001_WE04/P001_WE04:k141_29768_56 (length 132)
P001_WE04/P001_WE04:k141_29768_57 (length 122)
P001_WE04/P001_WE04:k141_29768_58 (length 119)
P001_WE04/P001_WE04:k141_29768_59 (length 67)
P001_WE04/P001_WE04:k141_29768_60 (length 218)
P001_WE04/P001_WE04:k141_29768_61 (length 133)
P001_WE04/P001_WE04:k141_29768_62 (length 92)

DiscRep_ALL:DISC_SOURCE_QUALS_ASNDISC::strain (all present, all same)
DiscRep_SUB:DISC_SOURCE_QUALS_ASNDISC::38 sources have 'strain' for strain
DiscRep_ALL:DISC_SOURCE_QUALS_ASNDISC::taxname (all present, all same)
DiscRep_SUB:DISC_SOURCE_QUALS_ASNDISC::38 sources have 'Genus species' for taxname
DiscRep_ALL:DISC_FEATURE_COUNT::CDS: 223 present
DiscRep_ALL:DISC_FEATURE_COUNT::tRNA: 49 present
DiscRep_ALL:DISC_FEATURE_COUNT::rRNA: 5 present
DiscRep_ALL:DISC_COUNT_NUCLEOTIDES::38 nucleotide Bioseqs are present
P001_WE04/P001_WE04:k141_3090 (length 1720)
P001_WE04/P001_WE04:k141_54156 (length 3861)
P001_WE04/P001_WE04:k141_9286 (length 1018)
P001_WE04/P001_WE04:k141_9298 (length 1004)
P001_WE04/P001_WE04:k141_9331 (length 1163)
P001_WE04/P001_WE04:k141_12472 (length 5869)
P001_WE04/P001_WE04:k141_51353 (length 1126)
P001_WE04/P001_WE04:k141_36236 (length 3109)
P001_WE04/P001_WE04:k141_36277 (length 1326)
P001_WE04/P001_WE04:k141_3894 (length 1988)
P001_WE04/P001_WE04:k141_19030 (length 7725)
P001_WE04/P001_WE04:k141_27993 (length 2553)
P001_WE04/P001_WE04:k141_13184 (length 6755)
P001_WE04/P001_WE04:k141_16126 (length 5241)
P001_WE04/P001_WE04:k141_9835 (length 6024)
P001_WE04/P001_WE04:k141_9912 (length 1590)
P001_WE04/P001_WE04:k141_19226 (length 1835)
P001_WE04/P001_WE04:k141_10018 (length 8330)
P001_WE04/P001_WE04:k141_13537 (length 10771)
P001_WE04/P001_WE04:k141_10058 (length 17341)
P001_WE04/P001_WE04:k141_52558 (length 1776)
P001_WE04/P001_WE04:k141_28527 (length 6037)
P001_WE04/P001_WE04:k141_28569 (length 1125)
P001_WE04/P001_WE04:k141_55424 (length 12388)
P001_WE04/P001_WE04:k141_19633 (length 9892)
P001_WE04/P001_WE04:k141_7698 (length 2336)
P001_WE04/P001_WE04:k141_28707 (length 12904)
P001_WE04/P001_WE04:k141_19739 (length 9964)
P001_WE04/P001_WE04:k141_32088 (length 2144)
P001_WE04/P001_WE04:k141_14130 (length 1744)
P001_WE04/P001_WE04:k141_10895 (length 6454)
P001_WE04/P001_WE04:k141_5325 (length 39852)
P001_WE04/P001_WE04:k141_38389 (length 1562)
P001_WE04/P001_WE04:k141_44272 (length 11353)
P001_WE04/P001_WE04:k141_14784 (length 2079)
P001_WE04/P001_WE04:k141_38516 (length 3943)
P001_WE04/P001_WE04:k141_2894 (length 1524)
P001_WE04/P001_WE04:k141_29768 (length 62127)

DiscRep_ALL:FEATURE_LOCATION_CONFLICT::277 features have inconsistent gene locations.
DiscRep_SUB:FEATURE_LOCATION_CONFLICT::Coding region xref gene does not exist
P001_WE04/P001_WE04:CDS	50S ribosomal protein L22	k141_3090:c484-77	P001_WE04_00001

DiscRep_SUB:FEATURE_LOCATION_CONFLICT::Coding region xref gene does not exist
P001_WE04/P001_WE04:CDS	Acetyl-coenzyme A carboxylase carboxyl transferase subunit beta, chloroplastic	k141_3090:c1296-523	P001_WE04_00002

DiscRep_SUB:FEATURE_LOCATION_CONFLICT::Coding region xref gene does not exist
P001_WE04/P001_WE04:CDS	ribosomal protein S11	k141_54156:c657-205	P001_WE04_00003

DiscRep_SUB:FEATURE_LOCATION_CONFLICT::Coding region xref gene does not exist
P001_WE04/P001_WE04:CDS	NADH-plastoquinone oxidoreductase subunit 5	k141_54156:c3432-1225	P001_WE04_00004

DiscRep_SUB:FEATURE_LOCATION_CONFLICT::Coding region xref gene does not exist
P001_WE04/P001_WE04:CDS	hypothetical protein	k141_9286:286-924	P001_WE04_00005

DiscRep_SUB:FEATURE_LOCATION_CONFLICT::Coding region xref gene does not exist
P001_WE04/P001_WE04:CDS	ATP-dependent Clp protease proteolytic subunit	k141_9298:c991-812	P001_WE04_00006

DiscRep_SUB:FEATURE_LOCATION_CONFLICT::RNA feature xref gene does not exist
P001_WE04/P001_WE04:tRNA	Asn	k141_9331:382-455	P001_WE04_00007

DiscRep_SUB:FEATURE_LOCATION_CONFLICT::RNA feature xref gene does not exist
P001_WE04/P001_WE04:tRNA	Arg	k141_9331:c747-673	P001_WE04_00008

DiscRep_SUB:FEATURE_LOCATION_CONFLICT::Coding region xref gene does not exist
P001_WE04/P001_WE04:CDS	hypothetical protein	k141_12472:c1833-1648	P001_WE04_00010

DiscRep_SUB:FEATURE_LOCATION_CONFLICT::Coding region xref gene does not exist
P001_WE04/P001_WE04:CDS	ribosomal protein S7	k141_12472:3353-3820	P001_WE04_00011

DiscRep_SUB:FEATURE_LOCATION_CONFLICT::Coding region xref gene does not exist
P001_WE04/P001_WE04:CDS	NADH-plastoquinone oxidoreductase subunit 2	k141_12472:4149-4820	P001_WE04_00012

DiscRep_SUB:FEATURE_LOCATION_CONFLICT::RNA feature xref gene does not exist
P001_WE04/P001_WE04:tRNA	Val	k141_12472:c629-558	P001_WE04_00009

DiscRep_SUB:FEATURE_LOCATION_CONFLICT::Coding region xref gene does not exist
P001_WE04/P001_WE04:CDS	ATP synthase CF1 alpha subunit	k141_51353:c490-128	P001_WE04_00013

DiscRep_SUB:FEATURE_LOCATION_CONFLICT::Coding region xref gene does not exist
P001_WE04/P001_WE04:CDS	ATP synthase CF1 alpha subunit	k141_51353:c816-571	P001_WE04_00014

DiscRep_SUB:FEATURE_LOCATION_CONFLICT::Coding region xref gene does not exist
P001_WE04/P001_WE04:CDS	hypothetical protein	k141_36236:1213-1494	P001_WE04_00016

DiscRep_SUB:FEATURE_LOCATION_CONFLICT::Coding region xref gene does not exist
P001_WE04/P001_WE04:CDS	hypothetical protein	k141_36236:c2200-2024	P001_WE04_00018

DiscRep_SUB:FEATURE_LOCATION_CONFLICT::Coding region xref gene does not exist
P001_WE04/P001_WE04:CDS	NADH-plastoquinone oxidoreductase subunit 2	k141_36236:c3071-2457	P001_WE04_00019

DiscRep_SUB:FEATURE_LOCATION_CONFLICT::RNA feature xref gene does not exist
P001_WE04/P001_WE04:tRNA	Thr	k141_36236:865-939	P001_WE04_00015

DiscRep_SUB:FEATURE_LOCATION_CONFLICT::RNA feature xref gene does not exist
P001_WE04/P001_WE04:tRNA	Leu	k141_36236:c1882-1800	P001_WE04_00017

DiscRep_SUB:FEATURE_LOCATION_CONFLICT::RNA feature xref gene does not exist
P001_WE04/P001_WE04:rRNA	23S ribosomal RNA (partial)	k141_36277:c1326-260	P001_WE04_00020

DiscRep_SUB:FEATURE_LOCATION_CONFLICT::Coding region xref gene does not exist
P001_WE04/P001_WE04:CDS	Acetyl-coenzyme A carboxylase carboxyl transferase subunit beta, chloroplastic	k141_3894:7-498	P001_WE04_00021

DiscRep_SUB:FEATURE_LOCATION_CONFLICT::Coding region xref gene does not exist
P001_WE04/P001_WE04:CDS	hypothetical protein	k141_3894:778-1032	P001_WE04_00022

DiscRep_SUB:FEATURE_LOCATION_CONFLICT::Coding region xref gene does not exist
P001_WE04/P001_WE04:CDS	hypothetical protein	k141_3894:1218-1535	P001_WE04_00023

DiscRep_SUB:FEATURE_LOCATION_CONFLICT::Coding region xref gene does not exist
P001_WE04/P001_WE04:CDS	hypothetical protein	k141_19030:1319-1567	P001_WE04_00024

DiscRep_SUB:FEATURE_LOCATION_CONFLICT::Coding region xref gene does not exist
P001_WE04/P001_WE04:CDS	hypothetical protein	k141_19030:5884-6069	P001_WE04_00027

DiscRep_SUB:FEATURE_LOCATION_CONFLICT::Coding region xref gene does not exist
P001_WE04/P001_WE04:CDS	hypothetical protein	k141_19030:6824-7039	P001_WE04_00029

DiscRep_SUB:FEATURE_LOCATION_CONFLICT::RNA feature xref gene does not exist
P001_WE04/P001_WE04:rRNA	23S ribosomal RNA	k141_19030:2103-5113	P001_WE04_00025

DiscRep_SUB:FEATURE_LOCATION_CONFLICT::RNA feature xref gene does not exist
P001_WE04/P001_WE04:tRNA	Arg	k141_19030:5731-5805	P001_WE04_00026

DiscRep_SUB:FEATURE_LOCATION_CONFLICT::RNA feature xref gene does not exist
P001_WE04/P001_WE04:tRNA	Asn	k141_19030:c6466-6393	P001_WE04_00028

DiscRep_SUB:FEATURE_LOCATION_CONFLICT::Coding region xref gene does not exist
P001_WE04/P001_WE04:CDS	maturase K	k141_27993:c1690-131	P001_WE04_00030

DiscRep_SUB:FEATURE_LOCATION_CONFLICT::Coding region xref gene does not exist
P001_WE04/P001_WE04:CDS	NADH-plastoquinone oxidoreductase subunit 4L	k141_13184:411-713	P001_WE04_00031

DiscRep_SUB:FEATURE_LOCATION_CONFLICT::Coding region xref gene does not exist
P001_WE04/P001_WE04:CDS	photosystem I subunit VII	k141_13184:1092-1337	P001_WE04_00032

DiscRep_SUB:FEATURE_LOCATION_CONFLICT::Coding region xref gene does not exist
P001_WE04/P001_WE04:CDS	NADH-plastoquinone oxidoreductase subunit 4	k141_13184:1463-2971	P001_WE04_00033

DiscRep_SUB:FEATURE_LOCATION_CONFLICT::Coding region xref gene does not exist
P001_WE04/P001_WE04:CDS	cytochrome c heme attachment protein	k141_13184:c4232-3282	P001_WE04_00034

DiscRep_SUB:FEATURE_LOCATION_CONFLICT::Coding region xref gene does not exist
P001_WE04/P001_WE04:CDS	hypothetical protein	k141_13184:c6126-5851	P001_WE04_00036

DiscRep_SUB:FEATURE_LOCATION_CONFLICT::Coding region xref gene does not exist
P001_WE04/P001_WE04:CDS	hypothetical protein	k141_13184:c6593-6285	P001_WE04_00037

DiscRep_SUB:FEATURE_LOCATION_CONFLICT::RNA feature xref gene does not exist
P001_WE04/P001_WE04:tRNA	Leu	k141_13184:c5092-5012	P001_WE04_00035

DiscRep_SUB:FEATURE_LOCATION_CONFLICT::Coding region xref gene does not exist
P001_WE04/P001_WE04:CDS	NADH-plastoquinone oxidoreductase subunit 6	k141_16126:c601-71	P001_WE04_00038

DiscRep_SUB:FEATURE_LOCATION_CONFLICT::Coding region xref gene does not exist
P001_WE04/P001_WE04:CDS	NADH-plastoquinone oxidoreductase subunit I	k141_16126:c1443-901	P001_WE04_00039

DiscRep_SUB:FEATURE_LOCATION_CONFLICT::Coding region xref gene does not exist
P001_WE04/P001_WE04:CDS	NADH-plastoquinone oxidoreductase subunit 1	k141_16126:c1939-1532	P001_WE04_00040

DiscRep_SUB:FEATURE_LOCATION_CONFLICT::Coding region xref gene does not exist
P001_WE04/P001_WE04:CDS	hypothetical protein	k141_16126:2393-2545	P001_WE04_00041

DiscRep_SUB:FEATURE_LOCATION_CONFLICT::Coding region xref gene does not exist
P001_WE04/P001_WE04:CDS	NADH-plastoquinone oxidoreductase subunit 1	k141_16126:c3662-3069	P001_WE04_00042

DiscRep_SUB:FEATURE_LOCATION_CONFLICT::Coding region xref gene does not exist
P001_WE04/P001_WE04:CDS	NADH-plastoquinone oxidoreductase subunit 7	k141_16126:c4845-3664	P001_WE04_00043

DiscRep_SUB:FEATURE_LOCATION_CONFLICT::Coding region xref gene does not exist
P001_WE04/P001_WE04:CDS	ribosomal protein S15	k141_16126:c5207-4944	P001_WE04_00044

DiscRep_SUB:FEATURE_LOCATION_CONFLICT::Coding region xref gene does not exist
P001_WE04/P001_WE04:CDS	ribulose-1,5-bisphosphate carboxylase/oxygenase large subunit	k141_9835:c2094-655	P001_WE04_00046

DiscRep_SUB:FEATURE_LOCATION_CONFLICT::Coding region xref gene does not exist
P001_WE04/P001_WE04:CDS	ATP synthase CF1 beta subunit	k141_9835:2714-4174	P001_WE04_00047

DiscRep_SUB:FEATURE_LOCATION_CONFLICT::Coding region xref gene does not exist
P001_WE04/P001_WE04:CDS	ATP synthase CF1 epsilon subunit	k141_9835:4191-4592	P001_WE04_00048

DiscRep_SUB:FEATURE_LOCATION_CONFLICT::RNA feature xref gene does not exist
P001_WE04/P001_WE04:tRNA	Val	k141_9835:c347-276	P001_WE04_00045

DiscRep_SUB:FEATURE_LOCATION_CONFLICT::RNA feature xref gene does not exist
P001_WE04/P001_WE04:tRNA	Met	k141_9835:c4838-4764	P001_WE04_00049

DiscRep_SUB:FEATURE_LOCATION_CONFLICT::Coding region xref gene does not exist
P001_WE04/P001_WE04:CDS	hypothetical protein	k141_9912:691-954	P001_WE04_00050

DiscRep_SUB:FEATURE_LOCATION_CONFLICT::Coding region xref gene does not exist
P001_WE04/P001_WE04:CDS	ribosomal protein S7	k141_9912:1009-1560	P001_WE04_00051

DiscRep_SUB:FEATURE_LOCATION_CONFLICT::Coding region xref gene does not exist
P001_WE04/P001_WE04:CDS	hypothetical protein	k141_19226:c1825-1706	P001_WE04_00053

DiscRep_SUB:FEATURE_LOCATION_CONFLICT::RNA feature xref gene does not exist
P001_WE04/P001_WE04:rRNA	16S ribosomal RNA	k141_19226:2-1336	P001_WE04_00052

DiscRep_SUB:FEATURE_LOCATION_CONFLICT::Coding region xref gene does not exist
P001_WE04/P001_WE04:CDS	NADH-plastoquinone oxidoreductase subunit 5	k141_10018:c612-316	P001_WE04_00054

DiscRep_SUB:FEATURE_LOCATION_CONFLICT::Coding region xref gene does not exist
P001_WE04/P001_WE04:CDS	NADH-plastoquinone oxidoreductase subunit 5	k141_10018:c2522-708	P001_WE04_00055

DiscRep_SUB:FEATURE_LOCATION_CONFLICT::Coding region xref gene does not exist
P001_WE04/P001_WE04:CDS	cytochrome c heme attachment protein	k141_10018:4419-5384	P001_WE04_00057

DiscRep_SUB:FEATURE_LOCATION_CONFLICT::Coding region xref gene does not exist
P001_WE04/P001_WE04:CDS	NADH-plastoquinone oxidoreductase subunit 4	k141_10018:c6522-5572	P001_WE04_00058

DiscRep_SUB:FEATURE_LOCATION_CONFLICT::Coding region xref gene does not exist
P001_WE04/P001_WE04:CDS	NADH-plastoquinone oxidoreductase subunit 4	k141_10018:c6956-6537	P001_WE04_00059

DiscRep_SUB:FEATURE_LOCATION_CONFLICT::Coding region xref gene does not exist
P001_WE04/P001_WE04:CDS	photosystem I subunit VII	k141_10018:c7438-7193	P001_WE04_00060

DiscRep_SUB:FEATURE_LOCATION_CONFLICT::Coding region xref gene does not exist
P001_WE04/P001_WE04:CDS	NADH-plastoquinone oxidoreductase subunit 4L	k141_10018:c8126-7821	P001_WE04_00061

DiscRep_SUB:FEATURE_LOCATION_CONFLICT::RNA feature xref gene does not exist
P001_WE04/P001_WE04:tRNA	Leu	k141_10018:4242-4321	P001_WE04_00056

DiscRep_SUB:FEATURE_LOCATION_CONFLICT::Coding region xref gene does not exist
P001_WE04/P001_WE04:CDS	photosystem II protein Z	k141_13537:c1070-882	P001_WE04_00064

DiscRep_SUB:FEATURE_LOCATION_CONFLICT::Coding region xref gene does not exist
P001_WE04/P001_WE04:CDS	photosystem II CP43 chlorophyll apoprotein	k141_13537:c3062-1641	P001_WE04_00066

DiscRep_SUB:FEATURE_LOCATION_CONFLICT::Coding region xref gene does not exist
P001_WE04/P001_WE04:CDS	photosystem II protein D2	k141_13537:c4071-3010	P001_WE04_00067

DiscRep_SUB:FEATURE_LOCATION_CONFLICT::Coding region xref gene does not exist
P001_WE04/P001_WE04:CDS	hypothetical protein	k141_13537:5881-6090	P001_WE04_00069

DiscRep_SUB:FEATURE_LOCATION_CONFLICT::Coding region xref gene does not exist
P001_WE04/P001_WE04:CDS	cytochrome b6/f complex subunit VII	k141_13537:c8819-8730	P001_WE04_00073

DiscRep_SUB:FEATURE_LOCATION_CONFLICT::RNA feature xref gene does not exist
P001_WE04/P001_WE04:tRNA	Met	k141_13537:374-451	P001_WE04_00062

DiscRep_SUB:FEATURE_LOCATION_CONFLICT::RNA feature xref gene does not exist
P001_WE04/P001_WE04:tRNA	Gly	k141_13537:c659-588	P001_WE04_00063

DiscRep_SUB:FEATURE_LOCATION_CONFLICT::RNA feature xref gene does not exist
P001_WE04/P001_WE04:tRNA	Ser	k141_13537:1427-1514	P001_WE04_00065

DiscRep_SUB:FEATURE_LOCATION_CONFLICT::RNA feature xref gene does not exist
P001_WE04/P001_WE04:tRNA	Thr	k141_13537:c5523-5452	P001_WE04_00068

DiscRep_SUB:FEATURE_LOCATION_CONFLICT::RNA feature xref gene does not exist
P001_WE04/P001_WE04:tRNA	Glu	k141_13537:6496-6567	P001_WE04_00070

DiscRep_SUB:FEATURE_LOCATION_CONFLICT::RNA feature xref gene does not exist
P001_WE04/P001_WE04:tRNA	Tyr	k141_13537:6684-6767	P001_WE04_00071

DiscRep_SUB:FEATURE_LOCATION_CONFLICT::RNA feature xref gene does not exist
P001_WE04/P001_WE04:tRNA	Asp	k141_13537:7151-7226	P001_WE04_00072

DiscRep_SUB:FEATURE_LOCATION_CONFLICT::RNA feature xref gene does not exist
P001_WE04/P001_WE04:tRNA	Cys	k141_13537:c9410-9340	P001_WE04_00074

DiscRep_SUB:FEATURE_LOCATION_CONFLICT::Coding region xref gene does not exist
P001_WE04/P001_WE04:CDS	NADH-plastoquinone oxidoreductase subunit 3	k141_10058:520-882	P001_WE04_00075

DiscRep_SUB:FEATURE_LOCATION_CONFLICT::Coding region xref gene does not exist
P001_WE04/P001_WE04:CDS	NADH-plastoquinone oxidoreductase subunit K	k141_10058:873-1601	P001_WE04_00076

DiscRep_SUB:FEATURE_LOCATION_CONFLICT::Coding region xref gene does not exist
P001_WE04/P001_WE04:CDS	NADH-plastoquinone oxidoreductase subunit J	k141_10058:1704-2195	P001_WE04_00077

DiscRep_SUB:FEATURE_LOCATION_CONFLICT::Coding region xref gene does not exist
P001_WE04/P001_WE04:CDS	hypothetical protein	k141_10058:5086-5250	P001_WE04_00079

DiscRep_SUB:FEATURE_LOCATION_CONFLICT::Coding region xref gene does not exist
P001_WE04/P001_WE04:CDS	ATP synthase CF0 subunit IV	k141_10058:5727-6470	P001_WE04_00080

DiscRep_SUB:FEATURE_LOCATION_CONFLICT::Coding region xref gene does not exist
P001_WE04/P001_WE04:CDS	ribosomal protein L2	k141_10058:7391-7723	P001_WE04_00081

DiscRep_SUB:FEATURE_LOCATION_CONFLICT::Coding region xref gene does not exist
P001_WE04/P001_WE04:CDS	ATP synthase CF0 subunit III	k141_10058:7883-8128	P001_WE04_00082

DiscRep_SUB:FEATURE_LOCATION_CONFLICT::Coding region xref gene does not exist
P001_WE04/P001_WE04:CDS	hypothetical protein	k141_10058:8550-8771	P001_WE04_00083

DiscRep_SUB:FEATURE_LOCATION_CONFLICT::Coding region xref gene does not exist
P001_WE04/P001_WE04:CDS	ATP synthase CF0 subunit I	k141_10058:9666-9929	P001_WE04_00084

DiscRep_SUB:FEATURE_LOCATION_CONFLICT::Coding region xref gene does not exist
P001_WE04/P001_WE04:CDS	ATP synthase CF1 alpha subunit	k141_10058:10026-11549	P001_WE04_00085

DiscRep_SUB:FEATURE_LOCATION_CONFLICT::Coding region xref gene does not exist
P001_WE04/P001_WE04:CDS	hypothetical protein	k141_10058:12908-13126	P001_WE04_00087

DiscRep_SUB:FEATURE_LOCATION_CONFLICT::Coding region xref gene does not exist
P001_WE04/P001_WE04:CDS	hypothetical protein	k141_10058:13367-13999	P001_WE04_00088

DiscRep_SUB:FEATURE_LOCATION_CONFLICT::Coding region xref gene does not exist
P001_WE04/P001_WE04:CDS	DNA-directed RNA polymerase subunit alpha	k141_10058:14019-14201	P001_WE04_00089

DiscRep_SUB:FEATURE_LOCATION_CONFLICT::Coding region xref gene does not exist
P001_WE04/P001_WE04:CDS	hypothetical protein	k141_10058:14314-14529	P001_WE04_00090

DiscRep_SUB:FEATURE_LOCATION_CONFLICT::Coding region xref gene does not exist
P001_WE04/P001_WE04:CDS	Photosystem II reaction center protein I	k141_10058:c15478-15368	P001_WE04_00092

DiscRep_SUB:FEATURE_LOCATION_CONFLICT::Coding region xref gene does not exist
P001_WE04/P001_WE04:CDS	photosystem II protein K	k141_10058:c16010-15825	P001_WE04_00093

DiscRep_SUB:FEATURE_LOCATION_CONFLICT::RNA feature xref gene does not exist
P001_WE04/P001_WE04:tRNA	Phe	k141_10058:c2874-2802	P001_WE04_00078

DiscRep_SUB:FEATURE_LOCATION_CONFLICT::RNA feature xref gene does not exist
P001_WE04/P001_WE04:tRNA	Arg	k141_10058:c11739-11668	P001_WE04_00086

DiscRep_SUB:FEATURE_LOCATION_CONFLICT::RNA feature xref gene does not exist
P001_WE04/P001_WE04:tRNA	Ser	k141_10058:15154-15243	P001_WE04_00091

DiscRep_SUB:FEATURE_LOCATION_CONFLICT::Coding region xref gene does not exist
P001_WE04/P001_WE04:CDS	photosystem II protein D1	k141_52558:c1311-250	P001_WE04_00094

DiscRep_SUB:FEATURE_LOCATION_CONFLICT::Coding region xref gene does not exist
P001_WE04/P001_WE04:CDS	cytochrome b6/f complex subunit IV	k141_28527:c934-377	P001_WE04_00095

DiscRep_SUB:FEATURE_LOCATION_CONFLICT::Coding region xref gene does not exist
P001_WE04/P001_WE04:CDS	hypothetical protein	k141_28527:1486-1659	P001_WE04_00096

DiscRep_SUB:FEATURE_LOCATION_CONFLICT::Coding region xref gene does not exist
P001_WE04/P001_WE04:CDS	cytochrome b6	k141_28527:c2413-1841	P001_WE04_00097

DiscRep_SUB:FEATURE_LOCATION_CONFLICT::Coding region xref gene does not exist
P001_WE04/P001_WE04:CDS	photosystem II phosphoprotein	k141_28527:c3657-3436	P001_WE04_00098

DiscRep_SUB:FEATURE_LOCATION_CONFLICT::Coding region xref gene does not exist
P001_WE04/P001_WE04:CDS	photosystem II CP47 chlorophyll apoprotein	k141_28527:c5804-4275	P001_WE04_00099

DiscRep_SUB:FEATURE_LOCATION_CONFLICT::RNA feature xref gene does not exist
P001_WE04/P001_WE04:tRNA	Met	k141_28569:c678-604	P001_WE04_00100

DiscRep_SUB:FEATURE_LOCATION_CONFLICT::Coding region xref gene does not exist
P001_WE04/P001_WE04:CDS	ribosomal protein S2	k141_55424:c1138-365	P001_WE04_00101

DiscRep_SUB:FEATURE_LOCATION_CONFLICT::Coding region xref gene does not exist
P001_WE04/P001_WE04:CDS	DNA-directed RNA polymerase subunit beta'	k141_55424:c6312-1384	P001_WE04_00102

DiscRep_SUB:FEATURE_LOCATION_CONFLICT::Coding region xref gene does not exist
P001_WE04/P001_WE04:CDS	RNA polymerase beta' subunit	k141_55424:c7915-6470	P001_WE04_00103

DiscRep_SUB:FEATURE_LOCATION_CONFLICT::Coding region xref gene does not exist
P001_WE04/P001_WE04:CDS	RNA polymerase beta' subunit	k141_55424:c9248-8817	P001_WE04_00104

DiscRep_SUB:FEATURE_LOCATION_CONFLICT::Coding region xref gene does not exist
P001_WE04/P001_WE04:CDS	RNA polymerase beta subunit	k141_55424:c12339-9280	P001_WE04_00105

DiscRep_SUB:FEATURE_LOCATION_CONFLICT::Coding region xref gene does not exist
P001_WE04/P001_WE04:CDS	ribosomal protein S3	k141_19633:96-989	P001_WE04_00106

DiscRep_SUB:FEATURE_LOCATION_CONFLICT::Coding region xref gene does not exist
P001_WE04/P001_WE04:CDS	ribosomal protein L16	k141_19633:1907-2383	P001_WE04_00107

DiscRep_SUB:FEATURE_LOCATION_CONFLICT::Coding region xref gene does not exist
P001_WE04/P001_WE04:CDS	ribosomal protein L14	k141_19633:2500-2868	P001_WE04_00108

DiscRep_SUB:FEATURE_LOCATION_CONFLICT::Coding region xref gene does not exist
P001_WE04/P001_WE04:CDS	ribosomal protein S8	k141_19633:3038-3427	P001_WE04_00109

DiscRep_SUB:FEATURE_LOCATION_CONFLICT::Coding region xref gene does not exist
P001_WE04/P001_WE04:CDS	hypothetical protein	k141_19633:3412-3510	P001_WE04_00110

DiscRep_SUB:FEATURE_LOCATION_CONFLICT::Coding region xref gene does not exist
P001_WE04/P001_WE04:CDS	Translation initiation factor IF-1	k141_19633:3488-3898	P001_WE04_00111

DiscRep_SUB:FEATURE_LOCATION_CONFLICT::Coding region xref gene does not exist
P001_WE04/P001_WE04:CDS	hypothetical protein	k141_19633:5645-5800	P001_WE04_00112

DiscRep_SUB:FEATURE_LOCATION_CONFLICT::Coding region xref gene does not exist
P001_WE04/P001_WE04:CDS	putative chloroplast RF34	k141_19633:6840-6974	P001_WE04_00114

DiscRep_SUB:FEATURE_LOCATION_CONFLICT::Coding region xref gene does not exist
P001_WE04/P001_WE04:CDS	putative chloroplast RF34	k141_19633:7777-8025	P001_WE04_00115

DiscRep_SUB:FEATURE_LOCATION_CONFLICT::RNA feature xref gene does not exist
P001_WE04/P001_WE04:tRNA	Ser	k141_19633:c6262-6176	P001_WE04_00113

DiscRep_SUB:FEATURE_LOCATION_CONFLICT::Coding region xref gene does not exist
P001_WE04/P001_WE04:CDS	hypothetical protein	k141_7698:c310-68	P001_WE04_00116

DiscRep_SUB:FEATURE_LOCATION_CONFLICT::Coding region xref gene does not exist
P001_WE04/P001_WE04:CDS	RNA polymerase alpha subunit	k141_7698:358-1113	P001_WE04_00117

DiscRep_SUB:FEATURE_LOCATION_CONFLICT::Coding region xref gene does not exist
P001_WE04/P001_WE04:CDS	hypothetical protein	k141_7698:1082-1585	P001_WE04_00118

DiscRep_SUB:FEATURE_LOCATION_CONFLICT::Coding region xref gene does not exist
P001_WE04/P001_WE04:CDS	hypothetical protein	k141_7698:1634-2242	P001_WE04_00119

DiscRep_SUB:FEATURE_LOCATION_CONFLICT::Coding region xref gene does not exist
P001_WE04/P001_WE04:CDS	hypothetical protein	k141_28707:161-379	P001_WE04_00120

DiscRep_SUB:FEATURE_LOCATION_CONFLICT::Coding region xref gene does not exist
P001_WE04/P001_WE04:CDS	ribosomal protein S4	k141_28707:1322-1930	P001_WE04_00122

DiscRep_SUB:FEATURE_LOCATION_CONFLICT::Coding region xref gene does not exist
P001_WE04/P001_WE04:CDS	photosystem I subunit VIII	k141_28707:2541-2651	P001_WE04_00123

DiscRep_SUB:FEATURE_LOCATION_CONFLICT::Coding region xref gene does not exist
P001_WE04/P001_WE04:CDS	photosystem I assembly protein Ycf4	k141_28707:2891-3448	P001_WE04_00124

DiscRep_SUB:FEATURE_LOCATION_CONFLICT::Coding region xref gene does not exist
P001_WE04/P001_WE04:CDS	envelope membrane protein	k141_28707:4241-4930	P001_WE04_00125

DiscRep_SUB:FEATURE_LOCATION_CONFLICT::Coding region xref gene does not exist
P001_WE04/P001_WE04:CDS	cytochrome f	k141_28707:5167-6135	P001_WE04_00126

DiscRep_SUB:FEATURE_LOCATION_CONFLICT::Coding region xref gene does not exist
P001_WE04/P001_WE04:CDS	photosystem II protein J	k141_28707:c7230-7108	P001_WE04_00127

DiscRep_SUB:FEATURE_LOCATION_CONFLICT::Coding region xref gene does not exist
P001_WE04/P001_WE04:CDS	Cytochrome b559 subunit beta	k141_28707:c7647-7495	P001_WE04_00128

DiscRep_SUB:FEATURE_LOCATION_CONFLICT::Coding region xref gene does not exist
P001_WE04/P001_WE04:CDS	photosystem II cytochrome b559 alpha subunit	k141_28707:c7876-7625	P001_WE04_00129

DiscRep_SUB:FEATURE_LOCATION_CONFLICT::Coding region xref gene does not exist
P001_WE04/P001_WE04:CDS	cytochrome b6/f complex subunit V	k141_28707:9430-9543	P001_WE04_00130

DiscRep_SUB:FEATURE_LOCATION_CONFLICT::Coding region xref gene does not exist
P001_WE04/P001_WE04:CDS	hypothetical protein	k141_28707:c10240-10067	P001_WE04_00133

DiscRep_SUB:FEATURE_LOCATION_CONFLICT::Coding region xref gene does not exist
P001_WE04/P001_WE04:CDS	hypothetical protein	k141_28707:c10452-10204	P001_WE04_00134

DiscRep_SUB:FEATURE_LOCATION_CONFLICT::Coding region xref gene does not exist
P001_WE04/P001_WE04:CDS	ribosomal protein L33	k141_28707:10883-11089	P001_WE04_00135

DiscRep_SUB:FEATURE_LOCATION_CONFLICT::Coding region xref gene does not exist
P001_WE04/P001_WE04:CDS	hypothetical protein	k141_28707:11362-12009	P001_WE04_00136

DiscRep_SUB:FEATURE_LOCATION_CONFLICT::Coding region xref gene does not exist
P001_WE04/P001_WE04:CDS	50S ribosomal protein L20	k141_28707:c12737-12354	P001_WE04_00137

DiscRep_SUB:FEATURE_LOCATION_CONFLICT::RNA feature xref gene does not exist
P001_WE04/P001_WE04:tRNA	Gln	k141_28707:582-655	P001_WE04_00121

DiscRep_SUB:FEATURE_LOCATION_CONFLICT::RNA feature xref gene does not exist
P001_WE04/P001_WE04:tRNA	Trp	k141_28707:c9715-9642	P001_WE04_00131

DiscRep_SUB:FEATURE_LOCATION_CONFLICT::RNA feature xref gene does not exist
P001_WE04/P001_WE04:tRNA	Pro	k141_28707:c9889-9814	P001_WE04_00132

DiscRep_SUB:FEATURE_LOCATION_CONFLICT::Coding region xref gene does not exist
P001_WE04/P001_WE04:CDS	hypothetical protein	k141_19739:117-4649	P001_WE04_00138

DiscRep_SUB:FEATURE_LOCATION_CONFLICT::Coding region xref gene does not exist
P001_WE04/P001_WE04:CDS	ribosomal protein S15	k141_19739:5039-5311	P001_WE04_00139

DiscRep_SUB:FEATURE_LOCATION_CONFLICT::Coding region xref gene does not exist
P001_WE04/P001_WE04:CDS	NADH-plastoquinone oxidoreductase subunit 7	k141_19739:5428-6543	P001_WE04_00140

DiscRep_SUB:FEATURE_LOCATION_CONFLICT::Coding region xref gene does not exist
P001_WE04/P001_WE04:CDS	NADH-plastoquinone oxidoreductase subunit 1	k141_19739:6618-7184	P001_WE04_00141

DiscRep_SUB:FEATURE_LOCATION_CONFLICT::Coding region xref gene does not exist
P001_WE04/P001_WE04:CDS	hypothetical protein	k141_19739:c8378-8187	P001_WE04_00142

DiscRep_SUB:FEATURE_LOCATION_CONFLICT::Coding region xref gene does not exist
P001_WE04/P001_WE04:CDS	NADH-plastoquinone oxidoreductase subunit I	k141_19739:8413-8724	P001_WE04_00143

DiscRep_SUB:FEATURE_LOCATION_CONFLICT::Coding region xref gene does not exist
P001_WE04/P001_WE04:CDS	NADH-plastoquinone oxidoreductase subunit I	k141_19739:8717-8980	P001_WE04_00144

DiscRep_SUB:FEATURE_LOCATION_CONFLICT::Coding region xref gene does not exist
P001_WE04/P001_WE04:CDS	NADH-plastoquinone oxidoreductase subunit 6	k141_19739:9404-9940	P001_WE04_00145

DiscRep_SUB:FEATURE_LOCATION_CONFLICT::Coding region xref gene does not exist
P001_WE04/P001_WE04:CDS	hypothetical protein	k141_32088:87-299	P001_WE04_00146

DiscRep_SUB:FEATURE_LOCATION_CONFLICT::Coding region xref gene does not exist
P001_WE04/P001_WE04:CDS	ribosomal protein L2	k141_32088:c1012-530	P001_WE04_00148

DiscRep_SUB:FEATURE_LOCATION_CONFLICT::Coding region xref gene does not exist
P001_WE04/P001_WE04:CDS	ribosomal protein L2	k141_32088:c1985-1590	P001_WE04_00149

DiscRep_SUB:FEATURE_LOCATION_CONFLICT::RNA feature xref gene does not exist
P001_WE04/P001_WE04:tRNA	His	k141_32088:413-487	P001_WE04_00147

DiscRep_SUB:FEATURE_LOCATION_CONFLICT::Coding region xref gene does not exist
P001_WE04/P001_WE04:CDS	hypothetical protein	k141_14130:c1734-1615	P001_WE04_00151

DiscRep_SUB:FEATURE_LOCATION_CONFLICT::RNA feature xref gene does not exist
P001_WE04/P001_WE04:rRNA	16S ribosomal RNA	k141_14130:2-1302	P001_WE04_00150

DiscRep_SUB:FEATURE_LOCATION_CONFLICT::Coding region xref gene does not exist
P001_WE04/P001_WE04:CDS	photosystem I P700 apoprotein A2	k141_10895:c2512-308	P001_WE04_00152

DiscRep_SUB:FEATURE_LOCATION_CONFLICT::Coding region xref gene does not exist
P001_WE04/P001_WE04:CDS	photosystem I P700 apoprotein A1	k141_10895:c4790-2538	P001_WE04_00153

DiscRep_SUB:FEATURE_LOCATION_CONFLICT::Coding region xref gene does not exist
P001_WE04/P001_WE04:CDS	hypothetical protein	k141_10895:c5110-4937	P001_WE04_00154

DiscRep_SUB:FEATURE_LOCATION_CONFLICT::Coding region xref gene does not exist
P001_WE04/P001_WE04:CDS	ATP-dependent Clp protease proteolytic subunit	k141_10895:c6197-5874	P001_WE04_00156

DiscRep_SUB:FEATURE_LOCATION_CONFLICT::RNA feature xref gene does not exist
P001_WE04/P001_WE04:tRNA	Arg	k141_10895:5668-5739	P001_WE04_00155

DiscRep_SUB:FEATURE_LOCATION_CONFLICT::Coding region xref gene does not exist
P001_WE04/P001_WE04:CDS	photosystem I P700 apoprotein A2	k141_5325:65-1216	P001_WE04_00157

DiscRep_SUB:FEATURE_LOCATION_CONFLICT::Coding region xref gene does not exist
P001_WE04/P001_WE04:CDS	ribosomal protein S14	k141_5325:1368-1670	P001_WE04_00158

DiscRep_SUB:FEATURE_LOCATION_CONFLICT::Coding region xref gene does not exist
P001_WE04/P001_WE04:CDS	hypothetical protein	k141_5325:2574-2828	P001_WE04_00161

DiscRep_SUB:FEATURE_LOCATION_CONFLICT::Coding region xref gene does not exist
P001_WE04/P001_WE04:CDS	hypothetical protein	k141_5325:2902-3135	P001_WE04_00162

DiscRep_SUB:FEATURE_LOCATION_CONFLICT::Coding region xref gene does not exist
P001_WE04/P001_WE04:CDS	photosystem II CP43 chlorophyll apoprotein	k141_5325:c4845-3424	P001_WE04_00164

DiscRep_SUB:FEATURE_LOCATION_CONFLICT::Coding region xref gene does not exist
P001_WE04/P001_WE04:CDS	photosystem II protein D2	k141_5325:c5854-4793	P001_WE04_00165

DiscRep_SUB:FEATURE_LOCATION_CONFLICT::Coding region xref gene does not exist
P001_WE04/P001_WE04:CDS	hypothetical protein	k141_5325:c6035-5865	P001_WE04_00166

DiscRep_SUB:FEATURE_LOCATION_CONFLICT::Coding region xref gene does not exist
P001_WE04/P001_WE04:CDS	hypothetical protein	k141_5325:8737-8946	P001_WE04_00171

DiscRep_SUB:FEATURE_LOCATION_CONFLICT::Coding region xref gene does not exist
P001_WE04/P001_WE04:CDS	hypothetical protein	k141_5325:9959-10099	P001_WE04_00172

DiscRep_SUB:FEATURE_LOCATION_CONFLICT::Coding region xref gene does not exist
P001_WE04/P001_WE04:CDS	RNA polymerase beta subunit	k141_5325:11982-15200	P001_WE04_00174

DiscRep_SUB:FEATURE_LOCATION_CONFLICT::Coding region xref gene does not exist
P001_WE04/P001_WE04:CDS	RNA polymerase beta' subunit	k141_5325:15206-15664	P001_WE04_00175

DiscRep_SUB:FEATURE_LOCATION_CONFLICT::Coding region xref gene does not exist
P001_WE04/P001_WE04:CDS	RNA polymerase beta' subunit	k141_5325:16626-18029	P001_WE04_00176

DiscRep_SUB:FEATURE_LOCATION_CONFLICT::Coding region xref gene does not exist
P001_WE04/P001_WE04:CDS	RNA polymerase beta'' subunit	k141_5325:18198-22331	P001_WE04_00177

DiscRep_SUB:FEATURE_LOCATION_CONFLICT::Coding region xref gene does not exist
P001_WE04/P001_WE04:CDS	ribosomal protein S2	k141_5325:22609-23337	P001_WE04_00178

DiscRep_SUB:FEATURE_LOCATION_CONFLICT::Coding region xref gene does not exist
P001_WE04/P001_WE04:CDS	ATP synthase CF0 subunit IV	k141_5325:23604-24347	P001_WE04_00179

DiscRep_SUB:FEATURE_LOCATION_CONFLICT::Coding region xref gene does not exist
P001_WE04/P001_WE04:CDS	ATP synthase CF0 subunit III	k141_5325:25308-25553	P001_WE04_00180

DiscRep_SUB:FEATURE_LOCATION_CONFLICT::Coding region xref gene does not exist
P001_WE04/P001_WE04:CDS	hypothetical protein	k141_5325:25684-25908	P001_WE04_00181

DiscRep_SUB:FEATURE_LOCATION_CONFLICT::Coding region xref gene does not exist
P001_WE04/P001_WE04:CDS	ATP synthase CF0 subunit I	k141_5325:26906-27280	P001_WE04_00182

DiscRep_SUB:FEATURE_LOCATION_CONFLICT::Coding region xref gene does not exist
P001_WE04/P001_WE04:CDS	ATP synthase CF1 alpha subunit	k141_5325:27354-28877	P001_WE04_00183

DiscRep_SUB:FEATURE_LOCATION_CONFLICT::Coding region xref gene does not exist
P001_WE04/P001_WE04:CDS	hypothetical protein	k141_5325:30620-30751	P001_WE04_00185

DiscRep_SUB:FEATURE_LOCATION_CONFLICT::Coding region xref gene does not exist
P001_WE04/P001_WE04:CDS	Photosystem II reaction center protein K	k141_5325:c32457-32146	P001_WE04_00187

DiscRep_SUB:FEATURE_LOCATION_CONFLICT::Coding region xref gene does not exist
P001_WE04/P001_WE04:CDS	hypothetical protein	k141_5325:c33577-33374	P001_WE04_00189

DiscRep_SUB:FEATURE_LOCATION_CONFLICT::Coding region xref gene does not exist
P001_WE04/P001_WE04:CDS	maturase K	k141_5325:36301-37833	P001_WE04_00190

DiscRep_SUB:FEATURE_LOCATION_CONFLICT::Coding region xref gene does not exist
P001_WE04/P001_WE04:CDS	photosystem II protein D1	k141_5325:38349-39410	P001_WE04_00191

DiscRep_SUB:FEATURE_LOCATION_CONFLICT::RNA feature xref gene does not exist
P001_WE04/P001_WE04:tRNA	Met	k141_5325:1833-1907	P001_WE04_00159

DiscRep_SUB:FEATURE_LOCATION_CONFLICT::RNA feature xref gene does not exist
P001_WE04/P001_WE04:tRNA	Gly	k141_5325:c2142-2071	P001_WE04_00160

DiscRep_SUB:FEATURE_LOCATION_CONFLICT::RNA feature xref gene does not exist
P001_WE04/P001_WE04:tRNA	Ser	k141_5325:3159-3251	P001_WE04_00163

DiscRep_SUB:FEATURE_LOCATION_CONFLICT::RNA feature xref gene does not exist
P001_WE04/P001_WE04:tRNA	Thr	k141_5325:c7080-7007	P001_WE04_00167

DiscRep_SUB:FEATURE_LOCATION_CONFLICT::RNA feature xref gene does not exist
P001_WE04/P001_WE04:tRNA	Glu	k141_5325:7701-7775	P001_WE04_00168

DiscRep_SUB:FEATURE_LOCATION_CONFLICT::RNA feature xref gene does not exist
P001_WE04/P001_WE04:tRNA	Tyr	k141_5325:7853-7936	P001_WE04_00169

DiscRep_SUB:FEATURE_LOCATION_CONFLICT::RNA feature xref gene does not exist
P001_WE04/P001_WE04:tRNA	Asp	k141_5325:8200-8275	P001_WE04_00170

DiscRep_SUB:FEATURE_LOCATION_CONFLICT::RNA feature xref gene does not exist
P001_WE04/P001_WE04:tRNA	Cys	k141_5325:c10909-10839	P001_WE04_00173

DiscRep_SUB:FEATURE_LOCATION_CONFLICT::RNA feature xref gene does not exist
P001_WE04/P001_WE04:tRNA	Arg	k141_5325:c29115-29044	P001_WE04_00184

DiscRep_SUB:FEATURE_LOCATION_CONFLICT::RNA feature xref gene does not exist
P001_WE04/P001_WE04:tRNA	Ser	k141_5325:31198-31286	P001_WE04_00186

DiscRep_SUB:FEATURE_LOCATION_CONFLICT::RNA feature xref gene does not exist
P001_WE04/P001_WE04:tRNA	Gln	k141_5325:32696-32767	P001_WE04_00188

DiscRep_SUB:FEATURE_LOCATION_CONFLICT::RNA feature xref gene does not exist
P001_WE04/P001_WE04:tRNA	His	k141_5325:39638-39712	P001_WE04_00192

DiscRep_SUB:FEATURE_LOCATION_CONFLICT::Coding region xref gene does not exist
P001_WE04/P001_WE04:CDS	ATP-dependent Clp protease proteolytic subunit	k141_38389:c1542-835	P001_WE04_00193

DiscRep_SUB:FEATURE_LOCATION_CONFLICT::Coding region xref gene does not exist
P001_WE04/P001_WE04:CDS	NADH-plastoquinone oxidoreductase subunit 2	k141_44272:39-653	P001_WE04_00194

DiscRep_SUB:FEATURE_LOCATION_CONFLICT::Coding region xref gene does not exist
P001_WE04/P001_WE04:CDS	hypothetical protein	k141_44272:c1765-1502	P001_WE04_00196

DiscRep_SUB:FEATURE_LOCATION_CONFLICT::Coding region xref gene does not exist
P001_WE04/P001_WE04:CDS	hypothetical protein	k141_44272:c9196-2348	P001_WE04_00197

DiscRep_SUB:FEATURE_LOCATION_CONFLICT::Coding region xref gene does not exist
P001_WE04/P001_WE04:CDS	ribosomal protein L23	k141_44272:9523-9804	P001_WE04_00199

DiscRep_SUB:FEATURE_LOCATION_CONFLICT::Coding region xref gene does not exist
P001_WE04/P001_WE04:CDS	ribosomal protein L2	k141_44272:9886-10224	P001_WE04_00200

DiscRep_SUB:FEATURE_LOCATION_CONFLICT::Coding region xref gene does not exist
P001_WE04/P001_WE04:CDS	ribosomal protein L2	k141_44272:10831-11310	P001_WE04_00201

DiscRep_SUB:FEATURE_LOCATION_CONFLICT::RNA feature xref gene does not exist
P001_WE04/P001_WE04:tRNA	Leu	k141_44272:1240-1322	P001_WE04_00195

DiscRep_SUB:FEATURE_LOCATION_CONFLICT::RNA feature xref gene does not exist
P001_WE04/P001_WE04:tRNA	Met	k141_44272:9265-9339	P001_WE04_00198

DiscRep_SUB:FEATURE_LOCATION_CONFLICT::Coding region xref gene does not exist
P001_WE04/P001_WE04:CDS	hypothetical protein	k141_14784:c1419-1162	P001_WE04_00202

DiscRep_SUB:FEATURE_LOCATION_CONFLICT::Coding region xref gene does not exist
P001_WE04/P001_WE04:CDS	ribosomal protein S14	k141_14784:c2072-1830	P001_WE04_00203

DiscRep_SUB:FEATURE_LOCATION_CONFLICT::Coding region xref gene does not exist
P001_WE04/P001_WE04:CDS	hypothetical protein	k141_38516:c1942-1679	P001_WE04_00205

DiscRep_SUB:FEATURE_LOCATION_CONFLICT::Coding region xref gene does not exist
P001_WE04/P001_WE04:CDS	hypothetical protein	k141_38516:c2142-1903	P001_WE04_00206

DiscRep_SUB:FEATURE_LOCATION_CONFLICT::Coding region xref gene does not exist
P001_WE04/P001_WE04:CDS	hypothetical protein	k141_38516:c2751-2638	P001_WE04_00207

DiscRep_SUB:FEATURE_LOCATION_CONFLICT::RNA feature xref gene does not exist
P001_WE04/P001_WE04:rRNA	23S ribosomal RNA (partial)	k141_38516:c1141-2	P001_WE04_00204

DiscRep_SUB:FEATURE_LOCATION_CONFLICT::Coding region xref gene does not exist
P001_WE04/P001_WE04:CDS	hypothetical protein	k141_2894:93-320	P001_WE04_00208

DiscRep_SUB:FEATURE_LOCATION_CONFLICT::Coding region xref gene does not exist
P001_WE04/P001_WE04:CDS	NAD(P)H-quinone oxidoreductase subunit 2, chloroplastic	k141_2894:c1469-765	P001_WE04_00209

DiscRep_SUB:FEATURE_LOCATION_CONFLICT::Coding region xref gene does not exist
P001_WE04/P001_WE04:CDS	hypothetical protein	k141_29768:524-883	P001_WE04_00210

DiscRep_SUB:FEATURE_LOCATION_CONFLICT::Coding region xref gene does not exist
P001_WE04/P001_WE04:CDS	hypothetical protein	k141_29768:887-1090	P001_WE04_00211

DiscRep_SUB:FEATURE_LOCATION_CONFLICT::Coding region xref gene does not exist
P001_WE04/P001_WE04:CDS	hypothetical protein	k141_29768:c2729-1812	P001_WE04_00212

DiscRep_SUB:FEATURE_LOCATION_CONFLICT::Coding region xref gene does not exist
P001_WE04/P001_WE04:CDS	hypothetical protein	k141_29768:c3195-2899	P001_WE04_00213

DiscRep_SUB:FEATURE_LOCATION_CONFLICT::Coding region xref gene does not exist
P001_WE04/P001_WE04:CDS	hypothetical protein	k141_29768:c4431-3715	P001_WE04_00214

DiscRep_SUB:FEATURE_LOCATION_CONFLICT::Coding region xref gene does not exist
P001_WE04/P001_WE04:CDS	hypothetical protein	k141_29768:5399-5545	P001_WE04_00215

DiscRep_SUB:FEATURE_LOCATION_CONFLICT::Coding region xref gene does not exist
P001_WE04/P001_WE04:CDS	hypothetical protein	k141_29768:7074-7256	P001_WE04_00216

DiscRep_SUB:FEATURE_LOCATION_CONFLICT::Coding region xref gene does not exist
P001_WE04/P001_WE04:CDS	hypothetical protein	k141_29768:8426-8689	P001_WE04_00217

DiscRep_SUB:FEATURE_LOCATION_CONFLICT::Coding region xref gene does not exist
P001_WE04/P001_WE04:CDS	hypothetical protein	k141_29768:9263-10003	P001_WE04_00218

DiscRep_SUB:FEATURE_LOCATION_CONFLICT::Coding region xref gene does not exist
P001_WE04/P001_WE04:CDS	hypothetical protein	k141_29768:c10498-10232	P001_WE04_00219

DiscRep_SUB:FEATURE_LOCATION_CONFLICT::Coding region xref gene does not exist
P001_WE04/P001_WE04:CDS	hypothetical protein	k141_29768:c11627-11361	P001_WE04_00220

DiscRep_SUB:FEATURE_LOCATION_CONFLICT::Coding region xref gene does not exist
P001_WE04/P001_WE04:CDS	hypothetical protein	k141_29768:14260-14541	P001_WE04_00221

DiscRep_SUB:FEATURE_LOCATION_CONFLICT::Coding region xref gene does not exist
P001_WE04/P001_WE04:CDS	hypothetical protein	k141_29768:c17373-16936	P001_WE04_00222

DiscRep_SUB:FEATURE_LOCATION_CONFLICT::Coding region xref gene does not exist
P001_WE04/P001_WE04:CDS	hypothetical protein	k141_29768:17589-17783	P001_WE04_00223

DiscRep_SUB:FEATURE_LOCATION_CONFLICT::Coding region xref gene does not exist
P001_WE04/P001_WE04:CDS	photosystem I P700 apoprotein A1	k141_29768:c20549-18297	P001_WE04_00224

DiscRep_SUB:FEATURE_LOCATION_CONFLICT::Coding region xref gene does not exist
P001_WE04/P001_WE04:CDS	hypothetical protein	k141_29768:c20870-20730	P001_WE04_00225

DiscRep_SUB:FEATURE_LOCATION_CONFLICT::Coding region xref gene does not exist
P001_WE04/P001_WE04:CDS	putative chloroplast RF34	k141_29768:c22212-21964	P001_WE04_00226

DiscRep_SUB:FEATURE_LOCATION_CONFLICT::Coding region xref gene does not exist
P001_WE04/P001_WE04:CDS	putative chloroplast RF34	k141_29768:c23082-22948	P001_WE04_00227

DiscRep_SUB:FEATURE_LOCATION_CONFLICT::Coding region xref gene does not exist
P001_WE04/P001_WE04:CDS	hypothetical protein	k141_29768:c23795-23517	P001_WE04_00229

DiscRep_SUB:FEATURE_LOCATION_CONFLICT::Coding region xref gene does not exist
P001_WE04/P001_WE04:CDS	ribosomal protein S4	k141_29768:c24340-23735	P001_WE04_00230

DiscRep_SUB:FEATURE_LOCATION_CONFLICT::Coding region xref gene does not exist
P001_WE04/P001_WE04:CDS	hypothetical protein	k141_29768:25520-25735	P001_WE04_00232

DiscRep_SUB:FEATURE_LOCATION_CONFLICT::Coding region xref gene does not exist
P001_WE04/P001_WE04:CDS	hypothetical protein	k141_29768:25834-25986	P001_WE04_00233

DiscRep_SUB:FEATURE_LOCATION_CONFLICT::Coding region xref gene does not exist
P001_WE04/P001_WE04:CDS	NADH-plastoquinone oxidoreductase subunit 3	k141_29768:c27397-27035	P001_WE04_00235

DiscRep_SUB:FEATURE_LOCATION_CONFLICT::Coding region xref gene does not exist
P001_WE04/P001_WE04:CDS	hypothetical protein	k141_29768:c29485-29339	P001_WE04_00236

DiscRep_SUB:FEATURE_LOCATION_CONFLICT::Coding region xref gene does not exist
P001_WE04/P001_WE04:CDS	ATP synthase CF1 epsilon subunit	k141_29768:c30278-29874	P001_WE04_00238

DiscRep_SUB:FEATURE_LOCATION_CONFLICT::Coding region xref gene does not exist
P001_WE04/P001_WE04:CDS	ATP synthase CF1 beta subunit	k141_29768:c31771-30275	P001_WE04_00239

DiscRep_SUB:FEATURE_LOCATION_CONFLICT::Coding region xref gene does not exist
P001_WE04/P001_WE04:CDS	hypothetical protein	k141_29768:32074-32376	P001_WE04_00240

DiscRep_SUB:FEATURE_LOCATION_CONFLICT::Coding region xref gene does not exist
P001_WE04/P001_WE04:CDS	ribulose-1,5-bisphosphate carboxylase/oxygenase large subunit	k141_29768:32566-34014	P001_WE04_00241

DiscRep_SUB:FEATURE_LOCATION_CONFLICT::Coding region xref gene does not exist
P001_WE04/P001_WE04:CDS	Acetyl-coenzyme A carboxylase carboxyl transferase subunit beta, chloroplastic	k141_29768:34854-36218	P001_WE04_00242

DiscRep_SUB:FEATURE_LOCATION_CONFLICT::Coding region xref gene does not exist
P001_WE04/P001_WE04:CDS	photosystem I subunit VIII	k141_29768:37076-37186	P001_WE04_00243

DiscRep_SUB:FEATURE_LOCATION_CONFLICT::Coding region xref gene does not exist
P001_WE04/P001_WE04:CDS	photosystem I assembly protein Ycf4	k141_29768:37546-38100	P001_WE04_00244

DiscRep_SUB:FEATURE_LOCATION_CONFLICT::Coding region xref gene does not exist
P001_WE04/P001_WE04:CDS	hypothetical protein	k141_29768:38132-38356	P001_WE04_00245

DiscRep_SUB:FEATURE_LOCATION_CONFLICT::Coding region xref gene does not exist
P001_WE04/P001_WE04:CDS	envelope membrane protein	k141_29768:38518-39189	P001_WE04_00246

DiscRep_SUB:FEATURE_LOCATION_CONFLICT::Coding region xref gene does not exist
P001_WE04/P001_WE04:CDS	cytochrome f	k141_29768:39420-40382	P001_WE04_00247

DiscRep_SUB:FEATURE_LOCATION_CONFLICT::Coding region xref gene does not exist
P001_WE04/P001_WE04:CDS	photosystem II protein J	k141_29768:c41446-41324	P001_WE04_00248

DiscRep_SUB:FEATURE_LOCATION_CONFLICT::Coding region xref gene does not exist
P001_WE04/P001_WE04:CDS	Cytochrome b559 subunit beta	k141_29768:c41859-41707	P001_WE04_00249

DiscRep_SUB:FEATURE_LOCATION_CONFLICT::Coding region xref gene does not exist
P001_WE04/P001_WE04:CDS	Cytochrome b559 subunit alpha	k141_29768:c42262-41837	P001_WE04_00250

DiscRep_SUB:FEATURE_LOCATION_CONFLICT::Coding region xref gene does not exist
P001_WE04/P001_WE04:CDS	cytochrome b6/f complex subunit VI	k141_29768:43034-43135	P001_WE04_00251

DiscRep_SUB:FEATURE_LOCATION_CONFLICT::Coding region xref gene does not exist
P001_WE04/P001_WE04:CDS	Cytochrome b6-f complex subunit 5	k141_29768:43185-43412	P001_WE04_00252

DiscRep_SUB:FEATURE_LOCATION_CONFLICT::Coding region xref gene does not exist
P001_WE04/P001_WE04:CDS	photosystem I subunit IX	k141_29768:44180-44299	P001_WE04_00255

DiscRep_SUB:FEATURE_LOCATION_CONFLICT::Coding region xref gene does not exist
P001_WE04/P001_WE04:CDS	ribosomal protein S18	k141_29768:45219-45524	P001_WE04_00256

DiscRep_SUB:FEATURE_LOCATION_CONFLICT::Coding region xref gene does not exist
P001_WE04/P001_WE04:CDS	hypothetical protein	k141_29768:45687-45899	P001_WE04_00257

DiscRep_SUB:FEATURE_LOCATION_CONFLICT::Coding region xref gene does not exist
P001_WE04/P001_WE04:CDS	ribosomal protein L20	k141_29768:c46153-45800	P001_WE04_00258

DiscRep_SUB:FEATURE_LOCATION_CONFLICT::Coding region xref gene does not exist
P001_WE04/P001_WE04:CDS	ATP-dependent Clp protease proteolytic subunit	k141_29768:c47440-47201	P001_WE04_00259

DiscRep_SUB:FEATURE_LOCATION_CONFLICT::Coding region xref gene does not exist
P001_WE04/P001_WE04:CDS	ATP-dependent Clp protease proteolytic subunit	k141_29768:c48591-48088	P001_WE04_00260

DiscRep_SUB:FEATURE_LOCATION_CONFLICT::Coding region xref gene does not exist
P001_WE04/P001_WE04:CDS	hypothetical protein	k141_29768:49315-49476	P001_WE04_00261

DiscRep_SUB:FEATURE_LOCATION_CONFLICT::Coding region xref gene does not exist
P001_WE04/P001_WE04:CDS	photosystem II CP47 chlorophyll apoprotein	k141_29768:49733-51259	P001_WE04_00262

DiscRep_SUB:FEATURE_LOCATION_CONFLICT::Coding region xref gene does not exist
P001_WE04/P001_WE04:CDS	photosystem II phosphoprotein	k141_29768:51863-52084	P001_WE04_00263

DiscRep_SUB:FEATURE_LOCATION_CONFLICT::Coding region xref gene does not exist
P001_WE04/P001_WE04:CDS	hypothetical protein	k141_29768:c52365-52138	P001_WE04_00264

DiscRep_SUB:FEATURE_LOCATION_CONFLICT::Coding region xref gene does not exist
P001_WE04/P001_WE04:CDS	cytochrome b6	k141_29768:52964-53641	P001_WE04_00265

DiscRep_SUB:FEATURE_LOCATION_CONFLICT::Coding region xref gene does not exist
P001_WE04/P001_WE04:CDS	cytochrome b6/f complex subunit IV	k141_29768:54624-55121	P001_WE04_00266

DiscRep_SUB:FEATURE_LOCATION_CONFLICT::Coding region xref gene does not exist
P001_WE04/P001_WE04:CDS	hypothetical protein	k141_29768:55295-55486	P001_WE04_00267

DiscRep_SUB:FEATURE_LOCATION_CONFLICT::Coding region xref gene does not exist
P001_WE04/P001_WE04:CDS	DNA-directed RNA polymerase subunit alpha	k141_29768:c56551-55532	P001_WE04_00268

DiscRep_SUB:FEATURE_LOCATION_CONFLICT::Coding region xref gene does not exist
P001_WE04/P001_WE04:CDS	ribosomal protein S11	k141_29768:c57053-56637	P001_WE04_00269

DiscRep_SUB:FEATURE_LOCATION_CONFLICT::Coding region xref gene does not exist
P001_WE04/P001_WE04:CDS	translational initiation factor 1	k141_29768:c57631-57398	P001_WE04_00270

DiscRep_SUB:FEATURE_LOCATION_CONFLICT::Coding region xref gene does not exist
P001_WE04/P001_WE04:CDS	ribosomal protein S8	k141_29768:c58146-57748	P001_WE04_00271

DiscRep_SUB:FEATURE_LOCATION_CONFLICT::Coding region xref gene does not exist
P001_WE04/P001_WE04:CDS	ribosomal protein L14	k141_29768:c58696-58328	P001_WE04_00272

DiscRep_SUB:FEATURE_LOCATION_CONFLICT::Coding region xref gene does not exist
P001_WE04/P001_WE04:CDS	ribosomal protein L16	k141_29768:c59169-58810	P001_WE04_00273

DiscRep_SUB:FEATURE_LOCATION_CONFLICT::Coding region xref gene does not exist
P001_WE04/P001_WE04:CDS	hypothetical protein	k141_29768:59731-59934	P001_WE04_00274

DiscRep_SUB:FEATURE_LOCATION_CONFLICT::Coding region xref gene does not exist
P001_WE04/P001_WE04:CDS	ribosomal protein S3	k141_29768:c61119-60463	P001_WE04_00275

DiscRep_SUB:FEATURE_LOCATION_CONFLICT::Coding region xref gene does not exist
P001_WE04/P001_WE04:CDS	ribosomal protein L22	k141_29768:c61626-61225	P001_WE04_00276

DiscRep_SUB:FEATURE_LOCATION_CONFLICT::Coding region xref gene does not exist
P001_WE04/P001_WE04:CDS	ribosomal protein S19	k141_29768:c61947-61669	P001_WE04_00277

DiscRep_SUB:FEATURE_LOCATION_CONFLICT::RNA feature xref gene does not exist
P001_WE04/P001_WE04:tRNA	Ser	k141_29768:23353-23439	P001_WE04_00228

DiscRep_SUB:FEATURE_LOCATION_CONFLICT::RNA feature xref gene does not exist
P001_WE04/P001_WE04:tRNA	Thr	k141_29768:c24800-24726	P001_WE04_00231

DiscRep_SUB:FEATURE_LOCATION_CONFLICT::RNA feature xref gene does not exist
P001_WE04/P001_WE04:tRNA	Phe	k141_29768:26729-26802	P001_WE04_00234

DiscRep_SUB:FEATURE_LOCATION_CONFLICT::RNA feature xref gene does not exist
P001_WE04/P001_WE04:tRNA	Met	k141_29768:29643-29717	P001_WE04_00237

DiscRep_SUB:FEATURE_LOCATION_CONFLICT::RNA feature xref gene does not exist
P001_WE04/P001_WE04:tRNA	Trp	k141_29768:c43600-43527	P001_WE04_00253

DiscRep_SUB:FEATURE_LOCATION_CONFLICT::RNA feature xref gene does not exist
P001_WE04/P001_WE04:tRNA	Pro	k141_29768:c43824-43749	P001_WE04_00254

DiscRep_ALL:OVERLAPPING_CDS::2 coding regions overlap another coding region with a similar or identical name.
DiscRep_SUB:OVERLAPPING_CDS::2 coding regions overlap another coding region with a similar or identical name that do not have the appropriate note text
P001_WE04/P001_WE04:CDS	NADH-plastoquinone oxidoreductase subunit I	k141_19739:8413-8724	P001_WE04_00143
P001_WE04/P001_WE04:CDS	NADH-plastoquinone oxidoreductase subunit I	k141_19739:8717-8980	P001_WE04_00144

DiscRep_ALL:SUSPECT_PRODUCT_NAMES::4 product_names contain suspect phrase or characters
DiscRep_SUB:SUSPECT_PRODUCT_NAMES::May contain database identifier more appropriate in note; remove from product name
DiscRep_SUB:SUSPECT_PRODUCT_NAMES::4 features contains three or more numbers together that may be identifiers more appropriate in note
P001_WE04/P001_WE04:CDS	photosystem I P700 apoprotein A2	k141_10895:c2512-308	P001_WE04_00152
P001_WE04/P001_WE04:CDS	photosystem I P700 apoprotein A1	k141_10895:c4790-2538	P001_WE04_00153
P001_WE04/P001_WE04:CDS	photosystem I P700 apoprotein A2	k141_5325:65-1216	P001_WE04_00157
P001_WE04/P001_WE04:CDS	photosystem I P700 apoprotein A1	k141_29768:c20549-18297	P001_WE04_00224

DiscRep_ALL:DISC_QUALITY_SCORES::Quality scores are missing on all sequences.

FATAL: DiscRep_ALL:DISC_SUSPECT_RRNA_PRODUCTS::2 rRNA product names contain suspect phrase
FATAL: DiscRep_SUB:DISC_SUSPECT_RRNA_PRODUCTS::2 rRNA product names contains 'partial'
P001_WE04/P001_WE04:rRNA	23S ribosomal RNA (partial)	k141_36277:c1326-260	P001_WE04_00020
P001_WE04/P001_WE04:rRNA	23S ribosomal RNA (partial)	k141_38516:c1141-2	P001_WE04_00204

FATAL: DiscRep_ALL:DISC_SHORT_RRNA::2 rRNA features are too short
P001_WE04/P001_WE04:rRNA	23S ribosomal RNA (partial)	k141_36277:c1326-260	P001_WE04_00020
P001_WE04/P001_WE04:rRNA	23S ribosomal RNA (partial)	k141_38516:c1141-2	P001_WE04_00204

DiscRep_ALL:ONCALLER_COMMENT_PRESENT::38 comment descriptors were found (all same)
P001_WE04/P001_WE04:k141_3090:Annotated using prokka 1.14.5 from https://github.com/tseemann/prokka
P001_WE04/P001_WE04:k141_54156:Annotated using prokka 1.14.5 from https://github.com/tseemann/prokka
P001_WE04/P001_WE04:k141_9286:Annotated using prokka 1.14.5 from https://github.com/tseemann/prokka
P001_WE04/P001_WE04:k141_9298:Annotated using prokka 1.14.5 from https://github.com/tseemann/prokka
P001_WE04/P001_WE04:k141_9331:Annotated using prokka 1.14.5 from https://github.com/tseemann/prokka
P001_WE04/P001_WE04:k141_12472:Annotated using prokka 1.14.5 from https://github.com/tseemann/prokka
P001_WE04/P001_WE04:k141_51353:Annotated using prokka 1.14.5 from https://github.com/tseemann/prokka
P001_WE04/P001_WE04:k141_36236:Annotated using prokka 1.14.5 from https://github.com/tseemann/prokka
P001_WE04/P001_WE04:k141_36277:Annotated using prokka 1.14.5 from https://github.com/tseemann/prokka
P001_WE04/P001_WE04:k141_3894:Annotated using prokka 1.14.5 from https://github.com/tseemann/prokka
P001_WE04/P001_WE04:k141_19030:Annotated using prokka 1.14.5 from https://github.com/tseemann/prokka
P001_WE04/P001_WE04:k141_27993:Annotated using prokka 1.14.5 from https://github.com/tseemann/prokka
P001_WE04/P001_WE04:k141_13184:Annotated using prokka 1.14.5 from https://github.com/tseemann/prokka
P001_WE04/P001_WE04:k141_16126:Annotated using prokka 1.14.5 from https://github.com/tseemann/prokka
P001_WE04/P001_WE04:k141_9835:Annotated using prokka 1.14.5 from https://github.com/tseemann/prokka
P001_WE04/P001_WE04:k141_9912:Annotated using prokka 1.14.5 from https://github.com/tseemann/prokka
P001_WE04/P001_WE04:k141_19226:Annotated using prokka 1.14.5 from https://github.com/tseemann/prokka
P001_WE04/P001_WE04:k141_10018:Annotated using prokka 1.14.5 from https://github.com/tseemann/prokka
P001_WE04/P001_WE04:k141_13537:Annotated using prokka 1.14.5 from https://github.com/tseemann/prokka
P001_WE04/P001_WE04:k141_10058:Annotated using prokka 1.14.5 from https://github.com/tseemann/prokka
P001_WE04/P001_WE04:k141_52558:Annotated using prokka 1.14.5 from https://github.com/tseemann/prokka
P001_WE04/P001_WE04:k141_28527:Annotated using prokka 1.14.5 from https://github.com/tseemann/prokka
P001_WE04/P001_WE04:k141_28569:Annotated using prokka 1.14.5 from https://github.com/tseemann/prokka
P001_WE04/P001_WE04:k141_55424:Annotated using prokka 1.14.5 from https://github.com/tseemann/prokka
P001_WE04/P001_WE04:k141_19633:Annotated using prokka 1.14.5 from https://github.com/tseemann/prokka
P001_WE04/P001_WE04:k141_7698:Annotated using prokka 1.14.5 from https://github.com/tseemann/prokka
P001_WE04/P001_WE04:k141_28707:Annotated using prokka 1.14.5 from https://github.com/tseemann/prokka
P001_WE04/P001_WE04:k141_19739:Annotated using prokka 1.14.5 from https://github.com/tseemann/prokka
P001_WE04/P001_WE04:k141_32088:Annotated using prokka 1.14.5 from https://github.com/tseemann/prokka
P001_WE04/P001_WE04:k141_14130:Annotated using prokka 1.14.5 from https://github.com/tseemann/prokka
P001_WE04/P001_WE04:k141_10895:Annotated using prokka 1.14.5 from https://github.com/tseemann/prokka
P001_WE04/P001_WE04:k141_5325:Annotated using prokka 1.14.5 from https://github.com/tseemann/prokka
P001_WE04/P001_WE04:k141_38389:Annotated using prokka 1.14.5 from https://github.com/tseemann/prokka
P001_WE04/P001_WE04:k141_44272:Annotated using prokka 1.14.5 from https://github.com/tseemann/prokka
P001_WE04/P001_WE04:k141_14784:Annotated using prokka 1.14.5 from https://github.com/tseemann/prokka
P001_WE04/P001_WE04:k141_38516:Annotated using prokka 1.14.5 from https://github.com/tseemann/prokka
P001_WE04/P001_WE04:k141_2894:Annotated using prokka 1.14.5 from https://github.com/tseemann/prokka
P001_WE04/P001_WE04:k141_29768:Annotated using prokka 1.14.5 from https://github.com/tseemann/prokka

DiscRep_ALL:SHORT_PROT_SEQUENCES::20 protein sequences are shorter than 50 aa.
P001_WE04/P001_WE04:k141_19226_1 (length 39)
P001_WE04/P001_WE04:k141_13537_5 (length 29)
P001_WE04/P001_WE04:k141_10058_15 (length 36)
P001_WE04/P001_WE04:k141_19633_5 (length 32)
P001_WE04/P001_WE04:k141_19633_8 (length 44)
P001_WE04/P001_WE04:k141_28707_3 (length 36)
P001_WE04/P001_WE04:k141_28707_7 (length 40)
P001_WE04/P001_WE04:k141_28707_10 (length 37)
P001_WE04/P001_WE04:k141_14130_1 (length 39)
P001_WE04/P001_WE04:k141_5325_9 (length 46)
P001_WE04/P001_WE04:k141_5325_20 (length 43)
P001_WE04/P001_WE04:k141_38516_3 (length 37)
P001_WE04/P001_WE04:k141_29768_6 (length 48)
P001_WE04/P001_WE04:k141_29768_16 (length 46)
P001_WE04/P001_WE04:k141_29768_18 (length 44)
P001_WE04/P001_WE04:k141_29768_24 (length 48)
P001_WE04/P001_WE04:k141_29768_30 (length 36)
P001_WE04/P001_WE04:k141_29768_35 (length 40)
P001_WE04/P001_WE04:k141_29768_38 (length 33)
P001_WE04/P001_WE04:k141_29768_40 (length 39)

DiscRep_ALL:MISSING_GENOMEASSEMBLY_COMMENTS::38 bioseqs are missing GenomeAssembly structured comments
P001_WE04/P001_WE04:k141_3090 (length 1720)
P001_WE04/P001_WE04:k141_54156 (length 3861)
P001_WE04/P001_WE04:k141_9286 (length 1018)
P001_WE04/P001_WE04:k141_9298 (length 1004)
P001_WE04/P001_WE04:k141_9331 (length 1163)
P001_WE04/P001_WE04:k141_12472 (length 5869)
P001_WE04/P001_WE04:k141_51353 (length 1126)
P001_WE04/P001_WE04:k141_36236 (length 3109)
P001_WE04/P001_WE04:k141_36277 (length 1326)
P001_WE04/P001_WE04:k141_3894 (length 1988)
P001_WE04/P001_WE04:k141_19030 (length 7725)
P001_WE04/P001_WE04:k141_27993 (length 2553)
P001_WE04/P001_WE04:k141_13184 (length 6755)
P001_WE04/P001_WE04:k141_16126 (length 5241)
P001_WE04/P001_WE04:k141_9835 (length 6024)
P001_WE04/P001_WE04:k141_9912 (length 1590)
P001_WE04/P001_WE04:k141_19226 (length 1835)
P001_WE04/P001_WE04:k141_10018 (length 8330)
P001_WE04/P001_WE04:k141_13537 (length 10771)
P001_WE04/P001_WE04:k141_10058 (length 17341)
P001_WE04/P001_WE04:k141_52558 (length 1776)
P001_WE04/P001_WE04:k141_28527 (length 6037)
P001_WE04/P001_WE04:k141_28569 (length 1125)
P001_WE04/P001_WE04:k141_55424 (length 12388)
P001_WE04/P001_WE04:k141_19633 (length 9892)
P001_WE04/P001_WE04:k141_7698 (length 2336)
P001_WE04/P001_WE04:k141_28707 (length 12904)
P001_WE04/P001_WE04:k141_19739 (length 9964)
P001_WE04/P001_WE04:k141_32088 (length 2144)
P001_WE04/P001_WE04:k141_14130 (length 1744)
P001_WE04/P001_WE04:k141_10895 (length 6454)
P001_WE04/P001_WE04:k141_5325 (length 39852)
P001_WE04/P001_WE04:k141_38389 (length 1562)
P001_WE04/P001_WE04:k141_44272 (length 11353)
P001_WE04/P001_WE04:k141_14784 (length 2079)
P001_WE04/P001_WE04:k141_38516 (length 3943)
P001_WE04/P001_WE04:k141_2894 (length 1524)
P001_WE04/P001_WE04:k141_29768 (length 62127)

DiscRep_ALL:MOLTYPE_NOT_MRNA::38 molecule types are not set as mRNA.
P001_WE04/P001_WE04:k141_3090 (length 1720)
P001_WE04/P001_WE04:k141_54156 (length 3861)
P001_WE04/P001_WE04:k141_9286 (length 1018)
P001_WE04/P001_WE04:k141_9298 (length 1004)
P001_WE04/P001_WE04:k141_9331 (length 1163)
P001_WE04/P001_WE04:k141_12472 (length 5869)
P001_WE04/P001_WE04:k141_51353 (length 1126)
P001_WE04/P001_WE04:k141_36236 (length 3109)
P001_WE04/P001_WE04:k141_36277 (length 1326)
P001_WE04/P001_WE04:k141_3894 (length 1988)
P001_WE04/P001_WE04:k141_19030 (length 7725)
P001_WE04/P001_WE04:k141_27993 (length 2553)
P001_WE04/P001_WE04:k141_13184 (length 6755)
P001_WE04/P001_WE04:k141_16126 (length 5241)
P001_WE04/P001_WE04:k141_9835 (length 6024)
P001_WE04/P001_WE04:k141_9912 (length 1590)
P001_WE04/P001_WE04:k141_19226 (length 1835)
P001_WE04/P001_WE04:k141_10018 (length 8330)
P001_WE04/P001_WE04:k141_13537 (length 10771)
P001_WE04/P001_WE04:k141_10058 (length 17341)
P001_WE04/P001_WE04:k141_52558 (length 1776)
P001_WE04/P001_WE04:k141_28527 (length 6037)
P001_WE04/P001_WE04:k141_28569 (length 1125)
P001_WE04/P001_WE04:k141_55424 (length 12388)
P001_WE04/P001_WE04:k141_19633 (length 9892)
P001_WE04/P001_WE04:k141_7698 (length 2336)
P001_WE04/P001_WE04:k141_28707 (length 12904)
P001_WE04/P001_WE04:k141_19739 (length 9964)
P001_WE04/P001_WE04:k141_32088 (length 2144)
P001_WE04/P001_WE04:k141_14130 (length 1744)
P001_WE04/P001_WE04:k141_10895 (length 6454)
P001_WE04/P001_WE04:k141_5325 (length 39852)
P001_WE04/P001_WE04:k141_38389 (length 1562)
P001_WE04/P001_WE04:k141_44272 (length 11353)
P001_WE04/P001_WE04:k141_14784 (length 2079)
P001_WE04/P001_WE04:k141_38516 (length 3943)
P001_WE04/P001_WE04:k141_2894 (length 1524)
P001_WE04/P001_WE04:k141_29768 (length 62127)

DiscRep_ALL:TECHNIQUE_NOT_TSA::38 technique are not set as TSA
P001_WE04/P001_WE04:k141_3090 (length 1720)
P001_WE04/P001_WE04:k141_54156 (length 3861)
P001_WE04/P001_WE04:k141_9286 (length 1018)
P001_WE04/P001_WE04:k141_9298 (length 1004)
P001_WE04/P001_WE04:k141_9331 (length 1163)
P001_WE04/P001_WE04:k141_12472 (length 5869)
P001_WE04/P001_WE04:k141_51353 (length 1126)
P001_WE04/P001_WE04:k141_36236 (length 3109)
P001_WE04/P001_WE04:k141_36277 (length 1326)
P001_WE04/P001_WE04:k141_3894 (length 1988)
P001_WE04/P001_WE04:k141_19030 (length 7725)
P001_WE04/P001_WE04:k141_27993 (length 2553)
P001_WE04/P001_WE04:k141_13184 (length 6755)
P001_WE04/P001_WE04:k141_16126 (length 5241)
P001_WE04/P001_WE04:k141_9835 (length 6024)
P001_WE04/P001_WE04:k141_9912 (length 1590)
P001_WE04/P001_WE04:k141_19226 (length 1835)
P001_WE04/P001_WE04:k141_10018 (length 8330)
P001_WE04/P001_WE04:k141_13537 (length 10771)
P001_WE04/P001_WE04:k141_10058 (length 17341)
P001_WE04/P001_WE04:k141_52558 (length 1776)
P001_WE04/P001_WE04:k141_28527 (length 6037)
P001_WE04/P001_WE04:k141_28569 (length 1125)
P001_WE04/P001_WE04:k141_55424 (length 12388)
P001_WE04/P001_WE04:k141_19633 (length 9892)
P001_WE04/P001_WE04:k141_7698 (length 2336)
P001_WE04/P001_WE04:k141_28707 (length 12904)
P001_WE04/P001_WE04:k141_19739 (length 9964)
P001_WE04/P001_WE04:k141_32088 (length 2144)
P001_WE04/P001_WE04:k141_14130 (length 1744)
P001_WE04/P001_WE04:k141_10895 (length 6454)
P001_WE04/P001_WE04:k141_5325 (length 39852)
P001_WE04/P001_WE04:k141_38389 (length 1562)
P001_WE04/P001_WE04:k141_44272 (length 11353)
P001_WE04/P001_WE04:k141_14784 (length 2079)
P001_WE04/P001_WE04:k141_38516 (length 3943)
P001_WE04/P001_WE04:k141_2894 (length 1524)
P001_WE04/P001_WE04:k141_29768 (length 62127)

DiscRep_ALL:MISSING_STRUCTURED_COMMENT::38 sequences do not include structured comments.
P001_WE04/P001_WE04:k141_3090 (length 1720)
P001_WE04/P001_WE04:k141_54156 (length 3861)
P001_WE04/P001_WE04:k141_9286 (length 1018)
P001_WE04/P001_WE04:k141_9298 (length 1004)
P001_WE04/P001_WE04:k141_9331 (length 1163)
P001_WE04/P001_WE04:k141_12472 (length 5869)
P001_WE04/P001_WE04:k141_51353 (length 1126)
P001_WE04/P001_WE04:k141_36236 (length 3109)
P001_WE04/P001_WE04:k141_36277 (length 1326)
P001_WE04/P001_WE04:k141_3894 (length 1988)
P001_WE04/P001_WE04:k141_19030 (length 7725)
P001_WE04/P001_WE04:k141_27993 (length 2553)
P001_WE04/P001_WE04:k141_13184 (length 6755)
P001_WE04/P001_WE04:k141_16126 (length 5241)
P001_WE04/P001_WE04:k141_9835 (length 6024)
P001_WE04/P001_WE04:k141_9912 (length 1590)
P001_WE04/P001_WE04:k141_19226 (length 1835)
P001_WE04/P001_WE04:k141_10018 (length 8330)
P001_WE04/P001_WE04:k141_13537 (length 10771)
P001_WE04/P001_WE04:k141_10058 (length 17341)
P001_WE04/P001_WE04:k141_52558 (length 1776)
P001_WE04/P001_WE04:k141_28527 (length 6037)
P001_WE04/P001_WE04:k141_28569 (length 1125)
P001_WE04/P001_WE04:k141_55424 (length 12388)
P001_WE04/P001_WE04:k141_19633 (length 9892)
P001_WE04/P001_WE04:k141_7698 (length 2336)
P001_WE04/P001_WE04:k141_28707 (length 12904)
P001_WE04/P001_WE04:k141_19739 (length 9964)
P001_WE04/P001_WE04:k141_32088 (length 2144)
P001_WE04/P001_WE04:k141_14130 (length 1744)
P001_WE04/P001_WE04:k141_10895 (length 6454)
P001_WE04/P001_WE04:k141_5325 (length 39852)
P001_WE04/P001_WE04:k141_38389 (length 1562)
P001_WE04/P001_WE04:k141_44272 (length 11353)
P001_WE04/P001_WE04:k141_14784 (length 2079)
P001_WE04/P001_WE04:k141_38516 (length 3943)
P001_WE04/P001_WE04:k141_2894 (length 1524)
P001_WE04/P001_WE04:k141_29768 (length 62127)

DiscRep_ALL:MISSING_PROJECT::261 sequences do not include project.
P001_WE04/P001_WE04:k141_3090 (length 1720)
P001_WE04/P001_WE04:k141_3090_1 (length 135)
P001_WE04/P001_WE04:k141_3090_2 (length 257)
P001_WE04/P001_WE04:k141_54156 (length 3861)
P001_WE04/P001_WE04:k141_54156_1 (length 150)
P001_WE04/P001_WE04:k141_54156_2 (length 735)
P001_WE04/P001_WE04:k141_9286 (length 1018)
P001_WE04/P001_WE04:k141_9286_1 (length 212)
P001_WE04/P001_WE04:k141_9298 (length 1004)
P001_WE04/P001_WE04:k141_9298_1 (length 59)
P001_WE04/P001_WE04:k141_9331 (length 1163)
P001_WE04/P001_WE04:k141_12472 (length 5869)
P001_WE04/P001_WE04:k141_12472_1 (length 61)
P001_WE04/P001_WE04:k141_12472_2 (length 155)
P001_WE04/P001_WE04:k141_12472_3 (length 223)
P001_WE04/P001_WE04:k141_51353 (length 1126)
P001_WE04/P001_WE04:k141_51353_1 (length 120)
P001_WE04/P001_WE04:k141_51353_2 (length 81)
P001_WE04/P001_WE04:k141_36236 (length 3109)
P001_WE04/P001_WE04:k141_36236_1 (length 93)
P001_WE04/P001_WE04:k141_36236_2 (length 58)
P001_WE04/P001_WE04:k141_36236_3 (length 204)
P001_WE04/P001_WE04:k141_36277 (length 1326)
P001_WE04/P001_WE04:k141_3894 (length 1988)
P001_WE04/P001_WE04:k141_3894_1 (length 163)
P001_WE04/P001_WE04:k141_3894_2 (length 84)
P001_WE04/P001_WE04:k141_3894_3 (length 105)
P001_WE04/P001_WE04:k141_19030 (length 7725)
P001_WE04/P001_WE04:k141_19030_1 (length 82)
P001_WE04/P001_WE04:k141_19030_2 (length 61)
P001_WE04/P001_WE04:k141_19030_3 (length 71)
P001_WE04/P001_WE04:k141_27993 (length 2553)
P001_WE04/P001_WE04:k141_27993_1 (length 519)
P001_WE04/P001_WE04:k141_13184 (length 6755)
P001_WE04/P001_WE04:k141_13184_1 (length 100)
P001_WE04/P001_WE04:k141_13184_2 (length 81)
P001_WE04/P001_WE04:k141_13184_3 (length 502)
P001_WE04/P001_WE04:k141_13184_4 (length 316)
P001_WE04/P001_WE04:k141_13184_5 (length 91)
P001_WE04/P001_WE04:k141_13184_6 (length 102)
P001_WE04/P001_WE04:k141_16126 (length 5241)
P001_WE04/P001_WE04:k141_16126_1 (length 176)
P001_WE04/P001_WE04:k141_16126_2 (length 180)
P001_WE04/P001_WE04:k141_16126_3 (length 135)
P001_WE04/P001_WE04:k141_16126_4 (length 50)
P001_WE04/P001_WE04:k141_16126_5 (length 197)
P001_WE04/P001_WE04:k141_16126_6 (length 393)
P001_WE04/P001_WE04:k141_16126_7 (length 87)
P001_WE04/P001_WE04:k141_9835 (length 6024)
P001_WE04/P001_WE04:k141_9835_1 (length 479)
P001_WE04/P001_WE04:k141_9835_2 (length 486)
P001_WE04/P001_WE04:k141_9835_3 (length 133)
P001_WE04/P001_WE04:k141_9912 (length 1590)
P001_WE04/P001_WE04:k141_9912_1 (length 87)
P001_WE04/P001_WE04:k141_9912_2 (length 183)
P001_WE04/P001_WE04:k141_19226 (length 1835)
P001_WE04/P001_WE04:k141_19226_1 (length 39)
P001_WE04/P001_WE04:k141_10018 (length 8330)
P001_WE04/P001_WE04:k141_10018_1 (length 98)
P001_WE04/P001_WE04:k141_10018_2 (length 604)
P001_WE04/P001_WE04:k141_10018_3 (length 321)
P001_WE04/P001_WE04:k141_10018_4 (length 316)
P001_WE04/P001_WE04:k141_10018_5 (length 139)
P001_WE04/P001_WE04:k141_10018_6 (length 81)
P001_WE04/P001_WE04:k141_10018_7 (length 101)
P001_WE04/P001_WE04:k141_13537 (length 10771)
P001_WE04/P001_WE04:k141_13537_1 (length 62)
P001_WE04/P001_WE04:k141_13537_2 (length 473)
P001_WE04/P001_WE04:k141_13537_3 (length 353)
P001_WE04/P001_WE04:k141_13537_4 (length 69)
P001_WE04/P001_WE04:k141_13537_5 (length 29)
P001_WE04/P001_WE04:k141_10058 (length 17341)
P001_WE04/P001_WE04:k141_10058_1 (length 120)
P001_WE04/P001_WE04:k141_10058_2 (length 242)
P001_WE04/P001_WE04:k141_10058_3 (length 163)
P001_WE04/P001_WE04:k141_10058_4 (length 54)
P001_WE04/P001_WE04:k141_10058_5 (length 247)
P001_WE04/P001_WE04:k141_10058_6 (length 110)
P001_WE04/P001_WE04:k141_10058_7 (length 81)
P001_WE04/P001_WE04:k141_10058_8 (length 73)
P001_WE04/P001_WE04:k141_10058_9 (length 87)
P001_WE04/P001_WE04:k141_10058_10 (length 507)
P001_WE04/P001_WE04:k141_10058_11 (length 72)
P001_WE04/P001_WE04:k141_10058_12 (length 210)
P001_WE04/P001_WE04:k141_10058_13 (length 60)
P001_WE04/P001_WE04:k141_10058_14 (length 71)
P001_WE04/P001_WE04:k141_10058_15 (length 36)
P001_WE04/P001_WE04:k141_10058_16 (length 61)
P001_WE04/P001_WE04:k141_52558 (length 1776)
P001_WE04/P001_WE04:k141_52558_1 (length 353)
P001_WE04/P001_WE04:k141_28527 (length 6037)
P001_WE04/P001_WE04:k141_28527_1 (length 185)
P001_WE04/P001_WE04:k141_28527_2 (length 57)
P001_WE04/P001_WE04:k141_28527_3 (length 190)
P001_WE04/P001_WE04:k141_28527_4 (length 73)
P001_WE04/P001_WE04:k141_28527_5 (length 509)
P001_WE04/P001_WE04:k141_28569 (length 1125)
P001_WE04/P001_WE04:k141_55424 (length 12388)
P001_WE04/P001_WE04:k141_55424_1 (length 257)
P001_WE04/P001_WE04:k141_55424_2 (length 1642)
P001_WE04/P001_WE04:k141_55424_3 (length 481)
P001_WE04/P001_WE04:k141_55424_4 (length 143)
P001_WE04/P001_WE04:k141_55424_5 (length 1019)
P001_WE04/P001_WE04:k141_19633 (length 9892)
P001_WE04/P001_WE04:k141_19633_1 (length 297)
P001_WE04/P001_WE04:k141_19633_2 (length 158)
P001_WE04/P001_WE04:k141_19633_3 (length 122)
P001_WE04/P001_WE04:k141_19633_4 (length 129)
P001_WE04/P001_WE04:k141_19633_5 (length 32)
P001_WE04/P001_WE04:k141_19633_6 (length 136)
P001_WE04/P001_WE04:k141_19633_7 (length 51)
P001_WE04/P001_WE04:k141_19633_8 (length 44)
P001_WE04/P001_WE04:k141_19633_9 (length 82)
P001_WE04/P001_WE04:k141_7698 (length 2336)
P001_WE04/P001_WE04:k141_7698_1 (length 80)
P001_WE04/P001_WE04:k141_7698_2 (length 251)
P001_WE04/P001_WE04:k141_7698_3 (length 167)
P001_WE04/P001_WE04:k141_7698_4 (length 202)
P001_WE04/P001_WE04:k141_28707 (length 12904)
P001_WE04/P001_WE04:k141_28707_1 (length 72)
P001_WE04/P001_WE04:k141_28707_2 (length 202)
P001_WE04/P001_WE04:k141_28707_3 (length 36)
P001_WE04/P001_WE04:k141_28707_4 (length 185)
P001_WE04/P001_WE04:k141_28707_5 (length 229)
P001_WE04/P001_WE04:k141_28707_6 (length 322)
P001_WE04/P001_WE04:k141_28707_7 (length 40)
P001_WE04/P001_WE04:k141_28707_8 (length 50)
P001_WE04/P001_WE04:k141_28707_9 (length 83)
P001_WE04/P001_WE04:k141_28707_10 (length 37)
P001_WE04/P001_WE04:k141_28707_11 (length 57)
P001_WE04/P001_WE04:k141_28707_12 (length 82)
P001_WE04/P001_WE04:k141_28707_13 (length 68)
P001_WE04/P001_WE04:k141_28707_14 (length 215)
P001_WE04/P001_WE04:k141_28707_15 (length 127)
P001_WE04/P001_WE04:k141_19739 (length 9964)
P001_WE04/P001_WE04:k141_19739_1 (length 1510)
P001_WE04/P001_WE04:k141_19739_2 (length 90)
P001_WE04/P001_WE04:k141_19739_3 (length 371)
P001_WE04/P001_WE04:k141_19739_4 (length 188)
P001_WE04/P001_WE04:k141_19739_5 (length 63)
P001_WE04/P001_WE04:k141_19739_6 (length 103)
P001_WE04/P001_WE04:k141_19739_7 (length 87)
P001_WE04/P001_WE04:k141_19739_8 (length 178)
P001_WE04/P001_WE04:k141_32088 (length 2144)
P001_WE04/P001_WE04:k141_32088_1 (length 70)
P001_WE04/P001_WE04:k141_32088_2 (length 160)
P001_WE04/P001_WE04:k141_32088_3 (length 131)
P001_WE04/P001_WE04:k141_14130 (length 1744)
P001_WE04/P001_WE04:k141_14130_1 (length 39)
P001_WE04/P001_WE04:k141_10895 (length 6454)
P001_WE04/P001_WE04:k141_10895_1 (length 734)
P001_WE04/P001_WE04:k141_10895_2 (length 750)
P001_WE04/P001_WE04:k141_10895_3 (length 57)
P001_WE04/P001_WE04:k141_10895_4 (length 107)
P001_WE04/P001_WE04:k141_5325 (length 39852)
P001_WE04/P001_WE04:k141_5325_1 (length 383)
P001_WE04/P001_WE04:k141_5325_2 (length 100)
P001_WE04/P001_WE04:k141_5325_3 (length 84)
P001_WE04/P001_WE04:k141_5325_4 (length 77)
P001_WE04/P001_WE04:k141_5325_5 (length 473)
P001_WE04/P001_WE04:k141_5325_6 (length 353)
P001_WE04/P001_WE04:k141_5325_7 (length 56)
P001_WE04/P001_WE04:k141_5325_8 (length 69)
P001_WE04/P001_WE04:k141_5325_9 (length 46)
P001_WE04/P001_WE04:k141_5325_10 (length 1072)
P001_WE04/P001_WE04:k141_5325_11 (length 152)
P001_WE04/P001_WE04:k141_5325_12 (length 467)
P001_WE04/P001_WE04:k141_5325_13 (length 1377)
P001_WE04/P001_WE04:k141_5325_14 (length 242)
P001_WE04/P001_WE04:k141_5325_15 (length 247)
P001_WE04/P001_WE04:k141_5325_16 (length 81)
P001_WE04/P001_WE04:k141_5325_17 (length 74)
P001_WE04/P001_WE04:k141_5325_18 (length 124)
P001_WE04/P001_WE04:k141_5325_19 (length 507)
P001_WE04/P001_WE04:k141_5325_20 (length 43)
P001_WE04/P001_WE04:k141_5325_21 (length 103)
P001_WE04/P001_WE04:k141_5325_22 (length 67)
P001_WE04/P001_WE04:k141_5325_23 (length 510)
P001_WE04/P001_WE04:k141_5325_24 (length 353)
P001_WE04/P001_WE04:k141_38389 (length 1562)
P001_WE04/P001_WE04:k141_38389_1 (length 235)
P001_WE04/P001_WE04:k141_44272 (length 11353)
P001_WE04/P001_WE04:k141_44272_1 (length 204)
P001_WE04/P001_WE04:k141_44272_2 (length 87)
P001_WE04/P001_WE04:k141_44272_3 (length 2282)
P001_WE04/P001_WE04:k141_44272_4 (length 93)
P001_WE04/P001_WE04:k141_44272_5 (length 112)
P001_WE04/P001_WE04:k141_44272_6 (length 159)
P001_WE04/P001_WE04:k141_14784 (length 2079)
P001_WE04/P001_WE04:k141_14784_1 (length 85)
P001_WE04/P001_WE04:k141_14784_2 (length 80)
P001_WE04/P001_WE04:k141_38516 (length 3943)
P001_WE04/P001_WE04:k141_38516_1 (length 87)
P001_WE04/P001_WE04:k141_38516_2 (length 79)
P001_WE04/P001_WE04:k141_38516_3 (length 37)
P001_WE04/P001_WE04:k141_2894 (length 1524)
P001_WE04/P001_WE04:k141_2894_1 (length 75)
P001_WE04/P001_WE04:k141_2894_2 (length 234)
P001_WE04/P001_WE04:k141_29768 (length 62127)
P001_WE04/P001_WE04:k141_29768_1 (length 119)
P001_WE04/P001_WE04:k141_29768_2 (length 67)
P001_WE04/P001_WE04:k141_29768_3 (length 305)
P001_WE04/P001_WE04:k141_29768_4 (length 98)
P001_WE04/P001_WE04:k141_29768_5 (length 238)
P001_WE04/P001_WE04:k141_29768_6 (length 48)
P001_WE04/P001_WE04:k141_29768_7 (length 60)
P001_WE04/P001_WE04:k141_29768_8 (length 87)
P001_WE04/P001_WE04:k141_29768_9 (length 246)
P001_WE04/P001_WE04:k141_29768_10 (length 88)
P001_WE04/P001_WE04:k141_29768_11 (length 88)
P001_WE04/P001_WE04:k141_29768_12 (length 93)
P001_WE04/P001_WE04:k141_29768_13 (length 145)
P001_WE04/P001_WE04:k141_29768_14 (length 64)
P001_WE04/P001_WE04:k141_29768_15 (length 750)
P001_WE04/P001_WE04:k141_29768_16 (length 46)
P001_WE04/P001_WE04:k141_29768_17 (length 82)
P001_WE04/P001_WE04:k141_29768_18 (length 44)
P001_WE04/P001_WE04:k141_29768_19 (length 92)
P001_WE04/P001_WE04:k141_29768_20 (length 201)
P001_WE04/P001_WE04:k141_29768_21 (length 71)
P001_WE04/P001_WE04:k141_29768_22 (length 50)
P001_WE04/P001_WE04:k141_29768_23 (length 120)
P001_WE04/P001_WE04:k141_29768_24 (length 48)
P001_WE04/P001_WE04:k141_29768_25 (length 134)
P001_WE04/P001_WE04:k141_29768_26 (length 498)
P001_WE04/P001_WE04:k141_29768_27 (length 100)
P001_WE04/P001_WE04:k141_29768_28 (length 482)
P001_WE04/P001_WE04:k141_29768_29 (length 454)
P001_WE04/P001_WE04:k141_29768_30 (length 36)
P001_WE04/P001_WE04:k141_29768_31 (length 184)
P001_WE04/P001_WE04:k141_29768_32 (length 74)
P001_WE04/P001_WE04:k141_29768_33 (length 223)
P001_WE04/P001_WE04:k141_29768_34 (length 320)
P001_WE04/P001_WE04:k141_29768_35 (length 40)
P001_WE04/P001_WE04:k141_29768_36 (length 50)
P001_WE04/P001_WE04:k141_29768_37 (length 141)
P001_WE04/P001_WE04:k141_29768_38 (length 33)
P001_WE04/P001_WE04:k141_29768_39 (length 75)
P001_WE04/P001_WE04:k141_29768_40 (length 39)
P001_WE04/P001_WE04:k141_29768_41 (length 101)
P001_WE04/P001_WE04:k141_29768_42 (length 70)
P001_WE04/P001_WE04:k141_29768_43 (length 117)
P001_WE04/P001_WE04:k141_29768_44 (length 79)
P001_WE04/P001_WE04:k141_29768_45 (length 167)
P001_WE04/P001_WE04:k141_29768_46 (length 53)
P001_WE04/P001_WE04:k141_29768_47 (length 508)
P001_WE04/P001_WE04:k141_29768_48 (length 73)
P001_WE04/P001_WE04:k141_29768_49 (length 75)
P001_WE04/P001_WE04:k141_29768_50 (length 225)
P001_WE04/P001_WE04:k141_29768_51 (length 165)
P001_WE04/P001_WE04:k141_29768_52 (length 63)
P001_WE04/P001_WE04:k141_29768_53 (length 339)
P001_WE04/P001_WE04:k141_29768_54 (length 138)
P001_WE04/P001_WE04:k141_29768_55 (length 77)
P001_WE04/P001_WE04:k141_29768_56 (length 132)
P001_WE04/P001_WE04:k141_29768_57 (length 122)
P001_WE04/P001_WE04:k141_29768_58 (length 119)
P001_WE04/P001_WE04:k141_29768_59 (length 67)
P001_WE04/P001_WE04:k141_29768_60 (length 218)
P001_WE04/P001_WE04:k141_29768_61 (length 133)
P001_WE04/P001_WE04:k141_29768_62 (length 92)

FATAL: DiscRep_ALL:RRNA_NAME_CONFLICTS::2 rRNA product names are not standard. Correct the names to the standard format, eg "16S ribosomal RNA"
P001_WE04/P001_WE04:rRNA	23S ribosomal RNA (partial)	k141_36277:c1326-260	P001_WE04_00020
P001_WE04/P001_WE04:rRNA	23S ribosomal RNA (partial)	k141_38516:c1141-2	P001_WE04_00204

DiscRep_ALL:DISC_INCONSISTENT_MOLINFO_TECH::Molinfo Technique Report (some missing, all same)
DiscRep_SUB:DISC_INCONSISTENT_MOLINFO_TECH::technique (all missing)
DiscRep_SUB:DISC_INCONSISTENT_MOLINFO_TECH::38 Molinfos are missing field technique
P001_WE04/P001_WE04:k141_2894 (length 1524)
P001_WE04/P001_WE04:k141_3090 (length 1720)
P001_WE04/P001_WE04:k141_3894 (length 1988)
P001_WE04/P001_WE04:k141_5325 (length 39852)
P001_WE04/P001_WE04:k141_7698 (length 2336)
P001_WE04/P001_WE04:k141_9286 (length 1018)
P001_WE04/P001_WE04:k141_9298 (length 1004)
P001_WE04/P001_WE04:k141_9331 (length 1163)
P001_WE04/P001_WE04:k141_9835 (length 6024)
P001_WE04/P001_WE04:k141_9912 (length 1590)
P001_WE04/P001_WE04:k141_10018 (length 8330)
P001_WE04/P001_WE04:k141_10058 (length 17341)
P001_WE04/P001_WE04:k141_10895 (length 6454)
P001_WE04/P001_WE04:k141_12472 (length 5869)
P001_WE04/P001_WE04:k141_13184 (length 6755)
P001_WE04/P001_WE04:k141_13537 (length 10771)
P001_WE04/P001_WE04:k141_14130 (length 1744)
P001_WE04/P001_WE04:k141_14784 (length 2079)
P001_WE04/P001_WE04:k141_16126 (length 5241)
P001_WE04/P001_WE04:k141_19030 (length 7725)
P001_WE04/P001_WE04:k141_19226 (length 1835)
P001_WE04/P001_WE04:k141_19633 (length 9892)
P001_WE04/P001_WE04:k141_19739 (length 9964)
P001_WE04/P001_WE04:k141_27993 (length 2553)
P001_WE04/P001_WE04:k141_28527 (length 6037)
P001_WE04/P001_WE04:k141_28569 (length 1125)
P001_WE04/P001_WE04:k141_28707 (length 12904)
P001_WE04/P001_WE04:k141_29768 (length 62127)
P001_WE04/P001_WE04:k141_32088 (length 2144)
P001_WE04/P001_WE04:k141_36236 (length 3109)
P001_WE04/P001_WE04:k141_36277 (length 1326)
P001_WE04/P001_WE04:k141_38389 (length 1562)
P001_WE04/P001_WE04:k141_38516 (length 3943)
P001_WE04/P001_WE04:k141_44272 (length 11353)
P001_WE04/P001_WE04:k141_51353 (length 1126)
P001_WE04/P001_WE04:k141_52558 (length 1776)
P001_WE04/P001_WE04:k141_54156 (length 3861)
P001_WE04/P001_WE04:k141_55424 (length 12388)

