[16:50:39] This is prokka 1.14.5
[16:50:39] Written by Torsten Seemann <torsten.seemann@gmail.com>
[16:50:39] Homepage is https://github.com/tseemann/prokka
[16:50:39] Local time is Fri Nov 26 16:50:39 2021
[16:50:39] You are ruud
[16:50:39] Operating system is linux
[16:50:39] You have BioPerl 1.7.8
[16:50:39] System has 40 cores.
[16:50:39] Will use maximum of 40 cores.
[16:50:39] Annotating as >>> Bacteria <<<
[16:50:39] Creating new output folder: P002_WG04
[16:50:39] Running: mkdir -p P002_WG04
[16:50:39] Using filename prefix: P002_WG04.XXX
[16:50:39] Setting HMMER_NCPU=1
[16:50:39] Writing log to: P002_WG04/P002_WG04.log
[16:50:39] Command: /usr/local/packages/prokka-1.14.5/bin/prokka --cpus 40 --prefix P002_WG04 --Kingdom Bacteria --locustag P002_WG04 --proteins vaccinium.gb ../02_Blast/chloroplast_contigs_rapid_genomics_run2/P002_WG04_chloroplast_contigs.fa
[16:50:39] Appending to PATH: /home/local/packages/prokka-1.14.5/bin/../binaries/linux
[16:50:39] Appending to PATH: /home/local/packages/prokka-1.14.5/bin/../binaries/linux/../common
[16:50:39] Appending to PATH: /home/local/packages/prokka-1.14.5/bin
[16:50:39] Looking for 'aragorn' - found /usr/local/packages/Anaconda3-2019.10/bin/aragorn
[16:50:39] Determined aragorn version is 001002 from 'ARAGORN v1.2.38 Dean Laslett'
[16:50:39] Looking for 'barrnap' - found /usr/local/packages/Anaconda3-2019.10/bin/barrnap
[16:50:39] Determined barrnap version is 000009 from 'barrnap 0.9'
[16:50:39] Looking for 'blastp' - found /usr/local/packages/Anaconda3-2019.10/bin/blastp
[16:50:40] Determined blastp version is 002011 from 'blastp: 2.11.0+'
[16:50:40] Looking for 'cmpress' - found /usr/local/packages/Anaconda3-2019.10/bin/cmpress
[16:50:40] Determined cmpress version is 001001 from '# INFERNAL 1.1.2 (July 2016)'
[16:50:40] Looking for 'cmscan' - found /usr/local/packages/Anaconda3-2019.10/bin/cmscan
[16:50:40] Determined cmscan version is 001001 from '# INFERNAL 1.1.2 (July 2016)'
[16:50:40] Looking for 'egrep' - found /bin/egrep
[16:50:40] Looking for 'find' - found /bin/find
[16:50:40] Looking for 'grep' - found /bin/grep
[16:50:40] Looking for 'hmmpress' - found /usr/local/packages/Anaconda3-2019.10/bin/hmmpress
[16:50:40] Determined hmmpress version is 003003 from '# HMMER 3.3.2 (Nov 2020); http://hmmer.org/'
[16:50:40] Looking for 'hmmscan' - found /usr/local/packages/Anaconda3-2019.10/bin/hmmscan
[16:50:40] Determined hmmscan version is 003003 from '# HMMER 3.3.2 (Nov 2020); http://hmmer.org/'
[16:50:40] Looking for 'java' - found /usr/local/packages/jdk1.8.0_191/bin/java
[16:50:40] Looking for 'makeblastdb' - found /usr/local/packages/Anaconda3-2019.10/bin/makeblastdb
[16:50:41] Determined makeblastdb version is 002011 from 'makeblastdb: 2.11.0+'
[16:50:41] Looking for 'minced' - found /usr/local/packages/Anaconda3-2019.10/bin/minced
[16:50:41] Determined minced version is 004002 from 'minced 0.4.2'
[16:50:41] Looking for 'parallel' - found /usr/local/packages/Anaconda3-2019.10/bin/parallel
[16:50:41] Determined parallel version is 20210822 from 'GNU parallel 20210822'
[16:50:41] Looking for 'prodigal' - found /usr/local/packages/Anaconda3-2019.10/bin/prodigal
[16:50:41] Determined prodigal version is 002006 from 'Prodigal V2.6.3: February, 2016'
[16:50:41] Looking for 'prokka-genbank_to_fasta_db' - found /usr/local/packages/prokka-1.14.5/bin/prokka-genbank_to_fasta_db
[16:50:41] Looking for 'sed' - found /bin/sed
[16:50:41] Looking for 'tbl2asn' - found /usr/local/packages/Anaconda3-2019.10/bin/tbl2asn
[16:50:41] Determined tbl2asn version is 025008 from 'tbl2asn 25.8   arguments:'
[16:50:41] Using genetic code table 11.
[16:50:41] Loading and checking input file: ../02_Blast/chloroplast_contigs_rapid_genomics_run2/P002_WG04_chloroplast_contigs.fa
[16:50:41] Wrote 7 contigs totalling 128946 bp.
[16:50:41] Predicting tRNAs and tmRNAs
[16:50:41] Running: aragorn -l -gc11  -w P002_WG04\/P002_WG04\.fna
[16:50:41] 1 tRNA-Pro [228,303] 35 (tgg)
[16:50:41] 2 tRNA-Trp [409,482] 35 (cca)
[16:50:41] 1 tRNA-Val [1321,1392] 33 (gac)
[16:50:41] 2 tRNA-Arg [9066,9140] 35 (acg)
[16:50:41] 3 tRNA-Asn c[9605,9678] 34 (gtt)
[16:50:41] 1 tRNA-Leu [4354,4436] 35 (caa)
[16:50:41] 2 tRNA-Met [12324,12398] 34 (cat)
[16:50:41] 1 tRNA-Leu c[14418,14497] 35 (tag)
[16:50:41] 1 tRNA-Trp c[9829,9902] 35 (cca)
[16:50:41] 2 tRNA-Pro c[10053,10128] 35 (tgg)
[16:50:41] 1 tRNA-Met c[3754,3826] 34 (cat)
[16:50:41] 2 tRNA-Phe c[7433,7506] 34 (gaa)
[16:50:41] 3 tRNA-Thr [9115,9189] 35 (tgt)
[16:50:41] 4 tRNA-Ser c[10479,10565] 35 (gga)
[16:50:41] 5 tRNA-Met [18835,18909] 35 (cat)
[16:50:41] 6 tRNA-Gly c[19108,19179] 33 (gcc)
[16:50:41] 7 tRNA-Ser [20074,20168] 36 (tga)
[16:50:41] 8 tRNA-Thr c[24205,24278] 34 (ggt)
[16:50:41] 9 tRNA-Glu [24591,24665] 36 (ttc)
[16:50:41] 10 tRNA-Tyr [24723,24808] 36 (gta)
[16:50:41] 11 tRNA-Asp [25267,25342] 36 (gtc)
[16:50:41] 12 tRNA-Cys c[28050,28120] 33 (gca)
[16:50:41] 13 tRNA-Arg c[45014,45085] 34 (tct)
[16:50:41] 14 tRNA-Ser [46387,46474] 35 (gct)
[16:50:41] 15 tRNA-Gln [47570,47641] 33 (ttg)
[16:50:41] 16 tRNA-His [54230,54304] 35 (gtg)
[16:50:41] Found 26 tRNAs
[16:50:41] Predicting Ribosomal RNAs
[16:50:41] Running Barrnap with 40 threads
[16:50:42] 1 k141_24345 1629 16S ribosomal RNA
[16:50:42] 2 k141_24345 5431 23S ribosomal RNA
[16:50:42] 3 k141_8422 2 23S ribosomal RNA (partial)
[16:50:42] Found 3 rRNAs
[16:50:42] Skipping ncRNA search, enable with --rfam if desired.
[16:50:42] Total of 29 tRNA + rRNA features
[16:50:42] Searching for CRISPR repeats
[16:50:43] Found 0 CRISPRs
[16:50:43] Predicting coding sequences
[16:50:43] Contigs total 128946 bp, so using single mode
[16:50:43] Running: prodigal -i P002_WG04\/P002_WG04\.fna -c -m -g 11 -p single -f sco -q
[16:50:43] Excluding CDS which overlaps existing RNA (tRNA) at k141_24345:1346..1630 on - strand
[16:50:43] Excluding CDS which overlaps existing RNA (rRNA) at k141_24345:2079..2474 on - strand
[16:50:43] Excluding CDS which overlaps existing RNA (rRNA) at k141_24345:5354..5554 on + strand
[16:50:43] Excluding CDS which overlaps existing RNA (rRNA) at k141_24345:5797..6030 on - strand
[16:50:43] Excluding CDS which overlaps existing RNA (rRNA) at k141_24345:8098..8733 on - strand
[16:50:43] Excluding CDS which overlaps existing RNA (tRNA) at k141_17851:4330..4464 on + strand
[16:50:43] Excluding CDS which overlaps existing RNA (tRNA) at k141_36707:25255..25449 on + strand
[16:50:43] Excluding CDS which overlaps existing RNA (rRNA) at k141_8422:724..1083 on + strand
[16:50:43] Found 88 CDS
[16:50:43] Connecting features back to sequences
[16:50:43] Not using genus-specific database. Try --usegenus to enable it.
[16:50:43] Preparing user-supplied primary BLAST annotation source: vaccinium.gb
[16:50:43] Guessed source was in genbank format.
[16:50:43] Converting genbank 'vaccinium.gb' into Prokka FASTA 'P002_WG04/proteins.faa'
[16:50:43] Running: prokka-genbank_to_fasta_db --format genbank vaccinium\.gb > P002_WG04\/proteins\.faa 2> /dev/null
[16:50:43] Running: makeblastdb -dbtype prot -in P002_WG04\/proteins\.faa -out P002_WG04\/proteins -logfile /dev/null
[16:50:44] Using /inference source as 'vaccinium.gb'
[16:50:44] Annotating CDS, please be patient.
[16:50:44] Will use 40 CPUs for similarity searching.
[16:50:44] There are still 88 unannotated CDS left (started with 88)
[16:50:44] Will use blast to search against P002_WG04/proteins with 40 CPUs
[16:50:44] Running: cat P002_WG04\/P002_WG04\.proteins\.tmp\.27697\.faa | parallel --gnu --plain -j 40 --block 286 --recstart '>' --pipe blastp -query - -db P002_WG04/proteins -evalue 1e-09 -qcov_hsp_perc 80 -num_threads 1 -num_descriptions 1 -num_alignments 1 -seg no > P002_WG04\/P002_WG04\.proteins\.tmp\.27697\.blast 2> /dev/null
[16:50:46] Deleting unwanted file: P002_WG04/P002_WG04.proteins.tmp.27697.faa
[16:50:46] Deleting unwanted file: P002_WG04/P002_WG04.proteins.tmp.27697.blast
[16:50:46] There are still 21 unannotated CDS left (started with 88)
[16:50:46] Will use blast to search against /home/local/packages/prokka-1.14.5/db/kingdom/Bacteria/IS with 40 CPUs
[16:50:46] Running: cat P002_WG04\/P002_WG04\.IS\.tmp\.27697\.faa | parallel --gnu --plain -j 40 --block 71 --recstart '>' --pipe blastp -query - -db /home/local/packages/prokka-1.14.5/db/kingdom/Bacteria/IS -evalue 1e-30 -qcov_hsp_perc 90 -num_threads 1 -num_descriptions 1 -num_alignments 1 -seg no > P002_WG04\/P002_WG04\.IS\.tmp\.27697\.blast 2> /dev/null
[16:50:47] Deleting unwanted file: P002_WG04/P002_WG04.IS.tmp.27697.faa
[16:50:47] Deleting unwanted file: P002_WG04/P002_WG04.IS.tmp.27697.blast
[16:50:47] There are still 21 unannotated CDS left (started with 88)
[16:50:47] Will use blast to search against /home/local/packages/prokka-1.14.5/db/kingdom/Bacteria/AMR with 40 CPUs
[16:50:47] Running: cat P002_WG04\/P002_WG04\.AMR\.tmp\.27697\.faa | parallel --gnu --plain -j 40 --block 71 --recstart '>' --pipe blastp -query - -db /home/local/packages/prokka-1.14.5/db/kingdom/Bacteria/AMR -evalue 1e-300 -qcov_hsp_perc 90 -num_threads 1 -num_descriptions 1 -num_alignments 1 -seg no > P002_WG04\/P002_WG04\.AMR\.tmp\.27697\.blast 2> /dev/null
[16:50:48] Deleting unwanted file: P002_WG04/P002_WG04.AMR.tmp.27697.faa
[16:50:48] Deleting unwanted file: P002_WG04/P002_WG04.AMR.tmp.27697.blast
[16:50:48] There are still 21 unannotated CDS left (started with 88)
[16:50:48] Will use blast to search against /home/local/packages/prokka-1.14.5/db/kingdom/Bacteria/sprot with 40 CPUs
[16:50:48] Running: cat P002_WG04\/P002_WG04\.sprot\.tmp\.27697\.faa | parallel --gnu --plain -j 40 --block 71 --recstart '>' --pipe blastp -query - -db /home/local/packages/prokka-1.14.5/db/kingdom/Bacteria/sprot -evalue 1e-09 -qcov_hsp_perc 80 -num_threads 1 -num_descriptions 1 -num_alignments 1 -seg no > P002_WG04\/P002_WG04\.sprot\.tmp\.27697\.blast 2> /dev/null
[16:50:50] Deleting unwanted file: P002_WG04/P002_WG04.sprot.tmp.27697.faa
[16:50:50] Deleting unwanted file: P002_WG04/P002_WG04.sprot.tmp.27697.blast
[16:50:50] There are still 19 unannotated CDS left (started with 88)
[16:50:50] Will use hmmer3 to search against /home/local/packages/prokka-1.14.5/db/hmm/HAMAP.hmm with 40 CPUs
[16:50:50] Running: cat P002_WG04\/P002_WG04\.HAMAP\.hmm\.tmp\.27697\.faa | parallel --gnu --plain -j 40 --block 69 --recstart '>' --pipe hmmscan --noali --notextw --acc -E 1e-09 --cpu 1 /home/local/packages/prokka-1.14.5/db/hmm/HAMAP.hmm /dev/stdin > P002_WG04\/P002_WG04\.HAMAP\.hmm\.tmp\.27697\.hmmer3 2> /dev/null
[16:50:52] Deleting unwanted file: P002_WG04/P002_WG04.HAMAP.hmm.tmp.27697.faa
[16:50:52] Deleting unwanted file: P002_WG04/P002_WG04.HAMAP.hmm.tmp.27697.hmmer3
[16:50:52] Deleting unwanted file: P002_WG04/proteins.psq
[16:50:52] Deleting unwanted file: P002_WG04/proteins.phr
[16:50:52] Deleting unwanted file: P002_WG04/proteins.pin
[16:50:52] Labelling remaining 17 proteins as 'hypothetical protein'
[16:50:52] Possible /pseudo 'NADH-plastoquinone oxidoreductase subunit 2' at k141_17851 position 3064
[16:50:52] Possible /pseudo 'ribosomal protein L2' at k141_17851 position 13871
[16:50:52] Possible /pseudo 'ATP-dependent Clp protease proteolytic subunit' at k141_35846 position 14351
[16:50:52] Possible /pseudo 'RNA polymerase beta' subunit' at k141_36707 position 33136
[16:50:52] Found 65 unique /gene codes.
[16:50:52] Fixed 2 duplicate /gene - clpP_1 clpP_2
[16:50:52] Fixed 2 duplicate /gene - ndhB_1 ndhB_2
[16:50:52] Fixed 2 duplicate /gene - rpoC1_1 rpoC1_2
[16:50:52] Fixed 2 duplicate /gene - ndhA_1 ndhA_2
[16:50:52] Fixed 2 duplicate /gene - rpl2_1 rpl2_2
[16:50:52] Fixed 2 duplicate /gene - psbC_1 psbC_2
[16:50:52] Fixed 6 colliding /gene names.
[16:50:52] Adding /locus_tag identifiers
[16:50:52] Assigned 117 locus_tags to CDS and RNA features.
[16:50:52] Writing outputs to P002_WG04/
[16:50:52] Generating annotation statistics file
[16:50:52] Generating Genbank and Sequin files
[16:50:52] Running: tbl2asn -V b -a r10k -l paired-ends -M n -N 1 -y 'Annotated using prokka 1.14.5 from https://github.com/tseemann/prokka' -Z P002_WG04\/P002_WG04\.err -i P002_WG04\/P002_WG04\.fsa 2> /dev/null
[16:50:53] Deleting unwanted file: P002_WG04/errorsummary.val
[16:50:53] Deleting unwanted file: P002_WG04/P002_WG04.dr
[16:50:53] Deleting unwanted file: P002_WG04/P002_WG04.fixedproducts
[16:50:53] Deleting unwanted file: P002_WG04/P002_WG04.ecn
[16:50:53] Deleting unwanted file: P002_WG04/P002_WG04.val
[16:50:53] Repairing broken .GBK output that tbl2asn produces...
[16:50:53] Running: sed 's/COORDINATES: profile/COORDINATES:profile/' < P002_WG04\/P002_WG04\.gbf > P002_WG04\/P002_WG04\.gbk
[16:50:53] Deleting unwanted file: P002_WG04/P002_WG04.gbf
[16:50:53] Output files:
[16:50:53] P002_WG04/P002_WG04.faa
[16:50:53] P002_WG04/P002_WG04.tsv
[16:50:53] P002_WG04/P002_WG04.err
[16:50:53] P002_WG04/P002_WG04.fsa
[16:50:53] P002_WG04/P002_WG04.gbk
[16:50:53] P002_WG04/P002_WG04.txt
[16:50:53] P002_WG04/P002_WG04.ffn
[16:50:53] P002_WG04/P002_WG04.fna
[16:50:53] P002_WG04/P002_WG04.gff
[16:50:53] P002_WG04/P002_WG04.tbl
[16:50:53] P002_WG04/P002_WG04.sqn
[16:50:53] P002_WG04/P002_WG04.log
[16:50:53] Annotation finished successfully.
[16:50:53] Walltime used: 0.23 minutes
[16:50:53] If you use this result please cite the Prokka paper:
[16:50:53] Seemann T (2014) Prokka: rapid prokaryotic genome annotation. Bioinformatics. 30(14):2068-9.
[16:50:53] Type 'prokka --citation' for more details.
[16:50:53] Thank you, come again.
