Discrepancy Report Results

Summary
FATAL: MISSING_PROTEIN_ID:99 proteins have invalid IDs.
DISC_SOURCE_QUALS_ASNDISC:strain (all present, all same)
DISC_SOURCE_QUALS_ASNDISC:taxname (all present, all same)
DISC_FEATURE_COUNT:CDS: 99 present
DISC_FEATURE_COUNT:tRNA: 24 present
DISC_FEATURE_COUNT:rRNA: 2 present
DISC_COUNT_NUCLEOTIDES:7 nucleotide Bioseqs are present
FEATURE_LOCATION_CONFLICT:125 features have inconsistent gene locations.
SUSPECT_PRODUCT_NAMES:2 product_names contain suspect phrase or characters
	May contain database identifier more appropriate in note; remove from product name
		2 features contains three or more numbers together that may be identifiers more appropriate in note
DISC_QUALITY_SCORES:Quality scores are missing on all sequences.
ONCALLER_COMMENT_PRESENT:7 comment descriptors were found (all same)
SHORT_PROT_SEQUENCES:10 protein sequences are shorter than 50 aa.
MISSING_GENOMEASSEMBLY_COMMENTS:7 bioseqs are missing GenomeAssembly structured comments
MOLTYPE_NOT_MRNA:7 molecule types are not set as mRNA.
TECHNIQUE_NOT_TSA:7 technique are not set as TSA
MISSING_STRUCTURED_COMMENT:7 sequences do not include structured comments.
MISSING_PROJECT:106 sequences do not include project.
DISC_INCONSISTENT_MOLINFO_TECH:Molinfo Technique Report (some missing, all same)


Detailed Report

FATAL: DiscRep_ALL:MISSING_PROTEIN_ID::99 proteins have invalid IDs.
P004_WG01/P004_WG01:k141_46450_1 (length 117)
P004_WG01/P004_WG01:k141_46450_2 (length 51)
P004_WG01/P004_WG01:k141_46450_3 (length 101)
P004_WG01/P004_WG01:k141_46450_4 (length 44)
P004_WG01/P004_WG01:k141_46450_5 (length 54)
P004_WG01/P004_WG01:k141_46450_6 (length 83)
P004_WG01/P004_WG01:k141_46450_7 (length 39)
P004_WG01/P004_WG01:k141_46450_8 (length 40)
P004_WG01/P004_WG01:k141_46450_9 (length 320)
P004_WG01/P004_WG01:k141_46450_10 (length 242)
P004_WG01/P004_WG01:k141_46450_11 (length 184)
P004_WG01/P004_WG01:k141_46450_12 (length 37)
P004_WG01/P004_WG01:k141_46450_13 (length 459)
P004_WG01/P004_WG01:k141_46450_14 (length 475)
P004_WG01/P004_WG01:k141_46450_15 (length 492)
P004_WG01/P004_WG01:k141_46450_16 (length 133)
P004_WG01/P004_WG01:k141_46450_17 (length 45)
P004_WG01/P004_WG01:k141_46450_18 (length 145)
P004_WG01/P004_WG01:k141_46450_19 (length 226)
P004_WG01/P004_WG01:k141_46450_20 (length 158)
P004_WG01/P004_WG01:k141_46450_21 (length 49)
P004_WG01/P004_WG01:k141_46450_22 (length 81)
P004_WG01/P004_WG01:k141_46450_23 (length 201)
P004_WG01/P004_WG01:k141_46450_24 (length 66)
P004_WG01/P004_WG01:k141_46450_25 (length 85)
P004_WG01/P004_WG01:k141_46450_26 (length 82)
P004_WG01/P004_WG01:k141_46450_27 (length 70)
P004_WG01/P004_WG01:k141_46450_28 (length 750)
P004_WG01/P004_WG01:k141_46450_29 (length 734)
P004_WG01/P004_WG01:k141_46450_30 (length 59)
P004_WG01/P004_WG01:k141_46450_31 (length 62)
P004_WG01/P004_WG01:k141_46450_32 (length 459)
P004_WG01/P004_WG01:k141_46450_33 (length 353)
P004_WG01/P004_WG01:k141_46450_34 (length 51)
P004_WG01/P004_WG01:k141_46450_35 (length 53)
P004_WG01/P004_WG01:k141_46450_36 (length 94)
P004_WG01/P004_WG01:k141_46450_37 (length 1070)
P004_WG01/P004_WG01:k141_46450_38 (length 145)
P004_WG01/P004_WG01:k141_46450_39 (length 546)
P004_WG01/P004_WG01:k141_46450_40 (length 1382)
P004_WG01/P004_WG01:k141_46450_41 (length 240)
P004_WG01/P004_WG01:k141_46450_42 (length 247)
P004_WG01/P004_WG01:k141_46450_43 (length 81)
P004_WG01/P004_WG01:k141_46450_44 (length 184)
P004_WG01/P004_WG01:k141_46450_45 (length 507)
P004_WG01/P004_WG01:k141_46450_46 (length 57)
P004_WG01/P004_WG01:k141_46450_47 (length 64)
P004_WG01/P004_WG01:k141_146493_1 (length 91)
P004_WG01/P004_WG01:k141_146493_2 (length 34)
P004_WG01/P004_WG01:k141_146493_3 (length 89)
P004_WG01/P004_WG01:k141_146493_4 (length 50)
P004_WG01/P004_WG01:k141_146493_5 (length 91)
P004_WG01/P004_WG01:k141_146493_6 (length 155)
P004_WG01/P004_WG01:k141_146493_7 (length 246)
P004_WG01/P004_WG01:k141_146493_8 (length 260)
P004_WG01/P004_WG01:k141_146493_9 (length 58)
P004_WG01/P004_WG01:k141_146493_10 (length 2273)
P004_WG01/P004_WG01:k141_146493_11 (length 93)
P004_WG01/P004_WG01:k141_146493_12 (length 133)
P004_WG01/P004_WG01:k141_146493_13 (length 36)
P004_WG01/P004_WG01:k141_146493_14 (length 142)
P004_WG01/P004_WG01:k141_62611_1 (length 47)
P004_WG01/P004_WG01:k141_9630_1 (length 73)
P004_WG01/P004_WG01:k141_9630_2 (length 124)
P004_WG01/P004_WG01:k141_9630_3 (length 57)
P004_WG01/P004_WG01:k141_9630_4 (length 53)
P004_WG01/P004_WG01:k141_9630_5 (length 508)
P004_WG01/P004_WG01:k141_9630_6 (length 72)
P004_WG01/P004_WG01:k141_9630_7 (length 60)
P004_WG01/P004_WG01:k141_9630_8 (length 162)
P004_WG01/P004_WG01:k141_9630_9 (length 148)
P004_WG01/P004_WG01:k141_9630_10 (length 331)
P004_WG01/P004_WG01:k141_9630_11 (length 138)
P004_WG01/P004_WG01:k141_9630_12 (length 86)
P004_WG01/P004_WG01:k141_9630_13 (length 42)
P004_WG01/P004_WG01:k141_9630_14 (length 134)
P004_WG01/P004_WG01:k141_9630_15 (length 122)
P004_WG01/P004_WG01:k141_9630_16 (length 120)
P004_WG01/P004_WG01:k141_9630_17 (length 91)
P004_WG01/P004_WG01:k141_9630_18 (length 92)
P004_WG01/P004_WG01:k141_9630_19 (length 218)
P004_WG01/P004_WG01:k141_9630_20 (length 142)
P004_WG01/P004_WG01:k141_9630_21 (length 92)
P004_WG01/P004_WG01:k141_139980_1 (length 500)
P004_WG01/P004_WG01:k141_139980_2 (length 353)
P004_WG01/P004_WG01:k141_33778_1 (length 92)
P004_WG01/P004_WG01:k141_57121_1 (length 747)
P004_WG01/P004_WG01:k141_57121_2 (length 50)
P004_WG01/P004_WG01:k141_57121_3 (length 321)
P004_WG01/P004_WG01:k141_57121_4 (length 500)
P004_WG01/P004_WG01:k141_57121_5 (length 81)
P004_WG01/P004_WG01:k141_57121_6 (length 100)
P004_WG01/P004_WG01:k141_57121_7 (length 190)
P004_WG01/P004_WG01:k141_57121_8 (length 172)
P004_WG01/P004_WG01:k141_57121_9 (length 161)
P004_WG01/P004_WG01:k141_57121_10 (length 188)
P004_WG01/P004_WG01:k141_57121_11 (length 402)
P004_WG01/P004_WG01:k141_57121_12 (length 90)
P004_WG01/P004_WG01:k141_57121_13 (length 1585)

DiscRep_ALL:DISC_SOURCE_QUALS_ASNDISC::strain (all present, all same)
DiscRep_SUB:DISC_SOURCE_QUALS_ASNDISC::7 sources have 'strain' for strain
DiscRep_ALL:DISC_SOURCE_QUALS_ASNDISC::taxname (all present, all same)
DiscRep_SUB:DISC_SOURCE_QUALS_ASNDISC::7 sources have 'Genus species' for taxname
DiscRep_ALL:DISC_FEATURE_COUNT::CDS: 99 present
DiscRep_ALL:DISC_FEATURE_COUNT::tRNA: 24 present
DiscRep_ALL:DISC_FEATURE_COUNT::rRNA: 2 present
DiscRep_ALL:DISC_COUNT_NUCLEOTIDES::7 nucleotide Bioseqs are present
P004_WG01/P004_WG01:k141_46450 (length 65073)
P004_WG01/P004_WG01:k141_146493 (length 25753)
P004_WG01/P004_WG01:k141_62611 (length 1074)
P004_WG01/P004_WG01:k141_9630 (length 14969)
P004_WG01/P004_WG01:k141_139980 (length 6367)
P004_WG01/P004_WG01:k141_33778 (length 1112)
P004_WG01/P004_WG01:k141_57121 (length 19052)

DiscRep_ALL:FEATURE_LOCATION_CONFLICT::125 features have inconsistent gene locations.
DiscRep_SUB:FEATURE_LOCATION_CONFLICT::Coding region xref gene does not exist
P004_WG01/P004_WG01:CDS	50S ribosomal protein L20	k141_46450:667-1020	P004_WG01_00001

DiscRep_SUB:FEATURE_LOCATION_CONFLICT::Coding region xref gene does not exist
P004_WG01/P004_WG01:CDS	hypothetical protein	k141_46450:c1253-1098	P004_WG01_00002

DiscRep_SUB:FEATURE_LOCATION_CONFLICT::Coding region xref gene does not exist
P004_WG01/P004_WG01:CDS	ribosomal protein S18	k141_46450:c1607-1302	P004_WG01_00003

DiscRep_SUB:FEATURE_LOCATION_CONFLICT::Coding region xref gene does not exist
P004_WG01/P004_WG01:CDS	photosystem I subunit IX	k141_46450:c2620-2486	P004_WG01_00004

DiscRep_SUB:FEATURE_LOCATION_CONFLICT::Coding region xref gene does not exist
P004_WG01/P004_WG01:CDS	hypothetical protein	k141_46450:c4626-4462	P004_WG01_00007

DiscRep_SUB:FEATURE_LOCATION_CONFLICT::Coding region xref gene does not exist
P004_WG01/P004_WG01:CDS	photosystem II cytochrome b559 alpha subunit	k141_46450:5152-5403	P004_WG01_00008

DiscRep_SUB:FEATURE_LOCATION_CONFLICT::Coding region xref gene does not exist
P004_WG01/P004_WG01:CDS	photosystem II cytochrome b559 beta subunit	k141_46450:5413-5532	P004_WG01_00009

DiscRep_SUB:FEATURE_LOCATION_CONFLICT::Coding region xref gene does not exist
P004_WG01/P004_WG01:CDS	photosystem II protein J	k141_46450:5809-5931	P004_WG01_00010

DiscRep_SUB:FEATURE_LOCATION_CONFLICT::Coding region xref gene does not exist
P004_WG01/P004_WG01:CDS	cytochrome f	k141_46450:c7897-6935	P004_WG01_00011

DiscRep_SUB:FEATURE_LOCATION_CONFLICT::Coding region xref gene does not exist
P004_WG01/P004_WG01:CDS	envelope membrane protein	k141_46450:c8834-8106	P004_WG01_00012

DiscRep_SUB:FEATURE_LOCATION_CONFLICT::Coding region xref gene does not exist
P004_WG01/P004_WG01:CDS	photosystem I assembly protein Ycf4	k141_46450:c9784-9230	P004_WG01_00013

DiscRep_SUB:FEATURE_LOCATION_CONFLICT::Coding region xref gene does not exist
P004_WG01/P004_WG01:CDS	photosystem I subunit VIII	k141_46450:c10315-10202	P004_WG01_00014

DiscRep_SUB:FEATURE_LOCATION_CONFLICT::Coding region xref gene does not exist
P004_WG01/P004_WG01:CDS	Acetyl-coenzyme A carboxylase carboxyl transferase subunit beta, chloroplastic	k141_46450:c12100-10721	P004_WG01_00015

DiscRep_SUB:FEATURE_LOCATION_CONFLICT::Coding region xref gene does not exist
P004_WG01/P004_WG01:CDS	ribulose-1,5-bisphosphate carboxylase/oxygenase large subunit	k141_46450:c14207-12780	P004_WG01_00016

DiscRep_SUB:FEATURE_LOCATION_CONFLICT::Coding region xref gene does not exist
P004_WG01/P004_WG01:CDS	ATP synthase CF1 beta subunit	k141_46450:14982-16460	P004_WG01_00017

DiscRep_SUB:FEATURE_LOCATION_CONFLICT::Coding region xref gene does not exist
P004_WG01/P004_WG01:CDS	ATP synthase CF1 epsilon subunit	k141_46450:16483-16884	P004_WG01_00018

DiscRep_SUB:FEATURE_LOCATION_CONFLICT::Coding region xref gene does not exist
P004_WG01/P004_WG01:CDS	hypothetical protein	k141_46450:17250-17387	P004_WG01_00020

DiscRep_SUB:FEATURE_LOCATION_CONFLICT::Coding region xref gene does not exist
P004_WG01/P004_WG01:CDS	NADH-plastoquinone oxidoreductase subunit 3	k141_46450:18546-18983	P004_WG01_00021

DiscRep_SUB:FEATURE_LOCATION_CONFLICT::Coding region xref gene does not exist
P004_WG01/P004_WG01:CDS	NADH-plastoquinone oxidoreductase subunit K	k141_46450:19030-19710	P004_WG01_00022

DiscRep_SUB:FEATURE_LOCATION_CONFLICT::Coding region xref gene does not exist
P004_WG01/P004_WG01:CDS	NADH-plastoquinone oxidoreductase subunit J	k141_46450:19817-20293	P004_WG01_00023

DiscRep_SUB:FEATURE_LOCATION_CONFLICT::Coding region xref gene does not exist
P004_WG01/P004_WG01:CDS	hypothetical protein	k141_46450:20507-20656	P004_WG01_00024

DiscRep_SUB:FEATURE_LOCATION_CONFLICT::Coding region xref gene does not exist
P004_WG01/P004_WG01:CDS	hypothetical protein	k141_46450:c21535-21290	P004_WG01_00026

DiscRep_SUB:FEATURE_LOCATION_CONFLICT::Coding region xref gene does not exist
P004_WG01/P004_WG01:CDS	ribosomal protein S4	k141_46450:23358-23963	P004_WG01_00028

DiscRep_SUB:FEATURE_LOCATION_CONFLICT::Coding region xref gene does not exist
P004_WG01/P004_WG01:CDS	hypothetical protein	k141_46450:c25364-25164	P004_WG01_00030

DiscRep_SUB:FEATURE_LOCATION_CONFLICT::Coding region xref gene does not exist
P004_WG01/P004_WG01:CDS	hypothetical protein	k141_46450:c25961-25704	P004_WG01_00031

DiscRep_SUB:FEATURE_LOCATION_CONFLICT::Coding region xref gene does not exist
P004_WG01/P004_WG01:CDS	putative chloroplast RF34	k141_46450:26114-26362	P004_WG01_00032

DiscRep_SUB:FEATURE_LOCATION_CONFLICT::Coding region xref gene does not exist
P004_WG01/P004_WG01:CDS	Photosystem I assembly protein Ycf3	k141_46450:27034-27246	P004_WG01_00033

DiscRep_SUB:FEATURE_LOCATION_CONFLICT::Coding region xref gene does not exist
P004_WG01/P004_WG01:CDS	photosystem I P700 apoprotein A1	k141_46450:27981-30233	P004_WG01_00034

DiscRep_SUB:FEATURE_LOCATION_CONFLICT::Coding region xref gene does not exist
P004_WG01/P004_WG01:CDS	photosystem I P700 apoprotein A2	k141_46450:30259-32463	P004_WG01_00035

DiscRep_SUB:FEATURE_LOCATION_CONFLICT::Coding region xref gene does not exist
P004_WG01/P004_WG01:CDS	hypothetical protein	k141_46450:32719-32898	P004_WG01_00036

DiscRep_SUB:FEATURE_LOCATION_CONFLICT::Coding region xref gene does not exist
P004_WG01/P004_WG01:CDS	photosystem II protein Z	k141_46450:c33983-33795	P004_WG01_00039

DiscRep_SUB:FEATURE_LOCATION_CONFLICT::Coding region xref gene does not exist
P004_WG01/P004_WG01:CDS	photosystem II CP43 chlorophyll apoprotein	k141_46450:c36057-34678	P004_WG01_00041

DiscRep_SUB:FEATURE_LOCATION_CONFLICT::Coding region xref gene does not exist
P004_WG01/P004_WG01:CDS	photosystem II protein D2	k141_46450:c37102-36041	P004_WG01_00042

DiscRep_SUB:FEATURE_LOCATION_CONFLICT::Coding region xref gene does not exist
P004_WG01/P004_WG01:CDS	hypothetical protein	k141_46450:c41735-41580	P004_WG01_00047

DiscRep_SUB:FEATURE_LOCATION_CONFLICT::Coding region xref gene does not exist
P004_WG01/P004_WG01:CDS	hypothetical protein	k141_46450:43591-43752	P004_WG01_00049

DiscRep_SUB:FEATURE_LOCATION_CONFLICT::Coding region xref gene does not exist
P004_WG01/P004_WG01:CDS	hypothetical protein	k141_46450:c44193-43909	P004_WG01_00050

DiscRep_SUB:FEATURE_LOCATION_CONFLICT::Coding region xref gene does not exist
P004_WG01/P004_WG01:CDS	RNA polymerase beta subunit	k141_46450:44273-47485	P004_WG01_00051

DiscRep_SUB:FEATURE_LOCATION_CONFLICT::Coding region xref gene does not exist
P004_WG01/P004_WG01:CDS	RNA polymerase beta' subunit	k141_46450:47517-47954	P004_WG01_00052

DiscRep_SUB:FEATURE_LOCATION_CONFLICT::Coding region xref gene does not exist
P004_WG01/P004_WG01:CDS	RNA polymerase beta' subunit	k141_46450:48673-50313	P004_WG01_00053

DiscRep_SUB:FEATURE_LOCATION_CONFLICT::Coding region xref gene does not exist
P004_WG01/P004_WG01:CDS	RNA polymerase beta'' subunit	k141_46450:50491-54639	P004_WG01_00054

DiscRep_SUB:FEATURE_LOCATION_CONFLICT::Coding region xref gene does not exist
P004_WG01/P004_WG01:CDS	ribosomal protein S2	k141_46450:54846-55568	P004_WG01_00055

DiscRep_SUB:FEATURE_LOCATION_CONFLICT::Coding region xref gene does not exist
P004_WG01/P004_WG01:CDS	ATP synthase CF0 subunit IV	k141_46450:55799-56542	P004_WG01_00056

DiscRep_SUB:FEATURE_LOCATION_CONFLICT::Coding region xref gene does not exist
P004_WG01/P004_WG01:CDS	ATP synthase CF0 subunit III	k141_46450:57219-57464	P004_WG01_00057

DiscRep_SUB:FEATURE_LOCATION_CONFLICT::Coding region xref gene does not exist
P004_WG01/P004_WG01:CDS	ATP synthase CF0 subunit I	k141_46450:57951-58505	P004_WG01_00058

DiscRep_SUB:FEATURE_LOCATION_CONFLICT::Coding region xref gene does not exist
P004_WG01/P004_WG01:CDS	ATP synthase CF1 alpha subunit	k141_46450:58557-60080	P004_WG01_00059

DiscRep_SUB:FEATURE_LOCATION_CONFLICT::Coding region xref gene does not exist
P004_WG01/P004_WG01:CDS	Photosystem II reaction center protein I	k141_46450:c62715-62542	P004_WG01_00062

DiscRep_SUB:FEATURE_LOCATION_CONFLICT::Coding region xref gene does not exist
P004_WG01/P004_WG01:CDS	photosystem II protein K	k141_46450:c63086-62892	P004_WG01_00063

DiscRep_SUB:FEATURE_LOCATION_CONFLICT::RNA feature xref gene does not exist
P004_WG01/P004_WG01:tRNA	Pro	k141_46450:3122-3197	P004_WG01_00005

DiscRep_SUB:FEATURE_LOCATION_CONFLICT::RNA feature xref gene does not exist
P004_WG01/P004_WG01:tRNA	Trp	k141_46450:3340-3413	P004_WG01_00006

DiscRep_SUB:FEATURE_LOCATION_CONFLICT::RNA feature xref gene does not exist
P004_WG01/P004_WG01:tRNA	Met	k141_46450:c17131-17059	P004_WG01_00019

DiscRep_SUB:FEATURE_LOCATION_CONFLICT::RNA feature xref gene does not exist
P004_WG01/P004_WG01:tRNA	Phe	k141_46450:c21116-21043	P004_WG01_00025

DiscRep_SUB:FEATURE_LOCATION_CONFLICT::RNA feature xref gene does not exist
P004_WG01/P004_WG01:tRNA	Thr	k141_46450:22861-22935	P004_WG01_00027

DiscRep_SUB:FEATURE_LOCATION_CONFLICT::RNA feature xref gene does not exist
P004_WG01/P004_WG01:tRNA	Ser	k141_46450:c24340-24254	P004_WG01_00029

DiscRep_SUB:FEATURE_LOCATION_CONFLICT::RNA feature xref gene does not exist
P004_WG01/P004_WG01:tRNA	Met	k141_46450:33054-33128	P004_WG01_00037

DiscRep_SUB:FEATURE_LOCATION_CONFLICT::RNA feature xref gene does not exist
P004_WG01/P004_WG01:tRNA	Gly	k141_46450:c33417-33346	P004_WG01_00038

DiscRep_SUB:FEATURE_LOCATION_CONFLICT::RNA feature xref gene does not exist
P004_WG01/P004_WG01:tRNA	Ser	k141_46450:34347-34439	P004_WG01_00040

DiscRep_SUB:FEATURE_LOCATION_CONFLICT::RNA feature xref gene does not exist
P004_WG01/P004_WG01:tRNA	Thr	k141_46450:c38426-38353	P004_WG01_00043

DiscRep_SUB:FEATURE_LOCATION_CONFLICT::RNA feature xref gene does not exist
P004_WG01/P004_WG01:tRNA	Glu	k141_46450:38941-39015	P004_WG01_00044

DiscRep_SUB:FEATURE_LOCATION_CONFLICT::RNA feature xref gene does not exist
P004_WG01/P004_WG01:tRNA	Tyr	k141_46450:39073-39158	P004_WG01_00045

DiscRep_SUB:FEATURE_LOCATION_CONFLICT::RNA feature xref gene does not exist
P004_WG01/P004_WG01:tRNA	Asp	k141_46450:39629-39705	P004_WG01_00046

DiscRep_SUB:FEATURE_LOCATION_CONFLICT::RNA feature xref gene does not exist
P004_WG01/P004_WG01:tRNA	Cys	k141_46450:c43016-42946	P004_WG01_00048

DiscRep_SUB:FEATURE_LOCATION_CONFLICT::RNA feature xref gene does not exist
P004_WG01/P004_WG01:tRNA	Arg	k141_46450:c60731-60660	P004_WG01_00060

DiscRep_SUB:FEATURE_LOCATION_CONFLICT::RNA feature xref gene does not exist
P004_WG01/P004_WG01:tRNA	Ser	k141_46450:62299-62386	P004_WG01_00061

DiscRep_SUB:FEATURE_LOCATION_CONFLICT::RNA feature xref gene does not exist
P004_WG01/P004_WG01:tRNA	Gln	k141_46450:63478-63549	P004_WG01_00064

DiscRep_SUB:FEATURE_LOCATION_CONFLICT::Coding region xref gene does not exist
P004_WG01/P004_WG01:CDS	hypothetical protein	k141_146493:c6301-6026	P004_WG01_00068

DiscRep_SUB:FEATURE_LOCATION_CONFLICT::Coding region xref gene does not exist
P004_WG01/P004_WG01:CDS	hypothetical protein	k141_146493:c6384-6280	P004_WG01_00069

DiscRep_SUB:FEATURE_LOCATION_CONFLICT::Coding region xref gene does not exist
P004_WG01/P004_WG01:CDS	hypothetical protein	k141_146493:c10596-10327	P004_WG01_00072

DiscRep_SUB:FEATURE_LOCATION_CONFLICT::Coding region xref gene does not exist
P004_WG01/P004_WG01:CDS	hypothetical protein	k141_146493:11199-11351	P004_WG01_00073

DiscRep_SUB:FEATURE_LOCATION_CONFLICT::Coding region xref gene does not exist
P004_WG01/P004_WG01:CDS	hypothetical protein	k141_146493:11912-12187	P004_WG01_00074

DiscRep_SUB:FEATURE_LOCATION_CONFLICT::Coding region xref gene does not exist
P004_WG01/P004_WG01:CDS	ribosomal protein S7	k141_146493:12240-12707	P004_WG01_00075

DiscRep_SUB:FEATURE_LOCATION_CONFLICT::Coding region xref gene does not exist
P004_WG01/P004_WG01:CDS	NADH-plastoquinone oxidoreductase subunit 2	k141_146493:13077-13817	P004_WG01_00076

DiscRep_SUB:FEATURE_LOCATION_CONFLICT::Coding region xref gene does not exist
P004_WG01/P004_WG01:CDS	NADH-plastoquinone oxidoreductase subunit 2	k141_146493:14449-15231	P004_WG01_00077

DiscRep_SUB:FEATURE_LOCATION_CONFLICT::Coding region xref gene does not exist
P004_WG01/P004_WG01:CDS	hypothetical protein	k141_146493:15467-15643	P004_WG01_00078

DiscRep_SUB:FEATURE_LOCATION_CONFLICT::Coding region xref gene does not exist
P004_WG01/P004_WG01:CDS	hypothetical protein	k141_146493:c23578-16757	P004_WG01_00080

DiscRep_SUB:FEATURE_LOCATION_CONFLICT::Coding region xref gene does not exist
P004_WG01/P004_WG01:CDS	ribosomal protein L23	k141_146493:23906-24187	P004_WG01_00082

DiscRep_SUB:FEATURE_LOCATION_CONFLICT::Coding region xref gene does not exist
P004_WG01/P004_WG01:CDS	ribosomal protein L2	k141_146493:24206-24607	P004_WG01_00083

DiscRep_SUB:FEATURE_LOCATION_CONFLICT::Coding region xref gene does not exist
P004_WG01/P004_WG01:CDS	hypothetical protein	k141_146493:24792-24902	P004_WG01_00084

DiscRep_SUB:FEATURE_LOCATION_CONFLICT::Coding region xref gene does not exist
P004_WG01/P004_WG01:CDS	ribosomal protein L2	k141_146493:25278-25706	P004_WG01_00085

DiscRep_SUB:FEATURE_LOCATION_CONFLICT::RNA feature xref gene does not exist
P004_WG01/P004_WG01:tRNA	Asn	k141_146493:1256-1329	P004_WG01_00065

DiscRep_SUB:FEATURE_LOCATION_CONFLICT::RNA feature xref gene does not exist
P004_WG01/P004_WG01:tRNA	Arg	k141_146493:c1881-1807	P004_WG01_00066

DiscRep_SUB:FEATURE_LOCATION_CONFLICT::RNA feature xref gene does not exist
P004_WG01/P004_WG01:rRNA	23S ribosomal RNA	k141_146493:c5492-2483	P004_WG01_00067

DiscRep_SUB:FEATURE_LOCATION_CONFLICT::RNA feature xref gene does not exist
P004_WG01/P004_WG01:rRNA	16S ribosomal RNA	k141_146493:c9411-7925	P004_WG01_00070

DiscRep_SUB:FEATURE_LOCATION_CONFLICT::RNA feature xref gene does not exist
P004_WG01/P004_WG01:tRNA	Val	k141_146493:c9714-9643	P004_WG01_00071

DiscRep_SUB:FEATURE_LOCATION_CONFLICT::RNA feature xref gene does not exist
P004_WG01/P004_WG01:tRNA	Leu	k141_146493:15732-15814	P004_WG01_00079

DiscRep_SUB:FEATURE_LOCATION_CONFLICT::RNA feature xref gene does not exist
P004_WG01/P004_WG01:tRNA	Met	k141_146493:23667-23741	P004_WG01_00081

DiscRep_SUB:FEATURE_LOCATION_CONFLICT::Coding region xref gene does not exist
P004_WG01/P004_WG01:CDS	hypothetical protein	k141_62611:488-631	P004_WG01_00086

DiscRep_SUB:FEATURE_LOCATION_CONFLICT::Coding region xref gene does not exist
P004_WG01/P004_WG01:CDS	ATP-dependent Clp protease proteolytic subunit	k141_9630:c627-406	P004_WG01_00087

DiscRep_SUB:FEATURE_LOCATION_CONFLICT::Coding region xref gene does not exist
P004_WG01/P004_WG01:CDS	ATP-dependent Clp protease proteolytic subunit	k141_9630:c1659-1285	P004_WG01_00088

DiscRep_SUB:FEATURE_LOCATION_CONFLICT::Coding region xref gene does not exist
P004_WG01/P004_WG01:CDS	hypothetical protein	k141_9630:c1974-1801	P004_WG01_00089

DiscRep_SUB:FEATURE_LOCATION_CONFLICT::Coding region xref gene does not exist
P004_WG01/P004_WG01:CDS	hypothetical protein	k141_9630:c2919-2758	P004_WG01_00090

DiscRep_SUB:FEATURE_LOCATION_CONFLICT::Coding region xref gene does not exist
P004_WG01/P004_WG01:CDS	photosystem II CP47 chlorophyll apoprotein	k141_9630:2987-4513	P004_WG01_00091

DiscRep_SUB:FEATURE_LOCATION_CONFLICT::Coding region xref gene does not exist
P004_WG01/P004_WG01:CDS	photosystem II phosphoprotein	k141_9630:5114-5332	P004_WG01_00092

DiscRep_SUB:FEATURE_LOCATION_CONFLICT::Coding region xref gene does not exist
P004_WG01/P004_WG01:CDS	hypothetical protein	k141_9630:6102-6284	P004_WG01_00093

DiscRep_SUB:FEATURE_LOCATION_CONFLICT::Coding region xref gene does not exist
P004_WG01/P004_WG01:CDS	cytochrome b6	k141_9630:6380-6868	P004_WG01_00094

DiscRep_SUB:FEATURE_LOCATION_CONFLICT::Coding region xref gene does not exist
P004_WG01/P004_WG01:CDS	cytochrome b6/f complex subunit IV	k141_9630:7811-8257	P004_WG01_00095

DiscRep_SUB:FEATURE_LOCATION_CONFLICT::Coding region xref gene does not exist
P004_WG01/P004_WG01:CDS	DNA-directed RNA polymerase subunit alpha	k141_9630:c9445-8450	P004_WG01_00096

DiscRep_SUB:FEATURE_LOCATION_CONFLICT::Coding region xref gene does not exist
P004_WG01/P004_WG01:CDS	ribosomal protein S11	k141_9630:c9921-9505	P004_WG01_00097

DiscRep_SUB:FEATURE_LOCATION_CONFLICT::Coding region xref gene does not exist
P004_WG01/P004_WG01:CDS	Translation initiation factor IF-1	k141_9630:c10472-10212	P004_WG01_00098

DiscRep_SUB:FEATURE_LOCATION_CONFLICT::Coding region xref gene does not exist
P004_WG01/P004_WG01:CDS	hypothetical protein	k141_9630:c10578-10450	P004_WG01_00099

DiscRep_SUB:FEATURE_LOCATION_CONFLICT::Coding region xref gene does not exist
P004_WG01/P004_WG01:CDS	ribosomal protein S8	k141_9630:c11062-10658	P004_WG01_00100

DiscRep_SUB:FEATURE_LOCATION_CONFLICT::Coding region xref gene does not exist
P004_WG01/P004_WG01:CDS	ribosomal protein L14	k141_9630:c11606-11238	P004_WG01_00101

DiscRep_SUB:FEATURE_LOCATION_CONFLICT::Coding region xref gene does not exist
P004_WG01/P004_WG01:CDS	ribosomal protein L16	k141_9630:c12112-11750	P004_WG01_00102

DiscRep_SUB:FEATURE_LOCATION_CONFLICT::Coding region xref gene does not exist
P004_WG01/P004_WG01:CDS	hypothetical protein	k141_9630:12379-12654	P004_WG01_00103

DiscRep_SUB:FEATURE_LOCATION_CONFLICT::Coding region xref gene does not exist
P004_WG01/P004_WG01:CDS	hypothetical protein	k141_9630:12792-13070	P004_WG01_00104

DiscRep_SUB:FEATURE_LOCATION_CONFLICT::Coding region xref gene does not exist
P004_WG01/P004_WG01:CDS	ribosomal protein S3	k141_9630:c13900-13244	P004_WG01_00105

DiscRep_SUB:FEATURE_LOCATION_CONFLICT::Coding region xref gene does not exist
P004_WG01/P004_WG01:CDS	ribosomal protein L22	k141_9630:c14453-14025	P004_WG01_00106

DiscRep_SUB:FEATURE_LOCATION_CONFLICT::Coding region xref gene does not exist
P004_WG01/P004_WG01:CDS	ribosomal protein S19	k141_9630:c14817-14539	P004_WG01_00107

DiscRep_SUB:FEATURE_LOCATION_CONFLICT::Coding region xref gene does not exist
P004_WG01/P004_WG01:CDS	maturase K	k141_139980:2742-4244	P004_WG01_00108

DiscRep_SUB:FEATURE_LOCATION_CONFLICT::Coding region xref gene does not exist
P004_WG01/P004_WG01:CDS	photosystem II protein D1	k141_139980:4817-5878	P004_WG01_00109

DiscRep_SUB:FEATURE_LOCATION_CONFLICT::RNA feature xref gene does not exist
P004_WG01/P004_WG01:tRNA	His	k141_139980:6154-6228	P004_WG01_00110

DiscRep_SUB:FEATURE_LOCATION_CONFLICT::Coding region xref gene does not exist
P004_WG01/P004_WG01:CDS	hypothetical protein	k141_33778:c956-678	P004_WG01_00111

DiscRep_SUB:FEATURE_LOCATION_CONFLICT::Coding region xref gene does not exist
P004_WG01/P004_WG01:CDS	NADH-plastoquinone oxidoreductase subunit 5	k141_57121:c2433-190	P004_WG01_00112

DiscRep_SUB:FEATURE_LOCATION_CONFLICT::Coding region xref gene does not exist
P004_WG01/P004_WG01:CDS	hypothetical protein	k141_57121:c2935-2783	P004_WG01_00113

DiscRep_SUB:FEATURE_LOCATION_CONFLICT::Coding region xref gene does not exist
P004_WG01/P004_WG01:CDS	cytochrome c heme attachment protein	k141_57121:4549-5514	P004_WG01_00115

DiscRep_SUB:FEATURE_LOCATION_CONFLICT::Coding region xref gene does not exist
P004_WG01/P004_WG01:CDS	NADH-plastoquinone oxidoreductase subunit 4	k141_57121:c7283-5781	P004_WG01_00116

DiscRep_SUB:FEATURE_LOCATION_CONFLICT::Coding region xref gene does not exist
P004_WG01/P004_WG01:CDS	photosystem I subunit VII	k141_57121:c7657-7412	P004_WG01_00117

DiscRep_SUB:FEATURE_LOCATION_CONFLICT::Coding region xref gene does not exist
P004_WG01/P004_WG01:CDS	NADH-plastoquinone oxidoreductase subunit 4L	k141_57121:c8206-7904	P004_WG01_00118

DiscRep_SUB:FEATURE_LOCATION_CONFLICT::Coding region xref gene does not exist
P004_WG01/P004_WG01:CDS	NADH-plastoquinone oxidoreductase subunit 6	k141_57121:c9022-8450	P004_WG01_00119

DiscRep_SUB:FEATURE_LOCATION_CONFLICT::Coding region xref gene does not exist
P004_WG01/P004_WG01:CDS	NADH-plastoquinone oxidoreductase subunit I	k141_57121:c9872-9354	P004_WG01_00120

DiscRep_SUB:FEATURE_LOCATION_CONFLICT::Coding region xref gene does not exist
P004_WG01/P004_WG01:CDS	NADH-plastoquinone oxidoreductase subunit 1	k141_57121:c10433-9948	P004_WG01_00121

DiscRep_SUB:FEATURE_LOCATION_CONFLICT::Coding region xref gene does not exist
P004_WG01/P004_WG01:CDS	NADH-plastoquinone oxidoreductase subunit 1	k141_57121:c12215-11649	P004_WG01_00122

DiscRep_SUB:FEATURE_LOCATION_CONFLICT::Coding region xref gene does not exist
P004_WG01/P004_WG01:CDS	NADH-plastoquinone oxidoreductase subunit 7	k141_57121:c13425-12217	P004_WG01_00123

DiscRep_SUB:FEATURE_LOCATION_CONFLICT::Coding region xref gene does not exist
P004_WG01/P004_WG01:CDS	ribosomal protein S15	k141_57121:c13775-13503	P004_WG01_00124

DiscRep_SUB:FEATURE_LOCATION_CONFLICT::Coding region xref gene does not exist
P004_WG01/P004_WG01:CDS	hypothetical protein	k141_57121:c18911-14154	P004_WG01_00125

DiscRep_SUB:FEATURE_LOCATION_CONFLICT::RNA feature xref gene does not exist
P004_WG01/P004_WG01:tRNA	Leu	k141_57121:4391-4470	P004_WG01_00114

DiscRep_ALL:SUSPECT_PRODUCT_NAMES::2 product_names contain suspect phrase or characters
DiscRep_SUB:SUSPECT_PRODUCT_NAMES::May contain database identifier more appropriate in note; remove from product name
DiscRep_SUB:SUSPECT_PRODUCT_NAMES::2 features contains three or more numbers together that may be identifiers more appropriate in note
P004_WG01/P004_WG01:CDS	photosystem I P700 apoprotein A1	k141_46450:27981-30233	P004_WG01_00034
P004_WG01/P004_WG01:CDS	photosystem I P700 apoprotein A2	k141_46450:30259-32463	P004_WG01_00035

DiscRep_ALL:DISC_QUALITY_SCORES::Quality scores are missing on all sequences.

DiscRep_ALL:ONCALLER_COMMENT_PRESENT::7 comment descriptors were found (all same)
P004_WG01/P004_WG01:k141_46450:Annotated using prokka 1.14.5 from https://github.com/tseemann/prokka
P004_WG01/P004_WG01:k141_146493:Annotated using prokka 1.14.5 from https://github.com/tseemann/prokka
P004_WG01/P004_WG01:k141_62611:Annotated using prokka 1.14.5 from https://github.com/tseemann/prokka
P004_WG01/P004_WG01:k141_9630:Annotated using prokka 1.14.5 from https://github.com/tseemann/prokka
P004_WG01/P004_WG01:k141_139980:Annotated using prokka 1.14.5 from https://github.com/tseemann/prokka
P004_WG01/P004_WG01:k141_33778:Annotated using prokka 1.14.5 from https://github.com/tseemann/prokka
P004_WG01/P004_WG01:k141_57121:Annotated using prokka 1.14.5 from https://github.com/tseemann/prokka

DiscRep_ALL:SHORT_PROT_SEQUENCES::10 protein sequences are shorter than 50 aa.
P004_WG01/P004_WG01:k141_46450_4 (length 44)
P004_WG01/P004_WG01:k141_46450_7 (length 39)
P004_WG01/P004_WG01:k141_46450_8 (length 40)
P004_WG01/P004_WG01:k141_46450_12 (length 37)
P004_WG01/P004_WG01:k141_46450_17 (length 45)
P004_WG01/P004_WG01:k141_46450_21 (length 49)
P004_WG01/P004_WG01:k141_146493_2 (length 34)
P004_WG01/P004_WG01:k141_146493_13 (length 36)
P004_WG01/P004_WG01:k141_62611_1 (length 47)
P004_WG01/P004_WG01:k141_9630_13 (length 42)

DiscRep_ALL:MISSING_GENOMEASSEMBLY_COMMENTS::7 bioseqs are missing GenomeAssembly structured comments
P004_WG01/P004_WG01:k141_46450 (length 65073)
P004_WG01/P004_WG01:k141_146493 (length 25753)
P004_WG01/P004_WG01:k141_62611 (length 1074)
P004_WG01/P004_WG01:k141_9630 (length 14969)
P004_WG01/P004_WG01:k141_139980 (length 6367)
P004_WG01/P004_WG01:k141_33778 (length 1112)
P004_WG01/P004_WG01:k141_57121 (length 19052)

DiscRep_ALL:MOLTYPE_NOT_MRNA::7 molecule types are not set as mRNA.
P004_WG01/P004_WG01:k141_46450 (length 65073)
P004_WG01/P004_WG01:k141_146493 (length 25753)
P004_WG01/P004_WG01:k141_62611 (length 1074)
P004_WG01/P004_WG01:k141_9630 (length 14969)
P004_WG01/P004_WG01:k141_139980 (length 6367)
P004_WG01/P004_WG01:k141_33778 (length 1112)
P004_WG01/P004_WG01:k141_57121 (length 19052)

DiscRep_ALL:TECHNIQUE_NOT_TSA::7 technique are not set as TSA
P004_WG01/P004_WG01:k141_46450 (length 65073)
P004_WG01/P004_WG01:k141_146493 (length 25753)
P004_WG01/P004_WG01:k141_62611 (length 1074)
P004_WG01/P004_WG01:k141_9630 (length 14969)
P004_WG01/P004_WG01:k141_139980 (length 6367)
P004_WG01/P004_WG01:k141_33778 (length 1112)
P004_WG01/P004_WG01:k141_57121 (length 19052)

DiscRep_ALL:MISSING_STRUCTURED_COMMENT::7 sequences do not include structured comments.
P004_WG01/P004_WG01:k141_46450 (length 65073)
P004_WG01/P004_WG01:k141_146493 (length 25753)
P004_WG01/P004_WG01:k141_62611 (length 1074)
P004_WG01/P004_WG01:k141_9630 (length 14969)
P004_WG01/P004_WG01:k141_139980 (length 6367)
P004_WG01/P004_WG01:k141_33778 (length 1112)
P004_WG01/P004_WG01:k141_57121 (length 19052)

DiscRep_ALL:MISSING_PROJECT::106 sequences do not include project.
P004_WG01/P004_WG01:k141_46450 (length 65073)
P004_WG01/P004_WG01:k141_46450_1 (length 117)
P004_WG01/P004_WG01:k141_46450_2 (length 51)
P004_WG01/P004_WG01:k141_46450_3 (length 101)
P004_WG01/P004_WG01:k141_46450_4 (length 44)
P004_WG01/P004_WG01:k141_46450_5 (length 54)
P004_WG01/P004_WG01:k141_46450_6 (length 83)
P004_WG01/P004_WG01:k141_46450_7 (length 39)
P004_WG01/P004_WG01:k141_46450_8 (length 40)
P004_WG01/P004_WG01:k141_46450_9 (length 320)
P004_WG01/P004_WG01:k141_46450_10 (length 242)
P004_WG01/P004_WG01:k141_46450_11 (length 184)
P004_WG01/P004_WG01:k141_46450_12 (length 37)
P004_WG01/P004_WG01:k141_46450_13 (length 459)
P004_WG01/P004_WG01:k141_46450_14 (length 475)
P004_WG01/P004_WG01:k141_46450_15 (length 492)
P004_WG01/P004_WG01:k141_46450_16 (length 133)
P004_WG01/P004_WG01:k141_46450_17 (length 45)
P004_WG01/P004_WG01:k141_46450_18 (length 145)
P004_WG01/P004_WG01:k141_46450_19 (length 226)
P004_WG01/P004_WG01:k141_46450_20 (length 158)
P004_WG01/P004_WG01:k141_46450_21 (length 49)
P004_WG01/P004_WG01:k141_46450_22 (length 81)
P004_WG01/P004_WG01:k141_46450_23 (length 201)
P004_WG01/P004_WG01:k141_46450_24 (length 66)
P004_WG01/P004_WG01:k141_46450_25 (length 85)
P004_WG01/P004_WG01:k141_46450_26 (length 82)
P004_WG01/P004_WG01:k141_46450_27 (length 70)
P004_WG01/P004_WG01:k141_46450_28 (length 750)
P004_WG01/P004_WG01:k141_46450_29 (length 734)
P004_WG01/P004_WG01:k141_46450_30 (length 59)
P004_WG01/P004_WG01:k141_46450_31 (length 62)
P004_WG01/P004_WG01:k141_46450_32 (length 459)
P004_WG01/P004_WG01:k141_46450_33 (length 353)
P004_WG01/P004_WG01:k141_46450_34 (length 51)
P004_WG01/P004_WG01:k141_46450_35 (length 53)
P004_WG01/P004_WG01:k141_46450_36 (length 94)
P004_WG01/P004_WG01:k141_46450_37 (length 1070)
P004_WG01/P004_WG01:k141_46450_38 (length 145)
P004_WG01/P004_WG01:k141_46450_39 (length 546)
P004_WG01/P004_WG01:k141_46450_40 (length 1382)
P004_WG01/P004_WG01:k141_46450_41 (length 240)
P004_WG01/P004_WG01:k141_46450_42 (length 247)
P004_WG01/P004_WG01:k141_46450_43 (length 81)
P004_WG01/P004_WG01:k141_46450_44 (length 184)
P004_WG01/P004_WG01:k141_46450_45 (length 507)
P004_WG01/P004_WG01:k141_46450_46 (length 57)
P004_WG01/P004_WG01:k141_46450_47 (length 64)
P004_WG01/P004_WG01:k141_146493 (length 25753)
P004_WG01/P004_WG01:k141_146493_1 (length 91)
P004_WG01/P004_WG01:k141_146493_2 (length 34)
P004_WG01/P004_WG01:k141_146493_3 (length 89)
P004_WG01/P004_WG01:k141_146493_4 (length 50)
P004_WG01/P004_WG01:k141_146493_5 (length 91)
P004_WG01/P004_WG01:k141_146493_6 (length 155)
P004_WG01/P004_WG01:k141_146493_7 (length 246)
P004_WG01/P004_WG01:k141_146493_8 (length 260)
P004_WG01/P004_WG01:k141_146493_9 (length 58)
P004_WG01/P004_WG01:k141_146493_10 (length 2273)
P004_WG01/P004_WG01:k141_146493_11 (length 93)
P004_WG01/P004_WG01:k141_146493_12 (length 133)
P004_WG01/P004_WG01:k141_146493_13 (length 36)
P004_WG01/P004_WG01:k141_146493_14 (length 142)
P004_WG01/P004_WG01:k141_62611 (length 1074)
P004_WG01/P004_WG01:k141_62611_1 (length 47)
P004_WG01/P004_WG01:k141_9630 (length 14969)
P004_WG01/P004_WG01:k141_9630_1 (length 73)
P004_WG01/P004_WG01:k141_9630_2 (length 124)
P004_WG01/P004_WG01:k141_9630_3 (length 57)
P004_WG01/P004_WG01:k141_9630_4 (length 53)
P004_WG01/P004_WG01:k141_9630_5 (length 508)
P004_WG01/P004_WG01:k141_9630_6 (length 72)
P004_WG01/P004_WG01:k141_9630_7 (length 60)
P004_WG01/P004_WG01:k141_9630_8 (length 162)
P004_WG01/P004_WG01:k141_9630_9 (length 148)
P004_WG01/P004_WG01:k141_9630_10 (length 331)
P004_WG01/P004_WG01:k141_9630_11 (length 138)
P004_WG01/P004_WG01:k141_9630_12 (length 86)
P004_WG01/P004_WG01:k141_9630_13 (length 42)
P004_WG01/P004_WG01:k141_9630_14 (length 134)
P004_WG01/P004_WG01:k141_9630_15 (length 122)
P004_WG01/P004_WG01:k141_9630_16 (length 120)
P004_WG01/P004_WG01:k141_9630_17 (length 91)
P004_WG01/P004_WG01:k141_9630_18 (length 92)
P004_WG01/P004_WG01:k141_9630_19 (length 218)
P004_WG01/P004_WG01:k141_9630_20 (length 142)
P004_WG01/P004_WG01:k141_9630_21 (length 92)
P004_WG01/P004_WG01:k141_139980 (length 6367)
P004_WG01/P004_WG01:k141_139980_1 (length 500)
P004_WG01/P004_WG01:k141_139980_2 (length 353)
P004_WG01/P004_WG01:k141_33778 (length 1112)
P004_WG01/P004_WG01:k141_33778_1 (length 92)
P004_WG01/P004_WG01:k141_57121 (length 19052)
P004_WG01/P004_WG01:k141_57121_1 (length 747)
P004_WG01/P004_WG01:k141_57121_2 (length 50)
P004_WG01/P004_WG01:k141_57121_3 (length 321)
P004_WG01/P004_WG01:k141_57121_4 (length 500)
P004_WG01/P004_WG01:k141_57121_5 (length 81)
P004_WG01/P004_WG01:k141_57121_6 (length 100)
P004_WG01/P004_WG01:k141_57121_7 (length 190)
P004_WG01/P004_WG01:k141_57121_8 (length 172)
P004_WG01/P004_WG01:k141_57121_9 (length 161)
P004_WG01/P004_WG01:k141_57121_10 (length 188)
P004_WG01/P004_WG01:k141_57121_11 (length 402)
P004_WG01/P004_WG01:k141_57121_12 (length 90)
P004_WG01/P004_WG01:k141_57121_13 (length 1585)

DiscRep_ALL:DISC_INCONSISTENT_MOLINFO_TECH::Molinfo Technique Report (some missing, all same)
DiscRep_SUB:DISC_INCONSISTENT_MOLINFO_TECH::technique (all missing)
DiscRep_SUB:DISC_INCONSISTENT_MOLINFO_TECH::7 Molinfos are missing field technique
P004_WG01/P004_WG01:k141_9630 (length 14969)
P004_WG01/P004_WG01:k141_33778 (length 1112)
P004_WG01/P004_WG01:k141_46450 (length 65073)
P004_WG01/P004_WG01:k141_57121 (length 19052)
P004_WG01/P004_WG01:k141_62611 (length 1074)
P004_WG01/P004_WG01:k141_139980 (length 6367)
P004_WG01/P004_WG01:k141_146493 (length 25753)

