[16:52:29] This is prokka 1.14.5
[16:52:29] Written by Torsten Seemann <torsten.seemann@gmail.com>
[16:52:29] Homepage is https://github.com/tseemann/prokka
[16:52:29] Local time is Fri Nov 26 16:52:29 2021
[16:52:29] You are ruud
[16:52:29] Operating system is linux
[16:52:29] You have BioPerl 1.7.8
[16:52:29] System has 40 cores.
[16:52:29] Will use maximum of 40 cores.
[16:52:29] Annotating as >>> Bacteria <<<
[16:52:29] Creating new output folder: P002_WG12
[16:52:29] Running: mkdir -p P002_WG12
[16:52:29] Using filename prefix: P002_WG12.XXX
[16:52:29] Setting HMMER_NCPU=1
[16:52:29] Writing log to: P002_WG12/P002_WG12.log
[16:52:29] Command: /usr/local/packages/prokka-1.14.5/bin/prokka --cpus 40 --prefix P002_WG12 --Kingdom Bacteria --locustag P002_WG12 --proteins vaccinium.gb ../02_Blast/chloroplast_contigs_rapid_genomics_run2/P002_WG12_chloroplast_contigs.fa
[16:52:29] Appending to PATH: /home/local/packages/prokka-1.14.5/bin/../binaries/linux
[16:52:29] Appending to PATH: /home/local/packages/prokka-1.14.5/bin/../binaries/linux/../common
[16:52:29] Appending to PATH: /home/local/packages/prokka-1.14.5/bin
[16:52:29] Looking for 'aragorn' - found /usr/local/packages/Anaconda3-2019.10/bin/aragorn
[16:52:29] Determined aragorn version is 001002 from 'ARAGORN v1.2.38 Dean Laslett'
[16:52:29] Looking for 'barrnap' - found /usr/local/packages/Anaconda3-2019.10/bin/barrnap
[16:52:30] Determined barrnap version is 000009 from 'barrnap 0.9'
[16:52:30] Looking for 'blastp' - found /usr/local/packages/Anaconda3-2019.10/bin/blastp
[16:52:30] Determined blastp version is 002011 from 'blastp: 2.11.0+'
[16:52:30] Looking for 'cmpress' - found /usr/local/packages/Anaconda3-2019.10/bin/cmpress
[16:52:30] Determined cmpress version is 001001 from '# INFERNAL 1.1.2 (July 2016)'
[16:52:30] Looking for 'cmscan' - found /usr/local/packages/Anaconda3-2019.10/bin/cmscan
[16:52:30] Determined cmscan version is 001001 from '# INFERNAL 1.1.2 (July 2016)'
[16:52:30] Looking for 'egrep' - found /bin/egrep
[16:52:30] Looking for 'find' - found /bin/find
[16:52:30] Looking for 'grep' - found /bin/grep
[16:52:30] Looking for 'hmmpress' - found /usr/local/packages/Anaconda3-2019.10/bin/hmmpress
[16:52:30] Determined hmmpress version is 003003 from '# HMMER 3.3.2 (Nov 2020); http://hmmer.org/'
[16:52:30] Looking for 'hmmscan' - found /usr/local/packages/Anaconda3-2019.10/bin/hmmscan
[16:52:30] Determined hmmscan version is 003003 from '# HMMER 3.3.2 (Nov 2020); http://hmmer.org/'
[16:52:30] Looking for 'java' - found /usr/local/packages/jdk1.8.0_191/bin/java
[16:52:30] Looking for 'makeblastdb' - found /usr/local/packages/Anaconda3-2019.10/bin/makeblastdb
[16:52:31] Determined makeblastdb version is 002011 from 'makeblastdb: 2.11.0+'
[16:52:31] Looking for 'minced' - found /usr/local/packages/Anaconda3-2019.10/bin/minced
[16:52:31] Determined minced version is 004002 from 'minced 0.4.2'
[16:52:31] Looking for 'parallel' - found /usr/local/packages/Anaconda3-2019.10/bin/parallel
[16:52:31] Determined parallel version is 20210822 from 'GNU parallel 20210822'
[16:52:31] Looking for 'prodigal' - found /usr/local/packages/Anaconda3-2019.10/bin/prodigal
[16:52:31] Determined prodigal version is 002006 from 'Prodigal V2.6.3: February, 2016'
[16:52:31] Looking for 'prokka-genbank_to_fasta_db' - found /usr/local/packages/prokka-1.14.5/bin/prokka-genbank_to_fasta_db
[16:52:31] Looking for 'sed' - found /bin/sed
[16:52:31] Looking for 'tbl2asn' - found /usr/local/packages/Anaconda3-2019.10/bin/tbl2asn
[16:52:31] Determined tbl2asn version is 025008 from 'tbl2asn 25.8   arguments:'
[16:52:31] Using genetic code table 11.
[16:52:31] Loading and checking input file: ../02_Blast/chloroplast_contigs_rapid_genomics_run2/P002_WG12_chloroplast_contigs.fa
[16:52:31] Wrote 14 contigs totalling 141370 bp.
[16:52:31] Predicting tRNAs and tmRNAs
[16:52:31] Running: aragorn -l -gc11  -w P002_WG12\/P002_WG12\.fna
[16:52:31] 1 tRNA-Trp c[3836,3909] 35 (cca)
[16:52:31] 2 tRNA-Pro c[4096,4171] 35 (tgg)
[16:52:31] 3 tRNA-Cys [9026,9096] 33 (gca)
[16:52:31] 4 tRNA-Asp c[12659,12735] 36 (gtc)
[16:52:31] 5 tRNA-Tyr c[12890,12975] 36 (gta)
[16:52:31] 6 tRNA-Glu c[13033,13107] 36 (ttc)
[16:52:31] 7 tRNA-Asn [15853,15926] 34 (gtt)
[16:52:31] 8 tRNA-Arg c[16439,16512] 35 (acg)
[16:52:31] 1 tRNA-Met [22915,22988] 35 (cat)
[16:52:31] 2 tRNA-Arg c[27275,27346] 34 (tct)
[16:52:31] 3 tRNA-Ser [28997,29086] 36 (gct)
[16:52:31] 4 tRNA-Gln [30259,30330] 33 (ttg)
[16:52:31] 5 tRNA-Met [37363,37436] 35 (cat)
[16:52:31] 6 tRNA-Gly c[37488,37561] 33 (gcc)
[16:52:31] 7 tRNA-Ile [37761,37837] 38 (aat)
[16:52:31] 8 tRNA-Gly c[37889,37962] 33 (gcc)
[16:52:31] 9 tRNA-Ser [38748,38840] 35 (tga)
[16:52:31] 10 tRNA-Thr c[42968,43041] 34 (ggt)
[16:52:31] 1 tRNA-Leu c[4835,4914] 35 (tag)
[16:52:31] 1 tRNA-His [1176,1250] 35 (gtg)
[16:52:31] 1 tRNA-Val c[202,273] 33 (gac)
[16:52:31] 2 tRNA-Leu [6278,6360] 35 (caa)
[16:52:31] 3 tRNA-Met [10272,10345] 34 (cat)
[16:52:31] 1 tRNA-Ser [6872,6959] 35 (gga)
[16:52:31] 2 tRNA-Thr c[8245,8319] 35 (tgt)
[16:52:31] 3 tRNA-Phe [10009,10082] 34 (gaa)
[16:52:31] 4 tRNA-Met c[17924,17996] 34 (cat)
[16:52:31] Found 27 tRNAs
[16:52:31] Predicting Ribosomal RNAs
[16:52:31] Running Barrnap with 40 threads
[16:52:33] 1 k141_18457 17120 23S ribosomal RNA (partial)
[16:52:33] 2 k141_52565 1553 16S ribosomal RNA
[16:52:33] Found 2 rRNAs
[16:52:33] Skipping ncRNA search, enable with --rfam if desired.
[16:52:33] Total of 29 tRNA + rRNA features
[16:52:33] Searching for CRISPR repeats
[16:52:33] Found 0 CRISPRs
[16:52:33] Predicting coding sequences
[16:52:33] Contigs total 141370 bp, so using single mode
[16:52:33] Running: prodigal -i P002_WG12\/P002_WG12\.fna -c -m -g 11 -p single -f sco -q
[16:52:33] Excluding CDS which overlaps existing RNA (rRNA) at k141_18457:17232..17438 on + strand
[16:52:33] Excluding CDS which overlaps existing RNA (rRNA) at k141_52565:1422..1655 on + strand
[16:52:33] Excluding CDS which overlaps existing RNA (rRNA) at k141_52565:1655..1798 on + strand
[16:52:33] Excluding CDS which overlaps existing RNA (rRNA) at k141_52565:2432..2581 on - strand
[16:52:33] Excluding CDS which overlaps existing RNA (rRNA) at k141_52565:3002..3199 on - strand
[16:52:33] Excluding CDS which overlaps existing RNA (tRNA) at k141_35875:6254..6385 on + strand
[16:52:33] Excluding CDS which overlaps existing RNA (tRNA) at k141_36381:6886..7098 on + strand
[16:52:33] Found 124 CDS
[16:52:33] Connecting features back to sequences
[16:52:33] Not using genus-specific database. Try --usegenus to enable it.
[16:52:33] Preparing user-supplied primary BLAST annotation source: vaccinium.gb
[16:52:33] Guessed source was in genbank format.
[16:52:33] Converting genbank 'vaccinium.gb' into Prokka FASTA 'P002_WG12/proteins.faa'
[16:52:33] Running: prokka-genbank_to_fasta_db --format genbank vaccinium\.gb > P002_WG12\/proteins\.faa 2> /dev/null
[16:52:33] Running: makeblastdb -dbtype prot -in P002_WG12\/proteins\.faa -out P002_WG12\/proteins -logfile /dev/null
[16:52:34] Using /inference source as 'vaccinium.gb'
[16:52:34] Annotating CDS, please be patient.
[16:52:34] Will use 40 CPUs for similarity searching.
[16:52:34] There are still 124 unannotated CDS left (started with 124)
[16:52:34] Will use blast to search against P002_WG12/proteins with 40 CPUs
[16:52:34] Running: cat P002_WG12\/P002_WG12\.proteins\.tmp\.35574\.faa | parallel --gnu --plain -j 40 --block 295 --recstart '>' --pipe blastp -query - -db P002_WG12/proteins -evalue 1e-09 -qcov_hsp_perc 80 -num_threads 1 -num_descriptions 1 -num_alignments 1 -seg no > P002_WG12\/P002_WG12\.proteins\.tmp\.35574\.blast 2> /dev/null
[16:52:36] Deleting unwanted file: P002_WG12/P002_WG12.proteins.tmp.35574.faa
[16:52:36] Deleting unwanted file: P002_WG12/P002_WG12.proteins.tmp.35574.blast
[16:52:36] There are still 55 unannotated CDS left (started with 124)
[16:52:36] Will use blast to search against /home/local/packages/prokka-1.14.5/db/kingdom/Bacteria/IS with 40 CPUs
[16:52:36] Running: cat P002_WG12\/P002_WG12\.IS\.tmp\.35574\.faa | parallel --gnu --plain -j 40 --block 74 --recstart '>' --pipe blastp -query - -db /home/local/packages/prokka-1.14.5/db/kingdom/Bacteria/IS -evalue 1e-30 -qcov_hsp_perc 90 -num_threads 1 -num_descriptions 1 -num_alignments 1 -seg no > P002_WG12\/P002_WG12\.IS\.tmp\.35574\.blast 2> /dev/null
[16:52:37] Deleting unwanted file: P002_WG12/P002_WG12.IS.tmp.35574.faa
[16:52:37] Deleting unwanted file: P002_WG12/P002_WG12.IS.tmp.35574.blast
[16:52:37] There are still 55 unannotated CDS left (started with 124)
[16:52:37] Will use blast to search against /home/local/packages/prokka-1.14.5/db/kingdom/Bacteria/AMR with 40 CPUs
[16:52:37] Running: cat P002_WG12\/P002_WG12\.AMR\.tmp\.35574\.faa | parallel --gnu --plain -j 40 --block 74 --recstart '>' --pipe blastp -query - -db /home/local/packages/prokka-1.14.5/db/kingdom/Bacteria/AMR -evalue 1e-300 -qcov_hsp_perc 90 -num_threads 1 -num_descriptions 1 -num_alignments 1 -seg no > P002_WG12\/P002_WG12\.AMR\.tmp\.35574\.blast 2> /dev/null
[16:52:38] Deleting unwanted file: P002_WG12/P002_WG12.AMR.tmp.35574.faa
[16:52:38] Deleting unwanted file: P002_WG12/P002_WG12.AMR.tmp.35574.blast
[16:52:38] There are still 55 unannotated CDS left (started with 124)
[16:52:38] Will use blast to search against /home/local/packages/prokka-1.14.5/db/kingdom/Bacteria/sprot with 40 CPUs
[16:52:38] Running: cat P002_WG12\/P002_WG12\.sprot\.tmp\.35574\.faa | parallel --gnu --plain -j 40 --block 74 --recstart '>' --pipe blastp -query - -db /home/local/packages/prokka-1.14.5/db/kingdom/Bacteria/sprot -evalue 1e-09 -qcov_hsp_perc 80 -num_threads 1 -num_descriptions 1 -num_alignments 1 -seg no > P002_WG12\/P002_WG12\.sprot\.tmp\.35574\.blast 2> /dev/null
[16:52:39] Deleting unwanted file: P002_WG12/P002_WG12.sprot.tmp.35574.faa
[16:52:39] Deleting unwanted file: P002_WG12/P002_WG12.sprot.tmp.35574.blast
[16:52:40] There are still 55 unannotated CDS left (started with 124)
[16:52:40] Will use hmmer3 to search against /home/local/packages/prokka-1.14.5/db/hmm/HAMAP.hmm with 40 CPUs
[16:52:40] Running: cat P002_WG12\/P002_WG12\.HAMAP\.hmm\.tmp\.35574\.faa | parallel --gnu --plain -j 40 --block 74 --recstart '>' --pipe hmmscan --noali --notextw --acc -E 1e-09 --cpu 1 /home/local/packages/prokka-1.14.5/db/hmm/HAMAP.hmm /dev/stdin > P002_WG12\/P002_WG12\.HAMAP\.hmm\.tmp\.35574\.hmmer3 2> /dev/null
[16:52:41] Deleting unwanted file: P002_WG12/P002_WG12.HAMAP.hmm.tmp.35574.faa
[16:52:41] Deleting unwanted file: P002_WG12/P002_WG12.HAMAP.hmm.tmp.35574.hmmer3
[16:52:41] Deleting unwanted file: P002_WG12/proteins.psq
[16:52:41] Deleting unwanted file: P002_WG12/proteins.phr
[16:52:41] Deleting unwanted file: P002_WG12/proteins.pin
[16:52:41] Labelling remaining 50 proteins as 'hypothetical protein'
[16:52:41] Possible /pseudo 'RNA polymerase beta' subunit' at k141_33335 position 14887
[16:52:41] Possible /pseudo 'NADH-plastoquinone oxidoreductase subunit 1' at k141_68434 position 5082
[16:52:41] Possible /pseudo 'NADH-plastoquinone oxidoreductase subunit 2' at k141_35875 position 4918
[16:52:41] Found 67 unique /gene codes.
[16:52:41] Fixed 2 duplicate /gene - ndhB_1 ndhB_2
[16:52:41] Fixed 2 duplicate /gene - rpl22_1 rpl22_2
[16:52:41] Fixed 2 duplicate /gene - atpF_1 atpF_2
[16:52:41] Fixed 2 duplicate /gene - rps3_1 rps3_2
[16:52:41] Fixed 2 duplicate /gene - rpoC1_1 rpoC1_2
[16:52:41] Fixed 2 duplicate /gene - rpoA_1 rpoA_2
[16:52:41] Fixed 2 duplicate /gene - ndhA_1 ndhA_2
[16:52:41] Fixed 7 colliding /gene names.
[16:52:41] Adding /locus_tag identifiers
[16:52:41] Assigned 153 locus_tags to CDS and RNA features.
[16:52:41] Writing outputs to P002_WG12/
[16:52:41] Generating annotation statistics file
[16:52:41] Generating Genbank and Sequin files
[16:52:41] Running: tbl2asn -V b -a r10k -l paired-ends -M n -N 1 -y 'Annotated using prokka 1.14.5 from https://github.com/tseemann/prokka' -Z P002_WG12\/P002_WG12\.err -i P002_WG12\/P002_WG12\.fsa 2> /dev/null
[16:52:41] Deleting unwanted file: P002_WG12/errorsummary.val
[16:52:41] Deleting unwanted file: P002_WG12/P002_WG12.dr
[16:52:41] Deleting unwanted file: P002_WG12/P002_WG12.fixedproducts
[16:52:41] Deleting unwanted file: P002_WG12/P002_WG12.ecn
[16:52:41] Deleting unwanted file: P002_WG12/P002_WG12.val
[16:52:41] Repairing broken .GBK output that tbl2asn produces...
[16:52:41] Running: sed 's/COORDINATES: profile/COORDINATES:profile/' < P002_WG12\/P002_WG12\.gbf > P002_WG12\/P002_WG12\.gbk
[16:52:41] Deleting unwanted file: P002_WG12/P002_WG12.gbf
[16:52:41] Output files:
[16:52:41] P002_WG12/P002_WG12.txt
[16:52:41] P002_WG12/P002_WG12.sqn
[16:52:41] P002_WG12/P002_WG12.tsv
[16:52:41] P002_WG12/P002_WG12.fna
[16:52:41] P002_WG12/P002_WG12.gbk
[16:52:41] P002_WG12/P002_WG12.err
[16:52:41] P002_WG12/P002_WG12.faa
[16:52:41] P002_WG12/P002_WG12.ffn
[16:52:41] P002_WG12/P002_WG12.log
[16:52:41] P002_WG12/P002_WG12.gff
[16:52:41] P002_WG12/P002_WG12.tbl
[16:52:41] P002_WG12/P002_WG12.fsa
[16:52:41] Annotation finished successfully.
[16:52:41] Walltime used: 0.20 minutes
[16:52:41] If you use this result please cite the Prokka paper:
[16:52:41] Seemann T (2014) Prokka: rapid prokaryotic genome annotation. Bioinformatics. 30(14):2068-9.
[16:52:41] Type 'prokka --citation' for more details.
[16:52:41] Thank you, come again.
