Discrepancy Report Results

Summary
FATAL: MISSING_PROTEIN_ID:89 proteins have invalid IDs.
DISC_SOURCE_QUALS_ASNDISC:strain (all present, all same)
DISC_SOURCE_QUALS_ASNDISC:taxname (all present, all same)
DISC_FEATURE_COUNT:CDS: 89 present
DISC_FEATURE_COUNT:tRNA: 24 present
DISC_FEATURE_COUNT:rRNA: 2 present
DISC_COUNT_NUCLEOTIDES:9 nucleotide Bioseqs are present
FEATURE_LOCATION_CONFLICT:115 features have inconsistent gene locations.
SUSPECT_PRODUCT_NAMES:2 product_names contain suspect phrase or characters
	May contain database identifier more appropriate in note; remove from product name
		2 features contains three or more numbers together that may be identifiers more appropriate in note
DISC_QUALITY_SCORES:Quality scores are missing on all sequences.
ONCALLER_COMMENT_PRESENT:9 comment descriptors were found (all same)
SHORT_PROT_SEQUENCES:8 protein sequences are shorter than 50 aa.
MISSING_GENOMEASSEMBLY_COMMENTS:9 bioseqs are missing GenomeAssembly structured comments
MOLTYPE_NOT_MRNA:9 molecule types are not set as mRNA.
TECHNIQUE_NOT_TSA:9 technique are not set as TSA
MISSING_STRUCTURED_COMMENT:9 sequences do not include structured comments.
MISSING_PROJECT:98 sequences do not include project.
DISC_INCONSISTENT_MOLINFO_TECH:Molinfo Technique Report (some missing, all same)


Detailed Report

FATAL: DiscRep_ALL:MISSING_PROTEIN_ID::89 proteins have invalid IDs.
P002_WC10/P002_WC10:k141_141228_1 (length 53)
P002_WC10/P002_WC10:k141_141228_2 (length 1076)
P002_WC10/P002_WC10:k141_141228_3 (length 145)
P002_WC10/P002_WC10:k141_141228_4 (length 475)
P002_WC10/P002_WC10:k141_141228_5 (length 1359)
P002_WC10/P002_WC10:k141_141228_6 (length 236)
P002_WC10/P002_WC10:k141_141228_7 (length 247)
P002_WC10/P002_WC10:k141_141228_8 (length 81)
P002_WC10/P002_WC10:k141_141228_9 (length 63)
P002_WC10/P002_WC10:k141_141228_10 (length 56)
P002_WC10/P002_WC10:k141_40299_1 (length 473)
P002_WC10/P002_WC10:k141_40299_2 (length 285)
P002_WC10/P002_WC10:k141_71829_1 (length 49)
P002_WC10/P002_WC10:k141_71829_2 (length 149)
P002_WC10/P002_WC10:k141_71829_3 (length 218)
P002_WC10/P002_WC10:k141_71829_4 (length 119)
P002_WC10/P002_WC10:k141_71829_5 (length 122)
P002_WC10/P002_WC10:k141_71829_6 (length 134)
P002_WC10/P002_WC10:k141_71829_7 (length 77)
P002_WC10/P002_WC10:k141_71829_8 (length 51)
P002_WC10/P002_WC10:k141_71829_9 (length 138)
P002_WC10/P002_WC10:k141_71829_10 (length 334)
P002_WC10/P002_WC10:k141_71829_11 (length 152)
P002_WC10/P002_WC10:k141_71829_12 (length 162)
P002_WC10/P002_WC10:k141_71829_13 (length 119)
P002_WC10/P002_WC10:k141_71829_14 (length 508)
P002_WC10/P002_WC10:k141_71829_15 (length 80)
P002_WC10/P002_WC10:k141_71829_16 (length 86)
P002_WC10/P002_WC10:k141_71829_17 (length 64)
P002_WC10/P002_WC10:k141_71829_18 (length 39)
P002_WC10/P002_WC10:k141_71829_19 (length 91)
P002_WC10/P002_WC10:k141_71829_20 (length 88)
P002_WC10/P002_WC10:k141_71829_21 (length 75)
P002_WC10/P002_WC10:k141_71829_22 (length 39)
P002_WC10/P002_WC10:k141_71829_23 (length 130)
P002_WC10/P002_WC10:k141_71829_24 (length 104)
P002_WC10/P002_WC10:k141_71829_25 (length 34)
P002_WC10/P002_WC10:k141_71829_26 (length 85)
P002_WC10/P002_WC10:k141_71829_27 (length 64)
P002_WC10/P002_WC10:k141_71829_28 (length 31)
P002_WC10/P002_WC10:k141_71829_29 (length 93)
P002_WC10/P002_WC10:k141_71829_30 (length 320)
P002_WC10/P002_WC10:k141_71829_31 (length 268)
P002_WC10/P002_WC10:k141_71829_32 (length 83)
P002_WC10/P002_WC10:k141_71829_33 (length 184)
P002_WC10/P002_WC10:k141_71829_34 (length 511)
P002_WC10/P002_WC10:k141_71829_35 (length 360)
P002_WC10/P002_WC10:k141_119228_1 (length 165)
P002_WC10/P002_WC10:k141_119228_2 (length 133)
P002_WC10/P002_WC10:k141_119228_3 (length 102)
P002_WC10/P002_WC10:k141_119228_4 (length 2087)
P002_WC10/P002_WC10:k141_119228_5 (length 81)
P002_WC10/P002_WC10:k141_119228_6 (length 260)
P002_WC10/P002_WC10:k141_119228_7 (length 303)
P002_WC10/P002_WC10:k141_119228_8 (length 155)
P002_WC10/P002_WC10:k141_119228_9 (length 98)
P002_WC10/P002_WC10:k141_119228_10 (length 72)
P002_WC10/P002_WC10:k141_119228_11 (length 34)
P002_WC10/P002_WC10:k141_119228_12 (length 1875)
P002_WC10/P002_WC10:k141_129985_1 (length 77)
P002_WC10/P002_WC10:k141_85122_1 (length 353)
P002_WC10/P002_WC10:k141_85122_2 (length 510)
P002_WC10/P002_WC10:k141_85122_3 (length 65)
P002_WC10/P002_WC10:k141_85122_4 (length 64)
P002_WC10/P002_WC10:k141_85122_5 (length 32)
P002_WC10/P002_WC10:k141_148047_1 (length 498)
P002_WC10/P002_WC10:k141_148047_2 (length 134)
P002_WC10/P002_WC10:k141_148047_3 (length 70)
P002_WC10/P002_WC10:k141_148047_4 (length 120)
P002_WC10/P002_WC10:k141_148047_5 (length 253)
P002_WC10/P002_WC10:k141_148047_6 (length 185)
P002_WC10/P002_WC10:k141_148047_7 (length 198)
P002_WC10/P002_WC10:k141_148047_8 (length 49)
P002_WC10/P002_WC10:k141_148047_9 (length 82)
P002_WC10/P002_WC10:k141_148047_10 (length 58)
P002_WC10/P002_WC10:k141_148047_11 (length 92)
P002_WC10/P002_WC10:k141_148047_12 (length 765)
P002_WC10/P002_WC10:k141_54284_1 (length 87)
P002_WC10/P002_WC10:k141_54284_2 (length 393)
P002_WC10/P002_WC10:k141_54284_3 (length 188)
P002_WC10/P002_WC10:k141_54284_4 (length 156)
P002_WC10/P002_WC10:k141_54284_5 (length 170)
P002_WC10/P002_WC10:k141_54284_6 (length 176)
P002_WC10/P002_WC10:k141_54284_7 (length 101)
P002_WC10/P002_WC10:k141_54284_8 (length 506)
P002_WC10/P002_WC10:k141_54284_9 (length 321)
P002_WC10/P002_WC10:k141_54284_10 (length 111)
P002_WC10/P002_WC10:k141_54284_11 (length 747)
P002_WC10/P002_WC10:k141_62599_1 (length 556)

DiscRep_ALL:DISC_SOURCE_QUALS_ASNDISC::strain (all present, all same)
DiscRep_SUB:DISC_SOURCE_QUALS_ASNDISC::9 sources have 'strain' for strain
DiscRep_ALL:DISC_SOURCE_QUALS_ASNDISC::taxname (all present, all same)
DiscRep_SUB:DISC_SOURCE_QUALS_ASNDISC::9 sources have 'Genus species' for taxname
DiscRep_ALL:DISC_FEATURE_COUNT::CDS: 89 present
DiscRep_ALL:DISC_FEATURE_COUNT::tRNA: 24 present
DiscRep_ALL:DISC_FEATURE_COUNT::rRNA: 2 present
DiscRep_ALL:DISC_COUNT_NUCLEOTIDES::9 nucleotide Bioseqs are present
P002_WC10/P002_WC10:k141_141228 (length 22024)
P002_WC10/P002_WC10:k141_40299 (length 2501)
P002_WC10/P002_WC10:k141_71829 (length 27898)
P002_WC10/P002_WC10:k141_119228 (length 30947)
P002_WC10/P002_WC10:k141_129985 (length 1892)
P002_WC10/P002_WC10:k141_85122 (length 10096)
P002_WC10/P002_WC10:k141_148047 (length 16533)
P002_WC10/P002_WC10:k141_54284 (length 13450)
P002_WC10/P002_WC10:k141_62599 (length 3714)

DiscRep_ALL:FEATURE_LOCATION_CONFLICT::115 features have inconsistent gene locations.
DiscRep_SUB:FEATURE_LOCATION_CONFLICT::Coding region xref gene does not exist
P002_WC10/P002_WC10:CDS	hypothetical protein	k141_141228:c4630-4469	P002_WC10_00005

DiscRep_SUB:FEATURE_LOCATION_CONFLICT::Coding region xref gene does not exist
P002_WC10/P002_WC10:CDS	RNA polymerase beta subunit	k141_141228:7278-10508	P002_WC10_00007

DiscRep_SUB:FEATURE_LOCATION_CONFLICT::Coding region xref gene does not exist
P002_WC10/P002_WC10:CDS	RNA polymerase beta' subunit	k141_141228:10535-10972	P002_WC10_00008

DiscRep_SUB:FEATURE_LOCATION_CONFLICT::Coding region xref gene does not exist
P002_WC10/P002_WC10:CDS	RNA polymerase beta' subunit	k141_141228:11947-13374	P002_WC10_00009

DiscRep_SUB:FEATURE_LOCATION_CONFLICT::Coding region xref gene does not exist
P002_WC10/P002_WC10:CDS	RNA polymerase beta'' subunit	k141_141228:13542-17621	P002_WC10_00010

DiscRep_SUB:FEATURE_LOCATION_CONFLICT::Coding region xref gene does not exist
P002_WC10/P002_WC10:CDS	ribosomal protein S2	k141_141228:17858-18568	P002_WC10_00011

DiscRep_SUB:FEATURE_LOCATION_CONFLICT::Coding region xref gene does not exist
P002_WC10/P002_WC10:CDS	ATP synthase CF0 subunit IV	k141_141228:18789-19532	P002_WC10_00012

DiscRep_SUB:FEATURE_LOCATION_CONFLICT::Coding region xref gene does not exist
P002_WC10/P002_WC10:CDS	ATP synthase CF0 subunit III	k141_141228:20246-20491	P002_WC10_00013

DiscRep_SUB:FEATURE_LOCATION_CONFLICT::Coding region xref gene does not exist
P002_WC10/P002_WC10:CDS	hypothetical protein	k141_141228:c20778-20587	P002_WC10_00014

DiscRep_SUB:FEATURE_LOCATION_CONFLICT::Coding region xref gene does not exist
P002_WC10/P002_WC10:CDS	ATP synthase CF0 subunit I	k141_141228:20905-21075	P002_WC10_00015

DiscRep_SUB:FEATURE_LOCATION_CONFLICT::RNA feature xref gene does not exist
P002_WC10/P002_WC10:tRNA	Thr	k141_141228:c1620-1547	P002_WC10_00001

DiscRep_SUB:FEATURE_LOCATION_CONFLICT::RNA feature xref gene does not exist
P002_WC10/P002_WC10:tRNA	Glu	k141_141228:2407-2481	P002_WC10_00002

DiscRep_SUB:FEATURE_LOCATION_CONFLICT::RNA feature xref gene does not exist
P002_WC10/P002_WC10:tRNA	Tyr	k141_141228:2551-2636	P002_WC10_00003

DiscRep_SUB:FEATURE_LOCATION_CONFLICT::RNA feature xref gene does not exist
P002_WC10/P002_WC10:tRNA	Asp	k141_141228:2931-3007	P002_WC10_00004

DiscRep_SUB:FEATURE_LOCATION_CONFLICT::RNA feature xref gene does not exist
P002_WC10/P002_WC10:tRNA	Cys	k141_141228:c5982-5911	P002_WC10_00006

DiscRep_SUB:FEATURE_LOCATION_CONFLICT::Coding region xref gene does not exist
P002_WC10/P002_WC10:CDS	photosystem II CP43 chlorophyll apoprotein	k141_40299:c1617-196	P002_WC10_00016

DiscRep_SUB:FEATURE_LOCATION_CONFLICT::Coding region xref gene does not exist
P002_WC10/P002_WC10:CDS	photosystem II protein D2	k141_40299:c2422-1565	P002_WC10_00017

DiscRep_SUB:FEATURE_LOCATION_CONFLICT::Coding region xref gene does not exist
P002_WC10/P002_WC10:CDS	ribosomal protein S19	k141_71829:128-277	P002_WC10_00018

DiscRep_SUB:FEATURE_LOCATION_CONFLICT::Coding region xref gene does not exist
P002_WC10/P002_WC10:CDS	ribosomal protein L22	k141_71829:346-795	P002_WC10_00019

DiscRep_SUB:FEATURE_LOCATION_CONFLICT::Coding region xref gene does not exist
P002_WC10/P002_WC10:CDS	ribosomal protein S3	k141_71829:780-1436	P002_WC10_00020

DiscRep_SUB:FEATURE_LOCATION_CONFLICT::Coding region xref gene does not exist
P002_WC10/P002_WC10:CDS	ribosomal protein L16	k141_71829:2571-2930	P002_WC10_00021

DiscRep_SUB:FEATURE_LOCATION_CONFLICT::Coding region xref gene does not exist
P002_WC10/P002_WC10:CDS	ribosomal protein L14	k141_71829:3037-3405	P002_WC10_00022

DiscRep_SUB:FEATURE_LOCATION_CONFLICT::Coding region xref gene does not exist
P002_WC10/P002_WC10:CDS	ribosomal protein S8	k141_71829:3560-3964	P002_WC10_00023

DiscRep_SUB:FEATURE_LOCATION_CONFLICT::Coding region xref gene does not exist
P002_WC10/P002_WC10:CDS	translational initiation factor 1	k141_71829:4083-4316	P002_WC10_00024

DiscRep_SUB:FEATURE_LOCATION_CONFLICT::Coding region xref gene does not exist
P002_WC10/P002_WC10:CDS	hypothetical protein	k141_71829:c4647-4492	P002_WC10_00025

DiscRep_SUB:FEATURE_LOCATION_CONFLICT::Coding region xref gene does not exist
P002_WC10/P002_WC10:CDS	ribosomal protein S11	k141_71829:4667-5083	P002_WC10_00026

DiscRep_SUB:FEATURE_LOCATION_CONFLICT::Coding region xref gene does not exist
P002_WC10/P002_WC10:CDS	RNA polymerase alpha subunit	k141_71829:5155-6159	P002_WC10_00027

DiscRep_SUB:FEATURE_LOCATION_CONFLICT::Coding region xref gene does not exist
P002_WC10/P002_WC10:CDS	cytochrome b6/f complex subunit IV	k141_71829:c6792-6334	P002_WC10_00028

DiscRep_SUB:FEATURE_LOCATION_CONFLICT::Coding region xref gene does not exist
P002_WC10/P002_WC10:CDS	cytochrome b6	k141_71829:c8275-7787	P002_WC10_00029

DiscRep_SUB:FEATURE_LOCATION_CONFLICT::Coding region xref gene does not exist
P002_WC10/P002_WC10:CDS	Photosystem II reaction center protein H	k141_71829:c9642-9283	P002_WC10_00030

DiscRep_SUB:FEATURE_LOCATION_CONFLICT::Coding region xref gene does not exist
P002_WC10/P002_WC10:CDS	photosystem II CP47 chlorophyll apoprotein	k141_71829:c11620-10094	P002_WC10_00031

DiscRep_SUB:FEATURE_LOCATION_CONFLICT::Coding region xref gene does not exist
P002_WC10/P002_WC10:CDS	hypothetical protein	k141_71829:c12697-12455	P002_WC10_00032

DiscRep_SUB:FEATURE_LOCATION_CONFLICT::Coding region xref gene does not exist
P002_WC10/P002_WC10:CDS	hypothetical protein	k141_71829:12816-13076	P002_WC10_00033

DiscRep_SUB:FEATURE_LOCATION_CONFLICT::Coding region xref gene does not exist
P002_WC10/P002_WC10:CDS	ATP-dependent Clp protease proteolytic subunit	k141_71829:13249-13443	P002_WC10_00034

DiscRep_SUB:FEATURE_LOCATION_CONFLICT::Coding region xref gene does not exist
P002_WC10/P002_WC10:CDS	hypothetical protein	k141_71829:c13516-13397	P002_WC10_00035

DiscRep_SUB:FEATURE_LOCATION_CONFLICT::Coding region xref gene does not exist
P002_WC10/P002_WC10:CDS	hypothetical protein	k141_71829:c14015-13740	P002_WC10_00036

DiscRep_SUB:FEATURE_LOCATION_CONFLICT::Coding region xref gene does not exist
P002_WC10/P002_WC10:CDS	ATP-dependent Clp protease proteolytic subunit	k141_71829:14057-14323	P002_WC10_00037

DiscRep_SUB:FEATURE_LOCATION_CONFLICT::Coding region xref gene does not exist
P002_WC10/P002_WC10:CDS	hypothetical protein	k141_71829:14403-14630	P002_WC10_00038

DiscRep_SUB:FEATURE_LOCATION_CONFLICT::Coding region xref gene does not exist
P002_WC10/P002_WC10:CDS	hypothetical protein	k141_71829:15000-15119	P002_WC10_00039

DiscRep_SUB:FEATURE_LOCATION_CONFLICT::Coding region xref gene does not exist
P002_WC10/P002_WC10:CDS	ribosomal protein L20	k141_71829:15171-15563	P002_WC10_00040

DiscRep_SUB:FEATURE_LOCATION_CONFLICT::Coding region xref gene does not exist
P002_WC10/P002_WC10:CDS	ribosomal protein S18	k141_71829:c16066-15752	P002_WC10_00041

DiscRep_SUB:FEATURE_LOCATION_CONFLICT::Coding region xref gene does not exist
P002_WC10/P002_WC10:CDS	hypothetical protein	k141_71829:16480-16584	P002_WC10_00042

DiscRep_SUB:FEATURE_LOCATION_CONFLICT::Coding region xref gene does not exist
P002_WC10/P002_WC10:CDS	hypothetical protein	k141_71829:16574-16831	P002_WC10_00043

DiscRep_SUB:FEATURE_LOCATION_CONFLICT::Coding region xref gene does not exist
P002_WC10/P002_WC10:CDS	Photosystem I reaction center subunit IX	k141_71829:c17345-17151	P002_WC10_00044

DiscRep_SUB:FEATURE_LOCATION_CONFLICT::Coding region xref gene does not exist
P002_WC10/P002_WC10:CDS	cytochrome b6/f complex subunit VI	k141_71829:c18578-18483	P002_WC10_00047

DiscRep_SUB:FEATURE_LOCATION_CONFLICT::Coding region xref gene does not exist
P002_WC10/P002_WC10:CDS	photosystem II cytochrome b559 alpha subunit	k141_71829:19120-19401	P002_WC10_00048

DiscRep_SUB:FEATURE_LOCATION_CONFLICT::Coding region xref gene does not exist
P002_WC10/P002_WC10:CDS	cytochrome f	k141_71829:c21665-20703	P002_WC10_00049

DiscRep_SUB:FEATURE_LOCATION_CONFLICT::Coding region xref gene does not exist
P002_WC10/P002_WC10:CDS	envelope membrane protein	k141_71829:c22674-21868	P002_WC10_00050

DiscRep_SUB:FEATURE_LOCATION_CONFLICT::Coding region xref gene does not exist
P002_WC10/P002_WC10:CDS	hypothetical protein	k141_71829:23194-23445	P002_WC10_00051

DiscRep_SUB:FEATURE_LOCATION_CONFLICT::Coding region xref gene does not exist
P002_WC10/P002_WC10:CDS	photosystem I assembly protein Ycf4	k141_71829:c24025-23471	P002_WC10_00052

DiscRep_SUB:FEATURE_LOCATION_CONFLICT::Coding region xref gene does not exist
P002_WC10/P002_WC10:CDS	Acetyl-coenzyme A carboxylase carboxyl transferase subunit beta, chloroplastic	k141_71829:c26293-24758	P002_WC10_00053

DiscRep_SUB:FEATURE_LOCATION_CONFLICT::Coding region xref gene does not exist
P002_WC10/P002_WC10:CDS	ribulose-1,5-bisphosphate carboxylase/oxygenase large subunit	k141_71829:c27766-26684	P002_WC10_00054

DiscRep_SUB:FEATURE_LOCATION_CONFLICT::RNA feature xref gene does not exist
P002_WC10/P002_WC10:tRNA	Pro	k141_71829:17692-17767	P002_WC10_00045

DiscRep_SUB:FEATURE_LOCATION_CONFLICT::RNA feature xref gene does not exist
P002_WC10/P002_WC10:tRNA	Trp	k141_71829:17980-18053	P002_WC10_00046

DiscRep_SUB:FEATURE_LOCATION_CONFLICT::Coding region xref gene does not exist
P002_WC10/P002_WC10:CDS	ribosomal protein L2	k141_119228:c698-201	P002_WC10_00055

DiscRep_SUB:FEATURE_LOCATION_CONFLICT::Coding region xref gene does not exist
P002_WC10/P002_WC10:CDS	ribosomal protein L2	k141_119228:c1691-1290	P002_WC10_00056

DiscRep_SUB:FEATURE_LOCATION_CONFLICT::Coding region xref gene does not exist
P002_WC10/P002_WC10:CDS	ribosomal protein L23	k141_119228:c2018-1710	P002_WC10_00057

DiscRep_SUB:FEATURE_LOCATION_CONFLICT::Coding region xref gene does not exist
P002_WC10/P002_WC10:CDS	hypothetical protein	k141_119228:2542-8805	P002_WC10_00059

DiscRep_SUB:FEATURE_LOCATION_CONFLICT::Coding region xref gene does not exist
P002_WC10/P002_WC10:CDS	hypothetical protein	k141_119228:8850-9095	P002_WC10_00060

DiscRep_SUB:FEATURE_LOCATION_CONFLICT::Coding region xref gene does not exist
P002_WC10/P002_WC10:CDS	NADH-plastoquinone oxidoreductase subunit 2	k141_119228:c11115-10333	P002_WC10_00062

DiscRep_SUB:FEATURE_LOCATION_CONFLICT::Coding region xref gene does not exist
P002_WC10/P002_WC10:CDS	NAD(P)H-quinone oxidoreductase subunit 2, chloroplastic	k141_119228:c12544-11633	P002_WC10_00063

DiscRep_SUB:FEATURE_LOCATION_CONFLICT::Coding region xref gene does not exist
P002_WC10/P002_WC10:CDS	ribosomal protein S7	k141_119228:c13338-12871	P002_WC10_00064

DiscRep_SUB:FEATURE_LOCATION_CONFLICT::Coding region xref gene does not exist
P002_WC10/P002_WC10:CDS	hypothetical protein	k141_119228:17841-18137	P002_WC10_00067

DiscRep_SUB:FEATURE_LOCATION_CONFLICT::Coding region xref gene does not exist
P002_WC10/P002_WC10:CDS	hypothetical protein	k141_119228:18851-19069	P002_WC10_00068

DiscRep_SUB:FEATURE_LOCATION_CONFLICT::Coding region xref gene does not exist
P002_WC10/P002_WC10:CDS	hypothetical protein	k141_119228:19365-19469	P002_WC10_00069

DiscRep_SUB:FEATURE_LOCATION_CONFLICT::Coding region xref gene does not exist
P002_WC10/P002_WC10:CDS	hypothetical protein	k141_119228:25064-30691	P002_WC10_00073

DiscRep_SUB:FEATURE_LOCATION_CONFLICT::RNA feature xref gene does not exist
P002_WC10/P002_WC10:tRNA	Met	k141_119228:c2223-2149	P002_WC10_00058

DiscRep_SUB:FEATURE_LOCATION_CONFLICT::RNA feature xref gene does not exist
P002_WC10/P002_WC10:tRNA	Leu	k141_119228:c9765-9683	P002_WC10_00061

DiscRep_SUB:FEATURE_LOCATION_CONFLICT::RNA feature xref gene does not exist
P002_WC10/P002_WC10:tRNA	Val	k141_119228:16031-16102	P002_WC10_00065

DiscRep_SUB:FEATURE_LOCATION_CONFLICT::RNA feature xref gene does not exist
P002_WC10/P002_WC10:rRNA	16S ribosomal RNA	k141_119228:16341-17827	P002_WC10_00066

DiscRep_SUB:FEATURE_LOCATION_CONFLICT::RNA feature xref gene does not exist
P002_WC10/P002_WC10:rRNA	23S ribosomal RNA	k141_119228:20248-23259	P002_WC10_00070

DiscRep_SUB:FEATURE_LOCATION_CONFLICT::RNA feature xref gene does not exist
P002_WC10/P002_WC10:tRNA	Arg	k141_119228:23877-23951	P002_WC10_00071

DiscRep_SUB:FEATURE_LOCATION_CONFLICT::RNA feature xref gene does not exist
P002_WC10/P002_WC10:tRNA	Asn	k141_119228:c24560-24487	P002_WC10_00072

DiscRep_SUB:FEATURE_LOCATION_CONFLICT::Coding region xref gene does not exist
P002_WC10/P002_WC10:CDS	ATP synthase CF0 subunit I	k141_129985:122-355	P002_WC10_00074

DiscRep_SUB:FEATURE_LOCATION_CONFLICT::Coding region xref gene does not exist
P002_WC10/P002_WC10:CDS	photosystem II protein D1	k141_85122:c1573-512	P002_WC10_00076

DiscRep_SUB:FEATURE_LOCATION_CONFLICT::Coding region xref gene does not exist
P002_WC10/P002_WC10:CDS	maturase K	k141_85122:c3645-2113	P002_WC10_00077

DiscRep_SUB:FEATURE_LOCATION_CONFLICT::Coding region xref gene does not exist
P002_WC10/P002_WC10:CDS	ribosomal protein S16	k141_85122:c5384-5187	P002_WC10_00078

DiscRep_SUB:FEATURE_LOCATION_CONFLICT::Coding region xref gene does not exist
P002_WC10/P002_WC10:CDS	photosystem II protein K	k141_85122:7182-7376	P002_WC10_00080

DiscRep_SUB:FEATURE_LOCATION_CONFLICT::Coding region xref gene does not exist
P002_WC10/P002_WC10:CDS	hypothetical protein	k141_85122:9722-9820	P002_WC10_00083

DiscRep_SUB:FEATURE_LOCATION_CONFLICT::RNA feature xref gene does not exist
P002_WC10/P002_WC10:tRNA	His	k141_85122:c216-142	P002_WC10_00075

DiscRep_SUB:FEATURE_LOCATION_CONFLICT::RNA feature xref gene does not exist
P002_WC10/P002_WC10:tRNA	Gln	k141_85122:c6825-6754	P002_WC10_00079

DiscRep_SUB:FEATURE_LOCATION_CONFLICT::RNA feature xref gene does not exist
P002_WC10/P002_WC10:tRNA	Ser	k141_85122:c8022-7935	P002_WC10_00081

DiscRep_SUB:FEATURE_LOCATION_CONFLICT::RNA feature xref gene does not exist
P002_WC10/P002_WC10:tRNA	Arg	k141_85122:9639-9710	P002_WC10_00082

DiscRep_SUB:FEATURE_LOCATION_CONFLICT::Coding region xref gene does not exist
P002_WC10/P002_WC10:CDS	ATP synthase CF1 beta subunit	k141_148047:1006-2502	P002_WC10_00084

DiscRep_SUB:FEATURE_LOCATION_CONFLICT::Coding region xref gene does not exist
P002_WC10/P002_WC10:CDS	ATP synthase CF1 epsilon subunit	k141_148047:2499-2903	P002_WC10_00085

DiscRep_SUB:FEATURE_LOCATION_CONFLICT::Coding region xref gene does not exist
P002_WC10/P002_WC10:CDS	hypothetical protein	k141_148047:c4202-3990	P002_WC10_00087

DiscRep_SUB:FEATURE_LOCATION_CONFLICT::Coding region xref gene does not exist
P002_WC10/P002_WC10:CDS	NADH-plastoquinone oxidoreductase subunit 3	k141_148047:4834-5196	P002_WC10_00088

DiscRep_SUB:FEATURE_LOCATION_CONFLICT::Coding region xref gene does not exist
P002_WC10/P002_WC10:CDS	NADH-plastoquinone oxidoreductase subunit K	k141_148047:5166-5927	P002_WC10_00089

DiscRep_SUB:FEATURE_LOCATION_CONFLICT::Coding region xref gene does not exist
P002_WC10/P002_WC10:CDS	NADH-plastoquinone oxidoreductase subunit J	k141_148047:5942-6499	P002_WC10_00090

DiscRep_SUB:FEATURE_LOCATION_CONFLICT::Coding region xref gene does not exist
P002_WC10/P002_WC10:CDS	ribosomal protein S4	k141_148047:9732-10328	P002_WC10_00093

DiscRep_SUB:FEATURE_LOCATION_CONFLICT::Coding region xref gene does not exist
P002_WC10/P002_WC10:CDS	hypothetical protein	k141_148047:12009-12158	P002_WC10_00095

DiscRep_SUB:FEATURE_LOCATION_CONFLICT::Coding region xref gene does not exist
P002_WC10/P002_WC10:CDS	putative chloroplast RF34	k141_148047:12222-12470	P002_WC10_00096

DiscRep_SUB:FEATURE_LOCATION_CONFLICT::Coding region xref gene does not exist
P002_WC10/P002_WC10:CDS	hypothetical protein	k141_148047:c12597-12421	P002_WC10_00097

DiscRep_SUB:FEATURE_LOCATION_CONFLICT::Coding region xref gene does not exist
P002_WC10/P002_WC10:CDS	hypothetical protein	k141_148047:c12994-12716	P002_WC10_00098

DiscRep_SUB:FEATURE_LOCATION_CONFLICT::Coding region xref gene does not exist
P002_WC10/P002_WC10:CDS	photosystem I P700 apoprotein A1	k141_148047:13802-16099	P002_WC10_00099

DiscRep_SUB:FEATURE_LOCATION_CONFLICT::RNA feature xref gene does not exist
P002_WC10/P002_WC10:tRNA	Met	k141_148047:c3218-3146	P002_WC10_00086

DiscRep_SUB:FEATURE_LOCATION_CONFLICT::RNA feature xref gene does not exist
P002_WC10/P002_WC10:tRNA	Phe	k141_148047:c7304-7231	P002_WC10_00091

DiscRep_SUB:FEATURE_LOCATION_CONFLICT::RNA feature xref gene does not exist
P002_WC10/P002_WC10:tRNA	Thr	k141_148047:9181-9255	P002_WC10_00092

DiscRep_SUB:FEATURE_LOCATION_CONFLICT::RNA feature xref gene does not exist
P002_WC10/P002_WC10:tRNA	Ser	k141_148047:c10736-10650	P002_WC10_00094

DiscRep_SUB:FEATURE_LOCATION_CONFLICT::Coding region xref gene does not exist
P002_WC10/P002_WC10:CDS	ribosomal protein S15	k141_54284:180-443	P002_WC10_00100

DiscRep_SUB:FEATURE_LOCATION_CONFLICT::Coding region xref gene does not exist
P002_WC10/P002_WC10:CDS	NADH-plastoquinone oxidoreductase subunit 7	k141_54284:538-1719	P002_WC10_00101

DiscRep_SUB:FEATURE_LOCATION_CONFLICT::Coding region xref gene does not exist
P002_WC10/P002_WC10:CDS	NADH-plastoquinone oxidoreductase subunit 1	k141_54284:1721-2287	P002_WC10_00102

DiscRep_SUB:FEATURE_LOCATION_CONFLICT::Coding region xref gene does not exist
P002_WC10/P002_WC10:CDS	NADH-plastoquinone oxidoreductase subunit 1	k141_54284:3378-3848	P002_WC10_00103

DiscRep_SUB:FEATURE_LOCATION_CONFLICT::Coding region xref gene does not exist
P002_WC10/P002_WC10:CDS	NADH-plastoquinone oxidoreductase subunit I	k141_54284:3964-4476	P002_WC10_00104

DiscRep_SUB:FEATURE_LOCATION_CONFLICT::Coding region xref gene does not exist
P002_WC10/P002_WC10:CDS	NADH-plastoquinone oxidoreductase subunit 6	k141_54284:4800-5330	P002_WC10_00105

DiscRep_SUB:FEATURE_LOCATION_CONFLICT::Coding region xref gene does not exist
P002_WC10/P002_WC10:CDS	NADH-plastoquinone oxidoreductase subunit 4L	k141_54284:5547-5852	P002_WC10_00106

DiscRep_SUB:FEATURE_LOCATION_CONFLICT::Coding region xref gene does not exist
P002_WC10/P002_WC10:CDS	NADH-plastoquinone oxidoreductase subunit 4	k141_54284:6465-7985	P002_WC10_00107

DiscRep_SUB:FEATURE_LOCATION_CONFLICT::Coding region xref gene does not exist
P002_WC10/P002_WC10:CDS	cytochrome c heme attachment protein	k141_54284:c9109-8144	P002_WC10_00108

DiscRep_SUB:FEATURE_LOCATION_CONFLICT::Coding region xref gene does not exist
P002_WC10/P002_WC10:CDS	hypothetical protein	k141_54284:10026-10361	P002_WC10_00110

DiscRep_SUB:FEATURE_LOCATION_CONFLICT::Coding region xref gene does not exist
P002_WC10/P002_WC10:CDS	NADH-plastoquinone oxidoreductase subunit 5	k141_54284:11127-13370	P002_WC10_00111

DiscRep_SUB:FEATURE_LOCATION_CONFLICT::RNA feature xref gene does not exist
P002_WC10/P002_WC10:tRNA	Leu	k141_54284:c9312-9232	P002_WC10_00109

DiscRep_SUB:FEATURE_LOCATION_CONFLICT::Coding region xref gene does not exist
P002_WC10/P002_WC10:CDS	photosystem I P700 apoprotein A2	k141_62599:18-1688	P002_WC10_00112

DiscRep_SUB:FEATURE_LOCATION_CONFLICT::RNA feature xref gene does not exist
P002_WC10/P002_WC10:tRNA	Met	k141_62599:2266-2341	P002_WC10_00113

DiscRep_SUB:FEATURE_LOCATION_CONFLICT::RNA feature xref gene does not exist
P002_WC10/P002_WC10:tRNA	Gly	k141_62599:c2531-2460	P002_WC10_00114

DiscRep_SUB:FEATURE_LOCATION_CONFLICT::RNA feature xref gene does not exist
P002_WC10/P002_WC10:tRNA	Ser	k141_62599:3385-3472	P002_WC10_00115

DiscRep_ALL:SUSPECT_PRODUCT_NAMES::2 product_names contain suspect phrase or characters
DiscRep_SUB:SUSPECT_PRODUCT_NAMES::May contain database identifier more appropriate in note; remove from product name
DiscRep_SUB:SUSPECT_PRODUCT_NAMES::2 features contains three or more numbers together that may be identifiers more appropriate in note
P002_WC10/P002_WC10:CDS	photosystem I P700 apoprotein A1	k141_148047:13802-16099	P002_WC10_00099
P002_WC10/P002_WC10:CDS	photosystem I P700 apoprotein A2	k141_62599:18-1688	P002_WC10_00112

DiscRep_ALL:DISC_QUALITY_SCORES::Quality scores are missing on all sequences.

DiscRep_ALL:ONCALLER_COMMENT_PRESENT::9 comment descriptors were found (all same)
P002_WC10/P002_WC10:k141_141228:Annotated using prokka 1.14.5 from https://github.com/tseemann/prokka
P002_WC10/P002_WC10:k141_40299:Annotated using prokka 1.14.5 from https://github.com/tseemann/prokka
P002_WC10/P002_WC10:k141_71829:Annotated using prokka 1.14.5 from https://github.com/tseemann/prokka
P002_WC10/P002_WC10:k141_119228:Annotated using prokka 1.14.5 from https://github.com/tseemann/prokka
P002_WC10/P002_WC10:k141_129985:Annotated using prokka 1.14.5 from https://github.com/tseemann/prokka
P002_WC10/P002_WC10:k141_85122:Annotated using prokka 1.14.5 from https://github.com/tseemann/prokka
P002_WC10/P002_WC10:k141_148047:Annotated using prokka 1.14.5 from https://github.com/tseemann/prokka
P002_WC10/P002_WC10:k141_54284:Annotated using prokka 1.14.5 from https://github.com/tseemann/prokka
P002_WC10/P002_WC10:k141_62599:Annotated using prokka 1.14.5 from https://github.com/tseemann/prokka

DiscRep_ALL:SHORT_PROT_SEQUENCES::8 protein sequences are shorter than 50 aa.
P002_WC10/P002_WC10:k141_71829_1 (length 49)
P002_WC10/P002_WC10:k141_71829_18 (length 39)
P002_WC10/P002_WC10:k141_71829_22 (length 39)
P002_WC10/P002_WC10:k141_71829_25 (length 34)
P002_WC10/P002_WC10:k141_71829_28 (length 31)
P002_WC10/P002_WC10:k141_119228_11 (length 34)
P002_WC10/P002_WC10:k141_85122_5 (length 32)
P002_WC10/P002_WC10:k141_148047_8 (length 49)

DiscRep_ALL:MISSING_GENOMEASSEMBLY_COMMENTS::9 bioseqs are missing GenomeAssembly structured comments
P002_WC10/P002_WC10:k141_141228 (length 22024)
P002_WC10/P002_WC10:k141_40299 (length 2501)
P002_WC10/P002_WC10:k141_71829 (length 27898)
P002_WC10/P002_WC10:k141_119228 (length 30947)
P002_WC10/P002_WC10:k141_129985 (length 1892)
P002_WC10/P002_WC10:k141_85122 (length 10096)
P002_WC10/P002_WC10:k141_148047 (length 16533)
P002_WC10/P002_WC10:k141_54284 (length 13450)
P002_WC10/P002_WC10:k141_62599 (length 3714)

DiscRep_ALL:MOLTYPE_NOT_MRNA::9 molecule types are not set as mRNA.
P002_WC10/P002_WC10:k141_141228 (length 22024)
P002_WC10/P002_WC10:k141_40299 (length 2501)
P002_WC10/P002_WC10:k141_71829 (length 27898)
P002_WC10/P002_WC10:k141_119228 (length 30947)
P002_WC10/P002_WC10:k141_129985 (length 1892)
P002_WC10/P002_WC10:k141_85122 (length 10096)
P002_WC10/P002_WC10:k141_148047 (length 16533)
P002_WC10/P002_WC10:k141_54284 (length 13450)
P002_WC10/P002_WC10:k141_62599 (length 3714)

DiscRep_ALL:TECHNIQUE_NOT_TSA::9 technique are not set as TSA
P002_WC10/P002_WC10:k141_141228 (length 22024)
P002_WC10/P002_WC10:k141_40299 (length 2501)
P002_WC10/P002_WC10:k141_71829 (length 27898)
P002_WC10/P002_WC10:k141_119228 (length 30947)
P002_WC10/P002_WC10:k141_129985 (length 1892)
P002_WC10/P002_WC10:k141_85122 (length 10096)
P002_WC10/P002_WC10:k141_148047 (length 16533)
P002_WC10/P002_WC10:k141_54284 (length 13450)
P002_WC10/P002_WC10:k141_62599 (length 3714)

DiscRep_ALL:MISSING_STRUCTURED_COMMENT::9 sequences do not include structured comments.
P002_WC10/P002_WC10:k141_141228 (length 22024)
P002_WC10/P002_WC10:k141_40299 (length 2501)
P002_WC10/P002_WC10:k141_71829 (length 27898)
P002_WC10/P002_WC10:k141_119228 (length 30947)
P002_WC10/P002_WC10:k141_129985 (length 1892)
P002_WC10/P002_WC10:k141_85122 (length 10096)
P002_WC10/P002_WC10:k141_148047 (length 16533)
P002_WC10/P002_WC10:k141_54284 (length 13450)
P002_WC10/P002_WC10:k141_62599 (length 3714)

DiscRep_ALL:MISSING_PROJECT::98 sequences do not include project.
P002_WC10/P002_WC10:k141_141228 (length 22024)
P002_WC10/P002_WC10:k141_141228_1 (length 53)
P002_WC10/P002_WC10:k141_141228_2 (length 1076)
P002_WC10/P002_WC10:k141_141228_3 (length 145)
P002_WC10/P002_WC10:k141_141228_4 (length 475)
P002_WC10/P002_WC10:k141_141228_5 (length 1359)
P002_WC10/P002_WC10:k141_141228_6 (length 236)
P002_WC10/P002_WC10:k141_141228_7 (length 247)
P002_WC10/P002_WC10:k141_141228_8 (length 81)
P002_WC10/P002_WC10:k141_141228_9 (length 63)
P002_WC10/P002_WC10:k141_141228_10 (length 56)
P002_WC10/P002_WC10:k141_40299 (length 2501)
P002_WC10/P002_WC10:k141_40299_1 (length 473)
P002_WC10/P002_WC10:k141_40299_2 (length 285)
P002_WC10/P002_WC10:k141_71829 (length 27898)
P002_WC10/P002_WC10:k141_71829_1 (length 49)
P002_WC10/P002_WC10:k141_71829_2 (length 149)
P002_WC10/P002_WC10:k141_71829_3 (length 218)
P002_WC10/P002_WC10:k141_71829_4 (length 119)
P002_WC10/P002_WC10:k141_71829_5 (length 122)
P002_WC10/P002_WC10:k141_71829_6 (length 134)
P002_WC10/P002_WC10:k141_71829_7 (length 77)
P002_WC10/P002_WC10:k141_71829_8 (length 51)
P002_WC10/P002_WC10:k141_71829_9 (length 138)
P002_WC10/P002_WC10:k141_71829_10 (length 334)
P002_WC10/P002_WC10:k141_71829_11 (length 152)
P002_WC10/P002_WC10:k141_71829_12 (length 162)
P002_WC10/P002_WC10:k141_71829_13 (length 119)
P002_WC10/P002_WC10:k141_71829_14 (length 508)
P002_WC10/P002_WC10:k141_71829_15 (length 80)
P002_WC10/P002_WC10:k141_71829_16 (length 86)
P002_WC10/P002_WC10:k141_71829_17 (length 64)
P002_WC10/P002_WC10:k141_71829_18 (length 39)
P002_WC10/P002_WC10:k141_71829_19 (length 91)
P002_WC10/P002_WC10:k141_71829_20 (length 88)
P002_WC10/P002_WC10:k141_71829_21 (length 75)
P002_WC10/P002_WC10:k141_71829_22 (length 39)
P002_WC10/P002_WC10:k141_71829_23 (length 130)
P002_WC10/P002_WC10:k141_71829_24 (length 104)
P002_WC10/P002_WC10:k141_71829_25 (length 34)
P002_WC10/P002_WC10:k141_71829_26 (length 85)
P002_WC10/P002_WC10:k141_71829_27 (length 64)
P002_WC10/P002_WC10:k141_71829_28 (length 31)
P002_WC10/P002_WC10:k141_71829_29 (length 93)
P002_WC10/P002_WC10:k141_71829_30 (length 320)
P002_WC10/P002_WC10:k141_71829_31 (length 268)
P002_WC10/P002_WC10:k141_71829_32 (length 83)
P002_WC10/P002_WC10:k141_71829_33 (length 184)
P002_WC10/P002_WC10:k141_71829_34 (length 511)
P002_WC10/P002_WC10:k141_71829_35 (length 360)
P002_WC10/P002_WC10:k141_119228 (length 30947)
P002_WC10/P002_WC10:k141_119228_1 (length 165)
P002_WC10/P002_WC10:k141_119228_2 (length 133)
P002_WC10/P002_WC10:k141_119228_3 (length 102)
P002_WC10/P002_WC10:k141_119228_4 (length 2087)
P002_WC10/P002_WC10:k141_119228_5 (length 81)
P002_WC10/P002_WC10:k141_119228_6 (length 260)
P002_WC10/P002_WC10:k141_119228_7 (length 303)
P002_WC10/P002_WC10:k141_119228_8 (length 155)
P002_WC10/P002_WC10:k141_119228_9 (length 98)
P002_WC10/P002_WC10:k141_119228_10 (length 72)
P002_WC10/P002_WC10:k141_119228_11 (length 34)
P002_WC10/P002_WC10:k141_119228_12 (length 1875)
P002_WC10/P002_WC10:k141_129985 (length 1892)
P002_WC10/P002_WC10:k141_129985_1 (length 77)
P002_WC10/P002_WC10:k141_85122 (length 10096)
P002_WC10/P002_WC10:k141_85122_1 (length 353)
P002_WC10/P002_WC10:k141_85122_2 (length 510)
P002_WC10/P002_WC10:k141_85122_3 (length 65)
P002_WC10/P002_WC10:k141_85122_4 (length 64)
P002_WC10/P002_WC10:k141_85122_5 (length 32)
P002_WC10/P002_WC10:k141_148047 (length 16533)
P002_WC10/P002_WC10:k141_148047_1 (length 498)
P002_WC10/P002_WC10:k141_148047_2 (length 134)
P002_WC10/P002_WC10:k141_148047_3 (length 70)
P002_WC10/P002_WC10:k141_148047_4 (length 120)
P002_WC10/P002_WC10:k141_148047_5 (length 253)
P002_WC10/P002_WC10:k141_148047_6 (length 185)
P002_WC10/P002_WC10:k141_148047_7 (length 198)
P002_WC10/P002_WC10:k141_148047_8 (length 49)
P002_WC10/P002_WC10:k141_148047_9 (length 82)
P002_WC10/P002_WC10:k141_148047_10 (length 58)
P002_WC10/P002_WC10:k141_148047_11 (length 92)
P002_WC10/P002_WC10:k141_148047_12 (length 765)
P002_WC10/P002_WC10:k141_54284 (length 13450)
P002_WC10/P002_WC10:k141_54284_1 (length 87)
P002_WC10/P002_WC10:k141_54284_2 (length 393)
P002_WC10/P002_WC10:k141_54284_3 (length 188)
P002_WC10/P002_WC10:k141_54284_4 (length 156)
P002_WC10/P002_WC10:k141_54284_5 (length 170)
P002_WC10/P002_WC10:k141_54284_6 (length 176)
P002_WC10/P002_WC10:k141_54284_7 (length 101)
P002_WC10/P002_WC10:k141_54284_8 (length 506)
P002_WC10/P002_WC10:k141_54284_9 (length 321)
P002_WC10/P002_WC10:k141_54284_10 (length 111)
P002_WC10/P002_WC10:k141_54284_11 (length 747)
P002_WC10/P002_WC10:k141_62599 (length 3714)
P002_WC10/P002_WC10:k141_62599_1 (length 556)

DiscRep_ALL:DISC_INCONSISTENT_MOLINFO_TECH::Molinfo Technique Report (some missing, all same)
DiscRep_SUB:DISC_INCONSISTENT_MOLINFO_TECH::technique (all missing)
DiscRep_SUB:DISC_INCONSISTENT_MOLINFO_TECH::9 Molinfos are missing field technique
P002_WC10/P002_WC10:k141_40299 (length 2501)
P002_WC10/P002_WC10:k141_54284 (length 13450)
P002_WC10/P002_WC10:k141_62599 (length 3714)
P002_WC10/P002_WC10:k141_71829 (length 27898)
P002_WC10/P002_WC10:k141_85122 (length 10096)
P002_WC10/P002_WC10:k141_119228 (length 30947)
P002_WC10/P002_WC10:k141_129985 (length 1892)
P002_WC10/P002_WC10:k141_141228 (length 22024)
P002_WC10/P002_WC10:k141_148047 (length 16533)

