Discrepancy Report Results

Summary
FATAL: MISSING_PROTEIN_ID:102 proteins have invalid IDs.
DISC_SOURCE_QUALS_ASNDISC:strain (all present, all same)
DISC_SOURCE_QUALS_ASNDISC:taxname (all present, all same)
DISC_FEATURE_COUNT:CDS: 102 present
DISC_FEATURE_COUNT:tRNA: 25 present
DISC_FEATURE_COUNT:rRNA: 4 present
DISC_COUNT_NUCLEOTIDES:6 nucleotide Bioseqs are present
FEATURE_LOCATION_CONFLICT:131 features have inconsistent gene locations.
SUSPECT_PRODUCT_NAMES:2 product_names contain suspect phrase or characters
	May contain database identifier more appropriate in note; remove from product name
		2 features contains three or more numbers together that may be identifiers more appropriate in note
FIND_BADLEN_TRNAS:1 tRNAs are too long
DISC_QUALITY_SCORES:Quality scores are missing on all sequences.
FATAL: DISC_SUSPECT_RRNA_PRODUCTS:2 rRNA product names contain suspect phrase
FATAL: DISC_SHORT_RRNA:1 rRNA features are too short
ONCALLER_COMMENT_PRESENT:6 comment descriptors were found (all same)
SHORT_PROT_SEQUENCES:15 protein sequences are shorter than 50 aa.
MISSING_GENOMEASSEMBLY_COMMENTS:6 bioseqs are missing GenomeAssembly structured comments
MOLTYPE_NOT_MRNA:6 molecule types are not set as mRNA.
TECHNIQUE_NOT_TSA:6 technique are not set as TSA
MISSING_STRUCTURED_COMMENT:6 sequences do not include structured comments.
MISSING_PROJECT:108 sequences do not include project.
FATAL: RRNA_NAME_CONFLICTS:2 rRNA product names are not standard. Correct the names to the standard format, eg "16S ribosomal RNA"
DISC_INCONSISTENT_MOLINFO_TECH:Molinfo Technique Report (some missing, all same)


Detailed Report

FATAL: DiscRep_ALL:MISSING_PROTEIN_ID::102 proteins have invalid IDs.
P003_WE04/P003_WE04:k141_112061_1 (length 379)
P003_WE04/P003_WE04:k141_112061_2 (length 187)
P003_WE04/P003_WE04:k141_112061_3 (length 141)
P003_WE04/P003_WE04:k141_112061_4 (length 182)
P003_WE04/P003_WE04:k141_112061_5 (length 176)
P003_WE04/P003_WE04:k141_112061_6 (length 100)
P003_WE04/P003_WE04:k141_112061_7 (length 81)
P003_WE04/P003_WE04:k141_112061_8 (length 500)
P003_WE04/P003_WE04:k141_112061_9 (length 319)
P003_WE04/P003_WE04:k141_112061_10 (length 739)
P003_WE04/P003_WE04:k141_112061_11 (length 44)
P003_WE04/P003_WE04:k141_20086_1 (length 90)
P003_WE04/P003_WE04:k141_20086_2 (length 37)
P003_WE04/P003_WE04:k141_20086_3 (length 78)
P003_WE04/P003_WE04:k141_20086_4 (length 64)
P003_WE04/P003_WE04:k141_20086_5 (length 74)
P003_WE04/P003_WE04:k141_20086_6 (length 112)
P003_WE04/P003_WE04:k141_20086_7 (length 52)
P003_WE04/P003_WE04:k141_20086_8 (length 156)
P003_WE04/P003_WE04:k141_20086_9 (length 282)
P003_WE04/P003_WE04:k141_20086_10 (length 39)
P003_WE04/P003_WE04:k141_20086_11 (length 204)
P003_WE04/P003_WE04:k141_20086_12 (length 137)
P003_WE04/P003_WE04:k141_20086_13 (length 92)
P003_WE04/P003_WE04:k141_20086_14 (length 203)
P003_WE04/P003_WE04:k141_20086_15 (length 137)
P003_WE04/P003_WE04:k141_20086_16 (length 52)
P003_WE04/P003_WE04:k141_20086_17 (length 525)
P003_WE04/P003_WE04:k141_115075_1 (length 353)
P003_WE04/P003_WE04:k141_115075_2 (length 511)
P003_WE04/P003_WE04:k141_115075_3 (length 79)
P003_WE04/P003_WE04:k141_115075_4 (length 56)
P003_WE04/P003_WE04:k141_115075_5 (length 65)
P003_WE04/P003_WE04:k141_115075_6 (length 36)
P003_WE04/P003_WE04:k141_115075_7 (length 58)
P003_WE04/P003_WE04:k141_115075_8 (length 78)
P003_WE04/P003_WE04:k141_115075_9 (length 353)
P003_WE04/P003_WE04:k141_115075_10 (length 473)
P003_WE04/P003_WE04:k141_115075_11 (length 62)
P003_WE04/P003_WE04:k141_115075_12 (length 117)
P003_WE04/P003_WE04:k141_115075_13 (length 57)
P003_WE04/P003_WE04:k141_115075_14 (length 73)
P003_WE04/P003_WE04:k141_115075_15 (length 34)
P003_WE04/P003_WE04:k141_115075_16 (length 1076)
P003_WE04/P003_WE04:k141_115075_17 (length 682)
P003_WE04/P003_WE04:k141_115075_18 (length 1466)
P003_WE04/P003_WE04:k141_115075_19 (length 236)
P003_WE04/P003_WE04:k141_115075_20 (length 286)
P003_WE04/P003_WE04:k141_115075_21 (length 65)
P003_WE04/P003_WE04:k141_115075_22 (length 81)
P003_WE04/P003_WE04:k141_115075_23 (length 57)
P003_WE04/P003_WE04:k141_115075_24 (length 126)
P003_WE04/P003_WE04:k141_115075_25 (length 530)
P003_WE04/P003_WE04:k141_115075_26 (length 103)
P003_WE04/P003_WE04:k141_115075_27 (length 734)
P003_WE04/P003_WE04:k141_115075_28 (length 765)
P003_WE04/P003_WE04:k141_115075_29 (length 47)
P003_WE04/P003_WE04:k141_115075_30 (length 82)
P003_WE04/P003_WE04:k141_115075_31 (length 201)
P003_WE04/P003_WE04:k141_115075_32 (length 54)
P003_WE04/P003_WE04:k141_115075_33 (length 188)
P003_WE04/P003_WE04:k141_115075_34 (length 252)
P003_WE04/P003_WE04:k141_115075_35 (length 120)
P003_WE04/P003_WE04:k141_115075_36 (length 137)
P003_WE04/P003_WE04:k141_115075_37 (length 498)
P003_WE04/P003_WE04:k141_115075_38 (length 479)
P003_WE04/P003_WE04:k141_115075_39 (length 77)
P003_WE04/P003_WE04:k141_108736_1 (length 43)
P003_WE04/P003_WE04:k141_116096_1 (length 149)
P003_WE04/P003_WE04:k141_116096_2 (length 239)
P003_WE04/P003_WE04:k141_116096_3 (length 53)
P003_WE04/P003_WE04:k141_116096_4 (length 120)
P003_WE04/P003_WE04:k141_116096_5 (length 123)
P003_WE04/P003_WE04:k141_116096_6 (length 136)
P003_WE04/P003_WE04:k141_116096_7 (length 107)
P003_WE04/P003_WE04:k141_116096_8 (length 143)
P003_WE04/P003_WE04:k141_116096_9 (length 339)
P003_WE04/P003_WE04:k141_116096_10 (length 174)
P003_WE04/P003_WE04:k141_116096_11 (length 240)
P003_WE04/P003_WE04:k141_116096_12 (length 38)
P003_WE04/P003_WE04:k141_116096_13 (length 72)
P003_WE04/P003_WE04:k141_116096_14 (length 38)
P003_WE04/P003_WE04:k141_116096_15 (length 508)
P003_WE04/P003_WE04:k141_116096_16 (length 216)
P003_WE04/P003_WE04:k141_116096_17 (length 49)
P003_WE04/P003_WE04:k141_116096_18 (length 119)
P003_WE04/P003_WE04:k141_116096_19 (length 169)
P003_WE04/P003_WE04:k141_116096_20 (length 42)
P003_WE04/P003_WE04:k141_116096_21 (length 40)
P003_WE04/P003_WE04:k141_116096_22 (length 83)
P003_WE04/P003_WE04:k141_116096_23 (length 50)
P003_WE04/P003_WE04:k141_116096_24 (length 38)
P003_WE04/P003_WE04:k141_116096_25 (length 40)
P003_WE04/P003_WE04:k141_116096_26 (length 78)
P003_WE04/P003_WE04:k141_116096_27 (length 322)
P003_WE04/P003_WE04:k141_116096_28 (length 230)
P003_WE04/P003_WE04:k141_116096_29 (length 185)
P003_WE04/P003_WE04:k141_116096_30 (length 36)
P003_WE04/P003_WE04:k141_116096_31 (length 71)
P003_WE04/P003_WE04:k141_56972_1 (length 79)
P003_WE04/P003_WE04:k141_56972_2 (length 165)
P003_WE04/P003_WE04:k141_56972_3 (length 104)

DiscRep_ALL:DISC_SOURCE_QUALS_ASNDISC::strain (all present, all same)
DiscRep_SUB:DISC_SOURCE_QUALS_ASNDISC::6 sources have 'strain' for strain
DiscRep_ALL:DISC_SOURCE_QUALS_ASNDISC::taxname (all present, all same)
DiscRep_SUB:DISC_SOURCE_QUALS_ASNDISC::6 sources have 'Genus species' for taxname
DiscRep_ALL:DISC_FEATURE_COUNT::CDS: 102 present
DiscRep_ALL:DISC_FEATURE_COUNT::tRNA: 25 present
DiscRep_ALL:DISC_FEATURE_COUNT::rRNA: 4 present
DiscRep_ALL:DISC_COUNT_NUCLEOTIDES::6 nucleotide Bioseqs are present
P003_WE04/P003_WE04:k141_112061 (length 13026)
P003_WE04/P003_WE04:k141_20086 (length 26455)
P003_WE04/P003_WE04:k141_115075 (length 56425)
P003_WE04/P003_WE04:k141_108736 (length 3194)
P003_WE04/P003_WE04:k141_116096 (length 24532)
P003_WE04/P003_WE04:k141_56972 (length 2234)

DiscRep_ALL:FEATURE_LOCATION_CONFLICT::131 features have inconsistent gene locations.
DiscRep_SUB:FEATURE_LOCATION_CONFLICT::Coding region xref gene does not exist
P003_WE04/P003_WE04:CDS	NADH-plastoquinone oxidoreductase subunit 7	k141_112061:10-1149	P003_WE04_00001

DiscRep_SUB:FEATURE_LOCATION_CONFLICT::Coding region xref gene does not exist
P003_WE04/P003_WE04:CDS	NADH-plastoquinone oxidoreductase subunit 1	k141_112061:1151-1714	P003_WE04_00002

DiscRep_SUB:FEATURE_LOCATION_CONFLICT::Coding region xref gene does not exist
P003_WE04/P003_WE04:CDS	NADH-plastoquinone oxidoreductase subunit 1	k141_112061:2849-3274	P003_WE04_00003

DiscRep_SUB:FEATURE_LOCATION_CONFLICT::Coding region xref gene does not exist
P003_WE04/P003_WE04:CDS	NADH-plastoquinone oxidoreductase subunit I	k141_112061:3366-3914	P003_WE04_00004

DiscRep_SUB:FEATURE_LOCATION_CONFLICT::Coding region xref gene does not exist
P003_WE04/P003_WE04:CDS	NADH-plastoquinone oxidoreductase subunit 6	k141_112061:4166-4696	P003_WE04_00005

DiscRep_SUB:FEATURE_LOCATION_CONFLICT::Coding region xref gene does not exist
P003_WE04/P003_WE04:CDS	NADH-plastoquinone oxidoreductase subunit 4L	k141_112061:4912-5214	P003_WE04_00006

DiscRep_SUB:FEATURE_LOCATION_CONFLICT::Coding region xref gene does not exist
P003_WE04/P003_WE04:CDS	photosystem I subunit VII	k141_112061:5675-5920	P003_WE04_00007

DiscRep_SUB:FEATURE_LOCATION_CONFLICT::Coding region xref gene does not exist
P003_WE04/P003_WE04:CDS	NADH-plastoquinone oxidoreductase subunit 4	k141_112061:6044-7546	P003_WE04_00008

DiscRep_SUB:FEATURE_LOCATION_CONFLICT::Coding region xref gene does not exist
P003_WE04/P003_WE04:CDS	cytochrome c heme attachment protein	k141_112061:c8665-7706	P003_WE04_00009

DiscRep_SUB:FEATURE_LOCATION_CONFLICT::Coding region xref gene does not exist
P003_WE04/P003_WE04:CDS	NADH-plastoquinone oxidoreductase subunit 5	k141_112061:10565-12784	P003_WE04_00011

DiscRep_SUB:FEATURE_LOCATION_CONFLICT::Coding region xref gene does not exist
P003_WE04/P003_WE04:CDS	NADH-plastoquinone oxidoreductase subunit 7	k141_112061:c13017-12883	P003_WE04_00012

DiscRep_SUB:FEATURE_LOCATION_CONFLICT::RNA feature xref gene does not exist
P003_WE04/P003_WE04:tRNA	Leu	k141_112061:c8822-8743	P003_WE04_00010

DiscRep_SUB:FEATURE_LOCATION_CONFLICT::Coding region xref gene does not exist
P003_WE04/P003_WE04:CDS	ribosomal protein S15	k141_20086:c584-312	P003_WE04_00013

DiscRep_SUB:FEATURE_LOCATION_CONFLICT::Coding region xref gene does not exist
P003_WE04/P003_WE04:CDS	hypothetical protein	k141_20086:1131-1244	P003_WE04_00014

DiscRep_SUB:FEATURE_LOCATION_CONFLICT::Coding region xref gene does not exist
P003_WE04/P003_WE04:CDS	hypothetical protein	k141_20086:7070-7306	P003_WE04_00018

DiscRep_SUB:FEATURE_LOCATION_CONFLICT::Coding region xref gene does not exist
P003_WE04/P003_WE04:CDS	hypothetical protein	k141_20086:c7784-7590	P003_WE04_00019

DiscRep_SUB:FEATURE_LOCATION_CONFLICT::Coding region xref gene does not exist
P003_WE04/P003_WE04:CDS	hypothetical protein	k141_20086:7934-8158	P003_WE04_00020

DiscRep_SUB:FEATURE_LOCATION_CONFLICT::Coding region xref gene does not exist
P003_WE04/P003_WE04:CDS	hypothetical protein	k141_20086:10705-11043	P003_WE04_00023

DiscRep_SUB:FEATURE_LOCATION_CONFLICT::Coding region xref gene does not exist
P003_WE04/P003_WE04:CDS	hypothetical protein	k141_20086:12378-12536	P003_WE04_00024

DiscRep_SUB:FEATURE_LOCATION_CONFLICT::Coding region xref gene does not exist
P003_WE04/P003_WE04:CDS	ribosomal protein S7	k141_20086:12875-13345	P003_WE04_00025

DiscRep_SUB:FEATURE_LOCATION_CONFLICT::Coding region xref gene does not exist
P003_WE04/P003_WE04:CDS	NADH-plastoquinone oxidoreductase subunit 2	k141_20086:13645-14493	P003_WE04_00026

DiscRep_SUB:FEATURE_LOCATION_CONFLICT::Coding region xref gene does not exist
P003_WE04/P003_WE04:CDS	hypothetical protein	k141_20086:14978-15097	P003_WE04_00027

DiscRep_SUB:FEATURE_LOCATION_CONFLICT::Coding region xref gene does not exist
P003_WE04/P003_WE04:CDS	NADH-plastoquinone oxidoreductase subunit 2	k141_20086:15275-15889	P003_WE04_00028

DiscRep_SUB:FEATURE_LOCATION_CONFLICT::Coding region xref gene does not exist
P003_WE04/P003_WE04:CDS	hypothetical protein	k141_20086:c17274-16861	P003_WE04_00030

DiscRep_SUB:FEATURE_LOCATION_CONFLICT::Coding region xref gene does not exist
P003_WE04/P003_WE04:CDS	hypothetical protein	k141_20086:c18058-17780	P003_WE04_00031

DiscRep_SUB:FEATURE_LOCATION_CONFLICT::Coding region xref gene does not exist
P003_WE04/P003_WE04:CDS	hypothetical protein	k141_20086:c18718-18107	P003_WE04_00032

DiscRep_SUB:FEATURE_LOCATION_CONFLICT::Coding region xref gene does not exist
P003_WE04/P003_WE04:CDS	hypothetical protein	k141_20086:c20859-20446	P003_WE04_00034

DiscRep_SUB:FEATURE_LOCATION_CONFLICT::Coding region xref gene does not exist
P003_WE04/P003_WE04:CDS	hypothetical protein	k141_20086:23788-23946	P003_WE04_00035

DiscRep_SUB:FEATURE_LOCATION_CONFLICT::Coding region xref gene does not exist
P003_WE04/P003_WE04:CDS	Cytochrome c oxidase subunit 1	k141_20086:c25881-24304	P003_WE04_00036

DiscRep_SUB:FEATURE_LOCATION_CONFLICT::RNA feature xref gene does not exist
P003_WE04/P003_WE04:tRNA	Asn	k141_20086:2133-2206	P003_WE04_00015

DiscRep_SUB:FEATURE_LOCATION_CONFLICT::RNA feature xref gene does not exist
P003_WE04/P003_WE04:tRNA	Arg	k141_20086:c2538-2464	P003_WE04_00016

DiscRep_SUB:FEATURE_LOCATION_CONFLICT::RNA feature xref gene does not exist
P003_WE04/P003_WE04:rRNA	23S ribosomal RNA	k141_20086:c6191-3116	P003_WE04_00017

DiscRep_SUB:FEATURE_LOCATION_CONFLICT::RNA feature xref gene does not exist
P003_WE04/P003_WE04:rRNA	16S ribosomal RNA	k141_20086:c9959-8473	P003_WE04_00021

DiscRep_SUB:FEATURE_LOCATION_CONFLICT::RNA feature xref gene does not exist
P003_WE04/P003_WE04:tRNA	Val	k141_20086:c10265-10194	P003_WE04_00022

DiscRep_SUB:FEATURE_LOCATION_CONFLICT::RNA feature xref gene does not exist
P003_WE04/P003_WE04:tRNA	Leu	k141_20086:16461-16543	P003_WE04_00029

DiscRep_SUB:FEATURE_LOCATION_CONFLICT::RNA feature xref gene does not exist
P003_WE04/P003_WE04:tRNA	Met	k141_20086:19023-19097	P003_WE04_00033

DiscRep_SUB:FEATURE_LOCATION_CONFLICT::Coding region xref gene does not exist
P003_WE04/P003_WE04:CDS	photosystem II protein D1	k141_115075:c1294-233	P003_WE04_00037

DiscRep_SUB:FEATURE_LOCATION_CONFLICT::Coding region xref gene does not exist
P003_WE04/P003_WE04:CDS	maturase K	k141_115075:c3376-1841	P003_WE04_00038

DiscRep_SUB:FEATURE_LOCATION_CONFLICT::Coding region xref gene does not exist
P003_WE04/P003_WE04:CDS	hypothetical protein	k141_115075:4965-5204	P003_WE04_00039

DiscRep_SUB:FEATURE_LOCATION_CONFLICT::Coding region xref gene does not exist
P003_WE04/P003_WE04:CDS	hypothetical protein	k141_115075:c6357-6187	P003_WE04_00040

DiscRep_SUB:FEATURE_LOCATION_CONFLICT::Coding region xref gene does not exist
P003_WE04/P003_WE04:CDS	photosystem II protein K	k141_115075:6921-7118	P003_WE04_00042

DiscRep_SUB:FEATURE_LOCATION_CONFLICT::Coding region xref gene does not exist
P003_WE04/P003_WE04:CDS	Photosystem II reaction center protein I	k141_115075:7518-7628	P003_WE04_00043

DiscRep_SUB:FEATURE_LOCATION_CONFLICT::Coding region xref gene does not exist
P003_WE04/P003_WE04:CDS	hypothetical protein	k141_115075:7993-8169	P003_WE04_00045

DiscRep_SUB:FEATURE_LOCATION_CONFLICT::Coding region xref gene does not exist
P003_WE04/P003_WE04:CDS	hypothetical protein	k141_115075:c8317-8081	P003_WE04_00046

DiscRep_SUB:FEATURE_LOCATION_CONFLICT::Coding region xref gene does not exist
P003_WE04/P003_WE04:CDS	photosystem II protein D2	k141_115075:8804-9865	P003_WE04_00047

DiscRep_SUB:FEATURE_LOCATION_CONFLICT::Coding region xref gene does not exist
P003_WE04/P003_WE04:CDS	photosystem II CP43 chlorophyll apoprotein	k141_115075:9813-11234	P003_WE04_00048

DiscRep_SUB:FEATURE_LOCATION_CONFLICT::Coding region xref gene does not exist
P003_WE04/P003_WE04:CDS	photosystem II protein Z	k141_115075:11844-12032	P003_WE04_00050

DiscRep_SUB:FEATURE_LOCATION_CONFLICT::Coding region xref gene does not exist
P003_WE04/P003_WE04:CDS	hypothetical protein	k141_115075:13308-13661	P003_WE04_00053

DiscRep_SUB:FEATURE_LOCATION_CONFLICT::Coding region xref gene does not exist
P003_WE04/P003_WE04:CDS	hypothetical protein	k141_115075:c14432-14259	P003_WE04_00054

DiscRep_SUB:FEATURE_LOCATION_CONFLICT::Coding region xref gene does not exist
P003_WE04/P003_WE04:CDS	hypothetical protein	k141_115075:c14804-14583	P003_WE04_00055

DiscRep_SUB:FEATURE_LOCATION_CONFLICT::Coding region xref gene does not exist
P003_WE04/P003_WE04:CDS	photosystem II protein M	k141_115075:16901-17005	P003_WE04_00060

DiscRep_SUB:FEATURE_LOCATION_CONFLICT::Coding region xref gene does not exist
P003_WE04/P003_WE04:CDS	RNA polymerase beta subunit	k141_115075:19540-22770	P003_WE04_00062

DiscRep_SUB:FEATURE_LOCATION_CONFLICT::Coding region xref gene does not exist
P003_WE04/P003_WE04:CDS	RNA polymerase beta' subunit	k141_115075:22813-24861	P003_WE04_00063

DiscRep_SUB:FEATURE_LOCATION_CONFLICT::Coding region xref gene does not exist
P003_WE04/P003_WE04:CDS	DNA-directed RNA polymerase subunit beta'	k141_115075:25065-29465	P003_WE04_00064

DiscRep_SUB:FEATURE_LOCATION_CONFLICT::Coding region xref gene does not exist
P003_WE04/P003_WE04:CDS	ribosomal protein S2	k141_115075:29772-30482	P003_WE04_00065

DiscRep_SUB:FEATURE_LOCATION_CONFLICT::Coding region xref gene does not exist
P003_WE04/P003_WE04:CDS	ATP synthase CF0 subunit IV	k141_115075:30615-31475	P003_WE04_00066

DiscRep_SUB:FEATURE_LOCATION_CONFLICT::Coding region xref gene does not exist
P003_WE04/P003_WE04:CDS	hypothetical protein	k141_115075:31571-31768	P003_WE04_00067

DiscRep_SUB:FEATURE_LOCATION_CONFLICT::Coding region xref gene does not exist
P003_WE04/P003_WE04:CDS	ATP synthase CF0 subunit III	k141_115075:32006-32251	P003_WE04_00068

DiscRep_SUB:FEATURE_LOCATION_CONFLICT::Coding region xref gene does not exist
P003_WE04/P003_WE04:CDS	hypothetical protein	k141_115075:c33199-33026	P003_WE04_00069

DiscRep_SUB:FEATURE_LOCATION_CONFLICT::Coding region xref gene does not exist
P003_WE04/P003_WE04:CDS	ATP synthase CF0 subunit I	k141_115075:33722-34102	P003_WE04_00070

DiscRep_SUB:FEATURE_LOCATION_CONFLICT::Coding region xref gene does not exist
P003_WE04/P003_WE04:CDS	ATP synthase CF1 alpha subunit	k141_115075:34110-35702	P003_WE04_00071

DiscRep_SUB:FEATURE_LOCATION_CONFLICT::Coding region xref gene does not exist
P003_WE04/P003_WE04:CDS	ribosomal protein S14	k141_115075:c36570-36259	P003_WE04_00074

DiscRep_SUB:FEATURE_LOCATION_CONFLICT::Coding region xref gene does not exist
P003_WE04/P003_WE04:CDS	photosystem I P700 apoprotein A2	k141_115075:c38937-36733	P003_WE04_00075

DiscRep_SUB:FEATURE_LOCATION_CONFLICT::Coding region xref gene does not exist
P003_WE04/P003_WE04:CDS	photosystem I P700 apoprotein A1	k141_115075:c41260-38963	P003_WE04_00076

DiscRep_SUB:FEATURE_LOCATION_CONFLICT::Coding region xref gene does not exist
P003_WE04/P003_WE04:CDS	hypothetical protein	k141_115075:c42352-42209	P003_WE04_00077

DiscRep_SUB:FEATURE_LOCATION_CONFLICT::Coding region xref gene does not exist
P003_WE04/P003_WE04:CDS	putative chloroplast RF34	k141_115075:c42978-42730	P003_WE04_00078

DiscRep_SUB:FEATURE_LOCATION_CONFLICT::Coding region xref gene does not exist
P003_WE04/P003_WE04:CDS	ribosomal protein S4	k141_115075:c45428-44823	P003_WE04_00080

DiscRep_SUB:FEATURE_LOCATION_CONFLICT::Coding region xref gene does not exist
P003_WE04/P003_WE04:CDS	hypothetical protein	k141_115075:46574-46738	P003_WE04_00082

DiscRep_SUB:FEATURE_LOCATION_CONFLICT::Coding region xref gene does not exist
P003_WE04/P003_WE04:CDS	NADH-plastoquinone oxidoreductase subunit J	k141_115075:c48688-48122	P003_WE04_00084

DiscRep_SUB:FEATURE_LOCATION_CONFLICT::Coding region xref gene does not exist
P003_WE04/P003_WE04:CDS	NADH-plastoquinone oxidoreductase subunit K	k141_115075:c49458-48700	P003_WE04_00085

DiscRep_SUB:FEATURE_LOCATION_CONFLICT::Coding region xref gene does not exist
P003_WE04/P003_WE04:CDS	NADH-plastoquinone oxidoreductase subunit 3	k141_115075:c49790-49428	P003_WE04_00086

DiscRep_SUB:FEATURE_LOCATION_CONFLICT::Coding region xref gene does not exist
P003_WE04/P003_WE04:CDS	ATP synthase CF1 epsilon subunit	k141_115075:c52159-51746	P003_WE04_00088

DiscRep_SUB:FEATURE_LOCATION_CONFLICT::Coding region xref gene does not exist
P003_WE04/P003_WE04:CDS	ATP synthase CF1 beta subunit	k141_115075:c53652-52156	P003_WE04_00089

DiscRep_SUB:FEATURE_LOCATION_CONFLICT::Coding region xref gene does not exist
P003_WE04/P003_WE04:CDS	ribulose-1,5-bisphosphate carboxylase/oxygenase large subunit	k141_115075:54444-55883	P003_WE04_00090

DiscRep_SUB:FEATURE_LOCATION_CONFLICT::Coding region xref gene does not exist
P003_WE04/P003_WE04:CDS	ribosomal protein L23	k141_115075:56184-56417	P003_WE04_00091

DiscRep_SUB:FEATURE_LOCATION_CONFLICT::RNA feature xref gene does not exist
P003_WE04/P003_WE04:tRNA	Gln	k141_115075:c6586-6515	P003_WE04_00041

DiscRep_SUB:FEATURE_LOCATION_CONFLICT::RNA feature xref gene does not exist
P003_WE04/P003_WE04:tRNA	Ser	k141_115075:c7835-7747	P003_WE04_00044

DiscRep_SUB:FEATURE_LOCATION_CONFLICT::RNA feature xref gene does not exist
P003_WE04/P003_WE04:tRNA	Ser	k141_115075:c11483-11396	P003_WE04_00049

DiscRep_SUB:FEATURE_LOCATION_CONFLICT::RNA feature xref gene does not exist
P003_WE04/P003_WE04:tRNA	Gly	k141_115075:12324-12396	P003_WE04_00051

DiscRep_SUB:FEATURE_LOCATION_CONFLICT::RNA feature xref gene does not exist
P003_WE04/P003_WE04:tRNA	Met	k141_115075:c12906-12831	P003_WE04_00052

DiscRep_SUB:FEATURE_LOCATION_CONFLICT::RNA feature xref gene does not exist
P003_WE04/P003_WE04:tRNA	Thr	k141_115075:14952-15025	P003_WE04_00056

DiscRep_SUB:FEATURE_LOCATION_CONFLICT::RNA feature xref gene does not exist
P003_WE04/P003_WE04:tRNA	Glu	k141_115075:15559-15633	P003_WE04_00057

DiscRep_SUB:FEATURE_LOCATION_CONFLICT::RNA feature xref gene does not exist
P003_WE04/P003_WE04:tRNA	Tyr	k141_115075:15693-15778	P003_WE04_00058

DiscRep_SUB:FEATURE_LOCATION_CONFLICT::RNA feature xref gene does not exist
P003_WE04/P003_WE04:tRNA	Asp	k141_115075:16127-16200	P003_WE04_00059

DiscRep_SUB:FEATURE_LOCATION_CONFLICT::RNA feature xref gene does not exist
P003_WE04/P003_WE04:tRNA	Cys	k141_115075:c18365-18295	P003_WE04_00061

DiscRep_SUB:FEATURE_LOCATION_CONFLICT::RNA feature xref gene does not exist
P003_WE04/P003_WE04:tRNA	Arg	k141_115075:c35912-35841	P003_WE04_00072

DiscRep_SUB:FEATURE_LOCATION_CONFLICT::RNA feature xref gene does not exist
P003_WE04/P003_WE04:tRNA	Met	k141_115075:c36099-36008	P003_WE04_00073

DiscRep_SUB:FEATURE_LOCATION_CONFLICT::RNA feature xref gene does not exist
P003_WE04/P003_WE04:tRNA	Ser	k141_115075:44458-44544	P003_WE04_00079

DiscRep_SUB:FEATURE_LOCATION_CONFLICT::RNA feature xref gene does not exist
P003_WE04/P003_WE04:tRNA	Thr	k141_115075:c45803-45729	P003_WE04_00081

DiscRep_SUB:FEATURE_LOCATION_CONFLICT::RNA feature xref gene does not exist
P003_WE04/P003_WE04:tRNA	Phe	k141_115075:47469-47541	P003_WE04_00083

DiscRep_SUB:FEATURE_LOCATION_CONFLICT::RNA feature xref gene does not exist
P003_WE04/P003_WE04:tRNA	Met	k141_115075:51558-51632	P003_WE04_00087

DiscRep_SUB:FEATURE_LOCATION_CONFLICT::Coding region xref gene does not exist
P003_WE04/P003_WE04:CDS	hypothetical protein	k141_108736:c3044-2913	P003_WE04_00094

DiscRep_SUB:FEATURE_LOCATION_CONFLICT::RNA feature xref gene does not exist
P003_WE04/P003_WE04:rRNA	16S ribosomal RNA (partial)	k141_108736:c821-377	P003_WE04_00092

DiscRep_SUB:FEATURE_LOCATION_CONFLICT::RNA feature xref gene does not exist
P003_WE04/P003_WE04:rRNA	16S ribosomal RNA (partial)	k141_108736:c2347-1160	P003_WE04_00093

DiscRep_SUB:FEATURE_LOCATION_CONFLICT::Coding region xref gene does not exist
P003_WE04/P003_WE04:CDS	hypothetical protein	k141_116096:172-621	P003_WE04_00095

DiscRep_SUB:FEATURE_LOCATION_CONFLICT::Coding region xref gene does not exist
P003_WE04/P003_WE04:CDS	ribosomal protein S3	k141_116096:679-1398	P003_WE04_00096

DiscRep_SUB:FEATURE_LOCATION_CONFLICT::Coding region xref gene does not exist
P003_WE04/P003_WE04:CDS	hypothetical protein	k141_116096:2478-2639	P003_WE04_00097

DiscRep_SUB:FEATURE_LOCATION_CONFLICT::Coding region xref gene does not exist
P003_WE04/P003_WE04:CDS	ribosomal protein L16	k141_116096:2636-2998	P003_WE04_00098

DiscRep_SUB:FEATURE_LOCATION_CONFLICT::Coding region xref gene does not exist
P003_WE04/P003_WE04:CDS	ribosomal protein L14	k141_116096:3117-3488	P003_WE04_00099

DiscRep_SUB:FEATURE_LOCATION_CONFLICT::Coding region xref gene does not exist
P003_WE04/P003_WE04:CDS	ribosomal protein S8	k141_116096:3633-4043	P003_WE04_00100

DiscRep_SUB:FEATURE_LOCATION_CONFLICT::Coding region xref gene does not exist
P003_WE04/P003_WE04:CDS	Translation initiation factor IF-1	k141_116096:4124-4447	P003_WE04_00101

DiscRep_SUB:FEATURE_LOCATION_CONFLICT::Coding region xref gene does not exist
P003_WE04/P003_WE04:CDS	ribosomal protein S11	k141_116096:4869-5300	P003_WE04_00102

DiscRep_SUB:FEATURE_LOCATION_CONFLICT::Coding region xref gene does not exist
P003_WE04/P003_WE04:CDS	DNA-directed RNA polymerase subunit alpha	k141_116096:5365-6384	P003_WE04_00103

DiscRep_SUB:FEATURE_LOCATION_CONFLICT::Coding region xref gene does not exist
P003_WE04/P003_WE04:CDS	cytochrome b6/f complex subunit IV	k141_116096:c7117-6593	P003_WE04_00104

DiscRep_SUB:FEATURE_LOCATION_CONFLICT::Coding region xref gene does not exist
P003_WE04/P003_WE04:CDS	cytochrome b6	k141_116096:c8726-8004	P003_WE04_00105

DiscRep_SUB:FEATURE_LOCATION_CONFLICT::Coding region xref gene does not exist
P003_WE04/P003_WE04:CDS	hypothetical protein	k141_116096:8845-8961	P003_WE04_00106

DiscRep_SUB:FEATURE_LOCATION_CONFLICT::Coding region xref gene does not exist
P003_WE04/P003_WE04:CDS	hypothetical protein	k141_116096:9592-9810	P003_WE04_00107

DiscRep_SUB:FEATURE_LOCATION_CONFLICT::Coding region xref gene does not exist
P003_WE04/P003_WE04:CDS	Photosystem II reaction center protein T	k141_116096:c10161-10045	P003_WE04_00108

DiscRep_SUB:FEATURE_LOCATION_CONFLICT::Coding region xref gene does not exist
P003_WE04/P003_WE04:CDS	photosystem II CP47 chlorophyll apoprotein	k141_116096:c11851-10325	P003_WE04_00109

DiscRep_SUB:FEATURE_LOCATION_CONFLICT::Coding region xref gene does not exist
P003_WE04/P003_WE04:CDS	ATP-dependent Clp protease proteolytic subunit	k141_116096:12398-13048	P003_WE04_00110

DiscRep_SUB:FEATURE_LOCATION_CONFLICT::Coding region xref gene does not exist
P003_WE04/P003_WE04:CDS	hypothetical protein	k141_116096:13195-13344	P003_WE04_00111

DiscRep_SUB:FEATURE_LOCATION_CONFLICT::Coding region xref gene does not exist
P003_WE04/P003_WE04:CDS	ribosomal protein L20	k141_116096:14003-14362	P003_WE04_00112

DiscRep_SUB:FEATURE_LOCATION_CONFLICT::Coding region xref gene does not exist
P003_WE04/P003_WE04:CDS	hypothetical protein	k141_116096:c15028-14519	P003_WE04_00113

DiscRep_SUB:FEATURE_LOCATION_CONFLICT::Coding region xref gene does not exist
P003_WE04/P003_WE04:CDS	photosystem I subunit IX	k141_116096:c16068-15940	P003_WE04_00114

DiscRep_SUB:FEATURE_LOCATION_CONFLICT::Coding region xref gene does not exist
P003_WE04/P003_WE04:CDS	hypothetical protein	k141_116096:17236-17358	P003_WE04_00117

DiscRep_SUB:FEATURE_LOCATION_CONFLICT::Coding region xref gene does not exist
P003_WE04/P003_WE04:CDS	photosystem II cytochrome b559 alpha subunit	k141_116096:18480-18731	P003_WE04_00118

DiscRep_SUB:FEATURE_LOCATION_CONFLICT::Coding region xref gene does not exist
P003_WE04/P003_WE04:CDS	Cytochrome b559 subunit beta	k141_116096:18709-18861	P003_WE04_00119

DiscRep_SUB:FEATURE_LOCATION_CONFLICT::Coding region xref gene does not exist
P003_WE04/P003_WE04:CDS	photosystem II protein L	k141_116096:18884-19000	P003_WE04_00120

DiscRep_SUB:FEATURE_LOCATION_CONFLICT::Coding region xref gene does not exist
P003_WE04/P003_WE04:CDS	photosystem II protein J	k141_116096:19126-19248	P003_WE04_00121

DiscRep_SUB:FEATURE_LOCATION_CONFLICT::Coding region xref gene does not exist
P003_WE04/P003_WE04:CDS	hypothetical protein	k141_116096:19577-19813	P003_WE04_00122

DiscRep_SUB:FEATURE_LOCATION_CONFLICT::Coding region xref gene does not exist
P003_WE04/P003_WE04:CDS	cytochrome f	k141_116096:c21011-20043	P003_WE04_00123

DiscRep_SUB:FEATURE_LOCATION_CONFLICT::Coding region xref gene does not exist
P003_WE04/P003_WE04:CDS	envelope membrane protein	k141_116096:c21923-21231	P003_WE04_00124

DiscRep_SUB:FEATURE_LOCATION_CONFLICT::Coding region xref gene does not exist
P003_WE04/P003_WE04:CDS	photosystem I assembly protein Ycf4	k141_116096:c22940-22383	P003_WE04_00125

DiscRep_SUB:FEATURE_LOCATION_CONFLICT::Coding region xref gene does not exist
P003_WE04/P003_WE04:CDS	photosystem I subunit VIII	k141_116096:c23408-23298	P003_WE04_00126

DiscRep_SUB:FEATURE_LOCATION_CONFLICT::Coding region xref gene does not exist
P003_WE04/P003_WE04:CDS	hypothetical protein	k141_116096:23973-24188	P003_WE04_00127

DiscRep_SUB:FEATURE_LOCATION_CONFLICT::RNA feature xref gene does not exist
P003_WE04/P003_WE04:tRNA	Pro	k141_116096:16398-16473	P003_WE04_00115

DiscRep_SUB:FEATURE_LOCATION_CONFLICT::RNA feature xref gene does not exist
P003_WE04/P003_WE04:tRNA	Trp	k141_116096:16616-16689	P003_WE04_00116

DiscRep_SUB:FEATURE_LOCATION_CONFLICT::Coding region xref gene does not exist
P003_WE04/P003_WE04:CDS	ribosomal protein S19	k141_56972:c292-53	P003_WE04_00128

DiscRep_SUB:FEATURE_LOCATION_CONFLICT::Coding region xref gene does not exist
P003_WE04/P003_WE04:CDS	ribosomal protein L2	k141_56972:c1096-599	P003_WE04_00130

DiscRep_SUB:FEATURE_LOCATION_CONFLICT::Coding region xref gene does not exist
P003_WE04/P003_WE04:CDS	ribosomal protein L2	k141_56972:c1996-1682	P003_WE04_00131

DiscRep_SUB:FEATURE_LOCATION_CONFLICT::RNA feature xref gene does not exist
P003_WE04/P003_WE04:tRNA	His	k141_56972:470-544	P003_WE04_00129

DiscRep_ALL:SUSPECT_PRODUCT_NAMES::2 product_names contain suspect phrase or characters
DiscRep_SUB:SUSPECT_PRODUCT_NAMES::May contain database identifier more appropriate in note; remove from product name
DiscRep_SUB:SUSPECT_PRODUCT_NAMES::2 features contains three or more numbers together that may be identifiers more appropriate in note
P003_WE04/P003_WE04:CDS	photosystem I P700 apoprotein A2	k141_115075:c38937-36733	P003_WE04_00075
P003_WE04/P003_WE04:CDS	photosystem I P700 apoprotein A1	k141_115075:c41260-38963	P003_WE04_00076

DiscRep_ALL:FIND_BADLEN_TRNAS::1 tRNAs are too long
P003_WE04/P003_WE04:tRNA	Met	k141_115075:c36099-36008	P003_WE04_00073

DiscRep_ALL:DISC_QUALITY_SCORES::Quality scores are missing on all sequences.

FATAL: DiscRep_ALL:DISC_SUSPECT_RRNA_PRODUCTS::2 rRNA product names contain suspect phrase
FATAL: DiscRep_SUB:DISC_SUSPECT_RRNA_PRODUCTS::2 rRNA product names contains 'partial'
P003_WE04/P003_WE04:rRNA	16S ribosomal RNA (partial)	k141_108736:c821-377	P003_WE04_00092
P003_WE04/P003_WE04:rRNA	16S ribosomal RNA (partial)	k141_108736:c2347-1160	P003_WE04_00093

FATAL: DiscRep_ALL:DISC_SHORT_RRNA::1 rRNA features are too short
P003_WE04/P003_WE04:rRNA	16S ribosomal RNA (partial)	k141_108736:c821-377	P003_WE04_00092

DiscRep_ALL:ONCALLER_COMMENT_PRESENT::6 comment descriptors were found (all same)
P003_WE04/P003_WE04:k141_112061:Annotated using prokka 1.14.5 from https://github.com/tseemann/prokka
P003_WE04/P003_WE04:k141_20086:Annotated using prokka 1.14.5 from https://github.com/tseemann/prokka
P003_WE04/P003_WE04:k141_115075:Annotated using prokka 1.14.5 from https://github.com/tseemann/prokka
P003_WE04/P003_WE04:k141_108736:Annotated using prokka 1.14.5 from https://github.com/tseemann/prokka
P003_WE04/P003_WE04:k141_116096:Annotated using prokka 1.14.5 from https://github.com/tseemann/prokka
P003_WE04/P003_WE04:k141_56972:Annotated using prokka 1.14.5 from https://github.com/tseemann/prokka

DiscRep_ALL:SHORT_PROT_SEQUENCES::15 protein sequences are shorter than 50 aa.
P003_WE04/P003_WE04:k141_112061_11 (length 44)
P003_WE04/P003_WE04:k141_20086_2 (length 37)
P003_WE04/P003_WE04:k141_20086_10 (length 39)
P003_WE04/P003_WE04:k141_115075_6 (length 36)
P003_WE04/P003_WE04:k141_115075_15 (length 34)
P003_WE04/P003_WE04:k141_115075_29 (length 47)
P003_WE04/P003_WE04:k141_108736_1 (length 43)
P003_WE04/P003_WE04:k141_116096_12 (length 38)
P003_WE04/P003_WE04:k141_116096_14 (length 38)
P003_WE04/P003_WE04:k141_116096_17 (length 49)
P003_WE04/P003_WE04:k141_116096_20 (length 42)
P003_WE04/P003_WE04:k141_116096_21 (length 40)
P003_WE04/P003_WE04:k141_116096_24 (length 38)
P003_WE04/P003_WE04:k141_116096_25 (length 40)
P003_WE04/P003_WE04:k141_116096_30 (length 36)

DiscRep_ALL:MISSING_GENOMEASSEMBLY_COMMENTS::6 bioseqs are missing GenomeAssembly structured comments
P003_WE04/P003_WE04:k141_112061 (length 13026)
P003_WE04/P003_WE04:k141_20086 (length 26455)
P003_WE04/P003_WE04:k141_115075 (length 56425)
P003_WE04/P003_WE04:k141_108736 (length 3194)
P003_WE04/P003_WE04:k141_116096 (length 24532)
P003_WE04/P003_WE04:k141_56972 (length 2234)

DiscRep_ALL:MOLTYPE_NOT_MRNA::6 molecule types are not set as mRNA.
P003_WE04/P003_WE04:k141_112061 (length 13026)
P003_WE04/P003_WE04:k141_20086 (length 26455)
P003_WE04/P003_WE04:k141_115075 (length 56425)
P003_WE04/P003_WE04:k141_108736 (length 3194)
P003_WE04/P003_WE04:k141_116096 (length 24532)
P003_WE04/P003_WE04:k141_56972 (length 2234)

DiscRep_ALL:TECHNIQUE_NOT_TSA::6 technique are not set as TSA
P003_WE04/P003_WE04:k141_112061 (length 13026)
P003_WE04/P003_WE04:k141_20086 (length 26455)
P003_WE04/P003_WE04:k141_115075 (length 56425)
P003_WE04/P003_WE04:k141_108736 (length 3194)
P003_WE04/P003_WE04:k141_116096 (length 24532)
P003_WE04/P003_WE04:k141_56972 (length 2234)

DiscRep_ALL:MISSING_STRUCTURED_COMMENT::6 sequences do not include structured comments.
P003_WE04/P003_WE04:k141_112061 (length 13026)
P003_WE04/P003_WE04:k141_20086 (length 26455)
P003_WE04/P003_WE04:k141_115075 (length 56425)
P003_WE04/P003_WE04:k141_108736 (length 3194)
P003_WE04/P003_WE04:k141_116096 (length 24532)
P003_WE04/P003_WE04:k141_56972 (length 2234)

DiscRep_ALL:MISSING_PROJECT::108 sequences do not include project.
P003_WE04/P003_WE04:k141_112061 (length 13026)
P003_WE04/P003_WE04:k141_112061_1 (length 379)
P003_WE04/P003_WE04:k141_112061_2 (length 187)
P003_WE04/P003_WE04:k141_112061_3 (length 141)
P003_WE04/P003_WE04:k141_112061_4 (length 182)
P003_WE04/P003_WE04:k141_112061_5 (length 176)
P003_WE04/P003_WE04:k141_112061_6 (length 100)
P003_WE04/P003_WE04:k141_112061_7 (length 81)
P003_WE04/P003_WE04:k141_112061_8 (length 500)
P003_WE04/P003_WE04:k141_112061_9 (length 319)
P003_WE04/P003_WE04:k141_112061_10 (length 739)
P003_WE04/P003_WE04:k141_112061_11 (length 44)
P003_WE04/P003_WE04:k141_20086 (length 26455)
P003_WE04/P003_WE04:k141_20086_1 (length 90)
P003_WE04/P003_WE04:k141_20086_2 (length 37)
P003_WE04/P003_WE04:k141_20086_3 (length 78)
P003_WE04/P003_WE04:k141_20086_4 (length 64)
P003_WE04/P003_WE04:k141_20086_5 (length 74)
P003_WE04/P003_WE04:k141_20086_6 (length 112)
P003_WE04/P003_WE04:k141_20086_7 (length 52)
P003_WE04/P003_WE04:k141_20086_8 (length 156)
P003_WE04/P003_WE04:k141_20086_9 (length 282)
P003_WE04/P003_WE04:k141_20086_10 (length 39)
P003_WE04/P003_WE04:k141_20086_11 (length 204)
P003_WE04/P003_WE04:k141_20086_12 (length 137)
P003_WE04/P003_WE04:k141_20086_13 (length 92)
P003_WE04/P003_WE04:k141_20086_14 (length 203)
P003_WE04/P003_WE04:k141_20086_15 (length 137)
P003_WE04/P003_WE04:k141_20086_16 (length 52)
P003_WE04/P003_WE04:k141_20086_17 (length 525)
P003_WE04/P003_WE04:k141_115075 (length 56425)
P003_WE04/P003_WE04:k141_115075_1 (length 353)
P003_WE04/P003_WE04:k141_115075_2 (length 511)
P003_WE04/P003_WE04:k141_115075_3 (length 79)
P003_WE04/P003_WE04:k141_115075_4 (length 56)
P003_WE04/P003_WE04:k141_115075_5 (length 65)
P003_WE04/P003_WE04:k141_115075_6 (length 36)
P003_WE04/P003_WE04:k141_115075_7 (length 58)
P003_WE04/P003_WE04:k141_115075_8 (length 78)
P003_WE04/P003_WE04:k141_115075_9 (length 353)
P003_WE04/P003_WE04:k141_115075_10 (length 473)
P003_WE04/P003_WE04:k141_115075_11 (length 62)
P003_WE04/P003_WE04:k141_115075_12 (length 117)
P003_WE04/P003_WE04:k141_115075_13 (length 57)
P003_WE04/P003_WE04:k141_115075_14 (length 73)
P003_WE04/P003_WE04:k141_115075_15 (length 34)
P003_WE04/P003_WE04:k141_115075_16 (length 1076)
P003_WE04/P003_WE04:k141_115075_17 (length 682)
P003_WE04/P003_WE04:k141_115075_18 (length 1466)
P003_WE04/P003_WE04:k141_115075_19 (length 236)
P003_WE04/P003_WE04:k141_115075_20 (length 286)
P003_WE04/P003_WE04:k141_115075_21 (length 65)
P003_WE04/P003_WE04:k141_115075_22 (length 81)
P003_WE04/P003_WE04:k141_115075_23 (length 57)
P003_WE04/P003_WE04:k141_115075_24 (length 126)
P003_WE04/P003_WE04:k141_115075_25 (length 530)
P003_WE04/P003_WE04:k141_115075_26 (length 103)
P003_WE04/P003_WE04:k141_115075_27 (length 734)
P003_WE04/P003_WE04:k141_115075_28 (length 765)
P003_WE04/P003_WE04:k141_115075_29 (length 47)
P003_WE04/P003_WE04:k141_115075_30 (length 82)
P003_WE04/P003_WE04:k141_115075_31 (length 201)
P003_WE04/P003_WE04:k141_115075_32 (length 54)
P003_WE04/P003_WE04:k141_115075_33 (length 188)
P003_WE04/P003_WE04:k141_115075_34 (length 252)
P003_WE04/P003_WE04:k141_115075_35 (length 120)
P003_WE04/P003_WE04:k141_115075_36 (length 137)
P003_WE04/P003_WE04:k141_115075_37 (length 498)
P003_WE04/P003_WE04:k141_115075_38 (length 479)
P003_WE04/P003_WE04:k141_115075_39 (length 77)
P003_WE04/P003_WE04:k141_108736 (length 3194)
P003_WE04/P003_WE04:k141_108736_1 (length 43)
P003_WE04/P003_WE04:k141_116096 (length 24532)
P003_WE04/P003_WE04:k141_116096_1 (length 149)
P003_WE04/P003_WE04:k141_116096_2 (length 239)
P003_WE04/P003_WE04:k141_116096_3 (length 53)
P003_WE04/P003_WE04:k141_116096_4 (length 120)
P003_WE04/P003_WE04:k141_116096_5 (length 123)
P003_WE04/P003_WE04:k141_116096_6 (length 136)
P003_WE04/P003_WE04:k141_116096_7 (length 107)
P003_WE04/P003_WE04:k141_116096_8 (length 143)
P003_WE04/P003_WE04:k141_116096_9 (length 339)
P003_WE04/P003_WE04:k141_116096_10 (length 174)
P003_WE04/P003_WE04:k141_116096_11 (length 240)
P003_WE04/P003_WE04:k141_116096_12 (length 38)
P003_WE04/P003_WE04:k141_116096_13 (length 72)
P003_WE04/P003_WE04:k141_116096_14 (length 38)
P003_WE04/P003_WE04:k141_116096_15 (length 508)
P003_WE04/P003_WE04:k141_116096_16 (length 216)
P003_WE04/P003_WE04:k141_116096_17 (length 49)
P003_WE04/P003_WE04:k141_116096_18 (length 119)
P003_WE04/P003_WE04:k141_116096_19 (length 169)
P003_WE04/P003_WE04:k141_116096_20 (length 42)
P003_WE04/P003_WE04:k141_116096_21 (length 40)
P003_WE04/P003_WE04:k141_116096_22 (length 83)
P003_WE04/P003_WE04:k141_116096_23 (length 50)
P003_WE04/P003_WE04:k141_116096_24 (length 38)
P003_WE04/P003_WE04:k141_116096_25 (length 40)
P003_WE04/P003_WE04:k141_116096_26 (length 78)
P003_WE04/P003_WE04:k141_116096_27 (length 322)
P003_WE04/P003_WE04:k141_116096_28 (length 230)
P003_WE04/P003_WE04:k141_116096_29 (length 185)
P003_WE04/P003_WE04:k141_116096_30 (length 36)
P003_WE04/P003_WE04:k141_116096_31 (length 71)
P003_WE04/P003_WE04:k141_56972 (length 2234)
P003_WE04/P003_WE04:k141_56972_1 (length 79)
P003_WE04/P003_WE04:k141_56972_2 (length 165)
P003_WE04/P003_WE04:k141_56972_3 (length 104)

FATAL: DiscRep_ALL:RRNA_NAME_CONFLICTS::2 rRNA product names are not standard. Correct the names to the standard format, eg "16S ribosomal RNA"
P003_WE04/P003_WE04:rRNA	16S ribosomal RNA (partial)	k141_108736:c821-377	P003_WE04_00092
P003_WE04/P003_WE04:rRNA	16S ribosomal RNA (partial)	k141_108736:c2347-1160	P003_WE04_00093

DiscRep_ALL:DISC_INCONSISTENT_MOLINFO_TECH::Molinfo Technique Report (some missing, all same)
DiscRep_SUB:DISC_INCONSISTENT_MOLINFO_TECH::technique (all missing)
DiscRep_SUB:DISC_INCONSISTENT_MOLINFO_TECH::6 Molinfos are missing field technique
P003_WE04/P003_WE04:k141_20086 (length 26455)
P003_WE04/P003_WE04:k141_56972 (length 2234)
P003_WE04/P003_WE04:k141_108736 (length 3194)
P003_WE04/P003_WE04:k141_112061 (length 13026)
P003_WE04/P003_WE04:k141_115075 (length 56425)
P003_WE04/P003_WE04:k141_116096 (length 24532)

