Discrepancy Report Results

Summary
FATAL: MISSING_PROTEIN_ID:99 proteins have invalid IDs.
DISC_SOURCE_QUALS_ASNDISC:strain (all present, all same)
DISC_SOURCE_QUALS_ASNDISC:taxname (all present, all same)
DISC_FEATURE_COUNT:CDS: 99 present
DISC_FEATURE_COUNT:tRNA: 24 present
DISC_FEATURE_COUNT:rRNA: 2 present
DISC_COUNT_NUCLEOTIDES:3 nucleotide Bioseqs are present
FEATURE_LOCATION_CONFLICT:125 features have inconsistent gene locations.
SUSPECT_PRODUCT_NAMES:2 product_names contain suspect phrase or characters
	May contain database identifier more appropriate in note; remove from product name
		2 features contains three or more numbers together that may be identifiers more appropriate in note
DISC_QUALITY_SCORES:Quality scores are missing on all sequences.
ONCALLER_COMMENT_PRESENT:3 comment descriptors were found (all same)
SHORT_PROT_SEQUENCES:9 protein sequences are shorter than 50 aa.
MISSING_GENOMEASSEMBLY_COMMENTS:3 bioseqs are missing GenomeAssembly structured comments
MOLTYPE_NOT_MRNA:3 molecule types are not set as mRNA.
TECHNIQUE_NOT_TSA:3 technique are not set as TSA
MISSING_STRUCTURED_COMMENT:3 sequences do not include structured comments.
MISSING_PROJECT:102 sequences do not include project.
DISC_INCONSISTENT_MOLINFO_TECH:Molinfo Technique Report (some missing, all same)


Detailed Report

FATAL: DiscRep_ALL:MISSING_PROTEIN_ID::99 proteins have invalid IDs.
P003_WD06/P003_WD06:k141_543_1 (length 74)
P003_WD06/P003_WD06:k141_543_2 (length 71)
P003_WD06/P003_WD06:k141_543_3 (length 195)
P003_WD06/P003_WD06:k141_543_4 (length 117)
P003_WD06/P003_WD06:k141_543_5 (length 82)
P003_WD06/P003_WD06:k141_543_6 (length 49)
P003_WD06/P003_WD06:k141_543_7 (length 135)
P003_WD06/P003_WD06:k141_543_8 (length 82)
P003_WD06/P003_WD06:k141_543_9 (length 72)
P003_WD06/P003_WD06:k141_543_10 (length 73)
P003_WD06/P003_WD06:k141_543_11 (length 56)
P003_WD06/P003_WD06:k141_543_12 (length 155)
P003_WD06/P003_WD06:k141_543_13 (length 246)
P003_WD06/P003_WD06:k141_543_14 (length 260)
P003_WD06/P003_WD06:k141_543_15 (length 107)
P003_WD06/P003_WD06:k141_543_16 (length 2300)
P003_WD06/P003_WD06:k141_543_17 (length 93)
P003_WD06/P003_WD06:k141_543_18 (length 112)
P003_WD06/P003_WD06:k141_543_19 (length 38)
P003_WD06/P003_WD06:k141_543_20 (length 165)
P003_WD06/P003_WD06:k141_50302_1 (length 92)
P003_WD06/P003_WD06:k141_50302_2 (length 179)
P003_WD06/P003_WD06:k141_50302_3 (length 218)
P003_WD06/P003_WD06:k141_50302_4 (length 51)
P003_WD06/P003_WD06:k141_50302_5 (length 76)
P003_WD06/P003_WD06:k141_50302_6 (length 119)
P003_WD06/P003_WD06:k141_50302_7 (length 122)
P003_WD06/P003_WD06:k141_50302_8 (length 132)
P003_WD06/P003_WD06:k141_50302_9 (length 138)
P003_WD06/P003_WD06:k141_50302_10 (length 346)
P003_WD06/P003_WD06:k141_50302_11 (length 183)
P003_WD06/P003_WD06:k141_50302_12 (length 162)
P003_WD06/P003_WD06:k141_50302_13 (length 73)
P003_WD06/P003_WD06:k141_50302_14 (length 508)
P003_WD06/P003_WD06:k141_50302_15 (length 40)
P003_WD06/P003_WD06:k141_50302_16 (length 80)
P003_WD06/P003_WD06:k141_50302_17 (length 90)
P003_WD06/P003_WD06:k141_50302_18 (length 79)
P003_WD06/P003_WD06:k141_50302_19 (length 121)
P003_WD06/P003_WD06:k141_50302_20 (length 101)
P003_WD06/P003_WD06:k141_50302_21 (length 42)
P003_WD06/P003_WD06:k141_50302_22 (length 134)
P003_WD06/P003_WD06:k141_50302_23 (length 83)
P003_WD06/P003_WD06:k141_50302_24 (length 39)
P003_WD06/P003_WD06:k141_50302_25 (length 309)
P003_WD06/P003_WD06:k141_50302_26 (length 253)
P003_WD06/P003_WD06:k141_50302_27 (length 215)
P003_WD06/P003_WD06:k141_50302_28 (length 36)
P003_WD06/P003_WD06:k141_50302_29 (length 496)
P003_WD06/P003_WD06:k141_50302_30 (length 77)
P003_WD06/P003_WD06:k141_50302_31 (length 482)
P003_WD06/P003_WD06:k141_50302_32 (length 52)
P003_WD06/P003_WD06:k141_50302_33 (length 499)
P003_WD06/P003_WD06:k141_50302_34 (length 132)
P003_WD06/P003_WD06:k141_50302_35 (length 120)
P003_WD06/P003_WD06:k141_50302_36 (length 227)
P003_WD06/P003_WD06:k141_50302_37 (length 158)
P003_WD06/P003_WD06:k141_50302_38 (length 63)
P003_WD06/P003_WD06:k141_50302_39 (length 32)
P003_WD06/P003_WD06:k141_50302_40 (length 201)
P003_WD06/P003_WD06:k141_50302_41 (length 34)
P003_WD06/P003_WD06:k141_50302_42 (length 82)
P003_WD06/P003_WD06:k141_50302_43 (length 750)
P003_WD06/P003_WD06:k141_50302_44 (length 734)
P003_WD06/P003_WD06:k141_50302_45 (length 70)
P003_WD06/P003_WD06:k141_50302_46 (length 98)
P003_WD06/P003_WD06:k141_50302_47 (length 461)
P003_WD06/P003_WD06:k141_50302_48 (length 353)
P003_WD06/P003_WD06:k141_50302_49 (length 139)
P003_WD06/P003_WD06:k141_50302_50 (length 61)
P003_WD06/P003_WD06:k141_50302_51 (length 1082)
P003_WD06/P003_WD06:k141_50302_52 (length 155)
P003_WD06/P003_WD06:k141_50302_53 (length 548)
P003_WD06/P003_WD06:k141_50302_54 (length 1408)
P003_WD06/P003_WD06:k141_50302_55 (length 268)
P003_WD06/P003_WD06:k141_50302_56 (length 247)
P003_WD06/P003_WD06:k141_50302_57 (length 106)
P003_WD06/P003_WD06:k141_50302_58 (length 85)
P003_WD06/P003_WD06:k141_50302_59 (length 84)
P003_WD06/P003_WD06:k141_50302_60 (length 124)
P003_WD06/P003_WD06:k141_50302_61 (length 507)
P003_WD06/P003_WD06:k141_50302_62 (length 61)
P003_WD06/P003_WD06:k141_50302_63 (length 508)
P003_WD06/P003_WD06:k141_50302_64 (length 353)
P003_WD06/P003_WD06:k141_50302_65 (length 80)
P003_WD06/P003_WD06:k141_92352_1 (length 763)
P003_WD06/P003_WD06:k141_92352_2 (length 77)
P003_WD06/P003_WD06:k141_92352_3 (length 35)
P003_WD06/P003_WD06:k141_92352_4 (length 323)
P003_WD06/P003_WD06:k141_92352_5 (length 508)
P003_WD06/P003_WD06:k141_92352_6 (length 106)
P003_WD06/P003_WD06:k141_92352_7 (length 101)
P003_WD06/P003_WD06:k141_92352_8 (length 232)
P003_WD06/P003_WD06:k141_92352_9 (length 177)
P003_WD06/P003_WD06:k141_92352_10 (length 89)
P003_WD06/P003_WD06:k141_92352_11 (length 207)
P003_WD06/P003_WD06:k141_92352_12 (length 393)
P003_WD06/P003_WD06:k141_92352_13 (length 90)
P003_WD06/P003_WD06:k141_92352_14 (length 1547)

DiscRep_ALL:DISC_SOURCE_QUALS_ASNDISC::strain (all present, all same)
DiscRep_SUB:DISC_SOURCE_QUALS_ASNDISC::3 sources have 'strain' for strain
DiscRep_ALL:DISC_SOURCE_QUALS_ASNDISC::taxname (all present, all same)
DiscRep_SUB:DISC_SOURCE_QUALS_ASNDISC::3 sources have 'Genus species' for taxname
DiscRep_ALL:DISC_FEATURE_COUNT::CDS: 99 present
DiscRep_ALL:DISC_FEATURE_COUNT::tRNA: 24 present
DiscRep_ALL:DISC_FEATURE_COUNT::rRNA: 2 present
DiscRep_ALL:DISC_COUNT_NUCLEOTIDES::3 nucleotide Bioseqs are present
P003_WD06/P003_WD06:k141_543 (length 26996)
P003_WD06/P003_WD06:k141_50302 (length 86236)
P003_WD06/P003_WD06:k141_92352 (length 18636)

DiscRep_ALL:FEATURE_LOCATION_CONFLICT::125 features have inconsistent gene locations.
DiscRep_SUB:FEATURE_LOCATION_CONFLICT::Coding region xref gene does not exist
P003_WD06/P003_WD06:CDS	hypothetical protein	k141_543:31-255	P003_WD06_00001

DiscRep_SUB:FEATURE_LOCATION_CONFLICT::Coding region xref gene does not exist
P003_WD06/P003_WD06:CDS	hypothetical protein	k141_543:c891-676	P003_WD06_00002

DiscRep_SUB:FEATURE_LOCATION_CONFLICT::Coding region xref gene does not exist
P003_WD06/P003_WD06:CDS	hypothetical protein	k141_543:c1516-929	P003_WD06_00003

DiscRep_SUB:FEATURE_LOCATION_CONFLICT::Coding region xref gene does not exist
P003_WD06/P003_WD06:CDS	hypothetical protein	k141_543:c1869-1516	P003_WD06_00004

DiscRep_SUB:FEATURE_LOCATION_CONFLICT::Coding region xref gene does not exist
P003_WD06/P003_WD06:CDS	hypothetical protein	k141_543:c7533-7285	P003_WD06_00008

DiscRep_SUB:FEATURE_LOCATION_CONFLICT::Coding region xref gene does not exist
P003_WD06/P003_WD06:CDS	hypothetical protein	k141_543:c7785-7636	P003_WD06_00009

DiscRep_SUB:FEATURE_LOCATION_CONFLICT::Coding region xref gene does not exist
P003_WD06/P003_WD06:CDS	hypothetical protein	k141_543:c8217-7810	P003_WD06_00010

DiscRep_SUB:FEATURE_LOCATION_CONFLICT::Coding region xref gene does not exist
P003_WD06/P003_WD06:CDS	hypothetical protein	k141_543:c8474-8226	P003_WD06_00011

DiscRep_SUB:FEATURE_LOCATION_CONFLICT::Coding region xref gene does not exist
P003_WD06/P003_WD06:CDS	hypothetical protein	k141_543:10965-11183	P003_WD06_00014

DiscRep_SUB:FEATURE_LOCATION_CONFLICT::Coding region xref gene does not exist
P003_WD06/P003_WD06:CDS	hypothetical protein	k141_543:11592-11813	P003_WD06_00015

DiscRep_SUB:FEATURE_LOCATION_CONFLICT::Coding region xref gene does not exist
P003_WD06/P003_WD06:CDS	hypothetical protein	k141_543:12604-12774	P003_WD06_00016

DiscRep_SUB:FEATURE_LOCATION_CONFLICT::Coding region xref gene does not exist
P003_WD06/P003_WD06:CDS	ribosomal protein S7	k141_543:13658-14125	P003_WD06_00017

DiscRep_SUB:FEATURE_LOCATION_CONFLICT::Coding region xref gene does not exist
P003_WD06/P003_WD06:CDS	NADH-plastoquinone oxidoreductase subunit 2	k141_543:14496-15236	P003_WD06_00018

DiscRep_SUB:FEATURE_LOCATION_CONFLICT::Coding region xref gene does not exist
P003_WD06/P003_WD06:CDS	NADH-plastoquinone oxidoreductase subunit 2	k141_543:15904-16686	P003_WD06_00019

DiscRep_SUB:FEATURE_LOCATION_CONFLICT::Coding region xref gene does not exist
P003_WD06/P003_WD06:CDS	hypothetical protein	k141_543:17743-18066	P003_WD06_00021

DiscRep_SUB:FEATURE_LOCATION_CONFLICT::Coding region xref gene does not exist
P003_WD06/P003_WD06:CDS	hypothetical protein	k141_543:c24853-17951	P003_WD06_00022

DiscRep_SUB:FEATURE_LOCATION_CONFLICT::Coding region xref gene does not exist
P003_WD06/P003_WD06:CDS	ribosomal protein L23	k141_543:25161-25442	P003_WD06_00024

DiscRep_SUB:FEATURE_LOCATION_CONFLICT::Coding region xref gene does not exist
P003_WD06/P003_WD06:CDS	ribosomal protein L2	k141_543:25524-25862	P003_WD06_00025

DiscRep_SUB:FEATURE_LOCATION_CONFLICT::Coding region xref gene does not exist
P003_WD06/P003_WD06:CDS	hypothetical protein	k141_543:26047-26163	P003_WD06_00026

DiscRep_SUB:FEATURE_LOCATION_CONFLICT::Coding region xref gene does not exist
P003_WD06/P003_WD06:CDS	ribosomal protein L2	k141_543:26447-26944	P003_WD06_00027

DiscRep_SUB:FEATURE_LOCATION_CONFLICT::RNA feature xref gene does not exist
P003_WD06/P003_WD06:tRNA	Asn	k141_543:2420-2493	P003_WD06_00005

DiscRep_SUB:FEATURE_LOCATION_CONFLICT::RNA feature xref gene does not exist
P003_WD06/P003_WD06:tRNA	Arg	k141_543:c3156-3082	P003_WD06_00006

DiscRep_SUB:FEATURE_LOCATION_CONFLICT::RNA feature xref gene does not exist
P003_WD06/P003_WD06:rRNA	23S ribosomal RNA	k141_543:c6741-3731	P003_WD06_00007

DiscRep_SUB:FEATURE_LOCATION_CONFLICT::RNA feature xref gene does not exist
P003_WD06/P003_WD06:rRNA	16S ribosomal RNA	k141_543:c10636-9150	P003_WD06_00012

DiscRep_SUB:FEATURE_LOCATION_CONFLICT::RNA feature xref gene does not exist
P003_WD06/P003_WD06:tRNA	Val	k141_543:c10939-10868	P003_WD06_00013

DiscRep_SUB:FEATURE_LOCATION_CONFLICT::RNA feature xref gene does not exist
P003_WD06/P003_WD06:tRNA	Leu	k141_543:17250-17332	P003_WD06_00020

DiscRep_SUB:FEATURE_LOCATION_CONFLICT::RNA feature xref gene does not exist
P003_WD06/P003_WD06:tRNA	Met	k141_543:24922-24995	P003_WD06_00023

DiscRep_SUB:FEATURE_LOCATION_CONFLICT::Coding region xref gene does not exist
P003_WD06/P003_WD06:CDS	ribosomal protein S19	k141_50302:165-443	P003_WD06_00028

DiscRep_SUB:FEATURE_LOCATION_CONFLICT::Coding region xref gene does not exist
P003_WD06/P003_WD06:CDS	hypothetical protein	k141_50302:501-1040	P003_WD06_00029

DiscRep_SUB:FEATURE_LOCATION_CONFLICT::Coding region xref gene does not exist
P003_WD06/P003_WD06:CDS	ribosomal protein S3	k141_50302:1025-1681	P003_WD06_00030

DiscRep_SUB:FEATURE_LOCATION_CONFLICT::Coding region xref gene does not exist
P003_WD06/P003_WD06:CDS	hypothetical protein	k141_50302:c2244-2089	P003_WD06_00031

DiscRep_SUB:FEATURE_LOCATION_CONFLICT::Coding region xref gene does not exist
P003_WD06/P003_WD06:CDS	hypothetical protein	k141_50302:2422-2652	P003_WD06_00032

DiscRep_SUB:FEATURE_LOCATION_CONFLICT::Coding region xref gene does not exist
P003_WD06/P003_WD06:CDS	ribosomal protein L16	k141_50302:2998-3357	P003_WD06_00033

DiscRep_SUB:FEATURE_LOCATION_CONFLICT::Coding region xref gene does not exist
P003_WD06/P003_WD06:CDS	ribosomal protein L14	k141_50302:3499-3867	P003_WD06_00034

DiscRep_SUB:FEATURE_LOCATION_CONFLICT::Coding region xref gene does not exist
P003_WD06/P003_WD06:CDS	ribosomal protein S8	k141_50302:4142-4540	P003_WD06_00035

DiscRep_SUB:FEATURE_LOCATION_CONFLICT::Coding region xref gene does not exist
P003_WD06/P003_WD06:CDS	ribosomal protein S11	k141_50302:5202-5618	P003_WD06_00036

DiscRep_SUB:FEATURE_LOCATION_CONFLICT::Coding region xref gene does not exist
P003_WD06/P003_WD06:CDS	DNA-directed RNA polymerase subunit alpha	k141_50302:5684-6724	P003_WD06_00037

DiscRep_SUB:FEATURE_LOCATION_CONFLICT::Coding region xref gene does not exist
P003_WD06/P003_WD06:CDS	cytochrome b6/f complex subunit IV	k141_50302:c7454-6903	P003_WD06_00038

DiscRep_SUB:FEATURE_LOCATION_CONFLICT::Coding region xref gene does not exist
P003_WD06/P003_WD06:CDS	cytochrome b6	k141_50302:c8839-8351	P003_WD06_00039

DiscRep_SUB:FEATURE_LOCATION_CONFLICT::Coding region xref gene does not exist
P003_WD06/P003_WD06:CDS	photosystem II phosphoprotein	k141_50302:c10147-9926	P003_WD06_00040

DiscRep_SUB:FEATURE_LOCATION_CONFLICT::Coding region xref gene does not exist
P003_WD06/P003_WD06:CDS	photosystem II CP47 chlorophyll apoprotein	k141_50302:c12269-10743	P003_WD06_00041

DiscRep_SUB:FEATURE_LOCATION_CONFLICT::Coding region xref gene does not exist
P003_WD06/P003_WD06:CDS	hypothetical protein	k141_50302:c12577-12455	P003_WD06_00042

DiscRep_SUB:FEATURE_LOCATION_CONFLICT::Coding region xref gene does not exist
P003_WD06/P003_WD06:CDS	hypothetical protein	k141_50302:12728-12970	P003_WD06_00043

DiscRep_SUB:FEATURE_LOCATION_CONFLICT::Coding region xref gene does not exist
P003_WD06/P003_WD06:CDS	ATP-dependent Clp protease proteolytic subunit	k141_50302:13672-13944	P003_WD06_00044

DiscRep_SUB:FEATURE_LOCATION_CONFLICT::Coding region xref gene does not exist
P003_WD06/P003_WD06:CDS	ATP-dependent Clp protease proteolytic subunit	k141_50302:14562-14801	P003_WD06_00045

DiscRep_SUB:FEATURE_LOCATION_CONFLICT::Coding region xref gene does not exist
P003_WD06/P003_WD06:CDS	ribosomal protein L20	k141_50302:15896-16261	P003_WD06_00046

DiscRep_SUB:FEATURE_LOCATION_CONFLICT::Coding region xref gene does not exist
P003_WD06/P003_WD06:CDS	ribosomal protein S18	k141_50302:c16849-16544	P003_WD06_00047

DiscRep_SUB:FEATURE_LOCATION_CONFLICT::Coding region xref gene does not exist
P003_WD06/P003_WD06:CDS	hypothetical protein	k141_50302:c17197-17069	P003_WD06_00048

DiscRep_SUB:FEATURE_LOCATION_CONFLICT::Coding region xref gene does not exist
P003_WD06/P003_WD06:CDS	hypothetical protein	k141_50302:19113-19517	P003_WD06_00051

DiscRep_SUB:FEATURE_LOCATION_CONFLICT::Coding region xref gene does not exist
P003_WD06/P003_WD06:CDS	photosystem II cytochrome b559 alpha subunit	k141_50302:20196-20447	P003_WD06_00052

DiscRep_SUB:FEATURE_LOCATION_CONFLICT::Coding region xref gene does not exist
P003_WD06/P003_WD06:CDS	photosystem II cytochrome b559 beta subunit	k141_50302:20457-20576	P003_WD06_00053

DiscRep_SUB:FEATURE_LOCATION_CONFLICT::Coding region xref gene does not exist
P003_WD06/P003_WD06:CDS	cytochrome f	k141_50302:c22313-21384	P003_WD06_00054

DiscRep_SUB:FEATURE_LOCATION_CONFLICT::Coding region xref gene does not exist
P003_WD06/P003_WD06:CDS	envelope membrane protein	k141_50302:c23335-22574	P003_WD06_00055

DiscRep_SUB:FEATURE_LOCATION_CONFLICT::Coding region xref gene does not exist
P003_WD06/P003_WD06:CDS	photosystem I assembly protein Ycf4	k141_50302:c24183-23536	P003_WD06_00056

DiscRep_SUB:FEATURE_LOCATION_CONFLICT::Coding region xref gene does not exist
P003_WD06/P003_WD06:CDS	photosystem I subunit VIII	k141_50302:c24633-24523	P003_WD06_00057

DiscRep_SUB:FEATURE_LOCATION_CONFLICT::Coding region xref gene does not exist
P003_WD06/P003_WD06:CDS	Acetyl-coenzyme A carboxylase carboxyl transferase subunit beta, chloroplastic	k141_50302:c26782-25292	P003_WD06_00058

DiscRep_SUB:FEATURE_LOCATION_CONFLICT::Coding region xref gene does not exist
P003_WD06/P003_WD06:CDS	hypothetical protein	k141_50302:c27032-26799	P003_WD06_00059

DiscRep_SUB:FEATURE_LOCATION_CONFLICT::Coding region xref gene does not exist
P003_WD06/P003_WD06:CDS	ribulose-1,5-bisphosphate carboxylase/oxygenase large subunit	k141_50302:c28933-27485	P003_WD06_00060

DiscRep_SUB:FEATURE_LOCATION_CONFLICT::Coding region xref gene does not exist
P003_WD06/P003_WD06:CDS	hypothetical protein	k141_50302:28986-29144	P003_WD06_00061

DiscRep_SUB:FEATURE_LOCATION_CONFLICT::Coding region xref gene does not exist
P003_WD06/P003_WD06:CDS	ATP synthase CF1 beta subunit	k141_50302:29667-31166	P003_WD06_00062

DiscRep_SUB:FEATURE_LOCATION_CONFLICT::Coding region xref gene does not exist
P003_WD06/P003_WD06:CDS	ATP synthase CF1 epsilon subunit	k141_50302:31163-31561	P003_WD06_00063

DiscRep_SUB:FEATURE_LOCATION_CONFLICT::Coding region xref gene does not exist
P003_WD06/P003_WD06:CDS	NADH-plastoquinone oxidoreductase subunit 3	k141_50302:33991-34353	P003_WD06_00065

DiscRep_SUB:FEATURE_LOCATION_CONFLICT::Coding region xref gene does not exist
P003_WD06/P003_WD06:CDS	NADH-plastoquinone oxidoreductase subunit K	k141_50302:34402-35085	P003_WD06_00066

DiscRep_SUB:FEATURE_LOCATION_CONFLICT::Coding region xref gene does not exist
P003_WD06/P003_WD06:CDS	NADH-plastoquinone oxidoreductase subunit J	k141_50302:35220-35696	P003_WD06_00067

DiscRep_SUB:FEATURE_LOCATION_CONFLICT::Coding region xref gene does not exist
P003_WD06/P003_WD06:CDS	hypothetical protein	k141_50302:35717-35908	P003_WD06_00068

DiscRep_SUB:FEATURE_LOCATION_CONFLICT::Coding region xref gene does not exist
P003_WD06/P003_WD06:CDS	hypothetical protein	k141_50302:35934-36032	P003_WD06_00069

DiscRep_SUB:FEATURE_LOCATION_CONFLICT::Coding region xref gene does not exist
P003_WD06/P003_WD06:CDS	ribosomal protein S4	k141_50302:38739-39344	P003_WD06_00072

DiscRep_SUB:FEATURE_LOCATION_CONFLICT::Coding region xref gene does not exist
P003_WD06/P003_WD06:CDS	hypothetical protein	k141_50302:40922-41026	P003_WD06_00074

DiscRep_SUB:FEATURE_LOCATION_CONFLICT::Coding region xref gene does not exist
P003_WD06/P003_WD06:CDS	putative chloroplast RF34	k141_50302:41426-41674	P003_WD06_00075

DiscRep_SUB:FEATURE_LOCATION_CONFLICT::Coding region xref gene does not exist
P003_WD06/P003_WD06:CDS	photosystem I P700 apoprotein A1	k141_50302:43251-45503	P003_WD06_00076

DiscRep_SUB:FEATURE_LOCATION_CONFLICT::Coding region xref gene does not exist
P003_WD06/P003_WD06:CDS	photosystem I P700 apoprotein A2	k141_50302:45529-47733	P003_WD06_00077

DiscRep_SUB:FEATURE_LOCATION_CONFLICT::Coding region xref gene does not exist
P003_WD06/P003_WD06:CDS	hypothetical protein	k141_50302:47984-48196	P003_WD06_00078

DiscRep_SUB:FEATURE_LOCATION_CONFLICT::Coding region xref gene does not exist
P003_WD06/P003_WD06:CDS	hypothetical protein	k141_50302:48949-49245	P003_WD06_00081

DiscRep_SUB:FEATURE_LOCATION_CONFLICT::Coding region xref gene does not exist
P003_WD06/P003_WD06:CDS	photosystem II CP43 chlorophyll apoprotein	k141_50302:c51231-49846	P003_WD06_00083

DiscRep_SUB:FEATURE_LOCATION_CONFLICT::Coding region xref gene does not exist
P003_WD06/P003_WD06:CDS	photosystem II protein D2	k141_50302:c52276-51215	P003_WD06_00084

DiscRep_SUB:FEATURE_LOCATION_CONFLICT::Coding region xref gene does not exist
P003_WD06/P003_WD06:CDS	hypothetical protein	k141_50302:52573-52992	P003_WD06_00085

DiscRep_SUB:FEATURE_LOCATION_CONFLICT::Coding region xref gene does not exist
P003_WD06/P003_WD06:CDS	hypothetical protein	k141_50302:c56868-56683	P003_WD06_00090

DiscRep_SUB:FEATURE_LOCATION_CONFLICT::Coding region xref gene does not exist
P003_WD06/P003_WD06:CDS	RNA polymerase beta subunit	k141_50302:59254-62502	P003_WD06_00092

DiscRep_SUB:FEATURE_LOCATION_CONFLICT::Coding region xref gene does not exist
P003_WD06/P003_WD06:CDS	RNA polymerase beta' subunit	k141_50302:62499-62966	P003_WD06_00093

DiscRep_SUB:FEATURE_LOCATION_CONFLICT::Coding region xref gene does not exist
P003_WD06/P003_WD06:CDS	RNA polymerase beta' subunit	k141_50302:63714-65360	P003_WD06_00094

DiscRep_SUB:FEATURE_LOCATION_CONFLICT::Coding region xref gene does not exist
P003_WD06/P003_WD06:CDS	RNA polymerase beta'' subunit	k141_50302:65473-69699	P003_WD06_00095

DiscRep_SUB:FEATURE_LOCATION_CONFLICT::Coding region xref gene does not exist
P003_WD06/P003_WD06:CDS	ribosomal protein S2	k141_50302:69837-70643	P003_WD06_00096

DiscRep_SUB:FEATURE_LOCATION_CONFLICT::Coding region xref gene does not exist
P003_WD06/P003_WD06:CDS	ATP synthase CF0 subunit IV	k141_50302:70866-71609	P003_WD06_00097

DiscRep_SUB:FEATURE_LOCATION_CONFLICT::Coding region xref gene does not exist
P003_WD06/P003_WD06:CDS	ATP synthase subunit c	k141_50302:72677-72997	P003_WD06_00098

DiscRep_SUB:FEATURE_LOCATION_CONFLICT::Coding region xref gene does not exist
P003_WD06/P003_WD06:CDS	hypothetical protein	k141_50302:73350-73607	P003_WD06_00099

DiscRep_SUB:FEATURE_LOCATION_CONFLICT::Coding region xref gene does not exist
P003_WD06/P003_WD06:CDS	hypothetical protein	k141_50302:73936-74190	P003_WD06_00100

DiscRep_SUB:FEATURE_LOCATION_CONFLICT::Coding region xref gene does not exist
P003_WD06/P003_WD06:CDS	ATP synthase CF0 subunit I	k141_50302:74326-74700	P003_WD06_00101

DiscRep_SUB:FEATURE_LOCATION_CONFLICT::Coding region xref gene does not exist
P003_WD06/P003_WD06:CDS	ATP synthase CF1 alpha subunit	k141_50302:74778-76301	P003_WD06_00102

DiscRep_SUB:FEATURE_LOCATION_CONFLICT::Coding region xref gene does not exist
P003_WD06/P003_WD06:CDS	photosystem II protein K	k141_50302:c78658-78473	P003_WD06_00105

DiscRep_SUB:FEATURE_LOCATION_CONFLICT::Coding region xref gene does not exist
P003_WD06/P003_WD06:CDS	maturase K	k141_50302:82560-84086	P003_WD06_00107

DiscRep_SUB:FEATURE_LOCATION_CONFLICT::Coding region xref gene does not exist
P003_WD06/P003_WD06:CDS	photosystem II protein D1	k141_50302:84642-85703	P003_WD06_00108

DiscRep_SUB:FEATURE_LOCATION_CONFLICT::Coding region xref gene does not exist
P003_WD06/P003_WD06:CDS	hypothetical protein	k141_50302:c85949-85707	P003_WD06_00109

DiscRep_SUB:FEATURE_LOCATION_CONFLICT::RNA feature xref gene does not exist
P003_WD06/P003_WD06:tRNA	Pro	k141_50302:18131-18204	P003_WD06_00049

DiscRep_SUB:FEATURE_LOCATION_CONFLICT::RNA feature xref gene does not exist
P003_WD06/P003_WD06:tRNA	Trp	k141_50302:18360-18434	P003_WD06_00050

DiscRep_SUB:FEATURE_LOCATION_CONFLICT::RNA feature xref gene does not exist
P003_WD06/P003_WD06:tRNA	Met	k141_50302:c31783-31711	P003_WD06_00064

DiscRep_SUB:FEATURE_LOCATION_CONFLICT::RNA feature xref gene does not exist
P003_WD06/P003_WD06:tRNA	Phe	k141_50302:c36476-36404	P003_WD06_00070

DiscRep_SUB:FEATURE_LOCATION_CONFLICT::RNA feature xref gene does not exist
P003_WD06/P003_WD06:tRNA	Thr	k141_50302:38328-38402	P003_WD06_00071

DiscRep_SUB:FEATURE_LOCATION_CONFLICT::RNA feature xref gene does not exist
P003_WD06/P003_WD06:tRNA	Ser	k141_50302:c39727-39641	P003_WD06_00073

DiscRep_SUB:FEATURE_LOCATION_CONFLICT::RNA feature xref gene does not exist
P003_WD06/P003_WD06:tRNA	Met	k141_50302:48319-48392	P003_WD06_00079

DiscRep_SUB:FEATURE_LOCATION_CONFLICT::RNA feature xref gene does not exist
P003_WD06/P003_WD06:tRNA	Gly	k141_50302:c48656-48586	P003_WD06_00080

DiscRep_SUB:FEATURE_LOCATION_CONFLICT::RNA feature xref gene does not exist
P003_WD06/P003_WD06:tRNA	Ser	k141_50302:49571-49663	P003_WD06_00082

DiscRep_SUB:FEATURE_LOCATION_CONFLICT::RNA feature xref gene does not exist
P003_WD06/P003_WD06:tRNA	Thr	k141_50302:c53833-53760	P003_WD06_00086

DiscRep_SUB:FEATURE_LOCATION_CONFLICT::RNA feature xref gene does not exist
P003_WD06/P003_WD06:tRNA	Glu	k141_50302:54567-54641	P003_WD06_00087

DiscRep_SUB:FEATURE_LOCATION_CONFLICT::RNA feature xref gene does not exist
P003_WD06/P003_WD06:tRNA	Tyr	k141_50302:54698-54783	P003_WD06_00088

DiscRep_SUB:FEATURE_LOCATION_CONFLICT::RNA feature xref gene does not exist
P003_WD06/P003_WD06:tRNA	Asp	k141_50302:55191-55268	P003_WD06_00089

DiscRep_SUB:FEATURE_LOCATION_CONFLICT::RNA feature xref gene does not exist
P003_WD06/P003_WD06:tRNA	Cys	k141_50302:c58235-58165	P003_WD06_00091

DiscRep_SUB:FEATURE_LOCATION_CONFLICT::RNA feature xref gene does not exist
P003_WD06/P003_WD06:tRNA	Arg	k141_50302:c76431-76360	P003_WD06_00103

DiscRep_SUB:FEATURE_LOCATION_CONFLICT::RNA feature xref gene does not exist
P003_WD06/P003_WD06:tRNA	Ser	k141_50302:77733-77820	P003_WD06_00104

DiscRep_SUB:FEATURE_LOCATION_CONFLICT::RNA feature xref gene does not exist
P003_WD06/P003_WD06:tRNA	Gln	k141_50302:78991-79062	P003_WD06_00106

DiscRep_SUB:FEATURE_LOCATION_CONFLICT::RNA feature xref gene does not exist
P003_WD06/P003_WD06:tRNA	His	k141_50302:86013-86087	P003_WD06_00110

DiscRep_SUB:FEATURE_LOCATION_CONFLICT::Coding region xref gene does not exist
P003_WD06/P003_WD06:CDS	NADH-plastoquinone oxidoreductase subunit 5	k141_92352:c2436-145	P003_WD06_00111

DiscRep_SUB:FEATURE_LOCATION_CONFLICT::Coding region xref gene does not exist
P003_WD06/P003_WD06:CDS	hypothetical protein	k141_92352:c3484-3251	P003_WD06_00112

DiscRep_SUB:FEATURE_LOCATION_CONFLICT::Coding region xref gene does not exist
P003_WD06/P003_WD06:CDS	hypothetical protein	k141_92352:c4164-4057	P003_WD06_00113

DiscRep_SUB:FEATURE_LOCATION_CONFLICT::Coding region xref gene does not exist
P003_WD06/P003_WD06:CDS	cytochrome c heme attachment protein	k141_92352:4416-5387	P003_WD06_00115

DiscRep_SUB:FEATURE_LOCATION_CONFLICT::Coding region xref gene does not exist
P003_WD06/P003_WD06:CDS	NADH-plastoquinone oxidoreductase subunit 4	k141_92352:c7115-5589	P003_WD06_00116

DiscRep_SUB:FEATURE_LOCATION_CONFLICT::Coding region xref gene does not exist
P003_WD06/P003_WD06:CDS	Photosystem I iron-sulfur center	k141_92352:c7542-7222	P003_WD06_00117

DiscRep_SUB:FEATURE_LOCATION_CONFLICT::Coding region xref gene does not exist
P003_WD06/P003_WD06:CDS	NADH-plastoquinone oxidoreductase subunit 4L	k141_92352:c8030-7725	P003_WD06_00118

DiscRep_SUB:FEATURE_LOCATION_CONFLICT::Coding region xref gene does not exist
P003_WD06/P003_WD06:CDS	hypothetical protein	k141_92352:c8964-8266	P003_WD06_00119

DiscRep_SUB:FEATURE_LOCATION_CONFLICT::Coding region xref gene does not exist
P003_WD06/P003_WD06:CDS	NADH-plastoquinone oxidoreductase subunit I	k141_92352:c9700-9167	P003_WD06_00120

DiscRep_SUB:FEATURE_LOCATION_CONFLICT::Coding region xref gene does not exist
P003_WD06/P003_WD06:CDS	NADH-plastoquinone oxidoreductase subunit 1	k141_92352:c10057-9788	P003_WD06_00121

DiscRep_SUB:FEATURE_LOCATION_CONFLICT::Coding region xref gene does not exist
P003_WD06/P003_WD06:CDS	NADH-plastoquinone oxidoreductase subunit 1	k141_92352:c11884-11261	P003_WD06_00122

DiscRep_SUB:FEATURE_LOCATION_CONFLICT::Coding region xref gene does not exist
P003_WD06/P003_WD06:CDS	NADH-plastoquinone oxidoreductase subunit 7	k141_92352:c13067-11886	P003_WD06_00123

DiscRep_SUB:FEATURE_LOCATION_CONFLICT::Coding region xref gene does not exist
P003_WD06/P003_WD06:CDS	ribosomal protein S15	k141_92352:c13470-13198	P003_WD06_00124

DiscRep_SUB:FEATURE_LOCATION_CONFLICT::Coding region xref gene does not exist
P003_WD06/P003_WD06:CDS	hypothetical protein	k141_92352:c18518-13875	P003_WD06_00125

DiscRep_SUB:FEATURE_LOCATION_CONFLICT::RNA feature xref gene does not exist
P003_WD06/P003_WD06:tRNA	Leu	k141_92352:4225-4304	P003_WD06_00114

DiscRep_ALL:SUSPECT_PRODUCT_NAMES::2 product_names contain suspect phrase or characters
DiscRep_SUB:SUSPECT_PRODUCT_NAMES::May contain database identifier more appropriate in note; remove from product name
DiscRep_SUB:SUSPECT_PRODUCT_NAMES::2 features contains three or more numbers together that may be identifiers more appropriate in note
P003_WD06/P003_WD06:CDS	photosystem I P700 apoprotein A1	k141_50302:43251-45503	P003_WD06_00076
P003_WD06/P003_WD06:CDS	photosystem I P700 apoprotein A2	k141_50302:45529-47733	P003_WD06_00077

DiscRep_ALL:DISC_QUALITY_SCORES::Quality scores are missing on all sequences.

DiscRep_ALL:ONCALLER_COMMENT_PRESENT::3 comment descriptors were found (all same)
P003_WD06/P003_WD06:k141_543:Annotated using prokka 1.14.5 from https://github.com/tseemann/prokka
P003_WD06/P003_WD06:k141_50302:Annotated using prokka 1.14.5 from https://github.com/tseemann/prokka
P003_WD06/P003_WD06:k141_92352:Annotated using prokka 1.14.5 from https://github.com/tseemann/prokka

DiscRep_ALL:SHORT_PROT_SEQUENCES::9 protein sequences are shorter than 50 aa.
P003_WD06/P003_WD06:k141_543_6 (length 49)
P003_WD06/P003_WD06:k141_543_19 (length 38)
P003_WD06/P003_WD06:k141_50302_15 (length 40)
P003_WD06/P003_WD06:k141_50302_21 (length 42)
P003_WD06/P003_WD06:k141_50302_24 (length 39)
P003_WD06/P003_WD06:k141_50302_28 (length 36)
P003_WD06/P003_WD06:k141_50302_39 (length 32)
P003_WD06/P003_WD06:k141_50302_41 (length 34)
P003_WD06/P003_WD06:k141_92352_3 (length 35)

DiscRep_ALL:MISSING_GENOMEASSEMBLY_COMMENTS::3 bioseqs are missing GenomeAssembly structured comments
P003_WD06/P003_WD06:k141_543 (length 26996)
P003_WD06/P003_WD06:k141_50302 (length 86236)
P003_WD06/P003_WD06:k141_92352 (length 18636)

DiscRep_ALL:MOLTYPE_NOT_MRNA::3 molecule types are not set as mRNA.
P003_WD06/P003_WD06:k141_543 (length 26996)
P003_WD06/P003_WD06:k141_50302 (length 86236)
P003_WD06/P003_WD06:k141_92352 (length 18636)

DiscRep_ALL:TECHNIQUE_NOT_TSA::3 technique are not set as TSA
P003_WD06/P003_WD06:k141_543 (length 26996)
P003_WD06/P003_WD06:k141_50302 (length 86236)
P003_WD06/P003_WD06:k141_92352 (length 18636)

DiscRep_ALL:MISSING_STRUCTURED_COMMENT::3 sequences do not include structured comments.
P003_WD06/P003_WD06:k141_543 (length 26996)
P003_WD06/P003_WD06:k141_50302 (length 86236)
P003_WD06/P003_WD06:k141_92352 (length 18636)

DiscRep_ALL:MISSING_PROJECT::102 sequences do not include project.
P003_WD06/P003_WD06:k141_543 (length 26996)
P003_WD06/P003_WD06:k141_543_1 (length 74)
P003_WD06/P003_WD06:k141_543_2 (length 71)
P003_WD06/P003_WD06:k141_543_3 (length 195)
P003_WD06/P003_WD06:k141_543_4 (length 117)
P003_WD06/P003_WD06:k141_543_5 (length 82)
P003_WD06/P003_WD06:k141_543_6 (length 49)
P003_WD06/P003_WD06:k141_543_7 (length 135)
P003_WD06/P003_WD06:k141_543_8 (length 82)
P003_WD06/P003_WD06:k141_543_9 (length 72)
P003_WD06/P003_WD06:k141_543_10 (length 73)
P003_WD06/P003_WD06:k141_543_11 (length 56)
P003_WD06/P003_WD06:k141_543_12 (length 155)
P003_WD06/P003_WD06:k141_543_13 (length 246)
P003_WD06/P003_WD06:k141_543_14 (length 260)
P003_WD06/P003_WD06:k141_543_15 (length 107)
P003_WD06/P003_WD06:k141_543_16 (length 2300)
P003_WD06/P003_WD06:k141_543_17 (length 93)
P003_WD06/P003_WD06:k141_543_18 (length 112)
P003_WD06/P003_WD06:k141_543_19 (length 38)
P003_WD06/P003_WD06:k141_543_20 (length 165)
P003_WD06/P003_WD06:k141_50302 (length 86236)
P003_WD06/P003_WD06:k141_50302_1 (length 92)
P003_WD06/P003_WD06:k141_50302_2 (length 179)
P003_WD06/P003_WD06:k141_50302_3 (length 218)
P003_WD06/P003_WD06:k141_50302_4 (length 51)
P003_WD06/P003_WD06:k141_50302_5 (length 76)
P003_WD06/P003_WD06:k141_50302_6 (length 119)
P003_WD06/P003_WD06:k141_50302_7 (length 122)
P003_WD06/P003_WD06:k141_50302_8 (length 132)
P003_WD06/P003_WD06:k141_50302_9 (length 138)
P003_WD06/P003_WD06:k141_50302_10 (length 346)
P003_WD06/P003_WD06:k141_50302_11 (length 183)
P003_WD06/P003_WD06:k141_50302_12 (length 162)
P003_WD06/P003_WD06:k141_50302_13 (length 73)
P003_WD06/P003_WD06:k141_50302_14 (length 508)
P003_WD06/P003_WD06:k141_50302_15 (length 40)
P003_WD06/P003_WD06:k141_50302_16 (length 80)
P003_WD06/P003_WD06:k141_50302_17 (length 90)
P003_WD06/P003_WD06:k141_50302_18 (length 79)
P003_WD06/P003_WD06:k141_50302_19 (length 121)
P003_WD06/P003_WD06:k141_50302_20 (length 101)
P003_WD06/P003_WD06:k141_50302_21 (length 42)
P003_WD06/P003_WD06:k141_50302_22 (length 134)
P003_WD06/P003_WD06:k141_50302_23 (length 83)
P003_WD06/P003_WD06:k141_50302_24 (length 39)
P003_WD06/P003_WD06:k141_50302_25 (length 309)
P003_WD06/P003_WD06:k141_50302_26 (length 253)
P003_WD06/P003_WD06:k141_50302_27 (length 215)
P003_WD06/P003_WD06:k141_50302_28 (length 36)
P003_WD06/P003_WD06:k141_50302_29 (length 496)
P003_WD06/P003_WD06:k141_50302_30 (length 77)
P003_WD06/P003_WD06:k141_50302_31 (length 482)
P003_WD06/P003_WD06:k141_50302_32 (length 52)
P003_WD06/P003_WD06:k141_50302_33 (length 499)
P003_WD06/P003_WD06:k141_50302_34 (length 132)
P003_WD06/P003_WD06:k141_50302_35 (length 120)
P003_WD06/P003_WD06:k141_50302_36 (length 227)
P003_WD06/P003_WD06:k141_50302_37 (length 158)
P003_WD06/P003_WD06:k141_50302_38 (length 63)
P003_WD06/P003_WD06:k141_50302_39 (length 32)
P003_WD06/P003_WD06:k141_50302_40 (length 201)
P003_WD06/P003_WD06:k141_50302_41 (length 34)
P003_WD06/P003_WD06:k141_50302_42 (length 82)
P003_WD06/P003_WD06:k141_50302_43 (length 750)
P003_WD06/P003_WD06:k141_50302_44 (length 734)
P003_WD06/P003_WD06:k141_50302_45 (length 70)
P003_WD06/P003_WD06:k141_50302_46 (length 98)
P003_WD06/P003_WD06:k141_50302_47 (length 461)
P003_WD06/P003_WD06:k141_50302_48 (length 353)
P003_WD06/P003_WD06:k141_50302_49 (length 139)
P003_WD06/P003_WD06:k141_50302_50 (length 61)
P003_WD06/P003_WD06:k141_50302_51 (length 1082)
P003_WD06/P003_WD06:k141_50302_52 (length 155)
P003_WD06/P003_WD06:k141_50302_53 (length 548)
P003_WD06/P003_WD06:k141_50302_54 (length 1408)
P003_WD06/P003_WD06:k141_50302_55 (length 268)
P003_WD06/P003_WD06:k141_50302_56 (length 247)
P003_WD06/P003_WD06:k141_50302_57 (length 106)
P003_WD06/P003_WD06:k141_50302_58 (length 85)
P003_WD06/P003_WD06:k141_50302_59 (length 84)
P003_WD06/P003_WD06:k141_50302_60 (length 124)
P003_WD06/P003_WD06:k141_50302_61 (length 507)
P003_WD06/P003_WD06:k141_50302_62 (length 61)
P003_WD06/P003_WD06:k141_50302_63 (length 508)
P003_WD06/P003_WD06:k141_50302_64 (length 353)
P003_WD06/P003_WD06:k141_50302_65 (length 80)
P003_WD06/P003_WD06:k141_92352 (length 18636)
P003_WD06/P003_WD06:k141_92352_1 (length 763)
P003_WD06/P003_WD06:k141_92352_2 (length 77)
P003_WD06/P003_WD06:k141_92352_3 (length 35)
P003_WD06/P003_WD06:k141_92352_4 (length 323)
P003_WD06/P003_WD06:k141_92352_5 (length 508)
P003_WD06/P003_WD06:k141_92352_6 (length 106)
P003_WD06/P003_WD06:k141_92352_7 (length 101)
P003_WD06/P003_WD06:k141_92352_8 (length 232)
P003_WD06/P003_WD06:k141_92352_9 (length 177)
P003_WD06/P003_WD06:k141_92352_10 (length 89)
P003_WD06/P003_WD06:k141_92352_11 (length 207)
P003_WD06/P003_WD06:k141_92352_12 (length 393)
P003_WD06/P003_WD06:k141_92352_13 (length 90)
P003_WD06/P003_WD06:k141_92352_14 (length 1547)

DiscRep_ALL:DISC_INCONSISTENT_MOLINFO_TECH::Molinfo Technique Report (some missing, all same)
DiscRep_SUB:DISC_INCONSISTENT_MOLINFO_TECH::technique (all missing)
DiscRep_SUB:DISC_INCONSISTENT_MOLINFO_TECH::3 Molinfos are missing field technique
P003_WD06/P003_WD06:k141_543 (length 26996)
P003_WD06/P003_WD06:k141_50302 (length 86236)
P003_WD06/P003_WD06:k141_92352 (length 18636)

