[16:15:59] This is prokka 1.14.5
[16:15:59] Written by Torsten Seemann <torsten.seemann@gmail.com>
[16:15:59] Homepage is https://github.com/tseemann/prokka
[16:15:59] Local time is Fri Nov 26 16:15:59 2021
[16:15:59] You are ruud
[16:15:59] Operating system is linux
[16:15:59] You have BioPerl 1.7.8
[16:15:59] System has 40 cores.
[16:15:59] Will use maximum of 40 cores.
[16:15:59] Annotating as >>> Bacteria <<<
[16:15:59] Creating new output folder: P001_WB11
[16:15:59] Running: mkdir -p P001_WB11
[16:15:59] Using filename prefix: P001_WB11.XXX
[16:15:59] Setting HMMER_NCPU=1
[16:15:59] Writing log to: P001_WB11/P001_WB11.log
[16:15:59] Command: /usr/local/packages/prokka-1.14.5/bin/prokka --cpus 40 --prefix P001_WB11 --Kingdom Bacteria --locustag P001_WB11 --proteins vaccinium.gb ../02_Blast/chloroplast_contigs_rapid_genomics_run2/P001_WB11_chloroplast_contigs.fa
[16:15:59] Appending to PATH: /home/local/packages/prokka-1.14.5/bin/../binaries/linux
[16:15:59] Appending to PATH: /home/local/packages/prokka-1.14.5/bin/../binaries/linux/../common
[16:15:59] Appending to PATH: /home/local/packages/prokka-1.14.5/bin
[16:15:59] Looking for 'aragorn' - found /usr/local/packages/Anaconda3-2019.10/bin/aragorn
[16:15:59] Determined aragorn version is 001002 from 'ARAGORN v1.2.38 Dean Laslett'
[16:15:59] Looking for 'barrnap' - found /usr/local/packages/Anaconda3-2019.10/bin/barrnap
[16:16:00] Determined barrnap version is 000009 from 'barrnap 0.9'
[16:16:00] Looking for 'blastp' - found /usr/local/packages/Anaconda3-2019.10/bin/blastp
[16:16:00] Determined blastp version is 002011 from 'blastp: 2.11.0+'
[16:16:00] Looking for 'cmpress' - found /usr/local/packages/Anaconda3-2019.10/bin/cmpress
[16:16:00] Determined cmpress version is 001001 from '# INFERNAL 1.1.2 (July 2016)'
[16:16:00] Looking for 'cmscan' - found /usr/local/packages/Anaconda3-2019.10/bin/cmscan
[16:16:00] Determined cmscan version is 001001 from '# INFERNAL 1.1.2 (July 2016)'
[16:16:00] Looking for 'egrep' - found /bin/egrep
[16:16:00] Looking for 'find' - found /bin/find
[16:16:00] Looking for 'grep' - found /bin/grep
[16:16:00] Looking for 'hmmpress' - found /usr/local/packages/Anaconda3-2019.10/bin/hmmpress
[16:16:00] Determined hmmpress version is 003003 from '# HMMER 3.3.2 (Nov 2020); http://hmmer.org/'
[16:16:00] Looking for 'hmmscan' - found /usr/local/packages/Anaconda3-2019.10/bin/hmmscan
[16:16:00] Determined hmmscan version is 003003 from '# HMMER 3.3.2 (Nov 2020); http://hmmer.org/'
[16:16:00] Looking for 'java' - found /usr/local/packages/jdk1.8.0_191/bin/java
[16:16:00] Looking for 'makeblastdb' - found /usr/local/packages/Anaconda3-2019.10/bin/makeblastdb
[16:16:01] Determined makeblastdb version is 002011 from 'makeblastdb: 2.11.0+'
[16:16:01] Looking for 'minced' - found /usr/local/packages/Anaconda3-2019.10/bin/minced
[16:16:01] Determined minced version is 004002 from 'minced 0.4.2'
[16:16:01] Looking for 'parallel' - found /usr/local/packages/Anaconda3-2019.10/bin/parallel
[16:16:01] Determined parallel version is 20210822 from 'GNU parallel 20210822'
[16:16:01] Looking for 'prodigal' - found /usr/local/packages/Anaconda3-2019.10/bin/prodigal
[16:16:01] Determined prodigal version is 002006 from 'Prodigal V2.6.3: February, 2016'
[16:16:01] Looking for 'prokka-genbank_to_fasta_db' - found /usr/local/packages/prokka-1.14.5/bin/prokka-genbank_to_fasta_db
[16:16:01] Looking for 'sed' - found /bin/sed
[16:16:01] Looking for 'tbl2asn' - found /usr/local/packages/Anaconda3-2019.10/bin/tbl2asn
[16:16:01] Determined tbl2asn version is 025008 from 'tbl2asn 25.8   arguments:'
[16:16:01] Using genetic code table 11.
[16:16:01] Loading and checking input file: ../02_Blast/chloroplast_contigs_rapid_genomics_run2/P001_WB11_chloroplast_contigs.fa
[16:16:01] Wrote 12 contigs totalling 127565 bp.
[16:16:01] Predicting tRNAs and tmRNAs
[16:16:01] Running: aragorn -l -gc11  -w P001_WB11\/P001_WB11\.fna
[16:16:01] 1 tRNA-Pro [2528,2601] 35 (tgg)
[16:16:01] 2 tRNA-Trp [2648,2721] 35 (cca)
[16:16:01] 1 tRNA-His c[271,344] 34 (gtg)
[16:16:01] 2 tRNA-Gln c[6894,6965] 33 (ttg)
[16:16:01] 3 tRNA-Gln c[7012,7083] 33 (ttg)
[16:16:01] 4 tRNA-Ser c[8478,8565] 35 (gct)
[16:16:01] 5 tRNA-Arg [10243,10314] 34 (tct)
[16:16:01] 1 tRNA-Leu [4061,4140] 35 (tag)
[16:16:01] 1 tRNA-Asp c[1547,1623] 36 (gtc)
[16:16:01] 2 tRNA-Tyr c[1721,1807] 36 (gta)
[16:16:01] 3 tRNA-Glu c[1866,1938] 35 (ttc)
[16:16:01] 4 tRNA-Ser c[6475,6567] 35 (tga)
[16:16:01] 5 tRNA-Gly [7388,7458] 33 (gcc)
[16:16:01] 6 tRNA-Met c[7636,7711] 36 (cat)
[16:16:01] 7 tRNA-Met [13255,13329] 34 (cat)
[16:16:01] 8 tRNA-Met c[13535,13607] 34 (cat)
[16:16:01] 9 tRNA-Phe c[17611,17684] 34 (gaa)
[16:16:01] 10 tRNA-Thr [19397,19471] 35 (tgt)
[16:16:01] 1 tRNA-Leu c[176,258] 35 (caa)
[16:16:01] 1 tRNA-Met [3330,3404] 34 (cat)
[16:16:01] 1 tRNA-Cys c[2439,2509] 33 (gca)
[16:16:01] 2 tRNA-Ser c[14282,14368] 35 (gga)
[16:16:01] 1 tRNA-Asn [193,266] 34 (gtt)
[16:16:01] 2 tRNA-Arg c[500,573] 35 (acg)
[16:16:01] Found 24 tRNAs
[16:16:01] Predicting Ribosomal RNAs
[16:16:01] Running Barrnap with 40 threads
[16:16:02] 1 k141_40010 1155 23S ribosomal RNA (partial)
[16:16:02] 2 k141_84055 880 16S ribosomal RNA
[16:16:02] 3 k141_84055 4764 23S ribosomal RNA (partial)
[16:16:02] Found 3 rRNAs
[16:16:02] Skipping ncRNA search, enable with --rfam if desired.
[16:16:02] Total of 27 tRNA + rRNA features
[16:16:02] Searching for CRISPR repeats
[16:16:03] Found 0 CRISPRs
[16:16:03] Predicting coding sequences
[16:16:03] Contigs total 127565 bp, so using single mode
[16:16:03] Running: prodigal -i P001_WB11\/P001_WB11\.fna -c -m -g 11 -p single -f sco -q
[16:16:03] Excluding CDS which overlaps existing RNA (tRNA) at k141_95347:6340..6597 on - strand
[16:16:03] Excluding CDS which overlaps existing RNA (rRNA) at k141_84055:730..927 on + strand
[16:16:03] Excluding CDS which overlaps existing RNA (rRNA) at k141_84055:1338..1487 on + strand
[16:16:03] Excluding CDS which overlaps existing RNA (rRNA) at k141_84055:1940..2191 on + strand
[16:16:03] Excluding CDS which overlaps existing RNA (rRNA) at k141_84055:2188..2325 on + strand
[16:16:03] Excluding CDS which overlaps existing RNA (rRNA) at k141_84055:5130..5363 on - strand
[16:16:03] Excluding CDS which overlaps existing RNA (rRNA) at k141_84055:5556..5735 on + strand
[16:16:03] Excluding CDS which overlaps existing RNA (tRNA) at k141_40010:33..203 on + strand
[16:16:03] Found 92 CDS
[16:16:03] Connecting features back to sequences
[16:16:03] Not using genus-specific database. Try --usegenus to enable it.
[16:16:03] Preparing user-supplied primary BLAST annotation source: vaccinium.gb
[16:16:03] Guessed source was in genbank format.
[16:16:03] Converting genbank 'vaccinium.gb' into Prokka FASTA 'P001_WB11/proteins.faa'
[16:16:03] Running: prokka-genbank_to_fasta_db --format genbank vaccinium\.gb > P001_WB11\/proteins\.faa 2> /dev/null
[16:16:03] Running: makeblastdb -dbtype prot -in P001_WB11\/proteins\.faa -out P001_WB11\/proteins -logfile /dev/null
[16:16:04] Using /inference source as 'vaccinium.gb'
[16:16:04] Annotating CDS, please be patient.
[16:16:04] Will use 40 CPUs for similarity searching.
[16:16:04] There are still 92 unannotated CDS left (started with 92)
[16:16:04] Will use blast to search against P001_WB11/proteins with 40 CPUs
[16:16:04] Running: cat P001_WB11\/P001_WB11\.proteins\.tmp\.9649\.faa | parallel --gnu --plain -j 40 --block 269 --recstart '>' --pipe blastp -query - -db P001_WB11/proteins -evalue 1e-09 -qcov_hsp_perc 80 -num_threads 1 -num_descriptions 1 -num_alignments 1 -seg no > P001_WB11\/P001_WB11\.proteins\.tmp\.9649\.blast 2> /dev/null
[16:16:05] Deleting unwanted file: P001_WB11/P001_WB11.proteins.tmp.9649.faa
[16:16:05] Deleting unwanted file: P001_WB11/P001_WB11.proteins.tmp.9649.blast
[16:16:05] There are still 32 unannotated CDS left (started with 92)
[16:16:05] Will use blast to search against /home/local/packages/prokka-1.14.5/db/kingdom/Bacteria/IS with 40 CPUs
[16:16:05] Running: cat P001_WB11\/P001_WB11\.IS\.tmp\.9649\.faa | parallel --gnu --plain -j 40 --block 58 --recstart '>' --pipe blastp -query - -db /home/local/packages/prokka-1.14.5/db/kingdom/Bacteria/IS -evalue 1e-30 -qcov_hsp_perc 90 -num_threads 1 -num_descriptions 1 -num_alignments 1 -seg no > P001_WB11\/P001_WB11\.IS\.tmp\.9649\.blast 2> /dev/null
[16:16:07] Deleting unwanted file: P001_WB11/P001_WB11.IS.tmp.9649.faa
[16:16:07] Deleting unwanted file: P001_WB11/P001_WB11.IS.tmp.9649.blast
[16:16:07] There are still 32 unannotated CDS left (started with 92)
[16:16:07] Will use blast to search against /home/local/packages/prokka-1.14.5/db/kingdom/Bacteria/AMR with 40 CPUs
[16:16:07] Running: cat P001_WB11\/P001_WB11\.AMR\.tmp\.9649\.faa | parallel --gnu --plain -j 40 --block 58 --recstart '>' --pipe blastp -query - -db /home/local/packages/prokka-1.14.5/db/kingdom/Bacteria/AMR -evalue 1e-300 -qcov_hsp_perc 90 -num_threads 1 -num_descriptions 1 -num_alignments 1 -seg no > P001_WB11\/P001_WB11\.AMR\.tmp\.9649\.blast 2> /dev/null
[16:16:08] Deleting unwanted file: P001_WB11/P001_WB11.AMR.tmp.9649.faa
[16:16:08] Deleting unwanted file: P001_WB11/P001_WB11.AMR.tmp.9649.blast
[16:16:08] There are still 32 unannotated CDS left (started with 92)
[16:16:08] Will use blast to search against /home/local/packages/prokka-1.14.5/db/kingdom/Bacteria/sprot with 40 CPUs
[16:16:08] Running: cat P001_WB11\/P001_WB11\.sprot\.tmp\.9649\.faa | parallel --gnu --plain -j 40 --block 58 --recstart '>' --pipe blastp -query - -db /home/local/packages/prokka-1.14.5/db/kingdom/Bacteria/sprot -evalue 1e-09 -qcov_hsp_perc 80 -num_threads 1 -num_descriptions 1 -num_alignments 1 -seg no > P001_WB11\/P001_WB11\.sprot\.tmp\.9649\.blast 2> /dev/null
[16:16:10] Deleting unwanted file: P001_WB11/P001_WB11.sprot.tmp.9649.faa
[16:16:10] Deleting unwanted file: P001_WB11/P001_WB11.sprot.tmp.9649.blast
[16:16:10] There are still 30 unannotated CDS left (started with 92)
[16:16:10] Will use hmmer3 to search against /home/local/packages/prokka-1.14.5/db/hmm/HAMAP.hmm with 40 CPUs
[16:16:10] Running: cat P001_WB11\/P001_WB11\.HAMAP\.hmm\.tmp\.9649\.faa | parallel --gnu --plain -j 40 --block 55 --recstart '>' --pipe hmmscan --noali --notextw --acc -E 1e-09 --cpu 1 /home/local/packages/prokka-1.14.5/db/hmm/HAMAP.hmm /dev/stdin > P001_WB11\/P001_WB11\.HAMAP\.hmm\.tmp\.9649\.hmmer3 2> /dev/null
[16:16:11] Deleting unwanted file: P001_WB11/P001_WB11.HAMAP.hmm.tmp.9649.faa
[16:16:11] Deleting unwanted file: P001_WB11/P001_WB11.HAMAP.hmm.tmp.9649.hmmer3
[16:16:11] Deleting unwanted file: P001_WB11/proteins.psq
[16:16:11] Deleting unwanted file: P001_WB11/proteins.phr
[16:16:11] Deleting unwanted file: P001_WB11/proteins.pin
[16:16:11] Labelling remaining 28 proteins as 'hypothetical protein'
[16:16:11] Possible /pseudo 'ribosomal protein L2' at k141_98959 position 16329
[16:16:11] Possible /pseudo 'NADH-plastoquinone oxidoreductase subunit 1' at k141_7195 position 11307
[16:16:11] Possible /pseudo 'ATP-dependent Clp protease proteolytic subunit' at k141_106380 position 2264
[16:16:11] Found 58 unique /gene codes.
[16:16:11] Fixed 2 duplicate /gene - clpP_1 clpP_2
[16:16:11] Fixed 2 duplicate /gene - atpF_1 atpF_2
[16:16:11] Fixed 2 duplicate /gene - rpoC1_1 rpoC1_2
[16:16:11] Fixed 2 duplicate /gene - ndhB_1 ndhB_2
[16:16:11] Fixed 2 duplicate /gene - rpl2_1 rpl2_2
[16:16:11] Fixed 2 duplicate /gene - ndhA_1 ndhA_2
[16:16:11] Fixed 6 colliding /gene names.
[16:16:11] Adding /locus_tag identifiers
[16:16:11] Assigned 119 locus_tags to CDS and RNA features.
[16:16:11] Writing outputs to P001_WB11/
[16:16:11] Generating annotation statistics file
[16:16:11] Generating Genbank and Sequin files
[16:16:11] Running: tbl2asn -V b -a r10k -l paired-ends -M n -N 1 -y 'Annotated using prokka 1.14.5 from https://github.com/tseemann/prokka' -Z P001_WB11\/P001_WB11\.err -i P001_WB11\/P001_WB11\.fsa 2> /dev/null
[16:16:12] Deleting unwanted file: P001_WB11/errorsummary.val
[16:16:12] Deleting unwanted file: P001_WB11/P001_WB11.dr
[16:16:12] Deleting unwanted file: P001_WB11/P001_WB11.fixedproducts
[16:16:12] Deleting unwanted file: P001_WB11/P001_WB11.ecn
[16:16:12] Deleting unwanted file: P001_WB11/P001_WB11.val
[16:16:12] Repairing broken .GBK output that tbl2asn produces...
[16:16:12] Running: sed 's/COORDINATES: profile/COORDINATES:profile/' < P001_WB11\/P001_WB11\.gbf > P001_WB11\/P001_WB11\.gbk
[16:16:12] Deleting unwanted file: P001_WB11/P001_WB11.gbf
[16:16:12] Output files:
[16:16:12] P001_WB11/P001_WB11.faa
[16:16:12] P001_WB11/P001_WB11.fsa
[16:16:12] P001_WB11/P001_WB11.txt
[16:16:12] P001_WB11/P001_WB11.log
[16:16:12] P001_WB11/P001_WB11.tbl
[16:16:12] P001_WB11/P001_WB11.err
[16:16:12] P001_WB11/P001_WB11.gbk
[16:16:12] P001_WB11/P001_WB11.gff
[16:16:12] P001_WB11/P001_WB11.sqn
[16:16:12] P001_WB11/P001_WB11.tsv
[16:16:12] P001_WB11/P001_WB11.fna
[16:16:12] P001_WB11/P001_WB11.ffn
[16:16:12] Annotation finished successfully.
[16:16:12] Walltime used: 0.22 minutes
[16:16:12] If you use this result please cite the Prokka paper:
[16:16:12] Seemann T (2014) Prokka: rapid prokaryotic genome annotation. Bioinformatics. 30(14):2068-9.
[16:16:12] Type 'prokka --citation' for more details.
[16:16:12] Share and enjoy!
