Discrepancy Report Results

Summary
FATAL: MISSING_PROTEIN_ID:102 proteins have invalid IDs.
DISC_SOURCE_QUALS_ASNDISC:strain (all present, all same)
DISC_SOURCE_QUALS_ASNDISC:taxname (all present, all same)
DISC_FEATURE_COUNT:CDS: 102 present
DISC_FEATURE_COUNT:tRNA: 24 present
DISC_FEATURE_COUNT:rRNA: 2 present
DISC_COUNT_NUCLEOTIDES:2 nucleotide Bioseqs are present
FEATURE_LOCATION_CONFLICT:128 features have inconsistent gene locations.
SUSPECT_PRODUCT_NAMES:2 product_names contain suspect phrase or characters
	May contain database identifier more appropriate in note; remove from product name
		2 features contains three or more numbers together that may be identifiers more appropriate in note
DISC_QUALITY_SCORES:Quality scores are missing on all sequences.
ONCALLER_COMMENT_PRESENT:2 comment descriptors were found (all same)
SHORT_PROT_SEQUENCES:10 protein sequences are shorter than 50 aa.
MISSING_GENOMEASSEMBLY_COMMENTS:2 bioseqs are missing GenomeAssembly structured comments
MOLTYPE_NOT_MRNA:2 molecule types are not set as mRNA.
TECHNIQUE_NOT_TSA:2 technique are not set as TSA
MISSING_STRUCTURED_COMMENT:2 sequences do not include structured comments.
MISSING_PROJECT:104 sequences do not include project.
DISC_INCONSISTENT_MOLINFO_TECH:Molinfo Technique Report (some missing, all same)


Detailed Report

FATAL: DiscRep_ALL:MISSING_PROTEIN_ID::102 proteins have invalid IDs.
P001_WC08/P001_WC08:k141_7621_1 (length 353)
P001_WC08/P001_WC08:k141_7621_2 (length 557)
P001_WC08/P001_WC08:k141_7621_3 (length 54)
P001_WC08/P001_WC08:k141_7621_4 (length 58)
P001_WC08/P001_WC08:k141_7621_5 (length 61)
P001_WC08/P001_WC08:k141_7621_6 (length 61)
P001_WC08/P001_WC08:k141_7621_7 (length 36)
P001_WC08/P001_WC08:k141_7621_8 (length 60)
P001_WC08/P001_WC08:k141_7621_9 (length 507)
P001_WC08/P001_WC08:k141_7621_10 (length 121)
P001_WC08/P001_WC08:k141_7621_11 (length 46)
P001_WC08/P001_WC08:k141_7621_12 (length 77)
P001_WC08/P001_WC08:k141_7621_13 (length 98)
P001_WC08/P001_WC08:k141_7621_14 (length 247)
P001_WC08/P001_WC08:k141_7621_15 (length 270)
P001_WC08/P001_WC08:k141_7621_16 (length 1378)
P001_WC08/P001_WC08:k141_7621_17 (length 516)
P001_WC08/P001_WC08:k141_7621_18 (length 152)
P001_WC08/P001_WC08:k141_7621_19 (length 1070)
P001_WC08/P001_WC08:k141_7621_20 (length 49)
P001_WC08/P001_WC08:k141_7621_21 (length 29)
P001_WC08/P001_WC08:k141_7621_22 (length 66)
P001_WC08/P001_WC08:k141_7621_23 (length 353)
P001_WC08/P001_WC08:k141_7621_24 (length 473)
P001_WC08/P001_WC08:k141_7621_25 (length 73)
P001_WC08/P001_WC08:k141_7621_26 (length 100)
P001_WC08/P001_WC08:k141_7621_27 (length 734)
P001_WC08/P001_WC08:k141_7621_28 (length 765)
P001_WC08/P001_WC08:k141_7621_29 (length 97)
P001_WC08/P001_WC08:k141_7621_30 (length 82)
P001_WC08/P001_WC08:k141_7621_31 (length 186)
P001_WC08/P001_WC08:k141_7621_32 (length 44)
P001_WC08/P001_WC08:k141_7621_33 (length 201)
P001_WC08/P001_WC08:k141_7621_34 (length 57)
P001_WC08/P001_WC08:k141_7621_35 (length 173)
P001_WC08/P001_WC08:k141_7621_36 (length 225)
P001_WC08/P001_WC08:k141_7621_37 (length 120)
P001_WC08/P001_WC08:k141_7621_38 (length 133)
P001_WC08/P001_WC08:k141_7621_39 (length 500)
P001_WC08/P001_WC08:k141_7621_40 (length 482)
P001_WC08/P001_WC08:k141_7621_41 (length 491)
P001_WC08/P001_WC08:k141_7621_42 (length 184)
P001_WC08/P001_WC08:k141_7621_43 (length 230)
P001_WC08/P001_WC08:k141_7621_44 (length 320)
P001_WC08/P001_WC08:k141_7621_45 (length 79)
P001_WC08/P001_WC08:k141_7621_46 (length 40)
P001_WC08/P001_WC08:k141_7621_47 (length 83)
P001_WC08/P001_WC08:k141_7621_48 (length 55)
P001_WC08/P001_WC08:k141_7621_49 (length 51)
P001_WC08/P001_WC08:k141_7621_50 (length 90)
P001_WC08/P001_WC08:k141_7621_51 (length 66)
P001_WC08/P001_WC08:k141_7621_52 (length 52)
P001_WC08/P001_WC08:k141_7621_53 (length 69)
P001_WC08/P001_WC08:k141_7621_54 (length 128)
P001_WC08/P001_WC08:k141_7621_55 (length 69)
P001_WC08/P001_WC08:k141_7621_56 (length 112)
P001_WC08/P001_WC08:k141_7621_57 (length 104)
P001_WC08/P001_WC08:k141_7621_58 (length 51)
P001_WC08/P001_WC08:k141_7621_59 (length 508)
P001_WC08/P001_WC08:k141_7621_60 (length 73)
P001_WC08/P001_WC08:k141_7621_61 (length 97)
P001_WC08/P001_WC08:k141_7621_62 (length 162)
P001_WC08/P001_WC08:k141_7621_63 (length 174)
P001_WC08/P001_WC08:k141_7621_64 (length 357)
P001_WC08/P001_WC08:k141_7621_65 (length 138)
P001_WC08/P001_WC08:k141_7621_66 (length 77)
P001_WC08/P001_WC08:k141_7621_67 (length 134)
P001_WC08/P001_WC08:k141_7621_68 (length 122)
P001_WC08/P001_WC08:k141_7621_69 (length 119)
P001_WC08/P001_WC08:k141_7621_70 (length 218)
P001_WC08/P001_WC08:k141_7621_71 (length 159)
P001_WC08/P001_WC08:k141_7621_72 (length 92)
P001_WC08/P001_WC08:k141_57576_1 (length 142)
P001_WC08/P001_WC08:k141_57576_2 (length 133)
P001_WC08/P001_WC08:k141_57576_3 (length 93)
P001_WC08/P001_WC08:k141_57576_4 (length 2100)
P001_WC08/P001_WC08:k141_57576_5 (length 67)
P001_WC08/P001_WC08:k141_57576_6 (length 260)
P001_WC08/P001_WC08:k141_57576_7 (length 264)
P001_WC08/P001_WC08:k141_57576_8 (length 155)
P001_WC08/P001_WC08:k141_57576_9 (length 39)
P001_WC08/P001_WC08:k141_57576_10 (length 91)
P001_WC08/P001_WC08:k141_57576_11 (length 85)
P001_WC08/P001_WC08:k141_57576_12 (length 84)
P001_WC08/P001_WC08:k141_57576_13 (length 71)
P001_WC08/P001_WC08:k141_57576_14 (length 30)
P001_WC08/P001_WC08:k141_57576_15 (length 34)
P001_WC08/P001_WC08:k141_57576_16 (length 608)
P001_WC08/P001_WC08:k141_57576_17 (length 1167)
P001_WC08/P001_WC08:k141_57576_18 (length 37)
P001_WC08/P001_WC08:k141_57576_19 (length 90)
P001_WC08/P001_WC08:k141_57576_20 (length 393)
P001_WC08/P001_WC08:k141_57576_21 (length 188)
P001_WC08/P001_WC08:k141_57576_22 (length 124)
P001_WC08/P001_WC08:k141_57576_23 (length 167)
P001_WC08/P001_WC08:k141_57576_24 (length 190)
P001_WC08/P001_WC08:k141_57576_25 (length 101)
P001_WC08/P001_WC08:k141_57576_26 (length 81)
P001_WC08/P001_WC08:k141_57576_27 (length 506)
P001_WC08/P001_WC08:k141_57576_28 (length 320)
P001_WC08/P001_WC08:k141_57576_29 (length 83)
P001_WC08/P001_WC08:k141_57576_30 (length 747)

DiscRep_ALL:DISC_SOURCE_QUALS_ASNDISC::strain (all present, all same)
DiscRep_SUB:DISC_SOURCE_QUALS_ASNDISC::2 sources have 'strain' for strain
DiscRep_ALL:DISC_SOURCE_QUALS_ASNDISC::taxname (all present, all same)
DiscRep_SUB:DISC_SOURCE_QUALS_ASNDISC::2 sources have 'Genus species' for taxname
DiscRep_ALL:DISC_FEATURE_COUNT::CDS: 102 present
DiscRep_ALL:DISC_FEATURE_COUNT::tRNA: 24 present
DiscRep_ALL:DISC_FEATURE_COUNT::rRNA: 2 present
DiscRep_ALL:DISC_COUNT_NUCLEOTIDES::2 nucleotide Bioseqs are present
P001_WC08/P001_WC08:k141_7621 (length 85061)
P001_WC08/P001_WC08:k141_57576 (length 43908)

DiscRep_ALL:FEATURE_LOCATION_CONFLICT::128 features have inconsistent gene locations.
DiscRep_SUB:FEATURE_LOCATION_CONFLICT::Coding region xref gene does not exist
P001_WC08/P001_WC08:CDS	photosystem II protein D1	k141_7621:c1598-537	P001_WC08_00002

DiscRep_SUB:FEATURE_LOCATION_CONFLICT::Coding region xref gene does not exist
P001_WC08/P001_WC08:CDS	maturase K	k141_7621:c3805-2132	P001_WC08_00003

DiscRep_SUB:FEATURE_LOCATION_CONFLICT::Coding region xref gene does not exist
P001_WC08/P001_WC08:CDS	hypothetical protein	k141_7621:4581-4745	P001_WC08_00004

DiscRep_SUB:FEATURE_LOCATION_CONFLICT::Coding region xref gene does not exist
P001_WC08/P001_WC08:CDS	ribosomal protein S16	k141_7621:c5466-5290	P001_WC08_00005

DiscRep_SUB:FEATURE_LOCATION_CONFLICT::Coding region xref gene does not exist
P001_WC08/P001_WC08:CDS	hypothetical protein	k141_7621:c5829-5644	P001_WC08_00006

DiscRep_SUB:FEATURE_LOCATION_CONFLICT::Coding region xref gene does not exist
P001_WC08/P001_WC08:CDS	photosystem II protein K	k141_7621:7689-7874	P001_WC08_00008

DiscRep_SUB:FEATURE_LOCATION_CONFLICT::Coding region xref gene does not exist
P001_WC08/P001_WC08:CDS	Photosystem II reaction center protein I	k141_7621:8291-8401	P001_WC08_00009

DiscRep_SUB:FEATURE_LOCATION_CONFLICT::Coding region xref gene does not exist
P001_WC08/P001_WC08:CDS	hypothetical protein	k141_7621:c9503-9321	P001_WC08_00011

DiscRep_SUB:FEATURE_LOCATION_CONFLICT::Coding region xref gene does not exist
P001_WC08/P001_WC08:CDS	ATP synthase CF1 alpha subunit	k141_7621:c12114-10591	P001_WC08_00013

DiscRep_SUB:FEATURE_LOCATION_CONFLICT::Coding region xref gene does not exist
P001_WC08/P001_WC08:CDS	ATP synthase CF0 subunit I	k141_7621:c12532-12167	P001_WC08_00014

DiscRep_SUB:FEATURE_LOCATION_CONFLICT::Coding region xref gene does not exist
P001_WC08/P001_WC08:CDS	hypothetical protein	k141_7621:13019-13159	P001_WC08_00015

DiscRep_SUB:FEATURE_LOCATION_CONFLICT::Coding region xref gene does not exist
P001_WC08/P001_WC08:CDS	hypothetical protein	k141_7621:c13477-13244	P001_WC08_00016

DiscRep_SUB:FEATURE_LOCATION_CONFLICT::Coding region xref gene does not exist
P001_WC08/P001_WC08:CDS	ATP synthase CF0 subunit III	k141_7621:c14107-13811	P001_WC08_00017

DiscRep_SUB:FEATURE_LOCATION_CONFLICT::Coding region xref gene does not exist
P001_WC08/P001_WC08:CDS	ATP synthase CF0 subunit IV	k141_7621:c15623-14880	P001_WC08_00018

DiscRep_SUB:FEATURE_LOCATION_CONFLICT::Coding region xref gene does not exist
P001_WC08/P001_WC08:CDS	ribosomal protein S2	k141_7621:c16700-15888	P001_WC08_00019

DiscRep_SUB:FEATURE_LOCATION_CONFLICT::Coding region xref gene does not exist
P001_WC08/P001_WC08:CDS	RNA polymerase beta'' subunit	k141_7621:c21020-16884	P001_WC08_00020

DiscRep_SUB:FEATURE_LOCATION_CONFLICT::Coding region xref gene does not exist
P001_WC08/P001_WC08:CDS	RNA polymerase beta' subunit	k141_7621:c22788-21238	P001_WC08_00021

DiscRep_SUB:FEATURE_LOCATION_CONFLICT::Coding region xref gene does not exist
P001_WC08/P001_WC08:CDS	RNA polymerase beta' subunit	k141_7621:c24047-23589	P001_WC08_00022

DiscRep_SUB:FEATURE_LOCATION_CONFLICT::Coding region xref gene does not exist
P001_WC08/P001_WC08:CDS	RNA polymerase beta subunit	k141_7621:c27265-24053	P001_WC08_00023

DiscRep_SUB:FEATURE_LOCATION_CONFLICT::Coding region xref gene does not exist
P001_WC08/P001_WC08:CDS	hypothetical protein	k141_7621:27621-27770	P001_WC08_00024

DiscRep_SUB:FEATURE_LOCATION_CONFLICT::Coding region xref gene does not exist
P001_WC08/P001_WC08:CDS	cytochrome b6/f complex subunit VII	k141_7621:29321-29410	P001_WC08_00026

DiscRep_SUB:FEATURE_LOCATION_CONFLICT::Coding region xref gene does not exist
P001_WC08/P001_WC08:CDS	hypothetical protein	k141_7621:32522-32722	P001_WC08_00031

DiscRep_SUB:FEATURE_LOCATION_CONFLICT::Coding region xref gene does not exist
P001_WC08/P001_WC08:CDS	photosystem II protein D2	k141_7621:33385-34446	P001_WC08_00032

DiscRep_SUB:FEATURE_LOCATION_CONFLICT::Coding region xref gene does not exist
P001_WC08/P001_WC08:CDS	photosystem II CP43 chlorophyll apoprotein	k141_7621:34394-35815	P001_WC08_00033

DiscRep_SUB:FEATURE_LOCATION_CONFLICT::Coding region xref gene does not exist
P001_WC08/P001_WC08:CDS	hypothetical protein	k141_7621:c36615-36394	P001_WC08_00035

DiscRep_SUB:FEATURE_LOCATION_CONFLICT::Coding region xref gene does not exist
P001_WC08/P001_WC08:CDS	ribosomal protein S14	k141_7621:c37669-37367	P001_WC08_00038

DiscRep_SUB:FEATURE_LOCATION_CONFLICT::Coding region xref gene does not exist
P001_WC08/P001_WC08:CDS	photosystem I P700 apoprotein A2	k141_7621:c40002-37798	P001_WC08_00039

DiscRep_SUB:FEATURE_LOCATION_CONFLICT::Coding region xref gene does not exist
P001_WC08/P001_WC08:CDS	photosystem I P700 apoprotein A1	k141_7621:c42325-40028	P001_WC08_00040

DiscRep_SUB:FEATURE_LOCATION_CONFLICT::Coding region xref gene does not exist
P001_WC08/P001_WC08:CDS	hypothetical protein	k141_7621:42816-43109	P001_WC08_00041

DiscRep_SUB:FEATURE_LOCATION_CONFLICT::Coding region xref gene does not exist
P001_WC08/P001_WC08:CDS	putative chloroplast RF34	k141_7621:c43955-43707	P001_WC08_00042

DiscRep_SUB:FEATURE_LOCATION_CONFLICT::Coding region xref gene does not exist
P001_WC08/P001_WC08:CDS	hypothetical protein	k141_7621:44170-44730	P001_WC08_00043

DiscRep_SUB:FEATURE_LOCATION_CONFLICT::Coding region xref gene does not exist
P001_WC08/P001_WC08:CDS	putative chloroplast RF34	k141_7621:c44796-44662	P001_WC08_00044

DiscRep_SUB:FEATURE_LOCATION_CONFLICT::Coding region xref gene does not exist
P001_WC08/P001_WC08:CDS	ribosomal protein S4	k141_7621:c46394-45789	P001_WC08_00046

DiscRep_SUB:FEATURE_LOCATION_CONFLICT::Coding region xref gene does not exist
P001_WC08/P001_WC08:CDS	hypothetical protein	k141_7621:c47302-47129	P001_WC08_00048

DiscRep_SUB:FEATURE_LOCATION_CONFLICT::Coding region xref gene does not exist
P001_WC08/P001_WC08:CDS	NADH-plastoquinone oxidoreductase subunit J	k141_7621:c49551-49030	P001_WC08_00050

DiscRep_SUB:FEATURE_LOCATION_CONFLICT::Coding region xref gene does not exist
P001_WC08/P001_WC08:CDS	NADH-plastoquinone oxidoreductase subunit K	k141_7621:c50289-49612	P001_WC08_00051

DiscRep_SUB:FEATURE_LOCATION_CONFLICT::Coding region xref gene does not exist
P001_WC08/P001_WC08:CDS	NADH-plastoquinone oxidoreductase subunit 3	k141_7621:c50701-50339	P001_WC08_00052

DiscRep_SUB:FEATURE_LOCATION_CONFLICT::Coding region xref gene does not exist
P001_WC08/P001_WC08:CDS	ATP synthase CF1 epsilon subunit	k141_7621:c53445-53044	P001_WC08_00054

DiscRep_SUB:FEATURE_LOCATION_CONFLICT::Coding region xref gene does not exist
P001_WC08/P001_WC08:CDS	ATP synthase CF1 beta subunit	k141_7621:c54944-53442	P001_WC08_00055

DiscRep_SUB:FEATURE_LOCATION_CONFLICT::Coding region xref gene does not exist
P001_WC08/P001_WC08:CDS	ribulose-1,5-bisphosphate carboxylase/oxygenase large subunit	k141_7621:55708-57156	P001_WC08_00056

DiscRep_SUB:FEATURE_LOCATION_CONFLICT::Coding region xref gene does not exist
P001_WC08/P001_WC08:CDS	Acetyl-coenzyme A carboxylase carboxyl transferase subunit beta, chloroplastic	k141_7621:57902-59377	P001_WC08_00057

DiscRep_SUB:FEATURE_LOCATION_CONFLICT::Coding region xref gene does not exist
P001_WC08/P001_WC08:CDS	photosystem I assembly protein Ycf4	k141_7621:60614-61168	P001_WC08_00058

DiscRep_SUB:FEATURE_LOCATION_CONFLICT::Coding region xref gene does not exist
P001_WC08/P001_WC08:CDS	envelope membrane protein	k141_7621:61977-62669	P001_WC08_00059

DiscRep_SUB:FEATURE_LOCATION_CONFLICT::Coding region xref gene does not exist
P001_WC08/P001_WC08:CDS	cytochrome f	k141_7621:62902-63864	P001_WC08_00060

DiscRep_SUB:FEATURE_LOCATION_CONFLICT::Coding region xref gene does not exist
P001_WC08/P001_WC08:CDS	hypothetical protein	k141_7621:64635-64874	P001_WC08_00061

DiscRep_SUB:FEATURE_LOCATION_CONFLICT::Coding region xref gene does not exist
P001_WC08/P001_WC08:CDS	photosystem II protein J	k141_7621:c64960-64838	P001_WC08_00062

DiscRep_SUB:FEATURE_LOCATION_CONFLICT::Coding region xref gene does not exist
P001_WC08/P001_WC08:CDS	photosystem II cytochrome b559 alpha subunit	k141_7621:c65612-65361	P001_WC08_00063

DiscRep_SUB:FEATURE_LOCATION_CONFLICT::Coding region xref gene does not exist
P001_WC08/P001_WC08:CDS	hypothetical protein	k141_7621:c65798-65631	P001_WC08_00064

DiscRep_SUB:FEATURE_LOCATION_CONFLICT::Coding region xref gene does not exist
P001_WC08/P001_WC08:CDS	hypothetical protein	k141_7621:c66522-66367	P001_WC08_00065

DiscRep_SUB:FEATURE_LOCATION_CONFLICT::Coding region xref gene does not exist
P001_WC08/P001_WC08:CDS	Photosystem I reaction center subunit IX	k141_7621:67634-67906	P001_WC08_00068

DiscRep_SUB:FEATURE_LOCATION_CONFLICT::Coding region xref gene does not exist
P001_WC08/P001_WC08:CDS	ribosomal protein L33	k141_7621:68344-68544	P001_WC08_00069

DiscRep_SUB:FEATURE_LOCATION_CONFLICT::Coding region xref gene does not exist
P001_WC08/P001_WC08:CDS	hypothetical protein	k141_7621:68654-68812	P001_WC08_00070

DiscRep_SUB:FEATURE_LOCATION_CONFLICT::Coding region xref gene does not exist
P001_WC08/P001_WC08:CDS	ribosomal protein S18	k141_7621:68809-69018	P001_WC08_00071

DiscRep_SUB:FEATURE_LOCATION_CONFLICT::Coding region xref gene does not exist
P001_WC08/P001_WC08:CDS	ribosomal protein L20	k141_7621:c69643-69257	P001_WC08_00072

DiscRep_SUB:FEATURE_LOCATION_CONFLICT::Coding region xref gene does not exist
P001_WC08/P001_WC08:CDS	hypothetical protein	k141_7621:c70592-70383	P001_WC08_00073

DiscRep_SUB:FEATURE_LOCATION_CONFLICT::Coding region xref gene does not exist
P001_WC08/P001_WC08:CDS	ATP-dependent Clp protease proteolytic subunit	k141_7621:c71004-70666	P001_WC08_00074

DiscRep_SUB:FEATURE_LOCATION_CONFLICT::Coding region xref gene does not exist
P001_WC08/P001_WC08:CDS	ATP-dependent Clp protease proteolytic subunit	k141_7621:c71844-71530	P001_WC08_00075

DiscRep_SUB:FEATURE_LOCATION_CONFLICT::Coding region xref gene does not exist
P001_WC08/P001_WC08:CDS	hypothetical protein	k141_7621:c72287-72132	P001_WC08_00076

DiscRep_SUB:FEATURE_LOCATION_CONFLICT::Coding region xref gene does not exist
P001_WC08/P001_WC08:CDS	photosystem II CP47 chlorophyll apoprotein	k141_7621:73235-74761	P001_WC08_00077

DiscRep_SUB:FEATURE_LOCATION_CONFLICT::Coding region xref gene does not exist
P001_WC08/P001_WC08:CDS	photosystem II phosphoprotein	k141_7621:75401-75622	P001_WC08_00078

DiscRep_SUB:FEATURE_LOCATION_CONFLICT::Coding region xref gene does not exist
P001_WC08/P001_WC08:CDS	hypothetical protein	k141_7621:c76451-76158	P001_WC08_00079

DiscRep_SUB:FEATURE_LOCATION_CONFLICT::Coding region xref gene does not exist
P001_WC08/P001_WC08:CDS	cytochrome b6	k141_7621:76642-77130	P001_WC08_00080

DiscRep_SUB:FEATURE_LOCATION_CONFLICT::Coding region xref gene does not exist
P001_WC08/P001_WC08:CDS	cytochrome b6/f complex subunit IV	k141_7621:78027-78551	P001_WC08_00081

DiscRep_SUB:FEATURE_LOCATION_CONFLICT::Coding region xref gene does not exist
P001_WC08/P001_WC08:CDS	DNA-directed RNA polymerase subunit alpha	k141_7621:c79746-78673	P001_WC08_00082

DiscRep_SUB:FEATURE_LOCATION_CONFLICT::Coding region xref gene does not exist
P001_WC08/P001_WC08:CDS	ribosomal protein S11	k141_7621:c80242-79826	P001_WC08_00083

DiscRep_SUB:FEATURE_LOCATION_CONFLICT::Coding region xref gene does not exist
P001_WC08/P001_WC08:CDS	translational initiation factor 1	k141_7621:c80801-80568	P001_WC08_00084

DiscRep_SUB:FEATURE_LOCATION_CONFLICT::Coding region xref gene does not exist
P001_WC08/P001_WC08:CDS	ribosomal protein S8	k141_7621:c81327-80923	P001_WC08_00085

DiscRep_SUB:FEATURE_LOCATION_CONFLICT::Coding region xref gene does not exist
P001_WC08/P001_WC08:CDS	ribosomal protein L14	k141_7621:c81903-81535	P001_WC08_00086

DiscRep_SUB:FEATURE_LOCATION_CONFLICT::Coding region xref gene does not exist
P001_WC08/P001_WC08:CDS	ribosomal protein L16	k141_7621:c82395-82036	P001_WC08_00087

DiscRep_SUB:FEATURE_LOCATION_CONFLICT::Coding region xref gene does not exist
P001_WC08/P001_WC08:CDS	ribosomal protein S3	k141_7621:c84183-83527	P001_WC08_00088

DiscRep_SUB:FEATURE_LOCATION_CONFLICT::Coding region xref gene does not exist
P001_WC08/P001_WC08:CDS	ribosomal protein L22	k141_7621:c84647-84168	P001_WC08_00089

DiscRep_SUB:FEATURE_LOCATION_CONFLICT::Coding region xref gene does not exist
P001_WC08/P001_WC08:CDS	ribosomal protein S19	k141_7621:c84995-84717	P001_WC08_00090

DiscRep_SUB:FEATURE_LOCATION_CONFLICT::RNA feature xref gene does not exist
P001_WC08/P001_WC08:tRNA	His	k141_7621:c218-144	P001_WC08_00001

DiscRep_SUB:FEATURE_LOCATION_CONFLICT::RNA feature xref gene does not exist
P001_WC08/P001_WC08:tRNA	Gln	k141_7621:c7337-7266	P001_WC08_00007

DiscRep_SUB:FEATURE_LOCATION_CONFLICT::RNA feature xref gene does not exist
P001_WC08/P001_WC08:tRNA	Ser	k141_7621:c8632-8545	P001_WC08_00010

DiscRep_SUB:FEATURE_LOCATION_CONFLICT::RNA feature xref gene does not exist
P001_WC08/P001_WC08:tRNA	Arg	k141_7621:10404-10475	P001_WC08_00012

DiscRep_SUB:FEATURE_LOCATION_CONFLICT::RNA feature xref gene does not exist
P001_WC08/P001_WC08:tRNA	Cys	k141_7621:28522-28592	P001_WC08_00025

DiscRep_SUB:FEATURE_LOCATION_CONFLICT::RNA feature xref gene does not exist
P001_WC08/P001_WC08:tRNA	Asp	k141_7621:c31095-31019	P001_WC08_00027

DiscRep_SUB:FEATURE_LOCATION_CONFLICT::RNA feature xref gene does not exist
P001_WC08/P001_WC08:tRNA	Tyr	k141_7621:c31289-31203	P001_WC08_00028

DiscRep_SUB:FEATURE_LOCATION_CONFLICT::RNA feature xref gene does not exist
P001_WC08/P001_WC08:tRNA	Glu	k141_7621:c31446-31374	P001_WC08_00029

DiscRep_SUB:FEATURE_LOCATION_CONFLICT::RNA feature xref gene does not exist
P001_WC08/P001_WC08:tRNA	Thr	k141_7621:32115-32188	P001_WC08_00030

DiscRep_SUB:FEATURE_LOCATION_CONFLICT::RNA feature xref gene does not exist
P001_WC08/P001_WC08:tRNA	Ser	k141_7621:c36146-36054	P001_WC08_00034

DiscRep_SUB:FEATURE_LOCATION_CONFLICT::RNA feature xref gene does not exist
P001_WC08/P001_WC08:tRNA	Gly	k141_7621:36938-37009	P001_WC08_00036

DiscRep_SUB:FEATURE_LOCATION_CONFLICT::RNA feature xref gene does not exist
P001_WC08/P001_WC08:tRNA	Met	k141_7621:c37211-37138	P001_WC08_00037

DiscRep_SUB:FEATURE_LOCATION_CONFLICT::RNA feature xref gene does not exist
P001_WC08/P001_WC08:tRNA	Ser	k141_7621:45394-45480	P001_WC08_00045

DiscRep_SUB:FEATURE_LOCATION_CONFLICT::RNA feature xref gene does not exist
P001_WC08/P001_WC08:tRNA	Thr	k141_7621:c46842-46768	P001_WC08_00047

DiscRep_SUB:FEATURE_LOCATION_CONFLICT::RNA feature xref gene does not exist
P001_WC08/P001_WC08:tRNA	Phe	k141_7621:48596-48669	P001_WC08_00049

DiscRep_SUB:FEATURE_LOCATION_CONFLICT::RNA feature xref gene does not exist
P001_WC08/P001_WC08:tRNA	Met	k141_7621:52753-52825	P001_WC08_00053

DiscRep_SUB:FEATURE_LOCATION_CONFLICT::RNA feature xref gene does not exist
P001_WC08/P001_WC08:tRNA	Trp	k141_7621:c67123-67050	P001_WC08_00066

DiscRep_SUB:FEATURE_LOCATION_CONFLICT::RNA feature xref gene does not exist
P001_WC08/P001_WC08:tRNA	Pro	k141_7621:c67332-67257	P001_WC08_00067

DiscRep_SUB:FEATURE_LOCATION_CONFLICT::Coding region xref gene does not exist
P001_WC08/P001_WC08:CDS	ribosomal protein L2	k141_57576:c562-134	P001_WC08_00091

DiscRep_SUB:FEATURE_LOCATION_CONFLICT::Coding region xref gene does not exist
P001_WC08/P001_WC08:CDS	ribosomal protein L2	k141_57576:c1609-1208	P001_WC08_00092

DiscRep_SUB:FEATURE_LOCATION_CONFLICT::Coding region xref gene does not exist
P001_WC08/P001_WC08:CDS	ribosomal protein L23	k141_57576:c1909-1628	P001_WC08_00093

DiscRep_SUB:FEATURE_LOCATION_CONFLICT::Coding region xref gene does not exist
P001_WC08/P001_WC08:CDS	hypothetical protein	k141_57576:2238-8540	P001_WC08_00095

DiscRep_SUB:FEATURE_LOCATION_CONFLICT::Coding region xref gene does not exist
P001_WC08/P001_WC08:CDS	hypothetical protein	k141_57576:c9639-9436	P001_WC08_00097

DiscRep_SUB:FEATURE_LOCATION_CONFLICT::Coding region xref gene does not exist
P001_WC08/P001_WC08:CDS	NADH-plastoquinone oxidoreductase subunit 2	k141_57576:c10671-9889	P001_WC08_00098

DiscRep_SUB:FEATURE_LOCATION_CONFLICT::Coding region xref gene does not exist
P001_WC08/P001_WC08:CDS	NADH-plastoquinone oxidoreductase subunit 2	k141_57576:c12103-11309	P001_WC08_00099

DiscRep_SUB:FEATURE_LOCATION_CONFLICT::Coding region xref gene does not exist
P001_WC08/P001_WC08:CDS	ribosomal protein S7	k141_57576:c12855-12388	P001_WC08_00100

DiscRep_SUB:FEATURE_LOCATION_CONFLICT::Coding region xref gene does not exist
P001_WC08/P001_WC08:CDS	hypothetical protein	k141_57576:14424-14543	P001_WC08_00101

DiscRep_SUB:FEATURE_LOCATION_CONFLICT::Coding region xref gene does not exist
P001_WC08/P001_WC08:CDS	hypothetical protein	k141_57576:c14935-14660	P001_WC08_00102

DiscRep_SUB:FEATURE_LOCATION_CONFLICT::Coding region xref gene does not exist
P001_WC08/P001_WC08:CDS	hypothetical protein	k141_57576:14950-15207	P001_WC08_00103

DiscRep_SUB:FEATURE_LOCATION_CONFLICT::Coding region xref gene does not exist
P001_WC08/P001_WC08:CDS	hypothetical protein	k141_57576:17972-18226	P001_WC08_00106

DiscRep_SUB:FEATURE_LOCATION_CONFLICT::Coding region xref gene does not exist
P001_WC08/P001_WC08:CDS	hypothetical protein	k141_57576:18318-18533	P001_WC08_00107

DiscRep_SUB:FEATURE_LOCATION_CONFLICT::Coding region xref gene does not exist
P001_WC08/P001_WC08:CDS	hypothetical protein	k141_57576:18656-18748	P001_WC08_00108

DiscRep_SUB:FEATURE_LOCATION_CONFLICT::Coding region xref gene does not exist
P001_WC08/P001_WC08:CDS	hypothetical protein	k141_57576:18829-18933	P001_WC08_00109

DiscRep_SUB:FEATURE_LOCATION_CONFLICT::Coding region xref gene does not exist
P001_WC08/P001_WC08:CDS	hypothetical protein	k141_57576:24422-26248	P001_WC08_00113

DiscRep_SUB:FEATURE_LOCATION_CONFLICT::Coding region xref gene does not exist
P001_WC08/P001_WC08:CDS	hypothetical protein	k141_57576:26202-29705	P001_WC08_00114

DiscRep_SUB:FEATURE_LOCATION_CONFLICT::Coding region xref gene does not exist
P001_WC08/P001_WC08:CDS	hypothetical protein	k141_57576:29705-29818	P001_WC08_00115

DiscRep_SUB:FEATURE_LOCATION_CONFLICT::Coding region xref gene does not exist
P001_WC08/P001_WC08:CDS	ribosomal protein S15	k141_57576:30129-30401	P001_WC08_00116

DiscRep_SUB:FEATURE_LOCATION_CONFLICT::Coding region xref gene does not exist
P001_WC08/P001_WC08:CDS	NADH-plastoquinone oxidoreductase subunit 7	k141_57576:30493-31674	P001_WC08_00117

DiscRep_SUB:FEATURE_LOCATION_CONFLICT::Coding region xref gene does not exist
P001_WC08/P001_WC08:CDS	NADH-plastoquinone oxidoreductase subunit 1	k141_57576:31676-32242	P001_WC08_00118

DiscRep_SUB:FEATURE_LOCATION_CONFLICT::Coding region xref gene does not exist
P001_WC08/P001_WC08:CDS	NADH-plastoquinone oxidoreductase subunit 1	k141_57576:33489-33863	P001_WC08_00119

DiscRep_SUB:FEATURE_LOCATION_CONFLICT::Coding region xref gene does not exist
P001_WC08/P001_WC08:CDS	NADH-plastoquinone oxidoreductase subunit I	k141_57576:33963-34466	P001_WC08_00120

DiscRep_SUB:FEATURE_LOCATION_CONFLICT::Coding region xref gene does not exist
P001_WC08/P001_WC08:CDS	NADH-plastoquinone oxidoreductase subunit 6	k141_57576:34809-35381	P001_WC08_00121

DiscRep_SUB:FEATURE_LOCATION_CONFLICT::Coding region xref gene does not exist
P001_WC08/P001_WC08:CDS	NADH-plastoquinone oxidoreductase subunit 4L	k141_57576:35598-35903	P001_WC08_00122

DiscRep_SUB:FEATURE_LOCATION_CONFLICT::Coding region xref gene does not exist
P001_WC08/P001_WC08:CDS	photosystem I subunit VII	k141_57576:36158-36403	P001_WC08_00123

DiscRep_SUB:FEATURE_LOCATION_CONFLICT::Coding region xref gene does not exist
P001_WC08/P001_WC08:CDS	NADH-plastoquinone oxidoreductase subunit 4	k141_57576:36500-38020	P001_WC08_00124

DiscRep_SUB:FEATURE_LOCATION_CONFLICT::Coding region xref gene does not exist
P001_WC08/P001_WC08:CDS	cytochrome c heme attachment protein	k141_57576:c39197-38235	P001_WC08_00125

DiscRep_SUB:FEATURE_LOCATION_CONFLICT::Coding region xref gene does not exist
P001_WC08/P001_WC08:CDS	hypothetical protein	k141_57576:39980-40231	P001_WC08_00127

DiscRep_SUB:FEATURE_LOCATION_CONFLICT::Coding region xref gene does not exist
P001_WC08/P001_WC08:CDS	NADH-plastoquinone oxidoreductase subunit 5	k141_57576:41442-43685	P001_WC08_00128

DiscRep_SUB:FEATURE_LOCATION_CONFLICT::RNA feature xref gene does not exist
P001_WC08/P001_WC08:tRNA	Met	k141_57576:c2149-2075	P001_WC08_00094

DiscRep_SUB:FEATURE_LOCATION_CONFLICT::RNA feature xref gene does not exist
P001_WC08/P001_WC08:tRNA	Leu	k141_57576:c9297-9215	P001_WC08_00096

DiscRep_SUB:FEATURE_LOCATION_CONFLICT::RNA feature xref gene does not exist
P001_WC08/P001_WC08:tRNA	Val	k141_57576:15527-15598	P001_WC08_00104

DiscRep_SUB:FEATURE_LOCATION_CONFLICT::RNA feature xref gene does not exist
P001_WC08/P001_WC08:rRNA	16S ribosomal RNA	k141_57576:15802-17288	P001_WC08_00105

DiscRep_SUB:FEATURE_LOCATION_CONFLICT::RNA feature xref gene does not exist
P001_WC08/P001_WC08:rRNA	23S ribosomal RNA	k141_57576:19717-22727	P001_WC08_00110

DiscRep_SUB:FEATURE_LOCATION_CONFLICT::RNA feature xref gene does not exist
P001_WC08/P001_WC08:tRNA	Arg	k141_57576:23360-23434	P001_WC08_00111

DiscRep_SUB:FEATURE_LOCATION_CONFLICT::RNA feature xref gene does not exist
P001_WC08/P001_WC08:tRNA	Asn	k141_57576:c24086-24013	P001_WC08_00112

DiscRep_SUB:FEATURE_LOCATION_CONFLICT::RNA feature xref gene does not exist
P001_WC08/P001_WC08:tRNA	Leu	k141_57576:c39370-39291	P001_WC08_00126

DiscRep_ALL:SUSPECT_PRODUCT_NAMES::2 product_names contain suspect phrase or characters
DiscRep_SUB:SUSPECT_PRODUCT_NAMES::May contain database identifier more appropriate in note; remove from product name
DiscRep_SUB:SUSPECT_PRODUCT_NAMES::2 features contains three or more numbers together that may be identifiers more appropriate in note
P001_WC08/P001_WC08:CDS	photosystem I P700 apoprotein A2	k141_7621:c40002-37798	P001_WC08_00039
P001_WC08/P001_WC08:CDS	photosystem I P700 apoprotein A1	k141_7621:c42325-40028	P001_WC08_00040

DiscRep_ALL:DISC_QUALITY_SCORES::Quality scores are missing on all sequences.

DiscRep_ALL:ONCALLER_COMMENT_PRESENT::2 comment descriptors were found (all same)
P001_WC08/P001_WC08:k141_7621:Annotated using prokka 1.14.5 from https://github.com/tseemann/prokka
P001_WC08/P001_WC08:k141_57576:Annotated using prokka 1.14.5 from https://github.com/tseemann/prokka

DiscRep_ALL:SHORT_PROT_SEQUENCES::10 protein sequences are shorter than 50 aa.
P001_WC08/P001_WC08:k141_7621_7 (length 36)
P001_WC08/P001_WC08:k141_7621_11 (length 46)
P001_WC08/P001_WC08:k141_7621_20 (length 49)
P001_WC08/P001_WC08:k141_7621_21 (length 29)
P001_WC08/P001_WC08:k141_7621_32 (length 44)
P001_WC08/P001_WC08:k141_7621_46 (length 40)
P001_WC08/P001_WC08:k141_57576_9 (length 39)
P001_WC08/P001_WC08:k141_57576_14 (length 30)
P001_WC08/P001_WC08:k141_57576_15 (length 34)
P001_WC08/P001_WC08:k141_57576_18 (length 37)

DiscRep_ALL:MISSING_GENOMEASSEMBLY_COMMENTS::2 bioseqs are missing GenomeAssembly structured comments
P001_WC08/P001_WC08:k141_7621 (length 85061)
P001_WC08/P001_WC08:k141_57576 (length 43908)

DiscRep_ALL:MOLTYPE_NOT_MRNA::2 molecule types are not set as mRNA.
P001_WC08/P001_WC08:k141_7621 (length 85061)
P001_WC08/P001_WC08:k141_57576 (length 43908)

DiscRep_ALL:TECHNIQUE_NOT_TSA::2 technique are not set as TSA
P001_WC08/P001_WC08:k141_7621 (length 85061)
P001_WC08/P001_WC08:k141_57576 (length 43908)

DiscRep_ALL:MISSING_STRUCTURED_COMMENT::2 sequences do not include structured comments.
P001_WC08/P001_WC08:k141_7621 (length 85061)
P001_WC08/P001_WC08:k141_57576 (length 43908)

DiscRep_ALL:MISSING_PROJECT::104 sequences do not include project.
P001_WC08/P001_WC08:k141_7621 (length 85061)
P001_WC08/P001_WC08:k141_7621_1 (length 353)
P001_WC08/P001_WC08:k141_7621_2 (length 557)
P001_WC08/P001_WC08:k141_7621_3 (length 54)
P001_WC08/P001_WC08:k141_7621_4 (length 58)
P001_WC08/P001_WC08:k141_7621_5 (length 61)
P001_WC08/P001_WC08:k141_7621_6 (length 61)
P001_WC08/P001_WC08:k141_7621_7 (length 36)
P001_WC08/P001_WC08:k141_7621_8 (length 60)
P001_WC08/P001_WC08:k141_7621_9 (length 507)
P001_WC08/P001_WC08:k141_7621_10 (length 121)
P001_WC08/P001_WC08:k141_7621_11 (length 46)
P001_WC08/P001_WC08:k141_7621_12 (length 77)
P001_WC08/P001_WC08:k141_7621_13 (length 98)
P001_WC08/P001_WC08:k141_7621_14 (length 247)
P001_WC08/P001_WC08:k141_7621_15 (length 270)
P001_WC08/P001_WC08:k141_7621_16 (length 1378)
P001_WC08/P001_WC08:k141_7621_17 (length 516)
P001_WC08/P001_WC08:k141_7621_18 (length 152)
P001_WC08/P001_WC08:k141_7621_19 (length 1070)
P001_WC08/P001_WC08:k141_7621_20 (length 49)
P001_WC08/P001_WC08:k141_7621_21 (length 29)
P001_WC08/P001_WC08:k141_7621_22 (length 66)
P001_WC08/P001_WC08:k141_7621_23 (length 353)
P001_WC08/P001_WC08:k141_7621_24 (length 473)
P001_WC08/P001_WC08:k141_7621_25 (length 73)
P001_WC08/P001_WC08:k141_7621_26 (length 100)
P001_WC08/P001_WC08:k141_7621_27 (length 734)
P001_WC08/P001_WC08:k141_7621_28 (length 765)
P001_WC08/P001_WC08:k141_7621_29 (length 97)
P001_WC08/P001_WC08:k141_7621_30 (length 82)
P001_WC08/P001_WC08:k141_7621_31 (length 186)
P001_WC08/P001_WC08:k141_7621_32 (length 44)
P001_WC08/P001_WC08:k141_7621_33 (length 201)
P001_WC08/P001_WC08:k141_7621_34 (length 57)
P001_WC08/P001_WC08:k141_7621_35 (length 173)
P001_WC08/P001_WC08:k141_7621_36 (length 225)
P001_WC08/P001_WC08:k141_7621_37 (length 120)
P001_WC08/P001_WC08:k141_7621_38 (length 133)
P001_WC08/P001_WC08:k141_7621_39 (length 500)
P001_WC08/P001_WC08:k141_7621_40 (length 482)
P001_WC08/P001_WC08:k141_7621_41 (length 491)
P001_WC08/P001_WC08:k141_7621_42 (length 184)
P001_WC08/P001_WC08:k141_7621_43 (length 230)
P001_WC08/P001_WC08:k141_7621_44 (length 320)
P001_WC08/P001_WC08:k141_7621_45 (length 79)
P001_WC08/P001_WC08:k141_7621_46 (length 40)
P001_WC08/P001_WC08:k141_7621_47 (length 83)
P001_WC08/P001_WC08:k141_7621_48 (length 55)
P001_WC08/P001_WC08:k141_7621_49 (length 51)
P001_WC08/P001_WC08:k141_7621_50 (length 90)
P001_WC08/P001_WC08:k141_7621_51 (length 66)
P001_WC08/P001_WC08:k141_7621_52 (length 52)
P001_WC08/P001_WC08:k141_7621_53 (length 69)
P001_WC08/P001_WC08:k141_7621_54 (length 128)
P001_WC08/P001_WC08:k141_7621_55 (length 69)
P001_WC08/P001_WC08:k141_7621_56 (length 112)
P001_WC08/P001_WC08:k141_7621_57 (length 104)
P001_WC08/P001_WC08:k141_7621_58 (length 51)
P001_WC08/P001_WC08:k141_7621_59 (length 508)
P001_WC08/P001_WC08:k141_7621_60 (length 73)
P001_WC08/P001_WC08:k141_7621_61 (length 97)
P001_WC08/P001_WC08:k141_7621_62 (length 162)
P001_WC08/P001_WC08:k141_7621_63 (length 174)
P001_WC08/P001_WC08:k141_7621_64 (length 357)
P001_WC08/P001_WC08:k141_7621_65 (length 138)
P001_WC08/P001_WC08:k141_7621_66 (length 77)
P001_WC08/P001_WC08:k141_7621_67 (length 134)
P001_WC08/P001_WC08:k141_7621_68 (length 122)
P001_WC08/P001_WC08:k141_7621_69 (length 119)
P001_WC08/P001_WC08:k141_7621_70 (length 218)
P001_WC08/P001_WC08:k141_7621_71 (length 159)
P001_WC08/P001_WC08:k141_7621_72 (length 92)
P001_WC08/P001_WC08:k141_57576 (length 43908)
P001_WC08/P001_WC08:k141_57576_1 (length 142)
P001_WC08/P001_WC08:k141_57576_2 (length 133)
P001_WC08/P001_WC08:k141_57576_3 (length 93)
P001_WC08/P001_WC08:k141_57576_4 (length 2100)
P001_WC08/P001_WC08:k141_57576_5 (length 67)
P001_WC08/P001_WC08:k141_57576_6 (length 260)
P001_WC08/P001_WC08:k141_57576_7 (length 264)
P001_WC08/P001_WC08:k141_57576_8 (length 155)
P001_WC08/P001_WC08:k141_57576_9 (length 39)
P001_WC08/P001_WC08:k141_57576_10 (length 91)
P001_WC08/P001_WC08:k141_57576_11 (length 85)
P001_WC08/P001_WC08:k141_57576_12 (length 84)
P001_WC08/P001_WC08:k141_57576_13 (length 71)
P001_WC08/P001_WC08:k141_57576_14 (length 30)
P001_WC08/P001_WC08:k141_57576_15 (length 34)
P001_WC08/P001_WC08:k141_57576_16 (length 608)
P001_WC08/P001_WC08:k141_57576_17 (length 1167)
P001_WC08/P001_WC08:k141_57576_18 (length 37)
P001_WC08/P001_WC08:k141_57576_19 (length 90)
P001_WC08/P001_WC08:k141_57576_20 (length 393)
P001_WC08/P001_WC08:k141_57576_21 (length 188)
P001_WC08/P001_WC08:k141_57576_22 (length 124)
P001_WC08/P001_WC08:k141_57576_23 (length 167)
P001_WC08/P001_WC08:k141_57576_24 (length 190)
P001_WC08/P001_WC08:k141_57576_25 (length 101)
P001_WC08/P001_WC08:k141_57576_26 (length 81)
P001_WC08/P001_WC08:k141_57576_27 (length 506)
P001_WC08/P001_WC08:k141_57576_28 (length 320)
P001_WC08/P001_WC08:k141_57576_29 (length 83)
P001_WC08/P001_WC08:k141_57576_30 (length 747)

DiscRep_ALL:DISC_INCONSISTENT_MOLINFO_TECH::Molinfo Technique Report (some missing, all same)
DiscRep_SUB:DISC_INCONSISTENT_MOLINFO_TECH::technique (all missing)
DiscRep_SUB:DISC_INCONSISTENT_MOLINFO_TECH::2 Molinfos are missing field technique
P001_WC08/P001_WC08:k141_7621 (length 85061)
P001_WC08/P001_WC08:k141_57576 (length 43908)

