Discrepancy Report Results

Summary
FATAL: MISSING_PROTEIN_ID:87 proteins have invalid IDs.
DISC_SOURCE_QUALS_ASNDISC:strain (all present, all same)
DISC_SOURCE_QUALS_ASNDISC:taxname (all present, all same)
DISC_FEATURE_COUNT:CDS: 87 present
DISC_FEATURE_COUNT:tRNA: 24 present
DISC_FEATURE_COUNT:rRNA: 2 present
DISC_COUNT_NUCLEOTIDES:3 nucleotide Bioseqs are present
FEATURE_LOCATION_CONFLICT:113 features have inconsistent gene locations.
SUSPECT_PRODUCT_NAMES:2 product_names contain suspect phrase or characters
	May contain database identifier more appropriate in note; remove from product name
		2 features contains three or more numbers together that may be identifiers more appropriate in note
DISC_QUALITY_SCORES:Quality scores are missing on all sequences.
ONCALLER_COMMENT_PRESENT:3 comment descriptors were found (all same)
SHORT_PROT_SEQUENCES:7 protein sequences are shorter than 50 aa.
MISSING_GENOMEASSEMBLY_COMMENTS:3 bioseqs are missing GenomeAssembly structured comments
MOLTYPE_NOT_MRNA:3 molecule types are not set as mRNA.
TECHNIQUE_NOT_TSA:3 technique are not set as TSA
MISSING_STRUCTURED_COMMENT:3 sequences do not include structured comments.
MISSING_PROJECT:90 sequences do not include project.
DISC_INCONSISTENT_MOLINFO_TECH:Molinfo Technique Report (some missing, all same)


Detailed Report

FATAL: DiscRep_ALL:MISSING_PROTEIN_ID::87 proteins have invalid IDs.
P003_WD02/P003_WD02:k141_43461_1 (length 165)
P003_WD02/P003_WD02:k141_43461_2 (length 133)
P003_WD02/P003_WD02:k141_43461_3 (length 93)
P003_WD02/P003_WD02:k141_43461_4 (length 2279)
P003_WD02/P003_WD02:k141_43461_5 (length 77)
P003_WD02/P003_WD02:k141_43461_6 (length 262)
P003_WD02/P003_WD02:k141_43461_7 (length 263)
P003_WD02/P003_WD02:k141_43461_8 (length 155)
P003_WD02/P003_WD02:k141_43461_9 (length 126)
P003_WD02/P003_WD02:k141_43461_10 (length 72)
P003_WD02/P003_WD02:k141_43461_11 (length 76)
P003_WD02/P003_WD02:k141_43461_12 (length 77)
P003_WD02/P003_WD02:k141_38564_1 (length 92)
P003_WD02/P003_WD02:k141_38564_2 (length 160)
P003_WD02/P003_WD02:k141_38564_3 (length 218)
P003_WD02/P003_WD02:k141_38564_4 (length 82)
P003_WD02/P003_WD02:k141_38564_5 (length 122)
P003_WD02/P003_WD02:k141_38564_6 (length 134)
P003_WD02/P003_WD02:k141_38564_7 (length 138)
P003_WD02/P003_WD02:k141_38564_8 (length 327)
P003_WD02/P003_WD02:k141_38564_9 (length 174)
P003_WD02/P003_WD02:k141_38564_10 (length 162)
P003_WD02/P003_WD02:k141_38564_11 (length 90)
P003_WD02/P003_WD02:k141_38564_12 (length 508)
P003_WD02/P003_WD02:k141_38564_13 (length 112)
P003_WD02/P003_WD02:k141_38564_14 (length 108)
P003_WD02/P003_WD02:k141_38564_15 (length 78)
P003_WD02/P003_WD02:k141_38564_16 (length 117)
P003_WD02/P003_WD02:k141_38564_17 (length 101)
P003_WD02/P003_WD02:k141_38564_18 (length 66)
P003_WD02/P003_WD02:k141_38564_19 (length 44)
P003_WD02/P003_WD02:k141_38564_20 (length 31)
P003_WD02/P003_WD02:k141_38564_21 (length 83)
P003_WD02/P003_WD02:k141_38564_22 (length 39)
P003_WD02/P003_WD02:k141_38564_23 (length 320)
P003_WD02/P003_WD02:k141_38564_24 (length 229)
P003_WD02/P003_WD02:k141_38564_25 (length 184)
P003_WD02/P003_WD02:k141_38564_26 (length 57)
P003_WD02/P003_WD02:k141_38564_27 (length 43)
P003_WD02/P003_WD02:k141_38564_28 (length 487)
P003_WD02/P003_WD02:k141_38564_29 (length 509)
P003_WD02/P003_WD02:k141_38564_30 (length 546)
P003_WD02/P003_WD02:k141_38564_31 (length 132)
P003_WD02/P003_WD02:k141_38564_32 (length 93)
P003_WD02/P003_WD02:k141_38564_33 (length 120)
P003_WD02/P003_WD02:k141_38564_34 (length 225)
P003_WD02/P003_WD02:k141_38564_35 (length 158)
P003_WD02/P003_WD02:k141_38564_36 (length 34)
P003_WD02/P003_WD02:k141_38564_37 (length 201)
P003_WD02/P003_WD02:k141_38564_38 (length 46)
P003_WD02/P003_WD02:k141_38564_39 (length 82)
P003_WD02/P003_WD02:k141_38564_40 (length 750)
P003_WD02/P003_WD02:k141_38564_41 (length 734)
P003_WD02/P003_WD02:k141_38564_42 (length 70)
P003_WD02/P003_WD02:k141_38564_43 (length 76)
P003_WD02/P003_WD02:k141_38564_44 (length 461)
P003_WD02/P003_WD02:k141_38564_45 (length 353)
P003_WD02/P003_WD02:k141_38564_46 (length 44)
P003_WD02/P003_WD02:k141_38564_47 (length 1072)
P003_WD02/P003_WD02:k141_38564_48 (length 152)
P003_WD02/P003_WD02:k141_38564_49 (length 85)
P003_WD02/P003_WD02:k141_38564_50 (length 552)
P003_WD02/P003_WD02:k141_38564_51 (length 1379)
P003_WD02/P003_WD02:k141_38564_52 (length 223)
P003_WD02/P003_WD02:k141_38564_53 (length 264)
P003_WD02/P003_WD02:k141_38564_54 (length 97)
P003_WD02/P003_WD02:k141_38564_55 (length 56)
P003_WD02/P003_WD02:k141_38564_56 (length 156)
P003_WD02/P003_WD02:k141_38564_57 (length 507)
P003_WD02/P003_WD02:k141_38564_58 (length 54)
P003_WD02/P003_WD02:k141_38564_59 (length 72)
P003_WD02/P003_WD02:k141_38564_60 (length 504)
P003_WD02/P003_WD02:k141_38564_61 (length 73)
P003_WD02/P003_WD02:k141_38564_62 (length 353)
P003_WD02/P003_WD02:k141_117077_1 (length 746)
P003_WD02/P003_WD02:k141_117077_2 (length 328)
P003_WD02/P003_WD02:k141_117077_3 (length 509)
P003_WD02/P003_WD02:k141_117077_4 (length 81)
P003_WD02/P003_WD02:k141_117077_5 (length 101)
P003_WD02/P003_WD02:k141_117077_6 (length 189)
P003_WD02/P003_WD02:k141_117077_7 (length 167)
P003_WD02/P003_WD02:k141_117077_8 (length 153)
P003_WD02/P003_WD02:k141_117077_9 (length 71)
P003_WD02/P003_WD02:k141_117077_10 (length 188)
P003_WD02/P003_WD02:k141_117077_11 (length 393)
P003_WD02/P003_WD02:k141_117077_12 (length 88)
P003_WD02/P003_WD02:k141_117077_13 (length 1482)

DiscRep_ALL:DISC_SOURCE_QUALS_ASNDISC::strain (all present, all same)
DiscRep_SUB:DISC_SOURCE_QUALS_ASNDISC::3 sources have 'strain' for strain
DiscRep_ALL:DISC_SOURCE_QUALS_ASNDISC::taxname (all present, all same)
DiscRep_SUB:DISC_SOURCE_QUALS_ASNDISC::3 sources have 'Genus species' for taxname
DiscRep_ALL:DISC_FEATURE_COUNT::CDS: 87 present
DiscRep_ALL:DISC_FEATURE_COUNT::tRNA: 24 present
DiscRep_ALL:DISC_FEATURE_COUNT::rRNA: 2 present
DiscRep_ALL:DISC_COUNT_NUCLEOTIDES::3 nucleotide Bioseqs are present
P003_WD02/P003_WD02:k141_43461 (length 26359)
P003_WD02/P003_WD02:k141_38564 (length 83123)
P003_WD02/P003_WD02:k141_117077 (length 18346)

DiscRep_ALL:FEATURE_LOCATION_CONFLICT::113 features have inconsistent gene locations.
DiscRep_SUB:FEATURE_LOCATION_CONFLICT::Coding region xref gene does not exist
P003_WD02/P003_WD02:CDS	ribosomal protein L2	k141_43461:c666-169	P003_WD02_00001

DiscRep_SUB:FEATURE_LOCATION_CONFLICT::Coding region xref gene does not exist
P003_WD02/P003_WD02:CDS	ribosomal protein L2	k141_43461:c1676-1275	P003_WD02_00002

DiscRep_SUB:FEATURE_LOCATION_CONFLICT::Coding region xref gene does not exist
P003_WD02/P003_WD02:CDS	ribosomal protein L23	k141_43461:c1976-1695	P003_WD02_00003

DiscRep_SUB:FEATURE_LOCATION_CONFLICT::Coding region xref gene does not exist
P003_WD02/P003_WD02:CDS	hypothetical protein	k141_43461:2307-9146	P003_WD02_00005

DiscRep_SUB:FEATURE_LOCATION_CONFLICT::Coding region xref gene does not exist
P003_WD02/P003_WD02:CDS	hypothetical protein	k141_43461:9282-9515	P003_WD02_00006

DiscRep_SUB:FEATURE_LOCATION_CONFLICT::Coding region xref gene does not exist
P003_WD02/P003_WD02:CDS	NADH-plastoquinone oxidoreductase subunit 2	k141_43461:c11511-10723	P003_WD02_00008

DiscRep_SUB:FEATURE_LOCATION_CONFLICT::Coding region xref gene does not exist
P003_WD02/P003_WD02:CDS	NADH-plastoquinone oxidoreductase subunit 2	k141_43461:c12941-12150	P003_WD02_00009

DiscRep_SUB:FEATURE_LOCATION_CONFLICT::Coding region xref gene does not exist
P003_WD02/P003_WD02:CDS	ribosomal protein S7	k141_43461:c13722-13255	P003_WD02_00010

DiscRep_SUB:FEATURE_LOCATION_CONFLICT::Coding region xref gene does not exist
P003_WD02/P003_WD02:CDS	hypothetical protein	k141_43461:c16029-15649	P003_WD02_00011

DiscRep_SUB:FEATURE_LOCATION_CONFLICT::Coding region xref gene does not exist
P003_WD02/P003_WD02:CDS	hypothetical protein	k141_43461:19223-19441	P003_WD02_00014

DiscRep_SUB:FEATURE_LOCATION_CONFLICT::Coding region xref gene does not exist
P003_WD02/P003_WD02:CDS	hypothetical protein	k141_43461:19842-20072	P003_WD02_00015

DiscRep_SUB:FEATURE_LOCATION_CONFLICT::Coding region xref gene does not exist
P003_WD02/P003_WD02:CDS	hypothetical protein	k141_43461:c20250-20017	P003_WD02_00016

DiscRep_SUB:FEATURE_LOCATION_CONFLICT::RNA feature xref gene does not exist
P003_WD02/P003_WD02:tRNA	Met	k141_43461:c2218-2144	P003_WD02_00004

DiscRep_SUB:FEATURE_LOCATION_CONFLICT::RNA feature xref gene does not exist
P003_WD02/P003_WD02:tRNA	Leu	k141_43461:c10147-10065	P003_WD02_00007

DiscRep_SUB:FEATURE_LOCATION_CONFLICT::RNA feature xref gene does not exist
P003_WD02/P003_WD02:tRNA	Val	k141_43461:16484-16555	P003_WD02_00012

DiscRep_SUB:FEATURE_LOCATION_CONFLICT::RNA feature xref gene does not exist
P003_WD02/P003_WD02:rRNA	16S ribosomal RNA	k141_43461:16791-18277	P003_WD02_00013

DiscRep_SUB:FEATURE_LOCATION_CONFLICT::RNA feature xref gene does not exist
P003_WD02/P003_WD02:rRNA	23S ribosomal RNA	k141_43461:20619-23629	P003_WD02_00017

DiscRep_SUB:FEATURE_LOCATION_CONFLICT::RNA feature xref gene does not exist
P003_WD02/P003_WD02:tRNA	Arg	k141_43461:24224-24298	P003_WD02_00018

DiscRep_SUB:FEATURE_LOCATION_CONFLICT::RNA feature xref gene does not exist
P003_WD02/P003_WD02:tRNA	Asn	k141_43461:c25009-24936	P003_WD02_00019

DiscRep_SUB:FEATURE_LOCATION_CONFLICT::Coding region xref gene does not exist
P003_WD02/P003_WD02:CDS	ribosomal protein S19	k141_38564:28-306	P003_WD02_00020

DiscRep_SUB:FEATURE_LOCATION_CONFLICT::Coding region xref gene does not exist
P003_WD02/P003_WD02:CDS	ribosomal protein L22	k141_38564:362-844	P003_WD02_00021

DiscRep_SUB:FEATURE_LOCATION_CONFLICT::Coding region xref gene does not exist
P003_WD02/P003_WD02:CDS	ribosomal protein S3	k141_38564:829-1485	P003_WD02_00022

DiscRep_SUB:FEATURE_LOCATION_CONFLICT::Coding region xref gene does not exist
P003_WD02/P003_WD02:CDS	ribosomal protein L16	k141_38564:2969-3217	P003_WD02_00023

DiscRep_SUB:FEATURE_LOCATION_CONFLICT::Coding region xref gene does not exist
P003_WD02/P003_WD02:CDS	ribosomal protein L14	k141_38564:3340-3708	P003_WD02_00024

DiscRep_SUB:FEATURE_LOCATION_CONFLICT::Coding region xref gene does not exist
P003_WD02/P003_WD02:CDS	ribosomal protein S8	k141_38564:3951-4355	P003_WD02_00025

DiscRep_SUB:FEATURE_LOCATION_CONFLICT::Coding region xref gene does not exist
P003_WD02/P003_WD02:CDS	ribosomal protein S11	k141_38564:5060-5476	P003_WD02_00026

DiscRep_SUB:FEATURE_LOCATION_CONFLICT::Coding region xref gene does not exist
P003_WD02/P003_WD02:CDS	RNA polymerase alpha subunit	k141_38564:5552-6535	P003_WD02_00027

DiscRep_SUB:FEATURE_LOCATION_CONFLICT::Coding region xref gene does not exist
P003_WD02/P003_WD02:CDS	cytochrome b6/f complex subunit IV	k141_38564:c7265-6741	P003_WD02_00028

DiscRep_SUB:FEATURE_LOCATION_CONFLICT::Coding region xref gene does not exist
P003_WD02/P003_WD02:CDS	cytochrome b6	k141_38564:c8634-8146	P003_WD02_00029

DiscRep_SUB:FEATURE_LOCATION_CONFLICT::Coding region xref gene does not exist
P003_WD02/P003_WD02:CDS	photosystem II phosphoprotein	k141_38564:c9987-9715	P003_WD02_00030

DiscRep_SUB:FEATURE_LOCATION_CONFLICT::Coding region xref gene does not exist
P003_WD02/P003_WD02:CDS	photosystem II CP47 chlorophyll apoprotein	k141_38564:c12059-10533	P003_WD02_00031

DiscRep_SUB:FEATURE_LOCATION_CONFLICT::Coding region xref gene does not exist
P003_WD02/P003_WD02:CDS	ATP-dependent Clp protease proteolytic subunit	k141_38564:13564-13902	P003_WD02_00032

DiscRep_SUB:FEATURE_LOCATION_CONFLICT::Coding region xref gene does not exist
P003_WD02/P003_WD02:CDS	ATP-dependent Clp protease proteolytic subunit	k141_38564:14315-14641	P003_WD02_00033

DiscRep_SUB:FEATURE_LOCATION_CONFLICT::Coding region xref gene does not exist
P003_WD02/P003_WD02:CDS	hypothetical protein	k141_38564:15129-15365	P003_WD02_00034

DiscRep_SUB:FEATURE_LOCATION_CONFLICT::Coding region xref gene does not exist
P003_WD02/P003_WD02:CDS	ribosomal protein L20	k141_38564:15667-16020	P003_WD02_00035

DiscRep_SUB:FEATURE_LOCATION_CONFLICT::Coding region xref gene does not exist
P003_WD02/P003_WD02:CDS	ribosomal protein S18	k141_38564:c16631-16326	P003_WD02_00036

DiscRep_SUB:FEATURE_LOCATION_CONFLICT::Coding region xref gene does not exist
P003_WD02/P003_WD02:CDS	ribosomal protein L33	k141_38564:c17042-16842	P003_WD02_00037

DiscRep_SUB:FEATURE_LOCATION_CONFLICT::Coding region xref gene does not exist
P003_WD02/P003_WD02:CDS	photosystem I subunit IX	k141_38564:c17600-17466	P003_WD02_00038

DiscRep_SUB:FEATURE_LOCATION_CONFLICT::Coding region xref gene does not exist
P003_WD02/P003_WD02:CDS	cytochrome b6/f complex subunit VI	k141_38564:c18824-18729	P003_WD02_00041

DiscRep_SUB:FEATURE_LOCATION_CONFLICT::Coding region xref gene does not exist
P003_WD02/P003_WD02:CDS	photosystem II cytochrome b559 alpha subunit	k141_38564:19778-20029	P003_WD02_00042

DiscRep_SUB:FEATURE_LOCATION_CONFLICT::Coding region xref gene does not exist
P003_WD02/P003_WD02:CDS	photosystem II cytochrome b559 beta subunit	k141_38564:20039-20158	P003_WD02_00043

DiscRep_SUB:FEATURE_LOCATION_CONFLICT::Coding region xref gene does not exist
P003_WD02/P003_WD02:CDS	cytochrome f	k141_38564:c22475-21513	P003_WD02_00044

DiscRep_SUB:FEATURE_LOCATION_CONFLICT::Coding region xref gene does not exist
P003_WD02/P003_WD02:CDS	envelope membrane protein	k141_38564:c23394-22705	P003_WD02_00045

DiscRep_SUB:FEATURE_LOCATION_CONFLICT::Coding region xref gene does not exist
P003_WD02/P003_WD02:CDS	photosystem I assembly protein Ycf4	k141_38564:c24378-23824	P003_WD02_00046

DiscRep_SUB:FEATURE_LOCATION_CONFLICT::Coding region xref gene does not exist
P003_WD02/P003_WD02:CDS	hypothetical protein	k141_38564:c24658-24485	P003_WD02_00047

DiscRep_SUB:FEATURE_LOCATION_CONFLICT::Coding region xref gene does not exist
P003_WD02/P003_WD02:CDS	hypothetical protein	k141_38564:24680-24811	P003_WD02_00048

DiscRep_SUB:FEATURE_LOCATION_CONFLICT::Coding region xref gene does not exist
P003_WD02/P003_WD02:CDS	Acetyl-coenzyme A carboxylase carboxyl transferase subunit beta, chloroplastic	k141_38564:c26978-25515	P003_WD02_00049

DiscRep_SUB:FEATURE_LOCATION_CONFLICT::Coding region xref gene does not exist
P003_WD02/P003_WD02:CDS	ribulose-1,5-bisphosphate carboxylase/oxygenase large subunit	k141_38564:c29217-27688	P003_WD02_00050

DiscRep_SUB:FEATURE_LOCATION_CONFLICT::Coding region xref gene does not exist
P003_WD02/P003_WD02:CDS	ATP synthase CF1 beta subunit	k141_38564:29793-31433	P003_WD02_00051

DiscRep_SUB:FEATURE_LOCATION_CONFLICT::Coding region xref gene does not exist
P003_WD02/P003_WD02:CDS	ATP synthase CF1 epsilon subunit	k141_38564:31430-31828	P003_WD02_00052

DiscRep_SUB:FEATURE_LOCATION_CONFLICT::Coding region xref gene does not exist
P003_WD02/P003_WD02:CDS	hypothetical protein	k141_38564:c33031-32750	P003_WD02_00054

DiscRep_SUB:FEATURE_LOCATION_CONFLICT::Coding region xref gene does not exist
P003_WD02/P003_WD02:CDS	NADH-plastoquinone oxidoreductase subunit 3	k141_38564:33729-34091	P003_WD02_00055

DiscRep_SUB:FEATURE_LOCATION_CONFLICT::Coding region xref gene does not exist
P003_WD02/P003_WD02:CDS	NADH-plastoquinone oxidoreductase subunit K	k141_38564:34152-34829	P003_WD02_00056

DiscRep_SUB:FEATURE_LOCATION_CONFLICT::Coding region xref gene does not exist
P003_WD02/P003_WD02:CDS	NADH-plastoquinone oxidoreductase subunit J	k141_38564:34934-35410	P003_WD02_00057

DiscRep_SUB:FEATURE_LOCATION_CONFLICT::Coding region xref gene does not exist
P003_WD02/P003_WD02:CDS	hypothetical protein	k141_38564:c36786-36682	P003_WD02_00059

DiscRep_SUB:FEATURE_LOCATION_CONFLICT::Coding region xref gene does not exist
P003_WD02/P003_WD02:CDS	ribosomal protein S4	k141_38564:38140-38745	P003_WD02_00061

DiscRep_SUB:FEATURE_LOCATION_CONFLICT::Coding region xref gene does not exist
P003_WD02/P003_WD02:CDS	putative chloroplast RF34	k141_38564:39347-39487	P003_WD02_00063

DiscRep_SUB:FEATURE_LOCATION_CONFLICT::Coding region xref gene does not exist
P003_WD02/P003_WD02:CDS	putative chloroplast RF34	k141_38564:40188-40436	P003_WD02_00064

DiscRep_SUB:FEATURE_LOCATION_CONFLICT::Coding region xref gene does not exist
P003_WD02/P003_WD02:CDS	photosystem I P700 apoprotein A1	k141_38564:42093-44345	P003_WD02_00065

DiscRep_SUB:FEATURE_LOCATION_CONFLICT::Coding region xref gene does not exist
P003_WD02/P003_WD02:CDS	photosystem I P700 apoprotein A2	k141_38564:44371-46575	P003_WD02_00066

DiscRep_SUB:FEATURE_LOCATION_CONFLICT::Coding region xref gene does not exist
P003_WD02/P003_WD02:CDS	hypothetical protein	k141_38564:46841-47053	P003_WD02_00067

DiscRep_SUB:FEATURE_LOCATION_CONFLICT::Coding region xref gene does not exist
P003_WD02/P003_WD02:CDS	photosystem II protein Z	k141_38564:c48193-47963	P003_WD02_00070

DiscRep_SUB:FEATURE_LOCATION_CONFLICT::Coding region xref gene does not exist
P003_WD02/P003_WD02:CDS	photosystem II CP43 chlorophyll apoprotein	k141_38564:c50178-48793	P003_WD02_00072

DiscRep_SUB:FEATURE_LOCATION_CONFLICT::Coding region xref gene does not exist
P003_WD02/P003_WD02:CDS	photosystem II protein D2	k141_38564:c51223-50162	P003_WD02_00073

DiscRep_SUB:FEATURE_LOCATION_CONFLICT::Coding region xref gene does not exist
P003_WD02/P003_WD02:CDS	hypothetical protein	k141_38564:c55597-55463	P003_WD02_00078

DiscRep_SUB:FEATURE_LOCATION_CONFLICT::Coding region xref gene does not exist
P003_WD02/P003_WD02:CDS	RNA polymerase beta subunit	k141_38564:57292-60510	P003_WD02_00080

DiscRep_SUB:FEATURE_LOCATION_CONFLICT::Coding region xref gene does not exist
P003_WD02/P003_WD02:CDS	RNA polymerase beta' subunit	k141_38564:60516-60974	P003_WD02_00081

DiscRep_SUB:FEATURE_LOCATION_CONFLICT::Coding region xref gene does not exist
P003_WD02/P003_WD02:CDS	hypothetical protein	k141_38564:c61480-61223	P003_WD02_00082

DiscRep_SUB:FEATURE_LOCATION_CONFLICT::Coding region xref gene does not exist
P003_WD02/P003_WD02:CDS	RNA polymerase beta' subunit	k141_38564:61719-63377	P003_WD02_00083

DiscRep_SUB:FEATURE_LOCATION_CONFLICT::Coding region xref gene does not exist
P003_WD02/P003_WD02:CDS	RNA polymerase beta'' subunit	k141_38564:63556-67695	P003_WD02_00084

DiscRep_SUB:FEATURE_LOCATION_CONFLICT::Coding region xref gene does not exist
P003_WD02/P003_WD02:CDS	ribosomal protein S2	k141_38564:67976-68647	P003_WD02_00085

DiscRep_SUB:FEATURE_LOCATION_CONFLICT::Coding region xref gene does not exist
P003_WD02/P003_WD02:CDS	ATP synthase CF0 subunit IV	k141_38564:68849-69643	P003_WD02_00086

DiscRep_SUB:FEATURE_LOCATION_CONFLICT::Coding region xref gene does not exist
P003_WD02/P003_WD02:CDS	ATP synthase CF0 subunit III	k141_38564:70044-70337	P003_WD02_00087

DiscRep_SUB:FEATURE_LOCATION_CONFLICT::Coding region xref gene does not exist
P003_WD02/P003_WD02:CDS	ATP synthase CF0 subunit I	k141_38564:70821-70991	P003_WD02_00088

DiscRep_SUB:FEATURE_LOCATION_CONFLICT::Coding region xref gene does not exist
P003_WD02/P003_WD02:CDS	ATP synthase CF0 subunit I	k141_38564:71640-72110	P003_WD02_00089

DiscRep_SUB:FEATURE_LOCATION_CONFLICT::Coding region xref gene does not exist
P003_WD02/P003_WD02:CDS	ATP synthase CF1 alpha subunit	k141_38564:72176-73699	P003_WD02_00090

DiscRep_SUB:FEATURE_LOCATION_CONFLICT::Coding region xref gene does not exist
P003_WD02/P003_WD02:CDS	hypothetical protein	k141_38564:74624-74788	P003_WD02_00092

DiscRep_SUB:FEATURE_LOCATION_CONFLICT::Coding region xref gene does not exist
P003_WD02/P003_WD02:CDS	photosystem II protein K	k141_38564:c76646-76428	P003_WD02_00094

DiscRep_SUB:FEATURE_LOCATION_CONFLICT::Coding region xref gene does not exist
P003_WD02/P003_WD02:CDS	maturase K	k141_38564:79314-80828	P003_WD02_00096

DiscRep_SUB:FEATURE_LOCATION_CONFLICT::Coding region xref gene does not exist
P003_WD02/P003_WD02:CDS	hypothetical protein	k141_38564:81067-81288	P003_WD02_00097

DiscRep_SUB:FEATURE_LOCATION_CONFLICT::Coding region xref gene does not exist
P003_WD02/P003_WD02:CDS	photosystem II protein D1	k141_38564:81461-82522	P003_WD02_00098

DiscRep_SUB:FEATURE_LOCATION_CONFLICT::RNA feature xref gene does not exist
P003_WD02/P003_WD02:tRNA	Pro	k141_38564:17951-18026	P003_WD02_00039

DiscRep_SUB:FEATURE_LOCATION_CONFLICT::RNA feature xref gene does not exist
P003_WD02/P003_WD02:tRNA	Trp	k141_38564:18215-18288	P003_WD02_00040

DiscRep_SUB:FEATURE_LOCATION_CONFLICT::RNA feature xref gene does not exist
P003_WD02/P003_WD02:tRNA	Met	k141_38564:c32028-31956	P003_WD02_00053

DiscRep_SUB:FEATURE_LOCATION_CONFLICT::RNA feature xref gene does not exist
P003_WD02/P003_WD02:tRNA	Phe	k141_38564:c36121-36049	P003_WD02_00058

DiscRep_SUB:FEATURE_LOCATION_CONFLICT::RNA feature xref gene does not exist
P003_WD02/P003_WD02:tRNA	Thr	k141_38564:37685-37759	P003_WD02_00060

DiscRep_SUB:FEATURE_LOCATION_CONFLICT::RNA feature xref gene does not exist
P003_WD02/P003_WD02:tRNA	Ser	k141_38564:c39117-39029	P003_WD02_00062

DiscRep_SUB:FEATURE_LOCATION_CONFLICT::RNA feature xref gene does not exist
P003_WD02/P003_WD02:tRNA	Met	k141_38564:47174-47248	P003_WD02_00068

DiscRep_SUB:FEATURE_LOCATION_CONFLICT::RNA feature xref gene does not exist
P003_WD02/P003_WD02:tRNA	Gly	k141_38564:c47460-47389	P003_WD02_00069

DiscRep_SUB:FEATURE_LOCATION_CONFLICT::RNA feature xref gene does not exist
P003_WD02/P003_WD02:tRNA	Ser	k141_38564:48499-48591	P003_WD02_00071

DiscRep_SUB:FEATURE_LOCATION_CONFLICT::RNA feature xref gene does not exist
P003_WD02/P003_WD02:tRNA	Thr	k141_38564:c52461-52388	P003_WD02_00074

DiscRep_SUB:FEATURE_LOCATION_CONFLICT::RNA feature xref gene does not exist
P003_WD02/P003_WD02:tRNA	Glu	k141_38564:53149-53223	P003_WD02_00075

DiscRep_SUB:FEATURE_LOCATION_CONFLICT::RNA feature xref gene does not exist
P003_WD02/P003_WD02:tRNA	Tyr	k141_38564:53281-53366	P003_WD02_00076

DiscRep_SUB:FEATURE_LOCATION_CONFLICT::RNA feature xref gene does not exist
P003_WD02/P003_WD02:tRNA	Asp	k141_38564:53787-53863	P003_WD02_00077

DiscRep_SUB:FEATURE_LOCATION_CONFLICT::RNA feature xref gene does not exist
P003_WD02/P003_WD02:tRNA	Cys	k141_38564:c56335-56264	P003_WD02_00079

DiscRep_SUB:FEATURE_LOCATION_CONFLICT::RNA feature xref gene does not exist
P003_WD02/P003_WD02:tRNA	Arg	k141_38564:c74088-74017	P003_WD02_00091

DiscRep_SUB:FEATURE_LOCATION_CONFLICT::RNA feature xref gene does not exist
P003_WD02/P003_WD02:tRNA	Ser	k141_38564:75713-75800	P003_WD02_00093

DiscRep_SUB:FEATURE_LOCATION_CONFLICT::RNA feature xref gene does not exist
P003_WD02/P003_WD02:tRNA	Gln	k141_38564:76975-77046	P003_WD02_00095

DiscRep_SUB:FEATURE_LOCATION_CONFLICT::RNA feature xref gene does not exist
P003_WD02/P003_WD02:tRNA	His	k141_38564:82908-82981	P003_WD02_00099

DiscRep_SUB:FEATURE_LOCATION_CONFLICT::Coding region xref gene does not exist
P003_WD02/P003_WD02:CDS	NADH-plastoquinone oxidoreductase subunit 5	k141_117077:c2347-107	P003_WD02_00100

DiscRep_SUB:FEATURE_LOCATION_CONFLICT::Coding region xref gene does not exist
P003_WD02/P003_WD02:CDS	cytochrome c heme attachment protein	k141_117077:4388-5374	P003_WD02_00102

DiscRep_SUB:FEATURE_LOCATION_CONFLICT::Coding region xref gene does not exist
P003_WD02/P003_WD02:CDS	NADH-plastoquinone oxidoreductase subunit 4	k141_117077:c7118-5589	P003_WD02_00103

DiscRep_SUB:FEATURE_LOCATION_CONFLICT::Coding region xref gene does not exist
P003_WD02/P003_WD02:CDS	photosystem I subunit VII	k141_117077:c7487-7242	P003_WD02_00104

DiscRep_SUB:FEATURE_LOCATION_CONFLICT::Coding region xref gene does not exist
P003_WD02/P003_WD02:CDS	NADH-plastoquinone oxidoreductase subunit 4L	k141_117077:c8031-7726	P003_WD02_00105

DiscRep_SUB:FEATURE_LOCATION_CONFLICT::Coding region xref gene does not exist
P003_WD02/P003_WD02:CDS	NADH-plastoquinone oxidoreductase subunit 6	k141_117077:c8867-8298	P003_WD02_00106

DiscRep_SUB:FEATURE_LOCATION_CONFLICT::Coding region xref gene does not exist
P003_WD02/P003_WD02:CDS	NADH-plastoquinone oxidoreductase subunit I	k141_117077:c9707-9204	P003_WD02_00107

DiscRep_SUB:FEATURE_LOCATION_CONFLICT::Coding region xref gene does not exist
P003_WD02/P003_WD02:CDS	NADH-plastoquinone oxidoreductase subunit 1	k141_117077:c10244-9783	P003_WD02_00108

DiscRep_SUB:FEATURE_LOCATION_CONFLICT::Coding region xref gene does not exist
P003_WD02/P003_WD02:CDS	hypothetical protein	k141_117077:c10943-10728	P003_WD02_00109

DiscRep_SUB:FEATURE_LOCATION_CONFLICT::Coding region xref gene does not exist
P003_WD02/P003_WD02:CDS	NADH-plastoquinone oxidoreductase subunit 1	k141_117077:c11995-11429	P003_WD02_00110

DiscRep_SUB:FEATURE_LOCATION_CONFLICT::Coding region xref gene does not exist
P003_WD02/P003_WD02:CDS	NADH-plastoquinone oxidoreductase subunit 7	k141_117077:c13178-11997	P003_WD02_00111

DiscRep_SUB:FEATURE_LOCATION_CONFLICT::Coding region xref gene does not exist
P003_WD02/P003_WD02:CDS	ribosomal protein S15	k141_117077:c13545-13279	P003_WD02_00112

DiscRep_SUB:FEATURE_LOCATION_CONFLICT::Coding region xref gene does not exist
P003_WD02/P003_WD02:CDS	hypothetical protein	k141_117077:c18342-13894	P003_WD02_00113

DiscRep_SUB:FEATURE_LOCATION_CONFLICT::RNA feature xref gene does not exist
P003_WD02/P003_WD02:tRNA	Leu	k141_117077:4194-4275	P003_WD02_00101

DiscRep_ALL:SUSPECT_PRODUCT_NAMES::2 product_names contain suspect phrase or characters
DiscRep_SUB:SUSPECT_PRODUCT_NAMES::May contain database identifier more appropriate in note; remove from product name
DiscRep_SUB:SUSPECT_PRODUCT_NAMES::2 features contains three or more numbers together that may be identifiers more appropriate in note
P003_WD02/P003_WD02:CDS	photosystem I P700 apoprotein A1	k141_38564:42093-44345	P003_WD02_00065
P003_WD02/P003_WD02:CDS	photosystem I P700 apoprotein A2	k141_38564:44371-46575	P003_WD02_00066

DiscRep_ALL:DISC_QUALITY_SCORES::Quality scores are missing on all sequences.

DiscRep_ALL:ONCALLER_COMMENT_PRESENT::3 comment descriptors were found (all same)
P003_WD02/P003_WD02:k141_43461:Annotated using prokka 1.14.5 from https://github.com/tseemann/prokka
P003_WD02/P003_WD02:k141_38564:Annotated using prokka 1.14.5 from https://github.com/tseemann/prokka
P003_WD02/P003_WD02:k141_117077:Annotated using prokka 1.14.5 from https://github.com/tseemann/prokka

DiscRep_ALL:SHORT_PROT_SEQUENCES::7 protein sequences are shorter than 50 aa.
P003_WD02/P003_WD02:k141_38564_19 (length 44)
P003_WD02/P003_WD02:k141_38564_20 (length 31)
P003_WD02/P003_WD02:k141_38564_22 (length 39)
P003_WD02/P003_WD02:k141_38564_27 (length 43)
P003_WD02/P003_WD02:k141_38564_36 (length 34)
P003_WD02/P003_WD02:k141_38564_38 (length 46)
P003_WD02/P003_WD02:k141_38564_46 (length 44)

DiscRep_ALL:MISSING_GENOMEASSEMBLY_COMMENTS::3 bioseqs are missing GenomeAssembly structured comments
P003_WD02/P003_WD02:k141_43461 (length 26359)
P003_WD02/P003_WD02:k141_38564 (length 83123)
P003_WD02/P003_WD02:k141_117077 (length 18346)

DiscRep_ALL:MOLTYPE_NOT_MRNA::3 molecule types are not set as mRNA.
P003_WD02/P003_WD02:k141_43461 (length 26359)
P003_WD02/P003_WD02:k141_38564 (length 83123)
P003_WD02/P003_WD02:k141_117077 (length 18346)

DiscRep_ALL:TECHNIQUE_NOT_TSA::3 technique are not set as TSA
P003_WD02/P003_WD02:k141_43461 (length 26359)
P003_WD02/P003_WD02:k141_38564 (length 83123)
P003_WD02/P003_WD02:k141_117077 (length 18346)

DiscRep_ALL:MISSING_STRUCTURED_COMMENT::3 sequences do not include structured comments.
P003_WD02/P003_WD02:k141_43461 (length 26359)
P003_WD02/P003_WD02:k141_38564 (length 83123)
P003_WD02/P003_WD02:k141_117077 (length 18346)

DiscRep_ALL:MISSING_PROJECT::90 sequences do not include project.
P003_WD02/P003_WD02:k141_43461 (length 26359)
P003_WD02/P003_WD02:k141_43461_1 (length 165)
P003_WD02/P003_WD02:k141_43461_2 (length 133)
P003_WD02/P003_WD02:k141_43461_3 (length 93)
P003_WD02/P003_WD02:k141_43461_4 (length 2279)
P003_WD02/P003_WD02:k141_43461_5 (length 77)
P003_WD02/P003_WD02:k141_43461_6 (length 262)
P003_WD02/P003_WD02:k141_43461_7 (length 263)
P003_WD02/P003_WD02:k141_43461_8 (length 155)
P003_WD02/P003_WD02:k141_43461_9 (length 126)
P003_WD02/P003_WD02:k141_43461_10 (length 72)
P003_WD02/P003_WD02:k141_43461_11 (length 76)
P003_WD02/P003_WD02:k141_43461_12 (length 77)
P003_WD02/P003_WD02:k141_38564 (length 83123)
P003_WD02/P003_WD02:k141_38564_1 (length 92)
P003_WD02/P003_WD02:k141_38564_2 (length 160)
P003_WD02/P003_WD02:k141_38564_3 (length 218)
P003_WD02/P003_WD02:k141_38564_4 (length 82)
P003_WD02/P003_WD02:k141_38564_5 (length 122)
P003_WD02/P003_WD02:k141_38564_6 (length 134)
P003_WD02/P003_WD02:k141_38564_7 (length 138)
P003_WD02/P003_WD02:k141_38564_8 (length 327)
P003_WD02/P003_WD02:k141_38564_9 (length 174)
P003_WD02/P003_WD02:k141_38564_10 (length 162)
P003_WD02/P003_WD02:k141_38564_11 (length 90)
P003_WD02/P003_WD02:k141_38564_12 (length 508)
P003_WD02/P003_WD02:k141_38564_13 (length 112)
P003_WD02/P003_WD02:k141_38564_14 (length 108)
P003_WD02/P003_WD02:k141_38564_15 (length 78)
P003_WD02/P003_WD02:k141_38564_16 (length 117)
P003_WD02/P003_WD02:k141_38564_17 (length 101)
P003_WD02/P003_WD02:k141_38564_18 (length 66)
P003_WD02/P003_WD02:k141_38564_19 (length 44)
P003_WD02/P003_WD02:k141_38564_20 (length 31)
P003_WD02/P003_WD02:k141_38564_21 (length 83)
P003_WD02/P003_WD02:k141_38564_22 (length 39)
P003_WD02/P003_WD02:k141_38564_23 (length 320)
P003_WD02/P003_WD02:k141_38564_24 (length 229)
P003_WD02/P003_WD02:k141_38564_25 (length 184)
P003_WD02/P003_WD02:k141_38564_26 (length 57)
P003_WD02/P003_WD02:k141_38564_27 (length 43)
P003_WD02/P003_WD02:k141_38564_28 (length 487)
P003_WD02/P003_WD02:k141_38564_29 (length 509)
P003_WD02/P003_WD02:k141_38564_30 (length 546)
P003_WD02/P003_WD02:k141_38564_31 (length 132)
P003_WD02/P003_WD02:k141_38564_32 (length 93)
P003_WD02/P003_WD02:k141_38564_33 (length 120)
P003_WD02/P003_WD02:k141_38564_34 (length 225)
P003_WD02/P003_WD02:k141_38564_35 (length 158)
P003_WD02/P003_WD02:k141_38564_36 (length 34)
P003_WD02/P003_WD02:k141_38564_37 (length 201)
P003_WD02/P003_WD02:k141_38564_38 (length 46)
P003_WD02/P003_WD02:k141_38564_39 (length 82)
P003_WD02/P003_WD02:k141_38564_40 (length 750)
P003_WD02/P003_WD02:k141_38564_41 (length 734)
P003_WD02/P003_WD02:k141_38564_42 (length 70)
P003_WD02/P003_WD02:k141_38564_43 (length 76)
P003_WD02/P003_WD02:k141_38564_44 (length 461)
P003_WD02/P003_WD02:k141_38564_45 (length 353)
P003_WD02/P003_WD02:k141_38564_46 (length 44)
P003_WD02/P003_WD02:k141_38564_47 (length 1072)
P003_WD02/P003_WD02:k141_38564_48 (length 152)
P003_WD02/P003_WD02:k141_38564_49 (length 85)
P003_WD02/P003_WD02:k141_38564_50 (length 552)
P003_WD02/P003_WD02:k141_38564_51 (length 1379)
P003_WD02/P003_WD02:k141_38564_52 (length 223)
P003_WD02/P003_WD02:k141_38564_53 (length 264)
P003_WD02/P003_WD02:k141_38564_54 (length 97)
P003_WD02/P003_WD02:k141_38564_55 (length 56)
P003_WD02/P003_WD02:k141_38564_56 (length 156)
P003_WD02/P003_WD02:k141_38564_57 (length 507)
P003_WD02/P003_WD02:k141_38564_58 (length 54)
P003_WD02/P003_WD02:k141_38564_59 (length 72)
P003_WD02/P003_WD02:k141_38564_60 (length 504)
P003_WD02/P003_WD02:k141_38564_61 (length 73)
P003_WD02/P003_WD02:k141_38564_62 (length 353)
P003_WD02/P003_WD02:k141_117077 (length 18346)
P003_WD02/P003_WD02:k141_117077_1 (length 746)
P003_WD02/P003_WD02:k141_117077_2 (length 328)
P003_WD02/P003_WD02:k141_117077_3 (length 509)
P003_WD02/P003_WD02:k141_117077_4 (length 81)
P003_WD02/P003_WD02:k141_117077_5 (length 101)
P003_WD02/P003_WD02:k141_117077_6 (length 189)
P003_WD02/P003_WD02:k141_117077_7 (length 167)
P003_WD02/P003_WD02:k141_117077_8 (length 153)
P003_WD02/P003_WD02:k141_117077_9 (length 71)
P003_WD02/P003_WD02:k141_117077_10 (length 188)
P003_WD02/P003_WD02:k141_117077_11 (length 393)
P003_WD02/P003_WD02:k141_117077_12 (length 88)
P003_WD02/P003_WD02:k141_117077_13 (length 1482)

DiscRep_ALL:DISC_INCONSISTENT_MOLINFO_TECH::Molinfo Technique Report (some missing, all same)
DiscRep_SUB:DISC_INCONSISTENT_MOLINFO_TECH::technique (all missing)
DiscRep_SUB:DISC_INCONSISTENT_MOLINFO_TECH::3 Molinfos are missing field technique
P003_WD02/P003_WD02:k141_38564 (length 83123)
P003_WD02/P003_WD02:k141_43461 (length 26359)
P003_WD02/P003_WD02:k141_117077 (length 18346)

