Discrepancy Report Results

Summary
FATAL: MISSING_PROTEIN_ID:120 proteins have invalid IDs.
DISC_SOURCE_QUALS_ASNDISC:strain (all present, all same)
DISC_SOURCE_QUALS_ASNDISC:taxname (all present, all same)
DISC_FEATURE_COUNT:CDS: 120 present
DISC_FEATURE_COUNT:tRNA: 24 present
DISC_FEATURE_COUNT:rRNA: 3 present
DISC_COUNT_NUCLEOTIDES:20 nucleotide Bioseqs are present
FEATURE_LOCATION_CONFLICT:147 features have inconsistent gene locations.
SUSPECT_PRODUCT_NAMES:2 product_names contain suspect phrase or characters
	May contain database identifier more appropriate in note; remove from product name
		2 features contains three or more numbers together that may be identifiers more appropriate in note
DISC_QUALITY_SCORES:Quality scores are missing on all sequences.
FATAL: DISC_SUSPECT_RRNA_PRODUCTS:1 rRNA product names contain suspect phrase
FATAL: DISC_SHORT_RRNA:1 rRNA features are too short
ONCALLER_COMMENT_PRESENT:20 comment descriptors were found (all same)
SHORT_PROT_SEQUENCES:10 protein sequences are shorter than 50 aa.
MISSING_GENOMEASSEMBLY_COMMENTS:20 bioseqs are missing GenomeAssembly structured comments
MOLTYPE_NOT_MRNA:20 molecule types are not set as mRNA.
TECHNIQUE_NOT_TSA:20 technique are not set as TSA
MISSING_STRUCTURED_COMMENT:20 sequences do not include structured comments.
MISSING_PROJECT:140 sequences do not include project.
FATAL: RRNA_NAME_CONFLICTS:1 rRNA product names are not standard. Correct the names to the standard format, eg "16S ribosomal RNA"
DISC_INCONSISTENT_MOLINFO_TECH:Molinfo Technique Report (some missing, all same)


Detailed Report

FATAL: DiscRep_ALL:MISSING_PROTEIN_ID::120 proteins have invalid IDs.
P001_WD04/P001_WD04:k141_14278_1 (length 155)
P001_WD04/P001_WD04:k141_14278_2 (length 261)
P001_WD04/P001_WD04:k141_14278_3 (length 273)
P001_WD04/P001_WD04:k141_14278_4 (length 75)
P001_WD04/P001_WD04:k141_14278_5 (length 102)
P001_WD04/P001_WD04:k141_14278_6 (length 142)
P001_WD04/P001_WD04:k141_14278_7 (length 79)
P001_WD04/P001_WD04:k141_30545_1 (length 115)
P001_WD04/P001_WD04:k141_30545_2 (length 276)
P001_WD04/P001_WD04:k141_32381_1 (length 1422)
P001_WD04/P001_WD04:k141_32381_2 (length 589)
P001_WD04/P001_WD04:k141_32381_3 (length 145)
P001_WD04/P001_WD04:k141_32381_4 (length 1070)
P001_WD04/P001_WD04:k141_32381_5 (length 114)
P001_WD04/P001_WD04:k141_34230_1 (length 146)
P001_WD04/P001_WD04:k141_34230_2 (length 40)
P001_WD04/P001_WD04:k141_34230_3 (length 39)
P001_WD04/P001_WD04:k141_34230_4 (length 117)
P001_WD04/P001_WD04:k141_34230_5 (length 44)
P001_WD04/P001_WD04:k141_34230_6 (length 75)
P001_WD04/P001_WD04:k141_34230_7 (length 129)
P001_WD04/P001_WD04:k141_11114_1 (length 193)
P001_WD04/P001_WD04:k141_11114_2 (length 343)
P001_WD04/P001_WD04:k141_28957_1 (length 88)
P001_WD04/P001_WD04:k141_28957_2 (length 71)
P001_WD04/P001_WD04:k141_28957_3 (length 82)
P001_WD04/P001_WD04:k141_28957_4 (length 78)
P001_WD04/P001_WD04:k141_28957_5 (length 40)
P001_WD04/P001_WD04:k141_16583_1 (length 194)
P001_WD04/P001_WD04:k141_16583_2 (length 52)
P001_WD04/P001_WD04:k141_23733_1 (length 93)
P001_WD04/P001_WD04:k141_23733_2 (length 234)
P001_WD04/P001_WD04:k141_23903_1 (length 228)
P001_WD04/P001_WD04:k141_23903_2 (length 93)
P001_WD04/P001_WD04:k141_23903_3 (length 392)
P001_WD04/P001_WD04:k141_23903_4 (length 110)
P001_WD04/P001_WD04:k141_27674_1 (length 101)
P001_WD04/P001_WD04:k141_27674_2 (length 101)
P001_WD04/P001_WD04:k141_11661_1 (length 62)
P001_WD04/P001_WD04:k141_11661_2 (length 353)
P001_WD04/P001_WD04:k141_11661_3 (length 506)
P001_WD04/P001_WD04:k141_11661_4 (length 79)
P001_WD04/P001_WD04:k141_11661_5 (length 82)
P001_WD04/P001_WD04:k141_11661_6 (length 200)
P001_WD04/P001_WD04:k141_11661_7 (length 173)
P001_WD04/P001_WD04:k141_11661_8 (length 225)
P001_WD04/P001_WD04:k141_11661_9 (length 120)
P001_WD04/P001_WD04:k141_11661_10 (length 38)
P001_WD04/P001_WD04:k141_11661_11 (length 475)
P001_WD04/P001_WD04:k141_11661_12 (length 498)
P001_WD04/P001_WD04:k141_11661_13 (length 133)
P001_WD04/P001_WD04:k141_22495_1 (length 93)
P001_WD04/P001_WD04:k141_22495_2 (length 126)
P001_WD04/P001_WD04:k141_22495_3 (length 142)
P001_WD04/P001_WD04:k141_22495_4 (length 92)
P001_WD04/P001_WD04:k141_11795_1 (length 53)
P001_WD04/P001_WD04:k141_11795_2 (length 320)
P001_WD04/P001_WD04:k141_11795_3 (length 229)
P001_WD04/P001_WD04:k141_11795_4 (length 184)
P001_WD04/P001_WD04:k141_11795_5 (length 120)
P001_WD04/P001_WD04:k141_11829_1 (length 63)
P001_WD04/P001_WD04:k141_11829_2 (length 119)
P001_WD04/P001_WD04:k141_11829_3 (length 122)
P001_WD04/P001_WD04:k141_11829_4 (length 38)
P001_WD04/P001_WD04:k141_11829_5 (length 132)
P001_WD04/P001_WD04:k141_11829_6 (length 81)
P001_WD04/P001_WD04:k141_11829_7 (length 151)
P001_WD04/P001_WD04:k141_11829_8 (length 274)
P001_WD04/P001_WD04:k141_8370_1 (length 412)
P001_WD04/P001_WD04:k141_8370_2 (length 67)
P001_WD04/P001_WD04:k141_8370_3 (length 320)
P001_WD04/P001_WD04:k141_8370_4 (length 506)
P001_WD04/P001_WD04:k141_8370_5 (length 81)
P001_WD04/P001_WD04:k141_8370_6 (length 100)
P001_WD04/P001_WD04:k141_8370_7 (length 177)
P001_WD04/P001_WD04:k141_8370_8 (length 86)
P001_WD04/P001_WD04:k141_8370_9 (length 69)
P001_WD04/P001_WD04:k141_8370_10 (length 280)
P001_WD04/P001_WD04:k141_31991_1 (length 245)
P001_WD04/P001_WD04:k141_31991_2 (length 247)
P001_WD04/P001_WD04:k141_31991_3 (length 97)
P001_WD04/P001_WD04:k141_31991_4 (length 81)
P001_WD04/P001_WD04:k141_31991_5 (length 184)
P001_WD04/P001_WD04:k141_31991_6 (length 507)
P001_WD04/P001_WD04:k141_31991_7 (length 102)
P001_WD04/P001_WD04:k141_31991_8 (length 750)
P001_WD04/P001_WD04:k141_31991_9 (length 734)
P001_WD04/P001_WD04:k141_31991_10 (length 100)
P001_WD04/P001_WD04:k141_31991_11 (length 62)
P001_WD04/P001_WD04:k141_31991_12 (length 461)
P001_WD04/P001_WD04:k141_31991_13 (length 353)
P001_WD04/P001_WD04:k141_31991_14 (length 88)
P001_WD04/P001_WD04:k141_31991_15 (length 368)
P001_WD04/P001_WD04:k141_31991_16 (length 53)
P001_WD04/P001_WD04:k141_1650_1 (length 56)
P001_WD04/P001_WD04:k141_1650_2 (length 44)
P001_WD04/P001_WD04:k141_1650_3 (length 103)
P001_WD04/P001_WD04:k141_1650_4 (length 106)
P001_WD04/P001_WD04:k141_1650_5 (length 111)
P001_WD04/P001_WD04:k141_1650_6 (length 116)
P001_WD04/P001_WD04:k141_1650_7 (length 85)
P001_WD04/P001_WD04:k141_1650_8 (length 44)
P001_WD04/P001_WD04:k141_1650_9 (length 73)
P001_WD04/P001_WD04:k141_1650_10 (length 82)
P001_WD04/P001_WD04:k141_1650_11 (length 90)
P001_WD04/P001_WD04:k141_1650_12 (length 393)
P001_WD04/P001_WD04:k141_1650_13 (length 190)
P001_WD04/P001_WD04:k141_1650_14 (length 156)
P001_WD04/P001_WD04:k141_1650_15 (length 177)
P001_WD04/P001_WD04:k141_1650_16 (length 49)
P001_WD04/P001_WD04:k141_1650_17 (length 74)
P001_WD04/P001_WD04:k141_32017_1 (length 508)
P001_WD04/P001_WD04:k141_32017_2 (length 73)
P001_WD04/P001_WD04:k141_32017_3 (length 162)
P001_WD04/P001_WD04:k141_32017_4 (length 76)
P001_WD04/P001_WD04:k141_32017_5 (length 58)
P001_WD04/P001_WD04:k141_32017_6 (length 174)
P001_WD04/P001_WD04:k141_32017_7 (length 97)
P001_WD04/P001_WD04:k141_1779_1 (length 119)
P001_WD04/P001_WD04:k141_1779_2 (length 46)

DiscRep_ALL:DISC_SOURCE_QUALS_ASNDISC::strain (all present, all same)
DiscRep_SUB:DISC_SOURCE_QUALS_ASNDISC::20 sources have 'strain' for strain
DiscRep_ALL:DISC_SOURCE_QUALS_ASNDISC::taxname (all present, all same)
DiscRep_SUB:DISC_SOURCE_QUALS_ASNDISC::20 sources have 'Genus species' for taxname
DiscRep_ALL:DISC_FEATURE_COUNT::CDS: 120 present
DiscRep_ALL:DISC_FEATURE_COUNT::tRNA: 24 present
DiscRep_ALL:DISC_FEATURE_COUNT::rRNA: 3 present
DiscRep_ALL:DISC_COUNT_NUCLEOTIDES::20 nucleotide Bioseqs are present
P001_WD04/P001_WD04:k141_14278 (length 8477)
P001_WD04/P001_WD04:k141_30545 (length 1656)
P001_WD04/P001_WD04:k141_32381 (length 12748)
P001_WD04/P001_WD04:k141_34230 (length 6946)
P001_WD04/P001_WD04:k141_11114 (length 2779)
P001_WD04/P001_WD04:k141_28957 (length 10210)
P001_WD04/P001_WD04:k141_16583 (length 2963)
P001_WD04/P001_WD04:k141_23733 (length 2538)
P001_WD04/P001_WD04:k141_23903 (length 4882)
P001_WD04/P001_WD04:k141_27674 (length 5877)
P001_WD04/P001_WD04:k141_11661 (length 20691)
P001_WD04/P001_WD04:k141_22495 (length 2567)
P001_WD04/P001_WD04:k141_11795 (length 4658)
P001_WD04/P001_WD04:k141_13734 (length 1961)
P001_WD04/P001_WD04:k141_11829 (length 5605)
P001_WD04/P001_WD04:k141_8370 (length 10674)
P001_WD04/P001_WD04:k141_31991 (length 24184)
P001_WD04/P001_WD04:k141_1650 (length 10903)
P001_WD04/P001_WD04:k141_32017 (length 7020)
P001_WD04/P001_WD04:k141_1779 (length 1186)

DiscRep_ALL:FEATURE_LOCATION_CONFLICT::147 features have inconsistent gene locations.
DiscRep_SUB:FEATURE_LOCATION_CONFLICT::Coding region xref gene does not exist
P001_WD04/P001_WD04:CDS	ribosomal protein S7	k141_14278:318-785	P001_WD04_00001

DiscRep_SUB:FEATURE_LOCATION_CONFLICT::Coding region xref gene does not exist
P001_WD04/P001_WD04:CDS	NADH-plastoquinone oxidoreductase subunit 2	k141_14278:1105-1890	P001_WD04_00002

DiscRep_SUB:FEATURE_LOCATION_CONFLICT::Coding region xref gene does not exist
P001_WD04/P001_WD04:CDS	NADH-plastoquinone oxidoreductase subunit 2	k141_14278:2503-3324	P001_WD04_00003

DiscRep_SUB:FEATURE_LOCATION_CONFLICT::Coding region xref gene does not exist
P001_WD04/P001_WD04:CDS	hypothetical protein	k141_14278:c5203-4976	P001_WD04_00005

DiscRep_SUB:FEATURE_LOCATION_CONFLICT::Coding region xref gene does not exist
P001_WD04/P001_WD04:CDS	hypothetical protein	k141_14278:c5687-5379	P001_WD04_00006

DiscRep_SUB:FEATURE_LOCATION_CONFLICT::Coding region xref gene does not exist
P001_WD04/P001_WD04:CDS	hypothetical protein	k141_14278:c6585-6157	P001_WD04_00007

DiscRep_SUB:FEATURE_LOCATION_CONFLICT::Coding region xref gene does not exist
P001_WD04/P001_WD04:CDS	hypothetical protein	k141_14278:c6868-6629	P001_WD04_00008

DiscRep_SUB:FEATURE_LOCATION_CONFLICT::RNA feature xref gene does not exist
P001_WD04/P001_WD04:tRNA	Leu	k141_14278:3888-3970	P001_WD04_00004

DiscRep_SUB:FEATURE_LOCATION_CONFLICT::RNA feature xref gene does not exist
P001_WD04/P001_WD04:tRNA	Met	k141_14278:7593-7666	P001_WD04_00009

DiscRep_SUB:FEATURE_LOCATION_CONFLICT::Coding region xref gene does not exist
P001_WD04/P001_WD04:CDS	ribosomal protein L23	k141_30545:35-382	P001_WD04_00010

DiscRep_SUB:FEATURE_LOCATION_CONFLICT::Coding region xref gene does not exist
P001_WD04/P001_WD04:CDS	hypothetical protein	k141_30545:379-1209	P001_WD04_00011

DiscRep_SUB:FEATURE_LOCATION_CONFLICT::Coding region xref gene does not exist
P001_WD04/P001_WD04:CDS	RNA polymerase beta'' subunit	k141_32381:c4303-35	P001_WD04_00012

DiscRep_SUB:FEATURE_LOCATION_CONFLICT::Coding region xref gene does not exist
P001_WD04/P001_WD04:CDS	RNA polymerase beta' subunit	k141_32381:c6077-4308	P001_WD04_00013

DiscRep_SUB:FEATURE_LOCATION_CONFLICT::Coding region xref gene does not exist
P001_WD04/P001_WD04:CDS	RNA polymerase beta' subunit	k141_32381:c7094-6657	P001_WD04_00014

DiscRep_SUB:FEATURE_LOCATION_CONFLICT::Coding region xref gene does not exist
P001_WD04/P001_WD04:CDS	RNA polymerase beta subunit	k141_32381:c11025-7813	P001_WD04_00015

DiscRep_SUB:FEATURE_LOCATION_CONFLICT::Coding region xref gene does not exist
P001_WD04/P001_WD04:CDS	RNA polymerase alpha subunit	k141_32381:c11879-11535	P001_WD04_00016

DiscRep_SUB:FEATURE_LOCATION_CONFLICT::Coding region xref gene does not exist
P001_WD04/P001_WD04:CDS	hypothetical protein	k141_34230:2-442	P001_WD04_00017

DiscRep_SUB:FEATURE_LOCATION_CONFLICT::Coding region xref gene does not exist
P001_WD04/P001_WD04:CDS	photosystem II protein J	k141_34230:c1685-1563	P001_WD04_00018

DiscRep_SUB:FEATURE_LOCATION_CONFLICT::Coding region xref gene does not exist
P001_WD04/P001_WD04:CDS	photosystem II cytochrome b559 beta subunit	k141_34230:c2074-1955	P001_WD04_00019

DiscRep_SUB:FEATURE_LOCATION_CONFLICT::Coding region xref gene does not exist
P001_WD04/P001_WD04:CDS	Cytochrome b559 subunit alpha	k141_34230:c2437-2084	P001_WD04_00020

DiscRep_SUB:FEATURE_LOCATION_CONFLICT::Coding region xref gene does not exist
P001_WD04/P001_WD04:CDS	photosystem I subunit IX	k141_34230:4830-4964	P001_WD04_00023

DiscRep_SUB:FEATURE_LOCATION_CONFLICT::Coding region xref gene does not exist
P001_WD04/P001_WD04:CDS	ribosomal protein S18	k141_34230:5878-6105	P001_WD04_00024

DiscRep_SUB:FEATURE_LOCATION_CONFLICT::Coding region xref gene does not exist
P001_WD04/P001_WD04:CDS	ribosomal protein L20	k141_34230:c6731-6342	P001_WD04_00025

DiscRep_SUB:FEATURE_LOCATION_CONFLICT::RNA feature xref gene does not exist
P001_WD04/P001_WD04:tRNA	Trp	k141_34230:c4188-4115	P001_WD04_00021

DiscRep_SUB:FEATURE_LOCATION_CONFLICT::RNA feature xref gene does not exist
P001_WD04/P001_WD04:tRNA	Pro	k141_34230:c4420-4345	P001_WD04_00022

DiscRep_SUB:FEATURE_LOCATION_CONFLICT::Coding region xref gene does not exist
P001_WD04/P001_WD04:CDS	hypothetical protein	k141_11114:c831-250	P001_WD04_00026

DiscRep_SUB:FEATURE_LOCATION_CONFLICT::Coding region xref gene does not exist
P001_WD04/P001_WD04:CDS	ATP-dependent Clp protease proteolytic subunit	k141_11114:c2521-1490	P001_WD04_00027

DiscRep_SUB:FEATURE_LOCATION_CONFLICT::Coding region xref gene does not exist
P001_WD04/P001_WD04:CDS	hypothetical protein	k141_28957:c961-695	P001_WD04_00028

DiscRep_SUB:FEATURE_LOCATION_CONFLICT::Coding region xref gene does not exist
P001_WD04/P001_WD04:CDS	hypothetical protein	k141_28957:4002-4217	P001_WD04_00031

DiscRep_SUB:FEATURE_LOCATION_CONFLICT::Coding region xref gene does not exist
P001_WD04/P001_WD04:CDS	hypothetical protein	k141_28957:4596-4844	P001_WD04_00032

DiscRep_SUB:FEATURE_LOCATION_CONFLICT::Coding region xref gene does not exist
P001_WD04/P001_WD04:CDS	hypothetical protein	k141_28957:c8645-8409	P001_WD04_00034

DiscRep_SUB:FEATURE_LOCATION_CONFLICT::Coding region xref gene does not exist
P001_WD04/P001_WD04:CDS	hypothetical protein	k141_28957:9249-9371	P001_WD04_00036

DiscRep_SUB:FEATURE_LOCATION_CONFLICT::RNA feature xref gene does not exist
P001_WD04/P001_WD04:tRNA	Val	k141_28957:1215-1290	P001_WD04_00029

DiscRep_SUB:FEATURE_LOCATION_CONFLICT::RNA feature xref gene does not exist
P001_WD04/P001_WD04:rRNA	16S ribosomal RNA	k141_28957:1509-2994	P001_WD04_00030

DiscRep_SUB:FEATURE_LOCATION_CONFLICT::RNA feature xref gene does not exist
P001_WD04/P001_WD04:rRNA	23S ribosomal RNA	k141_28957:5390-8402	P001_WD04_00033

DiscRep_SUB:FEATURE_LOCATION_CONFLICT::RNA feature xref gene does not exist
P001_WD04/P001_WD04:tRNA	Arg	k141_28957:9023-9096	P001_WD04_00035

DiscRep_SUB:FEATURE_LOCATION_CONFLICT::RNA feature xref gene does not exist
P001_WD04/P001_WD04:tRNA	Asn	k141_28957:c9785-9712	P001_WD04_00037

DiscRep_SUB:FEATURE_LOCATION_CONFLICT::Coding region xref gene does not exist
P001_WD04/P001_WD04:CDS	hypothetical protein	k141_16583:647-1231	P001_WD04_00038

DiscRep_SUB:FEATURE_LOCATION_CONFLICT::Coding region xref gene does not exist
P001_WD04/P001_WD04:CDS	hypothetical protein	k141_16583:1328-1486	P001_WD04_00039

DiscRep_SUB:FEATURE_LOCATION_CONFLICT::Coding region xref gene does not exist
P001_WD04/P001_WD04:CDS	hypothetical protein	k141_23733:c539-258	P001_WD04_00040

DiscRep_SUB:FEATURE_LOCATION_CONFLICT::Coding region xref gene does not exist
P001_WD04/P001_WD04:CDS	ribosomal protein S3	k141_23733:c2355-1651	P001_WD04_00041

DiscRep_SUB:FEATURE_LOCATION_CONFLICT::Coding region xref gene does not exist
P001_WD04/P001_WD04:CDS	ATP synthase subunit beta	k141_23903:c986-300	P001_WD04_00042

DiscRep_SUB:FEATURE_LOCATION_CONFLICT::Coding region xref gene does not exist
P001_WD04/P001_WD04:CDS	hypothetical protein	k141_23903:c3022-2741	P001_WD04_00043

DiscRep_SUB:FEATURE_LOCATION_CONFLICT::Coding region xref gene does not exist
P001_WD04/P001_WD04:CDS	Acetyl-coenzyme A carboxylase carboxyl transferase subunit beta, chloroplastic	k141_23903:c4515-3337	P001_WD04_00044

DiscRep_SUB:FEATURE_LOCATION_CONFLICT::Coding region xref gene does not exist
P001_WD04/P001_WD04:CDS	hypothetical protein	k141_23903:4530-4862	P001_WD04_00045

DiscRep_SUB:FEATURE_LOCATION_CONFLICT::Coding region xref gene does not exist
P001_WD04/P001_WD04:CDS	hypothetical protein	k141_27674:c4622-4317	P001_WD04_00047

DiscRep_SUB:FEATURE_LOCATION_CONFLICT::Coding region xref gene does not exist
P001_WD04/P001_WD04:CDS	hypothetical protein	k141_27674:c5839-5534	P001_WD04_00051

DiscRep_SUB:FEATURE_LOCATION_CONFLICT::RNA feature xref gene does not exist
P001_WD04/P001_WD04:tRNA	Cys	k141_27674:1261-1331	P001_WD04_00046

DiscRep_SUB:FEATURE_LOCATION_CONFLICT::RNA feature xref gene does not exist
P001_WD04/P001_WD04:tRNA	Asp	k141_27674:c4824-4748	P001_WD04_00048

DiscRep_SUB:FEATURE_LOCATION_CONFLICT::RNA feature xref gene does not exist
P001_WD04/P001_WD04:tRNA	Tyr	k141_27674:c5016-4931	P001_WD04_00049

DiscRep_SUB:FEATURE_LOCATION_CONFLICT::RNA feature xref gene does not exist
P001_WD04/P001_WD04:tRNA	Glu	k141_27674:c5148-5076	P001_WD04_00050

DiscRep_SUB:FEATURE_LOCATION_CONFLICT::Coding region xref gene does not exist
P001_WD04/P001_WD04:CDS	hypothetical protein	k141_11661:c711-523	P001_WD04_00052

DiscRep_SUB:FEATURE_LOCATION_CONFLICT::Coding region xref gene does not exist
P001_WD04/P001_WD04:CDS	photosystem II protein D1	k141_11661:c2311-1250	P001_WD04_00054

DiscRep_SUB:FEATURE_LOCATION_CONFLICT::Coding region xref gene does not exist
P001_WD04/P001_WD04:CDS	maturase K	k141_11661:c4352-2832	P001_WD04_00055

DiscRep_SUB:FEATURE_LOCATION_CONFLICT::Coding region xref gene does not exist
P001_WD04/P001_WD04:CDS	hypothetical protein	k141_11661:6600-6839	P001_WD04_00056

DiscRep_SUB:FEATURE_LOCATION_CONFLICT::Coding region xref gene does not exist
P001_WD04/P001_WD04:CDS	putative chloroplast RF34	k141_11661:c7701-7453	P001_WD04_00057

DiscRep_SUB:FEATURE_LOCATION_CONFLICT::Coding region xref gene does not exist
P001_WD04/P001_WD04:CDS	ribosomal protein S4	k141_11661:c9854-9252	P001_WD04_00059

DiscRep_SUB:FEATURE_LOCATION_CONFLICT::Coding region xref gene does not exist
P001_WD04/P001_WD04:CDS	NADH-plastoquinone oxidoreductase subunit J	k141_11661:c13180-12659	P001_WD04_00062

DiscRep_SUB:FEATURE_LOCATION_CONFLICT::Coding region xref gene does not exist
P001_WD04/P001_WD04:CDS	NADH-plastoquinone oxidoreductase subunit K	k141_11661:c13918-13241	P001_WD04_00063

DiscRep_SUB:FEATURE_LOCATION_CONFLICT::Coding region xref gene does not exist
P001_WD04/P001_WD04:CDS	NADH-plastoquinone oxidoreductase subunit 3	k141_11661:c14330-13968	P001_WD04_00064

DiscRep_SUB:FEATURE_LOCATION_CONFLICT::Coding region xref gene does not exist
P001_WD04/P001_WD04:CDS	hypothetical protein	k141_11661:c14599-14483	P001_WD04_00065

DiscRep_SUB:FEATURE_LOCATION_CONFLICT::Coding region xref gene does not exist
P001_WD04/P001_WD04:CDS	ribulose-1,5-bisphosphate carboxylase/oxygenase large subunit	k141_11661:c17095-15668	P001_WD04_00066

DiscRep_SUB:FEATURE_LOCATION_CONFLICT::Coding region xref gene does not exist
P001_WD04/P001_WD04:CDS	ATP synthase CF1 beta subunit	k141_11661:17869-19365	P001_WD04_00067

DiscRep_SUB:FEATURE_LOCATION_CONFLICT::Coding region xref gene does not exist
P001_WD04/P001_WD04:CDS	ATP synthase CF1 epsilon subunit	k141_11661:19362-19763	P001_WD04_00068

DiscRep_SUB:FEATURE_LOCATION_CONFLICT::RNA feature xref gene does not exist
P001_WD04/P001_WD04:tRNA	His	k141_11661:c892-819	P001_WD04_00053

DiscRep_SUB:FEATURE_LOCATION_CONFLICT::RNA feature xref gene does not exist
P001_WD04/P001_WD04:tRNA	Ser	k141_11661:8865-8951	P001_WD04_00058

DiscRep_SUB:FEATURE_LOCATION_CONFLICT::RNA feature xref gene does not exist
P001_WD04/P001_WD04:tRNA	Thr	k141_11661:c10256-10182	P001_WD04_00060

DiscRep_SUB:FEATURE_LOCATION_CONFLICT::RNA feature xref gene does not exist
P001_WD04/P001_WD04:tRNA	Phe	k141_11661:12062-12135	P001_WD04_00061

DiscRep_SUB:FEATURE_LOCATION_CONFLICT::RNA feature xref gene does not exist
P001_WD04/P001_WD04:tRNA	Met	k141_11661:c20040-19968	P001_WD04_00069

DiscRep_SUB:FEATURE_LOCATION_CONFLICT::Coding region xref gene does not exist
P001_WD04/P001_WD04:CDS	ribosomal protein L23	k141_22495:35-316	P001_WD04_00070

DiscRep_SUB:FEATURE_LOCATION_CONFLICT::Coding region xref gene does not exist
P001_WD04/P001_WD04:CDS	ribosomal protein L2	k141_22495:329-709	P001_WD04_00071

DiscRep_SUB:FEATURE_LOCATION_CONFLICT::Coding region xref gene does not exist
P001_WD04/P001_WD04:CDS	ribosomal protein L2	k141_22495:1377-1805	P001_WD04_00072

DiscRep_SUB:FEATURE_LOCATION_CONFLICT::Coding region xref gene does not exist
P001_WD04/P001_WD04:CDS	ribosomal protein S19	k141_22495:1860-2138	P001_WD04_00073

DiscRep_SUB:FEATURE_LOCATION_CONFLICT::Coding region xref gene does not exist
P001_WD04/P001_WD04:CDS	NADH-plastoquinone oxidoreductase subunit I	k141_11795:c730-569	P001_WD04_00074

DiscRep_SUB:FEATURE_LOCATION_CONFLICT::Coding region xref gene does not exist
P001_WD04/P001_WD04:CDS	cytochrome f	k141_11795:c1771-809	P001_WD04_00075

DiscRep_SUB:FEATURE_LOCATION_CONFLICT::Coding region xref gene does not exist
P001_WD04/P001_WD04:CDS	envelope membrane protein	k141_11795:c2691-2002	P001_WD04_00076

DiscRep_SUB:FEATURE_LOCATION_CONFLICT::Coding region xref gene does not exist
P001_WD04/P001_WD04:CDS	photosystem I assembly protein Ycf4	k141_11795:c3466-2912	P001_WD04_00077

DiscRep_SUB:FEATURE_LOCATION_CONFLICT::Coding region xref gene does not exist
P001_WD04/P001_WD04:CDS	hypothetical protein	k141_11795:c3767-3405	P001_WD04_00078

DiscRep_SUB:FEATURE_LOCATION_CONFLICT::RNA feature xref gene does not exist
P001_WD04/P001_WD04:rRNA	23S ribosomal RNA (partial)	k141_13734:c1510-1	P001_WD04_00079

DiscRep_SUB:FEATURE_LOCATION_CONFLICT::Coding region xref gene does not exist
P001_WD04/P001_WD04:CDS	hypothetical protein	k141_11829:c281-90	P001_WD04_00080

DiscRep_SUB:FEATURE_LOCATION_CONFLICT::Coding region xref gene does not exist
P001_WD04/P001_WD04:CDS	ribosomal protein L16	k141_11829:1036-1395	P001_WD04_00081

DiscRep_SUB:FEATURE_LOCATION_CONFLICT::Coding region xref gene does not exist
P001_WD04/P001_WD04:CDS	ribosomal protein L14	k141_11829:1516-1884	P001_WD04_00082

DiscRep_SUB:FEATURE_LOCATION_CONFLICT::Coding region xref gene does not exist
P001_WD04/P001_WD04:CDS	hypothetical protein	k141_11829:c1966-1850	P001_WD04_00083

DiscRep_SUB:FEATURE_LOCATION_CONFLICT::Coding region xref gene does not exist
P001_WD04/P001_WD04:CDS	ribosomal protein S8	k141_11829:2086-2484	P001_WD04_00084

DiscRep_SUB:FEATURE_LOCATION_CONFLICT::Coding region xref gene does not exist
P001_WD04/P001_WD04:CDS	translational initiation factor 1	k141_11829:2620-2865	P001_WD04_00085

DiscRep_SUB:FEATURE_LOCATION_CONFLICT::Coding region xref gene does not exist
P001_WD04/P001_WD04:CDS	ribosomal protein S11	k141_11829:3209-3664	P001_WD04_00086

DiscRep_SUB:FEATURE_LOCATION_CONFLICT::Coding region xref gene does not exist
P001_WD04/P001_WD04:CDS	RNA polymerase alpha subunit	k141_11829:3701-4525	P001_WD04_00087

DiscRep_SUB:FEATURE_LOCATION_CONFLICT::Coding region xref gene does not exist
P001_WD04/P001_WD04:CDS	NADH-plastoquinone oxidoreductase subunit 5	k141_8370:1295-2533	P001_WD04_00088

DiscRep_SUB:FEATURE_LOCATION_CONFLICT::Coding region xref gene does not exist
P001_WD04/P001_WD04:CDS	ribosomal protein L32	k141_8370:2986-3189	P001_WD04_00089

DiscRep_SUB:FEATURE_LOCATION_CONFLICT::Coding region xref gene does not exist
P001_WD04/P001_WD04:CDS	cytochrome c heme attachment protein	k141_8370:4187-5149	P001_WD04_00091

DiscRep_SUB:FEATURE_LOCATION_CONFLICT::Coding region xref gene does not exist
P001_WD04/P001_WD04:CDS	NADH-plastoquinone oxidoreductase subunit 4	k141_8370:c6912-5392	P001_WD04_00092

DiscRep_SUB:FEATURE_LOCATION_CONFLICT::Coding region xref gene does not exist
P001_WD04/P001_WD04:CDS	photosystem I subunit VII	k141_8370:c7269-7024	P001_WD04_00093

DiscRep_SUB:FEATURE_LOCATION_CONFLICT::Coding region xref gene does not exist
P001_WD04/P001_WD04:CDS	NADH-plastoquinone oxidoreductase subunit 4L	k141_8370:c7816-7514	P001_WD04_00094

DiscRep_SUB:FEATURE_LOCATION_CONFLICT::Coding region xref gene does not exist
P001_WD04/P001_WD04:CDS	NADH-plastoquinone oxidoreductase subunit 6	k141_8370:c8579-8046	P001_WD04_00095

DiscRep_SUB:FEATURE_LOCATION_CONFLICT::Coding region xref gene does not exist
P001_WD04/P001_WD04:CDS	hypothetical protein	k141_8370:c9296-9036	P001_WD04_00096

DiscRep_SUB:FEATURE_LOCATION_CONFLICT::Coding region xref gene does not exist
P001_WD04/P001_WD04:CDS	hypothetical protein	k141_8370:c9750-9541	P001_WD04_00097

DiscRep_SUB:FEATURE_LOCATION_CONFLICT::Coding region xref gene does not exist
P001_WD04/P001_WD04:CDS	ATP-dependent Clp protease proteolytic subunit	k141_8370:c10602-9760	P001_WD04_00098

DiscRep_SUB:FEATURE_LOCATION_CONFLICT::RNA feature xref gene does not exist
P001_WD04/P001_WD04:tRNA	Leu	k141_8370:4010-4089	P001_WD04_00090

DiscRep_SUB:FEATURE_LOCATION_CONFLICT::Coding region xref gene does not exist
P001_WD04/P001_WD04:CDS	ribosomal protein S2	k141_31991:365-1102	P001_WD04_00099

DiscRep_SUB:FEATURE_LOCATION_CONFLICT::Coding region xref gene does not exist
P001_WD04/P001_WD04:CDS	ATP synthase CF0 subunit IV	k141_31991:1295-2038	P001_WD04_00100

DiscRep_SUB:FEATURE_LOCATION_CONFLICT::Coding region xref gene does not exist
P001_WD04/P001_WD04:CDS	hypothetical protein	k141_31991:c2883-2590	P001_WD04_00101

DiscRep_SUB:FEATURE_LOCATION_CONFLICT::Coding region xref gene does not exist
P001_WD04/P001_WD04:CDS	ATP synthase CF0 subunit III	k141_31991:2939-3184	P001_WD04_00102

DiscRep_SUB:FEATURE_LOCATION_CONFLICT::Coding region xref gene does not exist
P001_WD04/P001_WD04:CDS	ATP synthase CF0 subunit I	k141_31991:3563-4117	P001_WD04_00103

DiscRep_SUB:FEATURE_LOCATION_CONFLICT::Coding region xref gene does not exist
P001_WD04/P001_WD04:CDS	ATP synthase CF1 alpha subunit	k141_31991:4191-5714	P001_WD04_00104

DiscRep_SUB:FEATURE_LOCATION_CONFLICT::Coding region xref gene does not exist
P001_WD04/P001_WD04:CDS	Photosystem II reaction center protein K	k141_31991:c8622-8314	P001_WD04_00107

DiscRep_SUB:FEATURE_LOCATION_CONFLICT::Coding region xref gene does not exist
P001_WD04/P001_WD04:CDS	photosystem I P700 apoprotein A1	k141_31991:11035-13287	P001_WD04_00109

DiscRep_SUB:FEATURE_LOCATION_CONFLICT::Coding region xref gene does not exist
P001_WD04/P001_WD04:CDS	photosystem I P700 apoprotein A2	k141_31991:13313-15517	P001_WD04_00110

DiscRep_SUB:FEATURE_LOCATION_CONFLICT::Coding region xref gene does not exist
P001_WD04/P001_WD04:CDS	ribosomal protein S14	k141_31991:15658-15960	P001_WD04_00111

DiscRep_SUB:FEATURE_LOCATION_CONFLICT::Coding region xref gene does not exist
P001_WD04/P001_WD04:CDS	photosystem II protein Z	k141_31991:c16877-16689	P001_WD04_00114

DiscRep_SUB:FEATURE_LOCATION_CONFLICT::Coding region xref gene does not exist
P001_WD04/P001_WD04:CDS	photosystem II CP43 chlorophyll apoprotein	k141_31991:c18840-17455	P001_WD04_00116

DiscRep_SUB:FEATURE_LOCATION_CONFLICT::Coding region xref gene does not exist
P001_WD04/P001_WD04:CDS	photosystem II protein D2	k141_31991:c19885-18824	P001_WD04_00117

DiscRep_SUB:FEATURE_LOCATION_CONFLICT::Coding region xref gene does not exist
P001_WD04/P001_WD04:CDS	hypothetical protein	k141_31991:c20669-20403	P001_WD04_00118

DiscRep_SUB:FEATURE_LOCATION_CONFLICT::Coding region xref gene does not exist
P001_WD04/P001_WD04:CDS	hypothetical protein	k141_31991:22649-23755	P001_WD04_00120

DiscRep_SUB:FEATURE_LOCATION_CONFLICT::Coding region xref gene does not exist
P001_WD04/P001_WD04:CDS	hypothetical protein	k141_31991:23842-24003	P001_WD04_00121

DiscRep_SUB:FEATURE_LOCATION_CONFLICT::RNA feature xref gene does not exist
P001_WD04/P001_WD04:tRNA	Arg	k141_31991:c5900-5829	P001_WD04_00105

DiscRep_SUB:FEATURE_LOCATION_CONFLICT::RNA feature xref gene does not exist
P001_WD04/P001_WD04:tRNA	Ser	k141_31991:7574-7663	P001_WD04_00106

DiscRep_SUB:FEATURE_LOCATION_CONFLICT::RNA feature xref gene does not exist
P001_WD04/P001_WD04:tRNA	Gln	k141_31991:8862-8933	P001_WD04_00108

DiscRep_SUB:FEATURE_LOCATION_CONFLICT::RNA feature xref gene does not exist
P001_WD04/P001_WD04:tRNA	Met	k141_31991:16119-16194	P001_WD04_00112

DiscRep_SUB:FEATURE_LOCATION_CONFLICT::RNA feature xref gene does not exist
P001_WD04/P001_WD04:tRNA	Gly	k141_31991:c16426-16353	P001_WD04_00113

DiscRep_SUB:FEATURE_LOCATION_CONFLICT::RNA feature xref gene does not exist
P001_WD04/P001_WD04:tRNA	Ser	k141_31991:17130-17222	P001_WD04_00115

DiscRep_SUB:FEATURE_LOCATION_CONFLICT::RNA feature xref gene does not exist
P001_WD04/P001_WD04:tRNA	Thr	k141_31991:c21471-21398	P001_WD04_00119

DiscRep_SUB:FEATURE_LOCATION_CONFLICT::Coding region xref gene does not exist
P001_WD04/P001_WD04:CDS	ribosomal protein S3	k141_1650:184-354	P001_WD04_00122

DiscRep_SUB:FEATURE_LOCATION_CONFLICT::Coding region xref gene does not exist
P001_WD04/P001_WD04:CDS	hypothetical protein	k141_1650:320-454	P001_WD04_00123

DiscRep_SUB:FEATURE_LOCATION_CONFLICT::Coding region xref gene does not exist
P001_WD04/P001_WD04:CDS	hypothetical protein	k141_1650:467-778	P001_WD04_00124

DiscRep_SUB:FEATURE_LOCATION_CONFLICT::Coding region xref gene does not exist
P001_WD04/P001_WD04:CDS	hypothetical protein	k141_1650:1245-1565	P001_WD04_00125

DiscRep_SUB:FEATURE_LOCATION_CONFLICT::Coding region xref gene does not exist
P001_WD04/P001_WD04:CDS	hypothetical protein	k141_1650:1604-1939	P001_WD04_00126

DiscRep_SUB:FEATURE_LOCATION_CONFLICT::Coding region xref gene does not exist
P001_WD04/P001_WD04:CDS	hypothetical protein	k141_1650:1949-2299	P001_WD04_00127

DiscRep_SUB:FEATURE_LOCATION_CONFLICT::Coding region xref gene does not exist
P001_WD04/P001_WD04:CDS	hypothetical protein	k141_1650:3112-3369	P001_WD04_00128

DiscRep_SUB:FEATURE_LOCATION_CONFLICT::Coding region xref gene does not exist
P001_WD04/P001_WD04:CDS	hypothetical protein	k141_1650:3963-4097	P001_WD04_00129

DiscRep_SUB:FEATURE_LOCATION_CONFLICT::Coding region xref gene does not exist
P001_WD04/P001_WD04:CDS	hypothetical protein	k141_1650:4666-4887	P001_WD04_00130

DiscRep_SUB:FEATURE_LOCATION_CONFLICT::Coding region xref gene does not exist
P001_WD04/P001_WD04:CDS	DNA-directed RNA polymerase subunit alpha	k141_1650:5040-5288	P001_WD04_00131

DiscRep_SUB:FEATURE_LOCATION_CONFLICT::Coding region xref gene does not exist
P001_WD04/P001_WD04:CDS	ribosomal protein S15	k141_1650:5603-5875	P001_WD04_00132

DiscRep_SUB:FEATURE_LOCATION_CONFLICT::Coding region xref gene does not exist
P001_WD04/P001_WD04:CDS	NADH-plastoquinone oxidoreductase subunit 7	k141_1650:5968-7149	P001_WD04_00133

DiscRep_SUB:FEATURE_LOCATION_CONFLICT::Coding region xref gene does not exist
P001_WD04/P001_WD04:CDS	NADH-plastoquinone oxidoreductase subunit 1	k141_1650:7151-7723	P001_WD04_00134

DiscRep_SUB:FEATURE_LOCATION_CONFLICT::Coding region xref gene does not exist
P001_WD04/P001_WD04:CDS	NADH-plastoquinone oxidoreductase subunit 1	k141_1650:8881-9351	P001_WD04_00135

DiscRep_SUB:FEATURE_LOCATION_CONFLICT::Coding region xref gene does not exist
P001_WD04/P001_WD04:CDS	NADH-plastoquinone oxidoreductase subunit I	k141_1650:9452-9985	P001_WD04_00136

DiscRep_SUB:FEATURE_LOCATION_CONFLICT::Coding region xref gene does not exist
P001_WD04/P001_WD04:CDS	hypothetical protein	k141_1650:9990-10139	P001_WD04_00137

DiscRep_SUB:FEATURE_LOCATION_CONFLICT::Coding region xref gene does not exist
P001_WD04/P001_WD04:CDS	hypothetical protein	k141_1650:10470-10694	P001_WD04_00138

DiscRep_SUB:FEATURE_LOCATION_CONFLICT::Coding region xref gene does not exist
P001_WD04/P001_WD04:CDS	photosystem II CP47 chlorophyll apoprotein	k141_32017:1101-2627	P001_WD04_00139

DiscRep_SUB:FEATURE_LOCATION_CONFLICT::Coding region xref gene does not exist
P001_WD04/P001_WD04:CDS	photosystem II phosphoprotein	k141_32017:3204-3425	P001_WD04_00140

DiscRep_SUB:FEATURE_LOCATION_CONFLICT::Coding region xref gene does not exist
P001_WD04/P001_WD04:CDS	cytochrome b6	k141_32017:4462-4950	P001_WD04_00141

DiscRep_SUB:FEATURE_LOCATION_CONFLICT::Coding region xref gene does not exist
P001_WD04/P001_WD04:CDS	hypothetical protein	k141_32017:c5191-4961	P001_WD04_00142

DiscRep_SUB:FEATURE_LOCATION_CONFLICT::Coding region xref gene does not exist
P001_WD04/P001_WD04:CDS	hypothetical protein	k141_32017:c5789-5613	P001_WD04_00143

DiscRep_SUB:FEATURE_LOCATION_CONFLICT::Coding region xref gene does not exist
P001_WD04/P001_WD04:CDS	cytochrome b6/f complex subunit IV	k141_32017:5862-6386	P001_WD04_00144

DiscRep_SUB:FEATURE_LOCATION_CONFLICT::Coding region xref gene does not exist
P001_WD04/P001_WD04:CDS	DNA-directed RNA polymerase subunit alpha	k141_32017:c6839-6546	P001_WD04_00145

DiscRep_SUB:FEATURE_LOCATION_CONFLICT::Coding region xref gene does not exist
P001_WD04/P001_WD04:CDS	hypothetical protein	k141_1779:c581-222	P001_WD04_00146

DiscRep_SUB:FEATURE_LOCATION_CONFLICT::Coding region xref gene does not exist
P001_WD04/P001_WD04:CDS	hypothetical protein	k141_1779:c873-733	P001_WD04_00147

DiscRep_ALL:SUSPECT_PRODUCT_NAMES::2 product_names contain suspect phrase or characters
DiscRep_SUB:SUSPECT_PRODUCT_NAMES::May contain database identifier more appropriate in note; remove from product name
DiscRep_SUB:SUSPECT_PRODUCT_NAMES::2 features contains three or more numbers together that may be identifiers more appropriate in note
P001_WD04/P001_WD04:CDS	photosystem I P700 apoprotein A1	k141_31991:11035-13287	P001_WD04_00109
P001_WD04/P001_WD04:CDS	photosystem I P700 apoprotein A2	k141_31991:13313-15517	P001_WD04_00110

DiscRep_ALL:DISC_QUALITY_SCORES::Quality scores are missing on all sequences.

FATAL: DiscRep_ALL:DISC_SUSPECT_RRNA_PRODUCTS::1 rRNA product names contain suspect phrase
FATAL: DiscRep_SUB:DISC_SUSPECT_RRNA_PRODUCTS::1 rRNA product names contains 'partial'
P001_WD04/P001_WD04:rRNA	23S ribosomal RNA (partial)	k141_13734:c1510-1	P001_WD04_00079

FATAL: DiscRep_ALL:DISC_SHORT_RRNA::1 rRNA features are too short
P001_WD04/P001_WD04:rRNA	23S ribosomal RNA (partial)	k141_13734:c1510-1	P001_WD04_00079

DiscRep_ALL:ONCALLER_COMMENT_PRESENT::20 comment descriptors were found (all same)
P001_WD04/P001_WD04:k141_14278:Annotated using prokka 1.14.5 from https://github.com/tseemann/prokka
P001_WD04/P001_WD04:k141_30545:Annotated using prokka 1.14.5 from https://github.com/tseemann/prokka
P001_WD04/P001_WD04:k141_32381:Annotated using prokka 1.14.5 from https://github.com/tseemann/prokka
P001_WD04/P001_WD04:k141_34230:Annotated using prokka 1.14.5 from https://github.com/tseemann/prokka
P001_WD04/P001_WD04:k141_11114:Annotated using prokka 1.14.5 from https://github.com/tseemann/prokka
P001_WD04/P001_WD04:k141_28957:Annotated using prokka 1.14.5 from https://github.com/tseemann/prokka
P001_WD04/P001_WD04:k141_16583:Annotated using prokka 1.14.5 from https://github.com/tseemann/prokka
P001_WD04/P001_WD04:k141_23733:Annotated using prokka 1.14.5 from https://github.com/tseemann/prokka
P001_WD04/P001_WD04:k141_23903:Annotated using prokka 1.14.5 from https://github.com/tseemann/prokka
P001_WD04/P001_WD04:k141_27674:Annotated using prokka 1.14.5 from https://github.com/tseemann/prokka
P001_WD04/P001_WD04:k141_11661:Annotated using prokka 1.14.5 from https://github.com/tseemann/prokka
P001_WD04/P001_WD04:k141_22495:Annotated using prokka 1.14.5 from https://github.com/tseemann/prokka
P001_WD04/P001_WD04:k141_11795:Annotated using prokka 1.14.5 from https://github.com/tseemann/prokka
P001_WD04/P001_WD04:k141_13734:Annotated using prokka 1.14.5 from https://github.com/tseemann/prokka
P001_WD04/P001_WD04:k141_11829:Annotated using prokka 1.14.5 from https://github.com/tseemann/prokka
P001_WD04/P001_WD04:k141_8370:Annotated using prokka 1.14.5 from https://github.com/tseemann/prokka
P001_WD04/P001_WD04:k141_31991:Annotated using prokka 1.14.5 from https://github.com/tseemann/prokka
P001_WD04/P001_WD04:k141_1650:Annotated using prokka 1.14.5 from https://github.com/tseemann/prokka
P001_WD04/P001_WD04:k141_32017:Annotated using prokka 1.14.5 from https://github.com/tseemann/prokka
P001_WD04/P001_WD04:k141_1779:Annotated using prokka 1.14.5 from https://github.com/tseemann/prokka

DiscRep_ALL:SHORT_PROT_SEQUENCES::10 protein sequences are shorter than 50 aa.
P001_WD04/P001_WD04:k141_34230_2 (length 40)
P001_WD04/P001_WD04:k141_34230_3 (length 39)
P001_WD04/P001_WD04:k141_34230_5 (length 44)
P001_WD04/P001_WD04:k141_28957_5 (length 40)
P001_WD04/P001_WD04:k141_11661_10 (length 38)
P001_WD04/P001_WD04:k141_11829_4 (length 38)
P001_WD04/P001_WD04:k141_1650_2 (length 44)
P001_WD04/P001_WD04:k141_1650_8 (length 44)
P001_WD04/P001_WD04:k141_1650_16 (length 49)
P001_WD04/P001_WD04:k141_1779_2 (length 46)

DiscRep_ALL:MISSING_GENOMEASSEMBLY_COMMENTS::20 bioseqs are missing GenomeAssembly structured comments
P001_WD04/P001_WD04:k141_14278 (length 8477)
P001_WD04/P001_WD04:k141_30545 (length 1656)
P001_WD04/P001_WD04:k141_32381 (length 12748)
P001_WD04/P001_WD04:k141_34230 (length 6946)
P001_WD04/P001_WD04:k141_11114 (length 2779)
P001_WD04/P001_WD04:k141_28957 (length 10210)
P001_WD04/P001_WD04:k141_16583 (length 2963)
P001_WD04/P001_WD04:k141_23733 (length 2538)
P001_WD04/P001_WD04:k141_23903 (length 4882)
P001_WD04/P001_WD04:k141_27674 (length 5877)
P001_WD04/P001_WD04:k141_11661 (length 20691)
P001_WD04/P001_WD04:k141_22495 (length 2567)
P001_WD04/P001_WD04:k141_11795 (length 4658)
P001_WD04/P001_WD04:k141_13734 (length 1961)
P001_WD04/P001_WD04:k141_11829 (length 5605)
P001_WD04/P001_WD04:k141_8370 (length 10674)
P001_WD04/P001_WD04:k141_31991 (length 24184)
P001_WD04/P001_WD04:k141_1650 (length 10903)
P001_WD04/P001_WD04:k141_32017 (length 7020)
P001_WD04/P001_WD04:k141_1779 (length 1186)

DiscRep_ALL:MOLTYPE_NOT_MRNA::20 molecule types are not set as mRNA.
P001_WD04/P001_WD04:k141_14278 (length 8477)
P001_WD04/P001_WD04:k141_30545 (length 1656)
P001_WD04/P001_WD04:k141_32381 (length 12748)
P001_WD04/P001_WD04:k141_34230 (length 6946)
P001_WD04/P001_WD04:k141_11114 (length 2779)
P001_WD04/P001_WD04:k141_28957 (length 10210)
P001_WD04/P001_WD04:k141_16583 (length 2963)
P001_WD04/P001_WD04:k141_23733 (length 2538)
P001_WD04/P001_WD04:k141_23903 (length 4882)
P001_WD04/P001_WD04:k141_27674 (length 5877)
P001_WD04/P001_WD04:k141_11661 (length 20691)
P001_WD04/P001_WD04:k141_22495 (length 2567)
P001_WD04/P001_WD04:k141_11795 (length 4658)
P001_WD04/P001_WD04:k141_13734 (length 1961)
P001_WD04/P001_WD04:k141_11829 (length 5605)
P001_WD04/P001_WD04:k141_8370 (length 10674)
P001_WD04/P001_WD04:k141_31991 (length 24184)
P001_WD04/P001_WD04:k141_1650 (length 10903)
P001_WD04/P001_WD04:k141_32017 (length 7020)
P001_WD04/P001_WD04:k141_1779 (length 1186)

DiscRep_ALL:TECHNIQUE_NOT_TSA::20 technique are not set as TSA
P001_WD04/P001_WD04:k141_14278 (length 8477)
P001_WD04/P001_WD04:k141_30545 (length 1656)
P001_WD04/P001_WD04:k141_32381 (length 12748)
P001_WD04/P001_WD04:k141_34230 (length 6946)
P001_WD04/P001_WD04:k141_11114 (length 2779)
P001_WD04/P001_WD04:k141_28957 (length 10210)
P001_WD04/P001_WD04:k141_16583 (length 2963)
P001_WD04/P001_WD04:k141_23733 (length 2538)
P001_WD04/P001_WD04:k141_23903 (length 4882)
P001_WD04/P001_WD04:k141_27674 (length 5877)
P001_WD04/P001_WD04:k141_11661 (length 20691)
P001_WD04/P001_WD04:k141_22495 (length 2567)
P001_WD04/P001_WD04:k141_11795 (length 4658)
P001_WD04/P001_WD04:k141_13734 (length 1961)
P001_WD04/P001_WD04:k141_11829 (length 5605)
P001_WD04/P001_WD04:k141_8370 (length 10674)
P001_WD04/P001_WD04:k141_31991 (length 24184)
P001_WD04/P001_WD04:k141_1650 (length 10903)
P001_WD04/P001_WD04:k141_32017 (length 7020)
P001_WD04/P001_WD04:k141_1779 (length 1186)

DiscRep_ALL:MISSING_STRUCTURED_COMMENT::20 sequences do not include structured comments.
P001_WD04/P001_WD04:k141_14278 (length 8477)
P001_WD04/P001_WD04:k141_30545 (length 1656)
P001_WD04/P001_WD04:k141_32381 (length 12748)
P001_WD04/P001_WD04:k141_34230 (length 6946)
P001_WD04/P001_WD04:k141_11114 (length 2779)
P001_WD04/P001_WD04:k141_28957 (length 10210)
P001_WD04/P001_WD04:k141_16583 (length 2963)
P001_WD04/P001_WD04:k141_23733 (length 2538)
P001_WD04/P001_WD04:k141_23903 (length 4882)
P001_WD04/P001_WD04:k141_27674 (length 5877)
P001_WD04/P001_WD04:k141_11661 (length 20691)
P001_WD04/P001_WD04:k141_22495 (length 2567)
P001_WD04/P001_WD04:k141_11795 (length 4658)
P001_WD04/P001_WD04:k141_13734 (length 1961)
P001_WD04/P001_WD04:k141_11829 (length 5605)
P001_WD04/P001_WD04:k141_8370 (length 10674)
P001_WD04/P001_WD04:k141_31991 (length 24184)
P001_WD04/P001_WD04:k141_1650 (length 10903)
P001_WD04/P001_WD04:k141_32017 (length 7020)
P001_WD04/P001_WD04:k141_1779 (length 1186)

DiscRep_ALL:MISSING_PROJECT::140 sequences do not include project.
P001_WD04/P001_WD04:k141_14278 (length 8477)
P001_WD04/P001_WD04:k141_14278_1 (length 155)
P001_WD04/P001_WD04:k141_14278_2 (length 261)
P001_WD04/P001_WD04:k141_14278_3 (length 273)
P001_WD04/P001_WD04:k141_14278_4 (length 75)
P001_WD04/P001_WD04:k141_14278_5 (length 102)
P001_WD04/P001_WD04:k141_14278_6 (length 142)
P001_WD04/P001_WD04:k141_14278_7 (length 79)
P001_WD04/P001_WD04:k141_30545 (length 1656)
P001_WD04/P001_WD04:k141_30545_1 (length 115)
P001_WD04/P001_WD04:k141_30545_2 (length 276)
P001_WD04/P001_WD04:k141_32381 (length 12748)
P001_WD04/P001_WD04:k141_32381_1 (length 1422)
P001_WD04/P001_WD04:k141_32381_2 (length 589)
P001_WD04/P001_WD04:k141_32381_3 (length 145)
P001_WD04/P001_WD04:k141_32381_4 (length 1070)
P001_WD04/P001_WD04:k141_32381_5 (length 114)
P001_WD04/P001_WD04:k141_34230 (length 6946)
P001_WD04/P001_WD04:k141_34230_1 (length 146)
P001_WD04/P001_WD04:k141_34230_2 (length 40)
P001_WD04/P001_WD04:k141_34230_3 (length 39)
P001_WD04/P001_WD04:k141_34230_4 (length 117)
P001_WD04/P001_WD04:k141_34230_5 (length 44)
P001_WD04/P001_WD04:k141_34230_6 (length 75)
P001_WD04/P001_WD04:k141_34230_7 (length 129)
P001_WD04/P001_WD04:k141_11114 (length 2779)
P001_WD04/P001_WD04:k141_11114_1 (length 193)
P001_WD04/P001_WD04:k141_11114_2 (length 343)
P001_WD04/P001_WD04:k141_28957 (length 10210)
P001_WD04/P001_WD04:k141_28957_1 (length 88)
P001_WD04/P001_WD04:k141_28957_2 (length 71)
P001_WD04/P001_WD04:k141_28957_3 (length 82)
P001_WD04/P001_WD04:k141_28957_4 (length 78)
P001_WD04/P001_WD04:k141_28957_5 (length 40)
P001_WD04/P001_WD04:k141_16583 (length 2963)
P001_WD04/P001_WD04:k141_16583_1 (length 194)
P001_WD04/P001_WD04:k141_16583_2 (length 52)
P001_WD04/P001_WD04:k141_23733 (length 2538)
P001_WD04/P001_WD04:k141_23733_1 (length 93)
P001_WD04/P001_WD04:k141_23733_2 (length 234)
P001_WD04/P001_WD04:k141_23903 (length 4882)
P001_WD04/P001_WD04:k141_23903_1 (length 228)
P001_WD04/P001_WD04:k141_23903_2 (length 93)
P001_WD04/P001_WD04:k141_23903_3 (length 392)
P001_WD04/P001_WD04:k141_23903_4 (length 110)
P001_WD04/P001_WD04:k141_27674 (length 5877)
P001_WD04/P001_WD04:k141_27674_1 (length 101)
P001_WD04/P001_WD04:k141_27674_2 (length 101)
P001_WD04/P001_WD04:k141_11661 (length 20691)
P001_WD04/P001_WD04:k141_11661_1 (length 62)
P001_WD04/P001_WD04:k141_11661_2 (length 353)
P001_WD04/P001_WD04:k141_11661_3 (length 506)
P001_WD04/P001_WD04:k141_11661_4 (length 79)
P001_WD04/P001_WD04:k141_11661_5 (length 82)
P001_WD04/P001_WD04:k141_11661_6 (length 200)
P001_WD04/P001_WD04:k141_11661_7 (length 173)
P001_WD04/P001_WD04:k141_11661_8 (length 225)
P001_WD04/P001_WD04:k141_11661_9 (length 120)
P001_WD04/P001_WD04:k141_11661_10 (length 38)
P001_WD04/P001_WD04:k141_11661_11 (length 475)
P001_WD04/P001_WD04:k141_11661_12 (length 498)
P001_WD04/P001_WD04:k141_11661_13 (length 133)
P001_WD04/P001_WD04:k141_22495 (length 2567)
P001_WD04/P001_WD04:k141_22495_1 (length 93)
P001_WD04/P001_WD04:k141_22495_2 (length 126)
P001_WD04/P001_WD04:k141_22495_3 (length 142)
P001_WD04/P001_WD04:k141_22495_4 (length 92)
P001_WD04/P001_WD04:k141_11795 (length 4658)
P001_WD04/P001_WD04:k141_11795_1 (length 53)
P001_WD04/P001_WD04:k141_11795_2 (length 320)
P001_WD04/P001_WD04:k141_11795_3 (length 229)
P001_WD04/P001_WD04:k141_11795_4 (length 184)
P001_WD04/P001_WD04:k141_11795_5 (length 120)
P001_WD04/P001_WD04:k141_13734 (length 1961)
P001_WD04/P001_WD04:k141_11829 (length 5605)
P001_WD04/P001_WD04:k141_11829_1 (length 63)
P001_WD04/P001_WD04:k141_11829_2 (length 119)
P001_WD04/P001_WD04:k141_11829_3 (length 122)
P001_WD04/P001_WD04:k141_11829_4 (length 38)
P001_WD04/P001_WD04:k141_11829_5 (length 132)
P001_WD04/P001_WD04:k141_11829_6 (length 81)
P001_WD04/P001_WD04:k141_11829_7 (length 151)
P001_WD04/P001_WD04:k141_11829_8 (length 274)
P001_WD04/P001_WD04:k141_8370 (length 10674)
P001_WD04/P001_WD04:k141_8370_1 (length 412)
P001_WD04/P001_WD04:k141_8370_2 (length 67)
P001_WD04/P001_WD04:k141_8370_3 (length 320)
P001_WD04/P001_WD04:k141_8370_4 (length 506)
P001_WD04/P001_WD04:k141_8370_5 (length 81)
P001_WD04/P001_WD04:k141_8370_6 (length 100)
P001_WD04/P001_WD04:k141_8370_7 (length 177)
P001_WD04/P001_WD04:k141_8370_8 (length 86)
P001_WD04/P001_WD04:k141_8370_9 (length 69)
P001_WD04/P001_WD04:k141_8370_10 (length 280)
P001_WD04/P001_WD04:k141_31991 (length 24184)
P001_WD04/P001_WD04:k141_31991_1 (length 245)
P001_WD04/P001_WD04:k141_31991_2 (length 247)
P001_WD04/P001_WD04:k141_31991_3 (length 97)
P001_WD04/P001_WD04:k141_31991_4 (length 81)
P001_WD04/P001_WD04:k141_31991_5 (length 184)
P001_WD04/P001_WD04:k141_31991_6 (length 507)
P001_WD04/P001_WD04:k141_31991_7 (length 102)
P001_WD04/P001_WD04:k141_31991_8 (length 750)
P001_WD04/P001_WD04:k141_31991_9 (length 734)
P001_WD04/P001_WD04:k141_31991_10 (length 100)
P001_WD04/P001_WD04:k141_31991_11 (length 62)
P001_WD04/P001_WD04:k141_31991_12 (length 461)
P001_WD04/P001_WD04:k141_31991_13 (length 353)
P001_WD04/P001_WD04:k141_31991_14 (length 88)
P001_WD04/P001_WD04:k141_31991_15 (length 368)
P001_WD04/P001_WD04:k141_31991_16 (length 53)
P001_WD04/P001_WD04:k141_1650 (length 10903)
P001_WD04/P001_WD04:k141_1650_1 (length 56)
P001_WD04/P001_WD04:k141_1650_2 (length 44)
P001_WD04/P001_WD04:k141_1650_3 (length 103)
P001_WD04/P001_WD04:k141_1650_4 (length 106)
P001_WD04/P001_WD04:k141_1650_5 (length 111)
P001_WD04/P001_WD04:k141_1650_6 (length 116)
P001_WD04/P001_WD04:k141_1650_7 (length 85)
P001_WD04/P001_WD04:k141_1650_8 (length 44)
P001_WD04/P001_WD04:k141_1650_9 (length 73)
P001_WD04/P001_WD04:k141_1650_10 (length 82)
P001_WD04/P001_WD04:k141_1650_11 (length 90)
P001_WD04/P001_WD04:k141_1650_12 (length 393)
P001_WD04/P001_WD04:k141_1650_13 (length 190)
P001_WD04/P001_WD04:k141_1650_14 (length 156)
P001_WD04/P001_WD04:k141_1650_15 (length 177)
P001_WD04/P001_WD04:k141_1650_16 (length 49)
P001_WD04/P001_WD04:k141_1650_17 (length 74)
P001_WD04/P001_WD04:k141_32017 (length 7020)
P001_WD04/P001_WD04:k141_32017_1 (length 508)
P001_WD04/P001_WD04:k141_32017_2 (length 73)
P001_WD04/P001_WD04:k141_32017_3 (length 162)
P001_WD04/P001_WD04:k141_32017_4 (length 76)
P001_WD04/P001_WD04:k141_32017_5 (length 58)
P001_WD04/P001_WD04:k141_32017_6 (length 174)
P001_WD04/P001_WD04:k141_32017_7 (length 97)
P001_WD04/P001_WD04:k141_1779 (length 1186)
P001_WD04/P001_WD04:k141_1779_1 (length 119)
P001_WD04/P001_WD04:k141_1779_2 (length 46)

FATAL: DiscRep_ALL:RRNA_NAME_CONFLICTS::1 rRNA product names are not standard. Correct the names to the standard format, eg "16S ribosomal RNA"
P001_WD04/P001_WD04:rRNA	23S ribosomal RNA (partial)	k141_13734:c1510-1	P001_WD04_00079

DiscRep_ALL:DISC_INCONSISTENT_MOLINFO_TECH::Molinfo Technique Report (some missing, all same)
DiscRep_SUB:DISC_INCONSISTENT_MOLINFO_TECH::technique (all missing)
DiscRep_SUB:DISC_INCONSISTENT_MOLINFO_TECH::20 Molinfos are missing field technique
P001_WD04/P001_WD04:k141_1650 (length 10903)
P001_WD04/P001_WD04:k141_1779 (length 1186)
P001_WD04/P001_WD04:k141_8370 (length 10674)
P001_WD04/P001_WD04:k141_11114 (length 2779)
P001_WD04/P001_WD04:k141_11661 (length 20691)
P001_WD04/P001_WD04:k141_11795 (length 4658)
P001_WD04/P001_WD04:k141_11829 (length 5605)
P001_WD04/P001_WD04:k141_13734 (length 1961)
P001_WD04/P001_WD04:k141_14278 (length 8477)
P001_WD04/P001_WD04:k141_16583 (length 2963)
P001_WD04/P001_WD04:k141_22495 (length 2567)
P001_WD04/P001_WD04:k141_23733 (length 2538)
P001_WD04/P001_WD04:k141_23903 (length 4882)
P001_WD04/P001_WD04:k141_27674 (length 5877)
P001_WD04/P001_WD04:k141_28957 (length 10210)
P001_WD04/P001_WD04:k141_30545 (length 1656)
P001_WD04/P001_WD04:k141_31991 (length 24184)
P001_WD04/P001_WD04:k141_32017 (length 7020)
P001_WD04/P001_WD04:k141_32381 (length 12748)
P001_WD04/P001_WD04:k141_34230 (length 6946)

