Discrepancy Report Results

Summary
FATAL: MISSING_PROTEIN_ID:91 proteins have invalid IDs.
DISC_SOURCE_QUALS_ASNDISC:strain (all present, all same)
DISC_SOURCE_QUALS_ASNDISC:taxname (all present, all same)
DISC_FEATURE_COUNT:CDS: 91 present
DISC_FEATURE_COUNT:tRNA: 24 present
DISC_FEATURE_COUNT:rRNA: 2 present
DISC_COUNT_NUCLEOTIDES:7 nucleotide Bioseqs are present
FEATURE_LOCATION_CONFLICT:117 features have inconsistent gene locations.
SUSPECT_PRODUCT_NAMES:2 product_names contain suspect phrase or characters
	May contain database identifier more appropriate in note; remove from product name
		2 features contains three or more numbers together that may be identifiers more appropriate in note
DISC_QUALITY_SCORES:Quality scores are missing on all sequences.
ONCALLER_COMMENT_PRESENT:7 comment descriptors were found (all same)
SHORT_PROT_SEQUENCES:8 protein sequences are shorter than 50 aa.
MISSING_GENOMEASSEMBLY_COMMENTS:7 bioseqs are missing GenomeAssembly structured comments
MOLTYPE_NOT_MRNA:7 molecule types are not set as mRNA.
TECHNIQUE_NOT_TSA:7 technique are not set as TSA
MISSING_STRUCTURED_COMMENT:7 sequences do not include structured comments.
MISSING_PROJECT:98 sequences do not include project.
DISC_INCONSISTENT_MOLINFO_TECH:Molinfo Technique Report (some missing, all same)


Detailed Report

FATAL: DiscRep_ALL:MISSING_PROTEIN_ID::91 proteins have invalid IDs.
P001_WF04/P001_WF04:k141_79558_1 (length 353)
P001_WF04/P001_WF04:k141_79558_2 (length 212)
P001_WF04/P001_WF04:k141_79558_3 (length 254)
P001_WF04/P001_WF04:k141_79558_4 (length 83)
P001_WF04/P001_WF04:k141_79558_5 (length 85)
P001_WF04/P001_WF04:k141_79558_6 (length 72)
P001_WF04/P001_WF04:k141_79558_7 (length 59)
P001_WF04/P001_WF04:k141_79558_8 (length 507)
P001_WF04/P001_WF04:k141_79558_9 (length 124)
P001_WF04/P001_WF04:k141_79558_10 (length 56)
P001_WF04/P001_WF04:k141_79558_11 (length 81)
P001_WF04/P001_WF04:k141_79558_12 (length 246)
P001_WF04/P001_WF04:k141_79558_13 (length 236)
P001_WF04/P001_WF04:k141_79558_14 (length 1373)
P001_WF04/P001_WF04:k141_79558_15 (length 475)
P001_WF04/P001_WF04:k141_79558_16 (length 145)
P001_WF04/P001_WF04:k141_79558_17 (length 1070)
P001_WF04/P001_WF04:k141_79558_18 (length 29)
P001_WF04/P001_WF04:k141_79558_19 (length 70)
P001_WF04/P001_WF04:k141_79558_20 (length 353)
P001_WF04/P001_WF04:k141_79558_21 (length 461)
P001_WF04/P001_WF04:k141_79558_22 (length 82)
P001_WF04/P001_WF04:k141_79558_23 (length 100)
P001_WF04/P001_WF04:k141_79558_24 (length 734)
P001_WF04/P001_WF04:k141_79558_25 (length 750)
P001_WF04/P001_WF04:k141_79558_26 (length 34)
P001_WF04/P001_WF04:k141_75573_1 (length 184)
P001_WF04/P001_WF04:k141_75573_2 (length 232)
P001_WF04/P001_WF04:k141_75573_3 (length 322)
P001_WF04/P001_WF04:k141_75573_4 (length 95)
P001_WF04/P001_WF04:k141_75573_5 (length 37)
P001_WF04/P001_WF04:k141_75573_6 (length 44)
P001_WF04/P001_WF04:k141_75573_7 (length 66)
P001_WF04/P001_WF04:k141_75573_8 (length 101)
P001_WF04/P001_WF04:k141_75573_9 (length 116)
P001_WF04/P001_WF04:k141_75573_10 (length 47)
P001_WF04/P001_WF04:k141_75573_11 (length 73)
P001_WF04/P001_WF04:k141_75573_12 (length 56)
P001_WF04/P001_WF04:k141_75573_13 (length 62)
P001_WF04/P001_WF04:k141_75573_14 (length 508)
P001_WF04/P001_WF04:k141_75573_15 (length 88)
P001_WF04/P001_WF04:k141_75573_16 (length 162)
P001_WF04/P001_WF04:k141_75573_17 (length 152)
P001_WF04/P001_WF04:k141_75573_18 (length 326)
P001_WF04/P001_WF04:k141_75573_19 (length 138)
P001_WF04/P001_WF04:k141_75573_20 (length 42)
P001_WF04/P001_WF04:k141_75573_21 (length 134)
P001_WF04/P001_WF04:k141_75573_22 (length 121)
P001_WF04/P001_WF04:k141_75573_23 (length 85)
P001_WF04/P001_WF04:k141_75573_24 (length 35)
P001_WF04/P001_WF04:k141_62352_1 (length 1504)
P001_WF04/P001_WF04:k141_62352_2 (length 90)
P001_WF04/P001_WF04:k141_62352_3 (length 398)
P001_WF04/P001_WF04:k141_62352_4 (length 188)
P001_WF04/P001_WF04:k141_62352_5 (length 156)
P001_WF04/P001_WF04:k141_62352_6 (length 170)
P001_WF04/P001_WF04:k141_62352_7 (length 189)
P001_WF04/P001_WF04:k141_62352_8 (length 100)
P001_WF04/P001_WF04:k141_62352_9 (length 81)
P001_WF04/P001_WF04:k141_62352_10 (length 518)
P001_WF04/P001_WF04:k141_62352_11 (length 197)
P001_WF04/P001_WF04:k141_62352_12 (length 77)
P001_WF04/P001_WF04:k141_62352_13 (length 752)
P001_WF04/P001_WF04:k141_62352_14 (length 188)
P001_WF04/P001_WF04:k141_3278_1 (length 89)
P001_WF04/P001_WF04:k141_3278_2 (length 72)
P001_WF04/P001_WF04:k141_3278_3 (length 42)
P001_WF04/P001_WF04:k141_3278_4 (length 80)
P001_WF04/P001_WF04:k141_3278_5 (length 155)
P001_WF04/P001_WF04:k141_3278_6 (length 303)
P001_WF04/P001_WF04:k141_3278_7 (length 260)
P001_WF04/P001_WF04:k141_3278_8 (length 57)
P001_WF04/P001_WF04:k141_3278_9 (length 108)
P001_WF04/P001_WF04:k141_3278_10 (length 61)
P001_WF04/P001_WF04:k141_3278_11 (length 2068)
P001_WF04/P001_WF04:k141_58691_1 (length 86)
P001_WF04/P001_WF04:k141_58691_2 (length 82)
P001_WF04/P001_WF04:k141_58691_3 (length 201)
P001_WF04/P001_WF04:k141_58691_4 (length 60)
P001_WF04/P001_WF04:k141_58691_5 (length 158)
P001_WF04/P001_WF04:k141_58691_6 (length 255)
P001_WF04/P001_WF04:k141_58691_7 (length 120)
P001_WF04/P001_WF04:k141_58691_8 (length 133)
P001_WF04/P001_WF04:k141_58691_9 (length 490)
P001_WF04/P001_WF04:k141_58691_10 (length 475)
P001_WF04/P001_WF04:k141_58691_11 (length 55)
P001_WF04/P001_WF04:k141_58691_12 (length 518)
P001_WF04/P001_WF04:k141_92229_1 (length 153)
P001_WF04/P001_WF04:k141_92229_2 (length 218)
P001_WF04/P001_WF04:k141_82880_1 (length 325)
P001_WF04/P001_WF04:k141_82880_2 (length 92)

DiscRep_ALL:DISC_SOURCE_QUALS_ASNDISC::strain (all present, all same)
DiscRep_SUB:DISC_SOURCE_QUALS_ASNDISC::7 sources have 'strain' for strain
DiscRep_ALL:DISC_SOURCE_QUALS_ASNDISC::taxname (all present, all same)
DiscRep_SUB:DISC_SOURCE_QUALS_ASNDISC::7 sources have 'Genus species' for taxname
DiscRep_ALL:DISC_FEATURE_COUNT::CDS: 91 present
DiscRep_ALL:DISC_FEATURE_COUNT::tRNA: 24 present
DiscRep_ALL:DISC_FEATURE_COUNT::rRNA: 2 present
DiscRep_ALL:DISC_COUNT_NUCLEOTIDES::7 nucleotide Bioseqs are present
P001_WF04/P001_WF04:k141_79558 (length 41076)
P001_WF04/P001_WF04:k141_75573 (length 23504)
P001_WF04/P001_WF04:k141_62352 (length 18916)
P001_WF04/P001_WF04:k141_3278 (length 23946)
P001_WF04/P001_WF04:k141_58691 (length 18077)
P001_WF04/P001_WF04:k141_92229 (length 1216)
P001_WF04/P001_WF04:k141_82880 (length 1720)

DiscRep_ALL:FEATURE_LOCATION_CONFLICT::117 features have inconsistent gene locations.
DiscRep_SUB:FEATURE_LOCATION_CONFLICT::Coding region xref gene does not exist
P001_WF04/P001_WF04:CDS	photosystem II protein D1	k141_79558:c1499-438	P001_WF04_00002

DiscRep_SUB:FEATURE_LOCATION_CONFLICT::Coding region xref gene does not exist
P001_WF04/P001_WF04:CDS	maturase K	k141_79558:c2655-2017	P001_WF04_00003

DiscRep_SUB:FEATURE_LOCATION_CONFLICT::Coding region xref gene does not exist
P001_WF04/P001_WF04:CDS	hypothetical protein	k141_79558:c3545-2781	P001_WF04_00004

DiscRep_SUB:FEATURE_LOCATION_CONFLICT::Coding region xref gene does not exist
P001_WF04/P001_WF04:CDS	hypothetical protein	k141_79558:3608-3859	P001_WF04_00005

DiscRep_SUB:FEATURE_LOCATION_CONFLICT::Coding region xref gene does not exist
P001_WF04/P001_WF04:CDS	hypothetical protein	k141_79558:c4259-4002	P001_WF04_00006

DiscRep_SUB:FEATURE_LOCATION_CONFLICT::Coding region xref gene does not exist
P001_WF04/P001_WF04:CDS	hypothetical protein	k141_79558:c5981-5763	P001_WF04_00007

DiscRep_SUB:FEATURE_LOCATION_CONFLICT::Coding region xref gene does not exist
P001_WF04/P001_WF04:CDS	photosystem II protein K	k141_79558:7122-7301	P001_WF04_00009

DiscRep_SUB:FEATURE_LOCATION_CONFLICT::Coding region xref gene does not exist
P001_WF04/P001_WF04:CDS	ATP synthase CF1 alpha subunit	k141_79558:c11253-9730	P001_WF04_00012

DiscRep_SUB:FEATURE_LOCATION_CONFLICT::Coding region xref gene does not exist
P001_WF04/P001_WF04:CDS	ATP synthase CF0 subunit I	k141_79558:c11687-11313	P001_WF04_00013

DiscRep_SUB:FEATURE_LOCATION_CONFLICT::Coding region xref gene does not exist
P001_WF04/P001_WF04:CDS	ATP synthase CF0 subunit I	k141_79558:c12545-12375	P001_WF04_00014

DiscRep_SUB:FEATURE_LOCATION_CONFLICT::Coding region xref gene does not exist
P001_WF04/P001_WF04:CDS	ATP synthase CF0 subunit III	k141_79558:c13250-13005	P001_WF04_00015

DiscRep_SUB:FEATURE_LOCATION_CONFLICT::Coding region xref gene does not exist
P001_WF04/P001_WF04:CDS	ATP synthase CF0 subunit IV	k141_79558:c14676-13936	P001_WF04_00016

DiscRep_SUB:FEATURE_LOCATION_CONFLICT::Coding region xref gene does not exist
P001_WF04/P001_WF04:CDS	ribosomal protein S2	k141_79558:c15635-14925	P001_WF04_00017

DiscRep_SUB:FEATURE_LOCATION_CONFLICT::Coding region xref gene does not exist
P001_WF04/P001_WF04:CDS	RNA polymerase beta'' subunit	k141_79558:c20014-15893	P001_WF04_00018

DiscRep_SUB:FEATURE_LOCATION_CONFLICT::Coding region xref gene does not exist
P001_WF04/P001_WF04:CDS	RNA polymerase beta' subunit	k141_79558:c21619-20192	P001_WF04_00019

DiscRep_SUB:FEATURE_LOCATION_CONFLICT::Coding region xref gene does not exist
P001_WF04/P001_WF04:CDS	RNA polymerase beta' subunit	k141_79558:c23013-22576	P001_WF04_00020

DiscRep_SUB:FEATURE_LOCATION_CONFLICT::Coding region xref gene does not exist
P001_WF04/P001_WF04:CDS	RNA polymerase beta subunit	k141_79558:c26252-23040	P001_WF04_00021

DiscRep_SUB:FEATURE_LOCATION_CONFLICT::Coding region xref gene does not exist
P001_WF04/P001_WF04:CDS	cytochrome b6/f complex subunit VII	k141_79558:27806-27895	P001_WF04_00023

DiscRep_SUB:FEATURE_LOCATION_CONFLICT::Coding region xref gene does not exist
P001_WF04/P001_WF04:CDS	hypothetical protein	k141_79558:c28744-28532	P001_WF04_00024

DiscRep_SUB:FEATURE_LOCATION_CONFLICT::Coding region xref gene does not exist
P001_WF04/P001_WF04:CDS	photosystem II protein D2	k141_79558:31419-32480	P001_WF04_00029

DiscRep_SUB:FEATURE_LOCATION_CONFLICT::Coding region xref gene does not exist
P001_WF04/P001_WF04:CDS	photosystem II CP43 chlorophyll apoprotein	k141_79558:32464-33849	P001_WF04_00030

DiscRep_SUB:FEATURE_LOCATION_CONFLICT::Coding region xref gene does not exist
P001_WF04/P001_WF04:CDS	hypothetical protein	k141_79558:c34666-34418	P001_WF04_00032

DiscRep_SUB:FEATURE_LOCATION_CONFLICT::Coding region xref gene does not exist
P001_WF04/P001_WF04:CDS	ribosomal protein S14	k141_79558:c35763-35461	P001_WF04_00035

DiscRep_SUB:FEATURE_LOCATION_CONFLICT::Coding region xref gene does not exist
P001_WF04/P001_WF04:CDS	photosystem I P700 apoprotein A2	k141_79558:c38089-35885	P001_WF04_00036

DiscRep_SUB:FEATURE_LOCATION_CONFLICT::Coding region xref gene does not exist
P001_WF04/P001_WF04:CDS	photosystem I P700 apoprotein A1	k141_79558:c40367-38115	P001_WF04_00037

DiscRep_SUB:FEATURE_LOCATION_CONFLICT::Coding region xref gene does not exist
P001_WF04/P001_WF04:CDS	hypothetical protein	k141_79558:c41005-40901	P001_WF04_00038

DiscRep_SUB:FEATURE_LOCATION_CONFLICT::RNA feature xref gene does not exist
P001_WF04/P001_WF04:tRNA	His	k141_79558:c197-123	P001_WF04_00001

DiscRep_SUB:FEATURE_LOCATION_CONFLICT::RNA feature xref gene does not exist
P001_WF04/P001_WF04:tRNA	Gln	k141_79558:c6815-6744	P001_WF04_00008

DiscRep_SUB:FEATURE_LOCATION_CONFLICT::RNA feature xref gene does not exist
P001_WF04/P001_WF04:tRNA	Ser	k141_79558:c8129-8042	P001_WF04_00010

DiscRep_SUB:FEATURE_LOCATION_CONFLICT::RNA feature xref gene does not exist
P001_WF04/P001_WF04:tRNA	Arg	k141_79558:9502-9573	P001_WF04_00011

DiscRep_SUB:FEATURE_LOCATION_CONFLICT::RNA feature xref gene does not exist
P001_WF04/P001_WF04:tRNA	Cys	k141_79558:27253-27324	P001_WF04_00022

DiscRep_SUB:FEATURE_LOCATION_CONFLICT::RNA feature xref gene does not exist
P001_WF04/P001_WF04:tRNA	Asp	k141_79558:c29151-29075	P001_WF04_00025

DiscRep_SUB:FEATURE_LOCATION_CONFLICT::RNA feature xref gene does not exist
P001_WF04/P001_WF04:tRNA	Tyr	k141_79558:c29519-29434	P001_WF04_00026

DiscRep_SUB:FEATURE_LOCATION_CONFLICT::RNA feature xref gene does not exist
P001_WF04/P001_WF04:tRNA	Glu	k141_79558:c29672-29598	P001_WF04_00027

DiscRep_SUB:FEATURE_LOCATION_CONFLICT::RNA feature xref gene does not exist
P001_WF04/P001_WF04:tRNA	Thr	k141_79558:30229-30302	P001_WF04_00028

DiscRep_SUB:FEATURE_LOCATION_CONFLICT::RNA feature xref gene does not exist
P001_WF04/P001_WF04:tRNA	Ser	k141_79558:c34185-34093	P001_WF04_00031

DiscRep_SUB:FEATURE_LOCATION_CONFLICT::RNA feature xref gene does not exist
P001_WF04/P001_WF04:tRNA	Gly	k141_79558:34962-35033	P001_WF04_00033

DiscRep_SUB:FEATURE_LOCATION_CONFLICT::RNA feature xref gene does not exist
P001_WF04/P001_WF04:tRNA	Met	k141_79558:c35308-35235	P001_WF04_00034

DiscRep_SUB:FEATURE_LOCATION_CONFLICT::Coding region xref gene does not exist
P001_WF04/P001_WF04:CDS	photosystem I assembly protein Ycf4	k141_75573:72-626	P001_WF04_00039

DiscRep_SUB:FEATURE_LOCATION_CONFLICT::Coding region xref gene does not exist
P001_WF04/P001_WF04:CDS	envelope membrane protein	k141_75573:1500-2198	P001_WF04_00040

DiscRep_SUB:FEATURE_LOCATION_CONFLICT::Coding region xref gene does not exist
P001_WF04/P001_WF04:CDS	cytochrome f	k141_75573:2483-3451	P001_WF04_00041

DiscRep_SUB:FEATURE_LOCATION_CONFLICT::Coding region xref gene does not exist
P001_WF04/P001_WF04:CDS	photosystem II cytochrome b559 alpha subunit	k141_75573:c5261-4974	P001_WF04_00042

DiscRep_SUB:FEATURE_LOCATION_CONFLICT::Coding region xref gene does not exist
P001_WF04/P001_WF04:CDS	cytochrome b6/f complex subunit V	k141_75573:6716-6829	P001_WF04_00043

DiscRep_SUB:FEATURE_LOCATION_CONFLICT::Coding region xref gene does not exist
P001_WF04/P001_WF04:CDS	photosystem I subunit IX	k141_75573:7678-7812	P001_WF04_00046

DiscRep_SUB:FEATURE_LOCATION_CONFLICT::Coding region xref gene does not exist
P001_WF04/P001_WF04:CDS	ribosomal protein L33	k141_75573:8278-8478	P001_WF04_00047

DiscRep_SUB:FEATURE_LOCATION_CONFLICT::Coding region xref gene does not exist
P001_WF04/P001_WF04:CDS	ribosomal protein S18	k141_75573:8739-9044	P001_WF04_00048

DiscRep_SUB:FEATURE_LOCATION_CONFLICT::Coding region xref gene does not exist
P001_WF04/P001_WF04:CDS	ribosomal protein L20	k141_75573:c9698-9348	P001_WF04_00049

DiscRep_SUB:FEATURE_LOCATION_CONFLICT::Coding region xref gene does not exist
P001_WF04/P001_WF04:CDS	hypothetical protein	k141_75573:c10333-10190	P001_WF04_00050

DiscRep_SUB:FEATURE_LOCATION_CONFLICT::Coding region xref gene does not exist
P001_WF04/P001_WF04:CDS	ATP-dependent Clp protease proteolytic subunit	k141_75573:c10915-10694	P001_WF04_00051

DiscRep_SUB:FEATURE_LOCATION_CONFLICT::Coding region xref gene does not exist
P001_WF04/P001_WF04:CDS	hypothetical protein	k141_75573:11178-11348	P001_WF04_00052

DiscRep_SUB:FEATURE_LOCATION_CONFLICT::Coding region xref gene does not exist
P001_WF04/P001_WF04:CDS	ATP-dependent Clp protease proteolytic subunit	k141_75573:c11704-11516	P001_WF04_00053

DiscRep_SUB:FEATURE_LOCATION_CONFLICT::Coding region xref gene does not exist
P001_WF04/P001_WF04:CDS	photosystem II CP47 chlorophyll apoprotein	k141_75573:13197-14723	P001_WF04_00054

DiscRep_SUB:FEATURE_LOCATION_CONFLICT::Coding region xref gene does not exist
P001_WF04/P001_WF04:CDS	photosystem II phosphoprotein	k141_75573:15274-15540	P001_WF04_00055

DiscRep_SUB:FEATURE_LOCATION_CONFLICT::Coding region xref gene does not exist
P001_WF04/P001_WF04:CDS	cytochrome b6	k141_75573:16592-17080	P001_WF04_00056

DiscRep_SUB:FEATURE_LOCATION_CONFLICT::Coding region xref gene does not exist
P001_WF04/P001_WF04:CDS	cytochrome b6/f complex subunit IV	k141_75573:18064-18522	P001_WF04_00057

DiscRep_SUB:FEATURE_LOCATION_CONFLICT::Coding region xref gene does not exist
P001_WF04/P001_WF04:CDS	RNA polymerase alpha subunit	k141_75573:c19684-18704	P001_WF04_00058

DiscRep_SUB:FEATURE_LOCATION_CONFLICT::Coding region xref gene does not exist
P001_WF04/P001_WF04:CDS	ribosomal protein S11	k141_75573:c20162-19746	P001_WF04_00059

DiscRep_SUB:FEATURE_LOCATION_CONFLICT::Coding region xref gene does not exist
P001_WF04/P001_WF04:CDS	hypothetical protein	k141_75573:20214-20342	P001_WF04_00060

DiscRep_SUB:FEATURE_LOCATION_CONFLICT::Coding region xref gene does not exist
P001_WF04/P001_WF04:CDS	ribosomal protein S8	k141_75573:c21303-20899	P001_WF04_00061

DiscRep_SUB:FEATURE_LOCATION_CONFLICT::Coding region xref gene does not exist
P001_WF04/P001_WF04:CDS	ribosomal protein L14	k141_75573:c21828-21463	P001_WF04_00062

DiscRep_SUB:FEATURE_LOCATION_CONFLICT::Coding region xref gene does not exist
P001_WF04/P001_WF04:CDS	ribosomal protein L16	k141_75573:c22173-21916	P001_WF04_00063

DiscRep_SUB:FEATURE_LOCATION_CONFLICT::Coding region xref gene does not exist
P001_WF04/P001_WF04:CDS	hypothetical protein	k141_75573:c23173-23066	P001_WF04_00064

DiscRep_SUB:FEATURE_LOCATION_CONFLICT::RNA feature xref gene does not exist
P001_WF04/P001_WF04:tRNA	Trp	k141_75573:c7023-6950	P001_WF04_00044

DiscRep_SUB:FEATURE_LOCATION_CONFLICT::RNA feature xref gene does not exist
P001_WF04/P001_WF04:tRNA	Pro	k141_75573:c7261-7186	P001_WF04_00045

DiscRep_SUB:FEATURE_LOCATION_CONFLICT::Coding region xref gene does not exist
P001_WF04/P001_WF04:CDS	hypothetical protein	k141_62352:95-4609	P001_WF04_00065

DiscRep_SUB:FEATURE_LOCATION_CONFLICT::Coding region xref gene does not exist
P001_WF04/P001_WF04:CDS	ribosomal protein S15	k141_62352:4815-5087	P001_WF04_00066

DiscRep_SUB:FEATURE_LOCATION_CONFLICT::Coding region xref gene does not exist
P001_WF04/P001_WF04:CDS	NADH-plastoquinone oxidoreductase subunit 7	k141_62352:5205-6401	P001_WF04_00067

DiscRep_SUB:FEATURE_LOCATION_CONFLICT::Coding region xref gene does not exist
P001_WF04/P001_WF04:CDS	NADH-plastoquinone oxidoreductase subunit 1	k141_62352:6403-6969	P001_WF04_00068

DiscRep_SUB:FEATURE_LOCATION_CONFLICT::Coding region xref gene does not exist
P001_WF04/P001_WF04:CDS	NADH-plastoquinone oxidoreductase subunit 1	k141_62352:8069-8539	P001_WF04_00069

DiscRep_SUB:FEATURE_LOCATION_CONFLICT::Coding region xref gene does not exist
P001_WF04/P001_WF04:CDS	NADH-plastoquinone oxidoreductase subunit I	k141_62352:8633-9145	P001_WF04_00070

DiscRep_SUB:FEATURE_LOCATION_CONFLICT::Coding region xref gene does not exist
P001_WF04/P001_WF04:CDS	NADH-plastoquinone oxidoreductase subunit 6	k141_62352:9498-10067	P001_WF04_00071

DiscRep_SUB:FEATURE_LOCATION_CONFLICT::Coding region xref gene does not exist
P001_WF04/P001_WF04:CDS	NADH-plastoquinone oxidoreductase subunit 4L	k141_62352:10314-10616	P001_WF04_00072

DiscRep_SUB:FEATURE_LOCATION_CONFLICT::Coding region xref gene does not exist
P001_WF04/P001_WF04:CDS	photosystem I subunit VII	k141_62352:10935-11180	P001_WF04_00073

DiscRep_SUB:FEATURE_LOCATION_CONFLICT::Coding region xref gene does not exist
P001_WF04/P001_WF04:CDS	NADH-plastoquinone oxidoreductase subunit 4	k141_62352:11272-12828	P001_WF04_00074

DiscRep_SUB:FEATURE_LOCATION_CONFLICT::Coding region xref gene does not exist
P001_WF04/P001_WF04:CDS	cytochrome c heme attachment protein	k141_62352:c13617-13024	P001_WF04_00075

DiscRep_SUB:FEATURE_LOCATION_CONFLICT::Coding region xref gene does not exist
P001_WF04/P001_WF04:CDS	hypothetical protein	k141_62352:15487-15720	P001_WF04_00077

DiscRep_SUB:FEATURE_LOCATION_CONFLICT::Coding region xref gene does not exist
P001_WF04/P001_WF04:CDS	NADH-plastoquinone oxidoreductase subunit 5	k141_62352:16023-18281	P001_WF04_00078

DiscRep_SUB:FEATURE_LOCATION_CONFLICT::Coding region xref gene does not exist
P001_WF04/P001_WF04:CDS	hypothetical protein	k141_62352:c18822-18256	P001_WF04_00079

DiscRep_SUB:FEATURE_LOCATION_CONFLICT::RNA feature xref gene does not exist
P001_WF04/P001_WF04:tRNA	Leu	k141_62352:c14212-14133	P001_WF04_00076

DiscRep_SUB:FEATURE_LOCATION_CONFLICT::Coding region xref gene does not exist
P001_WF04/P001_WF04:CDS	hypothetical protein	k141_3278:2841-3110	P001_WF04_00082

DiscRep_SUB:FEATURE_LOCATION_CONFLICT::Coding region xref gene does not exist
P001_WF04/P001_WF04:CDS	hypothetical protein	k141_3278:c7551-7333	P001_WF04_00084

DiscRep_SUB:FEATURE_LOCATION_CONFLICT::Coding region xref gene does not exist
P001_WF04/P001_WF04:CDS	hypothetical protein	k141_3278:8131-8259	P001_WF04_00085

DiscRep_SUB:FEATURE_LOCATION_CONFLICT::Coding region xref gene does not exist
P001_WF04/P001_WF04:CDS	hypothetical protein	k141_3278:10379-10621	P001_WF04_00088

DiscRep_SUB:FEATURE_LOCATION_CONFLICT::Coding region xref gene does not exist
P001_WF04/P001_WF04:CDS	ribosomal protein S7	k141_3278:12724-13191	P001_WF04_00089

DiscRep_SUB:FEATURE_LOCATION_CONFLICT::Coding region xref gene does not exist
P001_WF04/P001_WF04:CDS	NAD(P)H-quinone oxidoreductase subunit 2, chloroplastic	k141_3278:13514-14425	P001_WF04_00090

DiscRep_SUB:FEATURE_LOCATION_CONFLICT::Coding region xref gene does not exist
P001_WF04/P001_WF04:CDS	NADH-plastoquinone oxidoreductase subunit 2	k141_3278:14932-15714	P001_WF04_00091

DiscRep_SUB:FEATURE_LOCATION_CONFLICT::Coding region xref gene does not exist
P001_WF04/P001_WF04:CDS	hypothetical protein	k141_3278:c16230-16057	P001_WF04_00092

DiscRep_SUB:FEATURE_LOCATION_CONFLICT::Coding region xref gene does not exist
P001_WF04/P001_WF04:CDS	hypothetical protein	k141_3278:16496-16822	P001_WF04_00094

DiscRep_SUB:FEATURE_LOCATION_CONFLICT::Coding region xref gene does not exist
P001_WF04/P001_WF04:CDS	hypothetical protein	k141_3278:17207-17392	P001_WF04_00095

DiscRep_SUB:FEATURE_LOCATION_CONFLICT::Coding region xref gene does not exist
P001_WF04/P001_WF04:CDS	hypothetical protein	k141_3278:c23529-17323	P001_WF04_00096

DiscRep_SUB:FEATURE_LOCATION_CONFLICT::RNA feature xref gene does not exist
P001_WF04/P001_WF04:tRNA	Asn	k141_3278:1748-1821	P001_WF04_00080

DiscRep_SUB:FEATURE_LOCATION_CONFLICT::RNA feature xref gene does not exist
P001_WF04/P001_WF04:tRNA	Arg	k141_3278:c2493-2420	P001_WF04_00081

DiscRep_SUB:FEATURE_LOCATION_CONFLICT::RNA feature xref gene does not exist
P001_WF04/P001_WF04:rRNA	23S ribosomal RNA	k141_3278:c6131-3117	P001_WF04_00083

DiscRep_SUB:FEATURE_LOCATION_CONFLICT::RNA feature xref gene does not exist
P001_WF04/P001_WF04:rRNA	16S ribosomal RNA	k141_3278:c10050-8564	P001_WF04_00086

DiscRep_SUB:FEATURE_LOCATION_CONFLICT::RNA feature xref gene does not exist
P001_WF04/P001_WF04:tRNA	Val	k141_3278:c10353-10282	P001_WF04_00087

DiscRep_SUB:FEATURE_LOCATION_CONFLICT::RNA feature xref gene does not exist
P001_WF04/P001_WF04:tRNA	Leu	k141_3278:16291-16373	P001_WF04_00093

DiscRep_SUB:FEATURE_LOCATION_CONFLICT::RNA feature xref gene does not exist
P001_WF04/P001_WF04:tRNA	Met	k141_3278:23623-23697	P001_WF04_00097

DiscRep_SUB:FEATURE_LOCATION_CONFLICT::Coding region xref gene does not exist
P001_WF04/P001_WF04:CDS	hypothetical protein	k141_58691:386-646	P001_WF04_00098

DiscRep_SUB:FEATURE_LOCATION_CONFLICT::Coding region xref gene does not exist
P001_WF04/P001_WF04:CDS	putative chloroplast RF34	k141_58691:c1581-1333	P001_WF04_00099

DiscRep_SUB:FEATURE_LOCATION_CONFLICT::Coding region xref gene does not exist
P001_WF04/P001_WF04:CDS	ribosomal protein S4	k141_58691:c4150-3545	P001_WF04_00101

DiscRep_SUB:FEATURE_LOCATION_CONFLICT::Coding region xref gene does not exist
P001_WF04/P001_WF04:CDS	hypothetical protein	k141_58691:c6291-6109	P001_WF04_00103

DiscRep_SUB:FEATURE_LOCATION_CONFLICT::Coding region xref gene does not exist
P001_WF04/P001_WF04:CDS	NADH-plastoquinone oxidoreductase subunit J	k141_58691:c7535-7059	P001_WF04_00105

DiscRep_SUB:FEATURE_LOCATION_CONFLICT::Coding region xref gene does not exist
P001_WF04/P001_WF04:CDS	NADH-plastoquinone oxidoreductase subunit K	k141_58691:c8404-7637	P001_WF04_00106

DiscRep_SUB:FEATURE_LOCATION_CONFLICT::Coding region xref gene does not exist
P001_WF04/P001_WF04:CDS	NADH-plastoquinone oxidoreductase subunit 3	k141_58691:c8732-8370	P001_WF04_00107

DiscRep_SUB:FEATURE_LOCATION_CONFLICT::Coding region xref gene does not exist
P001_WF04/P001_WF04:CDS	ATP synthase CF1 epsilon subunit	k141_58691:c11343-10942	P001_WF04_00109

DiscRep_SUB:FEATURE_LOCATION_CONFLICT::Coding region xref gene does not exist
P001_WF04/P001_WF04:CDS	ATP synthase CF1 beta subunit	k141_58691:c12836-11364	P001_WF04_00110

DiscRep_SUB:FEATURE_LOCATION_CONFLICT::Coding region xref gene does not exist
P001_WF04/P001_WF04:CDS	ribulose-1,5-bisphosphate carboxylase/oxygenase large subunit	k141_58691:13613-15040	P001_WF04_00111

DiscRep_SUB:FEATURE_LOCATION_CONFLICT::Coding region xref gene does not exist
P001_WF04/P001_WF04:CDS	hypothetical protein	k141_58691:15341-15508	P001_WF04_00112

DiscRep_SUB:FEATURE_LOCATION_CONFLICT::Coding region xref gene does not exist
P001_WF04/P001_WF04:CDS	Acetyl-coenzyme A carboxylase carboxyl transferase subunit beta, chloroplastic	k141_58691:15777-17333	P001_WF04_00113

DiscRep_SUB:FEATURE_LOCATION_CONFLICT::RNA feature xref gene does not exist
P001_WF04/P001_WF04:tRNA	Ser	k141_58691:3244-3330	P001_WF04_00100

DiscRep_SUB:FEATURE_LOCATION_CONFLICT::RNA feature xref gene does not exist
P001_WF04/P001_WF04:tRNA	Thr	k141_58691:c4636-4562	P001_WF04_00102

DiscRep_SUB:FEATURE_LOCATION_CONFLICT::RNA feature xref gene does not exist
P001_WF04/P001_WF04:tRNA	Phe	k141_58691:6485-6558	P001_WF04_00104

DiscRep_SUB:FEATURE_LOCATION_CONFLICT::RNA feature xref gene does not exist
P001_WF04/P001_WF04:tRNA	Met	k141_58691:10645-10717	P001_WF04_00108

DiscRep_SUB:FEATURE_LOCATION_CONFLICT::Coding region xref gene does not exist
P001_WF04/P001_WF04:CDS	ribosomal protein L22	k141_92229:54-515	P001_WF04_00114

DiscRep_SUB:FEATURE_LOCATION_CONFLICT::Coding region xref gene does not exist
P001_WF04/P001_WF04:CDS	ribosomal protein S3	k141_92229:531-1187	P001_WF04_00115

DiscRep_SUB:FEATURE_LOCATION_CONFLICT::Coding region xref gene does not exist
P001_WF04/P001_WF04:CDS	ribosomal protein L2	k141_82880:247-1224	P001_WF04_00116

DiscRep_SUB:FEATURE_LOCATION_CONFLICT::Coding region xref gene does not exist
P001_WF04/P001_WF04:CDS	ribosomal protein S19	k141_82880:1274-1552	P001_WF04_00117

DiscRep_ALL:SUSPECT_PRODUCT_NAMES::2 product_names contain suspect phrase or characters
DiscRep_SUB:SUSPECT_PRODUCT_NAMES::May contain database identifier more appropriate in note; remove from product name
DiscRep_SUB:SUSPECT_PRODUCT_NAMES::2 features contains three or more numbers together that may be identifiers more appropriate in note
P001_WF04/P001_WF04:CDS	photosystem I P700 apoprotein A2	k141_79558:c38089-35885	P001_WF04_00036
P001_WF04/P001_WF04:CDS	photosystem I P700 apoprotein A1	k141_79558:c40367-38115	P001_WF04_00037

DiscRep_ALL:DISC_QUALITY_SCORES::Quality scores are missing on all sequences.

DiscRep_ALL:ONCALLER_COMMENT_PRESENT::7 comment descriptors were found (all same)
P001_WF04/P001_WF04:k141_79558:Annotated using prokka 1.14.5 from https://github.com/tseemann/prokka
P001_WF04/P001_WF04:k141_75573:Annotated using prokka 1.14.5 from https://github.com/tseemann/prokka
P001_WF04/P001_WF04:k141_62352:Annotated using prokka 1.14.5 from https://github.com/tseemann/prokka
P001_WF04/P001_WF04:k141_3278:Annotated using prokka 1.14.5 from https://github.com/tseemann/prokka
P001_WF04/P001_WF04:k141_58691:Annotated using prokka 1.14.5 from https://github.com/tseemann/prokka
P001_WF04/P001_WF04:k141_92229:Annotated using prokka 1.14.5 from https://github.com/tseemann/prokka
P001_WF04/P001_WF04:k141_82880:Annotated using prokka 1.14.5 from https://github.com/tseemann/prokka

DiscRep_ALL:SHORT_PROT_SEQUENCES::8 protein sequences are shorter than 50 aa.
P001_WF04/P001_WF04:k141_79558_18 (length 29)
P001_WF04/P001_WF04:k141_79558_26 (length 34)
P001_WF04/P001_WF04:k141_75573_5 (length 37)
P001_WF04/P001_WF04:k141_75573_6 (length 44)
P001_WF04/P001_WF04:k141_75573_10 (length 47)
P001_WF04/P001_WF04:k141_75573_20 (length 42)
P001_WF04/P001_WF04:k141_75573_24 (length 35)
P001_WF04/P001_WF04:k141_3278_3 (length 42)

DiscRep_ALL:MISSING_GENOMEASSEMBLY_COMMENTS::7 bioseqs are missing GenomeAssembly structured comments
P001_WF04/P001_WF04:k141_79558 (length 41076)
P001_WF04/P001_WF04:k141_75573 (length 23504)
P001_WF04/P001_WF04:k141_62352 (length 18916)
P001_WF04/P001_WF04:k141_3278 (length 23946)
P001_WF04/P001_WF04:k141_58691 (length 18077)
P001_WF04/P001_WF04:k141_92229 (length 1216)
P001_WF04/P001_WF04:k141_82880 (length 1720)

DiscRep_ALL:MOLTYPE_NOT_MRNA::7 molecule types are not set as mRNA.
P001_WF04/P001_WF04:k141_79558 (length 41076)
P001_WF04/P001_WF04:k141_75573 (length 23504)
P001_WF04/P001_WF04:k141_62352 (length 18916)
P001_WF04/P001_WF04:k141_3278 (length 23946)
P001_WF04/P001_WF04:k141_58691 (length 18077)
P001_WF04/P001_WF04:k141_92229 (length 1216)
P001_WF04/P001_WF04:k141_82880 (length 1720)

DiscRep_ALL:TECHNIQUE_NOT_TSA::7 technique are not set as TSA
P001_WF04/P001_WF04:k141_79558 (length 41076)
P001_WF04/P001_WF04:k141_75573 (length 23504)
P001_WF04/P001_WF04:k141_62352 (length 18916)
P001_WF04/P001_WF04:k141_3278 (length 23946)
P001_WF04/P001_WF04:k141_58691 (length 18077)
P001_WF04/P001_WF04:k141_92229 (length 1216)
P001_WF04/P001_WF04:k141_82880 (length 1720)

DiscRep_ALL:MISSING_STRUCTURED_COMMENT::7 sequences do not include structured comments.
P001_WF04/P001_WF04:k141_79558 (length 41076)
P001_WF04/P001_WF04:k141_75573 (length 23504)
P001_WF04/P001_WF04:k141_62352 (length 18916)
P001_WF04/P001_WF04:k141_3278 (length 23946)
P001_WF04/P001_WF04:k141_58691 (length 18077)
P001_WF04/P001_WF04:k141_92229 (length 1216)
P001_WF04/P001_WF04:k141_82880 (length 1720)

DiscRep_ALL:MISSING_PROJECT::98 sequences do not include project.
P001_WF04/P001_WF04:k141_79558 (length 41076)
P001_WF04/P001_WF04:k141_79558_1 (length 353)
P001_WF04/P001_WF04:k141_79558_2 (length 212)
P001_WF04/P001_WF04:k141_79558_3 (length 254)
P001_WF04/P001_WF04:k141_79558_4 (length 83)
P001_WF04/P001_WF04:k141_79558_5 (length 85)
P001_WF04/P001_WF04:k141_79558_6 (length 72)
P001_WF04/P001_WF04:k141_79558_7 (length 59)
P001_WF04/P001_WF04:k141_79558_8 (length 507)
P001_WF04/P001_WF04:k141_79558_9 (length 124)
P001_WF04/P001_WF04:k141_79558_10 (length 56)
P001_WF04/P001_WF04:k141_79558_11 (length 81)
P001_WF04/P001_WF04:k141_79558_12 (length 246)
P001_WF04/P001_WF04:k141_79558_13 (length 236)
P001_WF04/P001_WF04:k141_79558_14 (length 1373)
P001_WF04/P001_WF04:k141_79558_15 (length 475)
P001_WF04/P001_WF04:k141_79558_16 (length 145)
P001_WF04/P001_WF04:k141_79558_17 (length 1070)
P001_WF04/P001_WF04:k141_79558_18 (length 29)
P001_WF04/P001_WF04:k141_79558_19 (length 70)
P001_WF04/P001_WF04:k141_79558_20 (length 353)
P001_WF04/P001_WF04:k141_79558_21 (length 461)
P001_WF04/P001_WF04:k141_79558_22 (length 82)
P001_WF04/P001_WF04:k141_79558_23 (length 100)
P001_WF04/P001_WF04:k141_79558_24 (length 734)
P001_WF04/P001_WF04:k141_79558_25 (length 750)
P001_WF04/P001_WF04:k141_79558_26 (length 34)
P001_WF04/P001_WF04:k141_75573 (length 23504)
P001_WF04/P001_WF04:k141_75573_1 (length 184)
P001_WF04/P001_WF04:k141_75573_2 (length 232)
P001_WF04/P001_WF04:k141_75573_3 (length 322)
P001_WF04/P001_WF04:k141_75573_4 (length 95)
P001_WF04/P001_WF04:k141_75573_5 (length 37)
P001_WF04/P001_WF04:k141_75573_6 (length 44)
P001_WF04/P001_WF04:k141_75573_7 (length 66)
P001_WF04/P001_WF04:k141_75573_8 (length 101)
P001_WF04/P001_WF04:k141_75573_9 (length 116)
P001_WF04/P001_WF04:k141_75573_10 (length 47)
P001_WF04/P001_WF04:k141_75573_11 (length 73)
P001_WF04/P001_WF04:k141_75573_12 (length 56)
P001_WF04/P001_WF04:k141_75573_13 (length 62)
P001_WF04/P001_WF04:k141_75573_14 (length 508)
P001_WF04/P001_WF04:k141_75573_15 (length 88)
P001_WF04/P001_WF04:k141_75573_16 (length 162)
P001_WF04/P001_WF04:k141_75573_17 (length 152)
P001_WF04/P001_WF04:k141_75573_18 (length 326)
P001_WF04/P001_WF04:k141_75573_19 (length 138)
P001_WF04/P001_WF04:k141_75573_20 (length 42)
P001_WF04/P001_WF04:k141_75573_21 (length 134)
P001_WF04/P001_WF04:k141_75573_22 (length 121)
P001_WF04/P001_WF04:k141_75573_23 (length 85)
P001_WF04/P001_WF04:k141_75573_24 (length 35)
P001_WF04/P001_WF04:k141_62352 (length 18916)
P001_WF04/P001_WF04:k141_62352_1 (length 1504)
P001_WF04/P001_WF04:k141_62352_2 (length 90)
P001_WF04/P001_WF04:k141_62352_3 (length 398)
P001_WF04/P001_WF04:k141_62352_4 (length 188)
P001_WF04/P001_WF04:k141_62352_5 (length 156)
P001_WF04/P001_WF04:k141_62352_6 (length 170)
P001_WF04/P001_WF04:k141_62352_7 (length 189)
P001_WF04/P001_WF04:k141_62352_8 (length 100)
P001_WF04/P001_WF04:k141_62352_9 (length 81)
P001_WF04/P001_WF04:k141_62352_10 (length 518)
P001_WF04/P001_WF04:k141_62352_11 (length 197)
P001_WF04/P001_WF04:k141_62352_12 (length 77)
P001_WF04/P001_WF04:k141_62352_13 (length 752)
P001_WF04/P001_WF04:k141_62352_14 (length 188)
P001_WF04/P001_WF04:k141_3278 (length 23946)
P001_WF04/P001_WF04:k141_3278_1 (length 89)
P001_WF04/P001_WF04:k141_3278_2 (length 72)
P001_WF04/P001_WF04:k141_3278_3 (length 42)
P001_WF04/P001_WF04:k141_3278_4 (length 80)
P001_WF04/P001_WF04:k141_3278_5 (length 155)
P001_WF04/P001_WF04:k141_3278_6 (length 303)
P001_WF04/P001_WF04:k141_3278_7 (length 260)
P001_WF04/P001_WF04:k141_3278_8 (length 57)
P001_WF04/P001_WF04:k141_3278_9 (length 108)
P001_WF04/P001_WF04:k141_3278_10 (length 61)
P001_WF04/P001_WF04:k141_3278_11 (length 2068)
P001_WF04/P001_WF04:k141_58691 (length 18077)
P001_WF04/P001_WF04:k141_58691_1 (length 86)
P001_WF04/P001_WF04:k141_58691_2 (length 82)
P001_WF04/P001_WF04:k141_58691_3 (length 201)
P001_WF04/P001_WF04:k141_58691_4 (length 60)
P001_WF04/P001_WF04:k141_58691_5 (length 158)
P001_WF04/P001_WF04:k141_58691_6 (length 255)
P001_WF04/P001_WF04:k141_58691_7 (length 120)
P001_WF04/P001_WF04:k141_58691_8 (length 133)
P001_WF04/P001_WF04:k141_58691_9 (length 490)
P001_WF04/P001_WF04:k141_58691_10 (length 475)
P001_WF04/P001_WF04:k141_58691_11 (length 55)
P001_WF04/P001_WF04:k141_58691_12 (length 518)
P001_WF04/P001_WF04:k141_92229 (length 1216)
P001_WF04/P001_WF04:k141_92229_1 (length 153)
P001_WF04/P001_WF04:k141_92229_2 (length 218)
P001_WF04/P001_WF04:k141_82880 (length 1720)
P001_WF04/P001_WF04:k141_82880_1 (length 325)
P001_WF04/P001_WF04:k141_82880_2 (length 92)

DiscRep_ALL:DISC_INCONSISTENT_MOLINFO_TECH::Molinfo Technique Report (some missing, all same)
DiscRep_SUB:DISC_INCONSISTENT_MOLINFO_TECH::technique (all missing)
DiscRep_SUB:DISC_INCONSISTENT_MOLINFO_TECH::7 Molinfos are missing field technique
P001_WF04/P001_WF04:k141_3278 (length 23946)
P001_WF04/P001_WF04:k141_58691 (length 18077)
P001_WF04/P001_WF04:k141_62352 (length 18916)
P001_WF04/P001_WF04:k141_75573 (length 23504)
P001_WF04/P001_WF04:k141_79558 (length 41076)
P001_WF04/P001_WF04:k141_82880 (length 1720)
P001_WF04/P001_WF04:k141_92229 (length 1216)

