Discrepancy Report Results

Summary
FATAL: MISSING_PROTEIN_ID:86 proteins have invalid IDs.
DISC_SOURCE_QUALS_ASNDISC:strain (all present, all same)
DISC_SOURCE_QUALS_ASNDISC:taxname (all present, all same)
DISC_FEATURE_COUNT:CDS: 86 present
DISC_FEATURE_COUNT:tRNA: 24 present
DISC_FEATURE_COUNT:rRNA: 6 present
DISC_COUNT_NUCLEOTIDES:7 nucleotide Bioseqs are present
FEATURE_LOCATION_CONFLICT:116 features have inconsistent gene locations.
SUSPECT_PRODUCT_NAMES:2 product_names contain suspect phrase or characters
	May contain database identifier more appropriate in note; remove from product name
		2 features contains three or more numbers together that may be identifiers more appropriate in note
DISC_QUALITY_SCORES:Quality scores are missing on all sequences.
FATAL: DISC_SUSPECT_RRNA_PRODUCTS:3 rRNA product names contain suspect phrase
FATAL: DISC_SHORT_RRNA:3 rRNA features are too short
ONCALLER_COMMENT_PRESENT:7 comment descriptors were found (all same)
SHORT_PROT_SEQUENCES:8 protein sequences are shorter than 50 aa.
MISSING_GENOMEASSEMBLY_COMMENTS:7 bioseqs are missing GenomeAssembly structured comments
MOLTYPE_NOT_MRNA:7 molecule types are not set as mRNA.
TECHNIQUE_NOT_TSA:7 technique are not set as TSA
MISSING_STRUCTURED_COMMENT:7 sequences do not include structured comments.
MISSING_PROJECT:93 sequences do not include project.
FATAL: RRNA_NAME_CONFLICTS:3 rRNA product names are not standard. Correct the names to the standard format, eg "16S ribosomal RNA"
DISC_INCONSISTENT_MOLINFO_TECH:Molinfo Technique Report (some missing, all same)


Detailed Report

FATAL: DiscRep_ALL:MISSING_PROTEIN_ID::86 proteins have invalid IDs.
P001_WD10/P001_WD10:k141_104060_1 (length 92)
P001_WD10/P001_WD10:k141_104060_2 (length 142)
P001_WD10/P001_WD10:k141_104060_3 (length 112)
P001_WD10/P001_WD10:k141_104060_4 (length 2262)
P001_WD10/P001_WD10:k141_104060_5 (length 67)
P001_WD10/P001_WD10:k141_104060_6 (length 260)
P001_WD10/P001_WD10:k141_104060_7 (length 36)
P001_WD10/P001_WD10:k141_104060_8 (length 264)
P001_WD10/P001_WD10:k141_104060_9 (length 155)
P001_WD10/P001_WD10:k141_104060_10 (length 70)
P001_WD10/P001_WD10:k141_104060_11 (length 86)
P001_WD10/P001_WD10:k141_104060_12 (length 160)
P001_WD10/P001_WD10:k141_104060_13 (length 120)
P001_WD10/P001_WD10:k141_104060_14 (length 53)
P001_WD10/P001_WD10:k141_91084_1 (length 155)
P001_WD10/P001_WD10:k141_91084_2 (length 220)
P001_WD10/P001_WD10:k141_91084_3 (length 72)
P001_WD10/P001_WD10:k141_91084_4 (length 149)
P001_WD10/P001_WD10:k141_91084_5 (length 122)
P001_WD10/P001_WD10:k141_91084_6 (length 134)
P001_WD10/P001_WD10:k141_91084_7 (length 135)
P001_WD10/P001_WD10:k141_91084_8 (length 236)
P001_WD10/P001_WD10:k141_91084_9 (length 174)
P001_WD10/P001_WD10:k141_91084_10 (length 162)
P001_WD10/P001_WD10:k141_91084_11 (length 80)
P001_WD10/P001_WD10:k141_91084_12 (length 508)
P001_WD10/P001_WD10:k141_91084_13 (length 74)
P001_WD10/P001_WD10:k141_91084_14 (length 102)
P001_WD10/P001_WD10:k141_91084_15 (length 78)
P001_WD10/P001_WD10:k141_91084_16 (length 68)
P001_WD10/P001_WD10:k141_91084_17 (length 125)
P001_WD10/P001_WD10:k141_91084_18 (length 101)
P001_WD10/P001_WD10:k141_91084_19 (length 68)
P001_WD10/P001_WD10:k141_91084_20 (length 46)
P001_WD10/P001_WD10:k141_91084_21 (length 83)
P001_WD10/P001_WD10:k141_91084_22 (length 39)
P001_WD10/P001_WD10:k141_91084_23 (length 40)
P001_WD10/P001_WD10:k141_91084_24 (length 320)
P001_WD10/P001_WD10:k141_91084_25 (length 229)
P001_WD10/P001_WD10:k141_91084_26 (length 184)
P001_WD10/P001_WD10:k141_91084_27 (length 36)
P001_WD10/P001_WD10:k141_91084_28 (length 477)
P001_WD10/P001_WD10:k141_91084_29 (length 498)
P001_WD10/P001_WD10:k141_91084_30 (length 138)
P001_WD10/P001_WD10:k141_91084_31 (length 120)
P001_WD10/P001_WD10:k141_91084_32 (length 223)
P001_WD10/P001_WD10:k141_91084_33 (length 158)
P001_WD10/P001_WD10:k141_91084_34 (length 201)
P001_WD10/P001_WD10:k141_91084_35 (length 82)
P001_WD10/P001_WD10:k141_91084_36 (length 35)
P001_WD10/P001_WD10:k141_91084_37 (length 35)
P001_WD10/P001_WD10:k141_91084_38 (length 90)
P001_WD10/P001_WD10:k141_91084_39 (length 750)
P001_WD10/P001_WD10:k141_91084_40 (length 734)
P001_WD10/P001_WD10:k141_91084_41 (length 100)
P001_WD10/P001_WD10:k141_91084_42 (length 62)
P001_WD10/P001_WD10:k141_91084_43 (length 461)
P001_WD10/P001_WD10:k141_91084_44 (length 353)
P001_WD10/P001_WD10:k141_91084_45 (length 34)
P001_WD10/P001_WD10:k141_91084_46 (length 1070)
P001_WD10/P001_WD10:k141_91084_47 (length 145)
P001_WD10/P001_WD10:k141_91084_48 (length 471)
P001_WD10/P001_WD10:k141_91084_49 (length 1364)
P001_WD10/P001_WD10:k141_91084_50 (length 236)
P001_WD10/P001_WD10:k141_91084_51 (length 247)
P001_WD10/P001_WD10:k141_91084_52 (length 81)
P001_WD10/P001_WD10:k141_91084_53 (length 68)
P001_WD10/P001_WD10:k141_91084_54 (length 124)
P001_WD10/P001_WD10:k141_91084_55 (length 507)
P001_WD10/P001_WD10:k141_80419_1 (length 172)
P001_WD10/P001_WD10:k141_62677_1 (length 1398)
P001_WD10/P001_WD10:k141_62677_2 (length 87)
P001_WD10/P001_WD10:k141_62677_3 (length 393)
P001_WD10/P001_WD10:k141_62677_4 (length 190)
P001_WD10/P001_WD10:k141_62677_5 (length 156)
P001_WD10/P001_WD10:k141_62677_6 (length 166)
P001_WD10/P001_WD10:k141_62677_7 (length 176)
P001_WD10/P001_WD10:k141_62677_8 (length 101)
P001_WD10/P001_WD10:k141_62677_9 (length 81)
P001_WD10/P001_WD10:k141_62677_10 (length 509)
P001_WD10/P001_WD10:k141_62677_11 (length 321)
P001_WD10/P001_WD10:k141_62677_12 (length 53)
P001_WD10/P001_WD10:k141_62677_13 (length 732)
P001_WD10/P001_WD10:k141_127772_1 (length 317)
P001_WD10/P001_WD10:k141_127772_2 (length 416)
P001_WD10/P001_WD10:k141_127772_3 (length 59)

DiscRep_ALL:DISC_SOURCE_QUALS_ASNDISC::strain (all present, all same)
DiscRep_SUB:DISC_SOURCE_QUALS_ASNDISC::7 sources have 'strain' for strain
DiscRep_ALL:DISC_SOURCE_QUALS_ASNDISC::taxname (all present, all same)
DiscRep_SUB:DISC_SOURCE_QUALS_ASNDISC::7 sources have 'Genus species' for taxname
DiscRep_ALL:DISC_FEATURE_COUNT::CDS: 86 present
DiscRep_ALL:DISC_FEATURE_COUNT::tRNA: 24 present
DiscRep_ALL:DISC_FEATURE_COUNT::rRNA: 6 present
DiscRep_ALL:DISC_COUNT_NUCLEOTIDES::7 nucleotide Bioseqs are present
P001_WD10/P001_WD10:k141_104060 (length 25203)
P001_WD10/P001_WD10:k141_91084 (length 71879)
P001_WD10/P001_WD10:k141_80419 (length 5096)
P001_WD10/P001_WD10:k141_94309 (length 1927)
P001_WD10/P001_WD10:k141_62677 (length 17492)
P001_WD10/P001_WD10:k141_127772 (length 8961)
P001_WD10/P001_WD10:k141_51055 (length 1100)

DiscRep_ALL:FEATURE_LOCATION_CONFLICT::116 features have inconsistent gene locations.
DiscRep_SUB:FEATURE_LOCATION_CONFLICT::Coding region xref gene does not exist
P001_WD10/P001_WD10:CDS	ribosomal protein S19	k141_104060:c300-22	P001_WD10_00001

DiscRep_SUB:FEATURE_LOCATION_CONFLICT::Coding region xref gene does not exist
P001_WD10/P001_WD10:CDS	ribosomal protein L2	k141_104060:c746-318	P001_WD10_00002

DiscRep_SUB:FEATURE_LOCATION_CONFLICT::Coding region xref gene does not exist
P001_WD10/P001_WD10:CDS	ribosomal protein L2	k141_104060:c1737-1399	P001_WD10_00003

DiscRep_SUB:FEATURE_LOCATION_CONFLICT::Coding region xref gene does not exist
P001_WD10/P001_WD10:CDS	hypothetical protein	k141_104060:2428-9216	P001_WD10_00005

DiscRep_SUB:FEATURE_LOCATION_CONFLICT::Coding region xref gene does not exist
P001_WD10/P001_WD10:CDS	hypothetical protein	k141_104060:c10034-9831	P001_WD10_00007

DiscRep_SUB:FEATURE_LOCATION_CONFLICT::Coding region xref gene does not exist
P001_WD10/P001_WD10:CDS	NADH-plastoquinone oxidoreductase subunit 2	k141_104060:c10932-10150	P001_WD10_00008

DiscRep_SUB:FEATURE_LOCATION_CONFLICT::Coding region xref gene does not exist
P001_WD10/P001_WD10:CDS	hypothetical protein	k141_104060:c11507-11397	P001_WD10_00009

DiscRep_SUB:FEATURE_LOCATION_CONFLICT::Coding region xref gene does not exist
P001_WD10/P001_WD10:CDS	NADH-plastoquinone oxidoreductase subunit 2	k141_104060:c12348-11554	P001_WD10_00010

DiscRep_SUB:FEATURE_LOCATION_CONFLICT::Coding region xref gene does not exist
P001_WD10/P001_WD10:CDS	ribosomal protein S7	k141_104060:c13093-12626	P001_WD10_00011

DiscRep_SUB:FEATURE_LOCATION_CONFLICT::Coding region xref gene does not exist
P001_WD10/P001_WD10:CDS	hypothetical protein	k141_104060:14455-14667	P001_WD10_00012

DiscRep_SUB:FEATURE_LOCATION_CONFLICT::Coding region xref gene does not exist
P001_WD10/P001_WD10:CDS	hypothetical protein	k141_104060:14682-14942	P001_WD10_00013

DiscRep_SUB:FEATURE_LOCATION_CONFLICT::Coding region xref gene does not exist
P001_WD10/P001_WD10:CDS	hypothetical protein	k141_104060:18094-18576	P001_WD10_00016

DiscRep_SUB:FEATURE_LOCATION_CONFLICT::Coding region xref gene does not exist
P001_WD10/P001_WD10:CDS	hypothetical protein	k141_104060:18596-18958	P001_WD10_00017

DiscRep_SUB:FEATURE_LOCATION_CONFLICT::Coding region xref gene does not exist
P001_WD10/P001_WD10:CDS	hypothetical protein	k141_104060:23280-23441	P001_WD10_00020

DiscRep_SUB:FEATURE_LOCATION_CONFLICT::RNA feature xref gene does not exist
P001_WD10/P001_WD10:tRNA	Met	k141_104060:c2339-2265	P001_WD10_00004

DiscRep_SUB:FEATURE_LOCATION_CONFLICT::RNA feature xref gene does not exist
P001_WD10/P001_WD10:tRNA	Leu	k141_104060:c9624-9542	P001_WD10_00006

DiscRep_SUB:FEATURE_LOCATION_CONFLICT::RNA feature xref gene does not exist
P001_WD10/P001_WD10:tRNA	Val	k141_104060:15347-15418	P001_WD10_00014

DiscRep_SUB:FEATURE_LOCATION_CONFLICT::RNA feature xref gene does not exist
P001_WD10/P001_WD10:rRNA	16S ribosomal RNA	k141_104060:15635-17121	P001_WD10_00015

DiscRep_SUB:FEATURE_LOCATION_CONFLICT::RNA feature xref gene does not exist
P001_WD10/P001_WD10:rRNA	23S ribosomal RNA	k141_104060:19474-22485	P001_WD10_00018

DiscRep_SUB:FEATURE_LOCATION_CONFLICT::RNA feature xref gene does not exist
P001_WD10/P001_WD10:tRNA	Arg	k141_104060:23068-23142	P001_WD10_00019

DiscRep_SUB:FEATURE_LOCATION_CONFLICT::RNA feature xref gene does not exist
P001_WD10/P001_WD10:tRNA	Asn	k141_104060:c23776-23703	P001_WD10_00021

DiscRep_SUB:FEATURE_LOCATION_CONFLICT::Coding region xref gene does not exist
P001_WD10/P001_WD10:CDS	ribosomal protein L22	k141_91084:218-685	P001_WD10_00022

DiscRep_SUB:FEATURE_LOCATION_CONFLICT::Coding region xref gene does not exist
P001_WD10/P001_WD10:CDS	ribosomal protein S3	k141_91084:670-1332	P001_WD10_00023

DiscRep_SUB:FEATURE_LOCATION_CONFLICT::Coding region xref gene does not exist
P001_WD10/P001_WD10:CDS	hypothetical protein	k141_91084:c1826-1608	P001_WD10_00024

DiscRep_SUB:FEATURE_LOCATION_CONFLICT::Coding region xref gene does not exist
P001_WD10/P001_WD10:CDS	ribosomal protein L16	k141_91084:2627-3076	P001_WD10_00025

DiscRep_SUB:FEATURE_LOCATION_CONFLICT::Coding region xref gene does not exist
P001_WD10/P001_WD10:CDS	ribosomal protein L14	k141_91084:3195-3563	P001_WD10_00026

DiscRep_SUB:FEATURE_LOCATION_CONFLICT::Coding region xref gene does not exist
P001_WD10/P001_WD10:CDS	ribosomal protein S8	k141_91084:3751-4155	P001_WD10_00027

DiscRep_SUB:FEATURE_LOCATION_CONFLICT::Coding region xref gene does not exist
P001_WD10/P001_WD10:CDS	ribosomal protein S11	k141_91084:4810-5217	P001_WD10_00028

DiscRep_SUB:FEATURE_LOCATION_CONFLICT::Coding region xref gene does not exist
P001_WD10/P001_WD10:CDS	RNA polymerase alpha subunit	k141_91084:5292-6002	P001_WD10_00029

DiscRep_SUB:FEATURE_LOCATION_CONFLICT::Coding region xref gene does not exist
P001_WD10/P001_WD10:CDS	cytochrome b6/f complex subunit IV	k141_91084:c6865-6341	P001_WD10_00030

DiscRep_SUB:FEATURE_LOCATION_CONFLICT::Coding region xref gene does not exist
P001_WD10/P001_WD10:CDS	cytochrome b6	k141_91084:c8212-7724	P001_WD10_00031

DiscRep_SUB:FEATURE_LOCATION_CONFLICT::Coding region xref gene does not exist
P001_WD10/P001_WD10:CDS	photosystem II phosphoprotein	k141_91084:c9517-9275	P001_WD10_00032

DiscRep_SUB:FEATURE_LOCATION_CONFLICT::Coding region xref gene does not exist
P001_WD10/P001_WD10:CDS	photosystem II CP47 chlorophyll apoprotein	k141_91084:c11554-10028	P001_WD10_00033

DiscRep_SUB:FEATURE_LOCATION_CONFLICT::Coding region xref gene does not exist
P001_WD10/P001_WD10:CDS	ATP-dependent Clp protease proteolytic subunit	k141_91084:13002-13226	P001_WD10_00034

DiscRep_SUB:FEATURE_LOCATION_CONFLICT::Coding region xref gene does not exist
P001_WD10/P001_WD10:CDS	hypothetical protein	k141_91084:13604-13912	P001_WD10_00035

DiscRep_SUB:FEATURE_LOCATION_CONFLICT::Coding region xref gene does not exist
P001_WD10/P001_WD10:CDS	ATP-dependent Clp protease proteolytic subunit	k141_91084:13878-14114	P001_WD10_00036

DiscRep_SUB:FEATURE_LOCATION_CONFLICT::Coding region xref gene does not exist
P001_WD10/P001_WD10:CDS	hypothetical protein	k141_91084:14863-15069	P001_WD10_00037

DiscRep_SUB:FEATURE_LOCATION_CONFLICT::Coding region xref gene does not exist
P001_WD10/P001_WD10:CDS	ribosomal protein L20	k141_91084:15096-15473	P001_WD10_00038

DiscRep_SUB:FEATURE_LOCATION_CONFLICT::Coding region xref gene does not exist
P001_WD10/P001_WD10:CDS	ribosomal protein S18	k141_91084:c16040-15735	P001_WD10_00039

DiscRep_SUB:FEATURE_LOCATION_CONFLICT::Coding region xref gene does not exist
P001_WD10/P001_WD10:CDS	ribosomal protein L33	k141_91084:c16385-16179	P001_WD10_00040

DiscRep_SUB:FEATURE_LOCATION_CONFLICT::Coding region xref gene does not exist
P001_WD10/P001_WD10:CDS	photosystem I subunit IX	k141_91084:c16933-16793	P001_WD10_00041

DiscRep_SUB:FEATURE_LOCATION_CONFLICT::Coding region xref gene does not exist
P001_WD10/P001_WD10:CDS	photosystem II cytochrome b559 alpha subunit	k141_91084:19259-19510	P001_WD10_00044

DiscRep_SUB:FEATURE_LOCATION_CONFLICT::Coding region xref gene does not exist
P001_WD10/P001_WD10:CDS	photosystem II cytochrome b559 beta subunit	k141_91084:19520-19639	P001_WD10_00045

DiscRep_SUB:FEATURE_LOCATION_CONFLICT::Coding region xref gene does not exist
P001_WD10/P001_WD10:CDS	photosystem II protein J	k141_91084:19922-20044	P001_WD10_00046

DiscRep_SUB:FEATURE_LOCATION_CONFLICT::Coding region xref gene does not exist
P001_WD10/P001_WD10:CDS	cytochrome f	k141_91084:c21825-20863	P001_WD10_00047

DiscRep_SUB:FEATURE_LOCATION_CONFLICT::Coding region xref gene does not exist
P001_WD10/P001_WD10:CDS	envelope membrane protein	k141_91084:c22735-22046	P001_WD10_00048

DiscRep_SUB:FEATURE_LOCATION_CONFLICT::Coding region xref gene does not exist
P001_WD10/P001_WD10:CDS	photosystem I assembly protein Ycf4	k141_91084:c23857-23303	P001_WD10_00049

DiscRep_SUB:FEATURE_LOCATION_CONFLICT::Coding region xref gene does not exist
P001_WD10/P001_WD10:CDS	photosystem I subunit VIII	k141_91084:c24358-24248	P001_WD10_00050

DiscRep_SUB:FEATURE_LOCATION_CONFLICT::Coding region xref gene does not exist
P001_WD10/P001_WD10:CDS	ribulose-1,5-bisphosphate carboxylase/oxygenase large subunit	k141_91084:c26510-25077	P001_WD10_00051

DiscRep_SUB:FEATURE_LOCATION_CONFLICT::Coding region xref gene does not exist
P001_WD10/P001_WD10:CDS	ATP synthase CF1 beta subunit	k141_91084:27223-28719	P001_WD10_00052

DiscRep_SUB:FEATURE_LOCATION_CONFLICT::Coding region xref gene does not exist
P001_WD10/P001_WD10:CDS	ATP synthase CF1 epsilon subunit	k141_91084:28716-29132	P001_WD10_00053

DiscRep_SUB:FEATURE_LOCATION_CONFLICT::Coding region xref gene does not exist
P001_WD10/P001_WD10:CDS	NADH-plastoquinone oxidoreductase subunit 3	k141_91084:30484-30846	P001_WD10_00055

DiscRep_SUB:FEATURE_LOCATION_CONFLICT::Coding region xref gene does not exist
P001_WD10/P001_WD10:CDS	NADH-plastoquinone oxidoreductase subunit K	k141_91084:30901-31572	P001_WD10_00056

DiscRep_SUB:FEATURE_LOCATION_CONFLICT::Coding region xref gene does not exist
P001_WD10/P001_WD10:CDS	NADH-plastoquinone oxidoreductase subunit J	k141_91084:31694-32170	P001_WD10_00057

DiscRep_SUB:FEATURE_LOCATION_CONFLICT::Coding region xref gene does not exist
P001_WD10/P001_WD10:CDS	ribosomal protein S4	k141_91084:35010-35615	P001_WD10_00060

DiscRep_SUB:FEATURE_LOCATION_CONFLICT::Coding region xref gene does not exist
P001_WD10/P001_WD10:CDS	putative chloroplast RF34	k141_91084:37817-38065	P001_WD10_00062

DiscRep_SUB:FEATURE_LOCATION_CONFLICT::Coding region xref gene does not exist
P001_WD10/P001_WD10:CDS	hypothetical protein	k141_91084:38108-38215	P001_WD10_00063

DiscRep_SUB:FEATURE_LOCATION_CONFLICT::Coding region xref gene does not exist
P001_WD10/P001_WD10:CDS	hypothetical protein	k141_91084:38530-38637	P001_WD10_00064

DiscRep_SUB:FEATURE_LOCATION_CONFLICT::Coding region xref gene does not exist
P001_WD10/P001_WD10:CDS	hypothetical protein	k141_91084:c38993-38721	P001_WD10_00065

DiscRep_SUB:FEATURE_LOCATION_CONFLICT::Coding region xref gene does not exist
P001_WD10/P001_WD10:CDS	photosystem I P700 apoprotein A1	k141_91084:39743-41995	P001_WD10_00066

DiscRep_SUB:FEATURE_LOCATION_CONFLICT::Coding region xref gene does not exist
P001_WD10/P001_WD10:CDS	photosystem I P700 apoprotein A2	k141_91084:42021-44225	P001_WD10_00067

DiscRep_SUB:FEATURE_LOCATION_CONFLICT::Coding region xref gene does not exist
P001_WD10/P001_WD10:CDS	ribosomal protein S14	k141_91084:44335-44637	P001_WD10_00068

DiscRep_SUB:FEATURE_LOCATION_CONFLICT::Coding region xref gene does not exist
P001_WD10/P001_WD10:CDS	photosystem II protein Z	k141_91084:c45544-45356	P001_WD10_00071

DiscRep_SUB:FEATURE_LOCATION_CONFLICT::Coding region xref gene does not exist
P001_WD10/P001_WD10:CDS	photosystem II CP43 chlorophyll apoprotein	k141_91084:c47570-46185	P001_WD10_00073

DiscRep_SUB:FEATURE_LOCATION_CONFLICT::Coding region xref gene does not exist
P001_WD10/P001_WD10:CDS	photosystem II protein D2	k141_91084:c48615-47554	P001_WD10_00074

DiscRep_SUB:FEATURE_LOCATION_CONFLICT::Coding region xref gene does not exist
P001_WD10/P001_WD10:CDS	photosystem II protein M	k141_91084:51392-51496	P001_WD10_00079

DiscRep_SUB:FEATURE_LOCATION_CONFLICT::Coding region xref gene does not exist
P001_WD10/P001_WD10:CDS	RNA polymerase beta subunit	k141_91084:53674-56886	P001_WD10_00081

DiscRep_SUB:FEATURE_LOCATION_CONFLICT::Coding region xref gene does not exist
P001_WD10/P001_WD10:CDS	RNA polymerase beta' subunit	k141_91084:56919-57356	P001_WD10_00082

DiscRep_SUB:FEATURE_LOCATION_CONFLICT::Coding region xref gene does not exist
P001_WD10/P001_WD10:CDS	RNA polymerase beta' subunit	k141_91084:58286-59701	P001_WD10_00083

DiscRep_SUB:FEATURE_LOCATION_CONFLICT::Coding region xref gene does not exist
P001_WD10/P001_WD10:CDS	RNA polymerase beta'' subunit	k141_91084:59875-63969	P001_WD10_00084

DiscRep_SUB:FEATURE_LOCATION_CONFLICT::Coding region xref gene does not exist
P001_WD10/P001_WD10:CDS	ribosomal protein S2	k141_91084:64238-64948	P001_WD10_00085

DiscRep_SUB:FEATURE_LOCATION_CONFLICT::Coding region xref gene does not exist
P001_WD10/P001_WD10:CDS	ATP synthase CF0 subunit IV	k141_91084:65162-65905	P001_WD10_00086

DiscRep_SUB:FEATURE_LOCATION_CONFLICT::Coding region xref gene does not exist
P001_WD10/P001_WD10:CDS	ATP synthase CF0 subunit III	k141_91084:66987-67232	P001_WD10_00087

DiscRep_SUB:FEATURE_LOCATION_CONFLICT::Coding region xref gene does not exist
P001_WD10/P001_WD10:CDS	hypothetical protein	k141_91084:67617-67823	P001_WD10_00088

DiscRep_SUB:FEATURE_LOCATION_CONFLICT::Coding region xref gene does not exist
P001_WD10/P001_WD10:CDS	ATP synthase CF0 subunit I	k141_91084:68471-68845	P001_WD10_00089

DiscRep_SUB:FEATURE_LOCATION_CONFLICT::Coding region xref gene does not exist
P001_WD10/P001_WD10:CDS	ATP synthase CF1 alpha subunit	k141_91084:68900-70423	P001_WD10_00090

DiscRep_SUB:FEATURE_LOCATION_CONFLICT::RNA feature xref gene does not exist
P001_WD10/P001_WD10:tRNA	Pro	k141_91084:17373-17447	P001_WD10_00042

DiscRep_SUB:FEATURE_LOCATION_CONFLICT::RNA feature xref gene does not exist
P001_WD10/P001_WD10:tRNA	Trp	k141_91084:17537-17610	P001_WD10_00043

DiscRep_SUB:FEATURE_LOCATION_CONFLICT::RNA feature xref gene does not exist
P001_WD10/P001_WD10:tRNA	Met	k141_91084:c29429-29358	P001_WD10_00054

DiscRep_SUB:FEATURE_LOCATION_CONFLICT::RNA feature xref gene does not exist
P001_WD10/P001_WD10:tRNA	Phe	k141_91084:c32929-32856	P001_WD10_00058

DiscRep_SUB:FEATURE_LOCATION_CONFLICT::RNA feature xref gene does not exist
P001_WD10/P001_WD10:tRNA	Thr	k141_91084:34505-34579	P001_WD10_00059

DiscRep_SUB:FEATURE_LOCATION_CONFLICT::RNA feature xref gene does not exist
P001_WD10/P001_WD10:tRNA	Ser	k141_91084:c36012-35926	P001_WD10_00061

DiscRep_SUB:FEATURE_LOCATION_CONFLICT::RNA feature xref gene does not exist
P001_WD10/P001_WD10:tRNA	Met	k141_91084:44782-44856	P001_WD10_00069

DiscRep_SUB:FEATURE_LOCATION_CONFLICT::RNA feature xref gene does not exist
P001_WD10/P001_WD10:tRNA	Gly	k141_91084:c45078-45005	P001_WD10_00070

DiscRep_SUB:FEATURE_LOCATION_CONFLICT::RNA feature xref gene does not exist
P001_WD10/P001_WD10:tRNA	Ser	k141_91084:45873-45965	P001_WD10_00072

DiscRep_SUB:FEATURE_LOCATION_CONFLICT::RNA feature xref gene does not exist
P001_WD10/P001_WD10:tRNA	Thr	k141_91084:c49733-49660	P001_WD10_00075

DiscRep_SUB:FEATURE_LOCATION_CONFLICT::RNA feature xref gene does not exist
P001_WD10/P001_WD10:tRNA	Glu	k141_91084:50490-50562	P001_WD10_00076

DiscRep_SUB:FEATURE_LOCATION_CONFLICT::RNA feature xref gene does not exist
P001_WD10/P001_WD10:tRNA	Tyr	k141_91084:50616-50701	P001_WD10_00077

DiscRep_SUB:FEATURE_LOCATION_CONFLICT::RNA feature xref gene does not exist
P001_WD10/P001_WD10:tRNA	Asp	k141_91084:50800-50876	P001_WD10_00078

DiscRep_SUB:FEATURE_LOCATION_CONFLICT::RNA feature xref gene does not exist
P001_WD10/P001_WD10:tRNA	Cys	k141_91084:c52571-52501	P001_WD10_00080

DiscRep_SUB:FEATURE_LOCATION_CONFLICT::RNA feature xref gene does not exist
P001_WD10/P001_WD10:tRNA	Arg	k141_91084:c70566-70495	P001_WD10_00091

DiscRep_SUB:FEATURE_LOCATION_CONFLICT::Coding region xref gene does not exist
P001_WD10/P001_WD10:CDS	hypothetical protein	k141_80419:3571-4089	P001_WD10_00093

DiscRep_SUB:FEATURE_LOCATION_CONFLICT::RNA feature xref gene does not exist
P001_WD10/P001_WD10:rRNA	23S ribosomal RNA	k141_80419:c3227-288	P001_WD10_00092

DiscRep_SUB:FEATURE_LOCATION_CONFLICT::RNA feature xref gene does not exist
P001_WD10/P001_WD10:rRNA	16S ribosomal RNA (partial)	k141_94309:c756-322	P001_WD10_00094

DiscRep_SUB:FEATURE_LOCATION_CONFLICT::RNA feature xref gene does not exist
P001_WD10/P001_WD10:rRNA	16S ribosomal RNA (partial)	k141_94309:c1910-970	P001_WD10_00095

DiscRep_SUB:FEATURE_LOCATION_CONFLICT::Coding region xref gene does not exist
P001_WD10/P001_WD10:CDS	hypothetical protein	k141_62677:220-4416	P001_WD10_00096

DiscRep_SUB:FEATURE_LOCATION_CONFLICT::Coding region xref gene does not exist
P001_WD10/P001_WD10:CDS	ribosomal protein S15	k141_62677:4792-5055	P001_WD10_00097

DiscRep_SUB:FEATURE_LOCATION_CONFLICT::Coding region xref gene does not exist
P001_WD10/P001_WD10:CDS	NADH-plastoquinone oxidoreductase subunit 7	k141_62677:5153-6334	P001_WD10_00098

DiscRep_SUB:FEATURE_LOCATION_CONFLICT::Coding region xref gene does not exist
P001_WD10/P001_WD10:CDS	NADH-plastoquinone oxidoreductase subunit 1	k141_62677:6336-6908	P001_WD10_00099

DiscRep_SUB:FEATURE_LOCATION_CONFLICT::Coding region xref gene does not exist
P001_WD10/P001_WD10:CDS	NADH-plastoquinone oxidoreductase subunit 1	k141_62677:7923-8393	P001_WD10_00100

DiscRep_SUB:FEATURE_LOCATION_CONFLICT::Coding region xref gene does not exist
P001_WD10/P001_WD10:CDS	NADH-plastoquinone oxidoreductase subunit I	k141_62677:8470-8970	P001_WD10_00101

DiscRep_SUB:FEATURE_LOCATION_CONFLICT::Coding region xref gene does not exist
P001_WD10/P001_WD10:CDS	NADH-plastoquinone oxidoreductase subunit 6	k141_62677:9283-9813	P001_WD10_00102

DiscRep_SUB:FEATURE_LOCATION_CONFLICT::Coding region xref gene does not exist
P001_WD10/P001_WD10:CDS	NADH-plastoquinone oxidoreductase subunit 4L	k141_62677:10035-10340	P001_WD10_00103

DiscRep_SUB:FEATURE_LOCATION_CONFLICT::Coding region xref gene does not exist
P001_WD10/P001_WD10:CDS	photosystem I subunit VII	k141_62677:10595-10840	P001_WD10_00104

DiscRep_SUB:FEATURE_LOCATION_CONFLICT::Coding region xref gene does not exist
P001_WD10/P001_WD10:CDS	NADH-plastoquinone oxidoreductase subunit 4	k141_62677:10933-12462	P001_WD10_00105

DiscRep_SUB:FEATURE_LOCATION_CONFLICT::Coding region xref gene does not exist
P001_WD10/P001_WD10:CDS	cytochrome c heme attachment protein	k141_62677:c13597-12632	P001_WD10_00106

DiscRep_SUB:FEATURE_LOCATION_CONFLICT::Coding region xref gene does not exist
P001_WD10/P001_WD10:CDS	ribosomal protein L32	k141_62677:c14469-14308	P001_WD10_00108

DiscRep_SUB:FEATURE_LOCATION_CONFLICT::Coding region xref gene does not exist
P001_WD10/P001_WD10:CDS	NADH-plastoquinone oxidoreductase subunit 5	k141_62677:15139-17337	P001_WD10_00109

DiscRep_SUB:FEATURE_LOCATION_CONFLICT::RNA feature xref gene does not exist
P001_WD10/P001_WD10:tRNA	Leu	k141_62677:c13786-13707	P001_WD10_00107

DiscRep_SUB:FEATURE_LOCATION_CONFLICT::Coding region xref gene does not exist
P001_WD10/P001_WD10:CDS	photosystem II protein D1	k141_127772:c1609-656	P001_WD10_00111

DiscRep_SUB:FEATURE_LOCATION_CONFLICT::Coding region xref gene does not exist
P001_WD10/P001_WD10:CDS	maturase K	k141_127772:c3703-2453	P001_WD10_00112

DiscRep_SUB:FEATURE_LOCATION_CONFLICT::Coding region xref gene does not exist
P001_WD10/P001_WD10:CDS	photosystem II protein K	k141_127772:7449-7628	P001_WD10_00114

DiscRep_SUB:FEATURE_LOCATION_CONFLICT::RNA feature xref gene does not exist
P001_WD10/P001_WD10:tRNA	His	k141_127772:c224-150	P001_WD10_00110

DiscRep_SUB:FEATURE_LOCATION_CONFLICT::RNA feature xref gene does not exist
P001_WD10/P001_WD10:tRNA	Gln	k141_127772:c7076-7005	P001_WD10_00113

DiscRep_SUB:FEATURE_LOCATION_CONFLICT::RNA feature xref gene does not exist
P001_WD10/P001_WD10:tRNA	Ser	k141_127772:c8285-8198	P001_WD10_00115

DiscRep_SUB:FEATURE_LOCATION_CONFLICT::RNA feature xref gene does not exist
P001_WD10/P001_WD10:rRNA	23S ribosomal RNA (partial)	k141_51055:13-1098	P001_WD10_00116

DiscRep_ALL:SUSPECT_PRODUCT_NAMES::2 product_names contain suspect phrase or characters
DiscRep_SUB:SUSPECT_PRODUCT_NAMES::May contain database identifier more appropriate in note; remove from product name
DiscRep_SUB:SUSPECT_PRODUCT_NAMES::2 features contains three or more numbers together that may be identifiers more appropriate in note
P001_WD10/P001_WD10:CDS	photosystem I P700 apoprotein A1	k141_91084:39743-41995	P001_WD10_00066
P001_WD10/P001_WD10:CDS	photosystem I P700 apoprotein A2	k141_91084:42021-44225	P001_WD10_00067

DiscRep_ALL:DISC_QUALITY_SCORES::Quality scores are missing on all sequences.

FATAL: DiscRep_ALL:DISC_SUSPECT_RRNA_PRODUCTS::3 rRNA product names contain suspect phrase
FATAL: DiscRep_SUB:DISC_SUSPECT_RRNA_PRODUCTS::3 rRNA product names contains 'partial'
P001_WD10/P001_WD10:rRNA	16S ribosomal RNA (partial)	k141_94309:c756-322	P001_WD10_00094
P001_WD10/P001_WD10:rRNA	16S ribosomal RNA (partial)	k141_94309:c1910-970	P001_WD10_00095
P001_WD10/P001_WD10:rRNA	23S ribosomal RNA (partial)	k141_51055:13-1098	P001_WD10_00116

FATAL: DiscRep_ALL:DISC_SHORT_RRNA::3 rRNA features are too short
P001_WD10/P001_WD10:rRNA	16S ribosomal RNA (partial)	k141_94309:c756-322	P001_WD10_00094
P001_WD10/P001_WD10:rRNA	16S ribosomal RNA (partial)	k141_94309:c1910-970	P001_WD10_00095
P001_WD10/P001_WD10:rRNA	23S ribosomal RNA (partial)	k141_51055:13-1098	P001_WD10_00116

DiscRep_ALL:ONCALLER_COMMENT_PRESENT::7 comment descriptors were found (all same)
P001_WD10/P001_WD10:k141_104060:Annotated using prokka 1.14.5 from https://github.com/tseemann/prokka
P001_WD10/P001_WD10:k141_91084:Annotated using prokka 1.14.5 from https://github.com/tseemann/prokka
P001_WD10/P001_WD10:k141_80419:Annotated using prokka 1.14.5 from https://github.com/tseemann/prokka
P001_WD10/P001_WD10:k141_94309:Annotated using prokka 1.14.5 from https://github.com/tseemann/prokka
P001_WD10/P001_WD10:k141_62677:Annotated using prokka 1.14.5 from https://github.com/tseemann/prokka
P001_WD10/P001_WD10:k141_127772:Annotated using prokka 1.14.5 from https://github.com/tseemann/prokka
P001_WD10/P001_WD10:k141_51055:Annotated using prokka 1.14.5 from https://github.com/tseemann/prokka

DiscRep_ALL:SHORT_PROT_SEQUENCES::8 protein sequences are shorter than 50 aa.
P001_WD10/P001_WD10:k141_104060_7 (length 36)
P001_WD10/P001_WD10:k141_91084_20 (length 46)
P001_WD10/P001_WD10:k141_91084_22 (length 39)
P001_WD10/P001_WD10:k141_91084_23 (length 40)
P001_WD10/P001_WD10:k141_91084_27 (length 36)
P001_WD10/P001_WD10:k141_91084_36 (length 35)
P001_WD10/P001_WD10:k141_91084_37 (length 35)
P001_WD10/P001_WD10:k141_91084_45 (length 34)

DiscRep_ALL:MISSING_GENOMEASSEMBLY_COMMENTS::7 bioseqs are missing GenomeAssembly structured comments
P001_WD10/P001_WD10:k141_104060 (length 25203)
P001_WD10/P001_WD10:k141_91084 (length 71879)
P001_WD10/P001_WD10:k141_80419 (length 5096)
P001_WD10/P001_WD10:k141_94309 (length 1927)
P001_WD10/P001_WD10:k141_62677 (length 17492)
P001_WD10/P001_WD10:k141_127772 (length 8961)
P001_WD10/P001_WD10:k141_51055 (length 1100)

DiscRep_ALL:MOLTYPE_NOT_MRNA::7 molecule types are not set as mRNA.
P001_WD10/P001_WD10:k141_104060 (length 25203)
P001_WD10/P001_WD10:k141_91084 (length 71879)
P001_WD10/P001_WD10:k141_80419 (length 5096)
P001_WD10/P001_WD10:k141_94309 (length 1927)
P001_WD10/P001_WD10:k141_62677 (length 17492)
P001_WD10/P001_WD10:k141_127772 (length 8961)
P001_WD10/P001_WD10:k141_51055 (length 1100)

DiscRep_ALL:TECHNIQUE_NOT_TSA::7 technique are not set as TSA
P001_WD10/P001_WD10:k141_104060 (length 25203)
P001_WD10/P001_WD10:k141_91084 (length 71879)
P001_WD10/P001_WD10:k141_80419 (length 5096)
P001_WD10/P001_WD10:k141_94309 (length 1927)
P001_WD10/P001_WD10:k141_62677 (length 17492)
P001_WD10/P001_WD10:k141_127772 (length 8961)
P001_WD10/P001_WD10:k141_51055 (length 1100)

DiscRep_ALL:MISSING_STRUCTURED_COMMENT::7 sequences do not include structured comments.
P001_WD10/P001_WD10:k141_104060 (length 25203)
P001_WD10/P001_WD10:k141_91084 (length 71879)
P001_WD10/P001_WD10:k141_80419 (length 5096)
P001_WD10/P001_WD10:k141_94309 (length 1927)
P001_WD10/P001_WD10:k141_62677 (length 17492)
P001_WD10/P001_WD10:k141_127772 (length 8961)
P001_WD10/P001_WD10:k141_51055 (length 1100)

DiscRep_ALL:MISSING_PROJECT::93 sequences do not include project.
P001_WD10/P001_WD10:k141_104060 (length 25203)
P001_WD10/P001_WD10:k141_104060_1 (length 92)
P001_WD10/P001_WD10:k141_104060_2 (length 142)
P001_WD10/P001_WD10:k141_104060_3 (length 112)
P001_WD10/P001_WD10:k141_104060_4 (length 2262)
P001_WD10/P001_WD10:k141_104060_5 (length 67)
P001_WD10/P001_WD10:k141_104060_6 (length 260)
P001_WD10/P001_WD10:k141_104060_7 (length 36)
P001_WD10/P001_WD10:k141_104060_8 (length 264)
P001_WD10/P001_WD10:k141_104060_9 (length 155)
P001_WD10/P001_WD10:k141_104060_10 (length 70)
P001_WD10/P001_WD10:k141_104060_11 (length 86)
P001_WD10/P001_WD10:k141_104060_12 (length 160)
P001_WD10/P001_WD10:k141_104060_13 (length 120)
P001_WD10/P001_WD10:k141_104060_14 (length 53)
P001_WD10/P001_WD10:k141_91084 (length 71879)
P001_WD10/P001_WD10:k141_91084_1 (length 155)
P001_WD10/P001_WD10:k141_91084_2 (length 220)
P001_WD10/P001_WD10:k141_91084_3 (length 72)
P001_WD10/P001_WD10:k141_91084_4 (length 149)
P001_WD10/P001_WD10:k141_91084_5 (length 122)
P001_WD10/P001_WD10:k141_91084_6 (length 134)
P001_WD10/P001_WD10:k141_91084_7 (length 135)
P001_WD10/P001_WD10:k141_91084_8 (length 236)
P001_WD10/P001_WD10:k141_91084_9 (length 174)
P001_WD10/P001_WD10:k141_91084_10 (length 162)
P001_WD10/P001_WD10:k141_91084_11 (length 80)
P001_WD10/P001_WD10:k141_91084_12 (length 508)
P001_WD10/P001_WD10:k141_91084_13 (length 74)
P001_WD10/P001_WD10:k141_91084_14 (length 102)
P001_WD10/P001_WD10:k141_91084_15 (length 78)
P001_WD10/P001_WD10:k141_91084_16 (length 68)
P001_WD10/P001_WD10:k141_91084_17 (length 125)
P001_WD10/P001_WD10:k141_91084_18 (length 101)
P001_WD10/P001_WD10:k141_91084_19 (length 68)
P001_WD10/P001_WD10:k141_91084_20 (length 46)
P001_WD10/P001_WD10:k141_91084_21 (length 83)
P001_WD10/P001_WD10:k141_91084_22 (length 39)
P001_WD10/P001_WD10:k141_91084_23 (length 40)
P001_WD10/P001_WD10:k141_91084_24 (length 320)
P001_WD10/P001_WD10:k141_91084_25 (length 229)
P001_WD10/P001_WD10:k141_91084_26 (length 184)
P001_WD10/P001_WD10:k141_91084_27 (length 36)
P001_WD10/P001_WD10:k141_91084_28 (length 477)
P001_WD10/P001_WD10:k141_91084_29 (length 498)
P001_WD10/P001_WD10:k141_91084_30 (length 138)
P001_WD10/P001_WD10:k141_91084_31 (length 120)
P001_WD10/P001_WD10:k141_91084_32 (length 223)
P001_WD10/P001_WD10:k141_91084_33 (length 158)
P001_WD10/P001_WD10:k141_91084_34 (length 201)
P001_WD10/P001_WD10:k141_91084_35 (length 82)
P001_WD10/P001_WD10:k141_91084_36 (length 35)
P001_WD10/P001_WD10:k141_91084_37 (length 35)
P001_WD10/P001_WD10:k141_91084_38 (length 90)
P001_WD10/P001_WD10:k141_91084_39 (length 750)
P001_WD10/P001_WD10:k141_91084_40 (length 734)
P001_WD10/P001_WD10:k141_91084_41 (length 100)
P001_WD10/P001_WD10:k141_91084_42 (length 62)
P001_WD10/P001_WD10:k141_91084_43 (length 461)
P001_WD10/P001_WD10:k141_91084_44 (length 353)
P001_WD10/P001_WD10:k141_91084_45 (length 34)
P001_WD10/P001_WD10:k141_91084_46 (length 1070)
P001_WD10/P001_WD10:k141_91084_47 (length 145)
P001_WD10/P001_WD10:k141_91084_48 (length 471)
P001_WD10/P001_WD10:k141_91084_49 (length 1364)
P001_WD10/P001_WD10:k141_91084_50 (length 236)
P001_WD10/P001_WD10:k141_91084_51 (length 247)
P001_WD10/P001_WD10:k141_91084_52 (length 81)
P001_WD10/P001_WD10:k141_91084_53 (length 68)
P001_WD10/P001_WD10:k141_91084_54 (length 124)
P001_WD10/P001_WD10:k141_91084_55 (length 507)
P001_WD10/P001_WD10:k141_80419 (length 5096)
P001_WD10/P001_WD10:k141_80419_1 (length 172)
P001_WD10/P001_WD10:k141_94309 (length 1927)
P001_WD10/P001_WD10:k141_62677 (length 17492)
P001_WD10/P001_WD10:k141_62677_1 (length 1398)
P001_WD10/P001_WD10:k141_62677_2 (length 87)
P001_WD10/P001_WD10:k141_62677_3 (length 393)
P001_WD10/P001_WD10:k141_62677_4 (length 190)
P001_WD10/P001_WD10:k141_62677_5 (length 156)
P001_WD10/P001_WD10:k141_62677_6 (length 166)
P001_WD10/P001_WD10:k141_62677_7 (length 176)
P001_WD10/P001_WD10:k141_62677_8 (length 101)
P001_WD10/P001_WD10:k141_62677_9 (length 81)
P001_WD10/P001_WD10:k141_62677_10 (length 509)
P001_WD10/P001_WD10:k141_62677_11 (length 321)
P001_WD10/P001_WD10:k141_62677_12 (length 53)
P001_WD10/P001_WD10:k141_62677_13 (length 732)
P001_WD10/P001_WD10:k141_127772 (length 8961)
P001_WD10/P001_WD10:k141_127772_1 (length 317)
P001_WD10/P001_WD10:k141_127772_2 (length 416)
P001_WD10/P001_WD10:k141_127772_3 (length 59)
P001_WD10/P001_WD10:k141_51055 (length 1100)

FATAL: DiscRep_ALL:RRNA_NAME_CONFLICTS::3 rRNA product names are not standard. Correct the names to the standard format, eg "16S ribosomal RNA"
P001_WD10/P001_WD10:rRNA	16S ribosomal RNA (partial)	k141_94309:c756-322	P001_WD10_00094
P001_WD10/P001_WD10:rRNA	16S ribosomal RNA (partial)	k141_94309:c1910-970	P001_WD10_00095
P001_WD10/P001_WD10:rRNA	23S ribosomal RNA (partial)	k141_51055:13-1098	P001_WD10_00116

DiscRep_ALL:DISC_INCONSISTENT_MOLINFO_TECH::Molinfo Technique Report (some missing, all same)
DiscRep_SUB:DISC_INCONSISTENT_MOLINFO_TECH::technique (all missing)
DiscRep_SUB:DISC_INCONSISTENT_MOLINFO_TECH::7 Molinfos are missing field technique
P001_WD10/P001_WD10:k141_51055 (length 1100)
P001_WD10/P001_WD10:k141_62677 (length 17492)
P001_WD10/P001_WD10:k141_80419 (length 5096)
P001_WD10/P001_WD10:k141_91084 (length 71879)
P001_WD10/P001_WD10:k141_94309 (length 1927)
P001_WD10/P001_WD10:k141_104060 (length 25203)
P001_WD10/P001_WD10:k141_127772 (length 8961)

