Discrepancy Report Results

Summary
FATAL: MISSING_PROTEIN_ID:94 proteins have invalid IDs.
DISC_SOURCE_QUALS_ASNDISC:strain (all present, all same)
DISC_SOURCE_QUALS_ASNDISC:taxname (all present, all same)
DISC_FEATURE_COUNT:CDS: 94 present
DISC_FEATURE_COUNT:tRNA: 19 present
DISC_FEATURE_COUNT:rRNA: 2 present
DISC_COUNT_NUCLEOTIDES:4 nucleotide Bioseqs are present
FEATURE_LOCATION_CONFLICT:115 features have inconsistent gene locations.
OVERLAPPING_CDS:2 coding regions overlap another coding region with a similar or identical name.
SUSPECT_PRODUCT_NAMES:2 product_names contain suspect phrase or characters
	May contain database identifier more appropriate in note; remove from product name
		2 features contains three or more numbers together that may be identifiers more appropriate in note
DISC_QUALITY_SCORES:Quality scores are missing on all sequences.
ONCALLER_COMMENT_PRESENT:4 comment descriptors were found (all same)
SHORT_PROT_SEQUENCES:12 protein sequences are shorter than 50 aa.
MISSING_GENOMEASSEMBLY_COMMENTS:4 bioseqs are missing GenomeAssembly structured comments
MOLTYPE_NOT_MRNA:4 molecule types are not set as mRNA.
TECHNIQUE_NOT_TSA:4 technique are not set as TSA
MISSING_STRUCTURED_COMMENT:4 sequences do not include structured comments.
MISSING_PROJECT:98 sequences do not include project.
DISC_INCONSISTENT_MOLINFO_TECH:Molinfo Technique Report (some missing, all same)


Detailed Report

FATAL: DiscRep_ALL:MISSING_PROTEIN_ID::94 proteins have invalid IDs.
P002_WH03/P002_WH03:k141_50862_1 (length 805)
P002_WH03/P002_WH03:k141_50862_2 (length 145)
P002_WH03/P002_WH03:k141_50862_3 (length 559)
P002_WH03/P002_WH03:k141_50862_4 (length 1393)
P002_WH03/P002_WH03:k141_50862_5 (length 236)
P002_WH03/P002_WH03:k141_50862_6 (length 262)
P002_WH03/P002_WH03:k141_50862_7 (length 81)
P002_WH03/P002_WH03:k141_50862_8 (length 117)
P002_WH03/P002_WH03:k141_50862_9 (length 124)
P002_WH03/P002_WH03:k141_50862_10 (length 505)
P002_WH03/P002_WH03:k141_50862_11 (length 52)
P002_WH03/P002_WH03:k141_50862_12 (length 64)
P002_WH03/P002_WH03:k141_50862_13 (length 97)
P002_WH03/P002_WH03:k141_50862_14 (length 505)
P002_WH03/P002_WH03:k141_50862_15 (length 353)
P002_WH03/P002_WH03:k141_28566_1 (length 71)
P002_WH03/P002_WH03:k141_28566_2 (length 64)
P002_WH03/P002_WH03:k141_28566_3 (length 34)
P002_WH03/P002_WH03:k141_28566_4 (length 73)
P002_WH03/P002_WH03:k141_28566_5 (length 100)
P002_WH03/P002_WH03:k141_28566_6 (length 78)
P002_WH03/P002_WH03:k141_28566_7 (length 155)
P002_WH03/P002_WH03:k141_28566_8 (length 282)
P002_WH03/P002_WH03:k141_28566_9 (length 260)
P002_WH03/P002_WH03:k141_28566_10 (length 69)
P002_WH03/P002_WH03:k141_28566_11 (length 74)
P002_WH03/P002_WH03:k141_28566_12 (length 2279)
P002_WH03/P002_WH03:k141_28566_13 (length 93)
P002_WH03/P002_WH03:k141_28566_14 (length 133)
P002_WH03/P002_WH03:k141_28566_15 (length 38)
P002_WH03/P002_WH03:k141_28566_16 (length 142)
P002_WH03/P002_WH03:k141_105036_1 (length 92)
P002_WH03/P002_WH03:k141_105036_2 (length 145)
P002_WH03/P002_WH03:k141_105036_3 (length 218)
P002_WH03/P002_WH03:k141_105036_4 (length 119)
P002_WH03/P002_WH03:k141_105036_5 (length 122)
P002_WH03/P002_WH03:k141_105036_6 (length 134)
P002_WH03/P002_WH03:k141_105036_7 (length 57)
P002_WH03/P002_WH03:k141_105036_8 (length 135)
P002_WH03/P002_WH03:k141_105036_9 (length 336)
P002_WH03/P002_WH03:k141_105036_10 (length 152)
P002_WH03/P002_WH03:k141_105036_11 (length 162)
P002_WH03/P002_WH03:k141_105036_12 (length 73)
P002_WH03/P002_WH03:k141_105036_13 (length 508)
P002_WH03/P002_WH03:k141_105036_14 (length 132)
P002_WH03/P002_WH03:k141_105036_15 (length 41)
P002_WH03/P002_WH03:k141_105036_16 (length 127)
P002_WH03/P002_WH03:k141_105036_17 (length 128)
P002_WH03/P002_WH03:k141_105036_18 (length 102)
P002_WH03/P002_WH03:k141_105036_19 (length 44)
P002_WH03/P002_WH03:k141_105036_20 (length 37)
P002_WH03/P002_WH03:k141_105036_21 (length 42)
P002_WH03/P002_WH03:k141_105036_22 (length 70)
P002_WH03/P002_WH03:k141_105036_23 (length 83)
P002_WH03/P002_WH03:k141_105036_24 (length 39)
P002_WH03/P002_WH03:k141_105036_25 (length 40)
P002_WH03/P002_WH03:k141_105036_26 (length 48)
P002_WH03/P002_WH03:k141_105036_27 (length 75)
P002_WH03/P002_WH03:k141_105036_28 (length 319)
P002_WH03/P002_WH03:k141_105036_29 (length 230)
P002_WH03/P002_WH03:k141_105036_30 (length 176)
P002_WH03/P002_WH03:k141_105036_31 (length 36)
P002_WH03/P002_WH03:k141_105036_32 (length 501)
P002_WH03/P002_WH03:k141_105036_33 (length 480)
P002_WH03/P002_WH03:k141_105036_34 (length 32)
P002_WH03/P002_WH03:k141_105036_35 (length 496)
P002_WH03/P002_WH03:k141_105036_36 (length 132)
P002_WH03/P002_WH03:k141_105036_37 (length 120)
P002_WH03/P002_WH03:k141_105036_38 (length 227)
P002_WH03/P002_WH03:k141_105036_39 (length 158)
P002_WH03/P002_WH03:k141_105036_40 (length 65)
P002_WH03/P002_WH03:k141_105036_41 (length 201)
P002_WH03/P002_WH03:k141_105036_42 (length 44)
P002_WH03/P002_WH03:k141_105036_43 (length 82)
P002_WH03/P002_WH03:k141_105036_44 (length 750)
P002_WH03/P002_WH03:k141_105036_45 (length 734)
P002_WH03/P002_WH03:k141_105036_46 (length 100)
P002_WH03/P002_WH03:k141_105036_47 (length 62)
P002_WH03/P002_WH03:k141_105036_48 (length 461)
P002_WH03/P002_WH03:k141_105036_49 (length 155)
P002_WH03/P002_WH03:k141_125252_1 (length 1242)
P002_WH03/P002_WH03:k141_125252_2 (length 84)
P002_WH03/P002_WH03:k141_125252_3 (length 393)
P002_WH03/P002_WH03:k141_125252_4 (length 191)
P002_WH03/P002_WH03:k141_125252_5 (length 135)
P002_WH03/P002_WH03:k141_125252_6 (length 167)
P002_WH03/P002_WH03:k141_125252_7 (length 176)
P002_WH03/P002_WH03:k141_125252_8 (length 101)
P002_WH03/P002_WH03:k141_125252_9 (length 81)
P002_WH03/P002_WH03:k141_125252_10 (length 62)
P002_WH03/P002_WH03:k141_125252_11 (length 449)
P002_WH03/P002_WH03:k141_125252_12 (length 245)
P002_WH03/P002_WH03:k141_125252_13 (length 99)
P002_WH03/P002_WH03:k141_125252_14 (length 748)

DiscRep_ALL:DISC_SOURCE_QUALS_ASNDISC::strain (all present, all same)
DiscRep_SUB:DISC_SOURCE_QUALS_ASNDISC::4 sources have 'strain' for strain
DiscRep_ALL:DISC_SOURCE_QUALS_ASNDISC::taxname (all present, all same)
DiscRep_SUB:DISC_SOURCE_QUALS_ASNDISC::4 sources have 'Genus species' for taxname
DiscRep_ALL:DISC_FEATURE_COUNT::CDS: 94 present
DiscRep_ALL:DISC_FEATURE_COUNT::tRNA: 19 present
DiscRep_ALL:DISC_FEATURE_COUNT::rRNA: 2 present
DiscRep_ALL:DISC_COUNT_NUCLEOTIDES::4 nucleotide Bioseqs are present
P002_WH03/P002_WH03:k141_50862 (length 26500)
P002_WH03/P002_WH03:k141_28566 (length 26106)
P002_WH03/P002_WH03:k141_105036 (length 50630)
P002_WH03/P002_WH03:k141_125252 (length 17359)

DiscRep_ALL:FEATURE_LOCATION_CONFLICT::115 features have inconsistent gene locations.
DiscRep_SUB:FEATURE_LOCATION_CONFLICT::Coding region xref gene does not exist
P002_WH03/P002_WH03:CDS	RNA polymerase beta subunit	k141_50862:142-2559	P002_WH03_00001

DiscRep_SUB:FEATURE_LOCATION_CONFLICT::Coding region xref gene does not exist
P002_WH03/P002_WH03:CDS	RNA polymerase beta' subunit	k141_50862:2586-3023	P002_WH03_00002

DiscRep_SUB:FEATURE_LOCATION_CONFLICT::Coding region xref gene does not exist
P002_WH03/P002_WH03:CDS	RNA polymerase beta' subunit	k141_50862:3691-5370	P002_WH03_00003

DiscRep_SUB:FEATURE_LOCATION_CONFLICT::Coding region xref gene does not exist
P002_WH03/P002_WH03:CDS	RNA polymerase beta'' subunit	k141_50862:5536-9717	P002_WH03_00004

DiscRep_SUB:FEATURE_LOCATION_CONFLICT::Coding region xref gene does not exist
P002_WH03/P002_WH03:CDS	ribosomal protein S2	k141_50862:9948-10658	P002_WH03_00005

DiscRep_SUB:FEATURE_LOCATION_CONFLICT::Coding region xref gene does not exist
P002_WH03/P002_WH03:CDS	ATP synthase CF0 subunit IV	k141_50862:10834-11622	P002_WH03_00006

DiscRep_SUB:FEATURE_LOCATION_CONFLICT::Coding region xref gene does not exist
P002_WH03/P002_WH03:CDS	ATP synthase CF0 subunit III	k141_50862:12748-12993	P002_WH03_00007

DiscRep_SUB:FEATURE_LOCATION_CONFLICT::Coding region xref gene does not exist
P002_WH03/P002_WH03:CDS	hypothetical protein	k141_50862:13128-13481	P002_WH03_00008

DiscRep_SUB:FEATURE_LOCATION_CONFLICT::Coding region xref gene does not exist
P002_WH03/P002_WH03:CDS	ATP synthase CF0 subunit I	k141_50862:14185-14559	P002_WH03_00009

DiscRep_SUB:FEATURE_LOCATION_CONFLICT::Coding region xref gene does not exist
P002_WH03/P002_WH03:CDS	ATP synthase CF1 alpha subunit	k141_50862:14615-16132	P002_WH03_00010

DiscRep_SUB:FEATURE_LOCATION_CONFLICT::Coding region xref gene does not exist
P002_WH03/P002_WH03:CDS	hypothetical protein	k141_50862:c18616-18458	P002_WH03_00013

DiscRep_SUB:FEATURE_LOCATION_CONFLICT::Coding region xref gene does not exist
P002_WH03/P002_WH03:CDS	photosystem II protein K	k141_50862:c18838-18644	P002_WH03_00014

DiscRep_SUB:FEATURE_LOCATION_CONFLICT::Coding region xref gene does not exist
P002_WH03/P002_WH03:CDS	hypothetical protein	k141_50862:c19964-19671	P002_WH03_00016

DiscRep_SUB:FEATURE_LOCATION_CONFLICT::Coding region xref gene does not exist
P002_WH03/P002_WH03:CDS	maturase K	k141_50862:22949-24466	P002_WH03_00017

DiscRep_SUB:FEATURE_LOCATION_CONFLICT::Coding region xref gene does not exist
P002_WH03/P002_WH03:CDS	photosystem II protein D1	k141_50862:24979-26040	P002_WH03_00018

DiscRep_SUB:FEATURE_LOCATION_CONFLICT::RNA feature xref gene does not exist
P002_WH03/P002_WH03:tRNA	Arg	k141_50862:c16339-16268	P002_WH03_00011

DiscRep_SUB:FEATURE_LOCATION_CONFLICT::RNA feature xref gene does not exist
P002_WH03/P002_WH03:tRNA	Ser	k141_50862:17904-17991	P002_WH03_00012

DiscRep_SUB:FEATURE_LOCATION_CONFLICT::RNA feature xref gene does not exist
P002_WH03/P002_WH03:tRNA	Gln	k141_50862:19152-19223	P002_WH03_00015

DiscRep_SUB:FEATURE_LOCATION_CONFLICT::RNA feature xref gene does not exist
P002_WH03/P002_WH03:tRNA	His	k141_50862:26267-26341	P002_WH03_00019

DiscRep_SUB:FEATURE_LOCATION_CONFLICT::Coding region xref gene does not exist
P002_WH03/P002_WH03:CDS	hypothetical protein	k141_28566:c1862-1647	P002_WH03_00020

DiscRep_SUB:FEATURE_LOCATION_CONFLICT::Coding region xref gene does not exist
P002_WH03/P002_WH03:CDS	hypothetical protein	k141_28566:c7331-7137	P002_WH03_00024

DiscRep_SUB:FEATURE_LOCATION_CONFLICT::Coding region xref gene does not exist
P002_WH03/P002_WH03:CDS	hypothetical protein	k141_28566:c7414-7310	P002_WH03_00025

DiscRep_SUB:FEATURE_LOCATION_CONFLICT::Coding region xref gene does not exist
P002_WH03/P002_WH03:CDS	hypothetical protein	k141_28566:c7930-7709	P002_WH03_00026

DiscRep_SUB:FEATURE_LOCATION_CONFLICT::Coding region xref gene does not exist
P002_WH03/P002_WH03:CDS	hypothetical protein	k141_28566:8341-8643	P002_WH03_00027

DiscRep_SUB:FEATURE_LOCATION_CONFLICT::Coding region xref gene does not exist
P002_WH03/P002_WH03:CDS	hypothetical protein	k141_28566:c11383-11147	P002_WH03_00030

DiscRep_SUB:FEATURE_LOCATION_CONFLICT::Coding region xref gene does not exist
P002_WH03/P002_WH03:CDS	ribosomal protein S7	k141_28566:12839-13306	P002_WH03_00031

DiscRep_SUB:FEATURE_LOCATION_CONFLICT::Coding region xref gene does not exist
P002_WH03/P002_WH03:CDS	NADH-plastoquinone oxidoreductase subunit 2	k141_28566:13607-14455	P002_WH03_00032

DiscRep_SUB:FEATURE_LOCATION_CONFLICT::Coding region xref gene does not exist
P002_WH03/P002_WH03:CDS	NADH-plastoquinone oxidoreductase subunit 2	k141_28566:15040-15822	P002_WH03_00033

DiscRep_SUB:FEATURE_LOCATION_CONFLICT::Coding region xref gene does not exist
P002_WH03/P002_WH03:CDS	hypothetical protein	k141_28566:c16035-15826	P002_WH03_00034

DiscRep_SUB:FEATURE_LOCATION_CONFLICT::Coding region xref gene does not exist
P002_WH03/P002_WH03:CDS	hypothetical protein	k141_28566:16699-16923	P002_WH03_00036

DiscRep_SUB:FEATURE_LOCATION_CONFLICT::Coding region xref gene does not exist
P002_WH03/P002_WH03:CDS	hypothetical protein	k141_28566:c23902-17063	P002_WH03_00037

DiscRep_SUB:FEATURE_LOCATION_CONFLICT::Coding region xref gene does not exist
P002_WH03/P002_WH03:CDS	ribosomal protein L23	k141_28566:24239-24520	P002_WH03_00039

DiscRep_SUB:FEATURE_LOCATION_CONFLICT::Coding region xref gene does not exist
P002_WH03/P002_WH03:CDS	ribosomal protein L2	k141_28566:24539-24940	P002_WH03_00040

DiscRep_SUB:FEATURE_LOCATION_CONFLICT::Coding region xref gene does not exist
P002_WH03/P002_WH03:CDS	hypothetical protein	k141_28566:25125-25241	P002_WH03_00041

DiscRep_SUB:FEATURE_LOCATION_CONFLICT::Coding region xref gene does not exist
P002_WH03/P002_WH03:CDS	ribosomal protein L2	k141_28566:25593-26021	P002_WH03_00042

DiscRep_SUB:FEATURE_LOCATION_CONFLICT::RNA feature xref gene does not exist
P002_WH03/P002_WH03:tRNA	Asn	k141_28566:2229-2302	P002_WH03_00021

DiscRep_SUB:FEATURE_LOCATION_CONFLICT::RNA feature xref gene does not exist
P002_WH03/P002_WH03:tRNA	Arg	k141_28566:c2950-2876	P002_WH03_00022

DiscRep_SUB:FEATURE_LOCATION_CONFLICT::RNA feature xref gene does not exist
P002_WH03/P002_WH03:rRNA	23S ribosomal RNA	k141_28566:c6514-3504	P002_WH03_00023

DiscRep_SUB:FEATURE_LOCATION_CONFLICT::RNA feature xref gene does not exist
P002_WH03/P002_WH03:rRNA	16S ribosomal RNA	k141_28566:c10426-8940	P002_WH03_00028

DiscRep_SUB:FEATURE_LOCATION_CONFLICT::RNA feature xref gene does not exist
P002_WH03/P002_WH03:tRNA	Val	k141_28566:c10736-10665	P002_WH03_00029

DiscRep_SUB:FEATURE_LOCATION_CONFLICT::RNA feature xref gene does not exist
P002_WH03/P002_WH03:tRNA	Leu	k141_28566:16367-16449	P002_WH03_00035

DiscRep_SUB:FEATURE_LOCATION_CONFLICT::RNA feature xref gene does not exist
P002_WH03/P002_WH03:tRNA	Met	k141_28566:24000-24074	P002_WH03_00038

DiscRep_SUB:FEATURE_LOCATION_CONFLICT::Coding region xref gene does not exist
P002_WH03/P002_WH03:CDS	ribosomal protein S19	k141_105036:77-355	P002_WH03_00043

DiscRep_SUB:FEATURE_LOCATION_CONFLICT::Coding region xref gene does not exist
P002_WH03/P002_WH03:CDS	ribosomal protein L22	k141_105036:419-856	P002_WH03_00044

DiscRep_SUB:FEATURE_LOCATION_CONFLICT::Coding region xref gene does not exist
P002_WH03/P002_WH03:CDS	ribosomal protein S3	k141_105036:841-1497	P002_WH03_00045

DiscRep_SUB:FEATURE_LOCATION_CONFLICT::Coding region xref gene does not exist
P002_WH03/P002_WH03:CDS	ribosomal protein L16	k141_105036:2696-3055	P002_WH03_00046

DiscRep_SUB:FEATURE_LOCATION_CONFLICT::Coding region xref gene does not exist
P002_WH03/P002_WH03:CDS	ribosomal protein L14	k141_105036:3186-3554	P002_WH03_00047

DiscRep_SUB:FEATURE_LOCATION_CONFLICT::Coding region xref gene does not exist
P002_WH03/P002_WH03:CDS	ribosomal protein S8	k141_105036:3715-4119	P002_WH03_00048

DiscRep_SUB:FEATURE_LOCATION_CONFLICT::Coding region xref gene does not exist
P002_WH03/P002_WH03:CDS	translational initiation factor 1	k141_105036:4465-4638	P002_WH03_00049

DiscRep_SUB:FEATURE_LOCATION_CONFLICT::Coding region xref gene does not exist
P002_WH03/P002_WH03:CDS	ribosomal protein S11	k141_105036:4988-5395	P002_WH03_00050

DiscRep_SUB:FEATURE_LOCATION_CONFLICT::Coding region xref gene does not exist
P002_WH03/P002_WH03:CDS	DNA-directed RNA polymerase subunit alpha	k141_105036:5470-6480	P002_WH03_00051

DiscRep_SUB:FEATURE_LOCATION_CONFLICT::Coding region xref gene does not exist
P002_WH03/P002_WH03:CDS	cytochrome b6/f complex subunit IV	k141_105036:c7108-6650	P002_WH03_00052

DiscRep_SUB:FEATURE_LOCATION_CONFLICT::Coding region xref gene does not exist
P002_WH03/P002_WH03:CDS	cytochrome b6	k141_105036:c8426-7938	P002_WH03_00053

DiscRep_SUB:FEATURE_LOCATION_CONFLICT::Coding region xref gene does not exist
P002_WH03/P002_WH03:CDS	photosystem II phosphoprotein	k141_105036:c9713-9492	P002_WH03_00054

DiscRep_SUB:FEATURE_LOCATION_CONFLICT::Coding region xref gene does not exist
P002_WH03/P002_WH03:CDS	photosystem II CP47 chlorophyll apoprotein	k141_105036:c11886-10360	P002_WH03_00055

DiscRep_SUB:FEATURE_LOCATION_CONFLICT::Coding region xref gene does not exist
P002_WH03/P002_WH03:CDS	ATP-dependent Clp protease proteolytic subunit	k141_105036:13167-13565	P002_WH03_00056

DiscRep_SUB:FEATURE_LOCATION_CONFLICT::Coding region xref gene does not exist
P002_WH03/P002_WH03:CDS	hypothetical protein	k141_105036:13712-13837	P002_WH03_00057

DiscRep_SUB:FEATURE_LOCATION_CONFLICT::Coding region xref gene does not exist
P002_WH03/P002_WH03:CDS	ATP-dependent Clp protease proteolytic subunit	k141_105036:14050-14433	P002_WH03_00058

DiscRep_SUB:FEATURE_LOCATION_CONFLICT::Coding region xref gene does not exist
P002_WH03/P002_WH03:CDS	ribosomal protein L20	k141_105036:15405-15791	P002_WH03_00059

DiscRep_SUB:FEATURE_LOCATION_CONFLICT::Coding region xref gene does not exist
P002_WH03/P002_WH03:CDS	ribosomal protein S18	k141_105036:c16334-16026	P002_WH03_00060

DiscRep_SUB:FEATURE_LOCATION_CONFLICT::Coding region xref gene does not exist
P002_WH03/P002_WH03:CDS	photosystem I subunit IX	k141_105036:c17278-17144	P002_WH03_00061

DiscRep_SUB:FEATURE_LOCATION_CONFLICT::Coding region xref gene does not exist
P002_WH03/P002_WH03:CDS	cytochrome b6/f complex subunit V	k141_105036:c18201-18088	P002_WH03_00064

DiscRep_SUB:FEATURE_LOCATION_CONFLICT::Coding region xref gene does not exist
P002_WH03/P002_WH03:CDS	Cytochrome b6-f complex subunit 6	k141_105036:c18503-18375	P002_WH03_00065

DiscRep_SUB:FEATURE_LOCATION_CONFLICT::Coding region xref gene does not exist
P002_WH03/P002_WH03:CDS	hypothetical protein	k141_105036:18767-18979	P002_WH03_00066

DiscRep_SUB:FEATURE_LOCATION_CONFLICT::Coding region xref gene does not exist
P002_WH03/P002_WH03:CDS	photosystem II cytochrome b559 alpha subunit	k141_105036:19333-19584	P002_WH03_00067

DiscRep_SUB:FEATURE_LOCATION_CONFLICT::Coding region xref gene does not exist
P002_WH03/P002_WH03:CDS	photosystem II cytochrome b559 beta subunit	k141_105036:19594-19713	P002_WH03_00068

DiscRep_SUB:FEATURE_LOCATION_CONFLICT::Coding region xref gene does not exist
P002_WH03/P002_WH03:CDS	photosystem II protein J	k141_105036:19989-20111	P002_WH03_00069

DiscRep_SUB:FEATURE_LOCATION_CONFLICT::Coding region xref gene does not exist
P002_WH03/P002_WH03:CDS	hypothetical protein	k141_105036:c20671-20525	P002_WH03_00070

DiscRep_SUB:FEATURE_LOCATION_CONFLICT::Coding region xref gene does not exist
P002_WH03/P002_WH03:CDS	hypothetical protein	k141_105036:c20898-20671	P002_WH03_00071

DiscRep_SUB:FEATURE_LOCATION_CONFLICT::Coding region xref gene does not exist
P002_WH03/P002_WH03:CDS	cytochrome f	k141_105036:c22085-21126	P002_WH03_00072

DiscRep_SUB:FEATURE_LOCATION_CONFLICT::Coding region xref gene does not exist
P002_WH03/P002_WH03:CDS	envelope membrane protein	k141_105036:c23056-22364	P002_WH03_00073

DiscRep_SUB:FEATURE_LOCATION_CONFLICT::Coding region xref gene does not exist
P002_WH03/P002_WH03:CDS	photosystem I assembly protein Ycf4	k141_105036:c24390-23860	P002_WH03_00074

DiscRep_SUB:FEATURE_LOCATION_CONFLICT::Coding region xref gene does not exist
P002_WH03/P002_WH03:CDS	photosystem I subunit VIII	k141_105036:c24972-24862	P002_WH03_00075

DiscRep_SUB:FEATURE_LOCATION_CONFLICT::Coding region xref gene does not exist
P002_WH03/P002_WH03:CDS	Acetyl-coenzyme A carboxylase carboxyl transferase subunit beta, chloroplastic	k141_105036:c27173-25668	P002_WH03_00076

DiscRep_SUB:FEATURE_LOCATION_CONFLICT::Coding region xref gene does not exist
P002_WH03/P002_WH03:CDS	ribulose-1,5-bisphosphate carboxylase/oxygenase large subunit	k141_105036:c29254-27812	P002_WH03_00077

DiscRep_SUB:FEATURE_LOCATION_CONFLICT::Coding region xref gene does not exist
P002_WH03/P002_WH03:CDS	hypothetical protein	k141_105036:29577-29675	P002_WH03_00078

DiscRep_SUB:FEATURE_LOCATION_CONFLICT::Coding region xref gene does not exist
P002_WH03/P002_WH03:CDS	ATP synthase CF1 beta subunit	k141_105036:29815-31305	P002_WH03_00079

DiscRep_SUB:FEATURE_LOCATION_CONFLICT::Coding region xref gene does not exist
P002_WH03/P002_WH03:CDS	ATP synthase CF1 epsilon subunit	k141_105036:31302-31700	P002_WH03_00080

DiscRep_SUB:FEATURE_LOCATION_CONFLICT::Coding region xref gene does not exist
P002_WH03/P002_WH03:CDS	NADH-plastoquinone oxidoreductase subunit 3	k141_105036:33290-33652	P002_WH03_00082

DiscRep_SUB:FEATURE_LOCATION_CONFLICT::Coding region xref gene does not exist
P002_WH03/P002_WH03:CDS	NADH-plastoquinone oxidoreductase subunit K	k141_105036:33707-34390	P002_WH03_00083

DiscRep_SUB:FEATURE_LOCATION_CONFLICT::Coding region xref gene does not exist
P002_WH03/P002_WH03:CDS	NADH-plastoquinone oxidoreductase subunit J	k141_105036:34523-34999	P002_WH03_00084

DiscRep_SUB:FEATURE_LOCATION_CONFLICT::Coding region xref gene does not exist
P002_WH03/P002_WH03:CDS	hypothetical protein	k141_105036:c36732-36535	P002_WH03_00086

DiscRep_SUB:FEATURE_LOCATION_CONFLICT::Coding region xref gene does not exist
P002_WH03/P002_WH03:CDS	ribosomal protein S4	k141_105036:38015-38620	P002_WH03_00088

DiscRep_SUB:FEATURE_LOCATION_CONFLICT::Coding region xref gene does not exist
P002_WH03/P002_WH03:CDS	putative chloroplast RF34	k141_105036:39338-39472	P002_WH03_00090

DiscRep_SUB:FEATURE_LOCATION_CONFLICT::Coding region xref gene does not exist
P002_WH03/P002_WH03:CDS	putative chloroplast RF34	k141_105036:40288-40536	P002_WH03_00091

DiscRep_SUB:FEATURE_LOCATION_CONFLICT::Coding region xref gene does not exist
P002_WH03/P002_WH03:CDS	photosystem I P700 apoprotein A1	k141_105036:42219-44471	P002_WH03_00092

DiscRep_SUB:FEATURE_LOCATION_CONFLICT::Coding region xref gene does not exist
P002_WH03/P002_WH03:CDS	photosystem I P700 apoprotein A2	k141_105036:44497-46701	P002_WH03_00093

DiscRep_SUB:FEATURE_LOCATION_CONFLICT::Coding region xref gene does not exist
P002_WH03/P002_WH03:CDS	ribosomal protein S14	k141_105036:46832-47134	P002_WH03_00094

DiscRep_SUB:FEATURE_LOCATION_CONFLICT::Coding region xref gene does not exist
P002_WH03/P002_WH03:CDS	photosystem II protein Z	k141_105036:c48080-47892	P002_WH03_00097

DiscRep_SUB:FEATURE_LOCATION_CONFLICT::Coding region xref gene does not exist
P002_WH03/P002_WH03:CDS	photosystem II CP43 chlorophyll apoprotein	k141_105036:c50149-48764	P002_WH03_00099

DiscRep_SUB:FEATURE_LOCATION_CONFLICT::Coding region xref gene does not exist
P002_WH03/P002_WH03:CDS	photosystem II protein D2	k141_105036:c50600-50133	P002_WH03_00100

DiscRep_SUB:FEATURE_LOCATION_CONFLICT::RNA feature xref gene does not exist
P002_WH03/P002_WH03:tRNA	Pro	k141_105036:17667-17740	P002_WH03_00062

DiscRep_SUB:FEATURE_LOCATION_CONFLICT::RNA feature xref gene does not exist
P002_WH03/P002_WH03:tRNA	Trp	k141_105036:17878-17951	P002_WH03_00063

DiscRep_SUB:FEATURE_LOCATION_CONFLICT::RNA feature xref gene does not exist
P002_WH03/P002_WH03:tRNA	Met	k141_105036:c31970-31898	P002_WH03_00081

DiscRep_SUB:FEATURE_LOCATION_CONFLICT::RNA feature xref gene does not exist
P002_WH03/P002_WH03:tRNA	Phe	k141_105036:c35714-35642	P002_WH03_00085

DiscRep_SUB:FEATURE_LOCATION_CONFLICT::RNA feature xref gene does not exist
P002_WH03/P002_WH03:tRNA	Thr	k141_105036:37619-37693	P002_WH03_00087

DiscRep_SUB:FEATURE_LOCATION_CONFLICT::RNA feature xref gene does not exist
P002_WH03/P002_WH03:tRNA	Ser	k141_105036:c39040-38954	P002_WH03_00089

DiscRep_SUB:FEATURE_LOCATION_CONFLICT::RNA feature xref gene does not exist
P002_WH03/P002_WH03:tRNA	Met	k141_105036:47294-47368	P002_WH03_00095

DiscRep_SUB:FEATURE_LOCATION_CONFLICT::RNA feature xref gene does not exist
P002_WH03/P002_WH03:tRNA	Gly	k141_105036:c47604-47533	P002_WH03_00096

DiscRep_SUB:FEATURE_LOCATION_CONFLICT::RNA feature xref gene does not exist
P002_WH03/P002_WH03:tRNA	Ser	k141_105036:48424-48516	P002_WH03_00098

DiscRep_SUB:FEATURE_LOCATION_CONFLICT::Coding region xref gene does not exist
P002_WH03/P002_WH03:CDS	hypothetical protein	k141_125252:69-3797	P002_WH03_00101

DiscRep_SUB:FEATURE_LOCATION_CONFLICT::Coding region xref gene does not exist
P002_WH03/P002_WH03:CDS	ribosomal protein S15	k141_125252:4194-4448	P002_WH03_00102

DiscRep_SUB:FEATURE_LOCATION_CONFLICT::Coding region xref gene does not exist
P002_WH03/P002_WH03:CDS	NADH-plastoquinone oxidoreductase subunit 7	k141_125252:4566-5747	P002_WH03_00103

DiscRep_SUB:FEATURE_LOCATION_CONFLICT::Coding region xref gene does not exist
P002_WH03/P002_WH03:CDS	NADH-plastoquinone oxidoreductase subunit 1	k141_125252:5749-6324	P002_WH03_00104

DiscRep_SUB:FEATURE_LOCATION_CONFLICT::Coding region xref gene does not exist
P002_WH03/P002_WH03:CDS	NADH-plastoquinone oxidoreductase subunit 1	k141_125252:7598-8005	P002_WH03_00105

DiscRep_SUB:FEATURE_LOCATION_CONFLICT::Coding region xref gene does not exist
P002_WH03/P002_WH03:CDS	NADH-plastoquinone oxidoreductase subunit I	k141_125252:8091-8594	P002_WH03_00106

DiscRep_SUB:FEATURE_LOCATION_CONFLICT::Coding region xref gene does not exist
P002_WH03/P002_WH03:CDS	NADH-plastoquinone oxidoreductase subunit 6	k141_125252:8965-9495	P002_WH03_00107

DiscRep_SUB:FEATURE_LOCATION_CONFLICT::Coding region xref gene does not exist
P002_WH03/P002_WH03:CDS	NADH-plastoquinone oxidoreductase subunit 4L	k141_125252:9600-9905	P002_WH03_00108

DiscRep_SUB:FEATURE_LOCATION_CONFLICT::Coding region xref gene does not exist
P002_WH03/P002_WH03:CDS	photosystem I subunit VII	k141_125252:10161-10406	P002_WH03_00109

DiscRep_SUB:FEATURE_LOCATION_CONFLICT::Coding region xref gene does not exist
P002_WH03/P002_WH03:CDS	hypothetical protein	k141_125252:c10611-10423	P002_WH03_00110

DiscRep_SUB:FEATURE_LOCATION_CONFLICT::Coding region xref gene does not exist
P002_WH03/P002_WH03:CDS	NADH-plastoquinone oxidoreductase subunit 4	k141_125252:10685-12034	P002_WH03_00111

DiscRep_SUB:FEATURE_LOCATION_CONFLICT::Coding region xref gene does not exist
P002_WH03/P002_WH03:CDS	cytochrome c heme attachment protein	k141_125252:c13007-12270	P002_WH03_00112

DiscRep_SUB:FEATURE_LOCATION_CONFLICT::Coding region xref gene does not exist
P002_WH03/P002_WH03:CDS	cytochrome c heme attachment protein	k141_125252:c13246-12947	P002_WH03_00113

DiscRep_SUB:FEATURE_LOCATION_CONFLICT::Coding region xref gene does not exist
P002_WH03/P002_WH03:CDS	NADH-plastoquinone oxidoreductase subunit 5	k141_125252:14991-17237	P002_WH03_00115

DiscRep_SUB:FEATURE_LOCATION_CONFLICT::RNA feature xref gene does not exist
P002_WH03/P002_WH03:tRNA	Leu	k141_125252:c13424-13345	P002_WH03_00114

DiscRep_ALL:OVERLAPPING_CDS::2 coding regions overlap another coding region with a similar or identical name.
DiscRep_SUB:OVERLAPPING_CDS::2 coding regions overlap another coding region with a similar or identical name that do not have the appropriate note text
P002_WH03/P002_WH03:CDS	cytochrome c heme attachment protein	k141_125252:c13007-12270	P002_WH03_00112
P002_WH03/P002_WH03:CDS	cytochrome c heme attachment protein	k141_125252:c13246-12947	P002_WH03_00113

DiscRep_ALL:SUSPECT_PRODUCT_NAMES::2 product_names contain suspect phrase or characters
DiscRep_SUB:SUSPECT_PRODUCT_NAMES::May contain database identifier more appropriate in note; remove from product name
DiscRep_SUB:SUSPECT_PRODUCT_NAMES::2 features contains three or more numbers together that may be identifiers more appropriate in note
P002_WH03/P002_WH03:CDS	photosystem I P700 apoprotein A1	k141_105036:42219-44471	P002_WH03_00092
P002_WH03/P002_WH03:CDS	photosystem I P700 apoprotein A2	k141_105036:44497-46701	P002_WH03_00093

DiscRep_ALL:DISC_QUALITY_SCORES::Quality scores are missing on all sequences.

DiscRep_ALL:ONCALLER_COMMENT_PRESENT::4 comment descriptors were found (all same)
P002_WH03/P002_WH03:k141_50862:Annotated using prokka 1.14.5 from https://github.com/tseemann/prokka
P002_WH03/P002_WH03:k141_28566:Annotated using prokka 1.14.5 from https://github.com/tseemann/prokka
P002_WH03/P002_WH03:k141_105036:Annotated using prokka 1.14.5 from https://github.com/tseemann/prokka
P002_WH03/P002_WH03:k141_125252:Annotated using prokka 1.14.5 from https://github.com/tseemann/prokka

DiscRep_ALL:SHORT_PROT_SEQUENCES::12 protein sequences are shorter than 50 aa.
P002_WH03/P002_WH03:k141_28566_3 (length 34)
P002_WH03/P002_WH03:k141_28566_15 (length 38)
P002_WH03/P002_WH03:k141_105036_15 (length 41)
P002_WH03/P002_WH03:k141_105036_19 (length 44)
P002_WH03/P002_WH03:k141_105036_20 (length 37)
P002_WH03/P002_WH03:k141_105036_21 (length 42)
P002_WH03/P002_WH03:k141_105036_24 (length 39)
P002_WH03/P002_WH03:k141_105036_25 (length 40)
P002_WH03/P002_WH03:k141_105036_26 (length 48)
P002_WH03/P002_WH03:k141_105036_31 (length 36)
P002_WH03/P002_WH03:k141_105036_34 (length 32)
P002_WH03/P002_WH03:k141_105036_42 (length 44)

DiscRep_ALL:MISSING_GENOMEASSEMBLY_COMMENTS::4 bioseqs are missing GenomeAssembly structured comments
P002_WH03/P002_WH03:k141_50862 (length 26500)
P002_WH03/P002_WH03:k141_28566 (length 26106)
P002_WH03/P002_WH03:k141_105036 (length 50630)
P002_WH03/P002_WH03:k141_125252 (length 17359)

DiscRep_ALL:MOLTYPE_NOT_MRNA::4 molecule types are not set as mRNA.
P002_WH03/P002_WH03:k141_50862 (length 26500)
P002_WH03/P002_WH03:k141_28566 (length 26106)
P002_WH03/P002_WH03:k141_105036 (length 50630)
P002_WH03/P002_WH03:k141_125252 (length 17359)

DiscRep_ALL:TECHNIQUE_NOT_TSA::4 technique are not set as TSA
P002_WH03/P002_WH03:k141_50862 (length 26500)
P002_WH03/P002_WH03:k141_28566 (length 26106)
P002_WH03/P002_WH03:k141_105036 (length 50630)
P002_WH03/P002_WH03:k141_125252 (length 17359)

DiscRep_ALL:MISSING_STRUCTURED_COMMENT::4 sequences do not include structured comments.
P002_WH03/P002_WH03:k141_50862 (length 26500)
P002_WH03/P002_WH03:k141_28566 (length 26106)
P002_WH03/P002_WH03:k141_105036 (length 50630)
P002_WH03/P002_WH03:k141_125252 (length 17359)

DiscRep_ALL:MISSING_PROJECT::98 sequences do not include project.
P002_WH03/P002_WH03:k141_50862 (length 26500)
P002_WH03/P002_WH03:k141_50862_1 (length 805)
P002_WH03/P002_WH03:k141_50862_2 (length 145)
P002_WH03/P002_WH03:k141_50862_3 (length 559)
P002_WH03/P002_WH03:k141_50862_4 (length 1393)
P002_WH03/P002_WH03:k141_50862_5 (length 236)
P002_WH03/P002_WH03:k141_50862_6 (length 262)
P002_WH03/P002_WH03:k141_50862_7 (length 81)
P002_WH03/P002_WH03:k141_50862_8 (length 117)
P002_WH03/P002_WH03:k141_50862_9 (length 124)
P002_WH03/P002_WH03:k141_50862_10 (length 505)
P002_WH03/P002_WH03:k141_50862_11 (length 52)
P002_WH03/P002_WH03:k141_50862_12 (length 64)
P002_WH03/P002_WH03:k141_50862_13 (length 97)
P002_WH03/P002_WH03:k141_50862_14 (length 505)
P002_WH03/P002_WH03:k141_50862_15 (length 353)
P002_WH03/P002_WH03:k141_28566 (length 26106)
P002_WH03/P002_WH03:k141_28566_1 (length 71)
P002_WH03/P002_WH03:k141_28566_2 (length 64)
P002_WH03/P002_WH03:k141_28566_3 (length 34)
P002_WH03/P002_WH03:k141_28566_4 (length 73)
P002_WH03/P002_WH03:k141_28566_5 (length 100)
P002_WH03/P002_WH03:k141_28566_6 (length 78)
P002_WH03/P002_WH03:k141_28566_7 (length 155)
P002_WH03/P002_WH03:k141_28566_8 (length 282)
P002_WH03/P002_WH03:k141_28566_9 (length 260)
P002_WH03/P002_WH03:k141_28566_10 (length 69)
P002_WH03/P002_WH03:k141_28566_11 (length 74)
P002_WH03/P002_WH03:k141_28566_12 (length 2279)
P002_WH03/P002_WH03:k141_28566_13 (length 93)
P002_WH03/P002_WH03:k141_28566_14 (length 133)
P002_WH03/P002_WH03:k141_28566_15 (length 38)
P002_WH03/P002_WH03:k141_28566_16 (length 142)
P002_WH03/P002_WH03:k141_105036 (length 50630)
P002_WH03/P002_WH03:k141_105036_1 (length 92)
P002_WH03/P002_WH03:k141_105036_2 (length 145)
P002_WH03/P002_WH03:k141_105036_3 (length 218)
P002_WH03/P002_WH03:k141_105036_4 (length 119)
P002_WH03/P002_WH03:k141_105036_5 (length 122)
P002_WH03/P002_WH03:k141_105036_6 (length 134)
P002_WH03/P002_WH03:k141_105036_7 (length 57)
P002_WH03/P002_WH03:k141_105036_8 (length 135)
P002_WH03/P002_WH03:k141_105036_9 (length 336)
P002_WH03/P002_WH03:k141_105036_10 (length 152)
P002_WH03/P002_WH03:k141_105036_11 (length 162)
P002_WH03/P002_WH03:k141_105036_12 (length 73)
P002_WH03/P002_WH03:k141_105036_13 (length 508)
P002_WH03/P002_WH03:k141_105036_14 (length 132)
P002_WH03/P002_WH03:k141_105036_15 (length 41)
P002_WH03/P002_WH03:k141_105036_16 (length 127)
P002_WH03/P002_WH03:k141_105036_17 (length 128)
P002_WH03/P002_WH03:k141_105036_18 (length 102)
P002_WH03/P002_WH03:k141_105036_19 (length 44)
P002_WH03/P002_WH03:k141_105036_20 (length 37)
P002_WH03/P002_WH03:k141_105036_21 (length 42)
P002_WH03/P002_WH03:k141_105036_22 (length 70)
P002_WH03/P002_WH03:k141_105036_23 (length 83)
P002_WH03/P002_WH03:k141_105036_24 (length 39)
P002_WH03/P002_WH03:k141_105036_25 (length 40)
P002_WH03/P002_WH03:k141_105036_26 (length 48)
P002_WH03/P002_WH03:k141_105036_27 (length 75)
P002_WH03/P002_WH03:k141_105036_28 (length 319)
P002_WH03/P002_WH03:k141_105036_29 (length 230)
P002_WH03/P002_WH03:k141_105036_30 (length 176)
P002_WH03/P002_WH03:k141_105036_31 (length 36)
P002_WH03/P002_WH03:k141_105036_32 (length 501)
P002_WH03/P002_WH03:k141_105036_33 (length 480)
P002_WH03/P002_WH03:k141_105036_34 (length 32)
P002_WH03/P002_WH03:k141_105036_35 (length 496)
P002_WH03/P002_WH03:k141_105036_36 (length 132)
P002_WH03/P002_WH03:k141_105036_37 (length 120)
P002_WH03/P002_WH03:k141_105036_38 (length 227)
P002_WH03/P002_WH03:k141_105036_39 (length 158)
P002_WH03/P002_WH03:k141_105036_40 (length 65)
P002_WH03/P002_WH03:k141_105036_41 (length 201)
P002_WH03/P002_WH03:k141_105036_42 (length 44)
P002_WH03/P002_WH03:k141_105036_43 (length 82)
P002_WH03/P002_WH03:k141_105036_44 (length 750)
P002_WH03/P002_WH03:k141_105036_45 (length 734)
P002_WH03/P002_WH03:k141_105036_46 (length 100)
P002_WH03/P002_WH03:k141_105036_47 (length 62)
P002_WH03/P002_WH03:k141_105036_48 (length 461)
P002_WH03/P002_WH03:k141_105036_49 (length 155)
P002_WH03/P002_WH03:k141_125252 (length 17359)
P002_WH03/P002_WH03:k141_125252_1 (length 1242)
P002_WH03/P002_WH03:k141_125252_2 (length 84)
P002_WH03/P002_WH03:k141_125252_3 (length 393)
P002_WH03/P002_WH03:k141_125252_4 (length 191)
P002_WH03/P002_WH03:k141_125252_5 (length 135)
P002_WH03/P002_WH03:k141_125252_6 (length 167)
P002_WH03/P002_WH03:k141_125252_7 (length 176)
P002_WH03/P002_WH03:k141_125252_8 (length 101)
P002_WH03/P002_WH03:k141_125252_9 (length 81)
P002_WH03/P002_WH03:k141_125252_10 (length 62)
P002_WH03/P002_WH03:k141_125252_11 (length 449)
P002_WH03/P002_WH03:k141_125252_12 (length 245)
P002_WH03/P002_WH03:k141_125252_13 (length 99)
P002_WH03/P002_WH03:k141_125252_14 (length 748)

DiscRep_ALL:DISC_INCONSISTENT_MOLINFO_TECH::Molinfo Technique Report (some missing, all same)
DiscRep_SUB:DISC_INCONSISTENT_MOLINFO_TECH::technique (all missing)
DiscRep_SUB:DISC_INCONSISTENT_MOLINFO_TECH::4 Molinfos are missing field technique
P002_WH03/P002_WH03:k141_28566 (length 26106)
P002_WH03/P002_WH03:k141_50862 (length 26500)
P002_WH03/P002_WH03:k141_105036 (length 50630)
P002_WH03/P002_WH03:k141_125252 (length 17359)

