Discrepancy Report Results

Summary
FATAL: MISSING_PROTEIN_ID:99 proteins have invalid IDs.
DISC_SOURCE_QUALS_ASNDISC:strain (all present, all same)
DISC_SOURCE_QUALS_ASNDISC:taxname (all present, all same)
DISC_FEATURE_COUNT:CDS: 99 present
DISC_FEATURE_COUNT:tRNA: 23 present
DISC_FEATURE_COUNT:rRNA: 2 present
DISC_COUNT_NUCLEOTIDES:2 nucleotide Bioseqs are present
FEATURE_LOCATION_CONFLICT:124 features have inconsistent gene locations.
SUSPECT_PRODUCT_NAMES:2 product_names contain suspect phrase or characters
	May contain database identifier more appropriate in note; remove from product name
		2 features contains three or more numbers together that may be identifiers more appropriate in note
DISC_QUALITY_SCORES:Quality scores are missing on all sequences.
ONCALLER_COMMENT_PRESENT:2 comment descriptors were found (all same)
SHORT_PROT_SEQUENCES:12 protein sequences are shorter than 50 aa.
MISSING_GENOMEASSEMBLY_COMMENTS:2 bioseqs are missing GenomeAssembly structured comments
MOLTYPE_NOT_MRNA:2 molecule types are not set as mRNA.
TECHNIQUE_NOT_TSA:2 technique are not set as TSA
MISSING_STRUCTURED_COMMENT:2 sequences do not include structured comments.
MISSING_PROJECT:101 sequences do not include project.
DISC_INCONSISTENT_MOLINFO_TECH:Molinfo Technique Report (some missing, all same)


Detailed Report

FATAL: DiscRep_ALL:MISSING_PROTEIN_ID::99 proteins have invalid IDs.
P001_WG10/P001_WG10:k141_57258_1 (length 200)
P001_WG10/P001_WG10:k141_57258_2 (length 112)
P001_WG10/P001_WG10:k141_57258_3 (length 93)
P001_WG10/P001_WG10:k141_57258_4 (length 2281)
P001_WG10/P001_WG10:k141_57258_5 (length 64)
P001_WG10/P001_WG10:k141_57258_6 (length 260)
P001_WG10/P001_WG10:k141_57258_7 (length 62)
P001_WG10/P001_WG10:k141_57258_8 (length 264)
P001_WG10/P001_WG10:k141_57258_9 (length 155)
P001_WG10/P001_WG10:k141_57258_10 (length 94)
P001_WG10/P001_WG10:k141_57258_11 (length 67)
P001_WG10/P001_WG10:k141_57258_12 (length 78)
P001_WG10/P001_WG10:k141_57258_13 (length 37)
P001_WG10/P001_WG10:k141_57258_14 (length 82)
P001_WG10/P001_WG10:k141_57258_15 (length 63)
P001_WG10/P001_WG10:k141_57258_16 (length 157)
P001_WG10/P001_WG10:k141_57258_17 (length 737)
P001_WG10/P001_WG10:k141_57258_18 (length 66)
P001_WG10/P001_WG10:k141_57258_19 (length 322)
P001_WG10/P001_WG10:k141_57258_20 (length 506)
P001_WG10/P001_WG10:k141_57258_21 (length 81)
P001_WG10/P001_WG10:k141_57258_22 (length 101)
P001_WG10/P001_WG10:k141_57258_23 (length 176)
P001_WG10/P001_WG10:k141_57258_24 (length 166)
P001_WG10/P001_WG10:k141_57258_25 (length 156)
P001_WG10/P001_WG10:k141_57258_26 (length 188)
P001_WG10/P001_WG10:k141_57258_27 (length 411)
P001_WG10/P001_WG10:k141_57258_28 (length 92)
P001_WG10/P001_WG10:k141_57258_29 (length 1566)
P001_WG10/P001_WG10:k141_56332_1 (length 92)
P001_WG10/P001_WG10:k141_56332_2 (length 157)
P001_WG10/P001_WG10:k141_56332_3 (length 218)
P001_WG10/P001_WG10:k141_56332_4 (length 119)
P001_WG10/P001_WG10:k141_56332_5 (length 122)
P001_WG10/P001_WG10:k141_56332_6 (length 134)
P001_WG10/P001_WG10:k141_56332_7 (length 77)
P001_WG10/P001_WG10:k141_56332_8 (length 72)
P001_WG10/P001_WG10:k141_56332_9 (length 136)
P001_WG10/P001_WG10:k141_56332_10 (length 335)
P001_WG10/P001_WG10:k141_56332_11 (length 174)
P001_WG10/P001_WG10:k141_56332_12 (length 168)
P001_WG10/P001_WG10:k141_56332_13 (length 73)
P001_WG10/P001_WG10:k141_56332_14 (length 43)
P001_WG10/P001_WG10:k141_56332_15 (length 508)
P001_WG10/P001_WG10:k141_56332_16 (length 104)
P001_WG10/P001_WG10:k141_56332_17 (length 73)
P001_WG10/P001_WG10:k141_56332_18 (length 126)
P001_WG10/P001_WG10:k141_56332_19 (length 61)
P001_WG10/P001_WG10:k141_56332_20 (length 44)
P001_WG10/P001_WG10:k141_56332_21 (length 83)
P001_WG10/P001_WG10:k141_56332_22 (length 39)
P001_WG10/P001_WG10:k141_56332_23 (length 40)
P001_WG10/P001_WG10:k141_56332_24 (length 320)
P001_WG10/P001_WG10:k141_56332_25 (length 229)
P001_WG10/P001_WG10:k141_56332_26 (length 216)
P001_WG10/P001_WG10:k141_56332_27 (length 349)
P001_WG10/P001_WG10:k141_56332_28 (length 482)
P001_WG10/P001_WG10:k141_56332_29 (length 496)
P001_WG10/P001_WG10:k141_56332_30 (length 133)
P001_WG10/P001_WG10:k141_56332_31 (length 65)
P001_WG10/P001_WG10:k141_56332_32 (length 118)
P001_WG10/P001_WG10:k141_56332_33 (length 120)
P001_WG10/P001_WG10:k141_56332_34 (length 225)
P001_WG10/P001_WG10:k141_56332_35 (length 158)
P001_WG10/P001_WG10:k141_56332_36 (length 48)
P001_WG10/P001_WG10:k141_56332_37 (length 71)
P001_WG10/P001_WG10:k141_56332_38 (length 201)
P001_WG10/P001_WG10:k141_56332_39 (length 80)
P001_WG10/P001_WG10:k141_56332_40 (length 82)
P001_WG10/P001_WG10:k141_56332_41 (length 83)
P001_WG10/P001_WG10:k141_56332_42 (length 750)
P001_WG10/P001_WG10:k141_56332_43 (length 734)
P001_WG10/P001_WG10:k141_56332_44 (length 109)
P001_WG10/P001_WG10:k141_56332_45 (length 62)
P001_WG10/P001_WG10:k141_56332_46 (length 73)
P001_WG10/P001_WG10:k141_56332_47 (length 461)
P001_WG10/P001_WG10:k141_56332_48 (length 353)
P001_WG10/P001_WG10:k141_56332_49 (length 79)
P001_WG10/P001_WG10:k141_56332_50 (length 51)
P001_WG10/P001_WG10:k141_56332_51 (length 508)
P001_WG10/P001_WG10:k141_56332_52 (length 124)
P001_WG10/P001_WG10:k141_56332_53 (length 56)
P001_WG10/P001_WG10:k141_56332_54 (length 81)
P001_WG10/P001_WG10:k141_56332_55 (length 46)
P001_WG10/P001_WG10:k141_56332_56 (length 247)
P001_WG10/P001_WG10:k141_56332_57 (length 236)
P001_WG10/P001_WG10:k141_56332_58 (length 1377)
P001_WG10/P001_WG10:k141_56332_59 (length 498)
P001_WG10/P001_WG10:k141_56332_60 (length 43)
P001_WG10/P001_WG10:k141_56332_61 (length 145)
P001_WG10/P001_WG10:k141_56332_62 (length 1060)
P001_WG10/P001_WG10:k141_56332_63 (length 42)
P001_WG10/P001_WG10:k141_56332_64 (length 34)
P001_WG10/P001_WG10:k141_56332_65 (length 36)
P001_WG10/P001_WG10:k141_56332_66 (length 62)
P001_WG10/P001_WG10:k141_56332_67 (length 55)
P001_WG10/P001_WG10:k141_56332_68 (length 34)
P001_WG10/P001_WG10:k141_56332_69 (length 506)
P001_WG10/P001_WG10:k141_56332_70 (length 317)

DiscRep_ALL:DISC_SOURCE_QUALS_ASNDISC::strain (all present, all same)
DiscRep_SUB:DISC_SOURCE_QUALS_ASNDISC::2 sources have 'strain' for strain
DiscRep_ALL:DISC_SOURCE_QUALS_ASNDISC::taxname (all present, all same)
DiscRep_SUB:DISC_SOURCE_QUALS_ASNDISC::2 sources have 'Genus species' for taxname
DiscRep_ALL:DISC_FEATURE_COUNT::CDS: 99 present
DiscRep_ALL:DISC_FEATURE_COUNT::tRNA: 23 present
DiscRep_ALL:DISC_FEATURE_COUNT::rRNA: 2 present
DiscRep_ALL:DISC_COUNT_NUCLEOTIDES::2 nucleotide Bioseqs are present
P001_WG10/P001_WG10:k141_57258 (length 42988)
P001_WG10/P001_WG10:k141_56332 (length 84083)

DiscRep_ALL:FEATURE_LOCATION_CONFLICT::124 features have inconsistent gene locations.
DiscRep_SUB:FEATURE_LOCATION_CONFLICT::Coding region xref gene does not exist
P001_WG10/P001_WG10:CDS	hypothetical protein	k141_57258:217-819	P001_WG10_00001

DiscRep_SUB:FEATURE_LOCATION_CONFLICT::Coding region xref gene does not exist
P001_WG10/P001_WG10:CDS	ribosomal protein L2	k141_57258:c1552-1214	P001_WG10_00002

DiscRep_SUB:FEATURE_LOCATION_CONFLICT::Coding region xref gene does not exist
P001_WG10/P001_WG10:CDS	ribosomal protein L23	k141_57258:c1915-1634	P001_WG10_00003

DiscRep_SUB:FEATURE_LOCATION_CONFLICT::Coding region xref gene does not exist
P001_WG10/P001_WG10:CDS	hypothetical protein	k141_57258:2266-9111	P001_WG10_00005

DiscRep_SUB:FEATURE_LOCATION_CONFLICT::Coding region xref gene does not exist
P001_WG10/P001_WG10:CDS	hypothetical protein	k141_57258:c9936-9742	P001_WG10_00007

DiscRep_SUB:FEATURE_LOCATION_CONFLICT::Coding region xref gene does not exist
P001_WG10/P001_WG10:CDS	NADH-plastoquinone oxidoreductase subunit 2	k141_57258:c10954-10172	P001_WG10_00008

DiscRep_SUB:FEATURE_LOCATION_CONFLICT::Coding region xref gene does not exist
P001_WG10/P001_WG10:CDS	hypothetical protein	k141_57258:c11528-11340	P001_WG10_00009

DiscRep_SUB:FEATURE_LOCATION_CONFLICT::Coding region xref gene does not exist
P001_WG10/P001_WG10:CDS	NADH-plastoquinone oxidoreductase subunit 2	k141_57258:c12373-11579	P001_WG10_00010

DiscRep_SUB:FEATURE_LOCATION_CONFLICT::Coding region xref gene does not exist
P001_WG10/P001_WG10:CDS	ribosomal protein S7	k141_57258:c13130-12663	P001_WG10_00011

DiscRep_SUB:FEATURE_LOCATION_CONFLICT::Coding region xref gene does not exist
P001_WG10/P001_WG10:CDS	hypothetical protein	k141_57258:c17560-17276	P001_WG10_00014

DiscRep_SUB:FEATURE_LOCATION_CONFLICT::Coding region xref gene does not exist
P001_WG10/P001_WG10:CDS	hypothetical protein	k141_57258:17807-18010	P001_WG10_00015

DiscRep_SUB:FEATURE_LOCATION_CONFLICT::Coding region xref gene does not exist
P001_WG10/P001_WG10:CDS	hypothetical protein	k141_57258:17982-18218	P001_WG10_00016

DiscRep_SUB:FEATURE_LOCATION_CONFLICT::Coding region xref gene does not exist
P001_WG10/P001_WG10:CDS	hypothetical protein	k141_57258:18488-18601	P001_WG10_00017

DiscRep_SUB:FEATURE_LOCATION_CONFLICT::Coding region xref gene does not exist
P001_WG10/P001_WG10:CDS	hypothetical protein	k141_57258:18580-18828	P001_WG10_00018

DiscRep_SUB:FEATURE_LOCATION_CONFLICT::Coding region xref gene does not exist
P001_WG10/P001_WG10:CDS	hypothetical protein	k141_57258:23153-23344	P001_WG10_00021

DiscRep_SUB:FEATURE_LOCATION_CONFLICT::Coding region xref gene does not exist
P001_WG10/P001_WG10:CDS	hypothetical protein	k141_57258:23944-24417	P001_WG10_00023

DiscRep_SUB:FEATURE_LOCATION_CONFLICT::Coding region xref gene does not exist
P001_WG10/P001_WG10:CDS	NADH-plastoquinone oxidoreductase subunit 5	k141_57258:c26610-24397	P001_WG10_00024

DiscRep_SUB:FEATURE_LOCATION_CONFLICT::Coding region xref gene does not exist
P001_WG10/P001_WG10:CDS	hypothetical protein	k141_57258:27647-27847	P001_WG10_00025

DiscRep_SUB:FEATURE_LOCATION_CONFLICT::Coding region xref gene does not exist
P001_WG10/P001_WG10:CDS	cytochrome c heme attachment protein	k141_57258:28910-29878	P001_WG10_00027

DiscRep_SUB:FEATURE_LOCATION_CONFLICT::Coding region xref gene does not exist
P001_WG10/P001_WG10:CDS	NADH-plastoquinone oxidoreductase subunit 4	k141_57258:c31650-30130	P001_WG10_00028

DiscRep_SUB:FEATURE_LOCATION_CONFLICT::Coding region xref gene does not exist
P001_WG10/P001_WG10:CDS	photosystem I subunit VII	k141_57258:c31993-31748	P001_WG10_00029

DiscRep_SUB:FEATURE_LOCATION_CONFLICT::Coding region xref gene does not exist
P001_WG10/P001_WG10:CDS	NADH-plastoquinone oxidoreductase subunit 4L	k141_57258:c32535-32230	P001_WG10_00030

DiscRep_SUB:FEATURE_LOCATION_CONFLICT::Coding region xref gene does not exist
P001_WG10/P001_WG10:CDS	NADH-plastoquinone oxidoreductase subunit 6	k141_57258:c33283-32753	P001_WG10_00031

DiscRep_SUB:FEATURE_LOCATION_CONFLICT::Coding region xref gene does not exist
P001_WG10/P001_WG10:CDS	NADH-plastoquinone oxidoreductase subunit I	k141_57258:c34075-33575	P001_WG10_00032

DiscRep_SUB:FEATURE_LOCATION_CONFLICT::Coding region xref gene does not exist
P001_WG10/P001_WG10:CDS	NADH-plastoquinone oxidoreductase subunit 1	k141_57258:c34619-34149	P001_WG10_00033

DiscRep_SUB:FEATURE_LOCATION_CONFLICT::Coding region xref gene does not exist
P001_WG10/P001_WG10:CDS	NADH-plastoquinone oxidoreductase subunit 1	k141_57258:c36294-35728	P001_WG10_00034

DiscRep_SUB:FEATURE_LOCATION_CONFLICT::Coding region xref gene does not exist
P001_WG10/P001_WG10:CDS	NADH-plastoquinone oxidoreductase subunit 7	k141_57258:c37531-36296	P001_WG10_00035

DiscRep_SUB:FEATURE_LOCATION_CONFLICT::Coding region xref gene does not exist
P001_WG10/P001_WG10:CDS	ribosomal protein S15	k141_57258:c37846-37568	P001_WG10_00036

DiscRep_SUB:FEATURE_LOCATION_CONFLICT::Coding region xref gene does not exist
P001_WG10/P001_WG10:CDS	hypothetical protein	k141_57258:c42941-38241	P001_WG10_00037

DiscRep_SUB:FEATURE_LOCATION_CONFLICT::RNA feature xref gene does not exist
P001_WG10/P001_WG10:tRNA	Met	k141_57258:c2154-2080	P001_WG10_00004

DiscRep_SUB:FEATURE_LOCATION_CONFLICT::RNA feature xref gene does not exist
P001_WG10/P001_WG10:tRNA	Leu	k141_57258:c9601-9519	P001_WG10_00006

DiscRep_SUB:FEATURE_LOCATION_CONFLICT::RNA feature xref gene does not exist
P001_WG10/P001_WG10:tRNA	Val	k141_57258:15342-15413	P001_WG10_00012

DiscRep_SUB:FEATURE_LOCATION_CONFLICT::RNA feature xref gene does not exist
P001_WG10/P001_WG10:rRNA	16S ribosomal RNA	k141_57258:15645-17131	P001_WG10_00013

DiscRep_SUB:FEATURE_LOCATION_CONFLICT::RNA feature xref gene does not exist
P001_WG10/P001_WG10:rRNA	23S ribosomal RNA	k141_57258:19377-22387	P001_WG10_00019

DiscRep_SUB:FEATURE_LOCATION_CONFLICT::RNA feature xref gene does not exist
P001_WG10/P001_WG10:tRNA	Arg	k141_57258:23005-23079	P001_WG10_00020

DiscRep_SUB:FEATURE_LOCATION_CONFLICT::RNA feature xref gene does not exist
P001_WG10/P001_WG10:tRNA	Asn	k141_57258:c23617-23544	P001_WG10_00022

DiscRep_SUB:FEATURE_LOCATION_CONFLICT::RNA feature xref gene does not exist
P001_WG10/P001_WG10:tRNA	Leu	k141_57258:28716-28795	P001_WG10_00026

DiscRep_SUB:FEATURE_LOCATION_CONFLICT::Coding region xref gene does not exist
P001_WG10/P001_WG10:CDS	ribosomal protein S19	k141_56332:75-353	P001_WG10_00038

DiscRep_SUB:FEATURE_LOCATION_CONFLICT::Coding region xref gene does not exist
P001_WG10/P001_WG10:CDS	ribosomal protein L22	k141_56332:439-912	P001_WG10_00039

DiscRep_SUB:FEATURE_LOCATION_CONFLICT::Coding region xref gene does not exist
P001_WG10/P001_WG10:CDS	ribosomal protein S3	k141_56332:897-1553	P001_WG10_00040

DiscRep_SUB:FEATURE_LOCATION_CONFLICT::Coding region xref gene does not exist
P001_WG10/P001_WG10:CDS	ribosomal protein L16	k141_56332:2819-3178	P001_WG10_00041

DiscRep_SUB:FEATURE_LOCATION_CONFLICT::Coding region xref gene does not exist
P001_WG10/P001_WG10:CDS	ribosomal protein L14	k141_56332:3294-3662	P001_WG10_00042

DiscRep_SUB:FEATURE_LOCATION_CONFLICT::Coding region xref gene does not exist
P001_WG10/P001_WG10:CDS	ribosomal protein S8	k141_56332:3858-4262	P001_WG10_00043

DiscRep_SUB:FEATURE_LOCATION_CONFLICT::Coding region xref gene does not exist
P001_WG10/P001_WG10:CDS	translational initiation factor 1	k141_56332:4384-4617	P001_WG10_00044

DiscRep_SUB:FEATURE_LOCATION_CONFLICT::Coding region xref gene does not exist
P001_WG10/P001_WG10:CDS	hypothetical protein	k141_56332:c4906-4688	P001_WG10_00045

DiscRep_SUB:FEATURE_LOCATION_CONFLICT::Coding region xref gene does not exist
P001_WG10/P001_WG10:CDS	ribosomal protein S11	k141_56332:4958-5368	P001_WG10_00046

DiscRep_SUB:FEATURE_LOCATION_CONFLICT::Coding region xref gene does not exist
P001_WG10/P001_WG10:CDS	DNA-directed RNA polymerase subunit alpha	k141_56332:5463-6470	P001_WG10_00047

DiscRep_SUB:FEATURE_LOCATION_CONFLICT::Coding region xref gene does not exist
P001_WG10/P001_WG10:CDS	cytochrome b6/f complex subunit IV	k141_56332:c7189-6665	P001_WG10_00048

DiscRep_SUB:FEATURE_LOCATION_CONFLICT::Coding region xref gene does not exist
P001_WG10/P001_WG10:CDS	cytochrome b6	k141_56332:c8574-8068	P001_WG10_00049

DiscRep_SUB:FEATURE_LOCATION_CONFLICT::Coding region xref gene does not exist
P001_WG10/P001_WG10:CDS	photosystem II phosphoprotein	k141_56332:c9824-9603	P001_WG10_00050

DiscRep_SUB:FEATURE_LOCATION_CONFLICT::Coding region xref gene does not exist
P001_WG10/P001_WG10:CDS	photosystem II protein N	k141_56332:9927-10058	P001_WG10_00051

DiscRep_SUB:FEATURE_LOCATION_CONFLICT::Coding region xref gene does not exist
P001_WG10/P001_WG10:CDS	photosystem II CP47 chlorophyll apoprotein	k141_56332:c11953-10427	P001_WG10_00052

DiscRep_SUB:FEATURE_LOCATION_CONFLICT::Coding region xref gene does not exist
P001_WG10/P001_WG10:CDS	ATP-dependent Clp protease proteolytic subunit	k141_56332:13258-13572	P001_WG10_00053

DiscRep_SUB:FEATURE_LOCATION_CONFLICT::Coding region xref gene does not exist
P001_WG10/P001_WG10:CDS	ATP-dependent Clp protease proteolytic subunit	k141_56332:14189-14410	P001_WG10_00054

DiscRep_SUB:FEATURE_LOCATION_CONFLICT::Coding region xref gene does not exist
P001_WG10/P001_WG10:CDS	ribosomal protein L20	k141_56332:15426-15806	P001_WG10_00055

DiscRep_SUB:FEATURE_LOCATION_CONFLICT::Coding region xref gene does not exist
P001_WG10/P001_WG10:CDS	hypothetical protein	k141_56332:16089-16274	P001_WG10_00056

DiscRep_SUB:FEATURE_LOCATION_CONFLICT::Coding region xref gene does not exist
P001_WG10/P001_WG10:CDS	photosystem I subunit IX	k141_56332:c17319-17185	P001_WG10_00057

DiscRep_SUB:FEATURE_LOCATION_CONFLICT::Coding region xref gene does not exist
P001_WG10/P001_WG10:CDS	photosystem II cytochrome b559 alpha subunit	k141_56332:19737-19988	P001_WG10_00060

DiscRep_SUB:FEATURE_LOCATION_CONFLICT::Coding region xref gene does not exist
P001_WG10/P001_WG10:CDS	photosystem II cytochrome b559 beta subunit	k141_56332:19998-20117	P001_WG10_00061

DiscRep_SUB:FEATURE_LOCATION_CONFLICT::Coding region xref gene does not exist
P001_WG10/P001_WG10:CDS	photosystem II protein J	k141_56332:20405-20527	P001_WG10_00062

DiscRep_SUB:FEATURE_LOCATION_CONFLICT::Coding region xref gene does not exist
P001_WG10/P001_WG10:CDS	cytochrome f	k141_56332:c22272-21310	P001_WG10_00063

DiscRep_SUB:FEATURE_LOCATION_CONFLICT::Coding region xref gene does not exist
P001_WG10/P001_WG10:CDS	envelope membrane protein	k141_56332:c23193-22504	P001_WG10_00064

DiscRep_SUB:FEATURE_LOCATION_CONFLICT::Coding region xref gene does not exist
P001_WG10/P001_WG10:CDS	photosystem I assembly protein Ycf4	k141_56332:c24636-23986	P001_WG10_00065

DiscRep_SUB:FEATURE_LOCATION_CONFLICT::Coding region xref gene does not exist
P001_WG10/P001_WG10:CDS	Acetyl-coenzyme A carboxylase carboxyl transferase subunit beta, chloroplastic	k141_56332:c27004-25955	P001_WG10_00066

DiscRep_SUB:FEATURE_LOCATION_CONFLICT::Coding region xref gene does not exist
P001_WG10/P001_WG10:CDS	ribulose-1,5-bisphosphate carboxylase/oxygenase large subunit	k141_56332:c29043-27595	P001_WG10_00067

DiscRep_SUB:FEATURE_LOCATION_CONFLICT::Coding region xref gene does not exist
P001_WG10/P001_WG10:CDS	ATP synthase CF1 beta subunit	k141_56332:29795-31285	P001_WG10_00068

DiscRep_SUB:FEATURE_LOCATION_CONFLICT::Coding region xref gene does not exist
P001_WG10/P001_WG10:CDS	ATP synthase CF1 epsilon subunit	k141_56332:31282-31683	P001_WG10_00069

DiscRep_SUB:FEATURE_LOCATION_CONFLICT::Coding region xref gene does not exist
P001_WG10/P001_WG10:CDS	hypothetical protein	k141_56332:c32378-32181	P001_WG10_00071

DiscRep_SUB:FEATURE_LOCATION_CONFLICT::Coding region xref gene does not exist
P001_WG10/P001_WG10:CDS	hypothetical protein	k141_56332:33015-33371	P001_WG10_00072

DiscRep_SUB:FEATURE_LOCATION_CONFLICT::Coding region xref gene does not exist
P001_WG10/P001_WG10:CDS	NADH-plastoquinone oxidoreductase subunit 3	k141_56332:34013-34375	P001_WG10_00073

DiscRep_SUB:FEATURE_LOCATION_CONFLICT::Coding region xref gene does not exist
P001_WG10/P001_WG10:CDS	NADH-plastoquinone oxidoreductase subunit K	k141_56332:34427-35104	P001_WG10_00074

DiscRep_SUB:FEATURE_LOCATION_CONFLICT::Coding region xref gene does not exist
P001_WG10/P001_WG10:CDS	NADH-plastoquinone oxidoreductase subunit J	k141_56332:35208-35684	P001_WG10_00075

DiscRep_SUB:FEATURE_LOCATION_CONFLICT::Coding region xref gene does not exist
P001_WG10/P001_WG10:CDS	hypothetical protein	k141_56332:35974-36120	P001_WG10_00076

DiscRep_SUB:FEATURE_LOCATION_CONFLICT::Coding region xref gene does not exist
P001_WG10/P001_WG10:CDS	hypothetical protein	k141_56332:c37245-37030	P001_WG10_00078

DiscRep_SUB:FEATURE_LOCATION_CONFLICT::Coding region xref gene does not exist
P001_WG10/P001_WG10:CDS	ribosomal protein S4	k141_56332:38312-38917	P001_WG10_00080

DiscRep_SUB:FEATURE_LOCATION_CONFLICT::Coding region xref gene does not exist
P001_WG10/P001_WG10:CDS	hypothetical protein	k141_56332:c40760-40518	P001_WG10_00082

DiscRep_SUB:FEATURE_LOCATION_CONFLICT::Coding region xref gene does not exist
P001_WG10/P001_WG10:CDS	putative chloroplast RF34	k141_56332:41059-41307	P001_WG10_00083

DiscRep_SUB:FEATURE_LOCATION_CONFLICT::Coding region xref gene does not exist
P001_WG10/P001_WG10:CDS	hypothetical protein	k141_56332:41747-41998	P001_WG10_00084

DiscRep_SUB:FEATURE_LOCATION_CONFLICT::Coding region xref gene does not exist
P001_WG10/P001_WG10:CDS	photosystem I P700 apoprotein A1	k141_56332:42901-45153	P001_WG10_00085

DiscRep_SUB:FEATURE_LOCATION_CONFLICT::Coding region xref gene does not exist
P001_WG10/P001_WG10:CDS	photosystem I P700 apoprotein A2	k141_56332:45179-47383	P001_WG10_00086

DiscRep_SUB:FEATURE_LOCATION_CONFLICT::Coding region xref gene does not exist
P001_WG10/P001_WG10:CDS	ribosomal protein S14	k141_56332:47490-47819	P001_WG10_00087

DiscRep_SUB:FEATURE_LOCATION_CONFLICT::Coding region xref gene does not exist
P001_WG10/P001_WG10:CDS	photosystem II protein Z	k141_56332:c48796-48608	P001_WG10_00090

DiscRep_SUB:FEATURE_LOCATION_CONFLICT::Coding region xref gene does not exist
P001_WG10/P001_WG10:CDS	hypothetical protein	k141_56332:48913-49134	P001_WG10_00091

DiscRep_SUB:FEATURE_LOCATION_CONFLICT::Coding region xref gene does not exist
P001_WG10/P001_WG10:CDS	photosystem II CP43 chlorophyll apoprotein	k141_56332:c50841-49456	P001_WG10_00093

DiscRep_SUB:FEATURE_LOCATION_CONFLICT::Coding region xref gene does not exist
P001_WG10/P001_WG10:CDS	photosystem II protein D2	k141_56332:c51886-50825	P001_WG10_00094

DiscRep_SUB:FEATURE_LOCATION_CONFLICT::Coding region xref gene does not exist
P001_WG10/P001_WG10:CDS	hypothetical protein	k141_56332:c52759-52520	P001_WG10_00095

DiscRep_SUB:FEATURE_LOCATION_CONFLICT::Coding region xref gene does not exist
P001_WG10/P001_WG10:CDS	hypothetical protein	k141_56332:53055-53210	P001_WG10_00096

DiscRep_SUB:FEATURE_LOCATION_CONFLICT::Coding region xref gene does not exist
P001_WG10/P001_WG10:CDS	ATP synthase CF1 alpha subunit	k141_56332:c56111-54585	P001_WG10_00098

DiscRep_SUB:FEATURE_LOCATION_CONFLICT::Coding region xref gene does not exist
P001_WG10/P001_WG10:CDS	ATP synthase CF0 subunit I	k141_56332:c56549-56175	P001_WG10_00099

DiscRep_SUB:FEATURE_LOCATION_CONFLICT::Coding region xref gene does not exist
P001_WG10/P001_WG10:CDS	ATP synthase CF0 subunit I	k141_56332:c57440-57270	P001_WG10_00100

DiscRep_SUB:FEATURE_LOCATION_CONFLICT::Coding region xref gene does not exist
P001_WG10/P001_WG10:CDS	ATP synthase CF0 subunit III	k141_56332:c58058-57813	P001_WG10_00101

DiscRep_SUB:FEATURE_LOCATION_CONFLICT::Coding region xref gene does not exist
P001_WG10/P001_WG10:CDS	hypothetical protein	k141_56332:c58590-58450	P001_WG10_00102

DiscRep_SUB:FEATURE_LOCATION_CONFLICT::Coding region xref gene does not exist
P001_WG10/P001_WG10:CDS	ATP synthase CF0 subunit IV	k141_56332:c59931-59188	P001_WG10_00103

DiscRep_SUB:FEATURE_LOCATION_CONFLICT::Coding region xref gene does not exist
P001_WG10/P001_WG10:CDS	ribosomal protein S2	k141_56332:c60857-60147	P001_WG10_00104

DiscRep_SUB:FEATURE_LOCATION_CONFLICT::Coding region xref gene does not exist
P001_WG10/P001_WG10:CDS	RNA polymerase beta'' subunit	k141_56332:c65229-61096	P001_WG10_00105

DiscRep_SUB:FEATURE_LOCATION_CONFLICT::Coding region xref gene does not exist
P001_WG10/P001_WG10:CDS	RNA polymerase beta' subunit	k141_56332:c66839-65343	P001_WG10_00106

DiscRep_SUB:FEATURE_LOCATION_CONFLICT::Coding region xref gene does not exist
P001_WG10/P001_WG10:CDS	hypothetical protein	k141_56332:67212-67343	P001_WG10_00107

DiscRep_SUB:FEATURE_LOCATION_CONFLICT::Coding region xref gene does not exist
P001_WG10/P001_WG10:CDS	RNA polymerase beta' subunit	k141_56332:c68097-67660	P001_WG10_00108

DiscRep_SUB:FEATURE_LOCATION_CONFLICT::Coding region xref gene does not exist
P001_WG10/P001_WG10:CDS	RNA polymerase beta subunit	k141_56332:c71306-68124	P001_WG10_00109

DiscRep_SUB:FEATURE_LOCATION_CONFLICT::Coding region xref gene does not exist
P001_WG10/P001_WG10:CDS	hypothetical protein	k141_56332:c72270-72142	P001_WG10_00110

DiscRep_SUB:FEATURE_LOCATION_CONFLICT::Coding region xref gene does not exist
P001_WG10/P001_WG10:CDS	photosystem II protein M	k141_56332:73375-73479	P001_WG10_00114

DiscRep_SUB:FEATURE_LOCATION_CONFLICT::Coding region xref gene does not exist
P001_WG10/P001_WG10:CDS	Photosystem II reaction center protein I	k141_56332:c75657-75547	P001_WG10_00117

DiscRep_SUB:FEATURE_LOCATION_CONFLICT::Coding region xref gene does not exist
P001_WG10/P001_WG10:CDS	photosystem II protein K	k141_56332:c76251-76063	P001_WG10_00118

DiscRep_SUB:FEATURE_LOCATION_CONFLICT::Coding region xref gene does not exist
P001_WG10/P001_WG10:CDS	hypothetical protein	k141_56332:77298-77465	P001_WG10_00120

DiscRep_SUB:FEATURE_LOCATION_CONFLICT::Coding region xref gene does not exist
P001_WG10/P001_WG10:CDS	hypothetical protein	k141_56332:c79229-79125	P001_WG10_00121

DiscRep_SUB:FEATURE_LOCATION_CONFLICT::Coding region xref gene does not exist
P001_WG10/P001_WG10:CDS	maturase K	k141_56332:80340-81860	P001_WG10_00122

DiscRep_SUB:FEATURE_LOCATION_CONFLICT::Coding region xref gene does not exist
P001_WG10/P001_WG10:CDS	photosystem II protein D1	k141_56332:82523-83476	P001_WG10_00123

DiscRep_SUB:FEATURE_LOCATION_CONFLICT::RNA feature xref gene does not exist
P001_WG10/P001_WG10:tRNA	Pro	k141_56332:17629-17704	P001_WG10_00058

DiscRep_SUB:FEATURE_LOCATION_CONFLICT::RNA feature xref gene does not exist
P001_WG10/P001_WG10:tRNA	Trp	k141_56332:17883-17956	P001_WG10_00059

DiscRep_SUB:FEATURE_LOCATION_CONFLICT::RNA feature xref gene does not exist
P001_WG10/P001_WG10:tRNA	Met	k141_56332:c31983-31911	P001_WG10_00070

DiscRep_SUB:FEATURE_LOCATION_CONFLICT::RNA feature xref gene does not exist
P001_WG10/P001_WG10:tRNA	Phe	k141_56332:c36388-36315	P001_WG10_00077

DiscRep_SUB:FEATURE_LOCATION_CONFLICT::RNA feature xref gene does not exist
P001_WG10/P001_WG10:tRNA	Thr	k141_56332:37894-37968	P001_WG10_00079

DiscRep_SUB:FEATURE_LOCATION_CONFLICT::RNA feature xref gene does not exist
P001_WG10/P001_WG10:tRNA	Ser	k141_56332:c39321-39235	P001_WG10_00081

DiscRep_SUB:FEATURE_LOCATION_CONFLICT::RNA feature xref gene does not exist
P001_WG10/P001_WG10:tRNA	Met	k141_56332:47974-48047	P001_WG10_00088

DiscRep_SUB:FEATURE_LOCATION_CONFLICT::RNA feature xref gene does not exist
P001_WG10/P001_WG10:tRNA	Gly	k141_56332:c48290-48219	P001_WG10_00089

DiscRep_SUB:FEATURE_LOCATION_CONFLICT::RNA feature xref gene does not exist
P001_WG10/P001_WG10:tRNA	Ser	k141_56332:49146-49228	P001_WG10_00092

DiscRep_SUB:FEATURE_LOCATION_CONFLICT::RNA feature xref gene does not exist
P001_WG10/P001_WG10:tRNA	Arg	k141_56332:54387-54458	P001_WG10_00097

DiscRep_SUB:FEATURE_LOCATION_CONFLICT::RNA feature xref gene does not exist
P001_WG10/P001_WG10:tRNA	Glu	k141_56332:72274-72347	P001_WG10_00111

DiscRep_SUB:FEATURE_LOCATION_CONFLICT::RNA feature xref gene does not exist
P001_WG10/P001_WG10:tRNA	Tyr	k141_56332:72449-72535	P001_WG10_00112

DiscRep_SUB:FEATURE_LOCATION_CONFLICT::RNA feature xref gene does not exist
P001_WG10/P001_WG10:tRNA	Asp	k141_56332:72646-72722	P001_WG10_00113

DiscRep_SUB:FEATURE_LOCATION_CONFLICT::RNA feature xref gene does not exist
P001_WG10/P001_WG10:tRNA	Cys	k141_56332:c74811-74740	P001_WG10_00115

DiscRep_SUB:FEATURE_LOCATION_CONFLICT::RNA feature xref gene does not exist
P001_WG10/P001_WG10:tRNA	Ser	k141_56332:75325-75412	P001_WG10_00116

DiscRep_SUB:FEATURE_LOCATION_CONFLICT::RNA feature xref gene does not exist
P001_WG10/P001_WG10:tRNA	Gln	k141_56332:76607-76678	P001_WG10_00119

DiscRep_SUB:FEATURE_LOCATION_CONFLICT::RNA feature xref gene does not exist
P001_WG10/P001_WG10:tRNA	His	k141_56332:83864-83938	P001_WG10_00124

DiscRep_ALL:SUSPECT_PRODUCT_NAMES::2 product_names contain suspect phrase or characters
DiscRep_SUB:SUSPECT_PRODUCT_NAMES::May contain database identifier more appropriate in note; remove from product name
DiscRep_SUB:SUSPECT_PRODUCT_NAMES::2 features contains three or more numbers together that may be identifiers more appropriate in note
P001_WG10/P001_WG10:CDS	photosystem I P700 apoprotein A1	k141_56332:42901-45153	P001_WG10_00085
P001_WG10/P001_WG10:CDS	photosystem I P700 apoprotein A2	k141_56332:45179-47383	P001_WG10_00086

DiscRep_ALL:DISC_QUALITY_SCORES::Quality scores are missing on all sequences.

DiscRep_ALL:ONCALLER_COMMENT_PRESENT::2 comment descriptors were found (all same)
P001_WG10/P001_WG10:k141_57258:Annotated using prokka 1.14.5 from https://github.com/tseemann/prokka
P001_WG10/P001_WG10:k141_56332:Annotated using prokka 1.14.5 from https://github.com/tseemann/prokka

DiscRep_ALL:SHORT_PROT_SEQUENCES::12 protein sequences are shorter than 50 aa.
P001_WG10/P001_WG10:k141_57258_13 (length 37)
P001_WG10/P001_WG10:k141_56332_14 (length 43)
P001_WG10/P001_WG10:k141_56332_20 (length 44)
P001_WG10/P001_WG10:k141_56332_22 (length 39)
P001_WG10/P001_WG10:k141_56332_23 (length 40)
P001_WG10/P001_WG10:k141_56332_36 (length 48)
P001_WG10/P001_WG10:k141_56332_55 (length 46)
P001_WG10/P001_WG10:k141_56332_60 (length 43)
P001_WG10/P001_WG10:k141_56332_63 (length 42)
P001_WG10/P001_WG10:k141_56332_64 (length 34)
P001_WG10/P001_WG10:k141_56332_65 (length 36)
P001_WG10/P001_WG10:k141_56332_68 (length 34)

DiscRep_ALL:MISSING_GENOMEASSEMBLY_COMMENTS::2 bioseqs are missing GenomeAssembly structured comments
P001_WG10/P001_WG10:k141_57258 (length 42988)
P001_WG10/P001_WG10:k141_56332 (length 84083)

DiscRep_ALL:MOLTYPE_NOT_MRNA::2 molecule types are not set as mRNA.
P001_WG10/P001_WG10:k141_57258 (length 42988)
P001_WG10/P001_WG10:k141_56332 (length 84083)

DiscRep_ALL:TECHNIQUE_NOT_TSA::2 technique are not set as TSA
P001_WG10/P001_WG10:k141_57258 (length 42988)
P001_WG10/P001_WG10:k141_56332 (length 84083)

DiscRep_ALL:MISSING_STRUCTURED_COMMENT::2 sequences do not include structured comments.
P001_WG10/P001_WG10:k141_57258 (length 42988)
P001_WG10/P001_WG10:k141_56332 (length 84083)

DiscRep_ALL:MISSING_PROJECT::101 sequences do not include project.
P001_WG10/P001_WG10:k141_57258 (length 42988)
P001_WG10/P001_WG10:k141_57258_1 (length 200)
P001_WG10/P001_WG10:k141_57258_2 (length 112)
P001_WG10/P001_WG10:k141_57258_3 (length 93)
P001_WG10/P001_WG10:k141_57258_4 (length 2281)
P001_WG10/P001_WG10:k141_57258_5 (length 64)
P001_WG10/P001_WG10:k141_57258_6 (length 260)
P001_WG10/P001_WG10:k141_57258_7 (length 62)
P001_WG10/P001_WG10:k141_57258_8 (length 264)
P001_WG10/P001_WG10:k141_57258_9 (length 155)
P001_WG10/P001_WG10:k141_57258_10 (length 94)
P001_WG10/P001_WG10:k141_57258_11 (length 67)
P001_WG10/P001_WG10:k141_57258_12 (length 78)
P001_WG10/P001_WG10:k141_57258_13 (length 37)
P001_WG10/P001_WG10:k141_57258_14 (length 82)
P001_WG10/P001_WG10:k141_57258_15 (length 63)
P001_WG10/P001_WG10:k141_57258_16 (length 157)
P001_WG10/P001_WG10:k141_57258_17 (length 737)
P001_WG10/P001_WG10:k141_57258_18 (length 66)
P001_WG10/P001_WG10:k141_57258_19 (length 322)
P001_WG10/P001_WG10:k141_57258_20 (length 506)
P001_WG10/P001_WG10:k141_57258_21 (length 81)
P001_WG10/P001_WG10:k141_57258_22 (length 101)
P001_WG10/P001_WG10:k141_57258_23 (length 176)
P001_WG10/P001_WG10:k141_57258_24 (length 166)
P001_WG10/P001_WG10:k141_57258_25 (length 156)
P001_WG10/P001_WG10:k141_57258_26 (length 188)
P001_WG10/P001_WG10:k141_57258_27 (length 411)
P001_WG10/P001_WG10:k141_57258_28 (length 92)
P001_WG10/P001_WG10:k141_57258_29 (length 1566)
P001_WG10/P001_WG10:k141_56332 (length 84083)
P001_WG10/P001_WG10:k141_56332_1 (length 92)
P001_WG10/P001_WG10:k141_56332_2 (length 157)
P001_WG10/P001_WG10:k141_56332_3 (length 218)
P001_WG10/P001_WG10:k141_56332_4 (length 119)
P001_WG10/P001_WG10:k141_56332_5 (length 122)
P001_WG10/P001_WG10:k141_56332_6 (length 134)
P001_WG10/P001_WG10:k141_56332_7 (length 77)
P001_WG10/P001_WG10:k141_56332_8 (length 72)
P001_WG10/P001_WG10:k141_56332_9 (length 136)
P001_WG10/P001_WG10:k141_56332_10 (length 335)
P001_WG10/P001_WG10:k141_56332_11 (length 174)
P001_WG10/P001_WG10:k141_56332_12 (length 168)
P001_WG10/P001_WG10:k141_56332_13 (length 73)
P001_WG10/P001_WG10:k141_56332_14 (length 43)
P001_WG10/P001_WG10:k141_56332_15 (length 508)
P001_WG10/P001_WG10:k141_56332_16 (length 104)
P001_WG10/P001_WG10:k141_56332_17 (length 73)
P001_WG10/P001_WG10:k141_56332_18 (length 126)
P001_WG10/P001_WG10:k141_56332_19 (length 61)
P001_WG10/P001_WG10:k141_56332_20 (length 44)
P001_WG10/P001_WG10:k141_56332_21 (length 83)
P001_WG10/P001_WG10:k141_56332_22 (length 39)
P001_WG10/P001_WG10:k141_56332_23 (length 40)
P001_WG10/P001_WG10:k141_56332_24 (length 320)
P001_WG10/P001_WG10:k141_56332_25 (length 229)
P001_WG10/P001_WG10:k141_56332_26 (length 216)
P001_WG10/P001_WG10:k141_56332_27 (length 349)
P001_WG10/P001_WG10:k141_56332_28 (length 482)
P001_WG10/P001_WG10:k141_56332_29 (length 496)
P001_WG10/P001_WG10:k141_56332_30 (length 133)
P001_WG10/P001_WG10:k141_56332_31 (length 65)
P001_WG10/P001_WG10:k141_56332_32 (length 118)
P001_WG10/P001_WG10:k141_56332_33 (length 120)
P001_WG10/P001_WG10:k141_56332_34 (length 225)
P001_WG10/P001_WG10:k141_56332_35 (length 158)
P001_WG10/P001_WG10:k141_56332_36 (length 48)
P001_WG10/P001_WG10:k141_56332_37 (length 71)
P001_WG10/P001_WG10:k141_56332_38 (length 201)
P001_WG10/P001_WG10:k141_56332_39 (length 80)
P001_WG10/P001_WG10:k141_56332_40 (length 82)
P001_WG10/P001_WG10:k141_56332_41 (length 83)
P001_WG10/P001_WG10:k141_56332_42 (length 750)
P001_WG10/P001_WG10:k141_56332_43 (length 734)
P001_WG10/P001_WG10:k141_56332_44 (length 109)
P001_WG10/P001_WG10:k141_56332_45 (length 62)
P001_WG10/P001_WG10:k141_56332_46 (length 73)
P001_WG10/P001_WG10:k141_56332_47 (length 461)
P001_WG10/P001_WG10:k141_56332_48 (length 353)
P001_WG10/P001_WG10:k141_56332_49 (length 79)
P001_WG10/P001_WG10:k141_56332_50 (length 51)
P001_WG10/P001_WG10:k141_56332_51 (length 508)
P001_WG10/P001_WG10:k141_56332_52 (length 124)
P001_WG10/P001_WG10:k141_56332_53 (length 56)
P001_WG10/P001_WG10:k141_56332_54 (length 81)
P001_WG10/P001_WG10:k141_56332_55 (length 46)
P001_WG10/P001_WG10:k141_56332_56 (length 247)
P001_WG10/P001_WG10:k141_56332_57 (length 236)
P001_WG10/P001_WG10:k141_56332_58 (length 1377)
P001_WG10/P001_WG10:k141_56332_59 (length 498)
P001_WG10/P001_WG10:k141_56332_60 (length 43)
P001_WG10/P001_WG10:k141_56332_61 (length 145)
P001_WG10/P001_WG10:k141_56332_62 (length 1060)
P001_WG10/P001_WG10:k141_56332_63 (length 42)
P001_WG10/P001_WG10:k141_56332_64 (length 34)
P001_WG10/P001_WG10:k141_56332_65 (length 36)
P001_WG10/P001_WG10:k141_56332_66 (length 62)
P001_WG10/P001_WG10:k141_56332_67 (length 55)
P001_WG10/P001_WG10:k141_56332_68 (length 34)
P001_WG10/P001_WG10:k141_56332_69 (length 506)
P001_WG10/P001_WG10:k141_56332_70 (length 317)

DiscRep_ALL:DISC_INCONSISTENT_MOLINFO_TECH::Molinfo Technique Report (some missing, all same)
DiscRep_SUB:DISC_INCONSISTENT_MOLINFO_TECH::technique (all missing)
DiscRep_SUB:DISC_INCONSISTENT_MOLINFO_TECH::2 Molinfos are missing field technique
P001_WG10/P001_WG10:k141_56332 (length 84083)
P001_WG10/P001_WG10:k141_57258 (length 42988)

