Discrepancy Report Results

Summary
FATAL: MISSING_PROTEIN_ID:92 proteins have invalid IDs.
DISC_SOURCE_QUALS_ASNDISC:strain (all present, all same)
DISC_SOURCE_QUALS_ASNDISC:taxname (all present, all same)
DISC_FEATURE_COUNT:CDS: 92 present
DISC_FEATURE_COUNT:tRNA: 24 present
DISC_FEATURE_COUNT:rRNA: 2 present
DISC_COUNT_NUCLEOTIDES:4 nucleotide Bioseqs are present
FEATURE_LOCATION_CONFLICT:118 features have inconsistent gene locations.
SUSPECT_PRODUCT_NAMES:2 product_names contain suspect phrase or characters
	May contain database identifier more appropriate in note; remove from product name
		2 features contains three or more numbers together that may be identifiers more appropriate in note
DISC_QUALITY_SCORES:Quality scores are missing on all sequences.
ONCALLER_COMMENT_PRESENT:4 comment descriptors were found (all same)
SHORT_PROT_SEQUENCES:6 protein sequences are shorter than 50 aa.
MISSING_GENOMEASSEMBLY_COMMENTS:4 bioseqs are missing GenomeAssembly structured comments
MOLTYPE_NOT_MRNA:4 molecule types are not set as mRNA.
TECHNIQUE_NOT_TSA:4 technique are not set as TSA
MISSING_STRUCTURED_COMMENT:4 sequences do not include structured comments.
MISSING_PROJECT:96 sequences do not include project.
DISC_INCONSISTENT_MOLINFO_TECH:Molinfo Technique Report (some missing, all same)


Detailed Report

FATAL: DiscRep_ALL:MISSING_PROTEIN_ID::92 proteins have invalid IDs.
P003_WH03/P003_WH03:k141_57612_1 (length 739)
P003_WH03/P003_WH03:k141_57612_2 (length 326)
P003_WH03/P003_WH03:k141_57612_3 (length 506)
P003_WH03/P003_WH03:k141_57612_4 (length 81)
P003_WH03/P003_WH03:k141_57612_5 (length 100)
P003_WH03/P003_WH03:k141_57612_6 (length 178)
P003_WH03/P003_WH03:k141_57612_7 (length 167)
P003_WH03/P003_WH03:k141_57612_8 (length 156)
P003_WH03/P003_WH03:k141_57612_9 (length 188)
P003_WH03/P003_WH03:k141_57612_10 (length 393)
P003_WH03/P003_WH03:k141_57612_11 (length 88)
P003_WH03/P003_WH03:k141_57612_12 (length 1556)
P003_WH03/P003_WH03:k141_32064_1 (length 129)
P003_WH03/P003_WH03:k141_84994_1 (length 92)
P003_WH03/P003_WH03:k141_84994_2 (length 150)
P003_WH03/P003_WH03:k141_84994_3 (length 222)
P003_WH03/P003_WH03:k141_84994_4 (length 116)
P003_WH03/P003_WH03:k141_84994_5 (length 152)
P003_WH03/P003_WH03:k141_84994_6 (length 134)
P003_WH03/P003_WH03:k141_84994_7 (length 68)
P003_WH03/P003_WH03:k141_84994_8 (length 73)
P003_WH03/P003_WH03:k141_84994_9 (length 138)
P003_WH03/P003_WH03:k141_84994_10 (length 335)
P003_WH03/P003_WH03:k141_84994_11 (length 174)
P003_WH03/P003_WH03:k141_84994_12 (length 162)
P003_WH03/P003_WH03:k141_84994_13 (length 77)
P003_WH03/P003_WH03:k141_84994_14 (length 508)
P003_WH03/P003_WH03:k141_84994_15 (length 78)
P003_WH03/P003_WH03:k141_84994_16 (length 74)
P003_WH03/P003_WH03:k141_84994_17 (length 58)
P003_WH03/P003_WH03:k141_84994_18 (length 73)
P003_WH03/P003_WH03:k141_84994_19 (length 55)
P003_WH03/P003_WH03:k141_84994_20 (length 117)
P003_WH03/P003_WH03:k141_84994_21 (length 101)
P003_WH03/P003_WH03:k141_84994_22 (length 44)
P003_WH03/P003_WH03:k141_84994_23 (length 140)
P003_WH03/P003_WH03:k141_84994_24 (length 39)
P003_WH03/P003_WH03:k141_84994_25 (length 40)
P003_WH03/P003_WH03:k141_84994_26 (length 320)
P003_WH03/P003_WH03:k141_84994_27 (length 226)
P003_WH03/P003_WH03:k141_84994_28 (length 184)
P003_WH03/P003_WH03:k141_84994_29 (length 36)
P003_WH03/P003_WH03:k141_84994_30 (length 498)
P003_WH03/P003_WH03:k141_84994_31 (length 475)
P003_WH03/P003_WH03:k141_84994_32 (length 498)
P003_WH03/P003_WH03:k141_84994_33 (length 133)
P003_WH03/P003_WH03:k141_84994_34 (length 145)
P003_WH03/P003_WH03:k141_84994_35 (length 120)
P003_WH03/P003_WH03:k141_84994_36 (length 227)
P003_WH03/P003_WH03:k141_84994_37 (length 158)
P003_WH03/P003_WH03:k141_84994_38 (length 84)
P003_WH03/P003_WH03:k141_84994_39 (length 61)
P003_WH03/P003_WH03:k141_84994_40 (length 69)
P003_WH03/P003_WH03:k141_84994_41 (length 201)
P003_WH03/P003_WH03:k141_84994_42 (length 82)
P003_WH03/P003_WH03:k141_84994_43 (length 750)
P003_WH03/P003_WH03:k141_84994_44 (length 734)
P003_WH03/P003_WH03:k141_84994_45 (length 100)
P003_WH03/P003_WH03:k141_84994_46 (length 62)
P003_WH03/P003_WH03:k141_84994_47 (length 461)
P003_WH03/P003_WH03:k141_84994_48 (length 353)
P003_WH03/P003_WH03:k141_84994_49 (length 1087)
P003_WH03/P003_WH03:k141_84994_50 (length 152)
P003_WH03/P003_WH03:k141_84994_51 (length 550)
P003_WH03/P003_WH03:k141_84994_52 (length 1387)
P003_WH03/P003_WH03:k141_84994_53 (length 224)
P003_WH03/P003_WH03:k141_84994_54 (length 247)
P003_WH03/P003_WH03:k141_84994_55 (length 81)
P003_WH03/P003_WH03:k141_84994_56 (length 56)
P003_WH03/P003_WH03:k141_84994_57 (length 124)
P003_WH03/P003_WH03:k141_84994_58 (length 507)
P003_WH03/P003_WH03:k141_84994_59 (length 70)
P003_WH03/P003_WH03:k141_84994_60 (length 62)
P003_WH03/P003_WH03:k141_84994_61 (length 49)
P003_WH03/P003_WH03:k141_84994_62 (length 65)
P003_WH03/P003_WH03:k141_84994_63 (length 510)
P003_WH03/P003_WH03:k141_84994_64 (length 353)
P003_WH03/P003_WH03:k141_59846_1 (length 165)
P003_WH03/P003_WH03:k141_59846_2 (length 133)
P003_WH03/P003_WH03:k141_59846_3 (length 93)
P003_WH03/P003_WH03:k141_59846_4 (length 2290)
P003_WH03/P003_WH03:k141_59846_5 (length 82)
P003_WH03/P003_WH03:k141_59846_6 (length 65)
P003_WH03/P003_WH03:k141_59846_7 (length 68)
P003_WH03/P003_WH03:k141_59846_8 (length 260)
P003_WH03/P003_WH03:k141_59846_9 (length 36)
P003_WH03/P003_WH03:k141_59846_10 (length 264)
P003_WH03/P003_WH03:k141_59846_11 (length 155)
P003_WH03/P003_WH03:k141_59846_12 (length 77)
P003_WH03/P003_WH03:k141_59846_13 (length 71)
P003_WH03/P003_WH03:k141_59846_14 (length 82)
P003_WH03/P003_WH03:k141_59846_15 (length 63)

DiscRep_ALL:DISC_SOURCE_QUALS_ASNDISC::strain (all present, all same)
DiscRep_SUB:DISC_SOURCE_QUALS_ASNDISC::4 sources have 'strain' for strain
DiscRep_ALL:DISC_SOURCE_QUALS_ASNDISC::taxname (all present, all same)
DiscRep_SUB:DISC_SOURCE_QUALS_ASNDISC::4 sources have 'Genus species' for taxname
DiscRep_ALL:DISC_FEATURE_COUNT::CDS: 92 present
DiscRep_ALL:DISC_FEATURE_COUNT::tRNA: 24 present
DiscRep_ALL:DISC_FEATURE_COUNT::rRNA: 2 present
DiscRep_ALL:DISC_COUNT_NUCLEOTIDES::4 nucleotide Bioseqs are present
P003_WH03/P003_WH03:k141_57612 (length 18173)
P003_WH03/P003_WH03:k141_32064 (length 1326)
P003_WH03/P003_WH03:k141_84994 (length 85380)
P003_WH03/P003_WH03:k141_59846 (length 25625)

DiscRep_ALL:FEATURE_LOCATION_CONFLICT::118 features have inconsistent gene locations.
DiscRep_SUB:FEATURE_LOCATION_CONFLICT::Coding region xref gene does not exist
P003_WH03/P003_WH03:CDS	NADH-plastoquinone oxidoreductase subunit 5	k141_57612:c2342-123	P003_WH03_00001

DiscRep_SUB:FEATURE_LOCATION_CONFLICT::Coding region xref gene does not exist
P003_WH03/P003_WH03:CDS	cytochrome c heme attachment protein	k141_57612:3978-4958	P003_WH03_00003

DiscRep_SUB:FEATURE_LOCATION_CONFLICT::Coding region xref gene does not exist
P003_WH03/P003_WH03:CDS	NADH-plastoquinone oxidoreductase subunit 4	k141_57612:c6720-5200	P003_WH03_00004

DiscRep_SUB:FEATURE_LOCATION_CONFLICT::Coding region xref gene does not exist
P003_WH03/P003_WH03:CDS	photosystem I subunit VII	k141_57612:c7078-6833	P003_WH03_00005

DiscRep_SUB:FEATURE_LOCATION_CONFLICT::Coding region xref gene does not exist
P003_WH03/P003_WH03:CDS	NADH-plastoquinone oxidoreductase subunit 4L	k141_57612:c7650-7348	P003_WH03_00006

DiscRep_SUB:FEATURE_LOCATION_CONFLICT::Coding region xref gene does not exist
P003_WH03/P003_WH03:CDS	NADH-plastoquinone oxidoreductase subunit 6	k141_57612:c8406-7870	P003_WH03_00007

DiscRep_SUB:FEATURE_LOCATION_CONFLICT::Coding region xref gene does not exist
P003_WH03/P003_WH03:CDS	NADH-plastoquinone oxidoreductase subunit I	k141_57612:c9283-8780	P003_WH03_00008

DiscRep_SUB:FEATURE_LOCATION_CONFLICT::Coding region xref gene does not exist
P003_WH03/P003_WH03:CDS	NADH-plastoquinone oxidoreductase subunit 1	k141_57612:c9836-9366	P003_WH03_00009

DiscRep_SUB:FEATURE_LOCATION_CONFLICT::Coding region xref gene does not exist
P003_WH03/P003_WH03:CDS	NADH-plastoquinone oxidoreductase subunit 1	k141_57612:c11566-11000	P003_WH03_00010

DiscRep_SUB:FEATURE_LOCATION_CONFLICT::Coding region xref gene does not exist
P003_WH03/P003_WH03:CDS	NADH-plastoquinone oxidoreductase subunit 7	k141_57612:c12749-11568	P003_WH03_00011

DiscRep_SUB:FEATURE_LOCATION_CONFLICT::Coding region xref gene does not exist
P003_WH03/P003_WH03:CDS	ribosomal protein S15	k141_57612:c13094-12828	P003_WH03_00012

DiscRep_SUB:FEATURE_LOCATION_CONFLICT::Coding region xref gene does not exist
P003_WH03/P003_WH03:CDS	hypothetical protein	k141_57612:c18138-13468	P003_WH03_00013

DiscRep_SUB:FEATURE_LOCATION_CONFLICT::RNA feature xref gene does not exist
P003_WH03/P003_WH03:tRNA	Leu	k141_57612:3798-3877	P003_WH03_00002

DiscRep_SUB:FEATURE_LOCATION_CONFLICT::Coding region xref gene does not exist
P003_WH03/P003_WH03:CDS	hypothetical protein	k141_32064:c677-288	P003_WH03_00014

DiscRep_SUB:FEATURE_LOCATION_CONFLICT::Coding region xref gene does not exist
P003_WH03/P003_WH03:CDS	ribosomal protein S19	k141_84994:128-406	P003_WH03_00015

DiscRep_SUB:FEATURE_LOCATION_CONFLICT::Coding region xref gene does not exist
P003_WH03/P003_WH03:CDS	ribosomal protein L22	k141_84994:452-904	P003_WH03_00016

DiscRep_SUB:FEATURE_LOCATION_CONFLICT::Coding region xref gene does not exist
P003_WH03/P003_WH03:CDS	ribosomal protein S3	k141_84994:877-1545	P003_WH03_00017

DiscRep_SUB:FEATURE_LOCATION_CONFLICT::Coding region xref gene does not exist
P003_WH03/P003_WH03:CDS	ribosomal protein L16	k141_84994:2761-3111	P003_WH03_00018

DiscRep_SUB:FEATURE_LOCATION_CONFLICT::Coding region xref gene does not exist
P003_WH03/P003_WH03:CDS	ribosomal protein L14	k141_84994:3144-3602	P003_WH03_00019

DiscRep_SUB:FEATURE_LOCATION_CONFLICT::Coding region xref gene does not exist
P003_WH03/P003_WH03:CDS	ribosomal protein S8	k141_84994:3807-4211	P003_WH03_00020

DiscRep_SUB:FEATURE_LOCATION_CONFLICT::Coding region xref gene does not exist
P003_WH03/P003_WH03:CDS	translational initiation factor 1	k141_84994:4336-4542	P003_WH03_00021

DiscRep_SUB:FEATURE_LOCATION_CONFLICT::Coding region xref gene does not exist
P003_WH03/P003_WH03:CDS	hypothetical protein	k141_84994:c4885-4664	P003_WH03_00022

DiscRep_SUB:FEATURE_LOCATION_CONFLICT::Coding region xref gene does not exist
P003_WH03/P003_WH03:CDS	ribosomal protein S11	k141_84994:4905-5321	P003_WH03_00023

DiscRep_SUB:FEATURE_LOCATION_CONFLICT::Coding region xref gene does not exist
P003_WH03/P003_WH03:CDS	DNA-directed RNA polymerase subunit alpha	k141_84994:5383-6390	P003_WH03_00024

DiscRep_SUB:FEATURE_LOCATION_CONFLICT::Coding region xref gene does not exist
P003_WH03/P003_WH03:CDS	cytochrome b6/f complex subunit IV	k141_84994:c7119-6595	P003_WH03_00025

DiscRep_SUB:FEATURE_LOCATION_CONFLICT::Coding region xref gene does not exist
P003_WH03/P003_WH03:CDS	cytochrome b6	k141_84994:c8558-8070	P003_WH03_00026

DiscRep_SUB:FEATURE_LOCATION_CONFLICT::Coding region xref gene does not exist
P003_WH03/P003_WH03:CDS	photosystem II phosphoprotein	k141_84994:c9860-9627	P003_WH03_00027

DiscRep_SUB:FEATURE_LOCATION_CONFLICT::Coding region xref gene does not exist
P003_WH03/P003_WH03:CDS	photosystem II CP47 chlorophyll apoprotein	k141_84994:c11972-10446	P003_WH03_00028

DiscRep_SUB:FEATURE_LOCATION_CONFLICT::Coding region xref gene does not exist
P003_WH03/P003_WH03:CDS	hypothetical protein	k141_84994:c12281-12045	P003_WH03_00029

DiscRep_SUB:FEATURE_LOCATION_CONFLICT::Coding region xref gene does not exist
P003_WH03/P003_WH03:CDS	ATP-dependent Clp protease proteolytic subunit	k141_84994:13438-13662	P003_WH03_00030

DiscRep_SUB:FEATURE_LOCATION_CONFLICT::Coding region xref gene does not exist
P003_WH03/P003_WH03:CDS	hypothetical protein	k141_84994:c14127-13951	P003_WH03_00031

DiscRep_SUB:FEATURE_LOCATION_CONFLICT::Coding region xref gene does not exist
P003_WH03/P003_WH03:CDS	ATP-dependent Clp protease proteolytic subunit	k141_84994:14315-14536	P003_WH03_00032

DiscRep_SUB:FEATURE_LOCATION_CONFLICT::Coding region xref gene does not exist
P003_WH03/P003_WH03:CDS	hypothetical protein	k141_84994:15364-15531	P003_WH03_00033

DiscRep_SUB:FEATURE_LOCATION_CONFLICT::Coding region xref gene does not exist
P003_WH03/P003_WH03:CDS	ribosomal protein L20	k141_84994:15572-15925	P003_WH03_00034

DiscRep_SUB:FEATURE_LOCATION_CONFLICT::Coding region xref gene does not exist
P003_WH03/P003_WH03:CDS	ribosomal protein S18	k141_84994:c16493-16188	P003_WH03_00035

DiscRep_SUB:FEATURE_LOCATION_CONFLICT::Coding region xref gene does not exist
P003_WH03/P003_WH03:CDS	photosystem I subunit IX	k141_84994:c17478-17344	P003_WH03_00036

DiscRep_SUB:FEATURE_LOCATION_CONFLICT::Coding region xref gene does not exist
P003_WH03/P003_WH03:CDS	Cytochrome b559 subunit alpha	k141_84994:19542-19964	P003_WH03_00039

DiscRep_SUB:FEATURE_LOCATION_CONFLICT::Coding region xref gene does not exist
P003_WH03/P003_WH03:CDS	photosystem II cytochrome b559 beta subunit	k141_84994:19974-20093	P003_WH03_00040

DiscRep_SUB:FEATURE_LOCATION_CONFLICT::Coding region xref gene does not exist
P003_WH03/P003_WH03:CDS	photosystem II protein J	k141_84994:20377-20499	P003_WH03_00041

DiscRep_SUB:FEATURE_LOCATION_CONFLICT::Coding region xref gene does not exist
P003_WH03/P003_WH03:CDS	cytochrome f	k141_84994:c22498-21536	P003_WH03_00042

DiscRep_SUB:FEATURE_LOCATION_CONFLICT::Coding region xref gene does not exist
P003_WH03/P003_WH03:CDS	envelope membrane protein	k141_84994:c23408-22728	P003_WH03_00043

DiscRep_SUB:FEATURE_LOCATION_CONFLICT::Coding region xref gene does not exist
P003_WH03/P003_WH03:CDS	photosystem I assembly protein Ycf4	k141_84994:c24526-23972	P003_WH03_00044

DiscRep_SUB:FEATURE_LOCATION_CONFLICT::Coding region xref gene does not exist
P003_WH03/P003_WH03:CDS	photosystem I subunit VIII	k141_84994:c25060-24950	P003_WH03_00045

DiscRep_SUB:FEATURE_LOCATION_CONFLICT::Coding region xref gene does not exist
P003_WH03/P003_WH03:CDS	Acetyl-coenzyme A carboxylase carboxyl transferase subunit beta, chloroplastic	k141_84994:c27247-25751	P003_WH03_00046

DiscRep_SUB:FEATURE_LOCATION_CONFLICT::Coding region xref gene does not exist
P003_WH03/P003_WH03:CDS	ribulose-1,5-bisphosphate carboxylase/oxygenase large subunit	k141_84994:c29292-27865	P003_WH03_00047

DiscRep_SUB:FEATURE_LOCATION_CONFLICT::Coding region xref gene does not exist
P003_WH03/P003_WH03:CDS	ATP synthase CF1 beta subunit	k141_84994:30044-31540	P003_WH03_00048

DiscRep_SUB:FEATURE_LOCATION_CONFLICT::Coding region xref gene does not exist
P003_WH03/P003_WH03:CDS	ATP synthase CF1 epsilon subunit	k141_84994:31537-31938	P003_WH03_00049

DiscRep_SUB:FEATURE_LOCATION_CONFLICT::Coding region xref gene does not exist
P003_WH03/P003_WH03:CDS	hypothetical protein	k141_84994:32844-33281	P003_WH03_00051

DiscRep_SUB:FEATURE_LOCATION_CONFLICT::Coding region xref gene does not exist
P003_WH03/P003_WH03:CDS	NADH-plastoquinone oxidoreductase subunit 3	k141_84994:33987-34349	P003_WH03_00052

DiscRep_SUB:FEATURE_LOCATION_CONFLICT::Coding region xref gene does not exist
P003_WH03/P003_WH03:CDS	NADH-plastoquinone oxidoreductase subunit K	k141_84994:34395-35078	P003_WH03_00053

DiscRep_SUB:FEATURE_LOCATION_CONFLICT::Coding region xref gene does not exist
P003_WH03/P003_WH03:CDS	NADH-plastoquinone oxidoreductase subunit J	k141_84994:35179-35655	P003_WH03_00054

DiscRep_SUB:FEATURE_LOCATION_CONFLICT::Coding region xref gene does not exist
P003_WH03/P003_WH03:CDS	hypothetical protein	k141_84994:c36035-35781	P003_WH03_00055

DiscRep_SUB:FEATURE_LOCATION_CONFLICT::Coding region xref gene does not exist
P003_WH03/P003_WH03:CDS	hypothetical protein	k141_84994:c36849-36664	P003_WH03_00057

DiscRep_SUB:FEATURE_LOCATION_CONFLICT::Coding region xref gene does not exist
P003_WH03/P003_WH03:CDS	hypothetical protein	k141_84994:37056-37265	P003_WH03_00058

DiscRep_SUB:FEATURE_LOCATION_CONFLICT::Coding region xref gene does not exist
P003_WH03/P003_WH03:CDS	ribosomal protein S4	k141_84994:38583-39188	P003_WH03_00060

DiscRep_SUB:FEATURE_LOCATION_CONFLICT::Coding region xref gene does not exist
P003_WH03/P003_WH03:CDS	putative chloroplast RF34	k141_84994:41185-41433	P003_WH03_00062

DiscRep_SUB:FEATURE_LOCATION_CONFLICT::Coding region xref gene does not exist
P003_WH03/P003_WH03:CDS	photosystem I P700 apoprotein A1	k141_84994:42847-45099	P003_WH03_00063

DiscRep_SUB:FEATURE_LOCATION_CONFLICT::Coding region xref gene does not exist
P003_WH03/P003_WH03:CDS	photosystem I P700 apoprotein A2	k141_84994:45125-47329	P003_WH03_00064

DiscRep_SUB:FEATURE_LOCATION_CONFLICT::Coding region xref gene does not exist
P003_WH03/P003_WH03:CDS	ribosomal protein S14	k141_84994:47455-47757	P003_WH03_00065

DiscRep_SUB:FEATURE_LOCATION_CONFLICT::Coding region xref gene does not exist
P003_WH03/P003_WH03:CDS	photosystem II protein Z	k141_84994:c48614-48426	P003_WH03_00068

DiscRep_SUB:FEATURE_LOCATION_CONFLICT::Coding region xref gene does not exist
P003_WH03/P003_WH03:CDS	photosystem II CP43 chlorophyll apoprotein	k141_84994:c50686-49301	P003_WH03_00070

DiscRep_SUB:FEATURE_LOCATION_CONFLICT::Coding region xref gene does not exist
P003_WH03/P003_WH03:CDS	photosystem II protein D2	k141_84994:c51731-50670	P003_WH03_00071

DiscRep_SUB:FEATURE_LOCATION_CONFLICT::Coding region xref gene does not exist
P003_WH03/P003_WH03:CDS	RNA polymerase beta subunit	k141_84994:58031-61294	P003_WH03_00077

DiscRep_SUB:FEATURE_LOCATION_CONFLICT::Coding region xref gene does not exist
P003_WH03/P003_WH03:CDS	RNA polymerase beta' subunit	k141_84994:61300-61758	P003_WH03_00078

DiscRep_SUB:FEATURE_LOCATION_CONFLICT::Coding region xref gene does not exist
P003_WH03/P003_WH03:CDS	RNA polymerase beta' subunit	k141_84994:62461-64113	P003_WH03_00079

DiscRep_SUB:FEATURE_LOCATION_CONFLICT::Coding region xref gene does not exist
P003_WH03/P003_WH03:CDS	RNA polymerase beta'' subunit	k141_84994:64281-68444	P003_WH03_00080

DiscRep_SUB:FEATURE_LOCATION_CONFLICT::Coding region xref gene does not exist
P003_WH03/P003_WH03:CDS	ribosomal protein S2	k141_84994:68710-69384	P003_WH03_00081

DiscRep_SUB:FEATURE_LOCATION_CONFLICT::Coding region xref gene does not exist
P003_WH03/P003_WH03:CDS	ATP synthase CF0 subunit IV	k141_84994:69597-70340	P003_WH03_00082

DiscRep_SUB:FEATURE_LOCATION_CONFLICT::Coding region xref gene does not exist
P003_WH03/P003_WH03:CDS	ATP synthase CF0 subunit III	k141_84994:71081-71326	P003_WH03_00083

DiscRep_SUB:FEATURE_LOCATION_CONFLICT::Coding region xref gene does not exist
P003_WH03/P003_WH03:CDS	ATP synthase CF0 subunit I	k141_84994:71711-71881	P003_WH03_00084

DiscRep_SUB:FEATURE_LOCATION_CONFLICT::Coding region xref gene does not exist
P003_WH03/P003_WH03:CDS	ATP synthase CF0 subunit I	k141_84994:72601-72975	P003_WH03_00085

DiscRep_SUB:FEATURE_LOCATION_CONFLICT::Coding region xref gene does not exist
P003_WH03/P003_WH03:CDS	ATP synthase CF1 alpha subunit	k141_84994:73030-74553	P003_WH03_00086

DiscRep_SUB:FEATURE_LOCATION_CONFLICT::Coding region xref gene does not exist
P003_WH03/P003_WH03:CDS	hypothetical protein	k141_84994:75349-75561	P003_WH03_00088

DiscRep_SUB:FEATURE_LOCATION_CONFLICT::Coding region xref gene does not exist
P003_WH03/P003_WH03:CDS	photosystem II protein K	k141_84994:c77250-77062	P003_WH03_00090

DiscRep_SUB:FEATURE_LOCATION_CONFLICT::Coding region xref gene does not exist
P003_WH03/P003_WH03:CDS	hypothetical protein	k141_84994:79226-79375	P003_WH03_00092

DiscRep_SUB:FEATURE_LOCATION_CONFLICT::Coding region xref gene does not exist
P003_WH03/P003_WH03:CDS	hypothetical protein	k141_84994:c81427-81230	P003_WH03_00093

DiscRep_SUB:FEATURE_LOCATION_CONFLICT::Coding region xref gene does not exist
P003_WH03/P003_WH03:CDS	maturase K	k141_84994:81632-83164	P003_WH03_00094

DiscRep_SUB:FEATURE_LOCATION_CONFLICT::Coding region xref gene does not exist
P003_WH03/P003_WH03:CDS	photosystem II protein D1	k141_84994:83668-84729	P003_WH03_00095

DiscRep_SUB:FEATURE_LOCATION_CONFLICT::RNA feature xref gene does not exist
P003_WH03/P003_WH03:tRNA	Pro	k141_84994:17868-17941	P003_WH03_00037

DiscRep_SUB:FEATURE_LOCATION_CONFLICT::RNA feature xref gene does not exist
P003_WH03/P003_WH03:tRNA	Trp	k141_84994:18077-18150	P003_WH03_00038

DiscRep_SUB:FEATURE_LOCATION_CONFLICT::RNA feature xref gene does not exist
P003_WH03/P003_WH03:tRNA	Met	k141_84994:c32225-32153	P003_WH03_00050

DiscRep_SUB:FEATURE_LOCATION_CONFLICT::RNA feature xref gene does not exist
P003_WH03/P003_WH03:tRNA	Phe	k141_84994:c36390-36317	P003_WH03_00056

DiscRep_SUB:FEATURE_LOCATION_CONFLICT::RNA feature xref gene does not exist
P003_WH03/P003_WH03:tRNA	Thr	k141_84994:38161-38233	P003_WH03_00059

DiscRep_SUB:FEATURE_LOCATION_CONFLICT::RNA feature xref gene does not exist
P003_WH03/P003_WH03:tRNA	Ser	k141_84994:c39557-39471	P003_WH03_00061

DiscRep_SUB:FEATURE_LOCATION_CONFLICT::RNA feature xref gene does not exist
P003_WH03/P003_WH03:tRNA	Met	k141_84994:47904-47978	P003_WH03_00066

DiscRep_SUB:FEATURE_LOCATION_CONFLICT::RNA feature xref gene does not exist
P003_WH03/P003_WH03:tRNA	Gly	k141_84994:c48179-48109	P003_WH03_00067

DiscRep_SUB:FEATURE_LOCATION_CONFLICT::RNA feature xref gene does not exist
P003_WH03/P003_WH03:tRNA	Ser	k141_84994:48967-49059	P003_WH03_00069

DiscRep_SUB:FEATURE_LOCATION_CONFLICT::RNA feature xref gene does not exist
P003_WH03/P003_WH03:tRNA	Thr	k141_84994:c53133-53060	P003_WH03_00072

DiscRep_SUB:FEATURE_LOCATION_CONFLICT::RNA feature xref gene does not exist
P003_WH03/P003_WH03:tRNA	Glu	k141_84994:53791-53865	P003_WH03_00073

DiscRep_SUB:FEATURE_LOCATION_CONFLICT::RNA feature xref gene does not exist
P003_WH03/P003_WH03:tRNA	Tyr	k141_84994:53923-54008	P003_WH03_00074

DiscRep_SUB:FEATURE_LOCATION_CONFLICT::RNA feature xref gene does not exist
P003_WH03/P003_WH03:tRNA	Asp	k141_84994:54106-54182	P003_WH03_00075

DiscRep_SUB:FEATURE_LOCATION_CONFLICT::RNA feature xref gene does not exist
P003_WH03/P003_WH03:tRNA	Cys	k141_84994:c56909-56839	P003_WH03_00076

DiscRep_SUB:FEATURE_LOCATION_CONFLICT::RNA feature xref gene does not exist
P003_WH03/P003_WH03:tRNA	Arg	k141_84994:c74743-74672	P003_WH03_00087

DiscRep_SUB:FEATURE_LOCATION_CONFLICT::RNA feature xref gene does not exist
P003_WH03/P003_WH03:tRNA	Ser	k141_84994:76393-76482	P003_WH03_00089

DiscRep_SUB:FEATURE_LOCATION_CONFLICT::RNA feature xref gene does not exist
P003_WH03/P003_WH03:tRNA	Gln	k141_84994:77574-77645	P003_WH03_00091

DiscRep_SUB:FEATURE_LOCATION_CONFLICT::RNA feature xref gene does not exist
P003_WH03/P003_WH03:tRNA	His	k141_84994:85147-85221	P003_WH03_00096

DiscRep_SUB:FEATURE_LOCATION_CONFLICT::Coding region xref gene does not exist
P003_WH03/P003_WH03:CDS	ribosomal protein L2	k141_59846:c568-71	P003_WH03_00097

DiscRep_SUB:FEATURE_LOCATION_CONFLICT::Coding region xref gene does not exist
P003_WH03/P003_WH03:CDS	ribosomal protein L2	k141_59846:c1562-1161	P003_WH03_00098

DiscRep_SUB:FEATURE_LOCATION_CONFLICT::Coding region xref gene does not exist
P003_WH03/P003_WH03:CDS	ribosomal protein L23	k141_59846:c1862-1581	P003_WH03_00099

DiscRep_SUB:FEATURE_LOCATION_CONFLICT::Coding region xref gene does not exist
P003_WH03/P003_WH03:CDS	hypothetical protein	k141_59846:2190-9062	P003_WH03_00101

DiscRep_SUB:FEATURE_LOCATION_CONFLICT::Coding region xref gene does not exist
P003_WH03/P003_WH03:CDS	hypothetical protein	k141_59846:9153-9401	P003_WH03_00102

DiscRep_SUB:FEATURE_LOCATION_CONFLICT::Coding region xref gene does not exist
P003_WH03/P003_WH03:CDS	hypothetical protein	k141_59846:c9570-9373	P003_WH03_00103

DiscRep_SUB:FEATURE_LOCATION_CONFLICT::Coding region xref gene does not exist
P003_WH03/P003_WH03:CDS	hypothetical protein	k141_59846:c9748-9542	P003_WH03_00104

DiscRep_SUB:FEATURE_LOCATION_CONFLICT::Coding region xref gene does not exist
P003_WH03/P003_WH03:CDS	NADH-plastoquinone oxidoreductase subunit 2	k141_59846:c11193-10411	P003_WH03_00106

DiscRep_SUB:FEATURE_LOCATION_CONFLICT::Coding region xref gene does not exist
P003_WH03/P003_WH03:CDS	hypothetical protein	k141_59846:c11777-11667	P003_WH03_00107

DiscRep_SUB:FEATURE_LOCATION_CONFLICT::Coding region xref gene does not exist
P003_WH03/P003_WH03:CDS	NADH-plastoquinone oxidoreductase subunit 2	k141_59846:c12622-11828	P003_WH03_00108

DiscRep_SUB:FEATURE_LOCATION_CONFLICT::Coding region xref gene does not exist
P003_WH03/P003_WH03:CDS	ribosomal protein S7	k141_59846:c13422-12955	P003_WH03_00109

DiscRep_SUB:FEATURE_LOCATION_CONFLICT::Coding region xref gene does not exist
P003_WH03/P003_WH03:CDS	hypothetical protein	k141_59846:14787-15020	P003_WH03_00110

DiscRep_SUB:FEATURE_LOCATION_CONFLICT::Coding region xref gene does not exist
P003_WH03/P003_WH03:CDS	hypothetical protein	k141_59846:18530-18745	P003_WH03_00113

DiscRep_SUB:FEATURE_LOCATION_CONFLICT::Coding region xref gene does not exist
P003_WH03/P003_WH03:CDS	hypothetical protein	k141_59846:19124-19372	P003_WH03_00114

DiscRep_SUB:FEATURE_LOCATION_CONFLICT::Coding region xref gene does not exist
P003_WH03/P003_WH03:CDS	hypothetical protein	k141_59846:23729-23920	P003_WH03_00117

DiscRep_SUB:FEATURE_LOCATION_CONFLICT::RNA feature xref gene does not exist
P003_WH03/P003_WH03:tRNA	Met	k141_59846:c2101-2027	P003_WH03_00100

DiscRep_SUB:FEATURE_LOCATION_CONFLICT::RNA feature xref gene does not exist
P003_WH03/P003_WH03:tRNA	Leu	k141_59846:c9852-9770	P003_WH03_00105

DiscRep_SUB:FEATURE_LOCATION_CONFLICT::RNA feature xref gene does not exist
P003_WH03/P003_WH03:tRNA	Val	k141_59846:15914-15985	P003_WH03_00111

DiscRep_SUB:FEATURE_LOCATION_CONFLICT::RNA feature xref gene does not exist
P003_WH03/P003_WH03:rRNA	16S ribosomal RNA	k141_59846:16217-17702	P003_WH03_00112

DiscRep_SUB:FEATURE_LOCATION_CONFLICT::RNA feature xref gene does not exist
P003_WH03/P003_WH03:rRNA	23S ribosomal RNA	k141_59846:19930-22940	P003_WH03_00115

DiscRep_SUB:FEATURE_LOCATION_CONFLICT::RNA feature xref gene does not exist
P003_WH03/P003_WH03:tRNA	Arg	k141_59846:23581-23655	P003_WH03_00116

DiscRep_SUB:FEATURE_LOCATION_CONFLICT::RNA feature xref gene does not exist
P003_WH03/P003_WH03:tRNA	Asn	k141_59846:c24314-24241	P003_WH03_00118

DiscRep_ALL:SUSPECT_PRODUCT_NAMES::2 product_names contain suspect phrase or characters
DiscRep_SUB:SUSPECT_PRODUCT_NAMES::May contain database identifier more appropriate in note; remove from product name
DiscRep_SUB:SUSPECT_PRODUCT_NAMES::2 features contains three or more numbers together that may be identifiers more appropriate in note
P003_WH03/P003_WH03:CDS	photosystem I P700 apoprotein A1	k141_84994:42847-45099	P003_WH03_00063
P003_WH03/P003_WH03:CDS	photosystem I P700 apoprotein A2	k141_84994:45125-47329	P003_WH03_00064

DiscRep_ALL:DISC_QUALITY_SCORES::Quality scores are missing on all sequences.

DiscRep_ALL:ONCALLER_COMMENT_PRESENT::4 comment descriptors were found (all same)
P003_WH03/P003_WH03:k141_57612:Annotated using prokka 1.14.5 from https://github.com/tseemann/prokka
P003_WH03/P003_WH03:k141_32064:Annotated using prokka 1.14.5 from https://github.com/tseemann/prokka
P003_WH03/P003_WH03:k141_84994:Annotated using prokka 1.14.5 from https://github.com/tseemann/prokka
P003_WH03/P003_WH03:k141_59846:Annotated using prokka 1.14.5 from https://github.com/tseemann/prokka

DiscRep_ALL:SHORT_PROT_SEQUENCES::6 protein sequences are shorter than 50 aa.
P003_WH03/P003_WH03:k141_84994_22 (length 44)
P003_WH03/P003_WH03:k141_84994_24 (length 39)
P003_WH03/P003_WH03:k141_84994_25 (length 40)
P003_WH03/P003_WH03:k141_84994_29 (length 36)
P003_WH03/P003_WH03:k141_84994_61 (length 49)
P003_WH03/P003_WH03:k141_59846_9 (length 36)

DiscRep_ALL:MISSING_GENOMEASSEMBLY_COMMENTS::4 bioseqs are missing GenomeAssembly structured comments
P003_WH03/P003_WH03:k141_57612 (length 18173)
P003_WH03/P003_WH03:k141_32064 (length 1326)
P003_WH03/P003_WH03:k141_84994 (length 85380)
P003_WH03/P003_WH03:k141_59846 (length 25625)

DiscRep_ALL:MOLTYPE_NOT_MRNA::4 molecule types are not set as mRNA.
P003_WH03/P003_WH03:k141_57612 (length 18173)
P003_WH03/P003_WH03:k141_32064 (length 1326)
P003_WH03/P003_WH03:k141_84994 (length 85380)
P003_WH03/P003_WH03:k141_59846 (length 25625)

DiscRep_ALL:TECHNIQUE_NOT_TSA::4 technique are not set as TSA
P003_WH03/P003_WH03:k141_57612 (length 18173)
P003_WH03/P003_WH03:k141_32064 (length 1326)
P003_WH03/P003_WH03:k141_84994 (length 85380)
P003_WH03/P003_WH03:k141_59846 (length 25625)

DiscRep_ALL:MISSING_STRUCTURED_COMMENT::4 sequences do not include structured comments.
P003_WH03/P003_WH03:k141_57612 (length 18173)
P003_WH03/P003_WH03:k141_32064 (length 1326)
P003_WH03/P003_WH03:k141_84994 (length 85380)
P003_WH03/P003_WH03:k141_59846 (length 25625)

DiscRep_ALL:MISSING_PROJECT::96 sequences do not include project.
P003_WH03/P003_WH03:k141_57612 (length 18173)
P003_WH03/P003_WH03:k141_57612_1 (length 739)
P003_WH03/P003_WH03:k141_57612_2 (length 326)
P003_WH03/P003_WH03:k141_57612_3 (length 506)
P003_WH03/P003_WH03:k141_57612_4 (length 81)
P003_WH03/P003_WH03:k141_57612_5 (length 100)
P003_WH03/P003_WH03:k141_57612_6 (length 178)
P003_WH03/P003_WH03:k141_57612_7 (length 167)
P003_WH03/P003_WH03:k141_57612_8 (length 156)
P003_WH03/P003_WH03:k141_57612_9 (length 188)
P003_WH03/P003_WH03:k141_57612_10 (length 393)
P003_WH03/P003_WH03:k141_57612_11 (length 88)
P003_WH03/P003_WH03:k141_57612_12 (length 1556)
P003_WH03/P003_WH03:k141_32064 (length 1326)
P003_WH03/P003_WH03:k141_32064_1 (length 129)
P003_WH03/P003_WH03:k141_84994 (length 85380)
P003_WH03/P003_WH03:k141_84994_1 (length 92)
P003_WH03/P003_WH03:k141_84994_2 (length 150)
P003_WH03/P003_WH03:k141_84994_3 (length 222)
P003_WH03/P003_WH03:k141_84994_4 (length 116)
P003_WH03/P003_WH03:k141_84994_5 (length 152)
P003_WH03/P003_WH03:k141_84994_6 (length 134)
P003_WH03/P003_WH03:k141_84994_7 (length 68)
P003_WH03/P003_WH03:k141_84994_8 (length 73)
P003_WH03/P003_WH03:k141_84994_9 (length 138)
P003_WH03/P003_WH03:k141_84994_10 (length 335)
P003_WH03/P003_WH03:k141_84994_11 (length 174)
P003_WH03/P003_WH03:k141_84994_12 (length 162)
P003_WH03/P003_WH03:k141_84994_13 (length 77)
P003_WH03/P003_WH03:k141_84994_14 (length 508)
P003_WH03/P003_WH03:k141_84994_15 (length 78)
P003_WH03/P003_WH03:k141_84994_16 (length 74)
P003_WH03/P003_WH03:k141_84994_17 (length 58)
P003_WH03/P003_WH03:k141_84994_18 (length 73)
P003_WH03/P003_WH03:k141_84994_19 (length 55)
P003_WH03/P003_WH03:k141_84994_20 (length 117)
P003_WH03/P003_WH03:k141_84994_21 (length 101)
P003_WH03/P003_WH03:k141_84994_22 (length 44)
P003_WH03/P003_WH03:k141_84994_23 (length 140)
P003_WH03/P003_WH03:k141_84994_24 (length 39)
P003_WH03/P003_WH03:k141_84994_25 (length 40)
P003_WH03/P003_WH03:k141_84994_26 (length 320)
P003_WH03/P003_WH03:k141_84994_27 (length 226)
P003_WH03/P003_WH03:k141_84994_28 (length 184)
P003_WH03/P003_WH03:k141_84994_29 (length 36)
P003_WH03/P003_WH03:k141_84994_30 (length 498)
P003_WH03/P003_WH03:k141_84994_31 (length 475)
P003_WH03/P003_WH03:k141_84994_32 (length 498)
P003_WH03/P003_WH03:k141_84994_33 (length 133)
P003_WH03/P003_WH03:k141_84994_34 (length 145)
P003_WH03/P003_WH03:k141_84994_35 (length 120)
P003_WH03/P003_WH03:k141_84994_36 (length 227)
P003_WH03/P003_WH03:k141_84994_37 (length 158)
P003_WH03/P003_WH03:k141_84994_38 (length 84)
P003_WH03/P003_WH03:k141_84994_39 (length 61)
P003_WH03/P003_WH03:k141_84994_40 (length 69)
P003_WH03/P003_WH03:k141_84994_41 (length 201)
P003_WH03/P003_WH03:k141_84994_42 (length 82)
P003_WH03/P003_WH03:k141_84994_43 (length 750)
P003_WH03/P003_WH03:k141_84994_44 (length 734)
P003_WH03/P003_WH03:k141_84994_45 (length 100)
P003_WH03/P003_WH03:k141_84994_46 (length 62)
P003_WH03/P003_WH03:k141_84994_47 (length 461)
P003_WH03/P003_WH03:k141_84994_48 (length 353)
P003_WH03/P003_WH03:k141_84994_49 (length 1087)
P003_WH03/P003_WH03:k141_84994_50 (length 152)
P003_WH03/P003_WH03:k141_84994_51 (length 550)
P003_WH03/P003_WH03:k141_84994_52 (length 1387)
P003_WH03/P003_WH03:k141_84994_53 (length 224)
P003_WH03/P003_WH03:k141_84994_54 (length 247)
P003_WH03/P003_WH03:k141_84994_55 (length 81)
P003_WH03/P003_WH03:k141_84994_56 (length 56)
P003_WH03/P003_WH03:k141_84994_57 (length 124)
P003_WH03/P003_WH03:k141_84994_58 (length 507)
P003_WH03/P003_WH03:k141_84994_59 (length 70)
P003_WH03/P003_WH03:k141_84994_60 (length 62)
P003_WH03/P003_WH03:k141_84994_61 (length 49)
P003_WH03/P003_WH03:k141_84994_62 (length 65)
P003_WH03/P003_WH03:k141_84994_63 (length 510)
P003_WH03/P003_WH03:k141_84994_64 (length 353)
P003_WH03/P003_WH03:k141_59846 (length 25625)
P003_WH03/P003_WH03:k141_59846_1 (length 165)
P003_WH03/P003_WH03:k141_59846_2 (length 133)
P003_WH03/P003_WH03:k141_59846_3 (length 93)
P003_WH03/P003_WH03:k141_59846_4 (length 2290)
P003_WH03/P003_WH03:k141_59846_5 (length 82)
P003_WH03/P003_WH03:k141_59846_6 (length 65)
P003_WH03/P003_WH03:k141_59846_7 (length 68)
P003_WH03/P003_WH03:k141_59846_8 (length 260)
P003_WH03/P003_WH03:k141_59846_9 (length 36)
P003_WH03/P003_WH03:k141_59846_10 (length 264)
P003_WH03/P003_WH03:k141_59846_11 (length 155)
P003_WH03/P003_WH03:k141_59846_12 (length 77)
P003_WH03/P003_WH03:k141_59846_13 (length 71)
P003_WH03/P003_WH03:k141_59846_14 (length 82)
P003_WH03/P003_WH03:k141_59846_15 (length 63)

DiscRep_ALL:DISC_INCONSISTENT_MOLINFO_TECH::Molinfo Technique Report (some missing, all same)
DiscRep_SUB:DISC_INCONSISTENT_MOLINFO_TECH::technique (all missing)
DiscRep_SUB:DISC_INCONSISTENT_MOLINFO_TECH::4 Molinfos are missing field technique
P003_WH03/P003_WH03:k141_32064 (length 1326)
P003_WH03/P003_WH03:k141_57612 (length 18173)
P003_WH03/P003_WH03:k141_59846 (length 25625)
P003_WH03/P003_WH03:k141_84994 (length 85380)

