Discrepancy Report Results

Summary
FATAL: MISSING_PROTEIN_ID:105 proteins have invalid IDs.
DISC_SOURCE_QUALS_ASNDISC:strain (all present, all same)
DISC_SOURCE_QUALS_ASNDISC:taxname (all present, all same)
DISC_FEATURE_COUNT:CDS: 105 present
DISC_FEATURE_COUNT:tRNA: 24 present
DISC_FEATURE_COUNT:rRNA: 2 present
DISC_COUNT_NUCLEOTIDES:4 nucleotide Bioseqs are present
FEATURE_LOCATION_CONFLICT:131 features have inconsistent gene locations.
SUSPECT_PRODUCT_NAMES:2 product_names contain suspect phrase or characters
	May contain database identifier more appropriate in note; remove from product name
		2 features contains three or more numbers together that may be identifiers more appropriate in note
DISC_QUALITY_SCORES:Quality scores are missing on all sequences.
ONCALLER_COMMENT_PRESENT:4 comment descriptors were found (all same)
SHORT_PROT_SEQUENCES:11 protein sequences are shorter than 50 aa.
MISSING_GENOMEASSEMBLY_COMMENTS:4 bioseqs are missing GenomeAssembly structured comments
MOLTYPE_NOT_MRNA:4 molecule types are not set as mRNA.
TECHNIQUE_NOT_TSA:4 technique are not set as TSA
MISSING_STRUCTURED_COMMENT:4 sequences do not include structured comments.
MISSING_PROJECT:109 sequences do not include project.
DISC_INCONSISTENT_MOLINFO_TECH:Molinfo Technique Report (some missing, all same)


Detailed Report

FATAL: DiscRep_ALL:MISSING_PROTEIN_ID::105 proteins have invalid IDs.
P002_WH01/P002_WH01:k141_15403_1 (length 132)
P002_WH01/P002_WH01:k141_15403_2 (length 122)
P002_WH01/P002_WH01:k141_15403_3 (length 119)
P002_WH01/P002_WH01:k141_15403_4 (length 218)
P002_WH01/P002_WH01:k141_15403_5 (length 191)
P002_WH01/P002_WH01:k141_15403_6 (length 92)
P002_WH01/P002_WH01:k141_15403_7 (length 165)
P002_WH01/P002_WH01:k141_15403_8 (length 112)
P002_WH01/P002_WH01:k141_15403_9 (length 93)
P002_WH01/P002_WH01:k141_15403_10 (length 2268)
P002_WH01/P002_WH01:k141_15403_11 (length 98)
P002_WH01/P002_WH01:k141_15403_12 (length 260)
P002_WH01/P002_WH01:k141_15403_13 (length 264)
P002_WH01/P002_WH01:k141_15403_14 (length 155)
P002_WH01/P002_WH01:k141_15403_15 (length 56)
P002_WH01/P002_WH01:k141_15403_16 (length 53)
P002_WH01/P002_WH01:k141_15403_17 (length 36)
P002_WH01/P002_WH01:k141_15403_18 (length 106)
P002_WH01/P002_WH01:k141_15403_19 (length 82)
P002_WH01/P002_WH01:k141_15403_20 (length 67)
P002_WH01/P002_WH01:k141_15403_21 (length 49)
P002_WH01/P002_WH01:k141_15403_22 (length 82)
P002_WH01/P002_WH01:k141_15403_23 (length 61)
P002_WH01/P002_WH01:k141_15403_24 (length 79)
P002_WH01/P002_WH01:k141_15403_25 (length 71)
P002_WH01/P002_WH01:k141_22909_1 (length 64)
P002_WH01/P002_WH01:k141_22909_2 (length 138)
P002_WH01/P002_WH01:k141_22909_3 (length 333)
P002_WH01/P002_WH01:k141_22909_4 (length 181)
P002_WH01/P002_WH01:k141_22909_5 (length 97)
P002_WH01/P002_WH01:k141_22909_6 (length 162)
P002_WH01/P002_WH01:k141_22909_7 (length 73)
P002_WH01/P002_WH01:k141_22909_8 (length 508)
P002_WH01/P002_WH01:k141_22909_9 (length 74)
P002_WH01/P002_WH01:k141_22909_10 (length 122)
P002_WH01/P002_WH01:k141_22909_11 (length 81)
P002_WH01/P002_WH01:k141_22909_12 (length 38)
P002_WH01/P002_WH01:k141_22909_13 (length 119)
P002_WH01/P002_WH01:k141_22909_14 (length 101)
P002_WH01/P002_WH01:k141_22909_15 (length 90)
P002_WH01/P002_WH01:k141_22909_16 (length 44)
P002_WH01/P002_WH01:k141_22909_17 (length 83)
P002_WH01/P002_WH01:k141_22909_18 (length 39)
P002_WH01/P002_WH01:k141_22909_19 (length 40)
P002_WH01/P002_WH01:k141_22909_20 (length 309)
P002_WH01/P002_WH01:k141_22909_21 (length 251)
P002_WH01/P002_WH01:k141_22909_22 (length 184)
P002_WH01/P002_WH01:k141_22909_23 (length 36)
P002_WH01/P002_WH01:k141_22909_24 (length 514)
P002_WH01/P002_WH01:k141_22909_25 (length 475)
P002_WH01/P002_WH01:k141_22909_26 (length 52)
P002_WH01/P002_WH01:k141_22909_27 (length 500)
P002_WH01/P002_WH01:k141_22909_28 (length 133)
P002_WH01/P002_WH01:k141_22909_29 (length 67)
P002_WH01/P002_WH01:k141_22909_30 (length 61)
P002_WH01/P002_WH01:k141_22909_31 (length 120)
P002_WH01/P002_WH01:k141_22909_32 (length 215)
P002_WH01/P002_WH01:k141_22909_33 (length 158)
P002_WH01/P002_WH01:k141_22909_34 (length 76)
P002_WH01/P002_WH01:k141_22909_35 (length 59)
P002_WH01/P002_WH01:k141_22909_36 (length 192)
P002_WH01/P002_WH01:k141_22909_37 (length 73)
P002_WH01/P002_WH01:k141_22909_38 (length 507)
P002_WH01/P002_WH01:k141_22909_39 (length 124)
P002_WH01/P002_WH01:k141_22909_40 (length 56)
P002_WH01/P002_WH01:k141_22909_41 (length 81)
P002_WH01/P002_WH01:k141_22909_42 (length 247)
P002_WH01/P002_WH01:k141_22909_43 (length 235)
P002_WH01/P002_WH01:k141_22909_44 (length 645)
P002_WH01/P002_WH01:k141_22909_45 (length 714)
P002_WH01/P002_WH01:k141_22909_46 (length 548)
P002_WH01/P002_WH01:k141_22909_47 (length 155)
P002_WH01/P002_WH01:k141_22909_48 (length 1082)
P002_WH01/P002_WH01:k141_22909_49 (length 37)
P002_WH01/P002_WH01:k141_22909_50 (length 78)
P002_WH01/P002_WH01:k141_22909_51 (length 353)
P002_WH01/P002_WH01:k141_22909_52 (length 461)
P002_WH01/P002_WH01:k141_22909_53 (length 104)
P002_WH01/P002_WH01:k141_22909_54 (length 67)
P002_WH01/P002_WH01:k141_22909_55 (length 734)
P002_WH01/P002_WH01:k141_22909_56 (length 750)
P002_WH01/P002_WH01:k141_22909_57 (length 73)
P002_WH01/P002_WH01:k141_22909_58 (length 82)
P002_WH01/P002_WH01:k141_22909_59 (length 44)
P002_WH01/P002_WH01:k141_22909_60 (length 47)
P002_WH01/P002_WH01:k141_22909_61 (length 61)
P002_WH01/P002_WH01:k141_22909_62 (length 353)
P002_WH01/P002_WH01:k141_22909_63 (length 508)
P002_WH01/P002_WH01:k141_22909_64 (length 59)
P002_WH01/P002_WH01:k141_22909_65 (length 210)
P002_WH01/P002_WH01:k141_540_1 (length 1314)
P002_WH01/P002_WH01:k141_540_2 (length 90)
P002_WH01/P002_WH01:k141_540_3 (length 393)
P002_WH01/P002_WH01:k141_540_4 (length 210)
P002_WH01/P002_WH01:k141_540_5 (length 32)
P002_WH01/P002_WH01:k141_540_6 (length 88)
P002_WH01/P002_WH01:k141_540_7 (length 180)
P002_WH01/P002_WH01:k141_540_8 (length 177)
P002_WH01/P002_WH01:k141_540_9 (length 101)
P002_WH01/P002_WH01:k141_540_10 (length 81)
P002_WH01/P002_WH01:k141_540_11 (length 508)
P002_WH01/P002_WH01:k141_540_12 (length 319)
P002_WH01/P002_WH01:k141_540_13 (length 740)
P002_WH01/P002_WH01:k141_17815_1 (length 141)
P002_WH01/P002_WH01:k141_17815_2 (length 116)

DiscRep_ALL:DISC_SOURCE_QUALS_ASNDISC::strain (all present, all same)
DiscRep_SUB:DISC_SOURCE_QUALS_ASNDISC::4 sources have 'strain' for strain
DiscRep_ALL:DISC_SOURCE_QUALS_ASNDISC::taxname (all present, all same)
DiscRep_SUB:DISC_SOURCE_QUALS_ASNDISC::4 sources have 'Genus species' for taxname
DiscRep_ALL:DISC_FEATURE_COUNT::CDS: 105 present
DiscRep_ALL:DISC_FEATURE_COUNT::tRNA: 24 present
DiscRep_ALL:DISC_FEATURE_COUNT::rRNA: 2 present
DiscRep_ALL:DISC_COUNT_NUCLEOTIDES::4 nucleotide Bioseqs are present
P002_WH01/P002_WH01:k141_15403 (length 31296)
P002_WH01/P002_WH01:k141_22909 (length 82563)
P002_WH01/P002_WH01:k141_540 (length 18238)
P002_WH01/P002_WH01:k141_17815 (length 1183)

DiscRep_ALL:FEATURE_LOCATION_CONFLICT::131 features have inconsistent gene locations.
DiscRep_SUB:FEATURE_LOCATION_CONFLICT::Coding region xref gene does not exist
P002_WH01/P002_WH01:CDS	ribosomal protein S8	k141_15403:c702-304	P002_WH01_00001

DiscRep_SUB:FEATURE_LOCATION_CONFLICT::Coding region xref gene does not exist
P002_WH01/P002_WH01:CDS	ribosomal protein L14	k141_15403:c1288-920	P002_WH01_00002

DiscRep_SUB:FEATURE_LOCATION_CONFLICT::Coding region xref gene does not exist
P002_WH01/P002_WH01:CDS	ribosomal protein L16	k141_15403:c1790-1431	P002_WH01_00003

DiscRep_SUB:FEATURE_LOCATION_CONFLICT::Coding region xref gene does not exist
P002_WH01/P002_WH01:CDS	ribosomal protein S3	k141_15403:c3648-2992	P002_WH01_00004

DiscRep_SUB:FEATURE_LOCATION_CONFLICT::Coding region xref gene does not exist
P002_WH01/P002_WH01:CDS	hypothetical protein	k141_15403:c4208-3633	P002_WH01_00005

DiscRep_SUB:FEATURE_LOCATION_CONFLICT::Coding region xref gene does not exist
P002_WH01/P002_WH01:CDS	ribosomal protein S19	k141_15403:c4513-4235	P002_WH01_00006

DiscRep_SUB:FEATURE_LOCATION_CONFLICT::Coding region xref gene does not exist
P002_WH01/P002_WH01:CDS	ribosomal protein L2	k141_15403:c5072-4575	P002_WH01_00007

DiscRep_SUB:FEATURE_LOCATION_CONFLICT::Coding region xref gene does not exist
P002_WH01/P002_WH01:CDS	ribosomal protein L2	k141_15403:c5997-5659	P002_WH01_00008

DiscRep_SUB:FEATURE_LOCATION_CONFLICT::Coding region xref gene does not exist
P002_WH01/P002_WH01:CDS	ribosomal protein L23	k141_15403:c6360-6079	P002_WH01_00009

DiscRep_SUB:FEATURE_LOCATION_CONFLICT::Coding region xref gene does not exist
P002_WH01/P002_WH01:CDS	hypothetical protein	k141_15403:6668-13474	P002_WH01_00011

DiscRep_SUB:FEATURE_LOCATION_CONFLICT::Coding region xref gene does not exist
P002_WH01/P002_WH01:CDS	hypothetical protein	k141_15403:13769-14065	P002_WH01_00012

DiscRep_SUB:FEATURE_LOCATION_CONFLICT::Coding region xref gene does not exist
P002_WH01/P002_WH01:CDS	NADH-plastoquinone oxidoreductase subunit 2	k141_15403:c15520-14738	P002_WH01_00014

DiscRep_SUB:FEATURE_LOCATION_CONFLICT::Coding region xref gene does not exist
P002_WH01/P002_WH01:CDS	NADH-plastoquinone oxidoreductase subunit 2	k141_15403:c16976-16182	P002_WH01_00015

DiscRep_SUB:FEATURE_LOCATION_CONFLICT::Coding region xref gene does not exist
P002_WH01/P002_WH01:CDS	ribosomal protein S7	k141_15403:c17767-17300	P002_WH01_00016

DiscRep_SUB:FEATURE_LOCATION_CONFLICT::Coding region xref gene does not exist
P002_WH01/P002_WH01:CDS	hypothetical protein	k141_15403:c18826-18656	P002_WH01_00017

DiscRep_SUB:FEATURE_LOCATION_CONFLICT::Coding region xref gene does not exist
P002_WH01/P002_WH01:CDS	hypothetical protein	k141_15403:19499-19660	P002_WH01_00018

DiscRep_SUB:FEATURE_LOCATION_CONFLICT::Coding region xref gene does not exist
P002_WH01/P002_WH01:CDS	hypothetical protein	k141_15403:19825-19935	P002_WH01_00019

DiscRep_SUB:FEATURE_LOCATION_CONFLICT::Coding region xref gene does not exist
P002_WH01/P002_WH01:CDS	hypothetical protein	k141_15403:19939-20259	P002_WH01_00020

DiscRep_SUB:FEATURE_LOCATION_CONFLICT::Coding region xref gene does not exist
P002_WH01/P002_WH01:CDS	hypothetical protein	k141_15403:23017-23265	P002_WH01_00024

DiscRep_SUB:FEATURE_LOCATION_CONFLICT::Coding region xref gene does not exist
P002_WH01/P002_WH01:CDS	hypothetical protein	k141_15403:23372-23575	P002_WH01_00025

DiscRep_SUB:FEATURE_LOCATION_CONFLICT::Coding region xref gene does not exist
P002_WH01/P002_WH01:CDS	hypothetical protein	k141_15403:23702-23851	P002_WH01_00026

DiscRep_SUB:FEATURE_LOCATION_CONFLICT::Coding region xref gene does not exist
P002_WH01/P002_WH01:CDS	hypothetical protein	k141_15403:23954-24202	P002_WH01_00027

DiscRep_SUB:FEATURE_LOCATION_CONFLICT::Coding region xref gene does not exist
P002_WH01/P002_WH01:CDS	hypothetical protein	k141_15403:28114-28299	P002_WH01_00029

DiscRep_SUB:FEATURE_LOCATION_CONFLICT::Coding region xref gene does not exist
P002_WH01/P002_WH01:CDS	hypothetical protein	k141_15403:c30653-30414	P002_WH01_00032

DiscRep_SUB:FEATURE_LOCATION_CONFLICT::Coding region xref gene does not exist
P002_WH01/P002_WH01:CDS	hypothetical protein	k141_15403:c31005-30790	P002_WH01_00033

DiscRep_SUB:FEATURE_LOCATION_CONFLICT::RNA feature xref gene does not exist
P002_WH01/P002_WH01:tRNA	Met	k141_15403:c6599-6525	P002_WH01_00010

DiscRep_SUB:FEATURE_LOCATION_CONFLICT::RNA feature xref gene does not exist
P002_WH01/P002_WH01:tRNA	Leu	k141_15403:c14178-14096	P002_WH01_00013

DiscRep_SUB:FEATURE_LOCATION_CONFLICT::RNA feature xref gene does not exist
P002_WH01/P002_WH01:tRNA	Ile	k141_15403:20295-20367	P002_WH01_00021

DiscRep_SUB:FEATURE_LOCATION_CONFLICT::RNA feature xref gene does not exist
P002_WH01/P002_WH01:tRNA	Val	k141_15403:20550-20621	P002_WH01_00022

DiscRep_SUB:FEATURE_LOCATION_CONFLICT::RNA feature xref gene does not exist
P002_WH01/P002_WH01:rRNA	16S ribosomal RNA	k141_15403:20855-22341	P002_WH01_00023

DiscRep_SUB:FEATURE_LOCATION_CONFLICT::RNA feature xref gene does not exist
P002_WH01/P002_WH01:rRNA	23S ribosomal RNA	k141_15403:24761-27771	P002_WH01_00028

DiscRep_SUB:FEATURE_LOCATION_CONFLICT::RNA feature xref gene does not exist
P002_WH01/P002_WH01:tRNA	Arg	k141_15403:28355-28429	P002_WH01_00030

DiscRep_SUB:FEATURE_LOCATION_CONFLICT::RNA feature xref gene does not exist
P002_WH01/P002_WH01:tRNA	Asn	k141_15403:c29127-29054	P002_WH01_00031

DiscRep_SUB:FEATURE_LOCATION_CONFLICT::Coding region xref gene does not exist
P002_WH01/P002_WH01:CDS	hypothetical protein	k141_22909:c321-127	P002_WH01_00034

DiscRep_SUB:FEATURE_LOCATION_CONFLICT::Coding region xref gene does not exist
P002_WH01/P002_WH01:CDS	ribosomal protein S11	k141_22909:373-789	P002_WH01_00035

DiscRep_SUB:FEATURE_LOCATION_CONFLICT::Coding region xref gene does not exist
P002_WH01/P002_WH01:CDS	RNA polymerase alpha subunit	k141_22909:862-1863	P002_WH01_00036

DiscRep_SUB:FEATURE_LOCATION_CONFLICT::Coding region xref gene does not exist
P002_WH01/P002_WH01:CDS	cytochrome b6/f complex subunit IV	k141_22909:c2591-2046	P002_WH01_00037

DiscRep_SUB:FEATURE_LOCATION_CONFLICT::Coding region xref gene does not exist
P002_WH01/P002_WH01:CDS	hypothetical protein	k141_22909:3077-3370	P002_WH01_00038

DiscRep_SUB:FEATURE_LOCATION_CONFLICT::Coding region xref gene does not exist
P002_WH01/P002_WH01:CDS	cytochrome b6	k141_22909:c3995-3507	P002_WH01_00039

DiscRep_SUB:FEATURE_LOCATION_CONFLICT::Coding region xref gene does not exist
P002_WH01/P002_WH01:CDS	photosystem II phosphoprotein	k141_22909:c5282-5061	P002_WH01_00040

DiscRep_SUB:FEATURE_LOCATION_CONFLICT::Coding region xref gene does not exist
P002_WH01/P002_WH01:CDS	photosystem II CP47 chlorophyll apoprotein	k141_22909:c7441-5915	P002_WH01_00041

DiscRep_SUB:FEATURE_LOCATION_CONFLICT::Coding region xref gene does not exist
P002_WH01/P002_WH01:CDS	ATP-dependent Clp protease proteolytic subunit	k141_22909:8781-9005	P002_WH01_00042

DiscRep_SUB:FEATURE_LOCATION_CONFLICT::Coding region xref gene does not exist
P002_WH01/P002_WH01:CDS	ATP-dependent Clp protease proteolytic subunit	k141_22909:9573-9941	P002_WH01_00043

DiscRep_SUB:FEATURE_LOCATION_CONFLICT::Coding region xref gene does not exist
P002_WH01/P002_WH01:CDS	hypothetical protein	k141_22909:c10364-10119	P002_WH01_00044

DiscRep_SUB:FEATURE_LOCATION_CONFLICT::Coding region xref gene does not exist
P002_WH01/P002_WH01:CDS	hypothetical protein	k141_22909:10858-10974	P002_WH01_00045

DiscRep_SUB:FEATURE_LOCATION_CONFLICT::Coding region xref gene does not exist
P002_WH01/P002_WH01:CDS	50S ribosomal protein L20	k141_22909:11025-11384	P002_WH01_00046

DiscRep_SUB:FEATURE_LOCATION_CONFLICT::Coding region xref gene does not exist
P002_WH01/P002_WH01:CDS	ribosomal protein S18	k141_22909:c12022-11717	P002_WH01_00047

DiscRep_SUB:FEATURE_LOCATION_CONFLICT::Coding region xref gene does not exist
P002_WH01/P002_WH01:CDS	hypothetical protein	k141_22909:12229-12501	P002_WH01_00048

DiscRep_SUB:FEATURE_LOCATION_CONFLICT::Coding region xref gene does not exist
P002_WH01/P002_WH01:CDS	photosystem I subunit IX	k141_22909:c12980-12846	P002_WH01_00049

DiscRep_SUB:FEATURE_LOCATION_CONFLICT::Coding region xref gene does not exist
P002_WH01/P002_WH01:CDS	photosystem II cytochrome b559 alpha subunit	k141_22909:15631-15882	P002_WH01_00052

DiscRep_SUB:FEATURE_LOCATION_CONFLICT::Coding region xref gene does not exist
P002_WH01/P002_WH01:CDS	photosystem II cytochrome b559 beta subunit	k141_22909:15892-16011	P002_WH01_00053

DiscRep_SUB:FEATURE_LOCATION_CONFLICT::Coding region xref gene does not exist
P002_WH01/P002_WH01:CDS	photosystem II protein J	k141_22909:16270-16392	P002_WH01_00054

DiscRep_SUB:FEATURE_LOCATION_CONFLICT::Coding region xref gene does not exist
P002_WH01/P002_WH01:CDS	cytochrome f	k141_22909:c17765-16836	P002_WH01_00055

DiscRep_SUB:FEATURE_LOCATION_CONFLICT::Coding region xref gene does not exist
P002_WH01/P002_WH01:CDS	envelope membrane protein	k141_22909:c18764-18009	P002_WH01_00056

DiscRep_SUB:FEATURE_LOCATION_CONFLICT::Coding region xref gene does not exist
P002_WH01/P002_WH01:CDS	photosystem I assembly protein Ycf4	k141_22909:c19902-19348	P002_WH01_00057

DiscRep_SUB:FEATURE_LOCATION_CONFLICT::Coding region xref gene does not exist
P002_WH01/P002_WH01:CDS	photosystem I subunit VIII	k141_22909:c20482-20372	P002_WH01_00058

DiscRep_SUB:FEATURE_LOCATION_CONFLICT::Coding region xref gene does not exist
P002_WH01/P002_WH01:CDS	Acetyl-coenzyme A carboxylase carboxyl transferase subunit beta, chloroplastic	k141_22909:c22670-21126	P002_WH01_00059

DiscRep_SUB:FEATURE_LOCATION_CONFLICT::Coding region xref gene does not exist
P002_WH01/P002_WH01:CDS	ribulose-1,5-bisphosphate carboxylase/oxygenase large subunit	k141_22909:c24749-23322	P002_WH01_00060

DiscRep_SUB:FEATURE_LOCATION_CONFLICT::Coding region xref gene does not exist
P002_WH01/P002_WH01:CDS	hypothetical protein	k141_22909:24823-24981	P002_WH01_00061

DiscRep_SUB:FEATURE_LOCATION_CONFLICT::Coding region xref gene does not exist
P002_WH01/P002_WH01:CDS	ATP synthase CF1 beta subunit	k141_22909:25642-27144	P002_WH01_00062

DiscRep_SUB:FEATURE_LOCATION_CONFLICT::Coding region xref gene does not exist
P002_WH01/P002_WH01:CDS	ATP synthase CF1 epsilon subunit	k141_22909:27141-27542	P002_WH01_00063

DiscRep_SUB:FEATURE_LOCATION_CONFLICT::Coding region xref gene does not exist
P002_WH01/P002_WH01:CDS	hypothetical protein	k141_22909:c28339-28136	P002_WH01_00065

DiscRep_SUB:FEATURE_LOCATION_CONFLICT::Coding region xref gene does not exist
P002_WH01/P002_WH01:CDS	hypothetical protein	k141_22909:c29022-28837	P002_WH01_00066

DiscRep_SUB:FEATURE_LOCATION_CONFLICT::Coding region xref gene does not exist
P002_WH01/P002_WH01:CDS	NADH-plastoquinone oxidoreductase subunit 3	k141_22909:29818-30180	P002_WH01_00067

DiscRep_SUB:FEATURE_LOCATION_CONFLICT::Coding region xref gene does not exist
P002_WH01/P002_WH01:CDS	NADH-plastoquinone oxidoreductase subunit K	k141_22909:30239-30886	P002_WH01_00068

DiscRep_SUB:FEATURE_LOCATION_CONFLICT::Coding region xref gene does not exist
P002_WH01/P002_WH01:CDS	NADH-plastoquinone oxidoreductase subunit J	k141_22909:31062-31538	P002_WH01_00069

DiscRep_SUB:FEATURE_LOCATION_CONFLICT::Coding region xref gene does not exist
P002_WH01/P002_WH01:CDS	hypothetical protein	k141_22909:c33131-32901	P002_WH01_00071

DiscRep_SUB:FEATURE_LOCATION_CONFLICT::Coding region xref gene does not exist
P002_WH01/P002_WH01:CDS	hypothetical protein	k141_22909:33335-33514	P002_WH01_00072

DiscRep_SUB:FEATURE_LOCATION_CONFLICT::Coding region xref gene does not exist
P002_WH01/P002_WH01:CDS	hypothetical protein	k141_22909:c34496-33918	P002_WH01_00074

DiscRep_SUB:FEATURE_LOCATION_CONFLICT::Coding region xref gene does not exist
P002_WH01/P002_WH01:CDS	hypothetical protein	k141_22909:35222-35443	P002_WH01_00075

DiscRep_SUB:FEATURE_LOCATION_CONFLICT::Coding region xref gene does not exist
P002_WH01/P002_WH01:CDS	ATP synthase CF1 alpha subunit	k141_22909:c37573-36050	P002_WH01_00077

DiscRep_SUB:FEATURE_LOCATION_CONFLICT::Coding region xref gene does not exist
P002_WH01/P002_WH01:CDS	ATP synthase CF0 subunit I	k141_22909:c38014-37640	P002_WH01_00078

DiscRep_SUB:FEATURE_LOCATION_CONFLICT::Coding region xref gene does not exist
P002_WH01/P002_WH01:CDS	ATP synthase CF0 subunit I	k141_22909:c39013-38843	P002_WH01_00079

DiscRep_SUB:FEATURE_LOCATION_CONFLICT::Coding region xref gene does not exist
P002_WH01/P002_WH01:CDS	ATP synthase CF0 subunit III	k141_22909:c39744-39499	P002_WH01_00080

DiscRep_SUB:FEATURE_LOCATION_CONFLICT::Coding region xref gene does not exist
P002_WH01/P002_WH01:CDS	ATP synthase CF0 subunit IV	k141_22909:c41643-40900	P002_WH01_00081

DiscRep_SUB:FEATURE_LOCATION_CONFLICT::Coding region xref gene does not exist
P002_WH01/P002_WH01:CDS	ribosomal protein S2	k141_22909:c42584-41877	P002_WH01_00082

DiscRep_SUB:FEATURE_LOCATION_CONFLICT::Coding region xref gene does not exist
P002_WH01/P002_WH01:CDS	RNA polymerase beta'' subunit	k141_22909:c44716-42779	P002_WH01_00083

DiscRep_SUB:FEATURE_LOCATION_CONFLICT::Coding region xref gene does not exist
P002_WH01/P002_WH01:CDS	RNA polymerase beta'' subunit	k141_22909:c46931-44787	P002_WH01_00084

DiscRep_SUB:FEATURE_LOCATION_CONFLICT::Coding region xref gene does not exist
P002_WH01/P002_WH01:CDS	RNA polymerase beta' subunit	k141_22909:c48745-47099	P002_WH01_00085

DiscRep_SUB:FEATURE_LOCATION_CONFLICT::Coding region xref gene does not exist
P002_WH01/P002_WH01:CDS	RNA polymerase beta' subunit	k141_22909:c49925-49458	P002_WH01_00086

DiscRep_SUB:FEATURE_LOCATION_CONFLICT::Coding region xref gene does not exist
P002_WH01/P002_WH01:CDS	RNA polymerase beta subunit	k141_22909:c53170-49922	P002_WH01_00087

DiscRep_SUB:FEATURE_LOCATION_CONFLICT::Coding region xref gene does not exist
P002_WH01/P002_WH01:CDS	hypothetical protein	k141_22909:c53420-53307	P002_WH01_00088

DiscRep_SUB:FEATURE_LOCATION_CONFLICT::Coding region xref gene does not exist
P002_WH01/P002_WH01:CDS	hypothetical protein	k141_22909:58377-58613	P002_WH01_00093

DiscRep_SUB:FEATURE_LOCATION_CONFLICT::Coding region xref gene does not exist
P002_WH01/P002_WH01:CDS	photosystem II protein D2	k141_22909:60189-61250	P002_WH01_00095

DiscRep_SUB:FEATURE_LOCATION_CONFLICT::Coding region xref gene does not exist
P002_WH01/P002_WH01:CDS	photosystem II CP43 chlorophyll apoprotein	k141_22909:61234-62619	P002_WH01_00096

DiscRep_SUB:FEATURE_LOCATION_CONFLICT::Coding region xref gene does not exist
P002_WH01/P002_WH01:CDS	Photosystem II reaction center protein Z	k141_22909:63167-63481	P002_WH01_00098

DiscRep_SUB:FEATURE_LOCATION_CONFLICT::Coding region xref gene does not exist
P002_WH01/P002_WH01:CDS	hypothetical protein	k141_22909:c64588-64385	P002_WH01_00101

DiscRep_SUB:FEATURE_LOCATION_CONFLICT::Coding region xref gene does not exist
P002_WH01/P002_WH01:CDS	photosystem I P700 apoprotein A2	k141_22909:c67052-64848	P002_WH01_00102

DiscRep_SUB:FEATURE_LOCATION_CONFLICT::Coding region xref gene does not exist
P002_WH01/P002_WH01:CDS	photosystem I P700 apoprotein A1	k141_22909:c69330-67078	P002_WH01_00103

DiscRep_SUB:FEATURE_LOCATION_CONFLICT::Coding region xref gene does not exist
P002_WH01/P002_WH01:CDS	hypothetical protein	k141_22909:c69674-69453	P002_WH01_00104

DiscRep_SUB:FEATURE_LOCATION_CONFLICT::Coding region xref gene does not exist
P002_WH01/P002_WH01:CDS	putative chloroplast RF34	k141_22909:c71175-70927	P002_WH01_00105

DiscRep_SUB:FEATURE_LOCATION_CONFLICT::Coding region xref gene does not exist
P002_WH01/P002_WH01:CDS	putative chloroplast RF34	k141_22909:c72026-71892	P002_WH01_00106

DiscRep_SUB:FEATURE_LOCATION_CONFLICT::Coding region xref gene does not exist
P002_WH01/P002_WH01:CDS	hypothetical protein	k141_22909:73349-73492	P002_WH01_00108

DiscRep_SUB:FEATURE_LOCATION_CONFLICT::Coding region xref gene does not exist
P002_WH01/P002_WH01:CDS	photosystem II protein K	k141_22909:c73794-73609	P002_WH01_00109

DiscRep_SUB:FEATURE_LOCATION_CONFLICT::Coding region xref gene does not exist
P002_WH01/P002_WH01:CDS	photosystem II protein D1	k141_22909:c75783-74722	P002_WH01_00112

DiscRep_SUB:FEATURE_LOCATION_CONFLICT::Coding region xref gene does not exist
P002_WH01/P002_WH01:CDS	maturase K	k141_22909:c77908-76382	P002_WH01_00113

DiscRep_SUB:FEATURE_LOCATION_CONFLICT::Coding region xref gene does not exist
P002_WH01/P002_WH01:CDS	hypothetical protein	k141_22909:c79929-79750	P002_WH01_00114

DiscRep_SUB:FEATURE_LOCATION_CONFLICT::Coding region xref gene does not exist
P002_WH01/P002_WH01:CDS	ribosomal protein S4	k141_22909:c82424-81792	P002_WH01_00115

DiscRep_SUB:FEATURE_LOCATION_CONFLICT::RNA feature xref gene does not exist
P002_WH01/P002_WH01:tRNA	Pro	k141_22909:13373-13446	P002_WH01_00050

DiscRep_SUB:FEATURE_LOCATION_CONFLICT::RNA feature xref gene does not exist
P002_WH01/P002_WH01:tRNA	Trp	k141_22909:13613-13687	P002_WH01_00051

DiscRep_SUB:FEATURE_LOCATION_CONFLICT::RNA feature xref gene does not exist
P002_WH01/P002_WH01:tRNA	Met	k141_22909:c27876-27804	P002_WH01_00064

DiscRep_SUB:FEATURE_LOCATION_CONFLICT::RNA feature xref gene does not exist
P002_WH01/P002_WH01:tRNA	Phe	k141_22909:c31982-31910	P002_WH01_00070

DiscRep_SUB:FEATURE_LOCATION_CONFLICT::RNA feature xref gene does not exist
P002_WH01/P002_WH01:tRNA	Ser	k141_22909:33695-33782	P002_WH01_00073

DiscRep_SUB:FEATURE_LOCATION_CONFLICT::RNA feature xref gene does not exist
P002_WH01/P002_WH01:tRNA	Arg	k141_22909:35833-35904	P002_WH01_00076

DiscRep_SUB:FEATURE_LOCATION_CONFLICT::RNA feature xref gene does not exist
P002_WH01/P002_WH01:tRNA	Cys	k141_22909:54238-54308	P002_WH01_00089

DiscRep_SUB:FEATURE_LOCATION_CONFLICT::RNA feature xref gene does not exist
P002_WH01/P002_WH01:tRNA	Asp	k141_22909:c57419-57342	P002_WH01_00090

DiscRep_SUB:FEATURE_LOCATION_CONFLICT::RNA feature xref gene does not exist
P002_WH01/P002_WH01:tRNA	Tyr	k141_22909:c57999-57914	P002_WH01_00091

DiscRep_SUB:FEATURE_LOCATION_CONFLICT::RNA feature xref gene does not exist
P002_WH01/P002_WH01:tRNA	Glu	k141_22909:c58133-58059	P002_WH01_00092

DiscRep_SUB:FEATURE_LOCATION_CONFLICT::RNA feature xref gene does not exist
P002_WH01/P002_WH01:tRNA	Thr	k141_22909:58812-58885	P002_WH01_00094

DiscRep_SUB:FEATURE_LOCATION_CONFLICT::RNA feature xref gene does not exist
P002_WH01/P002_WH01:tRNA	Ser	k141_22909:c62907-62815	P002_WH01_00097

DiscRep_SUB:FEATURE_LOCATION_CONFLICT::RNA feature xref gene does not exist
P002_WH01/P002_WH01:tRNA	Gly	k141_22909:63886-63956	P002_WH01_00099

DiscRep_SUB:FEATURE_LOCATION_CONFLICT::RNA feature xref gene does not exist
P002_WH01/P002_WH01:tRNA	Met	k141_22909:c64253-64180	P002_WH01_00100

DiscRep_SUB:FEATURE_LOCATION_CONFLICT::RNA feature xref gene does not exist
P002_WH01/P002_WH01:tRNA	Ser	k141_22909:72840-72926	P002_WH01_00107

DiscRep_SUB:FEATURE_LOCATION_CONFLICT::RNA feature xref gene does not exist
P002_WH01/P002_WH01:tRNA	Gln	k141_22909:74148-74219	P002_WH01_00110

DiscRep_SUB:FEATURE_LOCATION_CONFLICT::RNA feature xref gene does not exist
P002_WH01/P002_WH01:tRNA	His	k141_22909:c74415-74341	P002_WH01_00111

DiscRep_SUB:FEATURE_LOCATION_CONFLICT::Coding region xref gene does not exist
P002_WH01/P002_WH01:CDS	hypothetical protein	k141_540:35-3979	P002_WH01_00116

DiscRep_SUB:FEATURE_LOCATION_CONFLICT::Coding region xref gene does not exist
P002_WH01/P002_WH01:CDS	ribosomal protein S15	k141_540:4388-4660	P002_WH01_00117

DiscRep_SUB:FEATURE_LOCATION_CONFLICT::Coding region xref gene does not exist
P002_WH01/P002_WH01:CDS	NADH-plastoquinone oxidoreductase subunit 7	k141_540:4863-6044	P002_WH01_00118

DiscRep_SUB:FEATURE_LOCATION_CONFLICT::Coding region xref gene does not exist
P002_WH01/P002_WH01:CDS	NADH-plastoquinone oxidoreductase subunit 1	k141_540:6046-6678	P002_WH01_00119

DiscRep_SUB:FEATURE_LOCATION_CONFLICT::Coding region xref gene does not exist
P002_WH01/P002_WH01:CDS	hypothetical protein	k141_540:7385-7483	P002_WH01_00120

DiscRep_SUB:FEATURE_LOCATION_CONFLICT::Coding region xref gene does not exist
P002_WH01/P002_WH01:CDS	NADH-plastoquinone oxidoreductase subunit 1	k141_540:7726-7992	P002_WH01_00121

DiscRep_SUB:FEATURE_LOCATION_CONFLICT::Coding region xref gene does not exist
P002_WH01/P002_WH01:CDS	NADH-plastoquinone oxidoreductase subunit I	k141_540:8075-8617	P002_WH01_00122

DiscRep_SUB:FEATURE_LOCATION_CONFLICT::Coding region xref gene does not exist
P002_WH01/P002_WH01:CDS	NADH-plastoquinone oxidoreductase subunit 6	k141_540:9012-9545	P002_WH01_00123

DiscRep_SUB:FEATURE_LOCATION_CONFLICT::Coding region xref gene does not exist
P002_WH01/P002_WH01:CDS	NADH-plastoquinone oxidoreductase subunit 4L	k141_540:9807-10112	P002_WH01_00124

DiscRep_SUB:FEATURE_LOCATION_CONFLICT::Coding region xref gene does not exist
P002_WH01/P002_WH01:CDS	photosystem I subunit VII	k141_540:10359-10604	P002_WH01_00125

DiscRep_SUB:FEATURE_LOCATION_CONFLICT::Coding region xref gene does not exist
P002_WH01/P002_WH01:CDS	NADH-plastoquinone oxidoreductase subunit 4	k141_540:10717-12243	P002_WH01_00126

DiscRep_SUB:FEATURE_LOCATION_CONFLICT::Coding region xref gene does not exist
P002_WH01/P002_WH01:CDS	cytochrome c heme attachment protein	k141_540:c13481-12522	P002_WH01_00127

DiscRep_SUB:FEATURE_LOCATION_CONFLICT::Coding region xref gene does not exist
P002_WH01/P002_WH01:CDS	NADH-plastoquinone oxidoreductase subunit 5	k141_540:15817-18039	P002_WH01_00129

DiscRep_SUB:FEATURE_LOCATION_CONFLICT::RNA feature xref gene does not exist
P002_WH01/P002_WH01:tRNA	Leu	k141_540:c13668-13589	P002_WH01_00128

DiscRep_SUB:FEATURE_LOCATION_CONFLICT::Coding region xref gene does not exist
P002_WH01/P002_WH01:CDS	hypothetical protein	k141_17815:c519-94	P002_WH01_00130

DiscRep_SUB:FEATURE_LOCATION_CONFLICT::Coding region xref gene does not exist
P002_WH01/P002_WH01:CDS	hypothetical protein	k141_17815:c1062-712	P002_WH01_00131

DiscRep_ALL:SUSPECT_PRODUCT_NAMES::2 product_names contain suspect phrase or characters
DiscRep_SUB:SUSPECT_PRODUCT_NAMES::May contain database identifier more appropriate in note; remove from product name
DiscRep_SUB:SUSPECT_PRODUCT_NAMES::2 features contains three or more numbers together that may be identifiers more appropriate in note
P002_WH01/P002_WH01:CDS	photosystem I P700 apoprotein A2	k141_22909:c67052-64848	P002_WH01_00102
P002_WH01/P002_WH01:CDS	photosystem I P700 apoprotein A1	k141_22909:c69330-67078	P002_WH01_00103

DiscRep_ALL:DISC_QUALITY_SCORES::Quality scores are missing on all sequences.

DiscRep_ALL:ONCALLER_COMMENT_PRESENT::4 comment descriptors were found (all same)
P002_WH01/P002_WH01:k141_15403:Annotated using prokka 1.14.5 from https://github.com/tseemann/prokka
P002_WH01/P002_WH01:k141_22909:Annotated using prokka 1.14.5 from https://github.com/tseemann/prokka
P002_WH01/P002_WH01:k141_540:Annotated using prokka 1.14.5 from https://github.com/tseemann/prokka
P002_WH01/P002_WH01:k141_17815:Annotated using prokka 1.14.5 from https://github.com/tseemann/prokka

DiscRep_ALL:SHORT_PROT_SEQUENCES::11 protein sequences are shorter than 50 aa.
P002_WH01/P002_WH01:k141_15403_17 (length 36)
P002_WH01/P002_WH01:k141_15403_21 (length 49)
P002_WH01/P002_WH01:k141_22909_12 (length 38)
P002_WH01/P002_WH01:k141_22909_16 (length 44)
P002_WH01/P002_WH01:k141_22909_18 (length 39)
P002_WH01/P002_WH01:k141_22909_19 (length 40)
P002_WH01/P002_WH01:k141_22909_23 (length 36)
P002_WH01/P002_WH01:k141_22909_49 (length 37)
P002_WH01/P002_WH01:k141_22909_59 (length 44)
P002_WH01/P002_WH01:k141_22909_60 (length 47)
P002_WH01/P002_WH01:k141_540_5 (length 32)

DiscRep_ALL:MISSING_GENOMEASSEMBLY_COMMENTS::4 bioseqs are missing GenomeAssembly structured comments
P002_WH01/P002_WH01:k141_15403 (length 31296)
P002_WH01/P002_WH01:k141_22909 (length 82563)
P002_WH01/P002_WH01:k141_540 (length 18238)
P002_WH01/P002_WH01:k141_17815 (length 1183)

DiscRep_ALL:MOLTYPE_NOT_MRNA::4 molecule types are not set as mRNA.
P002_WH01/P002_WH01:k141_15403 (length 31296)
P002_WH01/P002_WH01:k141_22909 (length 82563)
P002_WH01/P002_WH01:k141_540 (length 18238)
P002_WH01/P002_WH01:k141_17815 (length 1183)

DiscRep_ALL:TECHNIQUE_NOT_TSA::4 technique are not set as TSA
P002_WH01/P002_WH01:k141_15403 (length 31296)
P002_WH01/P002_WH01:k141_22909 (length 82563)
P002_WH01/P002_WH01:k141_540 (length 18238)
P002_WH01/P002_WH01:k141_17815 (length 1183)

DiscRep_ALL:MISSING_STRUCTURED_COMMENT::4 sequences do not include structured comments.
P002_WH01/P002_WH01:k141_15403 (length 31296)
P002_WH01/P002_WH01:k141_22909 (length 82563)
P002_WH01/P002_WH01:k141_540 (length 18238)
P002_WH01/P002_WH01:k141_17815 (length 1183)

DiscRep_ALL:MISSING_PROJECT::109 sequences do not include project.
P002_WH01/P002_WH01:k141_15403 (length 31296)
P002_WH01/P002_WH01:k141_15403_1 (length 132)
P002_WH01/P002_WH01:k141_15403_2 (length 122)
P002_WH01/P002_WH01:k141_15403_3 (length 119)
P002_WH01/P002_WH01:k141_15403_4 (length 218)
P002_WH01/P002_WH01:k141_15403_5 (length 191)
P002_WH01/P002_WH01:k141_15403_6 (length 92)
P002_WH01/P002_WH01:k141_15403_7 (length 165)
P002_WH01/P002_WH01:k141_15403_8 (length 112)
P002_WH01/P002_WH01:k141_15403_9 (length 93)
P002_WH01/P002_WH01:k141_15403_10 (length 2268)
P002_WH01/P002_WH01:k141_15403_11 (length 98)
P002_WH01/P002_WH01:k141_15403_12 (length 260)
P002_WH01/P002_WH01:k141_15403_13 (length 264)
P002_WH01/P002_WH01:k141_15403_14 (length 155)
P002_WH01/P002_WH01:k141_15403_15 (length 56)
P002_WH01/P002_WH01:k141_15403_16 (length 53)
P002_WH01/P002_WH01:k141_15403_17 (length 36)
P002_WH01/P002_WH01:k141_15403_18 (length 106)
P002_WH01/P002_WH01:k141_15403_19 (length 82)
P002_WH01/P002_WH01:k141_15403_20 (length 67)
P002_WH01/P002_WH01:k141_15403_21 (length 49)
P002_WH01/P002_WH01:k141_15403_22 (length 82)
P002_WH01/P002_WH01:k141_15403_23 (length 61)
P002_WH01/P002_WH01:k141_15403_24 (length 79)
P002_WH01/P002_WH01:k141_15403_25 (length 71)
P002_WH01/P002_WH01:k141_22909 (length 82563)
P002_WH01/P002_WH01:k141_22909_1 (length 64)
P002_WH01/P002_WH01:k141_22909_2 (length 138)
P002_WH01/P002_WH01:k141_22909_3 (length 333)
P002_WH01/P002_WH01:k141_22909_4 (length 181)
P002_WH01/P002_WH01:k141_22909_5 (length 97)
P002_WH01/P002_WH01:k141_22909_6 (length 162)
P002_WH01/P002_WH01:k141_22909_7 (length 73)
P002_WH01/P002_WH01:k141_22909_8 (length 508)
P002_WH01/P002_WH01:k141_22909_9 (length 74)
P002_WH01/P002_WH01:k141_22909_10 (length 122)
P002_WH01/P002_WH01:k141_22909_11 (length 81)
P002_WH01/P002_WH01:k141_22909_12 (length 38)
P002_WH01/P002_WH01:k141_22909_13 (length 119)
P002_WH01/P002_WH01:k141_22909_14 (length 101)
P002_WH01/P002_WH01:k141_22909_15 (length 90)
P002_WH01/P002_WH01:k141_22909_16 (length 44)
P002_WH01/P002_WH01:k141_22909_17 (length 83)
P002_WH01/P002_WH01:k141_22909_18 (length 39)
P002_WH01/P002_WH01:k141_22909_19 (length 40)
P002_WH01/P002_WH01:k141_22909_20 (length 309)
P002_WH01/P002_WH01:k141_22909_21 (length 251)
P002_WH01/P002_WH01:k141_22909_22 (length 184)
P002_WH01/P002_WH01:k141_22909_23 (length 36)
P002_WH01/P002_WH01:k141_22909_24 (length 514)
P002_WH01/P002_WH01:k141_22909_25 (length 475)
P002_WH01/P002_WH01:k141_22909_26 (length 52)
P002_WH01/P002_WH01:k141_22909_27 (length 500)
P002_WH01/P002_WH01:k141_22909_28 (length 133)
P002_WH01/P002_WH01:k141_22909_29 (length 67)
P002_WH01/P002_WH01:k141_22909_30 (length 61)
P002_WH01/P002_WH01:k141_22909_31 (length 120)
P002_WH01/P002_WH01:k141_22909_32 (length 215)
P002_WH01/P002_WH01:k141_22909_33 (length 158)
P002_WH01/P002_WH01:k141_22909_34 (length 76)
P002_WH01/P002_WH01:k141_22909_35 (length 59)
P002_WH01/P002_WH01:k141_22909_36 (length 192)
P002_WH01/P002_WH01:k141_22909_37 (length 73)
P002_WH01/P002_WH01:k141_22909_38 (length 507)
P002_WH01/P002_WH01:k141_22909_39 (length 124)
P002_WH01/P002_WH01:k141_22909_40 (length 56)
P002_WH01/P002_WH01:k141_22909_41 (length 81)
P002_WH01/P002_WH01:k141_22909_42 (length 247)
P002_WH01/P002_WH01:k141_22909_43 (length 235)
P002_WH01/P002_WH01:k141_22909_44 (length 645)
P002_WH01/P002_WH01:k141_22909_45 (length 714)
P002_WH01/P002_WH01:k141_22909_46 (length 548)
P002_WH01/P002_WH01:k141_22909_47 (length 155)
P002_WH01/P002_WH01:k141_22909_48 (length 1082)
P002_WH01/P002_WH01:k141_22909_49 (length 37)
P002_WH01/P002_WH01:k141_22909_50 (length 78)
P002_WH01/P002_WH01:k141_22909_51 (length 353)
P002_WH01/P002_WH01:k141_22909_52 (length 461)
P002_WH01/P002_WH01:k141_22909_53 (length 104)
P002_WH01/P002_WH01:k141_22909_54 (length 67)
P002_WH01/P002_WH01:k141_22909_55 (length 734)
P002_WH01/P002_WH01:k141_22909_56 (length 750)
P002_WH01/P002_WH01:k141_22909_57 (length 73)
P002_WH01/P002_WH01:k141_22909_58 (length 82)
P002_WH01/P002_WH01:k141_22909_59 (length 44)
P002_WH01/P002_WH01:k141_22909_60 (length 47)
P002_WH01/P002_WH01:k141_22909_61 (length 61)
P002_WH01/P002_WH01:k141_22909_62 (length 353)
P002_WH01/P002_WH01:k141_22909_63 (length 508)
P002_WH01/P002_WH01:k141_22909_64 (length 59)
P002_WH01/P002_WH01:k141_22909_65 (length 210)
P002_WH01/P002_WH01:k141_540 (length 18238)
P002_WH01/P002_WH01:k141_540_1 (length 1314)
P002_WH01/P002_WH01:k141_540_2 (length 90)
P002_WH01/P002_WH01:k141_540_3 (length 393)
P002_WH01/P002_WH01:k141_540_4 (length 210)
P002_WH01/P002_WH01:k141_540_5 (length 32)
P002_WH01/P002_WH01:k141_540_6 (length 88)
P002_WH01/P002_WH01:k141_540_7 (length 180)
P002_WH01/P002_WH01:k141_540_8 (length 177)
P002_WH01/P002_WH01:k141_540_9 (length 101)
P002_WH01/P002_WH01:k141_540_10 (length 81)
P002_WH01/P002_WH01:k141_540_11 (length 508)
P002_WH01/P002_WH01:k141_540_12 (length 319)
P002_WH01/P002_WH01:k141_540_13 (length 740)
P002_WH01/P002_WH01:k141_17815 (length 1183)
P002_WH01/P002_WH01:k141_17815_1 (length 141)
P002_WH01/P002_WH01:k141_17815_2 (length 116)

DiscRep_ALL:DISC_INCONSISTENT_MOLINFO_TECH::Molinfo Technique Report (some missing, all same)
DiscRep_SUB:DISC_INCONSISTENT_MOLINFO_TECH::technique (all missing)
DiscRep_SUB:DISC_INCONSISTENT_MOLINFO_TECH::4 Molinfos are missing field technique
P002_WH01/P002_WH01:k141_540 (length 18238)
P002_WH01/P002_WH01:k141_15403 (length 31296)
P002_WH01/P002_WH01:k141_17815 (length 1183)
P002_WH01/P002_WH01:k141_22909 (length 82563)

