[16:51:48] This is prokka 1.14.5
[16:51:48] Written by Torsten Seemann <torsten.seemann@gmail.com>
[16:51:48] Homepage is https://github.com/tseemann/prokka
[16:51:48] Local time is Fri Nov 26 16:51:48 2021
[16:51:48] You are ruud
[16:51:48] Operating system is linux
[16:51:48] You have BioPerl 1.7.8
[16:51:48] System has 40 cores.
[16:51:48] Will use maximum of 40 cores.
[16:51:48] Annotating as >>> Bacteria <<<
[16:51:48] Creating new output folder: P002_WG09
[16:51:48] Running: mkdir -p P002_WG09
[16:51:48] Using filename prefix: P002_WG09.XXX
[16:51:48] Setting HMMER_NCPU=1
[16:51:48] Writing log to: P002_WG09/P002_WG09.log
[16:51:48] Command: /usr/local/packages/prokka-1.14.5/bin/prokka --cpus 40 --prefix P002_WG09 --Kingdom Bacteria --locustag P002_WG09 --proteins vaccinium.gb ../02_Blast/chloroplast_contigs_rapid_genomics_run2/P002_WG09_chloroplast_contigs.fa
[16:51:48] Appending to PATH: /home/local/packages/prokka-1.14.5/bin/../binaries/linux
[16:51:48] Appending to PATH: /home/local/packages/prokka-1.14.5/bin/../binaries/linux/../common
[16:51:48] Appending to PATH: /home/local/packages/prokka-1.14.5/bin
[16:51:48] Looking for 'aragorn' - found /usr/local/packages/Anaconda3-2019.10/bin/aragorn
[16:51:48] Determined aragorn version is 001002 from 'ARAGORN v1.2.38 Dean Laslett'
[16:51:48] Looking for 'barrnap' - found /usr/local/packages/Anaconda3-2019.10/bin/barrnap
[16:51:48] Determined barrnap version is 000009 from 'barrnap 0.9'
[16:51:48] Looking for 'blastp' - found /usr/local/packages/Anaconda3-2019.10/bin/blastp
[16:51:49] Determined blastp version is 002011 from 'blastp: 2.11.0+'
[16:51:49] Looking for 'cmpress' - found /usr/local/packages/Anaconda3-2019.10/bin/cmpress
[16:51:49] Determined cmpress version is 001001 from '# INFERNAL 1.1.2 (July 2016)'
[16:51:49] Looking for 'cmscan' - found /usr/local/packages/Anaconda3-2019.10/bin/cmscan
[16:51:49] Determined cmscan version is 001001 from '# INFERNAL 1.1.2 (July 2016)'
[16:51:49] Looking for 'egrep' - found /bin/egrep
[16:51:49] Looking for 'find' - found /bin/find
[16:51:49] Looking for 'grep' - found /bin/grep
[16:51:49] Looking for 'hmmpress' - found /usr/local/packages/Anaconda3-2019.10/bin/hmmpress
[16:51:49] Determined hmmpress version is 003003 from '# HMMER 3.3.2 (Nov 2020); http://hmmer.org/'
[16:51:49] Looking for 'hmmscan' - found /usr/local/packages/Anaconda3-2019.10/bin/hmmscan
[16:51:49] Determined hmmscan version is 003003 from '# HMMER 3.3.2 (Nov 2020); http://hmmer.org/'
[16:51:49] Looking for 'java' - found /usr/local/packages/jdk1.8.0_191/bin/java
[16:51:49] Looking for 'makeblastdb' - found /usr/local/packages/Anaconda3-2019.10/bin/makeblastdb
[16:51:49] Determined makeblastdb version is 002011 from 'makeblastdb: 2.11.0+'
[16:51:49] Looking for 'minced' - found /usr/local/packages/Anaconda3-2019.10/bin/minced
[16:51:49] Determined minced version is 004002 from 'minced 0.4.2'
[16:51:49] Looking for 'parallel' - found /usr/local/packages/Anaconda3-2019.10/bin/parallel
[16:51:50] Determined parallel version is 20210822 from 'GNU parallel 20210822'
[16:51:50] Looking for 'prodigal' - found /usr/local/packages/Anaconda3-2019.10/bin/prodigal
[16:51:50] Determined prodigal version is 002006 from 'Prodigal V2.6.3: February, 2016'
[16:51:50] Looking for 'prokka-genbank_to_fasta_db' - found /usr/local/packages/prokka-1.14.5/bin/prokka-genbank_to_fasta_db
[16:51:50] Looking for 'sed' - found /bin/sed
[16:51:50] Looking for 'tbl2asn' - found /usr/local/packages/Anaconda3-2019.10/bin/tbl2asn
[16:51:50] Determined tbl2asn version is 025008 from 'tbl2asn 25.8   arguments:'
[16:51:50] Using genetic code table 11.
[16:51:50] Loading and checking input file: ../02_Blast/chloroplast_contigs_rapid_genomics_run2/P002_WG09_chloroplast_contigs.fa
[16:51:50] Wrote 8 contigs totalling 130206 bp.
[16:51:50] Predicting tRNAs and tmRNAs
[16:51:50] Running: aragorn -l -gc11  -w P002_WG09\/P002_WG09\.fna
[16:51:50] 1 tRNA-Ser c[2771,2860] 35 (tga)
[16:51:50] 2 tRNA-Gly [3932,4003] 33 (gcc)
[16:51:50] 3 tRNA-Met c[4203,4277] 35 (cat)
[16:51:50] 4 tRNA-Ser [12454,12541] 35 (gga)
[16:51:50] 5 tRNA-Thr c[13664,13738] 35 (tgt)
[16:51:50] 6 tRNA-Phe [15256,15329] 34 (gaa)
[16:51:50] 1 tRNA-Leu c[13494,13573] 35 (tag)
[16:51:50] 1 tRNA-Met c[358,430] 34 (cat)
[16:51:50] 1 tRNA-His [1027,1101] 35 (gtg)
[16:51:50] 1 tRNA-Pro [6525,6599] 35 (tgg)
[16:51:50] 2 tRNA-Trp [6875,6948] 35 (cca)
[16:51:50] 3 tRNA-Met c[20800,20872] 34 (cat)
[16:51:50] 1 tRNA-Met c[2509,2583] 34 (cat)
[16:51:50] 2 tRNA-Leu c[10565,10647] 35 (caa)
[16:51:50] 3 tRNA-Val [16708,16779] 33 (gac)
[16:51:50] 4 tRNA-Arg [24499,24573] 35 (acg)
[16:51:50] 5 tRNA-Asn c[25298,25371] 34 (gtt)
[16:51:50] 1 tRNA-Thr c[1522,1595] 34 (ggt)
[16:51:50] 2 tRNA-Glu [1845,1919] 36 (ttc)
[16:51:50] 3 tRNA-Tyr [1977,2062] 36 (gta)
[16:51:50] 4 tRNA-Asp [2543,2619] 36 (gtc)
[16:51:50] 5 tRNA-Cys c[5670,5740] 33 (gca)
[16:51:50] 6 tRNA-Arg c[24182,24253] 34 (tct)
[16:51:50] 7 tRNA-Ser [25877,25964] 35 (gct)
[16:51:50] 8 tRNA-Gln [27221,27292] 33 (ttg)
[16:51:50] Found 25 tRNAs
[16:51:50] Predicting Ribosomal RNAs
[16:51:50] Running Barrnap with 40 threads
[16:51:51] 1 k141_6207 17009 16S ribosomal RNA
[16:51:51] 2 k141_6207 20904 23S ribosomal RNA
[16:51:51] Found 2 rRNAs
[16:51:51] Skipping ncRNA search, enable with --rfam if desired.
[16:51:51] Total of 27 tRNA + rRNA features
[16:51:51] Searching for CRISPR repeats
[16:51:51] Found 0 CRISPRs
[16:51:51] Predicting coding sequences
[16:51:51] Contigs total 130206 bp, so using single mode
[16:51:51] Running: prodigal -i P002_WG09\/P002_WG09\.fna -c -m -g 11 -p single -f sco -q
[16:51:51] Excluding CDS which overlaps existing RNA (tRNA) at k141_8883:2754..2924 on + strand
[16:51:51] Excluding CDS which overlaps existing RNA (tRNA) at k141_8883:4268..4483 on - strand
[16:51:51] Excluding CDS which overlaps existing RNA (rRNA) at k141_6207:18249..18536 on - strand
[16:51:51] Excluding CDS which overlaps existing RNA (rRNA) at k141_6207:20584..21129 on + strand
[16:51:51] Excluding CDS which overlaps existing RNA (rRNA) at k141_6207:21270..21503 on - strand
[16:51:51] Found 91 CDS
[16:51:51] Connecting features back to sequences
[16:51:51] Not using genus-specific database. Try --usegenus to enable it.
[16:51:51] Preparing user-supplied primary BLAST annotation source: vaccinium.gb
[16:51:51] Guessed source was in genbank format.
[16:51:51] Converting genbank 'vaccinium.gb' into Prokka FASTA 'P002_WG09/proteins.faa'
[16:51:51] Running: prokka-genbank_to_fasta_db --format genbank vaccinium\.gb > P002_WG09\/proteins\.faa 2> /dev/null
[16:51:52] Running: makeblastdb -dbtype prot -in P002_WG09\/proteins\.faa -out P002_WG09\/proteins -logfile /dev/null
[16:51:53] Using /inference source as 'vaccinium.gb'
[16:51:53] Annotating CDS, please be patient.
[16:51:53] Will use 40 CPUs for similarity searching.
[16:51:53] There are still 91 unannotated CDS left (started with 91)
[16:51:53] Will use blast to search against P002_WG09/proteins with 40 CPUs
[16:51:53] Running: cat P002_WG09\/P002_WG09\.proteins\.tmp\.32915\.faa | parallel --gnu --plain -j 40 --block 284 --recstart '>' --pipe blastp -query - -db P002_WG09/proteins -evalue 1e-09 -qcov_hsp_perc 80 -num_threads 1 -num_descriptions 1 -num_alignments 1 -seg no > P002_WG09\/P002_WG09\.proteins\.tmp\.32915\.blast 2> /dev/null
[16:51:54] Deleting unwanted file: P002_WG09/P002_WG09.proteins.tmp.32915.faa
[16:51:54] Deleting unwanted file: P002_WG09/P002_WG09.proteins.tmp.32915.blast
[16:51:54] There are still 28 unannotated CDS left (started with 91)
[16:51:54] Will use blast to search against /home/local/packages/prokka-1.14.5/db/kingdom/Bacteria/IS with 40 CPUs
[16:51:54] Running: cat P002_WG09\/P002_WG09\.IS\.tmp\.32915\.faa | parallel --gnu --plain -j 40 --block 77 --recstart '>' --pipe blastp -query - -db /home/local/packages/prokka-1.14.5/db/kingdom/Bacteria/IS -evalue 1e-30 -qcov_hsp_perc 90 -num_threads 1 -num_descriptions 1 -num_alignments 1 -seg no > P002_WG09\/P002_WG09\.IS\.tmp\.32915\.blast 2> /dev/null
[16:51:55] Deleting unwanted file: P002_WG09/P002_WG09.IS.tmp.32915.faa
[16:51:55] Deleting unwanted file: P002_WG09/P002_WG09.IS.tmp.32915.blast
[16:51:55] There are still 28 unannotated CDS left (started with 91)
[16:51:55] Will use blast to search against /home/local/packages/prokka-1.14.5/db/kingdom/Bacteria/AMR with 40 CPUs
[16:51:55] Running: cat P002_WG09\/P002_WG09\.AMR\.tmp\.32915\.faa | parallel --gnu --plain -j 40 --block 77 --recstart '>' --pipe blastp -query - -db /home/local/packages/prokka-1.14.5/db/kingdom/Bacteria/AMR -evalue 1e-300 -qcov_hsp_perc 90 -num_threads 1 -num_descriptions 1 -num_alignments 1 -seg no > P002_WG09\/P002_WG09\.AMR\.tmp\.32915\.blast 2> /dev/null
[16:51:57] Deleting unwanted file: P002_WG09/P002_WG09.AMR.tmp.32915.faa
[16:51:57] Deleting unwanted file: P002_WG09/P002_WG09.AMR.tmp.32915.blast
[16:51:57] There are still 28 unannotated CDS left (started with 91)
[16:51:57] Will use blast to search against /home/local/packages/prokka-1.14.5/db/kingdom/Bacteria/sprot with 40 CPUs
[16:51:57] Running: cat P002_WG09\/P002_WG09\.sprot\.tmp\.32915\.faa | parallel --gnu --plain -j 40 --block 77 --recstart '>' --pipe blastp -query - -db /home/local/packages/prokka-1.14.5/db/kingdom/Bacteria/sprot -evalue 1e-09 -qcov_hsp_perc 80 -num_threads 1 -num_descriptions 1 -num_alignments 1 -seg no > P002_WG09\/P002_WG09\.sprot\.tmp\.32915\.blast 2> /dev/null
[16:51:59] Deleting unwanted file: P002_WG09/P002_WG09.sprot.tmp.32915.faa
[16:51:59] Deleting unwanted file: P002_WG09/P002_WG09.sprot.tmp.32915.blast
[16:51:59] There are still 25 unannotated CDS left (started with 91)
[16:51:59] Will use hmmer3 to search against /home/local/packages/prokka-1.14.5/db/hmm/HAMAP.hmm with 40 CPUs
[16:51:59] Running: cat P002_WG09\/P002_WG09\.HAMAP\.hmm\.tmp\.32915\.faa | parallel --gnu --plain -j 40 --block 71 --recstart '>' --pipe hmmscan --noali --notextw --acc -E 1e-09 --cpu 1 /home/local/packages/prokka-1.14.5/db/hmm/HAMAP.hmm /dev/stdin > P002_WG09\/P002_WG09\.HAMAP\.hmm\.tmp\.32915\.hmmer3 2> /dev/null
[16:52:01] Deleting unwanted file: P002_WG09/P002_WG09.HAMAP.hmm.tmp.32915.faa
[16:52:01] Deleting unwanted file: P002_WG09/P002_WG09.HAMAP.hmm.tmp.32915.hmmer3
[16:52:01] Deleting unwanted file: P002_WG09/proteins.psq
[16:52:01] Deleting unwanted file: P002_WG09/proteins.phr
[16:52:01] Deleting unwanted file: P002_WG09/proteins.pin
[16:52:01] Labelling remaining 22 proteins as 'hypothetical protein'
[16:52:01] Possible /pseudo 'NADH-plastoquinone oxidoreductase subunit 1' at k141_21392 position 7515
[16:52:01] Possible /pseudo 'ATP-dependent Clp protease proteolytic subunit' at k141_19915 position 2714
[16:52:01] Possible /pseudo 'NADH-plastoquinone oxidoreductase subunit 2' at k141_6207 position 12541
[16:52:01] Possible /pseudo 'RNA polymerase beta' subunit' at k141_31749 position 11684
[16:52:01] Found 62 unique /gene codes.
[16:52:01] Fixed 2 duplicate /gene - ndhB_1 ndhB_2
[16:52:01] Fixed 2 duplicate /gene - ycf3_1 ycf3_2
[16:52:01] Fixed 2 duplicate /gene - rpoC1_1 rpoC1_2
[16:52:01] Fixed 2 duplicate /gene - rpl2_1 rpl2_2
[16:52:01] Fixed 2 duplicate /gene - atpF_1 atpF_2
[16:52:01] Fixed 2 duplicate /gene - clpP_1 clpP_2
[16:52:01] Fixed 2 duplicate /gene - ndhA_1 ndhA_2
[16:52:01] Fixed 7 colliding /gene names.
[16:52:01] Adding /locus_tag identifiers
[16:52:01] Assigned 118 locus_tags to CDS and RNA features.
[16:52:01] Writing outputs to P002_WG09/
[16:52:01] Generating annotation statistics file
[16:52:01] Generating Genbank and Sequin files
[16:52:01] Running: tbl2asn -V b -a r10k -l paired-ends -M n -N 1 -y 'Annotated using prokka 1.14.5 from https://github.com/tseemann/prokka' -Z P002_WG09\/P002_WG09\.err -i P002_WG09\/P002_WG09\.fsa 2> /dev/null
[16:52:02] Deleting unwanted file: P002_WG09/errorsummary.val
[16:52:02] Deleting unwanted file: P002_WG09/P002_WG09.dr
[16:52:02] Deleting unwanted file: P002_WG09/P002_WG09.fixedproducts
[16:52:02] Deleting unwanted file: P002_WG09/P002_WG09.ecn
[16:52:02] Deleting unwanted file: P002_WG09/P002_WG09.val
[16:52:02] Repairing broken .GBK output that tbl2asn produces...
[16:52:02] Running: sed 's/COORDINATES: profile/COORDINATES:profile/' < P002_WG09\/P002_WG09\.gbf > P002_WG09\/P002_WG09\.gbk
[16:52:02] Deleting unwanted file: P002_WG09/P002_WG09.gbf
[16:52:02] Output files:
[16:52:02] P002_WG09/P002_WG09.tsv
[16:52:02] P002_WG09/P002_WG09.gbk
[16:52:02] P002_WG09/P002_WG09.faa
[16:52:02] P002_WG09/P002_WG09.log
[16:52:02] P002_WG09/P002_WG09.tbl
[16:52:02] P002_WG09/P002_WG09.fna
[16:52:02] P002_WG09/P002_WG09.gff
[16:52:02] P002_WG09/P002_WG09.err
[16:52:02] P002_WG09/P002_WG09.sqn
[16:52:02] P002_WG09/P002_WG09.txt
[16:52:02] P002_WG09/P002_WG09.fsa
[16:52:02] P002_WG09/P002_WG09.ffn
[16:52:02] Annotation finished successfully.
[16:52:02] Walltime used: 0.23 minutes
[16:52:02] If you use this result please cite the Prokka paper:
[16:52:02] Seemann T (2014) Prokka: rapid prokaryotic genome annotation. Bioinformatics. 30(14):2068-9.
[16:52:02] Type 'prokka --citation' for more details.
[16:52:02] Thank you, come again.
