Discrepancy Report Results

Summary
FATAL: MISSING_PROTEIN_ID:94 proteins have invalid IDs.
DISC_SOURCE_QUALS_ASNDISC:strain (all present, all same)
DISC_SOURCE_QUALS_ASNDISC:taxname (all present, all same)
DISC_FEATURE_COUNT:CDS: 94 present
DISC_FEATURE_COUNT:tRNA: 24 present
DISC_FEATURE_COUNT:rRNA: 2 present
DISC_COUNT_NUCLEOTIDES:4 nucleotide Bioseqs are present
FEATURE_LOCATION_CONFLICT:120 features have inconsistent gene locations.
SUSPECT_PRODUCT_NAMES:2 product_names contain suspect phrase or characters
	May contain database identifier more appropriate in note; remove from product name
		2 features contains three or more numbers together that may be identifiers more appropriate in note
DISC_QUALITY_SCORES:Quality scores are missing on all sequences.
ONCALLER_COMMENT_PRESENT:4 comment descriptors were found (all same)
SHORT_PROT_SEQUENCES:9 protein sequences are shorter than 50 aa.
MISSING_GENOMEASSEMBLY_COMMENTS:4 bioseqs are missing GenomeAssembly structured comments
MOLTYPE_NOT_MRNA:4 molecule types are not set as mRNA.
TECHNIQUE_NOT_TSA:4 technique are not set as TSA
MISSING_STRUCTURED_COMMENT:4 sequences do not include structured comments.
MISSING_PROJECT:98 sequences do not include project.
DISC_INCONSISTENT_MOLINFO_TECH:Molinfo Technique Report (some missing, all same)


Detailed Report

FATAL: DiscRep_ALL:MISSING_PROTEIN_ID::94 proteins have invalid IDs.
P001_WA10/P001_WA10:k141_11795_1 (length 142)
P001_WA10/P001_WA10:k141_11795_2 (length 38)
P001_WA10/P001_WA10:k141_11795_3 (length 133)
P001_WA10/P001_WA10:k141_11795_4 (length 93)
P001_WA10/P001_WA10:k141_11795_5 (length 2293)
P001_WA10/P001_WA10:k141_11795_6 (length 260)
P001_WA10/P001_WA10:k141_11795_7 (length 282)
P001_WA10/P001_WA10:k141_11795_8 (length 155)
P001_WA10/P001_WA10:k141_11795_9 (length 95)
P001_WA10/P001_WA10:k141_11795_10 (length 91)
P001_WA10/P001_WA10:k141_11795_11 (length 73)
P001_WA10/P001_WA10:k141_11795_12 (length 64)
P001_WA10/P001_WA10:k141_172210_1 (length 353)
P001_WA10/P001_WA10:k141_172210_2 (length 502)
P001_WA10/P001_WA10:k141_172210_3 (length 60)
P001_WA10/P001_WA10:k141_172210_4 (length 53)
P001_WA10/P001_WA10:k141_172210_5 (length 98)
P001_WA10/P001_WA10:k141_172210_6 (length 515)
P001_WA10/P001_WA10:k141_172210_7 (length 124)
P001_WA10/P001_WA10:k141_172210_8 (length 56)
P001_WA10/P001_WA10:k141_172210_9 (length 81)
P001_WA10/P001_WA10:k141_172210_10 (length 84)
P001_WA10/P001_WA10:k141_172210_11 (length 244)
P001_WA10/P001_WA10:k141_172210_12 (length 276)
P001_WA10/P001_WA10:k141_172210_13 (length 1382)
P001_WA10/P001_WA10:k141_172210_14 (length 566)
P001_WA10/P001_WA10:k141_172210_15 (length 152)
P001_WA10/P001_WA10:k141_172210_16 (length 1077)
P001_WA10/P001_WA10:k141_172210_17 (length 69)
P001_WA10/P001_WA10:k141_172210_18 (length 353)
P001_WA10/P001_WA10:k141_172210_19 (length 461)
P001_WA10/P001_WA10:k141_172210_20 (length 76)
P001_WA10/P001_WA10:k141_172210_21 (length 100)
P001_WA10/P001_WA10:k141_172210_22 (length 734)
P001_WA10/P001_WA10:k141_172210_23 (length 750)
P001_WA10/P001_WA10:k141_172210_24 (length 87)
P001_WA10/P001_WA10:k141_172210_25 (length 82)
P001_WA10/P001_WA10:k141_172210_26 (length 201)
P001_WA10/P001_WA10:k141_172210_27 (length 32)
P001_WA10/P001_WA10:k141_172210_28 (length 158)
P001_WA10/P001_WA10:k141_172210_29 (length 229)
P001_WA10/P001_WA10:k141_172210_30 (length 120)
P001_WA10/P001_WA10:k141_172210_31 (length 58)
P001_WA10/P001_WA10:k141_172210_32 (length 135)
P001_WA10/P001_WA10:k141_172210_33 (length 496)
P001_WA10/P001_WA10:k141_172210_34 (length 479)
P001_WA10/P001_WA10:k141_172210_35 (length 476)
P001_WA10/P001_WA10:k141_172210_36 (length 74)
P001_WA10/P001_WA10:k141_172210_37 (length 36)
P001_WA10/P001_WA10:k141_172210_38 (length 176)
P001_WA10/P001_WA10:k141_172210_39 (length 230)
P001_WA10/P001_WA10:k141_172210_40 (length 319)
P001_WA10/P001_WA10:k141_172210_41 (length 40)
P001_WA10/P001_WA10:k141_172210_42 (length 83)
P001_WA10/P001_WA10:k141_172210_43 (length 42)
P001_WA10/P001_WA10:k141_172210_44 (length 37)
P001_WA10/P001_WA10:k141_172210_45 (length 44)
P001_WA10/P001_WA10:k141_172210_46 (length 48)
P001_WA10/P001_WA10:k141_172210_47 (length 102)
P001_WA10/P001_WA10:k141_172210_48 (length 128)
P001_WA10/P001_WA10:k141_172210_49 (length 120)
P001_WA10/P001_WA10:k141_172210_50 (length 37)
P001_WA10/P001_WA10:k141_172210_51 (length 91)
P001_WA10/P001_WA10:k141_172210_52 (length 508)
P001_WA10/P001_WA10:k141_172210_53 (length 73)
P001_WA10/P001_WA10:k141_172210_54 (length 79)
P001_WA10/P001_WA10:k141_172210_55 (length 66)
P001_WA10/P001_WA10:k141_172210_56 (length 180)
P001_WA10/P001_WA10:k141_172210_57 (length 152)
P001_WA10/P001_WA10:k141_172210_58 (length 336)
P001_WA10/P001_WA10:k141_172210_59 (length 135)
P001_WA10/P001_WA10:k141_172210_60 (length 59)
P001_WA10/P001_WA10:k141_172210_61 (length 134)
P001_WA10/P001_WA10:k141_172210_62 (length 122)
P001_WA10/P001_WA10:k141_172210_63 (length 123)
P001_WA10/P001_WA10:k141_172210_64 (length 218)
P001_WA10/P001_WA10:k141_172210_65 (length 145)
P001_WA10/P001_WA10:k141_172210_66 (length 92)
P001_WA10/P001_WA10:k141_4791_1 (length 51)
P001_WA10/P001_WA10:k141_4791_2 (length 111)
P001_WA10/P001_WA10:k141_139055_1 (length 761)
P001_WA10/P001_WA10:k141_139055_2 (length 58)
P001_WA10/P001_WA10:k141_139055_3 (length 70)
P001_WA10/P001_WA10:k141_139055_4 (length 324)
P001_WA10/P001_WA10:k141_139055_5 (length 443)
P001_WA10/P001_WA10:k141_139055_6 (length 81)
P001_WA10/P001_WA10:k141_139055_7 (length 101)
P001_WA10/P001_WA10:k141_139055_8 (length 176)
P001_WA10/P001_WA10:k141_139055_9 (length 167)
P001_WA10/P001_WA10:k141_139055_10 (length 135)
P001_WA10/P001_WA10:k141_139055_11 (length 191)
P001_WA10/P001_WA10:k141_139055_12 (length 393)
P001_WA10/P001_WA10:k141_139055_13 (length 84)
P001_WA10/P001_WA10:k141_139055_14 (length 1242)

DiscRep_ALL:DISC_SOURCE_QUALS_ASNDISC::strain (all present, all same)
DiscRep_SUB:DISC_SOURCE_QUALS_ASNDISC::4 sources have 'strain' for strain
DiscRep_ALL:DISC_SOURCE_QUALS_ASNDISC::taxname (all present, all same)
DiscRep_SUB:DISC_SOURCE_QUALS_ASNDISC::4 sources have 'Genus species' for taxname
DiscRep_ALL:DISC_FEATURE_COUNT::CDS: 94 present
DiscRep_ALL:DISC_FEATURE_COUNT::tRNA: 24 present
DiscRep_ALL:DISC_FEATURE_COUNT::rRNA: 2 present
DiscRep_ALL:DISC_COUNT_NUCLEOTIDES::4 nucleotide Bioseqs are present
P001_WA10/P001_WA10:k141_11795 (length 26212)
P001_WA10/P001_WA10:k141_172210 (length 83811)
P001_WA10/P001_WA10:k141_4791 (length 1147)
P001_WA10/P001_WA10:k141_139055 (length 17327)

DiscRep_ALL:FEATURE_LOCATION_CONFLICT::120 features have inconsistent gene locations.
DiscRep_SUB:FEATURE_LOCATION_CONFLICT::Coding region xref gene does not exist
P001_WA10/P001_WA10:CDS	ribosomal protein L2	k141_11795:c481-53	P001_WA10_00001

DiscRep_SUB:FEATURE_LOCATION_CONFLICT::Coding region xref gene does not exist
P001_WA10/P001_WA10:CDS	hypothetical protein	k141_11795:c949-833	P001_WA10_00002

DiscRep_SUB:FEATURE_LOCATION_CONFLICT::Coding region xref gene does not exist
P001_WA10/P001_WA10:CDS	ribosomal protein L2	k141_11795:c1535-1134	P001_WA10_00003

DiscRep_SUB:FEATURE_LOCATION_CONFLICT::Coding region xref gene does not exist
P001_WA10/P001_WA10:CDS	ribosomal protein L23	k141_11795:c1835-1554	P001_WA10_00004

DiscRep_SUB:FEATURE_LOCATION_CONFLICT::Coding region xref gene does not exist
P001_WA10/P001_WA10:CDS	hypothetical protein	k141_11795:2163-9044	P001_WA10_00006

DiscRep_SUB:FEATURE_LOCATION_CONFLICT::Coding region xref gene does not exist
P001_WA10/P001_WA10:CDS	NADH-plastoquinone oxidoreductase subunit 2	k141_11795:c11040-10258	P001_WA10_00008

DiscRep_SUB:FEATURE_LOCATION_CONFLICT::Coding region xref gene does not exist
P001_WA10/P001_WA10:CDS	NADH-plastoquinone oxidoreductase subunit 2	k141_11795:c12475-11627	P001_WA10_00009

DiscRep_SUB:FEATURE_LOCATION_CONFLICT::Coding region xref gene does not exist
P001_WA10/P001_WA10:CDS	ribosomal protein S7	k141_11795:c13242-12775	P001_WA10_00010

DiscRep_SUB:FEATURE_LOCATION_CONFLICT::Coding region xref gene does not exist
P001_WA10/P001_WA10:CDS	hypothetical protein	k141_11795:14845-15132	P001_WA10_00011

DiscRep_SUB:FEATURE_LOCATION_CONFLICT::Coding region xref gene does not exist
P001_WA10/P001_WA10:CDS	hypothetical protein	k141_11795:c17912-17637	P001_WA10_00014

DiscRep_SUB:FEATURE_LOCATION_CONFLICT::Coding region xref gene does not exist
P001_WA10/P001_WA10:CDS	hypothetical protein	k141_11795:18291-18512	P001_WA10_00015

DiscRep_SUB:FEATURE_LOCATION_CONFLICT::Coding region xref gene does not exist
P001_WA10/P001_WA10:CDS	hypothetical protein	k141_11795:18890-19084	P001_WA10_00016

DiscRep_SUB:FEATURE_LOCATION_CONFLICT::RNA feature xref gene does not exist
P001_WA10/P001_WA10:tRNA	Met	k141_11795:c2074-2000	P001_WA10_00005

DiscRep_SUB:FEATURE_LOCATION_CONFLICT::RNA feature xref gene does not exist
P001_WA10/P001_WA10:tRNA	Leu	k141_11795:c9714-9632	P001_WA10_00007

DiscRep_SUB:FEATURE_LOCATION_CONFLICT::RNA feature xref gene does not exist
P001_WA10/P001_WA10:tRNA	Val	k141_11795:15543-15614	P001_WA10_00012

DiscRep_SUB:FEATURE_LOCATION_CONFLICT::RNA feature xref gene does not exist
P001_WA10/P001_WA10:rRNA	16S ribosomal RNA	k141_11795:15854-17340	P001_WA10_00013

DiscRep_SUB:FEATURE_LOCATION_CONFLICT::RNA feature xref gene does not exist
P001_WA10/P001_WA10:rRNA	23S ribosomal RNA	k141_11795:19708-22718	P001_WA10_00017

DiscRep_SUB:FEATURE_LOCATION_CONFLICT::RNA feature xref gene does not exist
P001_WA10/P001_WA10:tRNA	Arg	k141_11795:23273-23347	P001_WA10_00018

DiscRep_SUB:FEATURE_LOCATION_CONFLICT::RNA feature xref gene does not exist
P001_WA10/P001_WA10:tRNA	Asn	k141_11795:c23983-23910	P001_WA10_00019

DiscRep_SUB:FEATURE_LOCATION_CONFLICT::Coding region xref gene does not exist
P001_WA10/P001_WA10:CDS	photosystem II protein D1	k141_172210:c1530-469	P001_WA10_00021

DiscRep_SUB:FEATURE_LOCATION_CONFLICT::Coding region xref gene does not exist
P001_WA10/P001_WA10:CDS	maturase K	k141_172210:c3553-2045	P001_WA10_00022

DiscRep_SUB:FEATURE_LOCATION_CONFLICT::Coding region xref gene does not exist
P001_WA10/P001_WA10:CDS	hypothetical protein	k141_172210:c4694-4512	P001_WA10_00023

DiscRep_SUB:FEATURE_LOCATION_CONFLICT::Coding region xref gene does not exist
P001_WA10/P001_WA10:CDS	ribosomal protein S16	k141_172210:c5203-5042	P001_WA10_00024

DiscRep_SUB:FEATURE_LOCATION_CONFLICT::Coding region xref gene does not exist
P001_WA10/P001_WA10:CDS	Photosystem II reaction center protein K	k141_172210:7843-8139	P001_WA10_00026

DiscRep_SUB:FEATURE_LOCATION_CONFLICT::Coding region xref gene does not exist
P001_WA10/P001_WA10:CDS	ATP synthase CF1 alpha subunit	k141_172210:c12137-10590	P001_WA10_00029

DiscRep_SUB:FEATURE_LOCATION_CONFLICT::Coding region xref gene does not exist
P001_WA10/P001_WA10:CDS	ATP synthase CF0 subunit I	k141_172210:c12537-12163	P001_WA10_00030

DiscRep_SUB:FEATURE_LOCATION_CONFLICT::Coding region xref gene does not exist
P001_WA10/P001_WA10:CDS	ATP synthase CF0 subunit I	k141_172210:c13404-13234	P001_WA10_00031

DiscRep_SUB:FEATURE_LOCATION_CONFLICT::Coding region xref gene does not exist
P001_WA10/P001_WA10:CDS	ATP synthase CF0 subunit III	k141_172210:c13955-13710	P001_WA10_00032

DiscRep_SUB:FEATURE_LOCATION_CONFLICT::Coding region xref gene does not exist
P001_WA10/P001_WA10:CDS	hypothetical protein	k141_172210:14663-14917	P001_WA10_00033

DiscRep_SUB:FEATURE_LOCATION_CONFLICT::Coding region xref gene does not exist
P001_WA10/P001_WA10:CDS	ATP synthase CF0 subunit IV	k141_172210:c15794-15060	P001_WA10_00034

DiscRep_SUB:FEATURE_LOCATION_CONFLICT::Coding region xref gene does not exist
P001_WA10/P001_WA10:CDS	ribosomal protein S2	k141_172210:c16853-16023	P001_WA10_00035

DiscRep_SUB:FEATURE_LOCATION_CONFLICT::Coding region xref gene does not exist
P001_WA10/P001_WA10:CDS	RNA polymerase beta'' subunit	k141_172210:c21110-16962	P001_WA10_00036

DiscRep_SUB:FEATURE_LOCATION_CONFLICT::Coding region xref gene does not exist
P001_WA10/P001_WA10:CDS	RNA polymerase beta' subunit	k141_172210:c22971-21271	P001_WA10_00037

DiscRep_SUB:FEATURE_LOCATION_CONFLICT::Coding region xref gene does not exist
P001_WA10/P001_WA10:CDS	RNA polymerase beta' subunit	k141_172210:c24076-23618	P001_WA10_00038

DiscRep_SUB:FEATURE_LOCATION_CONFLICT::Coding region xref gene does not exist
P001_WA10/P001_WA10:CDS	RNA polymerase beta subunit	k141_172210:c27315-24082	P001_WA10_00039

DiscRep_SUB:FEATURE_LOCATION_CONFLICT::Coding region xref gene does not exist
P001_WA10/P001_WA10:CDS	hypothetical protein	k141_172210:c28297-28088	P001_WA10_00040

DiscRep_SUB:FEATURE_LOCATION_CONFLICT::Coding region xref gene does not exist
P001_WA10/P001_WA10:CDS	photosystem II protein D2	k141_172210:33019-34080	P001_WA10_00046

DiscRep_SUB:FEATURE_LOCATION_CONFLICT::Coding region xref gene does not exist
P001_WA10/P001_WA10:CDS	photosystem II CP43 chlorophyll apoprotein	k141_172210:34064-35449	P001_WA10_00047

DiscRep_SUB:FEATURE_LOCATION_CONFLICT::Coding region xref gene does not exist
P001_WA10/P001_WA10:CDS	photosystem II protein Z	k141_172210:36078-36308	P001_WA10_00049

DiscRep_SUB:FEATURE_LOCATION_CONFLICT::Coding region xref gene does not exist
P001_WA10/P001_WA10:CDS	ribosomal protein S14	k141_172210:c37382-37080	P001_WA10_00052

DiscRep_SUB:FEATURE_LOCATION_CONFLICT::Coding region xref gene does not exist
P001_WA10/P001_WA10:CDS	photosystem I P700 apoprotein A2	k141_172210:c39717-37513	P001_WA10_00053

DiscRep_SUB:FEATURE_LOCATION_CONFLICT::Coding region xref gene does not exist
P001_WA10/P001_WA10:CDS	photosystem I P700 apoprotein A1	k141_172210:c41995-39743	P001_WA10_00054

DiscRep_SUB:FEATURE_LOCATION_CONFLICT::Coding region xref gene does not exist
P001_WA10/P001_WA10:CDS	hypothetical protein	k141_172210:c42647-42384	P001_WA10_00055

DiscRep_SUB:FEATURE_LOCATION_CONFLICT::Coding region xref gene does not exist
P001_WA10/P001_WA10:CDS	putative chloroplast RF34	k141_172210:c43886-43638	P001_WA10_00056

DiscRep_SUB:FEATURE_LOCATION_CONFLICT::Coding region xref gene does not exist
P001_WA10/P001_WA10:CDS	ribosomal protein S4	k141_172210:c46189-45584	P001_WA10_00058

DiscRep_SUB:FEATURE_LOCATION_CONFLICT::Coding region xref gene does not exist
P001_WA10/P001_WA10:CDS	hypothetical protein	k141_172210:47432-47530	P001_WA10_00060

DiscRep_SUB:FEATURE_LOCATION_CONFLICT::Coding region xref gene does not exist
P001_WA10/P001_WA10:CDS	NADH-plastoquinone oxidoreductase subunit J	k141_172210:c49548-49072	P001_WA10_00062

DiscRep_SUB:FEATURE_LOCATION_CONFLICT::Coding region xref gene does not exist
P001_WA10/P001_WA10:CDS	NADH-plastoquinone oxidoreductase subunit K	k141_172210:c50384-49695	P001_WA10_00063

DiscRep_SUB:FEATURE_LOCATION_CONFLICT::Coding region xref gene does not exist
P001_WA10/P001_WA10:CDS	NADH-plastoquinone oxidoreductase subunit 3	k141_172210:c50804-50442	P001_WA10_00064

DiscRep_SUB:FEATURE_LOCATION_CONFLICT::Coding region xref gene does not exist
P001_WA10/P001_WA10:CDS	hypothetical protein	k141_172210:c51953-51777	P001_WA10_00065

DiscRep_SUB:FEATURE_LOCATION_CONFLICT::Coding region xref gene does not exist
P001_WA10/P001_WA10:CDS	ATP synthase CF1 epsilon subunit	k141_172210:c52746-52339	P001_WA10_00067

DiscRep_SUB:FEATURE_LOCATION_CONFLICT::Coding region xref gene does not exist
P001_WA10/P001_WA10:CDS	ATP synthase CF1 beta subunit	k141_172210:c54233-52743	P001_WA10_00068

DiscRep_SUB:FEATURE_LOCATION_CONFLICT::Coding region xref gene does not exist
P001_WA10/P001_WA10:CDS	ribulose-1,5-bisphosphate carboxylase/oxygenase large subunit	k141_172210:54791-56230	P001_WA10_00069

DiscRep_SUB:FEATURE_LOCATION_CONFLICT::Coding region xref gene does not exist
P001_WA10/P001_WA10:CDS	Acetyl-coenzyme A carboxylase carboxyl transferase subunit beta, chloroplastic	k141_172210:56865-58295	P001_WA10_00070

DiscRep_SUB:FEATURE_LOCATION_CONFLICT::Coding region xref gene does not exist
P001_WA10/P001_WA10:CDS	hypothetical protein	k141_172210:c58458-58234	P001_WA10_00071

DiscRep_SUB:FEATURE_LOCATION_CONFLICT::Coding region xref gene does not exist
P001_WA10/P001_WA10:CDS	photosystem I subunit VIII	k141_172210:59008-59118	P001_WA10_00072

DiscRep_SUB:FEATURE_LOCATION_CONFLICT::Coding region xref gene does not exist
P001_WA10/P001_WA10:CDS	photosystem I assembly protein Ycf4	k141_172210:59572-60102	P001_WA10_00073

DiscRep_SUB:FEATURE_LOCATION_CONFLICT::Coding region xref gene does not exist
P001_WA10/P001_WA10:CDS	envelope membrane protein	k141_172210:60751-61443	P001_WA10_00074

DiscRep_SUB:FEATURE_LOCATION_CONFLICT::Coding region xref gene does not exist
P001_WA10/P001_WA10:CDS	cytochrome f	k141_172210:61719-62678	P001_WA10_00075

DiscRep_SUB:FEATURE_LOCATION_CONFLICT::Coding region xref gene does not exist
P001_WA10/P001_WA10:CDS	photosystem II protein J	k141_172210:c63805-63683	P001_WA10_00076

DiscRep_SUB:FEATURE_LOCATION_CONFLICT::Coding region xref gene does not exist
P001_WA10/P001_WA10:CDS	photosystem II cytochrome b559 alpha subunit	k141_172210:c64465-64214	P001_WA10_00077

DiscRep_SUB:FEATURE_LOCATION_CONFLICT::Coding region xref gene does not exist
P001_WA10/P001_WA10:CDS	Cytochrome b6-f complex subunit 6	k141_172210:65309-65437	P001_WA10_00078

DiscRep_SUB:FEATURE_LOCATION_CONFLICT::Coding region xref gene does not exist
P001_WA10/P001_WA10:CDS	cytochrome b6/f complex subunit V	k141_172210:65610-65723	P001_WA10_00079

DiscRep_SUB:FEATURE_LOCATION_CONFLICT::Coding region xref gene does not exist
P001_WA10/P001_WA10:CDS	photosystem I subunit IX	k141_172210:66491-66625	P001_WA10_00082

DiscRep_SUB:FEATURE_LOCATION_CONFLICT::Coding region xref gene does not exist
P001_WA10/P001_WA10:CDS	hypothetical protein	k141_172210:67029-67175	P001_WA10_00083

DiscRep_SUB:FEATURE_LOCATION_CONFLICT::Coding region xref gene does not exist
P001_WA10/P001_WA10:CDS	ribosomal protein S18	k141_172210:67435-67743	P001_WA10_00084

DiscRep_SUB:FEATURE_LOCATION_CONFLICT::Coding region xref gene does not exist
P001_WA10/P001_WA10:CDS	ribosomal protein L20	k141_172210:c68361-67975	P001_WA10_00085

DiscRep_SUB:FEATURE_LOCATION_CONFLICT::Coding region xref gene does not exist
P001_WA10/P001_WA10:CDS	ATP-dependent Clp protease proteolytic subunit	k141_172210:c69724-69362	P001_WA10_00086

DiscRep_SUB:FEATURE_LOCATION_CONFLICT::Coding region xref gene does not exist
P001_WA10/P001_WA10:CDS	hypothetical protein	k141_172210:c70044-69931	P001_WA10_00087

DiscRep_SUB:FEATURE_LOCATION_CONFLICT::Coding region xref gene does not exist
P001_WA10/P001_WA10:CDS	ATP-dependent Clp protease proteolytic subunit	k141_172210:c70412-70137	P001_WA10_00088

DiscRep_SUB:FEATURE_LOCATION_CONFLICT::Coding region xref gene does not exist
P001_WA10/P001_WA10:CDS	photosystem II CP47 chlorophyll apoprotein	k141_172210:71989-73515	P001_WA10_00089

DiscRep_SUB:FEATURE_LOCATION_CONFLICT::Coding region xref gene does not exist
P001_WA10/P001_WA10:CDS	photosystem II phosphoprotein	k141_172210:74157-74378	P001_WA10_00090

DiscRep_SUB:FEATURE_LOCATION_CONFLICT::Coding region xref gene does not exist
P001_WA10/P001_WA10:CDS	hypothetical protein	k141_172210:74696-74935	P001_WA10_00091

DiscRep_SUB:FEATURE_LOCATION_CONFLICT::Coding region xref gene does not exist
P001_WA10/P001_WA10:CDS	hypothetical protein	k141_172210:c75141-74941	P001_WA10_00092

DiscRep_SUB:FEATURE_LOCATION_CONFLICT::Coding region xref gene does not exist
P001_WA10/P001_WA10:CDS	cytochrome b6	k141_172210:75373-75915	P001_WA10_00093

DiscRep_SUB:FEATURE_LOCATION_CONFLICT::Coding region xref gene does not exist
P001_WA10/P001_WA10:CDS	cytochrome b6/f complex subunit IV	k141_172210:76749-77207	P001_WA10_00094

DiscRep_SUB:FEATURE_LOCATION_CONFLICT::Coding region xref gene does not exist
P001_WA10/P001_WA10:CDS	DNA-directed RNA polymerase subunit alpha	k141_172210:c78392-77382	P001_WA10_00095

DiscRep_SUB:FEATURE_LOCATION_CONFLICT::Coding region xref gene does not exist
P001_WA10/P001_WA10:CDS	ribosomal protein S11	k141_172210:c78874-78467	P001_WA10_00096

DiscRep_SUB:FEATURE_LOCATION_CONFLICT::Coding region xref gene does not exist
P001_WA10/P001_WA10:CDS	translational initiation factor 1	k141_172210:c79359-79180	P001_WA10_00097

DiscRep_SUB:FEATURE_LOCATION_CONFLICT::Coding region xref gene does not exist
P001_WA10/P001_WA10:CDS	ribosomal protein S8	k141_172210:c80073-79669	P001_WA10_00098

DiscRep_SUB:FEATURE_LOCATION_CONFLICT::Coding region xref gene does not exist
P001_WA10/P001_WA10:CDS	ribosomal protein L14	k141_172210:c80609-80241	P001_WA10_00099

DiscRep_SUB:FEATURE_LOCATION_CONFLICT::Coding region xref gene does not exist
P001_WA10/P001_WA10:CDS	ribosomal protein L16	k141_172210:c81101-80730	P001_WA10_00100

DiscRep_SUB:FEATURE_LOCATION_CONFLICT::Coding region xref gene does not exist
P001_WA10/P001_WA10:CDS	ribosomal protein S3	k141_172210:c82938-82282	P001_WA10_00101

DiscRep_SUB:FEATURE_LOCATION_CONFLICT::Coding region xref gene does not exist
P001_WA10/P001_WA10:CDS	ribosomal protein L22	k141_172210:c83360-82923	P001_WA10_00102

DiscRep_SUB:FEATURE_LOCATION_CONFLICT::Coding region xref gene does not exist
P001_WA10/P001_WA10:CDS	ribosomal protein S19	k141_172210:c83702-83424	P001_WA10_00103

DiscRep_SUB:FEATURE_LOCATION_CONFLICT::RNA feature xref gene does not exist
P001_WA10/P001_WA10:tRNA	His	k141_172210:c228-154	P001_WA10_00020

DiscRep_SUB:FEATURE_LOCATION_CONFLICT::RNA feature xref gene does not exist
P001_WA10/P001_WA10:tRNA	Gln	k141_172210:c7632-7561	P001_WA10_00025

DiscRep_SUB:FEATURE_LOCATION_CONFLICT::RNA feature xref gene does not exist
P001_WA10/P001_WA10:tRNA	Ser	k141_172210:c8889-8802	P001_WA10_00027

DiscRep_SUB:FEATURE_LOCATION_CONFLICT::RNA feature xref gene does not exist
P001_WA10/P001_WA10:tRNA	Arg	k141_172210:10381-10452	P001_WA10_00028

DiscRep_SUB:FEATURE_LOCATION_CONFLICT::RNA feature xref gene does not exist
P001_WA10/P001_WA10:tRNA	Cys	k141_172210:28322-28392	P001_WA10_00041

DiscRep_SUB:FEATURE_LOCATION_CONFLICT::RNA feature xref gene does not exist
P001_WA10/P001_WA10:tRNA	Asp	k141_172210:c30418-30342	P001_WA10_00042

DiscRep_SUB:FEATURE_LOCATION_CONFLICT::RNA feature xref gene does not exist
P001_WA10/P001_WA10:tRNA	Tyr	k141_172210:c30609-30523	P001_WA10_00043

DiscRep_SUB:FEATURE_LOCATION_CONFLICT::RNA feature xref gene does not exist
P001_WA10/P001_WA10:tRNA	Glu	k141_172210:c30745-30673	P001_WA10_00044

DiscRep_SUB:FEATURE_LOCATION_CONFLICT::RNA feature xref gene does not exist
P001_WA10/P001_WA10:tRNA	Thr	k141_172210:31549-31621	P001_WA10_00045

DiscRep_SUB:FEATURE_LOCATION_CONFLICT::RNA feature xref gene does not exist
P001_WA10/P001_WA10:tRNA	Ser	k141_172210:c35785-35693	P001_WA10_00048

DiscRep_SUB:FEATURE_LOCATION_CONFLICT::RNA feature xref gene does not exist
P001_WA10/P001_WA10:tRNA	Gly	k141_172210:36604-36675	P001_WA10_00050

DiscRep_SUB:FEATURE_LOCATION_CONFLICT::RNA feature xref gene does not exist
P001_WA10/P001_WA10:tRNA	Met	k141_172210:c36919-36845	P001_WA10_00051

DiscRep_SUB:FEATURE_LOCATION_CONFLICT::RNA feature xref gene does not exist
P001_WA10/P001_WA10:tRNA	Ser	k141_172210:45183-45271	P001_WA10_00057

DiscRep_SUB:FEATURE_LOCATION_CONFLICT::RNA feature xref gene does not exist
P001_WA10/P001_WA10:tRNA	Thr	k141_172210:c46598-46524	P001_WA10_00059

DiscRep_SUB:FEATURE_LOCATION_CONFLICT::RNA feature xref gene does not exist
P001_WA10/P001_WA10:tRNA	Phe	k141_172210:48347-48419	P001_WA10_00061

DiscRep_SUB:FEATURE_LOCATION_CONFLICT::RNA feature xref gene does not exist
P001_WA10/P001_WA10:tRNA	Met	k141_172210:52101-52173	P001_WA10_00066

DiscRep_SUB:FEATURE_LOCATION_CONFLICT::RNA feature xref gene does not exist
P001_WA10/P001_WA10:tRNA	Trp	k141_172210:c65932-65859	P001_WA10_00080

DiscRep_SUB:FEATURE_LOCATION_CONFLICT::RNA feature xref gene does not exist
P001_WA10/P001_WA10:tRNA	Pro	k141_172210:c66144-66071	P001_WA10_00081

DiscRep_SUB:FEATURE_LOCATION_CONFLICT::Coding region xref gene does not exist
P001_WA10/P001_WA10:CDS	hypothetical protein	k141_4791:c299-144	P001_WA10_00104

DiscRep_SUB:FEATURE_LOCATION_CONFLICT::Coding region xref gene does not exist
P001_WA10/P001_WA10:CDS	hypothetical protein	k141_4791:579-914	P001_WA10_00105

DiscRep_SUB:FEATURE_LOCATION_CONFLICT::Coding region xref gene does not exist
P001_WA10/P001_WA10:CDS	NADH-plastoquinone oxidoreductase subunit 5	k141_139055:c2392-107	P001_WA10_00106

DiscRep_SUB:FEATURE_LOCATION_CONFLICT::Coding region xref gene does not exist
P001_WA10/P001_WA10:CDS	hypothetical protein	k141_139055:c2940-2764	P001_WA10_00107

DiscRep_SUB:FEATURE_LOCATION_CONFLICT::Coding region xref gene does not exist
P001_WA10/P001_WA10:CDS	hypothetical protein	k141_139055:c3320-3108	P001_WA10_00108

DiscRep_SUB:FEATURE_LOCATION_CONFLICT::Coding region xref gene does not exist
P001_WA10/P001_WA10:CDS	cytochrome c heme attachment protein	k141_139055:4095-5069	P001_WA10_00110

DiscRep_SUB:FEATURE_LOCATION_CONFLICT::Coding region xref gene does not exist
P001_WA10/P001_WA10:CDS	NADH-plastoquinone oxidoreductase subunit 4	k141_139055:c6646-5315	P001_WA10_00111

DiscRep_SUB:FEATURE_LOCATION_CONFLICT::Coding region xref gene does not exist
P001_WA10/P001_WA10:CDS	photosystem I subunit VII	k141_139055:c7169-6924	P001_WA10_00112

DiscRep_SUB:FEATURE_LOCATION_CONFLICT::Coding region xref gene does not exist
P001_WA10/P001_WA10:CDS	NADH-plastoquinone oxidoreductase subunit 4L	k141_139055:c7744-7439	P001_WA10_00113

DiscRep_SUB:FEATURE_LOCATION_CONFLICT::Coding region xref gene does not exist
P001_WA10/P001_WA10:CDS	NADH-plastoquinone oxidoreductase subunit 6	k141_139055:c8379-7849	P001_WA10_00114

DiscRep_SUB:FEATURE_LOCATION_CONFLICT::Coding region xref gene does not exist
P001_WA10/P001_WA10:CDS	NADH-plastoquinone oxidoreductase subunit I	k141_139055:c9250-8747	P001_WA10_00115

DiscRep_SUB:FEATURE_LOCATION_CONFLICT::Coding region xref gene does not exist
P001_WA10/P001_WA10:CDS	NADH-plastoquinone oxidoreductase subunit 1	k141_139055:c9742-9335	P001_WA10_00116

DiscRep_SUB:FEATURE_LOCATION_CONFLICT::Coding region xref gene does not exist
P001_WA10/P001_WA10:CDS	NADH-plastoquinone oxidoreductase subunit 1	k141_139055:c11589-11014	P001_WA10_00117

DiscRep_SUB:FEATURE_LOCATION_CONFLICT::Coding region xref gene does not exist
P001_WA10/P001_WA10:CDS	NADH-plastoquinone oxidoreductase subunit 7	k141_139055:c12772-11591	P001_WA10_00118

DiscRep_SUB:FEATURE_LOCATION_CONFLICT::Coding region xref gene does not exist
P001_WA10/P001_WA10:CDS	ribosomal protein S15	k141_139055:c13144-12890	P001_WA10_00119

DiscRep_SUB:FEATURE_LOCATION_CONFLICT::Coding region xref gene does not exist
P001_WA10/P001_WA10:CDS	hypothetical protein	k141_139055:c17256-13528	P001_WA10_00120

DiscRep_SUB:FEATURE_LOCATION_CONFLICT::RNA feature xref gene does not exist
P001_WA10/P001_WA10:tRNA	Leu	k141_139055:3917-3996	P001_WA10_00109

DiscRep_ALL:SUSPECT_PRODUCT_NAMES::2 product_names contain suspect phrase or characters
DiscRep_SUB:SUSPECT_PRODUCT_NAMES::May contain database identifier more appropriate in note; remove from product name
DiscRep_SUB:SUSPECT_PRODUCT_NAMES::2 features contains three or more numbers together that may be identifiers more appropriate in note
P001_WA10/P001_WA10:CDS	photosystem I P700 apoprotein A2	k141_172210:c39717-37513	P001_WA10_00053
P001_WA10/P001_WA10:CDS	photosystem I P700 apoprotein A1	k141_172210:c41995-39743	P001_WA10_00054

DiscRep_ALL:DISC_QUALITY_SCORES::Quality scores are missing on all sequences.

DiscRep_ALL:ONCALLER_COMMENT_PRESENT::4 comment descriptors were found (all same)
P001_WA10/P001_WA10:k141_11795:Annotated using prokka 1.14.5 from https://github.com/tseemann/prokka
P001_WA10/P001_WA10:k141_172210:Annotated using prokka 1.14.5 from https://github.com/tseemann/prokka
P001_WA10/P001_WA10:k141_4791:Annotated using prokka 1.14.5 from https://github.com/tseemann/prokka
P001_WA10/P001_WA10:k141_139055:Annotated using prokka 1.14.5 from https://github.com/tseemann/prokka

DiscRep_ALL:SHORT_PROT_SEQUENCES::9 protein sequences are shorter than 50 aa.
P001_WA10/P001_WA10:k141_11795_2 (length 38)
P001_WA10/P001_WA10:k141_172210_27 (length 32)
P001_WA10/P001_WA10:k141_172210_37 (length 36)
P001_WA10/P001_WA10:k141_172210_41 (length 40)
P001_WA10/P001_WA10:k141_172210_43 (length 42)
P001_WA10/P001_WA10:k141_172210_44 (length 37)
P001_WA10/P001_WA10:k141_172210_45 (length 44)
P001_WA10/P001_WA10:k141_172210_46 (length 48)
P001_WA10/P001_WA10:k141_172210_50 (length 37)

DiscRep_ALL:MISSING_GENOMEASSEMBLY_COMMENTS::4 bioseqs are missing GenomeAssembly structured comments
P001_WA10/P001_WA10:k141_11795 (length 26212)
P001_WA10/P001_WA10:k141_172210 (length 83811)
P001_WA10/P001_WA10:k141_4791 (length 1147)
P001_WA10/P001_WA10:k141_139055 (length 17327)

DiscRep_ALL:MOLTYPE_NOT_MRNA::4 molecule types are not set as mRNA.
P001_WA10/P001_WA10:k141_11795 (length 26212)
P001_WA10/P001_WA10:k141_172210 (length 83811)
P001_WA10/P001_WA10:k141_4791 (length 1147)
P001_WA10/P001_WA10:k141_139055 (length 17327)

DiscRep_ALL:TECHNIQUE_NOT_TSA::4 technique are not set as TSA
P001_WA10/P001_WA10:k141_11795 (length 26212)
P001_WA10/P001_WA10:k141_172210 (length 83811)
P001_WA10/P001_WA10:k141_4791 (length 1147)
P001_WA10/P001_WA10:k141_139055 (length 17327)

DiscRep_ALL:MISSING_STRUCTURED_COMMENT::4 sequences do not include structured comments.
P001_WA10/P001_WA10:k141_11795 (length 26212)
P001_WA10/P001_WA10:k141_172210 (length 83811)
P001_WA10/P001_WA10:k141_4791 (length 1147)
P001_WA10/P001_WA10:k141_139055 (length 17327)

DiscRep_ALL:MISSING_PROJECT::98 sequences do not include project.
P001_WA10/P001_WA10:k141_11795 (length 26212)
P001_WA10/P001_WA10:k141_11795_1 (length 142)
P001_WA10/P001_WA10:k141_11795_2 (length 38)
P001_WA10/P001_WA10:k141_11795_3 (length 133)
P001_WA10/P001_WA10:k141_11795_4 (length 93)
P001_WA10/P001_WA10:k141_11795_5 (length 2293)
P001_WA10/P001_WA10:k141_11795_6 (length 260)
P001_WA10/P001_WA10:k141_11795_7 (length 282)
P001_WA10/P001_WA10:k141_11795_8 (length 155)
P001_WA10/P001_WA10:k141_11795_9 (length 95)
P001_WA10/P001_WA10:k141_11795_10 (length 91)
P001_WA10/P001_WA10:k141_11795_11 (length 73)
P001_WA10/P001_WA10:k141_11795_12 (length 64)
P001_WA10/P001_WA10:k141_172210 (length 83811)
P001_WA10/P001_WA10:k141_172210_1 (length 353)
P001_WA10/P001_WA10:k141_172210_2 (length 502)
P001_WA10/P001_WA10:k141_172210_3 (length 60)
P001_WA10/P001_WA10:k141_172210_4 (length 53)
P001_WA10/P001_WA10:k141_172210_5 (length 98)
P001_WA10/P001_WA10:k141_172210_6 (length 515)
P001_WA10/P001_WA10:k141_172210_7 (length 124)
P001_WA10/P001_WA10:k141_172210_8 (length 56)
P001_WA10/P001_WA10:k141_172210_9 (length 81)
P001_WA10/P001_WA10:k141_172210_10 (length 84)
P001_WA10/P001_WA10:k141_172210_11 (length 244)
P001_WA10/P001_WA10:k141_172210_12 (length 276)
P001_WA10/P001_WA10:k141_172210_13 (length 1382)
P001_WA10/P001_WA10:k141_172210_14 (length 566)
P001_WA10/P001_WA10:k141_172210_15 (length 152)
P001_WA10/P001_WA10:k141_172210_16 (length 1077)
P001_WA10/P001_WA10:k141_172210_17 (length 69)
P001_WA10/P001_WA10:k141_172210_18 (length 353)
P001_WA10/P001_WA10:k141_172210_19 (length 461)
P001_WA10/P001_WA10:k141_172210_20 (length 76)
P001_WA10/P001_WA10:k141_172210_21 (length 100)
P001_WA10/P001_WA10:k141_172210_22 (length 734)
P001_WA10/P001_WA10:k141_172210_23 (length 750)
P001_WA10/P001_WA10:k141_172210_24 (length 87)
P001_WA10/P001_WA10:k141_172210_25 (length 82)
P001_WA10/P001_WA10:k141_172210_26 (length 201)
P001_WA10/P001_WA10:k141_172210_27 (length 32)
P001_WA10/P001_WA10:k141_172210_28 (length 158)
P001_WA10/P001_WA10:k141_172210_29 (length 229)
P001_WA10/P001_WA10:k141_172210_30 (length 120)
P001_WA10/P001_WA10:k141_172210_31 (length 58)
P001_WA10/P001_WA10:k141_172210_32 (length 135)
P001_WA10/P001_WA10:k141_172210_33 (length 496)
P001_WA10/P001_WA10:k141_172210_34 (length 479)
P001_WA10/P001_WA10:k141_172210_35 (length 476)
P001_WA10/P001_WA10:k141_172210_36 (length 74)
P001_WA10/P001_WA10:k141_172210_37 (length 36)
P001_WA10/P001_WA10:k141_172210_38 (length 176)
P001_WA10/P001_WA10:k141_172210_39 (length 230)
P001_WA10/P001_WA10:k141_172210_40 (length 319)
P001_WA10/P001_WA10:k141_172210_41 (length 40)
P001_WA10/P001_WA10:k141_172210_42 (length 83)
P001_WA10/P001_WA10:k141_172210_43 (length 42)
P001_WA10/P001_WA10:k141_172210_44 (length 37)
P001_WA10/P001_WA10:k141_172210_45 (length 44)
P001_WA10/P001_WA10:k141_172210_46 (length 48)
P001_WA10/P001_WA10:k141_172210_47 (length 102)
P001_WA10/P001_WA10:k141_172210_48 (length 128)
P001_WA10/P001_WA10:k141_172210_49 (length 120)
P001_WA10/P001_WA10:k141_172210_50 (length 37)
P001_WA10/P001_WA10:k141_172210_51 (length 91)
P001_WA10/P001_WA10:k141_172210_52 (length 508)
P001_WA10/P001_WA10:k141_172210_53 (length 73)
P001_WA10/P001_WA10:k141_172210_54 (length 79)
P001_WA10/P001_WA10:k141_172210_55 (length 66)
P001_WA10/P001_WA10:k141_172210_56 (length 180)
P001_WA10/P001_WA10:k141_172210_57 (length 152)
P001_WA10/P001_WA10:k141_172210_58 (length 336)
P001_WA10/P001_WA10:k141_172210_59 (length 135)
P001_WA10/P001_WA10:k141_172210_60 (length 59)
P001_WA10/P001_WA10:k141_172210_61 (length 134)
P001_WA10/P001_WA10:k141_172210_62 (length 122)
P001_WA10/P001_WA10:k141_172210_63 (length 123)
P001_WA10/P001_WA10:k141_172210_64 (length 218)
P001_WA10/P001_WA10:k141_172210_65 (length 145)
P001_WA10/P001_WA10:k141_172210_66 (length 92)
P001_WA10/P001_WA10:k141_4791 (length 1147)
P001_WA10/P001_WA10:k141_4791_1 (length 51)
P001_WA10/P001_WA10:k141_4791_2 (length 111)
P001_WA10/P001_WA10:k141_139055 (length 17327)
P001_WA10/P001_WA10:k141_139055_1 (length 761)
P001_WA10/P001_WA10:k141_139055_2 (length 58)
P001_WA10/P001_WA10:k141_139055_3 (length 70)
P001_WA10/P001_WA10:k141_139055_4 (length 324)
P001_WA10/P001_WA10:k141_139055_5 (length 443)
P001_WA10/P001_WA10:k141_139055_6 (length 81)
P001_WA10/P001_WA10:k141_139055_7 (length 101)
P001_WA10/P001_WA10:k141_139055_8 (length 176)
P001_WA10/P001_WA10:k141_139055_9 (length 167)
P001_WA10/P001_WA10:k141_139055_10 (length 135)
P001_WA10/P001_WA10:k141_139055_11 (length 191)
P001_WA10/P001_WA10:k141_139055_12 (length 393)
P001_WA10/P001_WA10:k141_139055_13 (length 84)
P001_WA10/P001_WA10:k141_139055_14 (length 1242)

DiscRep_ALL:DISC_INCONSISTENT_MOLINFO_TECH::Molinfo Technique Report (some missing, all same)
DiscRep_SUB:DISC_INCONSISTENT_MOLINFO_TECH::technique (all missing)
DiscRep_SUB:DISC_INCONSISTENT_MOLINFO_TECH::4 Molinfos are missing field technique
P001_WA10/P001_WA10:k141_4791 (length 1147)
P001_WA10/P001_WA10:k141_11795 (length 26212)
P001_WA10/P001_WA10:k141_139055 (length 17327)
P001_WA10/P001_WA10:k141_172210 (length 83811)

