[16:55:20] This is prokka 1.14.5
[16:55:20] Written by Torsten Seemann <torsten.seemann@gmail.com>
[16:55:20] Homepage is https://github.com/tseemann/prokka
[16:55:20] Local time is Fri Nov 26 16:55:20 2021
[16:55:20] You are ruud
[16:55:20] Operating system is linux
[16:55:20] You have BioPerl 1.7.8
[16:55:20] System has 40 cores.
[16:55:20] Will use maximum of 40 cores.
[16:55:20] Annotating as >>> Bacteria <<<
[16:55:20] Creating new output folder: P002_WH12
[16:55:20] Running: mkdir -p P002_WH12
[16:55:20] Using filename prefix: P002_WH12.XXX
[16:55:20] Setting HMMER_NCPU=1
[16:55:20] Writing log to: P002_WH12/P002_WH12.log
[16:55:20] Command: /usr/local/packages/prokka-1.14.5/bin/prokka --cpus 40 --prefix P002_WH12 --Kingdom Bacteria --locustag P002_WH12 --proteins vaccinium.gb ../02_Blast/chloroplast_contigs_rapid_genomics_run2/P002_WH12_chloroplast_contigs.fa
[16:55:20] Appending to PATH: /home/local/packages/prokka-1.14.5/bin/../binaries/linux
[16:55:20] Appending to PATH: /home/local/packages/prokka-1.14.5/bin/../binaries/linux/../common
[16:55:20] Appending to PATH: /home/local/packages/prokka-1.14.5/bin
[16:55:20] Looking for 'aragorn' - found /usr/local/packages/Anaconda3-2019.10/bin/aragorn
[16:55:20] Determined aragorn version is 001002 from 'ARAGORN v1.2.38 Dean Laslett'
[16:55:20] Looking for 'barrnap' - found /usr/local/packages/Anaconda3-2019.10/bin/barrnap
[16:55:20] Determined barrnap version is 000009 from 'barrnap 0.9'
[16:55:20] Looking for 'blastp' - found /usr/local/packages/Anaconda3-2019.10/bin/blastp
[16:55:21] Determined blastp version is 002011 from 'blastp: 2.11.0+'
[16:55:21] Looking for 'cmpress' - found /usr/local/packages/Anaconda3-2019.10/bin/cmpress
[16:55:21] Determined cmpress version is 001001 from '# INFERNAL 1.1.2 (July 2016)'
[16:55:21] Looking for 'cmscan' - found /usr/local/packages/Anaconda3-2019.10/bin/cmscan
[16:55:21] Determined cmscan version is 001001 from '# INFERNAL 1.1.2 (July 2016)'
[16:55:21] Looking for 'egrep' - found /bin/egrep
[16:55:21] Looking for 'find' - found /bin/find
[16:55:21] Looking for 'grep' - found /bin/grep
[16:55:21] Looking for 'hmmpress' - found /usr/local/packages/Anaconda3-2019.10/bin/hmmpress
[16:55:21] Determined hmmpress version is 003003 from '# HMMER 3.3.2 (Nov 2020); http://hmmer.org/'
[16:55:21] Looking for 'hmmscan' - found /usr/local/packages/Anaconda3-2019.10/bin/hmmscan
[16:55:21] Determined hmmscan version is 003003 from '# HMMER 3.3.2 (Nov 2020); http://hmmer.org/'
[16:55:21] Looking for 'java' - found /usr/local/packages/jdk1.8.0_191/bin/java
[16:55:21] Looking for 'makeblastdb' - found /usr/local/packages/Anaconda3-2019.10/bin/makeblastdb
[16:55:22] Determined makeblastdb version is 002011 from 'makeblastdb: 2.11.0+'
[16:55:22] Looking for 'minced' - found /usr/local/packages/Anaconda3-2019.10/bin/minced
[16:55:22] Determined minced version is 004002 from 'minced 0.4.2'
[16:55:22] Looking for 'parallel' - found /usr/local/packages/Anaconda3-2019.10/bin/parallel
[16:55:22] Determined parallel version is 20210822 from 'GNU parallel 20210822'
[16:55:22] Looking for 'prodigal' - found /usr/local/packages/Anaconda3-2019.10/bin/prodigal
[16:55:22] Determined prodigal version is 002006 from 'Prodigal V2.6.3: February, 2016'
[16:55:22] Looking for 'prokka-genbank_to_fasta_db' - found /usr/local/packages/prokka-1.14.5/bin/prokka-genbank_to_fasta_db
[16:55:22] Looking for 'sed' - found /bin/sed
[16:55:22] Looking for 'tbl2asn' - found /usr/local/packages/Anaconda3-2019.10/bin/tbl2asn
[16:55:22] Determined tbl2asn version is 025008 from 'tbl2asn 25.8   arguments:'
[16:55:22] Using genetic code table 11.
[16:55:22] Loading and checking input file: ../02_Blast/chloroplast_contigs_rapid_genomics_run2/P002_WH12_chloroplast_contigs.fa
[16:55:22] Wrote 6 contigs totalling 125352 bp.
[16:55:22] Predicting tRNAs and tmRNAs
[16:55:22] Running: aragorn -l -gc11  -w P002_WH12\/P002_WH12\.fna
[16:55:22] 1 tRNA-Trp c[1323,1396] 35 (cca)
[16:55:22] 2 tRNA-Pro c[1558,1631] 35 (tgg)
[16:55:22] 1 tRNA-Asn [1909,1982] 34 (gtt)
[16:55:22] 2 tRNA-Arg c[2547,2621] 35 (acg)
[16:55:22] 3 tRNA-Val c[10412,10483] 33 (gac)
[16:55:22] 1 tRNA-Leu [2714,2796] 35 (caa)
[16:55:22] 2 tRNA-Met [10413,10487] 34 (cat)
[16:55:22] 1 tRNA-Leu c[13467,13546] 35 (tag)
[16:55:22] 1 tRNA-Gln c[3056,3128] 33 (ttg)
[16:55:22] 2 tRNA-Ser c[4236,4323] 35 (gct)
[16:55:22] 3 tRNA-Arg [5902,5973] 34 (tct)
[16:55:22] 4 tRNA-Cys [23899,23969] 33 (gca)
[16:55:22] 5 tRNA-Asp c[26397,26473] 36 (gtc)
[16:55:22] 6 tRNA-Tyr c[26579,26664] 36 (gta)
[16:55:22] 7 tRNA-Glu c[26724,26796] 35 (ttc)
[16:55:22] 8 tRNA-Thr [27441,27514] 34 (ggt)
[16:55:22] 9 tRNA-Ser c[31053,31145] 35 (tga)
[16:55:22] 10 tRNA-Gly [31960,32031] 33 (gcc)
[16:55:22] 11 tRNA-Met c[32178,32252] 35 (cat)
[16:55:22] 12 tRNA-Ser [40809,40895] 35 (gga)
[16:55:22] 13 tRNA-Thr c[42116,42190] 35 (tgt)
[16:55:22] 14 tRNA-Phe [43834,43907] 34 (gaa)
[16:55:22] 15 tRNA-Met [48217,48289] 34 (cat)
[16:55:22] 1 tRNA-His c[148,222] 35 (gtg)
[16:55:22] Found 24 tRNAs
[16:55:22] Predicting Ribosomal RNAs
[16:55:22] Running Barrnap with 40 threads
[16:55:23] 1 k141_10763 3226 23S ribosomal RNA
[16:55:23] 2 k141_10763 8694 16S ribosomal RNA
[16:55:23] Found 2 rRNAs
[16:55:23] Skipping ncRNA search, enable with --rfam if desired.
[16:55:23] Total of 26 tRNA + rRNA features
[16:55:23] Searching for CRISPR repeats
[16:55:23] Found 0 CRISPRs
[16:55:23] Predicting coding sequences
[16:55:23] Contigs total 125352 bp, so using single mode
[16:55:23] Running: prodigal -i P002_WH12\/P002_WH12\.fna -c -m -g 11 -p single -f sco -q
[16:55:24] Excluding CDS which overlaps existing RNA (tRNA) at k141_10763:2297..2602 on + strand
[16:55:24] Excluding CDS which overlaps existing RNA (rRNA) at k141_10763:3152..3568 on + strand
[16:55:24] Excluding CDS which overlaps existing RNA (rRNA) at k141_10763:4940..5110 on + strand
[16:55:24] Excluding CDS which overlaps existing RNA (rRNA) at k141_10763:10133..10330 on - strand
[16:55:24] Excluding CDS which overlaps existing RNA (tRNA) at k141_173905:2938..3129 on - strand
[16:55:24] Found 101 CDS
[16:55:24] Connecting features back to sequences
[16:55:24] Not using genus-specific database. Try --usegenus to enable it.
[16:55:24] Preparing user-supplied primary BLAST annotation source: vaccinium.gb
[16:55:24] Guessed source was in genbank format.
[16:55:24] Converting genbank 'vaccinium.gb' into Prokka FASTA 'P002_WH12/proteins.faa'
[16:55:24] Running: prokka-genbank_to_fasta_db --format genbank vaccinium\.gb > P002_WH12\/proteins\.faa 2> /dev/null
[16:55:24] Running: makeblastdb -dbtype prot -in P002_WH12\/proteins\.faa -out P002_WH12\/proteins -logfile /dev/null
[16:55:25] Using /inference source as 'vaccinium.gb'
[16:55:25] Annotating CDS, please be patient.
[16:55:25] Will use 40 CPUs for similarity searching.
[16:55:25] There are still 101 unannotated CDS left (started with 101)
[16:55:25] Will use blast to search against P002_WH12/proteins with 40 CPUs
[16:55:25] Running: cat P002_WH12\/P002_WH12\.proteins\.tmp\.6745\.faa | parallel --gnu --plain -j 40 --block 280 --recstart '>' --pipe blastp -query - -db P002_WH12/proteins -evalue 1e-09 -qcov_hsp_perc 80 -num_threads 1 -num_descriptions 1 -num_alignments 1 -seg no > P002_WH12\/P002_WH12\.proteins\.tmp\.6745\.blast 2> /dev/null
[16:55:26] Deleting unwanted file: P002_WH12/P002_WH12.proteins.tmp.6745.faa
[16:55:26] Deleting unwanted file: P002_WH12/P002_WH12.proteins.tmp.6745.blast
[16:55:26] There are still 34 unannotated CDS left (started with 101)
[16:55:26] Will use blast to search against /home/local/packages/prokka-1.14.5/db/kingdom/Bacteria/IS with 40 CPUs
[16:55:26] Running: cat P002_WH12\/P002_WH12\.IS\.tmp\.6745\.faa | parallel --gnu --plain -j 40 --block 76 --recstart '>' --pipe blastp -query - -db /home/local/packages/prokka-1.14.5/db/kingdom/Bacteria/IS -evalue 1e-30 -qcov_hsp_perc 90 -num_threads 1 -num_descriptions 1 -num_alignments 1 -seg no > P002_WH12\/P002_WH12\.IS\.tmp\.6745\.blast 2> /dev/null
[16:55:28] Deleting unwanted file: P002_WH12/P002_WH12.IS.tmp.6745.faa
[16:55:28] Deleting unwanted file: P002_WH12/P002_WH12.IS.tmp.6745.blast
[16:55:28] There are still 34 unannotated CDS left (started with 101)
[16:55:28] Will use blast to search against /home/local/packages/prokka-1.14.5/db/kingdom/Bacteria/AMR with 40 CPUs
[16:55:28] Running: cat P002_WH12\/P002_WH12\.AMR\.tmp\.6745\.faa | parallel --gnu --plain -j 40 --block 76 --recstart '>' --pipe blastp -query - -db /home/local/packages/prokka-1.14.5/db/kingdom/Bacteria/AMR -evalue 1e-300 -qcov_hsp_perc 90 -num_threads 1 -num_descriptions 1 -num_alignments 1 -seg no > P002_WH12\/P002_WH12\.AMR\.tmp\.6745\.blast 2> /dev/null
[16:55:29] Deleting unwanted file: P002_WH12/P002_WH12.AMR.tmp.6745.faa
[16:55:29] Deleting unwanted file: P002_WH12/P002_WH12.AMR.tmp.6745.blast
[16:55:29] There are still 34 unannotated CDS left (started with 101)
[16:55:29] Will use blast to search against /home/local/packages/prokka-1.14.5/db/kingdom/Bacteria/sprot with 40 CPUs
[16:55:29] Running: cat P002_WH12\/P002_WH12\.sprot\.tmp\.6745\.faa | parallel --gnu --plain -j 40 --block 76 --recstart '>' --pipe blastp -query - -db /home/local/packages/prokka-1.14.5/db/kingdom/Bacteria/sprot -evalue 1e-09 -qcov_hsp_perc 80 -num_threads 1 -num_descriptions 1 -num_alignments 1 -seg no > P002_WH12\/P002_WH12\.sprot\.tmp\.6745\.blast 2> /dev/null
[16:55:31] Deleting unwanted file: P002_WH12/P002_WH12.sprot.tmp.6745.faa
[16:55:31] Deleting unwanted file: P002_WH12/P002_WH12.sprot.tmp.6745.blast
[16:55:31] There are still 32 unannotated CDS left (started with 101)
[16:55:31] Will use hmmer3 to search against /home/local/packages/prokka-1.14.5/db/hmm/HAMAP.hmm with 40 CPUs
[16:55:31] Running: cat P002_WH12\/P002_WH12\.HAMAP\.hmm\.tmp\.6745\.faa | parallel --gnu --plain -j 40 --block 74 --recstart '>' --pipe hmmscan --noali --notextw --acc -E 1e-09 --cpu 1 /home/local/packages/prokka-1.14.5/db/hmm/HAMAP.hmm /dev/stdin > P002_WH12\/P002_WH12\.HAMAP\.hmm\.tmp\.6745\.hmmer3 2> /dev/null
[16:55:32] Deleting unwanted file: P002_WH12/P002_WH12.HAMAP.hmm.tmp.6745.faa
[16:55:32] Deleting unwanted file: P002_WH12/P002_WH12.HAMAP.hmm.tmp.6745.hmmer3
[16:55:32] Deleting unwanted file: P002_WH12/proteins.psq
[16:55:32] Deleting unwanted file: P002_WH12/proteins.phr
[16:55:32] Deleting unwanted file: P002_WH12/proteins.pin
[16:55:32] Labelling remaining 26 proteins as 'hypothetical protein'
[16:55:32] Possible /pseudo 'ATP-dependent Clp protease proteolytic subunit' at k141_96011 position 5614
[16:55:32] Possible /pseudo 'NADH-plastoquinone oxidoreductase subunit 2' at k141_20516 position 1383
[16:55:32] Possible /pseudo 'ribosomal protein L2' at k141_20516 position 11941
[16:55:32] Possible /pseudo 'NADH-plastoquinone oxidoreductase subunit 7' at k141_78490 position 5422
[16:55:32] Possible /pseudo 'NADH-plastoquinone oxidoreductase subunit 1' at k141_78490 position 6146
[16:55:32] Possible /pseudo 'NADH-plastoquinone oxidoreductase subunit 1' at k141_78490 position 7734
[16:55:32] Possible /pseudo 'cytochrome c heme attachment protein' at k141_78490 position 13068
[16:55:32] Possible /pseudo 'RNA polymerase beta' subunit' at k141_173905 position 19087
[16:55:32] Found 66 unique /gene codes.
[16:55:32] Fixed 2 duplicate /gene - rpoC1_1 rpoC1_2
[16:55:32] Fixed 2 duplicate /gene - ccsA_1 ccsA_2
[16:55:32] Fixed 2 duplicate /gene - ndhB_1 ndhB_2
[16:55:32] Fixed 2 duplicate /gene - atpF_1 atpF_2
[16:55:32] Fixed 3 duplicate /gene - ndhA_1 ndhA_2 ndhA_3
[16:55:32] Fixed 2 duplicate /gene - rpl2_1 rpl2_2
[16:55:32] Fixed 2 duplicate /gene - clpP_1 clpP_2
[16:55:32] Fixed 2 duplicate /gene - ndhH_1 ndhH_2
[16:55:32] Fixed 8 colliding /gene names.
[16:55:32] Adding /locus_tag identifiers
[16:55:32] Assigned 127 locus_tags to CDS and RNA features.
[16:55:32] Writing outputs to P002_WH12/
[16:55:32] Generating annotation statistics file
[16:55:32] Generating Genbank and Sequin files
[16:55:32] Running: tbl2asn -V b -a r10k -l paired-ends -M n -N 1 -y 'Annotated using prokka 1.14.5 from https://github.com/tseemann/prokka' -Z P002_WH12\/P002_WH12\.err -i P002_WH12\/P002_WH12\.fsa 2> /dev/null
[16:55:33] Deleting unwanted file: P002_WH12/errorsummary.val
[16:55:33] Deleting unwanted file: P002_WH12/P002_WH12.dr
[16:55:33] Deleting unwanted file: P002_WH12/P002_WH12.fixedproducts
[16:55:33] Deleting unwanted file: P002_WH12/P002_WH12.ecn
[16:55:33] Deleting unwanted file: P002_WH12/P002_WH12.val
[16:55:33] Repairing broken .GBK output that tbl2asn produces...
[16:55:33] Running: sed 's/COORDINATES: profile/COORDINATES:profile/' < P002_WH12\/P002_WH12\.gbf > P002_WH12\/P002_WH12\.gbk
[16:55:33] Deleting unwanted file: P002_WH12/P002_WH12.gbf
[16:55:33] Output files:
[16:55:33] P002_WH12/P002_WH12.log
[16:55:33] P002_WH12/P002_WH12.txt
[16:55:33] P002_WH12/P002_WH12.sqn
[16:55:33] P002_WH12/P002_WH12.gff
[16:55:33] P002_WH12/P002_WH12.tsv
[16:55:33] P002_WH12/P002_WH12.fsa
[16:55:33] P002_WH12/P002_WH12.fna
[16:55:33] P002_WH12/P002_WH12.ffn
[16:55:33] P002_WH12/P002_WH12.faa
[16:55:33] P002_WH12/P002_WH12.gbk
[16:55:33] P002_WH12/P002_WH12.tbl
[16:55:33] P002_WH12/P002_WH12.err
[16:55:33] Annotation finished successfully.
[16:55:33] Walltime used: 0.22 minutes
[16:55:33] If you use this result please cite the Prokka paper:
[16:55:33] Seemann T (2014) Prokka: rapid prokaryotic genome annotation. Bioinformatics. 30(14):2068-9.
[16:55:33] Type 'prokka --citation' for more details.
[16:55:33] Share and enjoy!
