Discrepancy Report Results

Summary
FATAL: MISSING_PROTEIN_ID:101 proteins have invalid IDs.
DISC_SOURCE_QUALS_ASNDISC:strain (all present, all same)
DISC_SOURCE_QUALS_ASNDISC:taxname (all present, all same)
DISC_FEATURE_COUNT:CDS: 101 present
DISC_FEATURE_COUNT:tRNA: 24 present
DISC_FEATURE_COUNT:rRNA: 2 present
DISC_COUNT_NUCLEOTIDES:6 nucleotide Bioseqs are present
FEATURE_LOCATION_CONFLICT:127 features have inconsistent gene locations.
OVERLAPPING_CDS:2 coding regions overlap another coding region with a similar or identical name.
SUSPECT_PRODUCT_NAMES:2 product_names contain suspect phrase or characters
	May contain database identifier more appropriate in note; remove from product name
		2 features contains three or more numbers together that may be identifiers more appropriate in note
DISC_QUALITY_SCORES:Quality scores are missing on all sequences.
ONCALLER_COMMENT_PRESENT:6 comment descriptors were found (all same)
SHORT_PROT_SEQUENCES:13 protein sequences are shorter than 50 aa.
MISSING_GENOMEASSEMBLY_COMMENTS:6 bioseqs are missing GenomeAssembly structured comments
MOLTYPE_NOT_MRNA:6 molecule types are not set as mRNA.
TECHNIQUE_NOT_TSA:6 technique are not set as TSA
MISSING_STRUCTURED_COMMENT:6 sequences do not include structured comments.
MISSING_PROJECT:107 sequences do not include project.
DISC_INCONSISTENT_MOLINFO_TECH:Molinfo Technique Report (some missing, all same)


Detailed Report

FATAL: DiscRep_ALL:MISSING_PROTEIN_ID::101 proteins have invalid IDs.
P002_WH12/P002_WH12:k141_96011_1 (length 49)
P002_WH12/P002_WH12:k141_96011_2 (length 51)
P002_WH12/P002_WH12:k141_96011_3 (length 44)
P002_WH12/P002_WH12:k141_96011_4 (length 56)
P002_WH12/P002_WH12:k141_96011_5 (length 101)
P002_WH12/P002_WH12:k141_96011_6 (length 128)
P002_WH12/P002_WH12:k141_96011_7 (length 109)
P002_WH12/P002_WH12:k141_96011_8 (length 129)
P002_WH12/P002_WH12:k141_96011_9 (length 508)
P002_WH12/P002_WH12:k141_96011_10 (length 73)
P002_WH12/P002_WH12:k141_96011_11 (length 162)
P002_WH12/P002_WH12:k141_96011_12 (length 174)
P002_WH12/P002_WH12:k141_96011_13 (length 236)
P002_WH12/P002_WH12:k141_96011_14 (length 138)
P002_WH12/P002_WH12:k141_96011_15 (length 43)
P002_WH12/P002_WH12:k141_96011_16 (length 50)
P002_WH12/P002_WH12:k141_96011_17 (length 77)
P002_WH12/P002_WH12:k141_96011_18 (length 134)
P002_WH12/P002_WH12:k141_96011_19 (length 122)
P002_WH12/P002_WH12:k141_96011_20 (length 119)
P002_WH12/P002_WH12:k141_96011_21 (length 47)
P002_WH12/P002_WH12:k141_96011_22 (length 220)
P002_WH12/P002_WH12:k141_96011_23 (length 158)
P002_WH12/P002_WH12:k141_96011_24 (length 92)
P002_WH12/P002_WH12:k141_10763_1 (length 71)
P002_WH12/P002_WH12:k141_10763_2 (length 71)
P002_WH12/P002_WH12:k141_10763_3 (length 72)
P002_WH12/P002_WH12:k141_10763_4 (length 155)
P002_WH12/P002_WH12:k141_20516_1 (length 285)
P002_WH12/P002_WH12:k141_20516_2 (length 260)
P002_WH12/P002_WH12:k141_20516_3 (length 90)
P002_WH12/P002_WH12:k141_20516_4 (length 2278)
P002_WH12/P002_WH12:k141_20516_5 (length 93)
P002_WH12/P002_WH12:k141_20516_6 (length 133)
P002_WH12/P002_WH12:k141_20516_7 (length 165)
P002_WH12/P002_WH12:k141_78490_1 (length 166)
P002_WH12/P002_WH12:k141_78490_2 (length 1039)
P002_WH12/P002_WH12:k141_78490_3 (length 67)
P002_WH12/P002_WH12:k141_78490_4 (length 87)
P002_WH12/P002_WH12:k141_78490_5 (length 193)
P002_WH12/P002_WH12:k141_78490_6 (length 171)
P002_WH12/P002_WH12:k141_78490_7 (length 59)
P002_WH12/P002_WH12:k141_78490_8 (length 119)
P002_WH12/P002_WH12:k141_78490_9 (length 123)
P002_WH12/P002_WH12:k141_78490_10 (length 165)
P002_WH12/P002_WH12:k141_78490_11 (length 96)
P002_WH12/P002_WH12:k141_78490_12 (length 93)
P002_WH12/P002_WH12:k141_78490_13 (length 81)
P002_WH12/P002_WH12:k141_78490_14 (length 391)
P002_WH12/P002_WH12:k141_78490_15 (length 110)
P002_WH12/P002_WH12:k141_78490_16 (length 239)
P002_WH12/P002_WH12:k141_78490_17 (length 97)
P002_WH12/P002_WH12:k141_173905_1 (length 49)
P002_WH12/P002_WH12:k141_173905_2 (length 98)
P002_WH12/P002_WH12:k141_173905_3 (length 36)
P002_WH12/P002_WH12:k141_173905_4 (length 505)
P002_WH12/P002_WH12:k141_173905_5 (length 150)
P002_WH12/P002_WH12:k141_173905_6 (length 45)
P002_WH12/P002_WH12:k141_173905_7 (length 56)
P002_WH12/P002_WH12:k141_173905_8 (length 81)
P002_WH12/P002_WH12:k141_173905_9 (length 248)
P002_WH12/P002_WH12:k141_173905_10 (length 236)
P002_WH12/P002_WH12:k141_173905_11 (length 1381)
P002_WH12/P002_WH12:k141_173905_12 (length 521)
P002_WH12/P002_WH12:k141_173905_13 (length 145)
P002_WH12/P002_WH12:k141_173905_14 (length 1070)
P002_WH12/P002_WH12:k141_173905_15 (length 29)
P002_WH12/P002_WH12:k141_173905_16 (length 83)
P002_WH12/P002_WH12:k141_173905_17 (length 353)
P002_WH12/P002_WH12:k141_173905_18 (length 461)
P002_WH12/P002_WH12:k141_173905_19 (length 100)
P002_WH12/P002_WH12:k141_173905_20 (length 734)
P002_WH12/P002_WH12:k141_173905_21 (length 750)
P002_WH12/P002_WH12:k141_173905_22 (length 82)
P002_WH12/P002_WH12:k141_173905_23 (length 56)
P002_WH12/P002_WH12:k141_173905_24 (length 64)
P002_WH12/P002_WH12:k141_173905_25 (length 201)
P002_WH12/P002_WH12:k141_173905_26 (length 42)
P002_WH12/P002_WH12:k141_173905_27 (length 158)
P002_WH12/P002_WH12:k141_173905_28 (length 225)
P002_WH12/P002_WH12:k141_173905_29 (length 120)
P002_WH12/P002_WH12:k141_173905_30 (length 57)
P002_WH12/P002_WH12:k141_173905_31 (length 133)
P002_WH12/P002_WH12:k141_173905_32 (length 498)
P002_WH12/P002_WH12:k141_173905_33 (length 89)
P002_WH12/P002_WH12:k141_173905_34 (length 477)
P002_WH12/P002_WH12:k141_173905_35 (length 481)
P002_WH12/P002_WH12:k141_173905_36 (length 56)
P002_WH12/P002_WH12:k141_173905_37 (length 184)
P002_WH12/P002_WH12:k141_173905_38 (length 37)
P002_WH12/P002_WH12:k141_173905_39 (length 229)
P002_WH12/P002_WH12:k141_173905_40 (length 320)
P002_WH12/P002_WH12:k141_173905_41 (length 82)
P002_WH12/P002_WH12:k141_173905_42 (length 73)
P002_WH12/P002_WH12:k141_173905_43 (length 36)
P002_WH12/P002_WH12:k141_173905_44 (length 40)
P002_WH12/P002_WH12:k141_173905_45 (length 39)
P002_WH12/P002_WH12:k141_173905_46 (length 83)
P002_WH12/P002_WH12:k141_23277_1 (length 352)
P002_WH12/P002_WH12:k141_23277_2 (length 511)
P002_WH12/P002_WH12:k141_23277_3 (length 89)

DiscRep_ALL:DISC_SOURCE_QUALS_ASNDISC::strain (all present, all same)
DiscRep_SUB:DISC_SOURCE_QUALS_ASNDISC::6 sources have 'strain' for strain
DiscRep_ALL:DISC_SOURCE_QUALS_ASNDISC::taxname (all present, all same)
DiscRep_SUB:DISC_SOURCE_QUALS_ASNDISC::6 sources have 'Genus species' for taxname
DiscRep_ALL:DISC_FEATURE_COUNT::CDS: 101 present
DiscRep_ALL:DISC_FEATURE_COUNT::tRNA: 24 present
DiscRep_ALL:DISC_FEATURE_COUNT::rRNA: 2 present
DiscRep_ALL:DISC_COUNT_NUCLEOTIDES::6 nucleotide Bioseqs are present
P002_WH12/P002_WH12:k141_96011 (length 18784)
P002_WH12/P002_WH12:k141_10763 (length 13810)
P002_WH12/P002_WH12:k141_20516 (length 12488)
P002_WH12/P002_WH12:k141_78490 (length 14817)
P002_WH12/P002_WH12:k141_173905 (length 61113)
P002_WH12/P002_WH12:k141_23277 (length 4340)

DiscRep_ALL:FEATURE_LOCATION_CONFLICT::127 features have inconsistent gene locations.
DiscRep_SUB:FEATURE_LOCATION_CONFLICT::Coding region xref gene does not exist
P002_WH12/P002_WH12:CDS	hypothetical protein	k141_96011:566-715	P002_WH12_00001

DiscRep_SUB:FEATURE_LOCATION_CONFLICT::Coding region xref gene does not exist
P002_WH12/P002_WH12:CDS	Cytochrome b6-f complex subunit 5	k141_96011:1062-1217	P002_WH12_00002

DiscRep_SUB:FEATURE_LOCATION_CONFLICT::Coding region xref gene does not exist
P002_WH12/P002_WH12:CDS	photosystem I subunit IX	k141_96011:1858-1992	P002_WH12_00005

DiscRep_SUB:FEATURE_LOCATION_CONFLICT::Coding region xref gene does not exist
P002_WH12/P002_WH12:CDS	hypothetical protein	k141_96011:c2526-2356	P002_WH12_00006

DiscRep_SUB:FEATURE_LOCATION_CONFLICT::Coding region xref gene does not exist
P002_WH12/P002_WH12:CDS	ribosomal protein S18	k141_96011:2790-3095	P002_WH12_00007

DiscRep_SUB:FEATURE_LOCATION_CONFLICT::Coding region xref gene does not exist
P002_WH12/P002_WH12:CDS	ribosomal protein L20	k141_96011:c3710-3324	P002_WH12_00008

DiscRep_SUB:FEATURE_LOCATION_CONFLICT::Coding region xref gene does not exist
P002_WH12/P002_WH12:CDS	ATP-dependent Clp protease proteolytic subunit	k141_96011:c5091-4762	P002_WH12_00009

DiscRep_SUB:FEATURE_LOCATION_CONFLICT::Coding region xref gene does not exist
P002_WH12/P002_WH12:CDS	ATP-dependent Clp protease proteolytic subunit	k141_96011:c6003-5614	P002_WH12_00010

DiscRep_SUB:FEATURE_LOCATION_CONFLICT::Coding region xref gene does not exist
P002_WH12/P002_WH12:CDS	photosystem II CP47 chlorophyll apoprotein	k141_96011:7142-8668	P002_WH12_00011

DiscRep_SUB:FEATURE_LOCATION_CONFLICT::Coding region xref gene does not exist
P002_WH12/P002_WH12:CDS	photosystem II phosphoprotein	k141_96011:9250-9471	P002_WH12_00012

DiscRep_SUB:FEATURE_LOCATION_CONFLICT::Coding region xref gene does not exist
P002_WH12/P002_WH12:CDS	cytochrome b6	k141_96011:10457-10945	P002_WH12_00013

DiscRep_SUB:FEATURE_LOCATION_CONFLICT::Coding region xref gene does not exist
P002_WH12/P002_WH12:CDS	cytochrome b6/f complex subunit IV	k141_96011:11864-12388	P002_WH12_00014

DiscRep_SUB:FEATURE_LOCATION_CONFLICT::Coding region xref gene does not exist
P002_WH12/P002_WH12:CDS	RNA polymerase alpha subunit	k141_96011:c13502-12792	P002_WH12_00015

DiscRep_SUB:FEATURE_LOCATION_CONFLICT::Coding region xref gene does not exist
P002_WH12/P002_WH12:CDS	ribosomal protein S11	k141_96011:c13990-13574	P002_WH12_00016

DiscRep_SUB:FEATURE_LOCATION_CONFLICT::Coding region xref gene does not exist
P002_WH12/P002_WH12:CDS	hypothetical protein	k141_96011:14025-14156	P002_WH12_00017

DiscRep_SUB:FEATURE_LOCATION_CONFLICT::Coding region xref gene does not exist
P002_WH12/P002_WH12:CDS	hypothetical protein	k141_96011:14156-14308	P002_WH12_00018

DiscRep_SUB:FEATURE_LOCATION_CONFLICT::Coding region xref gene does not exist
P002_WH12/P002_WH12:CDS	translational initiation factor 1	k141_96011:c14553-14320	P002_WH12_00019

DiscRep_SUB:FEATURE_LOCATION_CONFLICT::Coding region xref gene does not exist
P002_WH12/P002_WH12:CDS	ribosomal protein S8	k141_96011:c15082-14678	P002_WH12_00020

DiscRep_SUB:FEATURE_LOCATION_CONFLICT::Coding region xref gene does not exist
P002_WH12/P002_WH12:CDS	ribosomal protein L14	k141_96011:c15625-15257	P002_WH12_00021

DiscRep_SUB:FEATURE_LOCATION_CONFLICT::Coding region xref gene does not exist
P002_WH12/P002_WH12:CDS	ribosomal protein L16	k141_96011:c16104-15745	P002_WH12_00022

DiscRep_SUB:FEATURE_LOCATION_CONFLICT::Coding region xref gene does not exist
P002_WH12/P002_WH12:CDS	hypothetical protein	k141_96011:16708-16851	P002_WH12_00023

DiscRep_SUB:FEATURE_LOCATION_CONFLICT::Coding region xref gene does not exist
P002_WH12/P002_WH12:CDS	ribosomal protein S3	k141_96011:c17832-17170	P002_WH12_00024

DiscRep_SUB:FEATURE_LOCATION_CONFLICT::Coding region xref gene does not exist
P002_WH12/P002_WH12:CDS	ribosomal protein L22	k141_96011:c18293-17817	P002_WH12_00025

DiscRep_SUB:FEATURE_LOCATION_CONFLICT::Coding region xref gene does not exist
P002_WH12/P002_WH12:CDS	ribosomal protein S19	k141_96011:c18633-18355	P002_WH12_00026

DiscRep_SUB:FEATURE_LOCATION_CONFLICT::RNA feature xref gene does not exist
P002_WH12/P002_WH12:tRNA	Trp	k141_96011:c1396-1323	P002_WH12_00003

DiscRep_SUB:FEATURE_LOCATION_CONFLICT::RNA feature xref gene does not exist
P002_WH12/P002_WH12:tRNA	Pro	k141_96011:c1631-1558	P002_WH12_00004

DiscRep_SUB:FEATURE_LOCATION_CONFLICT::Coding region xref gene does not exist
P002_WH12/P002_WH12:CDS	hypothetical protein	k141_10763:c1539-1324	P002_WH12_00027

DiscRep_SUB:FEATURE_LOCATION_CONFLICT::Coding region xref gene does not exist
P002_WH12/P002_WH12:CDS	hypothetical protein	k141_10763:c7668-7453	P002_WH12_00031

DiscRep_SUB:FEATURE_LOCATION_CONFLICT::Coding region xref gene does not exist
P002_WH12/P002_WH12:CDS	hypothetical protein	k141_10763:c10849-10631	P002_WH12_00034

DiscRep_SUB:FEATURE_LOCATION_CONFLICT::Coding region xref gene does not exist
P002_WH12/P002_WH12:CDS	ribosomal protein S7	k141_10763:12937-13404	P002_WH12_00035

DiscRep_SUB:FEATURE_LOCATION_CONFLICT::RNA feature xref gene does not exist
P002_WH12/P002_WH12:tRNA	Asn	k141_10763:1909-1982	P002_WH12_00028

DiscRep_SUB:FEATURE_LOCATION_CONFLICT::RNA feature xref gene does not exist
P002_WH12/P002_WH12:tRNA	Arg	k141_10763:c2621-2547	P002_WH12_00029

DiscRep_SUB:FEATURE_LOCATION_CONFLICT::RNA feature xref gene does not exist
P002_WH12/P002_WH12:rRNA	23S ribosomal RNA	k141_10763:c6237-3226	P002_WH12_00030

DiscRep_SUB:FEATURE_LOCATION_CONFLICT::RNA feature xref gene does not exist
P002_WH12/P002_WH12:rRNA	16S ribosomal RNA	k141_10763:c10180-8694	P002_WH12_00032

DiscRep_SUB:FEATURE_LOCATION_CONFLICT::RNA feature xref gene does not exist
P002_WH12/P002_WH12:tRNA	Val	k141_10763:c10483-10412	P002_WH12_00033

DiscRep_SUB:FEATURE_LOCATION_CONFLICT::Coding region xref gene does not exist
P002_WH12/P002_WH12:CDS	NADH-plastoquinone oxidoreductase subunit 2	k141_20516:8-865	P002_WH12_00036

DiscRep_SUB:FEATURE_LOCATION_CONFLICT::Coding region xref gene does not exist
P002_WH12/P002_WH12:CDS	NADH-plastoquinone oxidoreductase subunit 2	k141_20516:1383-2165	P002_WH12_00037

DiscRep_SUB:FEATURE_LOCATION_CONFLICT::Coding region xref gene does not exist
P002_WH12/P002_WH12:CDS	hypothetical protein	k141_20516:c3427-3155	P002_WH12_00039

DiscRep_SUB:FEATURE_LOCATION_CONFLICT::Coding region xref gene does not exist
P002_WH12/P002_WH12:CDS	hypothetical protein	k141_20516:c10324-3488	P002_WH12_00040

DiscRep_SUB:FEATURE_LOCATION_CONFLICT::Coding region xref gene does not exist
P002_WH12/P002_WH12:CDS	ribosomal protein L23	k141_20516:10652-10933	P002_WH12_00042

DiscRep_SUB:FEATURE_LOCATION_CONFLICT::Coding region xref gene does not exist
P002_WH12/P002_WH12:CDS	ribosomal protein L2	k141_20516:10947-11348	P002_WH12_00043

DiscRep_SUB:FEATURE_LOCATION_CONFLICT::Coding region xref gene does not exist
P002_WH12/P002_WH12:CDS	ribosomal protein L2	k141_20516:11941-12438	P002_WH12_00044

DiscRep_SUB:FEATURE_LOCATION_CONFLICT::RNA feature xref gene does not exist
P002_WH12/P002_WH12:tRNA	Leu	k141_20516:2714-2796	P002_WH12_00038

DiscRep_SUB:FEATURE_LOCATION_CONFLICT::RNA feature xref gene does not exist
P002_WH12/P002_WH12:tRNA	Met	k141_20516:10413-10487	P002_WH12_00041

DiscRep_SUB:FEATURE_LOCATION_CONFLICT::Coding region xref gene does not exist
P002_WH12/P002_WH12:CDS	hypothetical protein	k141_78490:413-913	P002_WH12_00045

DiscRep_SUB:FEATURE_LOCATION_CONFLICT::Coding region xref gene does not exist
P002_WH12/P002_WH12:CDS	hypothetical protein	k141_78490:888-4007	P002_WH12_00046

DiscRep_SUB:FEATURE_LOCATION_CONFLICT::Coding region xref gene does not exist
P002_WH12/P002_WH12:CDS	hypothetical protein	k141_78490:4052-4255	P002_WH12_00047

DiscRep_SUB:FEATURE_LOCATION_CONFLICT::Coding region xref gene does not exist
P002_WH12/P002_WH12:CDS	ribosomal protein S15	k141_78490:4396-4659	P002_WH12_00048

DiscRep_SUB:FEATURE_LOCATION_CONFLICT::Coding region xref gene does not exist
P002_WH12/P002_WH12:CDS	NADH-plastoquinone oxidoreductase subunit 7	k141_78490:4737-5318	P002_WH12_00049

DiscRep_SUB:FEATURE_LOCATION_CONFLICT::Coding region xref gene does not exist
P002_WH12/P002_WH12:CDS	NADH-plastoquinone oxidoreductase subunit 7	k141_78490:5422-5937	P002_WH12_00050

DiscRep_SUB:FEATURE_LOCATION_CONFLICT::Coding region xref gene does not exist
P002_WH12/P002_WH12:CDS	NADH-plastoquinone oxidoreductase subunit 1	k141_78490:5939-6118	P002_WH12_00051

DiscRep_SUB:FEATURE_LOCATION_CONFLICT::Coding region xref gene does not exist
P002_WH12/P002_WH12:CDS	NADH-plastoquinone oxidoreductase subunit 1	k141_78490:6146-6505	P002_WH12_00052

DiscRep_SUB:FEATURE_LOCATION_CONFLICT::Coding region xref gene does not exist
P002_WH12/P002_WH12:CDS	NADH-plastoquinone oxidoreductase subunit 1	k141_78490:7734-8105	P002_WH12_00053

DiscRep_SUB:FEATURE_LOCATION_CONFLICT::Coding region xref gene does not exist
P002_WH12/P002_WH12:CDS	NADH-plastoquinone oxidoreductase subunit I	k141_78490:8184-8681	P002_WH12_00054

DiscRep_SUB:FEATURE_LOCATION_CONFLICT::Coding region xref gene does not exist
P002_WH12/P002_WH12:CDS	NADH-plastoquinone oxidoreductase subunit 6	k141_78490:9258-9548	P002_WH12_00055

DiscRep_SUB:FEATURE_LOCATION_CONFLICT::Coding region xref gene does not exist
P002_WH12/P002_WH12:CDS	NADH-plastoquinone oxidoreductase subunit 4L	k141_78490:9767-10048	P002_WH12_00056

DiscRep_SUB:FEATURE_LOCATION_CONFLICT::Coding region xref gene does not exist
P002_WH12/P002_WH12:CDS	photosystem I subunit VII	k141_78490:10305-10550	P002_WH12_00057

DiscRep_SUB:FEATURE_LOCATION_CONFLICT::Coding region xref gene does not exist
P002_WH12/P002_WH12:CDS	NADH-plastoquinone oxidoreductase subunit 4	k141_78490:10547-11722	P002_WH12_00058

DiscRep_SUB:FEATURE_LOCATION_CONFLICT::Coding region xref gene does not exist
P002_WH12/P002_WH12:CDS	NAD(P)H-quinone oxidoreductase chain 4 1	k141_78490:11673-12005	P002_WH12_00059

DiscRep_SUB:FEATURE_LOCATION_CONFLICT::Coding region xref gene does not exist
P002_WH12/P002_WH12:CDS	cytochrome c heme attachment protein	k141_78490:c13125-12406	P002_WH12_00060

DiscRep_SUB:FEATURE_LOCATION_CONFLICT::Coding region xref gene does not exist
P002_WH12/P002_WH12:CDS	cytochrome c heme attachment protein	k141_78490:c13361-13068	P002_WH12_00061

DiscRep_SUB:FEATURE_LOCATION_CONFLICT::RNA feature xref gene does not exist
P002_WH12/P002_WH12:tRNA	Leu	k141_78490:c13546-13467	P002_WH12_00062

DiscRep_SUB:FEATURE_LOCATION_CONFLICT::Coding region xref gene does not exist
P002_WH12/P002_WH12:CDS	hypothetical protein	k141_173905:c2872-2723	P002_WH12_00063

DiscRep_SUB:FEATURE_LOCATION_CONFLICT::Coding region xref gene does not exist
P002_WH12/P002_WH12:CDS	Photosystem II reaction center protein K	k141_173905:3354-3650	P002_WH12_00065

DiscRep_SUB:FEATURE_LOCATION_CONFLICT::Coding region xref gene does not exist
P002_WH12/P002_WH12:CDS	Photosystem II reaction center protein I	k141_173905:4006-4116	P002_WH12_00066

DiscRep_SUB:FEATURE_LOCATION_CONFLICT::Coding region xref gene does not exist
P002_WH12/P002_WH12:CDS	ATP synthase CF1 alpha subunit	k141_173905:c7602-6085	P002_WH12_00069

DiscRep_SUB:FEATURE_LOCATION_CONFLICT::Coding region xref gene does not exist
P002_WH12/P002_WH12:CDS	ATP synthase CF0 subunit I	k141_173905:c8128-7676	P002_WH12_00070

DiscRep_SUB:FEATURE_LOCATION_CONFLICT::Coding region xref gene does not exist
P002_WH12/P002_WH12:CDS	hypothetical protein	k141_173905:8559-8696	P002_WH12_00071

DiscRep_SUB:FEATURE_LOCATION_CONFLICT::Coding region xref gene does not exist
P002_WH12/P002_WH12:CDS	ATP synthase CF0 subunit I	k141_173905:c8942-8772	P002_WH12_00072

DiscRep_SUB:FEATURE_LOCATION_CONFLICT::Coding region xref gene does not exist
P002_WH12/P002_WH12:CDS	ATP synthase CF0 subunit III	k141_173905:c9535-9290	P002_WH12_00073

DiscRep_SUB:FEATURE_LOCATION_CONFLICT::Coding region xref gene does not exist
P002_WH12/P002_WH12:CDS	ATP synthase CF0 subunit IV	k141_173905:c11263-10517	P002_WH12_00074

DiscRep_SUB:FEATURE_LOCATION_CONFLICT::Coding region xref gene does not exist
P002_WH12/P002_WH12:CDS	ribosomal protein S2	k141_173905:c12202-11492	P002_WH12_00075

DiscRep_SUB:FEATURE_LOCATION_CONFLICT::Coding region xref gene does not exist
P002_WH12/P002_WH12:CDS	RNA polymerase beta'' subunit	k141_173905:c16574-12429	P002_WH12_00076

DiscRep_SUB:FEATURE_LOCATION_CONFLICT::Coding region xref gene does not exist
P002_WH12/P002_WH12:CDS	RNA polymerase beta' subunit	k141_173905:c18306-16741	P002_WH12_00077

DiscRep_SUB:FEATURE_LOCATION_CONFLICT::Coding region xref gene does not exist
P002_WH12/P002_WH12:CDS	RNA polymerase beta' subunit	k141_173905:c19524-19087	P002_WH12_00078

DiscRep_SUB:FEATURE_LOCATION_CONFLICT::Coding region xref gene does not exist
P002_WH12/P002_WH12:CDS	RNA polymerase beta subunit	k141_173905:c22763-19551	P002_WH12_00079

DiscRep_SUB:FEATURE_LOCATION_CONFLICT::Coding region xref gene does not exist
P002_WH12/P002_WH12:CDS	cytochrome b6/f complex subunit VII	k141_173905:24819-24908	P002_WH12_00081

DiscRep_SUB:FEATURE_LOCATION_CONFLICT::Coding region xref gene does not exist
P002_WH12/P002_WH12:CDS	hypothetical protein	k141_173905:c28288-28037	P002_WH12_00086

DiscRep_SUB:FEATURE_LOCATION_CONFLICT::Coding region xref gene does not exist
P002_WH12/P002_WH12:CDS	photosystem II protein D2	k141_173905:28373-29434	P002_WH12_00087

DiscRep_SUB:FEATURE_LOCATION_CONFLICT::Coding region xref gene does not exist
P002_WH12/P002_WH12:CDS	photosystem II CP43 chlorophyll apoprotein	k141_173905:29418-30803	P002_WH12_00088

DiscRep_SUB:FEATURE_LOCATION_CONFLICT::Coding region xref gene does not exist
P002_WH12/P002_WH12:CDS	ribosomal protein S14	k141_173905:c32712-32410	P002_WH12_00092

DiscRep_SUB:FEATURE_LOCATION_CONFLICT::Coding region xref gene does not exist
P002_WH12/P002_WH12:CDS	photosystem I P700 apoprotein A2	k141_173905:c35032-32828	P002_WH12_00093

DiscRep_SUB:FEATURE_LOCATION_CONFLICT::Coding region xref gene does not exist
P002_WH12/P002_WH12:CDS	photosystem I P700 apoprotein A1	k141_173905:c37310-35058	P002_WH12_00094

DiscRep_SUB:FEATURE_LOCATION_CONFLICT::Coding region xref gene does not exist
P002_WH12/P002_WH12:CDS	putative chloroplast RF34	k141_173905:c39140-38892	P002_WH12_00095

DiscRep_SUB:FEATURE_LOCATION_CONFLICT::Coding region xref gene does not exist
P002_WH12/P002_WH12:CDS	hypothetical protein	k141_173905:39376-39546	P002_WH12_00096

DiscRep_SUB:FEATURE_LOCATION_CONFLICT::Coding region xref gene does not exist
P002_WH12/P002_WH12:CDS	hypothetical protein	k141_173905:39485-39679	P002_WH12_00097

DiscRep_SUB:FEATURE_LOCATION_CONFLICT::Coding region xref gene does not exist
P002_WH12/P002_WH12:CDS	ribosomal protein S4	k141_173905:c41785-41180	P002_WH12_00099

DiscRep_SUB:FEATURE_LOCATION_CONFLICT::Coding region xref gene does not exist
P002_WH12/P002_WH12:CDS	hypothetical protein	k141_173905:c41993-41865	P002_WH12_00100

DiscRep_SUB:FEATURE_LOCATION_CONFLICT::Coding region xref gene does not exist
P002_WH12/P002_WH12:CDS	NADH-plastoquinone oxidoreductase subunit J	k141_173905:c45082-44606	P002_WH12_00103

DiscRep_SUB:FEATURE_LOCATION_CONFLICT::Coding region xref gene does not exist
P002_WH12/P002_WH12:CDS	NADH-plastoquinone oxidoreductase subunit K	k141_173905:c45859-45182	P002_WH12_00104

DiscRep_SUB:FEATURE_LOCATION_CONFLICT::Coding region xref gene does not exist
P002_WH12/P002_WH12:CDS	NADH-plastoquinone oxidoreductase subunit 3	k141_173905:c46274-45912	P002_WH12_00105

DiscRep_SUB:FEATURE_LOCATION_CONFLICT::Coding region xref gene does not exist
P002_WH12/P002_WH12:CDS	hypothetical protein	k141_173905:c48063-47890	P002_WH12_00106

DiscRep_SUB:FEATURE_LOCATION_CONFLICT::Coding region xref gene does not exist
P002_WH12/P002_WH12:CDS	ATP synthase CF1 epsilon subunit	k141_173905:c48911-48510	P002_WH12_00108

DiscRep_SUB:FEATURE_LOCATION_CONFLICT::Coding region xref gene does not exist
P002_WH12/P002_WH12:CDS	ATP synthase CF1 beta subunit	k141_173905:c50404-48908	P002_WH12_00109

DiscRep_SUB:FEATURE_LOCATION_CONFLICT::Coding region xref gene does not exist
P002_WH12/P002_WH12:CDS	hypothetical protein	k141_173905:50653-50922	P002_WH12_00110

DiscRep_SUB:FEATURE_LOCATION_CONFLICT::Coding region xref gene does not exist
P002_WH12/P002_WH12:CDS	ribulose-1,5-bisphosphate carboxylase/oxygenase large subunit	k141_173905:51193-52626	P002_WH12_00111

DiscRep_SUB:FEATURE_LOCATION_CONFLICT::Coding region xref gene does not exist
P002_WH12/P002_WH12:CDS	Acetyl-coenzyme A carboxylase carboxyl transferase subunit beta, chloroplastic	k141_173905:53185-54630	P002_WH12_00112

DiscRep_SUB:FEATURE_LOCATION_CONFLICT::Coding region xref gene does not exist
P002_WH12/P002_WH12:CDS	Photosystem I reaction center subunit VIII	k141_173905:55305-55475	P002_WH12_00113

DiscRep_SUB:FEATURE_LOCATION_CONFLICT::Coding region xref gene does not exist
P002_WH12/P002_WH12:CDS	photosystem I assembly protein Ycf4	k141_173905:55920-56474	P002_WH12_00114

DiscRep_SUB:FEATURE_LOCATION_CONFLICT::Coding region xref gene does not exist
P002_WH12/P002_WH12:CDS	hypothetical protein	k141_173905:c56660-56547	P002_WH12_00115

DiscRep_SUB:FEATURE_LOCATION_CONFLICT::Coding region xref gene does not exist
P002_WH12/P002_WH12:CDS	envelope membrane protein	k141_173905:57216-57905	P002_WH12_00116

DiscRep_SUB:FEATURE_LOCATION_CONFLICT::Coding region xref gene does not exist
P002_WH12/P002_WH12:CDS	cytochrome f	k141_173905:58129-59091	P002_WH12_00117

DiscRep_SUB:FEATURE_LOCATION_CONFLICT::Coding region xref gene does not exist
P002_WH12/P002_WH12:CDS	hypothetical protein	k141_173905:59475-59723	P002_WH12_00118

DiscRep_SUB:FEATURE_LOCATION_CONFLICT::Coding region xref gene does not exist
P002_WH12/P002_WH12:CDS	hypothetical protein	k141_173905:c59938-59717	P002_WH12_00119

DiscRep_SUB:FEATURE_LOCATION_CONFLICT::Coding region xref gene does not exist
P002_WH12/P002_WH12:CDS	hypothetical protein	k141_173905:c60122-60012	P002_WH12_00120

DiscRep_SUB:FEATURE_LOCATION_CONFLICT::Coding region xref gene does not exist
P002_WH12/P002_WH12:CDS	photosystem II protein J	k141_173905:c60277-60155	P002_WH12_00121

DiscRep_SUB:FEATURE_LOCATION_CONFLICT::Coding region xref gene does not exist
P002_WH12/P002_WH12:CDS	photosystem II cytochrome b559 beta subunit	k141_173905:c60670-60551	P002_WH12_00122

DiscRep_SUB:FEATURE_LOCATION_CONFLICT::Coding region xref gene does not exist
P002_WH12/P002_WH12:CDS	photosystem II cytochrome b559 alpha subunit	k141_173905:c60936-60685	P002_WH12_00123

DiscRep_SUB:FEATURE_LOCATION_CONFLICT::RNA feature xref gene does not exist
P002_WH12/P002_WH12:tRNA	Gln	k141_173905:c3128-3056	P002_WH12_00064

DiscRep_SUB:FEATURE_LOCATION_CONFLICT::RNA feature xref gene does not exist
P002_WH12/P002_WH12:tRNA	Ser	k141_173905:c4323-4236	P002_WH12_00067

DiscRep_SUB:FEATURE_LOCATION_CONFLICT::RNA feature xref gene does not exist
P002_WH12/P002_WH12:tRNA	Arg	k141_173905:5902-5973	P002_WH12_00068

DiscRep_SUB:FEATURE_LOCATION_CONFLICT::RNA feature xref gene does not exist
P002_WH12/P002_WH12:tRNA	Cys	k141_173905:23899-23969	P002_WH12_00080

DiscRep_SUB:FEATURE_LOCATION_CONFLICT::RNA feature xref gene does not exist
P002_WH12/P002_WH12:tRNA	Asp	k141_173905:c26473-26397	P002_WH12_00082

DiscRep_SUB:FEATURE_LOCATION_CONFLICT::RNA feature xref gene does not exist
P002_WH12/P002_WH12:tRNA	Tyr	k141_173905:c26664-26579	P002_WH12_00083

DiscRep_SUB:FEATURE_LOCATION_CONFLICT::RNA feature xref gene does not exist
P002_WH12/P002_WH12:tRNA	Glu	k141_173905:c26796-26724	P002_WH12_00084

DiscRep_SUB:FEATURE_LOCATION_CONFLICT::RNA feature xref gene does not exist
P002_WH12/P002_WH12:tRNA	Thr	k141_173905:27441-27514	P002_WH12_00085

DiscRep_SUB:FEATURE_LOCATION_CONFLICT::RNA feature xref gene does not exist
P002_WH12/P002_WH12:tRNA	Ser	k141_173905:c31145-31053	P002_WH12_00089

DiscRep_SUB:FEATURE_LOCATION_CONFLICT::RNA feature xref gene does not exist
P002_WH12/P002_WH12:tRNA	Gly	k141_173905:31960-32031	P002_WH12_00090

DiscRep_SUB:FEATURE_LOCATION_CONFLICT::RNA feature xref gene does not exist
P002_WH12/P002_WH12:tRNA	Met	k141_173905:c32252-32178	P002_WH12_00091

DiscRep_SUB:FEATURE_LOCATION_CONFLICT::RNA feature xref gene does not exist
P002_WH12/P002_WH12:tRNA	Ser	k141_173905:40809-40895	P002_WH12_00098

DiscRep_SUB:FEATURE_LOCATION_CONFLICT::RNA feature xref gene does not exist
P002_WH12/P002_WH12:tRNA	Thr	k141_173905:c42190-42116	P002_WH12_00101

DiscRep_SUB:FEATURE_LOCATION_CONFLICT::RNA feature xref gene does not exist
P002_WH12/P002_WH12:tRNA	Phe	k141_173905:43834-43907	P002_WH12_00102

DiscRep_SUB:FEATURE_LOCATION_CONFLICT::RNA feature xref gene does not exist
P002_WH12/P002_WH12:tRNA	Met	k141_173905:48217-48289	P002_WH12_00107

DiscRep_SUB:FEATURE_LOCATION_CONFLICT::Coding region xref gene does not exist
P002_WH12/P002_WH12:CDS	photosystem II protein D1	k141_23277:c1812-754	P002_WH12_00125

DiscRep_SUB:FEATURE_LOCATION_CONFLICT::Coding region xref gene does not exist
P002_WH12/P002_WH12:CDS	maturase K	k141_23277:c3846-2311	P002_WH12_00126

DiscRep_SUB:FEATURE_LOCATION_CONFLICT::Coding region xref gene does not exist
P002_WH12/P002_WH12:CDS	hypothetical protein	k141_23277:3894-4163	P002_WH12_00127

DiscRep_SUB:FEATURE_LOCATION_CONFLICT::RNA feature xref gene does not exist
P002_WH12/P002_WH12:tRNA	His	k141_23277:c222-148	P002_WH12_00124

DiscRep_ALL:OVERLAPPING_CDS::2 coding regions overlap another coding region with a similar or identical name.
DiscRep_SUB:OVERLAPPING_CDS::2 coding regions overlap another coding region with a similar or identical name that do not have the appropriate note text
P002_WH12/P002_WH12:CDS	cytochrome c heme attachment protein	k141_78490:c13125-12406	P002_WH12_00060
P002_WH12/P002_WH12:CDS	cytochrome c heme attachment protein	k141_78490:c13361-13068	P002_WH12_00061

DiscRep_ALL:SUSPECT_PRODUCT_NAMES::2 product_names contain suspect phrase or characters
DiscRep_SUB:SUSPECT_PRODUCT_NAMES::May contain database identifier more appropriate in note; remove from product name
DiscRep_SUB:SUSPECT_PRODUCT_NAMES::2 features contains three or more numbers together that may be identifiers more appropriate in note
P002_WH12/P002_WH12:CDS	photosystem I P700 apoprotein A2	k141_173905:c35032-32828	P002_WH12_00093
P002_WH12/P002_WH12:CDS	photosystem I P700 apoprotein A1	k141_173905:c37310-35058	P002_WH12_00094

DiscRep_ALL:DISC_QUALITY_SCORES::Quality scores are missing on all sequences.

DiscRep_ALL:ONCALLER_COMMENT_PRESENT::6 comment descriptors were found (all same)
P002_WH12/P002_WH12:k141_96011:Annotated using prokka 1.14.5 from https://github.com/tseemann/prokka
P002_WH12/P002_WH12:k141_10763:Annotated using prokka 1.14.5 from https://github.com/tseemann/prokka
P002_WH12/P002_WH12:k141_20516:Annotated using prokka 1.14.5 from https://github.com/tseemann/prokka
P002_WH12/P002_WH12:k141_78490:Annotated using prokka 1.14.5 from https://github.com/tseemann/prokka
P002_WH12/P002_WH12:k141_173905:Annotated using prokka 1.14.5 from https://github.com/tseemann/prokka
P002_WH12/P002_WH12:k141_23277:Annotated using prokka 1.14.5 from https://github.com/tseemann/prokka

DiscRep_ALL:SHORT_PROT_SEQUENCES::13 protein sequences are shorter than 50 aa.
P002_WH12/P002_WH12:k141_96011_1 (length 49)
P002_WH12/P002_WH12:k141_96011_3 (length 44)
P002_WH12/P002_WH12:k141_96011_15 (length 43)
P002_WH12/P002_WH12:k141_96011_21 (length 47)
P002_WH12/P002_WH12:k141_173905_1 (length 49)
P002_WH12/P002_WH12:k141_173905_3 (length 36)
P002_WH12/P002_WH12:k141_173905_6 (length 45)
P002_WH12/P002_WH12:k141_173905_15 (length 29)
P002_WH12/P002_WH12:k141_173905_26 (length 42)
P002_WH12/P002_WH12:k141_173905_38 (length 37)
P002_WH12/P002_WH12:k141_173905_43 (length 36)
P002_WH12/P002_WH12:k141_173905_44 (length 40)
P002_WH12/P002_WH12:k141_173905_45 (length 39)

DiscRep_ALL:MISSING_GENOMEASSEMBLY_COMMENTS::6 bioseqs are missing GenomeAssembly structured comments
P002_WH12/P002_WH12:k141_96011 (length 18784)
P002_WH12/P002_WH12:k141_10763 (length 13810)
P002_WH12/P002_WH12:k141_20516 (length 12488)
P002_WH12/P002_WH12:k141_78490 (length 14817)
P002_WH12/P002_WH12:k141_173905 (length 61113)
P002_WH12/P002_WH12:k141_23277 (length 4340)

DiscRep_ALL:MOLTYPE_NOT_MRNA::6 molecule types are not set as mRNA.
P002_WH12/P002_WH12:k141_96011 (length 18784)
P002_WH12/P002_WH12:k141_10763 (length 13810)
P002_WH12/P002_WH12:k141_20516 (length 12488)
P002_WH12/P002_WH12:k141_78490 (length 14817)
P002_WH12/P002_WH12:k141_173905 (length 61113)
P002_WH12/P002_WH12:k141_23277 (length 4340)

DiscRep_ALL:TECHNIQUE_NOT_TSA::6 technique are not set as TSA
P002_WH12/P002_WH12:k141_96011 (length 18784)
P002_WH12/P002_WH12:k141_10763 (length 13810)
P002_WH12/P002_WH12:k141_20516 (length 12488)
P002_WH12/P002_WH12:k141_78490 (length 14817)
P002_WH12/P002_WH12:k141_173905 (length 61113)
P002_WH12/P002_WH12:k141_23277 (length 4340)

DiscRep_ALL:MISSING_STRUCTURED_COMMENT::6 sequences do not include structured comments.
P002_WH12/P002_WH12:k141_96011 (length 18784)
P002_WH12/P002_WH12:k141_10763 (length 13810)
P002_WH12/P002_WH12:k141_20516 (length 12488)
P002_WH12/P002_WH12:k141_78490 (length 14817)
P002_WH12/P002_WH12:k141_173905 (length 61113)
P002_WH12/P002_WH12:k141_23277 (length 4340)

DiscRep_ALL:MISSING_PROJECT::107 sequences do not include project.
P002_WH12/P002_WH12:k141_96011 (length 18784)
P002_WH12/P002_WH12:k141_96011_1 (length 49)
P002_WH12/P002_WH12:k141_96011_2 (length 51)
P002_WH12/P002_WH12:k141_96011_3 (length 44)
P002_WH12/P002_WH12:k141_96011_4 (length 56)
P002_WH12/P002_WH12:k141_96011_5 (length 101)
P002_WH12/P002_WH12:k141_96011_6 (length 128)
P002_WH12/P002_WH12:k141_96011_7 (length 109)
P002_WH12/P002_WH12:k141_96011_8 (length 129)
P002_WH12/P002_WH12:k141_96011_9 (length 508)
P002_WH12/P002_WH12:k141_96011_10 (length 73)
P002_WH12/P002_WH12:k141_96011_11 (length 162)
P002_WH12/P002_WH12:k141_96011_12 (length 174)
P002_WH12/P002_WH12:k141_96011_13 (length 236)
P002_WH12/P002_WH12:k141_96011_14 (length 138)
P002_WH12/P002_WH12:k141_96011_15 (length 43)
P002_WH12/P002_WH12:k141_96011_16 (length 50)
P002_WH12/P002_WH12:k141_96011_17 (length 77)
P002_WH12/P002_WH12:k141_96011_18 (length 134)
P002_WH12/P002_WH12:k141_96011_19 (length 122)
P002_WH12/P002_WH12:k141_96011_20 (length 119)
P002_WH12/P002_WH12:k141_96011_21 (length 47)
P002_WH12/P002_WH12:k141_96011_22 (length 220)
P002_WH12/P002_WH12:k141_96011_23 (length 158)
P002_WH12/P002_WH12:k141_96011_24 (length 92)
P002_WH12/P002_WH12:k141_10763 (length 13810)
P002_WH12/P002_WH12:k141_10763_1 (length 71)
P002_WH12/P002_WH12:k141_10763_2 (length 71)
P002_WH12/P002_WH12:k141_10763_3 (length 72)
P002_WH12/P002_WH12:k141_10763_4 (length 155)
P002_WH12/P002_WH12:k141_20516 (length 12488)
P002_WH12/P002_WH12:k141_20516_1 (length 285)
P002_WH12/P002_WH12:k141_20516_2 (length 260)
P002_WH12/P002_WH12:k141_20516_3 (length 90)
P002_WH12/P002_WH12:k141_20516_4 (length 2278)
P002_WH12/P002_WH12:k141_20516_5 (length 93)
P002_WH12/P002_WH12:k141_20516_6 (length 133)
P002_WH12/P002_WH12:k141_20516_7 (length 165)
P002_WH12/P002_WH12:k141_78490 (length 14817)
P002_WH12/P002_WH12:k141_78490_1 (length 166)
P002_WH12/P002_WH12:k141_78490_2 (length 1039)
P002_WH12/P002_WH12:k141_78490_3 (length 67)
P002_WH12/P002_WH12:k141_78490_4 (length 87)
P002_WH12/P002_WH12:k141_78490_5 (length 193)
P002_WH12/P002_WH12:k141_78490_6 (length 171)
P002_WH12/P002_WH12:k141_78490_7 (length 59)
P002_WH12/P002_WH12:k141_78490_8 (length 119)
P002_WH12/P002_WH12:k141_78490_9 (length 123)
P002_WH12/P002_WH12:k141_78490_10 (length 165)
P002_WH12/P002_WH12:k141_78490_11 (length 96)
P002_WH12/P002_WH12:k141_78490_12 (length 93)
P002_WH12/P002_WH12:k141_78490_13 (length 81)
P002_WH12/P002_WH12:k141_78490_14 (length 391)
P002_WH12/P002_WH12:k141_78490_15 (length 110)
P002_WH12/P002_WH12:k141_78490_16 (length 239)
P002_WH12/P002_WH12:k141_78490_17 (length 97)
P002_WH12/P002_WH12:k141_173905 (length 61113)
P002_WH12/P002_WH12:k141_173905_1 (length 49)
P002_WH12/P002_WH12:k141_173905_2 (length 98)
P002_WH12/P002_WH12:k141_173905_3 (length 36)
P002_WH12/P002_WH12:k141_173905_4 (length 505)
P002_WH12/P002_WH12:k141_173905_5 (length 150)
P002_WH12/P002_WH12:k141_173905_6 (length 45)
P002_WH12/P002_WH12:k141_173905_7 (length 56)
P002_WH12/P002_WH12:k141_173905_8 (length 81)
P002_WH12/P002_WH12:k141_173905_9 (length 248)
P002_WH12/P002_WH12:k141_173905_10 (length 236)
P002_WH12/P002_WH12:k141_173905_11 (length 1381)
P002_WH12/P002_WH12:k141_173905_12 (length 521)
P002_WH12/P002_WH12:k141_173905_13 (length 145)
P002_WH12/P002_WH12:k141_173905_14 (length 1070)
P002_WH12/P002_WH12:k141_173905_15 (length 29)
P002_WH12/P002_WH12:k141_173905_16 (length 83)
P002_WH12/P002_WH12:k141_173905_17 (length 353)
P002_WH12/P002_WH12:k141_173905_18 (length 461)
P002_WH12/P002_WH12:k141_173905_19 (length 100)
P002_WH12/P002_WH12:k141_173905_20 (length 734)
P002_WH12/P002_WH12:k141_173905_21 (length 750)
P002_WH12/P002_WH12:k141_173905_22 (length 82)
P002_WH12/P002_WH12:k141_173905_23 (length 56)
P002_WH12/P002_WH12:k141_173905_24 (length 64)
P002_WH12/P002_WH12:k141_173905_25 (length 201)
P002_WH12/P002_WH12:k141_173905_26 (length 42)
P002_WH12/P002_WH12:k141_173905_27 (length 158)
P002_WH12/P002_WH12:k141_173905_28 (length 225)
P002_WH12/P002_WH12:k141_173905_29 (length 120)
P002_WH12/P002_WH12:k141_173905_30 (length 57)
P002_WH12/P002_WH12:k141_173905_31 (length 133)
P002_WH12/P002_WH12:k141_173905_32 (length 498)
P002_WH12/P002_WH12:k141_173905_33 (length 89)
P002_WH12/P002_WH12:k141_173905_34 (length 477)
P002_WH12/P002_WH12:k141_173905_35 (length 481)
P002_WH12/P002_WH12:k141_173905_36 (length 56)
P002_WH12/P002_WH12:k141_173905_37 (length 184)
P002_WH12/P002_WH12:k141_173905_38 (length 37)
P002_WH12/P002_WH12:k141_173905_39 (length 229)
P002_WH12/P002_WH12:k141_173905_40 (length 320)
P002_WH12/P002_WH12:k141_173905_41 (length 82)
P002_WH12/P002_WH12:k141_173905_42 (length 73)
P002_WH12/P002_WH12:k141_173905_43 (length 36)
P002_WH12/P002_WH12:k141_173905_44 (length 40)
P002_WH12/P002_WH12:k141_173905_45 (length 39)
P002_WH12/P002_WH12:k141_173905_46 (length 83)
P002_WH12/P002_WH12:k141_23277 (length 4340)
P002_WH12/P002_WH12:k141_23277_1 (length 352)
P002_WH12/P002_WH12:k141_23277_2 (length 511)
P002_WH12/P002_WH12:k141_23277_3 (length 89)

DiscRep_ALL:DISC_INCONSISTENT_MOLINFO_TECH::Molinfo Technique Report (some missing, all same)
DiscRep_SUB:DISC_INCONSISTENT_MOLINFO_TECH::technique (all missing)
DiscRep_SUB:DISC_INCONSISTENT_MOLINFO_TECH::6 Molinfos are missing field technique
P002_WH12/P002_WH12:k141_10763 (length 13810)
P002_WH12/P002_WH12:k141_20516 (length 12488)
P002_WH12/P002_WH12:k141_23277 (length 4340)
P002_WH12/P002_WH12:k141_78490 (length 14817)
P002_WH12/P002_WH12:k141_96011 (length 18784)
P002_WH12/P002_WH12:k141_173905 (length 61113)

