Discrepancy Report Results

Summary
FATAL: MISSING_PROTEIN_ID:97 proteins have invalid IDs.
DISC_SOURCE_QUALS_ASNDISC:strain (all present, all same)
DISC_SOURCE_QUALS_ASNDISC:taxname (all present, all same)
DISC_FEATURE_COUNT:CDS: 97 present
DISC_FEATURE_COUNT:tRNA: 24 present
DISC_FEATURE_COUNT:rRNA: 2 present
DISC_COUNT_NUCLEOTIDES:7 nucleotide Bioseqs are present
FEATURE_LOCATION_CONFLICT:123 features have inconsistent gene locations.
SUSPECT_PRODUCT_NAMES:2 product_names contain suspect phrase or characters
	May contain database identifier more appropriate in note; remove from product name
		2 features contains three or more numbers together that may be identifiers more appropriate in note
NO_ANNOTATION:1 bioseqs have no features
DISC_QUALITY_SCORES:Quality scores are missing on all sequences.
ONCALLER_COMMENT_PRESENT:7 comment descriptors were found (all same)
SHORT_PROT_SEQUENCES:9 protein sequences are shorter than 50 aa.
MISSING_GENOMEASSEMBLY_COMMENTS:7 bioseqs are missing GenomeAssembly structured comments
MOLTYPE_NOT_MRNA:7 molecule types are not set as mRNA.
TECHNIQUE_NOT_TSA:7 technique are not set as TSA
MISSING_STRUCTURED_COMMENT:7 sequences do not include structured comments.
MISSING_PROJECT:104 sequences do not include project.
DISC_INCONSISTENT_MOLINFO_TECH:Molinfo Technique Report (some missing, all same)


Detailed Report

FATAL: DiscRep_ALL:MISSING_PROTEIN_ID::97 proteins have invalid IDs.
P003_WA06/P003_WA06:k141_30771_1 (length 90)
P003_WA06/P003_WA06:k141_30771_2 (length 53)
P003_WA06/P003_WA06:k141_30771_3 (length 77)
P003_WA06/P003_WA06:k141_30771_4 (length 78)
P003_WA06/P003_WA06:k141_30771_5 (length 74)
P003_WA06/P003_WA06:k141_30771_6 (length 50)
P003_WA06/P003_WA06:k141_30771_7 (length 58)
P003_WA06/P003_WA06:k141_30771_8 (length 156)
P003_WA06/P003_WA06:k141_30771_9 (length 282)
P003_WA06/P003_WA06:k141_30771_10 (length 204)
P003_WA06/P003_WA06:k141_30771_11 (length 137)
P003_WA06/P003_WA06:k141_30771_12 (length 258)
P003_WA06/P003_WA06:k141_30771_13 (length 93)
P003_WA06/P003_WA06:k141_30771_14 (length 112)
P003_WA06/P003_WA06:k141_30771_15 (length 165)
P003_WA06/P003_WA06:k141_30771_16 (length 93)
P003_WA06/P003_WA06:k141_143311_1 (length 195)
P003_WA06/P003_WA06:k141_143311_2 (length 1473)
P003_WA06/P003_WA06:k141_143311_3 (length 239)
P003_WA06/P003_WA06:k141_143311_4 (length 287)
P003_WA06/P003_WA06:k141_143311_5 (length 81)
P003_WA06/P003_WA06:k141_143311_6 (length 73)
P003_WA06/P003_WA06:k141_143311_7 (length 57)
P003_WA06/P003_WA06:k141_143311_8 (length 123)
P003_WA06/P003_WA06:k141_143311_9 (length 532)
P003_WA06/P003_WA06:k141_143311_10 (length 103)
P003_WA06/P003_WA06:k141_143311_11 (length 634)
P003_WA06/P003_WA06:k141_137789_1 (length 383)
P003_WA06/P003_WA06:k141_137789_2 (length 187)
P003_WA06/P003_WA06:k141_137789_3 (length 141)
P003_WA06/P003_WA06:k141_137789_4 (length 182)
P003_WA06/P003_WA06:k141_137789_5 (length 176)
P003_WA06/P003_WA06:k141_137789_6 (length 100)
P003_WA06/P003_WA06:k141_137789_7 (length 81)
P003_WA06/P003_WA06:k141_137789_8 (length 500)
P003_WA06/P003_WA06:k141_137789_9 (length 319)
P003_WA06/P003_WA06:k141_137789_10 (length 739)
P003_WA06/P003_WA06:k141_137789_11 (length 57)
P003_WA06/P003_WA06:k141_145980_1 (length 147)
P003_WA06/P003_WA06:k141_145980_2 (length 239)
P003_WA06/P003_WA06:k141_145980_3 (length 71)
P003_WA06/P003_WA06:k141_145980_4 (length 63)
P003_WA06/P003_WA06:k141_145980_5 (length 120)
P003_WA06/P003_WA06:k141_145980_6 (length 123)
P003_WA06/P003_WA06:k141_145980_7 (length 136)
P003_WA06/P003_WA06:k141_145980_8 (length 113)
P003_WA06/P003_WA06:k141_145980_9 (length 143)
P003_WA06/P003_WA06:k141_145980_10 (length 341)
P003_WA06/P003_WA06:k141_145980_11 (length 174)
P003_WA06/P003_WA06:k141_145980_12 (length 240)
P003_WA06/P003_WA06:k141_145980_13 (length 43)
P003_WA06/P003_WA06:k141_145980_14 (length 118)
P003_WA06/P003_WA06:k141_145980_15 (length 38)
P003_WA06/P003_WA06:k141_145980_16 (length 508)
P003_WA06/P003_WA06:k141_145980_17 (length 216)
P003_WA06/P003_WA06:k141_145980_18 (length 57)
P003_WA06/P003_WA06:k141_145980_19 (length 119)
P003_WA06/P003_WA06:k141_145980_20 (length 170)
P003_WA06/P003_WA06:k141_145980_21 (length 83)
P003_WA06/P003_WA06:k141_145980_22 (length 50)
P003_WA06/P003_WA06:k141_145980_23 (length 38)
P003_WA06/P003_WA06:k141_145980_24 (length 80)
P003_WA06/P003_WA06:k141_145980_25 (length 322)
P003_WA06/P003_WA06:k141_145980_26 (length 230)
P003_WA06/P003_WA06:k141_145980_27 (length 73)
P003_WA06/P003_WA06:k141_145980_28 (length 229)
P003_WA06/P003_WA06:k141_145980_29 (length 108)
P003_WA06/P003_WA06:k141_145980_30 (length 478)
P003_WA06/P003_WA06:k141_145980_31 (length 527)
P003_WA06/P003_WA06:k141_145980_32 (length 137)
P003_WA06/P003_WA06:k141_145980_33 (length 120)
P003_WA06/P003_WA06:k141_145980_34 (length 225)
P003_WA06/P003_WA06:k141_145980_35 (length 171)
P003_WA06/P003_WA06:k141_145980_36 (length 40)
P003_WA06/P003_WA06:k141_145980_37 (length 57)
P003_WA06/P003_WA06:k141_145980_38 (length 54)
P003_WA06/P003_WA06:k141_145980_39 (length 201)
P003_WA06/P003_WA06:k141_145980_40 (length 55)
P003_WA06/P003_WA06:k141_145980_41 (length 82)
P003_WA06/P003_WA06:k141_145980_42 (length 45)
P003_WA06/P003_WA06:k141_145980_43 (length 38)
P003_WA06/P003_WA06:k141_145980_44 (length 765)
P003_WA06/P003_WA06:k141_103441_1 (length 339)
P003_WA06/P003_WA06:k141_66599_1 (length 1076)
P003_WA06/P003_WA06:k141_66599_2 (length 34)
P003_WA06/P003_WA06:k141_66599_3 (length 44)
P003_WA06/P003_WA06:k141_66599_4 (length 59)
P003_WA06/P003_WA06:k141_66599_5 (length 57)
P003_WA06/P003_WA06:k141_66599_6 (length 81)
P003_WA06/P003_WA06:k141_66599_7 (length 37)
P003_WA06/P003_WA06:k141_66599_8 (length 461)
P003_WA06/P003_WA06:k141_66599_9 (length 353)
P003_WA06/P003_WA06:k141_66599_10 (length 58)
P003_WA06/P003_WA06:k141_66599_11 (length 99)
P003_WA06/P003_WA06:k141_66599_12 (length 79)
P003_WA06/P003_WA06:k141_66599_13 (length 454)
P003_WA06/P003_WA06:k141_66599_14 (length 353)

DiscRep_ALL:DISC_SOURCE_QUALS_ASNDISC::strain (all present, all same)
DiscRep_SUB:DISC_SOURCE_QUALS_ASNDISC::7 sources have 'strain' for strain
DiscRep_ALL:DISC_SOURCE_QUALS_ASNDISC::taxname (all present, all same)
DiscRep_SUB:DISC_SOURCE_QUALS_ASNDISC::7 sources have 'Genus species' for taxname
DiscRep_ALL:DISC_FEATURE_COUNT::CDS: 97 present
DiscRep_ALL:DISC_FEATURE_COUNT::tRNA: 24 present
DiscRep_ALL:DISC_FEATURE_COUNT::rRNA: 2 present
DiscRep_ALL:DISC_COUNT_NUCLEOTIDES::7 nucleotide Bioseqs are present
P003_WA06/P003_WA06:k141_30771 (length 21230)
P003_WA06/P003_WA06:k141_143311 (length 14465)
P003_WA06/P003_WA06:k141_137789 (length 12850)
P003_WA06/P003_WA06:k141_145980 (length 41654)
P003_WA06/P003_WA06:k141_103441 (length 1171)
P003_WA06/P003_WA06:k141_66599 (length 23807)
P003_WA06/P003_WA06:k141_14140 (length 1302)

DiscRep_ALL:FEATURE_LOCATION_CONFLICT::123 features have inconsistent gene locations.
DiscRep_SUB:FEATURE_LOCATION_CONFLICT::Coding region xref gene does not exist
P003_WA06/P003_WA06:CDS	ribosomal protein S15	k141_30771:c580-308	P003_WA06_00001

DiscRep_SUB:FEATURE_LOCATION_CONFLICT::Coding region xref gene does not exist
P003_WA06/P003_WA06:CDS	hypothetical protein	k141_30771:c1527-1366	P003_WA06_00002

DiscRep_SUB:FEATURE_LOCATION_CONFLICT::Coding region xref gene does not exist
P003_WA06/P003_WA06:CDS	hypothetical protein	k141_30771:c6434-6201	P003_WA06_00006

DiscRep_SUB:FEATURE_LOCATION_CONFLICT::Coding region xref gene does not exist
P003_WA06/P003_WA06:CDS	hypothetical protein	k141_30771:7047-7283	P003_WA06_00007

DiscRep_SUB:FEATURE_LOCATION_CONFLICT::Coding region xref gene does not exist
P003_WA06/P003_WA06:CDS	hypothetical protein	k141_30771:7912-8136	P003_WA06_00008

DiscRep_SUB:FEATURE_LOCATION_CONFLICT::Coding region xref gene does not exist
P003_WA06/P003_WA06:CDS	hypothetical protein	k141_30771:c8233-8081	P003_WA06_00009

DiscRep_SUB:FEATURE_LOCATION_CONFLICT::Coding region xref gene does not exist
P003_WA06/P003_WA06:CDS	hypothetical protein	k141_30771:c11030-10854	P003_WA06_00012

DiscRep_SUB:FEATURE_LOCATION_CONFLICT::Coding region xref gene does not exist
P003_WA06/P003_WA06:CDS	ribosomal protein S7	k141_30771:12567-13037	P003_WA06_00013

DiscRep_SUB:FEATURE_LOCATION_CONFLICT::Coding region xref gene does not exist
P003_WA06/P003_WA06:CDS	NADH-plastoquinone oxidoreductase subunit 2	k141_30771:13337-14185	P003_WA06_00014

DiscRep_SUB:FEATURE_LOCATION_CONFLICT::Coding region xref gene does not exist
P003_WA06/P003_WA06:CDS	NADH-plastoquinone oxidoreductase subunit 2	k141_30771:14974-15588	P003_WA06_00015

DiscRep_SUB:FEATURE_LOCATION_CONFLICT::Coding region xref gene does not exist
P003_WA06/P003_WA06:CDS	hypothetical protein	k141_30771:c16911-16498	P003_WA06_00017

DiscRep_SUB:FEATURE_LOCATION_CONFLICT::Coding region xref gene does not exist
P003_WA06/P003_WA06:CDS	hypothetical protein	k141_30771:c18193-17417	P003_WA06_00018

DiscRep_SUB:FEATURE_LOCATION_CONFLICT::Coding region xref gene does not exist
P003_WA06/P003_WA06:CDS	ribosomal protein L23	k141_30771:18867-19148	P003_WA06_00020

DiscRep_SUB:FEATURE_LOCATION_CONFLICT::Coding region xref gene does not exist
P003_WA06/P003_WA06:CDS	ribosomal protein L2	k141_30771:19230-19568	P003_WA06_00021

DiscRep_SUB:FEATURE_LOCATION_CONFLICT::Coding region xref gene does not exist
P003_WA06/P003_WA06:CDS	ribosomal protein L2	k141_30771:20154-20651	P003_WA06_00022

DiscRep_SUB:FEATURE_LOCATION_CONFLICT::Coding region xref gene does not exist
P003_WA06/P003_WA06:CDS	ribosomal protein S19	k141_30771:20913-21194	P003_WA06_00024

DiscRep_SUB:FEATURE_LOCATION_CONFLICT::RNA feature xref gene does not exist
P003_WA06/P003_WA06:tRNA	Asn	k141_30771:2117-2190	P003_WA06_00003

DiscRep_SUB:FEATURE_LOCATION_CONFLICT::RNA feature xref gene does not exist
P003_WA06/P003_WA06:tRNA	Arg	k141_30771:c2516-2442	P003_WA06_00004

DiscRep_SUB:FEATURE_LOCATION_CONFLICT::RNA feature xref gene does not exist
P003_WA06/P003_WA06:rRNA	23S ribosomal RNA	k141_30771:c6168-3093	P003_WA06_00005

DiscRep_SUB:FEATURE_LOCATION_CONFLICT::RNA feature xref gene does not exist
P003_WA06/P003_WA06:rRNA	16S ribosomal RNA	k141_30771:c9942-8456	P003_WA06_00010

DiscRep_SUB:FEATURE_LOCATION_CONFLICT::RNA feature xref gene does not exist
P003_WA06/P003_WA06:tRNA	Val	k141_30771:c10248-10177	P003_WA06_00011

DiscRep_SUB:FEATURE_LOCATION_CONFLICT::RNA feature xref gene does not exist
P003_WA06/P003_WA06:tRNA	Leu	k141_30771:16098-16180	P003_WA06_00016

DiscRep_SUB:FEATURE_LOCATION_CONFLICT::RNA feature xref gene does not exist
P003_WA06/P003_WA06:tRNA	Met	k141_30771:18619-18693	P003_WA06_00019

DiscRep_SUB:FEATURE_LOCATION_CONFLICT::RNA feature xref gene does not exist
P003_WA06/P003_WA06:tRNA	His	k141_30771:c20780-20706	P003_WA06_00023

DiscRep_SUB:FEATURE_LOCATION_CONFLICT::Coding region xref gene does not exist
P003_WA06/P003_WA06:CDS	RNA polymerase beta' subunit	k141_143311:20-607	P003_WA06_00025

DiscRep_SUB:FEATURE_LOCATION_CONFLICT::Coding region xref gene does not exist
P003_WA06/P003_WA06:CDS	DNA-directed RNA polymerase subunit beta'	k141_143311:811-5232	P003_WA06_00026

DiscRep_SUB:FEATURE_LOCATION_CONFLICT::Coding region xref gene does not exist
P003_WA06/P003_WA06:CDS	ribosomal protein S2	k141_143311:5527-6246	P003_WA06_00027

DiscRep_SUB:FEATURE_LOCATION_CONFLICT::Coding region xref gene does not exist
P003_WA06/P003_WA06:CDS	ATP synthase CF0 subunit IV	k141_143311:6380-7243	P003_WA06_00028

DiscRep_SUB:FEATURE_LOCATION_CONFLICT::Coding region xref gene does not exist
P003_WA06/P003_WA06:CDS	ATP synthase CF0 subunit III	k141_143311:7808-8053	P003_WA06_00029

DiscRep_SUB:FEATURE_LOCATION_CONFLICT::Coding region xref gene does not exist
P003_WA06/P003_WA06:CDS	ATP synthase subunit b	k141_143311:8242-8463	P003_WA06_00030

DiscRep_SUB:FEATURE_LOCATION_CONFLICT::Coding region xref gene does not exist
P003_WA06/P003_WA06:CDS	hypothetical protein	k141_143311:c8781-8608	P003_WA06_00031

DiscRep_SUB:FEATURE_LOCATION_CONFLICT::Coding region xref gene does not exist
P003_WA06/P003_WA06:CDS	ATP synthase CF0 subunit I	k141_143311:9293-9664	P003_WA06_00032

DiscRep_SUB:FEATURE_LOCATION_CONFLICT::Coding region xref gene does not exist
P003_WA06/P003_WA06:CDS	ATP synthase CF1 alpha subunit	k141_143311:9687-11285	P003_WA06_00033

DiscRep_SUB:FEATURE_LOCATION_CONFLICT::Coding region xref gene does not exist
P003_WA06/P003_WA06:CDS	ribosomal protein S14	k141_143311:c12178-11867	P003_WA06_00035

DiscRep_SUB:FEATURE_LOCATION_CONFLICT::Coding region xref gene does not exist
P003_WA06/P003_WA06:CDS	photosystem I P700 apoprotein A2	k141_143311:c14244-12340	P003_WA06_00036

DiscRep_SUB:FEATURE_LOCATION_CONFLICT::RNA feature xref gene does not exist
P003_WA06/P003_WA06:tRNA	Arg	k141_143311:c11488-11417	P003_WA06_00034

DiscRep_SUB:FEATURE_LOCATION_CONFLICT::Coding region xref gene does not exist
P003_WA06/P003_WA06:CDS	NADH-plastoquinone oxidoreductase subunit 7	k141_137789:3-1154	P003_WA06_00037

DiscRep_SUB:FEATURE_LOCATION_CONFLICT::Coding region xref gene does not exist
P003_WA06/P003_WA06:CDS	NADH-plastoquinone oxidoreductase subunit 1	k141_137789:1156-1719	P003_WA06_00038

DiscRep_SUB:FEATURE_LOCATION_CONFLICT::Coding region xref gene does not exist
P003_WA06/P003_WA06:CDS	NADH-plastoquinone oxidoreductase subunit 1	k141_137789:2850-3275	P003_WA06_00039

DiscRep_SUB:FEATURE_LOCATION_CONFLICT::Coding region xref gene does not exist
P003_WA06/P003_WA06:CDS	NADH-plastoquinone oxidoreductase subunit I	k141_137789:3367-3915	P003_WA06_00040

DiscRep_SUB:FEATURE_LOCATION_CONFLICT::Coding region xref gene does not exist
P003_WA06/P003_WA06:CDS	NADH-plastoquinone oxidoreductase subunit 6	k141_137789:4034-4564	P003_WA06_00041

DiscRep_SUB:FEATURE_LOCATION_CONFLICT::Coding region xref gene does not exist
P003_WA06/P003_WA06:CDS	NADH-plastoquinone oxidoreductase subunit 4L	k141_137789:4780-5082	P003_WA06_00042

DiscRep_SUB:FEATURE_LOCATION_CONFLICT::Coding region xref gene does not exist
P003_WA06/P003_WA06:CDS	photosystem I subunit VII	k141_137789:5580-5825	P003_WA06_00043

DiscRep_SUB:FEATURE_LOCATION_CONFLICT::Coding region xref gene does not exist
P003_WA06/P003_WA06:CDS	NADH-plastoquinone oxidoreductase subunit 4	k141_137789:5945-7447	P003_WA06_00044

DiscRep_SUB:FEATURE_LOCATION_CONFLICT::Coding region xref gene does not exist
P003_WA06/P003_WA06:CDS	cytochrome c heme attachment protein	k141_137789:c8585-7626	P003_WA06_00045

DiscRep_SUB:FEATURE_LOCATION_CONFLICT::Coding region xref gene does not exist
P003_WA06/P003_WA06:CDS	NADH-plastoquinone oxidoreductase subunit 5	k141_137789:10400-12619	P003_WA06_00047

DiscRep_SUB:FEATURE_LOCATION_CONFLICT::Coding region xref gene does not exist
P003_WA06/P003_WA06:CDS	NADH-plastoquinone oxidoreductase subunit 7	k141_137789:c12848-12675	P003_WA06_00048

DiscRep_SUB:FEATURE_LOCATION_CONFLICT::RNA feature xref gene does not exist
P003_WA06/P003_WA06:tRNA	Leu	k141_137789:c8742-8663	P003_WA06_00046

DiscRep_SUB:FEATURE_LOCATION_CONFLICT::Coding region xref gene does not exist
P003_WA06/P003_WA06:CDS	hypothetical protein	k141_145980:194-637	P003_WA06_00049

DiscRep_SUB:FEATURE_LOCATION_CONFLICT::Coding region xref gene does not exist
P003_WA06/P003_WA06:CDS	ribosomal protein S3	k141_145980:710-1429	P003_WA06_00050

DiscRep_SUB:FEATURE_LOCATION_CONFLICT::Coding region xref gene does not exist
P003_WA06/P003_WA06:CDS	hypothetical protein	k141_145980:c1592-1377	P003_WA06_00051

DiscRep_SUB:FEATURE_LOCATION_CONFLICT::Coding region xref gene does not exist
P003_WA06/P003_WA06:CDS	hypothetical protein	k141_145980:2363-2554	P003_WA06_00052

DiscRep_SUB:FEATURE_LOCATION_CONFLICT::Coding region xref gene does not exist
P003_WA06/P003_WA06:CDS	ribosomal protein L16	k141_145980:2551-2913	P003_WA06_00053

DiscRep_SUB:FEATURE_LOCATION_CONFLICT::Coding region xref gene does not exist
P003_WA06/P003_WA06:CDS	ribosomal protein L14	k141_145980:3036-3407	P003_WA06_00054

DiscRep_SUB:FEATURE_LOCATION_CONFLICT::Coding region xref gene does not exist
P003_WA06/P003_WA06:CDS	ribosomal protein S8	k141_145980:3551-3961	P003_WA06_00055

DiscRep_SUB:FEATURE_LOCATION_CONFLICT::Coding region xref gene does not exist
P003_WA06/P003_WA06:CDS	Translation initiation factor IF-1	k141_145980:4066-4407	P003_WA06_00056

DiscRep_SUB:FEATURE_LOCATION_CONFLICT::Coding region xref gene does not exist
P003_WA06/P003_WA06:CDS	ribosomal protein S11	k141_145980:4818-5249	P003_WA06_00057

DiscRep_SUB:FEATURE_LOCATION_CONFLICT::Coding region xref gene does not exist
P003_WA06/P003_WA06:CDS	DNA-directed RNA polymerase subunit alpha	k141_145980:5314-6339	P003_WA06_00058

DiscRep_SUB:FEATURE_LOCATION_CONFLICT::Coding region xref gene does not exist
P003_WA06/P003_WA06:CDS	cytochrome b6/f complex subunit IV	k141_145980:c7073-6549	P003_WA06_00059

DiscRep_SUB:FEATURE_LOCATION_CONFLICT::Coding region xref gene does not exist
P003_WA06/P003_WA06:CDS	cytochrome b6	k141_145980:c8681-7959	P003_WA06_00060

DiscRep_SUB:FEATURE_LOCATION_CONFLICT::Coding region xref gene does not exist
P003_WA06/P003_WA06:CDS	hypothetical protein	k141_145980:8791-8922	P003_WA06_00061

DiscRep_SUB:FEATURE_LOCATION_CONFLICT::Coding region xref gene does not exist
P003_WA06/P003_WA06:CDS	Photosystem II reaction center protein H	k141_145980:c9844-9488	P003_WA06_00062

DiscRep_SUB:FEATURE_LOCATION_CONFLICT::Coding region xref gene does not exist
P003_WA06/P003_WA06:CDS	photosystem II protein T	k141_145980:c10109-9993	P003_WA06_00063

DiscRep_SUB:FEATURE_LOCATION_CONFLICT::Coding region xref gene does not exist
P003_WA06/P003_WA06:CDS	photosystem II CP47 chlorophyll apoprotein	k141_145980:c11804-10278	P003_WA06_00064

DiscRep_SUB:FEATURE_LOCATION_CONFLICT::Coding region xref gene does not exist
P003_WA06/P003_WA06:CDS	ATP-dependent Clp protease proteolytic subunit	k141_145980:12348-12998	P003_WA06_00065

DiscRep_SUB:FEATURE_LOCATION_CONFLICT::Coding region xref gene does not exist
P003_WA06/P003_WA06:CDS	hypothetical protein	k141_145980:13150-13323	P003_WA06_00066

DiscRep_SUB:FEATURE_LOCATION_CONFLICT::Coding region xref gene does not exist
P003_WA06/P003_WA06:CDS	ribosomal protein L20	k141_145980:13960-14319	P003_WA06_00067

DiscRep_SUB:FEATURE_LOCATION_CONFLICT::Coding region xref gene does not exist
P003_WA06/P003_WA06:CDS	hypothetical protein	k141_145980:c14989-14477	P003_WA06_00068

DiscRep_SUB:FEATURE_LOCATION_CONFLICT::Coding region xref gene does not exist
P003_WA06/P003_WA06:CDS	photosystem II cytochrome b559 alpha subunit	k141_145980:18379-18630	P003_WA06_00071

DiscRep_SUB:FEATURE_LOCATION_CONFLICT::Coding region xref gene does not exist
P003_WA06/P003_WA06:CDS	Cytochrome b559 subunit beta	k141_145980:18608-18760	P003_WA06_00072

DiscRep_SUB:FEATURE_LOCATION_CONFLICT::Coding region xref gene does not exist
P003_WA06/P003_WA06:CDS	photosystem II protein L	k141_145980:18783-18899	P003_WA06_00073

DiscRep_SUB:FEATURE_LOCATION_CONFLICT::Coding region xref gene does not exist
P003_WA06/P003_WA06:CDS	hypothetical protein	k141_145980:19450-19692	P003_WA06_00074

DiscRep_SUB:FEATURE_LOCATION_CONFLICT::Coding region xref gene does not exist
P003_WA06/P003_WA06:CDS	cytochrome f	k141_145980:c20875-19907	P003_WA06_00075

DiscRep_SUB:FEATURE_LOCATION_CONFLICT::Coding region xref gene does not exist
P003_WA06/P003_WA06:CDS	envelope membrane protein	k141_145980:c21792-21100	P003_WA06_00076

DiscRep_SUB:FEATURE_LOCATION_CONFLICT::Coding region xref gene does not exist
P003_WA06/P003_WA06:CDS	hypothetical protein	k141_145980:c22063-21842	P003_WA06_00077

DiscRep_SUB:FEATURE_LOCATION_CONFLICT::Coding region xref gene does not exist
P003_WA06/P003_WA06:CDS	photosystem I assembly protein Ycf4	k141_145980:c22926-22237	P003_WA06_00078

DiscRep_SUB:FEATURE_LOCATION_CONFLICT::Coding region xref gene does not exist
P003_WA06/P003_WA06:CDS	hypothetical protein	k141_145980:23373-23699	P003_WA06_00079

DiscRep_SUB:FEATURE_LOCATION_CONFLICT::Coding region xref gene does not exist
P003_WA06/P003_WA06:CDS	ribulose-1,5-bisphosphate carboxylase/oxygenase large subunit	k141_145980:c25829-24393	P003_WA06_00080

DiscRep_SUB:FEATURE_LOCATION_CONFLICT::Coding region xref gene does not exist
P003_WA06/P003_WA06:CDS	ATP synthase CF1 beta subunit	k141_145980:26562-28145	P003_WA06_00081

DiscRep_SUB:FEATURE_LOCATION_CONFLICT::Coding region xref gene does not exist
P003_WA06/P003_WA06:CDS	ATP synthase CF1 epsilon subunit	k141_145980:28142-28555	P003_WA06_00082

DiscRep_SUB:FEATURE_LOCATION_CONFLICT::Coding region xref gene does not exist
P003_WA06/P003_WA06:CDS	NADH-plastoquinone oxidoreductase subunit 3	k141_145980:30454-30816	P003_WA06_00084

DiscRep_SUB:FEATURE_LOCATION_CONFLICT::Coding region xref gene does not exist
P003_WA06/P003_WA06:CDS	NADH-plastoquinone oxidoreductase subunit K	k141_145980:30870-31547	P003_WA06_00085

DiscRep_SUB:FEATURE_LOCATION_CONFLICT::Coding region xref gene does not exist
P003_WA06/P003_WA06:CDS	NADH-plastoquinone oxidoreductase subunit J	k141_145980:31611-32126	P003_WA06_00086

DiscRep_SUB:FEATURE_LOCATION_CONFLICT::Coding region xref gene does not exist
P003_WA06/P003_WA06:CDS	hypothetical protein	k141_145980:c32529-32407	P003_WA06_00087

DiscRep_SUB:FEATURE_LOCATION_CONFLICT::Coding region xref gene does not exist
P003_WA06/P003_WA06:CDS	hypothetical protein	k141_145980:c33091-32918	P003_WA06_00089

DiscRep_SUB:FEATURE_LOCATION_CONFLICT::Coding region xref gene does not exist
P003_WA06/P003_WA06:CDS	hypothetical protein	k141_145980:c33819-33655	P003_WA06_00090

DiscRep_SUB:FEATURE_LOCATION_CONFLICT::Coding region xref gene does not exist
P003_WA06/P003_WA06:CDS	ribosomal protein S4	k141_145980:34972-35577	P003_WA06_00092

DiscRep_SUB:FEATURE_LOCATION_CONFLICT::Coding region xref gene does not exist
P003_WA06/P003_WA06:CDS	hypothetical protein	k141_145980:36413-36580	P003_WA06_00094

DiscRep_SUB:FEATURE_LOCATION_CONFLICT::Coding region xref gene does not exist
P003_WA06/P003_WA06:CDS	putative chloroplast RF34	k141_145980:37402-37650	P003_WA06_00095

DiscRep_SUB:FEATURE_LOCATION_CONFLICT::Coding region xref gene does not exist
P003_WA06/P003_WA06:CDS	hypothetical protein	k141_145980:38022-38159	P003_WA06_00096

DiscRep_SUB:FEATURE_LOCATION_CONFLICT::Coding region xref gene does not exist
P003_WA06/P003_WA06:CDS	hypothetical protein	k141_145980:c39062-38946	P003_WA06_00097

DiscRep_SUB:FEATURE_LOCATION_CONFLICT::Coding region xref gene does not exist
P003_WA06/P003_WA06:CDS	photosystem I P700 apoprotein A1	k141_145980:39112-41409	P003_WA06_00098

DiscRep_SUB:FEATURE_LOCATION_CONFLICT::RNA feature xref gene does not exist
P003_WA06/P003_WA06:tRNA	Pro	k141_145980:16377-16452	P003_WA06_00069

DiscRep_SUB:FEATURE_LOCATION_CONFLICT::RNA feature xref gene does not exist
P003_WA06/P003_WA06:tRNA	Trp	k141_145980:16591-16664	P003_WA06_00070

DiscRep_SUB:FEATURE_LOCATION_CONFLICT::RNA feature xref gene does not exist
P003_WA06/P003_WA06:tRNA	Met	k141_145980:c28743-28669	P003_WA06_00083

DiscRep_SUB:FEATURE_LOCATION_CONFLICT::RNA feature xref gene does not exist
P003_WA06/P003_WA06:tRNA	Phe	k141_145980:c32782-32710	P003_WA06_00088

DiscRep_SUB:FEATURE_LOCATION_CONFLICT::RNA feature xref gene does not exist
P003_WA06/P003_WA06:tRNA	Thr	k141_145980:34596-34670	P003_WA06_00091

DiscRep_SUB:FEATURE_LOCATION_CONFLICT::RNA feature xref gene does not exist
P003_WA06/P003_WA06:tRNA	Ser	k141_145980:c35931-35845	P003_WA06_00093

DiscRep_SUB:FEATURE_LOCATION_CONFLICT::Coding region xref gene does not exist
P003_WA06/P003_WA06:CDS	RNA polymerase beta'' subunit	k141_103441:c1160-141	P003_WA06_00099

DiscRep_SUB:FEATURE_LOCATION_CONFLICT::Coding region xref gene does not exist
P003_WA06/P003_WA06:CDS	RNA polymerase beta subunit	k141_66599:c4833-1603	P003_WA06_00100

DiscRep_SUB:FEATURE_LOCATION_CONFLICT::Coding region xref gene does not exist
P003_WA06/P003_WA06:CDS	photosystem II protein M	k141_66599:c7462-7358	P003_WA06_00102

DiscRep_SUB:FEATURE_LOCATION_CONFLICT::Coding region xref gene does not exist
P003_WA06/P003_WA06:CDS	hypothetical protein	k141_66599:7925-8059	P003_WA06_00103

DiscRep_SUB:FEATURE_LOCATION_CONFLICT::Coding region xref gene does not exist
P003_WA06/P003_WA06:CDS	hypothetical protein	k141_66599:c10333-10154	P003_WA06_00108

DiscRep_SUB:FEATURE_LOCATION_CONFLICT::Coding region xref gene does not exist
P003_WA06/P003_WA06:CDS	hypothetical protein	k141_66599:11627-11800	P003_WA06_00111

DiscRep_SUB:FEATURE_LOCATION_CONFLICT::Coding region xref gene does not exist
P003_WA06/P003_WA06:CDS	Photosystem II reaction center protein Z	k141_66599:c12042-11797	P003_WA06_00112

DiscRep_SUB:FEATURE_LOCATION_CONFLICT::Coding region xref gene does not exist
P003_WA06/P003_WA06:CDS	hypothetical protein	k141_66599:12160-12273	P003_WA06_00113

DiscRep_SUB:FEATURE_LOCATION_CONFLICT::Coding region xref gene does not exist
P003_WA06/P003_WA06:CDS	photosystem II CP43 chlorophyll apoprotein	k141_66599:c13968-12583	P003_WA06_00115

DiscRep_SUB:FEATURE_LOCATION_CONFLICT::Coding region xref gene does not exist
P003_WA06/P003_WA06:CDS	photosystem II protein D2	k141_66599:c15013-13952	P003_WA06_00116

DiscRep_SUB:FEATURE_LOCATION_CONFLICT::Coding region xref gene does not exist
P003_WA06/P003_WA06:CDS	Photosystem II reaction center protein I	k141_66599:c16378-16202	P003_WA06_00118

DiscRep_SUB:FEATURE_LOCATION_CONFLICT::Coding region xref gene does not exist
P003_WA06/P003_WA06:CDS	Photosystem II reaction center protein K	k141_66599:c17026-16727	P003_WA06_00119

DiscRep_SUB:FEATURE_LOCATION_CONFLICT::Coding region xref gene does not exist
P003_WA06/P003_WA06:CDS	hypothetical protein	k141_66599:c18826-18587	P003_WA06_00121

DiscRep_SUB:FEATURE_LOCATION_CONFLICT::Coding region xref gene does not exist
P003_WA06/P003_WA06:CDS	maturase K	k141_66599:20616-21980	P003_WA06_00122

DiscRep_SUB:FEATURE_LOCATION_CONFLICT::Coding region xref gene does not exist
P003_WA06/P003_WA06:CDS	photosystem II protein D1	k141_66599:22519-23580	P003_WA06_00123

DiscRep_SUB:FEATURE_LOCATION_CONFLICT::RNA feature xref gene does not exist
P003_WA06/P003_WA06:tRNA	Cys	k141_66599:6000-6070	P003_WA06_00101

DiscRep_SUB:FEATURE_LOCATION_CONFLICT::RNA feature xref gene does not exist
P003_WA06/P003_WA06:tRNA	Asp	k141_66599:c8239-8166	P003_WA06_00104

DiscRep_SUB:FEATURE_LOCATION_CONFLICT::RNA feature xref gene does not exist
P003_WA06/P003_WA06:tRNA	Tyr	k141_66599:c8668-8583	P003_WA06_00105

DiscRep_SUB:FEATURE_LOCATION_CONFLICT::RNA feature xref gene does not exist
P003_WA06/P003_WA06:tRNA	Glu	k141_66599:c8802-8728	P003_WA06_00106

DiscRep_SUB:FEATURE_LOCATION_CONFLICT::RNA feature xref gene does not exist
P003_WA06/P003_WA06:tRNA	Thr	k141_66599:c9417-9344	P003_WA06_00107

DiscRep_SUB:FEATURE_LOCATION_CONFLICT::RNA feature xref gene does not exist
P003_WA06/P003_WA06:tRNA	Met	k141_66599:10913-10988	P003_WA06_00109

DiscRep_SUB:FEATURE_LOCATION_CONFLICT::RNA feature xref gene does not exist
P003_WA06/P003_WA06:tRNA	Gly	k141_66599:c11513-11442	P003_WA06_00110

DiscRep_SUB:FEATURE_LOCATION_CONFLICT::RNA feature xref gene does not exist
P003_WA06/P003_WA06:tRNA	Ser	k141_66599:12338-12425	P003_WA06_00114

DiscRep_SUB:FEATURE_LOCATION_CONFLICT::RNA feature xref gene does not exist
P003_WA06/P003_WA06:tRNA	Ser	k141_66599:15982-16070	P003_WA06_00117

DiscRep_SUB:FEATURE_LOCATION_CONFLICT::RNA feature xref gene does not exist
P003_WA06/P003_WA06:tRNA	Gln	k141_66599:17256-17327	P003_WA06_00120

DiscRep_ALL:SUSPECT_PRODUCT_NAMES::2 product_names contain suspect phrase or characters
DiscRep_SUB:SUSPECT_PRODUCT_NAMES::May contain database identifier more appropriate in note; remove from product name
DiscRep_SUB:SUSPECT_PRODUCT_NAMES::2 features contains three or more numbers together that may be identifiers more appropriate in note
P003_WA06/P003_WA06:CDS	photosystem I P700 apoprotein A2	k141_143311:c14244-12340	P003_WA06_00036
P003_WA06/P003_WA06:CDS	photosystem I P700 apoprotein A1	k141_145980:39112-41409	P003_WA06_00098

DiscRep_ALL:NO_ANNOTATION::1 bioseqs have no features
P003_WA06/P003_WA06:k141_14140 (length 1302)

DiscRep_ALL:DISC_QUALITY_SCORES::Quality scores are missing on all sequences.

DiscRep_ALL:ONCALLER_COMMENT_PRESENT::7 comment descriptors were found (all same)
P003_WA06/P003_WA06:k141_30771:Annotated using prokka 1.14.5 from https://github.com/tseemann/prokka
P003_WA06/P003_WA06:k141_143311:Annotated using prokka 1.14.5 from https://github.com/tseemann/prokka
P003_WA06/P003_WA06:k141_137789:Annotated using prokka 1.14.5 from https://github.com/tseemann/prokka
P003_WA06/P003_WA06:k141_145980:Annotated using prokka 1.14.5 from https://github.com/tseemann/prokka
P003_WA06/P003_WA06:k141_103441:Annotated using prokka 1.14.5 from https://github.com/tseemann/prokka
P003_WA06/P003_WA06:k141_66599:Annotated using prokka 1.14.5 from https://github.com/tseemann/prokka
P003_WA06/P003_WA06:k141_14140:Annotated using prokka 1.14.5 from https://github.com/tseemann/prokka

DiscRep_ALL:SHORT_PROT_SEQUENCES::9 protein sequences are shorter than 50 aa.
P003_WA06/P003_WA06:k141_145980_13 (length 43)
P003_WA06/P003_WA06:k141_145980_15 (length 38)
P003_WA06/P003_WA06:k141_145980_23 (length 38)
P003_WA06/P003_WA06:k141_145980_36 (length 40)
P003_WA06/P003_WA06:k141_145980_42 (length 45)
P003_WA06/P003_WA06:k141_145980_43 (length 38)
P003_WA06/P003_WA06:k141_66599_2 (length 34)
P003_WA06/P003_WA06:k141_66599_3 (length 44)
P003_WA06/P003_WA06:k141_66599_7 (length 37)

DiscRep_ALL:MISSING_GENOMEASSEMBLY_COMMENTS::7 bioseqs are missing GenomeAssembly structured comments
P003_WA06/P003_WA06:k141_30771 (length 21230)
P003_WA06/P003_WA06:k141_143311 (length 14465)
P003_WA06/P003_WA06:k141_137789 (length 12850)
P003_WA06/P003_WA06:k141_145980 (length 41654)
P003_WA06/P003_WA06:k141_103441 (length 1171)
P003_WA06/P003_WA06:k141_66599 (length 23807)
P003_WA06/P003_WA06:k141_14140 (length 1302)

DiscRep_ALL:MOLTYPE_NOT_MRNA::7 molecule types are not set as mRNA.
P003_WA06/P003_WA06:k141_30771 (length 21230)
P003_WA06/P003_WA06:k141_143311 (length 14465)
P003_WA06/P003_WA06:k141_137789 (length 12850)
P003_WA06/P003_WA06:k141_145980 (length 41654)
P003_WA06/P003_WA06:k141_103441 (length 1171)
P003_WA06/P003_WA06:k141_66599 (length 23807)
P003_WA06/P003_WA06:k141_14140 (length 1302)

DiscRep_ALL:TECHNIQUE_NOT_TSA::7 technique are not set as TSA
P003_WA06/P003_WA06:k141_30771 (length 21230)
P003_WA06/P003_WA06:k141_143311 (length 14465)
P003_WA06/P003_WA06:k141_137789 (length 12850)
P003_WA06/P003_WA06:k141_145980 (length 41654)
P003_WA06/P003_WA06:k141_103441 (length 1171)
P003_WA06/P003_WA06:k141_66599 (length 23807)
P003_WA06/P003_WA06:k141_14140 (length 1302)

DiscRep_ALL:MISSING_STRUCTURED_COMMENT::7 sequences do not include structured comments.
P003_WA06/P003_WA06:k141_30771 (length 21230)
P003_WA06/P003_WA06:k141_143311 (length 14465)
P003_WA06/P003_WA06:k141_137789 (length 12850)
P003_WA06/P003_WA06:k141_145980 (length 41654)
P003_WA06/P003_WA06:k141_103441 (length 1171)
P003_WA06/P003_WA06:k141_66599 (length 23807)
P003_WA06/P003_WA06:k141_14140 (length 1302)

DiscRep_ALL:MISSING_PROJECT::104 sequences do not include project.
P003_WA06/P003_WA06:k141_30771 (length 21230)
P003_WA06/P003_WA06:k141_30771_1 (length 90)
P003_WA06/P003_WA06:k141_30771_2 (length 53)
P003_WA06/P003_WA06:k141_30771_3 (length 77)
P003_WA06/P003_WA06:k141_30771_4 (length 78)
P003_WA06/P003_WA06:k141_30771_5 (length 74)
P003_WA06/P003_WA06:k141_30771_6 (length 50)
P003_WA06/P003_WA06:k141_30771_7 (length 58)
P003_WA06/P003_WA06:k141_30771_8 (length 156)
P003_WA06/P003_WA06:k141_30771_9 (length 282)
P003_WA06/P003_WA06:k141_30771_10 (length 204)
P003_WA06/P003_WA06:k141_30771_11 (length 137)
P003_WA06/P003_WA06:k141_30771_12 (length 258)
P003_WA06/P003_WA06:k141_30771_13 (length 93)
P003_WA06/P003_WA06:k141_30771_14 (length 112)
P003_WA06/P003_WA06:k141_30771_15 (length 165)
P003_WA06/P003_WA06:k141_30771_16 (length 93)
P003_WA06/P003_WA06:k141_143311 (length 14465)
P003_WA06/P003_WA06:k141_143311_1 (length 195)
P003_WA06/P003_WA06:k141_143311_2 (length 1473)
P003_WA06/P003_WA06:k141_143311_3 (length 239)
P003_WA06/P003_WA06:k141_143311_4 (length 287)
P003_WA06/P003_WA06:k141_143311_5 (length 81)
P003_WA06/P003_WA06:k141_143311_6 (length 73)
P003_WA06/P003_WA06:k141_143311_7 (length 57)
P003_WA06/P003_WA06:k141_143311_8 (length 123)
P003_WA06/P003_WA06:k141_143311_9 (length 532)
P003_WA06/P003_WA06:k141_143311_10 (length 103)
P003_WA06/P003_WA06:k141_143311_11 (length 634)
P003_WA06/P003_WA06:k141_137789 (length 12850)
P003_WA06/P003_WA06:k141_137789_1 (length 383)
P003_WA06/P003_WA06:k141_137789_2 (length 187)
P003_WA06/P003_WA06:k141_137789_3 (length 141)
P003_WA06/P003_WA06:k141_137789_4 (length 182)
P003_WA06/P003_WA06:k141_137789_5 (length 176)
P003_WA06/P003_WA06:k141_137789_6 (length 100)
P003_WA06/P003_WA06:k141_137789_7 (length 81)
P003_WA06/P003_WA06:k141_137789_8 (length 500)
P003_WA06/P003_WA06:k141_137789_9 (length 319)
P003_WA06/P003_WA06:k141_137789_10 (length 739)
P003_WA06/P003_WA06:k141_137789_11 (length 57)
P003_WA06/P003_WA06:k141_145980 (length 41654)
P003_WA06/P003_WA06:k141_145980_1 (length 147)
P003_WA06/P003_WA06:k141_145980_2 (length 239)
P003_WA06/P003_WA06:k141_145980_3 (length 71)
P003_WA06/P003_WA06:k141_145980_4 (length 63)
P003_WA06/P003_WA06:k141_145980_5 (length 120)
P003_WA06/P003_WA06:k141_145980_6 (length 123)
P003_WA06/P003_WA06:k141_145980_7 (length 136)
P003_WA06/P003_WA06:k141_145980_8 (length 113)
P003_WA06/P003_WA06:k141_145980_9 (length 143)
P003_WA06/P003_WA06:k141_145980_10 (length 341)
P003_WA06/P003_WA06:k141_145980_11 (length 174)
P003_WA06/P003_WA06:k141_145980_12 (length 240)
P003_WA06/P003_WA06:k141_145980_13 (length 43)
P003_WA06/P003_WA06:k141_145980_14 (length 118)
P003_WA06/P003_WA06:k141_145980_15 (length 38)
P003_WA06/P003_WA06:k141_145980_16 (length 508)
P003_WA06/P003_WA06:k141_145980_17 (length 216)
P003_WA06/P003_WA06:k141_145980_18 (length 57)
P003_WA06/P003_WA06:k141_145980_19 (length 119)
P003_WA06/P003_WA06:k141_145980_20 (length 170)
P003_WA06/P003_WA06:k141_145980_21 (length 83)
P003_WA06/P003_WA06:k141_145980_22 (length 50)
P003_WA06/P003_WA06:k141_145980_23 (length 38)
P003_WA06/P003_WA06:k141_145980_24 (length 80)
P003_WA06/P003_WA06:k141_145980_25 (length 322)
P003_WA06/P003_WA06:k141_145980_26 (length 230)
P003_WA06/P003_WA06:k141_145980_27 (length 73)
P003_WA06/P003_WA06:k141_145980_28 (length 229)
P003_WA06/P003_WA06:k141_145980_29 (length 108)
P003_WA06/P003_WA06:k141_145980_30 (length 478)
P003_WA06/P003_WA06:k141_145980_31 (length 527)
P003_WA06/P003_WA06:k141_145980_32 (length 137)
P003_WA06/P003_WA06:k141_145980_33 (length 120)
P003_WA06/P003_WA06:k141_145980_34 (length 225)
P003_WA06/P003_WA06:k141_145980_35 (length 171)
P003_WA06/P003_WA06:k141_145980_36 (length 40)
P003_WA06/P003_WA06:k141_145980_37 (length 57)
P003_WA06/P003_WA06:k141_145980_38 (length 54)
P003_WA06/P003_WA06:k141_145980_39 (length 201)
P003_WA06/P003_WA06:k141_145980_40 (length 55)
P003_WA06/P003_WA06:k141_145980_41 (length 82)
P003_WA06/P003_WA06:k141_145980_42 (length 45)
P003_WA06/P003_WA06:k141_145980_43 (length 38)
P003_WA06/P003_WA06:k141_145980_44 (length 765)
P003_WA06/P003_WA06:k141_103441 (length 1171)
P003_WA06/P003_WA06:k141_103441_1 (length 339)
P003_WA06/P003_WA06:k141_66599 (length 23807)
P003_WA06/P003_WA06:k141_66599_1 (length 1076)
P003_WA06/P003_WA06:k141_66599_2 (length 34)
P003_WA06/P003_WA06:k141_66599_3 (length 44)
P003_WA06/P003_WA06:k141_66599_4 (length 59)
P003_WA06/P003_WA06:k141_66599_5 (length 57)
P003_WA06/P003_WA06:k141_66599_6 (length 81)
P003_WA06/P003_WA06:k141_66599_7 (length 37)
P003_WA06/P003_WA06:k141_66599_8 (length 461)
P003_WA06/P003_WA06:k141_66599_9 (length 353)
P003_WA06/P003_WA06:k141_66599_10 (length 58)
P003_WA06/P003_WA06:k141_66599_11 (length 99)
P003_WA06/P003_WA06:k141_66599_12 (length 79)
P003_WA06/P003_WA06:k141_66599_13 (length 454)
P003_WA06/P003_WA06:k141_66599_14 (length 353)
P003_WA06/P003_WA06:k141_14140 (length 1302)

DiscRep_ALL:DISC_INCONSISTENT_MOLINFO_TECH::Molinfo Technique Report (some missing, all same)
DiscRep_SUB:DISC_INCONSISTENT_MOLINFO_TECH::technique (all missing)
DiscRep_SUB:DISC_INCONSISTENT_MOLINFO_TECH::7 Molinfos are missing field technique
P003_WA06/P003_WA06:k141_14140 (length 1302)
P003_WA06/P003_WA06:k141_30771 (length 21230)
P003_WA06/P003_WA06:k141_66599 (length 23807)
P003_WA06/P003_WA06:k141_103441 (length 1171)
P003_WA06/P003_WA06:k141_137789 (length 12850)
P003_WA06/P003_WA06:k141_143311 (length 14465)
P003_WA06/P003_WA06:k141_145980 (length 41654)

