[16:56:43] This is prokka 1.14.5
[16:56:43] Written by Torsten Seemann <torsten.seemann@gmail.com>
[16:56:43] Homepage is https://github.com/tseemann/prokka
[16:56:43] Local time is Fri Nov 26 16:56:43 2021
[16:56:43] You are ruud
[16:56:43] Operating system is linux
[16:56:43] You have BioPerl 1.7.8
[16:56:43] System has 40 cores.
[16:56:43] Will use maximum of 40 cores.
[16:56:43] Annotating as >>> Bacteria <<<
[16:56:43] Creating new output folder: P003_WA06
[16:56:43] Running: mkdir -p P003_WA06
[16:56:43] Using filename prefix: P003_WA06.XXX
[16:56:43] Setting HMMER_NCPU=1
[16:56:43] Writing log to: P003_WA06/P003_WA06.log
[16:56:43] Command: /usr/local/packages/prokka-1.14.5/bin/prokka --cpus 40 --prefix P003_WA06 --Kingdom Bacteria --locustag P003_WA06 --proteins vaccinium.gb ../02_Blast/chloroplast_contigs_rapid_genomics_run2/P003_WA06_chloroplast_contigs.fa
[16:56:43] Appending to PATH: /home/local/packages/prokka-1.14.5/bin/../binaries/linux
[16:56:43] Appending to PATH: /home/local/packages/prokka-1.14.5/bin/../binaries/linux/../common
[16:56:43] Appending to PATH: /home/local/packages/prokka-1.14.5/bin
[16:56:43] Looking for 'aragorn' - found /usr/local/packages/Anaconda3-2019.10/bin/aragorn
[16:56:43] Determined aragorn version is 001002 from 'ARAGORN v1.2.38 Dean Laslett'
[16:56:43] Looking for 'barrnap' - found /usr/local/packages/Anaconda3-2019.10/bin/barrnap
[16:56:43] Determined barrnap version is 000009 from 'barrnap 0.9'
[16:56:43] Looking for 'blastp' - found /usr/local/packages/Anaconda3-2019.10/bin/blastp
[16:56:44] Determined blastp version is 002011 from 'blastp: 2.11.0+'
[16:56:44] Looking for 'cmpress' - found /usr/local/packages/Anaconda3-2019.10/bin/cmpress
[16:56:44] Determined cmpress version is 001001 from '# INFERNAL 1.1.2 (July 2016)'
[16:56:44] Looking for 'cmscan' - found /usr/local/packages/Anaconda3-2019.10/bin/cmscan
[16:56:44] Determined cmscan version is 001001 from '# INFERNAL 1.1.2 (July 2016)'
[16:56:44] Looking for 'egrep' - found /bin/egrep
[16:56:44] Looking for 'find' - found /bin/find
[16:56:44] Looking for 'grep' - found /bin/grep
[16:56:44] Looking for 'hmmpress' - found /usr/local/packages/Anaconda3-2019.10/bin/hmmpress
[16:56:44] Determined hmmpress version is 003003 from '# HMMER 3.3.2 (Nov 2020); http://hmmer.org/'
[16:56:44] Looking for 'hmmscan' - found /usr/local/packages/Anaconda3-2019.10/bin/hmmscan
[16:56:44] Determined hmmscan version is 003003 from '# HMMER 3.3.2 (Nov 2020); http://hmmer.org/'
[16:56:44] Looking for 'java' - found /usr/local/packages/jdk1.8.0_191/bin/java
[16:56:44] Looking for 'makeblastdb' - found /usr/local/packages/Anaconda3-2019.10/bin/makeblastdb
[16:56:45] Determined makeblastdb version is 002011 from 'makeblastdb: 2.11.0+'
[16:56:45] Looking for 'minced' - found /usr/local/packages/Anaconda3-2019.10/bin/minced
[16:56:45] Determined minced version is 004002 from 'minced 0.4.2'
[16:56:45] Looking for 'parallel' - found /usr/local/packages/Anaconda3-2019.10/bin/parallel
[16:56:45] Determined parallel version is 20210822 from 'GNU parallel 20210822'
[16:56:45] Looking for 'prodigal' - found /usr/local/packages/Anaconda3-2019.10/bin/prodigal
[16:56:45] Determined prodigal version is 002006 from 'Prodigal V2.6.3: February, 2016'
[16:56:45] Looking for 'prokka-genbank_to_fasta_db' - found /usr/local/packages/prokka-1.14.5/bin/prokka-genbank_to_fasta_db
[16:56:45] Looking for 'sed' - found /bin/sed
[16:56:45] Looking for 'tbl2asn' - found /usr/local/packages/Anaconda3-2019.10/bin/tbl2asn
[16:56:45] Determined tbl2asn version is 025008 from 'tbl2asn 25.8   arguments:'
[16:56:45] Using genetic code table 11.
[16:56:45] Loading and checking input file: ../02_Blast/chloroplast_contigs_rapid_genomics_run2/P003_WA06_chloroplast_contigs.fa
[16:56:45] Wrote 7 contigs totalling 116479 bp.
[16:56:45] Predicting tRNAs and tmRNAs
[16:56:45] Running: aragorn -l -gc11  -w P003_WA06\/P003_WA06\.fna
[16:56:45] 1 tRNA-Asn [2117,2190] 34 (gtt)
[16:56:45] 2 tRNA-Arg c[2442,2516] 35 (acg)
[16:56:45] 3 tRNA-Val c[10177,10248] 33 (gac)
[16:56:45] 4 tRNA-Leu [16098,16180] 35 (caa)
[16:56:45] 5 tRNA-Met [18619,18693] 34 (cat)
[16:56:45] 6 tRNA-His c[20706,20780] 35 (gtg)
[16:56:45] 1 tRNA-Arg c[11417,11488] 34 (tct)
[16:56:45] 1 tRNA-Leu c[8663,8742] 35 (tag)
[16:56:45] 1 tRNA-Pro [16377,16452] 35 (tgg)
[16:56:45] 2 tRNA-Trp [16591,16664] 35 (cca)
[16:56:45] 3 tRNA-Met c[28669,28743] 35 (cat)
[16:56:45] 4 tRNA-Phe c[32710,32782] 34 (gaa)
[16:56:45] 5 tRNA-Thr [34596,34670] 35 (tgt)
[16:56:45] 6 tRNA-Ser c[35845,35931] 35 (gga)
[16:56:45] 1 tRNA-Cys [6000,6070] 33 (gca)
[16:56:45] 2 tRNA-Asp c[8166,8239] 35 (gtc)
[16:56:45] 3 tRNA-Tyr c[8583,8668] 36 (gta)
[16:56:45] 4 tRNA-Glu c[8728,8802] 36 (ttc)
[16:56:45] 5 tRNA-Thr c[9344,9417] 34 (ggt)
[16:56:45] 6 tRNA-Met [10913,10988] 36 (cat)
[16:56:45] 7 tRNA-Gly c[11442,11513] 33 (gcc)
[16:56:45] 8 tRNA-Ser [12338,12425] 35 (tga)
[16:56:45] 9 tRNA-Ser [15982,16070] 35 (gct)
[16:56:45] 10 tRNA-Gln [17256,17327] 33 (ttg)
[16:56:45] Found 24 tRNAs
[16:56:45] Predicting Ribosomal RNAs
[16:56:45] Running Barrnap with 40 threads
[16:56:46] 1 k141_30771 3093 23S ribosomal RNA
[16:56:46] 2 k141_30771 8456 16S ribosomal RNA
[16:56:46] Found 2 rRNAs
[16:56:46] Skipping ncRNA search, enable with --rfam if desired.
[16:56:46] Total of 26 tRNA + rRNA features
[16:56:46] Searching for CRISPR repeats
[16:56:46] Found 0 CRISPRs
[16:56:46] Predicting coding sequences
[16:56:46] Contigs total 116479 bp, so using single mode
[16:56:46] Running: prodigal -i P003_WA06\/P003_WA06\.fna -c -m -g 11 -p single -f sco -q
[16:56:47] Excluding CDS which overlaps existing RNA (rRNA) at k141_30771:3461..3637 on + strand
[16:56:47] Excluding CDS which overlaps existing RNA (rRNA) at k141_30771:5980..6240 on - strand
[16:56:47] Excluding CDS which overlaps existing RNA (tRNA) at k141_30771:15956..16105 on + strand
[16:56:47] Excluding CDS which overlaps existing RNA (tRNA) at k141_30771:16113..16328 on + strand
[16:56:47] Excluding CDS which overlaps existing RNA (tRNA) at k141_30771:20704..20841 on + strand
[16:56:47] Excluding CDS which overlaps existing RNA (tRNA) at k141_145980:16275..16499 on + strand
[16:56:47] Excluding CDS which overlaps existing RNA (tRNA) at k141_66599:10930..11205 on + strand
[16:56:47] Excluding CDS which overlaps existing RNA (tRNA) at k141_66599:17235..17351 on - strand
[16:56:47] Found 97 CDS
[16:56:47] Connecting features back to sequences
[16:56:47] Not using genus-specific database. Try --usegenus to enable it.
[16:56:47] Preparing user-supplied primary BLAST annotation source: vaccinium.gb
[16:56:47] Guessed source was in genbank format.
[16:56:47] Converting genbank 'vaccinium.gb' into Prokka FASTA 'P003_WA06/proteins.faa'
[16:56:47] Running: prokka-genbank_to_fasta_db --format genbank vaccinium\.gb > P003_WA06\/proteins\.faa 2> /dev/null
[16:56:47] Running: makeblastdb -dbtype prot -in P003_WA06\/proteins\.faa -out P003_WA06\/proteins -logfile /dev/null
[16:56:48] Using /inference source as 'vaccinium.gb'
[16:56:48] Annotating CDS, please be patient.
[16:56:48] Will use 40 CPUs for similarity searching.
[16:56:48] There are still 97 unannotated CDS left (started with 97)
[16:56:48] Will use blast to search against P003_WA06/proteins with 40 CPUs
[16:56:48] Running: cat P003_WA06\/P003_WA06\.proteins\.tmp\.12259\.faa | parallel --gnu --plain -j 40 --block 251 --recstart '>' --pipe blastp -query - -db P003_WA06/proteins -evalue 1e-09 -qcov_hsp_perc 80 -num_threads 1 -num_descriptions 1 -num_alignments 1 -seg no > P003_WA06\/P003_WA06\.proteins\.tmp\.12259\.blast 2> /dev/null
[16:56:50] Deleting unwanted file: P003_WA06/P003_WA06.proteins.tmp.12259.faa
[16:56:50] Deleting unwanted file: P003_WA06/P003_WA06.proteins.tmp.12259.blast
[16:56:50] There are still 39 unannotated CDS left (started with 97)
[16:56:50] Will use blast to search against /home/local/packages/prokka-1.14.5/db/kingdom/Bacteria/IS with 40 CPUs
[16:56:50] Running: cat P003_WA06\/P003_WA06\.IS\.tmp\.12259\.faa | parallel --gnu --plain -j 40 --block 62 --recstart '>' --pipe blastp -query - -db /home/local/packages/prokka-1.14.5/db/kingdom/Bacteria/IS -evalue 1e-30 -qcov_hsp_perc 90 -num_threads 1 -num_descriptions 1 -num_alignments 1 -seg no > P003_WA06\/P003_WA06\.IS\.tmp\.12259\.blast 2> /dev/null
[16:56:51] Deleting unwanted file: P003_WA06/P003_WA06.IS.tmp.12259.faa
[16:56:51] Deleting unwanted file: P003_WA06/P003_WA06.IS.tmp.12259.blast
[16:56:51] There are still 39 unannotated CDS left (started with 97)
[16:56:51] Will use blast to search against /home/local/packages/prokka-1.14.5/db/kingdom/Bacteria/AMR with 40 CPUs
[16:56:51] Running: cat P003_WA06\/P003_WA06\.AMR\.tmp\.12259\.faa | parallel --gnu --plain -j 40 --block 62 --recstart '>' --pipe blastp -query - -db /home/local/packages/prokka-1.14.5/db/kingdom/Bacteria/AMR -evalue 1e-300 -qcov_hsp_perc 90 -num_threads 1 -num_descriptions 1 -num_alignments 1 -seg no > P003_WA06\/P003_WA06\.AMR\.tmp\.12259\.blast 2> /dev/null
[16:56:52] Deleting unwanted file: P003_WA06/P003_WA06.AMR.tmp.12259.faa
[16:56:52] Deleting unwanted file: P003_WA06/P003_WA06.AMR.tmp.12259.blast
[16:56:52] There are still 39 unannotated CDS left (started with 97)
[16:56:52] Will use blast to search against /home/local/packages/prokka-1.14.5/db/kingdom/Bacteria/sprot with 40 CPUs
[16:56:52] Running: cat P003_WA06\/P003_WA06\.sprot\.tmp\.12259\.faa | parallel --gnu --plain -j 40 --block 62 --recstart '>' --pipe blastp -query - -db /home/local/packages/prokka-1.14.5/db/kingdom/Bacteria/sprot -evalue 1e-09 -qcov_hsp_perc 80 -num_threads 1 -num_descriptions 1 -num_alignments 1 -seg no > P003_WA06\/P003_WA06\.sprot\.tmp\.12259\.blast 2> /dev/null
[16:56:54] Deleting unwanted file: P003_WA06/P003_WA06.sprot.tmp.12259.faa
[16:56:54] Deleting unwanted file: P003_WA06/P003_WA06.sprot.tmp.12259.blast
[16:56:54] There are still 37 unannotated CDS left (started with 97)
[16:56:54] Will use hmmer3 to search against /home/local/packages/prokka-1.14.5/db/hmm/HAMAP.hmm with 40 CPUs
[16:56:54] Running: cat P003_WA06\/P003_WA06\.HAMAP\.hmm\.tmp\.12259\.faa | parallel --gnu --plain -j 40 --block 55 --recstart '>' --pipe hmmscan --noali --notextw --acc -E 1e-09 --cpu 1 /home/local/packages/prokka-1.14.5/db/hmm/HAMAP.hmm /dev/stdin > P003_WA06\/P003_WA06\.HAMAP\.hmm\.tmp\.12259\.hmmer3 2> /dev/null
[16:56:57] Deleting unwanted file: P003_WA06/P003_WA06.HAMAP.hmm.tmp.12259.faa
[16:56:57] Deleting unwanted file: P003_WA06/P003_WA06.HAMAP.hmm.tmp.12259.hmmer3
[16:56:57] Deleting unwanted file: P003_WA06/proteins.psq
[16:56:57] Deleting unwanted file: P003_WA06/proteins.phr
[16:56:57] Deleting unwanted file: P003_WA06/proteins.pin
[16:56:57] Labelling remaining 29 proteins as 'hypothetical protein'
[16:56:57] Possible /pseudo 'NADH-plastoquinone oxidoreductase subunit 2' at k141_30771 position 14974
[16:56:57] Possible /pseudo 'ribosomal protein L2' at k141_30771 position 20154
[16:56:57] Possible /pseudo 'NADH-plastoquinone oxidoreductase subunit 1' at k141_137789 position 2850
[16:56:57] Found 62 unique /gene codes.
[16:56:57] Fixed 2 duplicate /gene - ndhB_1 ndhB_2
[16:56:57] Fixed 2 duplicate /gene - rpoC2_1 rpoC2_2
[16:56:57] Fixed 2 duplicate /gene - ndhA_1 ndhA_2
[16:56:57] Fixed 2 duplicate /gene - rpl2_1 rpl2_2
[16:56:57] Fixed 2 duplicate /gene - atpF_1 atpF_2
[16:56:57] Fixed 2 duplicate /gene - ndhH_1 ndhH_2
[16:56:57] Fixed 6 colliding /gene names.
[16:56:57] Adding /locus_tag identifiers
[16:56:57] Assigned 123 locus_tags to CDS and RNA features.
[16:56:57] Writing outputs to P003_WA06/
[16:56:57] Generating annotation statistics file
[16:56:57] Generating Genbank and Sequin files
[16:56:57] Running: tbl2asn -V b -a r10k -l paired-ends -M n -N 1 -y 'Annotated using prokka 1.14.5 from https://github.com/tseemann/prokka' -Z P003_WA06\/P003_WA06\.err -i P003_WA06\/P003_WA06\.fsa 2> /dev/null
[16:56:57] Deleting unwanted file: P003_WA06/errorsummary.val
[16:56:57] Deleting unwanted file: P003_WA06/P003_WA06.dr
[16:56:57] Deleting unwanted file: P003_WA06/P003_WA06.fixedproducts
[16:56:57] Deleting unwanted file: P003_WA06/P003_WA06.ecn
[16:56:57] Deleting unwanted file: P003_WA06/P003_WA06.val
[16:56:57] Repairing broken .GBK output that tbl2asn produces...
[16:56:57] Running: sed 's/COORDINATES: profile/COORDINATES:profile/' < P003_WA06\/P003_WA06\.gbf > P003_WA06\/P003_WA06\.gbk
[16:56:57] Deleting unwanted file: P003_WA06/P003_WA06.gbf
[16:56:57] Output files:
[16:56:57] P003_WA06/P003_WA06.log
[16:56:57] P003_WA06/P003_WA06.tsv
[16:56:57] P003_WA06/P003_WA06.err
[16:56:57] P003_WA06/P003_WA06.ffn
[16:56:57] P003_WA06/P003_WA06.txt
[16:56:57] P003_WA06/P003_WA06.faa
[16:56:57] P003_WA06/P003_WA06.fna
[16:56:57] P003_WA06/P003_WA06.gbk
[16:56:57] P003_WA06/P003_WA06.fsa
[16:56:57] P003_WA06/P003_WA06.tbl
[16:56:57] P003_WA06/P003_WA06.sqn
[16:56:57] P003_WA06/P003_WA06.gff
[16:56:57] Annotation finished successfully.
[16:56:57] Walltime used: 0.23 minutes
[16:56:57] If you use this result please cite the Prokka paper:
[16:56:57] Seemann T (2014) Prokka: rapid prokaryotic genome annotation. Bioinformatics. 30(14):2068-9.
[16:56:57] Type 'prokka --citation' for more details.
[16:56:57] Thank you, come again.
