[16:33:30] This is prokka 1.14.5
[16:33:30] Written by Torsten Seemann <torsten.seemann@gmail.com>
[16:33:30] Homepage is https://github.com/tseemann/prokka
[16:33:30] Local time is Fri Nov 26 16:33:30 2021
[16:33:30] You are ruud
[16:33:30] Operating system is linux
[16:33:30] You have BioPerl 1.7.8
[16:33:30] System has 40 cores.
[16:33:30] Will use maximum of 40 cores.
[16:33:30] Annotating as >>> Bacteria <<<
[16:33:30] Creating new output folder: P002_WA03
[16:33:30] Running: mkdir -p P002_WA03
[16:33:30] Using filename prefix: P002_WA03.XXX
[16:33:30] Setting HMMER_NCPU=1
[16:33:30] Writing log to: P002_WA03/P002_WA03.log
[16:33:30] Command: /usr/local/packages/prokka-1.14.5/bin/prokka --cpus 40 --prefix P002_WA03 --Kingdom Bacteria --locustag P002_WA03 --proteins vaccinium.gb ../02_Blast/chloroplast_contigs_rapid_genomics_run2/P002_WA03_chloroplast_contigs.fa
[16:33:30] Appending to PATH: /home/local/packages/prokka-1.14.5/bin/../binaries/linux
[16:33:30] Appending to PATH: /home/local/packages/prokka-1.14.5/bin/../binaries/linux/../common
[16:33:30] Appending to PATH: /home/local/packages/prokka-1.14.5/bin
[16:33:30] Looking for 'aragorn' - found /usr/local/packages/Anaconda3-2019.10/bin/aragorn
[16:33:30] Determined aragorn version is 001002 from 'ARAGORN v1.2.38 Dean Laslett'
[16:33:30] Looking for 'barrnap' - found /usr/local/packages/Anaconda3-2019.10/bin/barrnap
[16:33:31] Determined barrnap version is 000009 from 'barrnap 0.9'
[16:33:31] Looking for 'blastp' - found /usr/local/packages/Anaconda3-2019.10/bin/blastp
[16:33:31] Determined blastp version is 002011 from 'blastp: 2.11.0+'
[16:33:31] Looking for 'cmpress' - found /usr/local/packages/Anaconda3-2019.10/bin/cmpress
[16:33:31] Determined cmpress version is 001001 from '# INFERNAL 1.1.2 (July 2016)'
[16:33:31] Looking for 'cmscan' - found /usr/local/packages/Anaconda3-2019.10/bin/cmscan
[16:33:31] Determined cmscan version is 001001 from '# INFERNAL 1.1.2 (July 2016)'
[16:33:31] Looking for 'egrep' - found /bin/egrep
[16:33:31] Looking for 'find' - found /bin/find
[16:33:31] Looking for 'grep' - found /bin/grep
[16:33:31] Looking for 'hmmpress' - found /usr/local/packages/Anaconda3-2019.10/bin/hmmpress
[16:33:31] Determined hmmpress version is 003003 from '# HMMER 3.3.2 (Nov 2020); http://hmmer.org/'
[16:33:31] Looking for 'hmmscan' - found /usr/local/packages/Anaconda3-2019.10/bin/hmmscan
[16:33:31] Determined hmmscan version is 003003 from '# HMMER 3.3.2 (Nov 2020); http://hmmer.org/'
[16:33:31] Looking for 'java' - found /usr/local/packages/jdk1.8.0_191/bin/java
[16:33:31] Looking for 'makeblastdb' - found /usr/local/packages/Anaconda3-2019.10/bin/makeblastdb
[16:33:32] Determined makeblastdb version is 002011 from 'makeblastdb: 2.11.0+'
[16:33:32] Looking for 'minced' - found /usr/local/packages/Anaconda3-2019.10/bin/minced
[16:33:32] Determined minced version is 004002 from 'minced 0.4.2'
[16:33:32] Looking for 'parallel' - found /usr/local/packages/Anaconda3-2019.10/bin/parallel
[16:33:32] Determined parallel version is 20210822 from 'GNU parallel 20210822'
[16:33:32] Looking for 'prodigal' - found /usr/local/packages/Anaconda3-2019.10/bin/prodigal
[16:33:32] Determined prodigal version is 002006 from 'Prodigal V2.6.3: February, 2016'
[16:33:32] Looking for 'prokka-genbank_to_fasta_db' - found /usr/local/packages/prokka-1.14.5/bin/prokka-genbank_to_fasta_db
[16:33:32] Looking for 'sed' - found /bin/sed
[16:33:32] Looking for 'tbl2asn' - found /usr/local/packages/Anaconda3-2019.10/bin/tbl2asn
[16:33:32] Determined tbl2asn version is 025008 from 'tbl2asn 25.8   arguments:'
[16:33:32] Using genetic code table 11.
[16:33:32] Loading and checking input file: ../02_Blast/chloroplast_contigs_rapid_genomics_run2/P002_WA03_chloroplast_contigs.fa
[16:33:32] Wrote 4 contigs totalling 115224 bp.
[16:33:32] Predicting tRNAs and tmRNAs
[16:33:32] Running: aragorn -l -gc11  -w P002_WA03\/P002_WA03\.fna
[16:33:32] 1 tRNA-Gln c[6517,6588] 33 (ttg)
[16:33:32] 2 tRNA-Ser c[7760,7848] 35 (gct)
[16:33:32] 3 tRNA-Ser c[11404,11491] 35 (tga)
[16:33:32] 4 tRNA-Gly [12311,12382] 33 (gcc)
[16:33:32] 5 tRNA-Met c[12836,12911] 36 (cat)
[16:33:32] 6 tRNA-Thr [14385,14458] 34 (ggt)
[16:33:32] 7 tRNA-Glu [14992,15066] 36 (ttc)
[16:33:32] 8 tRNA-Tyr [15126,15211] 36 (gta)
[16:33:32] 9 tRNA-Asp [15530,15603] 35 (gtc)
[16:33:32] 10 tRNA-Cys c[17696,17766] 33 (gca)
[16:33:32] 11 tRNA-Arg c[35041,35112] 34 (tct)
[16:33:32] 12 tRNA-Ser [43704,43790] 35 (gga)
[16:33:32] 13 tRNA-Thr c[44965,45039] 35 (tgt)
[16:33:32] 14 tRNA-Phe [46833,46905] 34 (gaa)
[16:33:32] 15 tRNA-Met [50893,50967] 35 (cat)
[16:33:32] 16 tRNA-Trp c[62888,62961] 35 (cca)
[16:33:32] 17 tRNA-Pro c[63100,63175] 35 (tgg)
[16:33:32] 1 tRNA-Leu c[8645,8724] 35 (tag)
[16:33:32] 1 tRNA-Asn [2117,2190] 34 (gtt)
[16:33:32] 2 tRNA-Arg c[2442,2516] 35 (acg)
[16:33:32] 3 tRNA-Val c[10177,10248] 33 (gac)
[16:33:32] 4 tRNA-Leu [16105,16187] 35 (caa)
[16:33:32] 5 tRNA-Met [18625,18699] 34 (cat)
[16:33:32] 6 tRNA-His c[20712,20786] 35 (gtg)
[16:33:32] Found 24 tRNAs
[16:33:32] Predicting Ribosomal RNAs
[16:33:32] Running Barrnap with 40 threads
[16:33:34] 1 k141_19979 3093 23S ribosomal RNA
[16:33:34] 2 k141_19979 8456 16S ribosomal RNA
[16:33:34] 3 k141_48744 214 23S ribosomal RNA (partial)
[16:33:34] Found 3 rRNAs
[16:33:34] Skipping ncRNA search, enable with --rfam if desired.
[16:33:34] Total of 27 tRNA + rRNA features
[16:33:34] Searching for CRISPR repeats
[16:33:34] Found 0 CRISPRs
[16:33:34] Predicting coding sequences
[16:33:34] Contigs total 115224 bp, so using single mode
[16:33:34] Running: prodigal -i P002_WA03\/P002_WA03\.fna -c -m -g 11 -p single -f sco -q
[16:33:34] Excluding CDS which overlaps existing RNA (tRNA) at k141_53835:12661..12894 on - strand
[16:33:34] Excluding CDS which overlaps existing RNA (rRNA) at k141_19979:4798..5004 on - strand
[16:33:34] Excluding CDS which overlaps existing RNA (rRNA) at k141_19979:5980..6240 on - strand
[16:33:34] Excluding CDS which overlaps existing RNA (tRNA) at k141_19979:15963..16112 on + strand
[16:33:34] Excluding CDS which overlaps existing RNA (tRNA) at k141_19979:16081..16335 on + strand
[16:33:34] Excluding CDS which overlaps existing RNA (tRNA) at k141_19979:20710..20847 on + strand
[16:33:34] Found 91 CDS
[16:33:34] Connecting features back to sequences
[16:33:34] Not using genus-specific database. Try --usegenus to enable it.
[16:33:34] Preparing user-supplied primary BLAST annotation source: vaccinium.gb
[16:33:34] Guessed source was in genbank format.
[16:33:34] Converting genbank 'vaccinium.gb' into Prokka FASTA 'P002_WA03/proteins.faa'
[16:33:34] Running: prokka-genbank_to_fasta_db --format genbank vaccinium\.gb > P002_WA03\/proteins\.faa 2> /dev/null
[16:33:35] Running: makeblastdb -dbtype prot -in P002_WA03\/proteins\.faa -out P002_WA03\/proteins -logfile /dev/null
[16:33:35] Using /inference source as 'vaccinium.gb'
[16:33:35] Annotating CDS, please be patient.
[16:33:35] Will use 40 CPUs for similarity searching.
[16:33:35] There are still 91 unannotated CDS left (started with 91)
[16:33:35] Will use blast to search against P002_WA03/proteins with 40 CPUs
[16:33:35] Running: cat P002_WA03\/P002_WA03\.proteins\.tmp\.39511\.faa | parallel --gnu --plain -j 40 --block 248 --recstart '>' --pipe blastp -query - -db P002_WA03/proteins -evalue 1e-09 -qcov_hsp_perc 80 -num_threads 1 -num_descriptions 1 -num_alignments 1 -seg no > P002_WA03\/P002_WA03\.proteins\.tmp\.39511\.blast 2> /dev/null
[16:33:37] Deleting unwanted file: P002_WA03/P002_WA03.proteins.tmp.39511.faa
[16:33:37] Deleting unwanted file: P002_WA03/P002_WA03.proteins.tmp.39511.blast
[16:33:37] There are still 28 unannotated CDS left (started with 91)
[16:33:37] Will use blast to search against /home/local/packages/prokka-1.14.5/db/kingdom/Bacteria/IS with 40 CPUs
[16:33:37] Running: cat P002_WA03\/P002_WA03\.IS\.tmp\.39511\.faa | parallel --gnu --plain -j 40 --block 54 --recstart '>' --pipe blastp -query - -db /home/local/packages/prokka-1.14.5/db/kingdom/Bacteria/IS -evalue 1e-30 -qcov_hsp_perc 90 -num_threads 1 -num_descriptions 1 -num_alignments 1 -seg no > P002_WA03\/P002_WA03\.IS\.tmp\.39511\.blast 2> /dev/null
[16:33:38] Deleting unwanted file: P002_WA03/P002_WA03.IS.tmp.39511.faa
[16:33:38] Deleting unwanted file: P002_WA03/P002_WA03.IS.tmp.39511.blast
[16:33:38] There are still 28 unannotated CDS left (started with 91)
[16:33:38] Will use blast to search against /home/local/packages/prokka-1.14.5/db/kingdom/Bacteria/AMR with 40 CPUs
[16:33:38] Running: cat P002_WA03\/P002_WA03\.AMR\.tmp\.39511\.faa | parallel --gnu --plain -j 40 --block 54 --recstart '>' --pipe blastp -query - -db /home/local/packages/prokka-1.14.5/db/kingdom/Bacteria/AMR -evalue 1e-300 -qcov_hsp_perc 90 -num_threads 1 -num_descriptions 1 -num_alignments 1 -seg no > P002_WA03\/P002_WA03\.AMR\.tmp\.39511\.blast 2> /dev/null
[16:33:39] Deleting unwanted file: P002_WA03/P002_WA03.AMR.tmp.39511.faa
[16:33:39] Deleting unwanted file: P002_WA03/P002_WA03.AMR.tmp.39511.blast
[16:33:39] There are still 28 unannotated CDS left (started with 91)
[16:33:39] Will use blast to search against /home/local/packages/prokka-1.14.5/db/kingdom/Bacteria/sprot with 40 CPUs
[16:33:39] Running: cat P002_WA03\/P002_WA03\.sprot\.tmp\.39511\.faa | parallel --gnu --plain -j 40 --block 54 --recstart '>' --pipe blastp -query - -db /home/local/packages/prokka-1.14.5/db/kingdom/Bacteria/sprot -evalue 1e-09 -qcov_hsp_perc 80 -num_threads 1 -num_descriptions 1 -num_alignments 1 -seg no > P002_WA03\/P002_WA03\.sprot\.tmp\.39511\.blast 2> /dev/null
[16:33:41] Deleting unwanted file: P002_WA03/P002_WA03.sprot.tmp.39511.faa
[16:33:41] Deleting unwanted file: P002_WA03/P002_WA03.sprot.tmp.39511.blast
[16:33:41] There are still 26 unannotated CDS left (started with 91)
[16:33:41] Will use hmmer3 to search against /home/local/packages/prokka-1.14.5/db/hmm/HAMAP.hmm with 40 CPUs
[16:33:41] Running: cat P002_WA03\/P002_WA03\.HAMAP\.hmm\.tmp\.39511\.faa | parallel --gnu --plain -j 40 --block 46 --recstart '>' --pipe hmmscan --noali --notextw --acc -E 1e-09 --cpu 1 /home/local/packages/prokka-1.14.5/db/hmm/HAMAP.hmm /dev/stdin > P002_WA03\/P002_WA03\.HAMAP\.hmm\.tmp\.39511\.hmmer3 2> /dev/null
[16:33:43] Deleting unwanted file: P002_WA03/P002_WA03.HAMAP.hmm.tmp.39511.faa
[16:33:43] Deleting unwanted file: P002_WA03/P002_WA03.HAMAP.hmm.tmp.39511.hmmer3
[16:33:43] Deleting unwanted file: P002_WA03/proteins.psq
[16:33:43] Deleting unwanted file: P002_WA03/proteins.phr
[16:33:43] Deleting unwanted file: P002_WA03/proteins.pin
[16:33:43] Labelling remaining 22 proteins as 'hypothetical protein'
[16:33:43] Possible /pseudo 'hypothetical chloroplast RF34' at k141_53835 position 42975
[16:33:43] Possible /pseudo 'NADH-plastoquinone oxidoreductase subunit 1' at k141_92134 position 2841
[16:33:43] Possible /pseudo 'NADH-plastoquinone oxidoreductase subunit 2' at k141_19979 position 14981
[16:33:43] Possible /pseudo 'ribosomal protein L2' at k141_19979 position 20160
[16:33:43] Found 63 unique /gene codes.
[16:33:43] Fixed 2 duplicate /gene - ndhH_1 ndhH_2
[16:33:43] Fixed 2 duplicate /gene - ndhA_1 ndhA_2
[16:33:43] Fixed 2 duplicate /gene - ycf3_1 ycf3_2
[16:33:43] Fixed 2 duplicate /gene - rpl2_1 rpl2_2
[16:33:43] Fixed 2 duplicate /gene - ndhB_1 ndhB_2
[16:33:43] Fixed 2 duplicate /gene - atpF_1 atpF_2
[16:33:43] Fixed 6 colliding /gene names.
[16:33:43] Adding /locus_tag identifiers
[16:33:43] Assigned 118 locus_tags to CDS and RNA features.
[16:33:43] Writing outputs to P002_WA03/
[16:33:43] Generating annotation statistics file
[16:33:43] Generating Genbank and Sequin files
[16:33:43] Running: tbl2asn -V b -a r10k -l paired-ends -M n -N 1 -y 'Annotated using prokka 1.14.5 from https://github.com/tseemann/prokka' -Z P002_WA03\/P002_WA03\.err -i P002_WA03\/P002_WA03\.fsa 2> /dev/null
[16:33:44] Deleting unwanted file: P002_WA03/errorsummary.val
[16:33:44] Deleting unwanted file: P002_WA03/P002_WA03.dr
[16:33:44] Deleting unwanted file: P002_WA03/P002_WA03.fixedproducts
[16:33:44] Deleting unwanted file: P002_WA03/P002_WA03.ecn
[16:33:44] Deleting unwanted file: P002_WA03/P002_WA03.val
[16:33:44] Repairing broken .GBK output that tbl2asn produces...
[16:33:44] Running: sed 's/COORDINATES: profile/COORDINATES:profile/' < P002_WA03\/P002_WA03\.gbf > P002_WA03\/P002_WA03\.gbk
[16:33:44] Deleting unwanted file: P002_WA03/P002_WA03.gbf
[16:33:44] Output files:
[16:33:44] P002_WA03/P002_WA03.gff
[16:33:44] P002_WA03/P002_WA03.tsv
[16:33:44] P002_WA03/P002_WA03.tbl
[16:33:44] P002_WA03/P002_WA03.fsa
[16:33:44] P002_WA03/P002_WA03.gbk
[16:33:44] P002_WA03/P002_WA03.err
[16:33:44] P002_WA03/P002_WA03.log
[16:33:44] P002_WA03/P002_WA03.txt
[16:33:44] P002_WA03/P002_WA03.ffn
[16:33:44] P002_WA03/P002_WA03.faa
[16:33:44] P002_WA03/P002_WA03.fna
[16:33:44] P002_WA03/P002_WA03.sqn
[16:33:44] Annotation finished successfully.
[16:33:44] Walltime used: 0.23 minutes
[16:33:44] If you use this result please cite the Prokka paper:
[16:33:44] Seemann T (2014) Prokka: rapid prokaryotic genome annotation. Bioinformatics. 30(14):2068-9.
[16:33:44] Type 'prokka --citation' for more details.
[16:33:44] Thank you, come again.
