Discrepancy Report Results

Summary
FATAL: MISSING_PROTEIN_ID:103 proteins have invalid IDs.
DISC_SOURCE_QUALS_ASNDISC:strain (all present, all same)
DISC_SOURCE_QUALS_ASNDISC:taxname (all present, all same)
DISC_FEATURE_COUNT:CDS: 103 present
DISC_FEATURE_COUNT:tRNA: 25 present
DISC_FEATURE_COUNT:rRNA: 4 present
DISC_COUNT_NUCLEOTIDES:6 nucleotide Bioseqs are present
FEATURE_LOCATION_CONFLICT:132 features have inconsistent gene locations.
SUSPECT_PRODUCT_NAMES:2 product_names contain suspect phrase or characters
	May contain database identifier more appropriate in note; remove from product name
		2 features contains three or more numbers together that may be identifiers more appropriate in note
DISC_QUALITY_SCORES:Quality scores are missing on all sequences.
FATAL: DISC_SUSPECT_RRNA_PRODUCTS:2 rRNA product names contain suspect phrase
FATAL: DISC_SHORT_RRNA:2 rRNA features are too short
ONCALLER_COMMENT_PRESENT:6 comment descriptors were found (all same)
SHORT_PROT_SEQUENCES:10 protein sequences are shorter than 50 aa.
MISSING_GENOMEASSEMBLY_COMMENTS:6 bioseqs are missing GenomeAssembly structured comments
MOLTYPE_NOT_MRNA:6 molecule types are not set as mRNA.
TECHNIQUE_NOT_TSA:6 technique are not set as TSA
MISSING_STRUCTURED_COMMENT:6 sequences do not include structured comments.
MISSING_PROJECT:109 sequences do not include project.
FATAL: RRNA_NAME_CONFLICTS:2 rRNA product names are not standard. Correct the names to the standard format, eg "16S ribosomal RNA"
DISC_INCONSISTENT_MOLINFO_TECH:Molinfo Technique Report (some missing, all same)


Detailed Report

FATAL: DiscRep_ALL:MISSING_PROTEIN_ID::103 proteins have invalid IDs.
P003_WA02/P003_WA02:k141_49505_1 (length 71)
P003_WA02/P003_WA02:k141_49505_2 (length 165)
P003_WA02/P003_WA02:k141_49505_3 (length 104)
P003_WA02/P003_WA02:k141_49505_4 (length 93)
P003_WA02/P003_WA02:k141_49505_5 (length 159)
P003_WA02/P003_WA02:k141_49505_6 (length 82)
P003_WA02/P003_WA02:k141_49505_7 (length 128)
P003_WA02/P003_WA02:k141_49505_8 (length 99)
P003_WA02/P003_WA02:k141_49505_9 (length 204)
P003_WA02/P003_WA02:k141_49505_10 (length 282)
P003_WA02/P003_WA02:k141_49505_11 (length 156)
P003_WA02/P003_WA02:k141_49505_12 (length 52)
P003_WA02/P003_WA02:k141_49505_13 (length 71)
P003_WA02/P003_WA02:k141_49505_14 (length 128)
P003_WA02/P003_WA02:k141_49505_15 (length 74)
P003_WA02/P003_WA02:k141_49505_16 (length 92)
P003_WA02/P003_WA02:k141_49505_17 (length 58)
P003_WA02/P003_WA02:k141_49505_18 (length 90)
P003_WA02/P003_WA02:k141_40408_1 (length 50)
P003_WA02/P003_WA02:k141_108412_1 (length 60)
P003_WA02/P003_WA02:k141_108412_2 (length 67)
P003_WA02/P003_WA02:k141_28212_1 (length 29)
P003_WA02/P003_WA02:k141_28212_2 (length 353)
P003_WA02/P003_WA02:k141_28212_3 (length 511)
P003_WA02/P003_WA02:k141_28212_4 (length 79)
P003_WA02/P003_WA02:k141_28212_5 (length 118)
P003_WA02/P003_WA02:k141_28212_6 (length 58)
P003_WA02/P003_WA02:k141_28212_7 (length 96)
P003_WA02/P003_WA02:k141_28212_8 (length 353)
P003_WA02/P003_WA02:k141_28212_9 (length 473)
P003_WA02/P003_WA02:k141_28212_10 (length 70)
P003_WA02/P003_WA02:k141_28212_11 (length 51)
P003_WA02/P003_WA02:k141_28212_12 (length 44)
P003_WA02/P003_WA02:k141_28212_13 (length 68)
P003_WA02/P003_WA02:k141_28212_14 (length 1068)
P003_WA02/P003_WA02:k141_28212_15 (length 676)
P003_WA02/P003_WA02:k141_28212_16 (length 1466)
P003_WA02/P003_WA02:k141_28212_17 (length 236)
P003_WA02/P003_WA02:k141_28212_18 (length 286)
P003_WA02/P003_WA02:k141_28212_19 (length 55)
P003_WA02/P003_WA02:k141_28212_20 (length 81)
P003_WA02/P003_WA02:k141_28212_21 (length 123)
P003_WA02/P003_WA02:k141_28212_22 (length 532)
P003_WA02/P003_WA02:k141_28212_23 (length 103)
P003_WA02/P003_WA02:k141_28212_24 (length 734)
P003_WA02/P003_WA02:k141_28212_25 (length 765)
P003_WA02/P003_WA02:k141_28212_26 (length 48)
P003_WA02/P003_WA02:k141_28212_27 (length 82)
P003_WA02/P003_WA02:k141_28212_28 (length 55)
P003_WA02/P003_WA02:k141_28212_29 (length 201)
P003_WA02/P003_WA02:k141_28212_30 (length 184)
P003_WA02/P003_WA02:k141_28212_31 (length 253)
P003_WA02/P003_WA02:k141_28212_32 (length 120)
P003_WA02/P003_WA02:k141_28212_33 (length 62)
P003_WA02/P003_WA02:k141_28212_34 (length 137)
P003_WA02/P003_WA02:k141_28212_35 (length 498)
P003_WA02/P003_WA02:k141_28212_36 (length 475)
P003_WA02/P003_WA02:k141_28212_37 (length 77)
P003_WA02/P003_WA02:k141_28212_38 (length 72)
P003_WA02/P003_WA02:k141_28212_39 (length 36)
P003_WA02/P003_WA02:k141_28212_40 (length 185)
P003_WA02/P003_WA02:k141_28212_41 (length 230)
P003_WA02/P003_WA02:k141_28212_42 (length 307)
P003_WA02/P003_WA02:k141_28212_43 (length 142)
P003_WA02/P003_WA02:k141_28212_44 (length 47)
P003_WA02/P003_WA02:k141_28212_45 (length 50)
P003_WA02/P003_WA02:k141_28212_46 (length 83)
P003_WA02/P003_WA02:k141_28212_47 (length 37)
P003_WA02/P003_WA02:k141_28212_48 (length 52)
P003_WA02/P003_WA02:k141_28212_49 (length 170)
P003_WA02/P003_WA02:k141_28212_50 (length 119)
P003_WA02/P003_WA02:k141_28212_51 (length 64)
P003_WA02/P003_WA02:k141_28212_52 (length 49)
P003_WA02/P003_WA02:k141_28212_53 (length 216)
P003_WA02/P003_WA02:k141_28212_54 (length 508)
P003_WA02/P003_WA02:k141_28212_55 (length 38)
P003_WA02/P003_WA02:k141_28212_56 (length 116)
P003_WA02/P003_WA02:k141_28212_57 (length 61)
P003_WA02/P003_WA02:k141_28212_58 (length 244)
P003_WA02/P003_WA02:k141_28212_59 (length 174)
P003_WA02/P003_WA02:k141_28212_60 (length 341)
P003_WA02/P003_WA02:k141_28212_61 (length 143)
P003_WA02/P003_WA02:k141_28212_62 (length 61)
P003_WA02/P003_WA02:k141_28212_63 (length 113)
P003_WA02/P003_WA02:k141_28212_64 (length 136)
P003_WA02/P003_WA02:k141_28212_65 (length 123)
P003_WA02/P003_WA02:k141_28212_66 (length 120)
P003_WA02/P003_WA02:k141_28212_67 (length 53)
P003_WA02/P003_WA02:k141_28212_68 (length 239)
P003_WA02/P003_WA02:k141_28212_69 (length 147)
P003_WA02/P003_WA02:k141_28212_70 (length 29)
P003_WA02/P003_WA02:k141_79456_1 (length 49)
P003_WA02/P003_WA02:k141_79456_2 (length 739)
P003_WA02/P003_WA02:k141_79456_3 (length 59)
P003_WA02/P003_WA02:k141_79456_4 (length 309)
P003_WA02/P003_WA02:k141_79456_5 (length 500)
P003_WA02/P003_WA02:k141_79456_6 (length 81)
P003_WA02/P003_WA02:k141_79456_7 (length 100)
P003_WA02/P003_WA02:k141_79456_8 (length 176)
P003_WA02/P003_WA02:k141_79456_9 (length 182)
P003_WA02/P003_WA02:k141_79456_10 (length 148)
P003_WA02/P003_WA02:k141_79456_11 (length 187)
P003_WA02/P003_WA02:k141_79456_12 (length 372)

DiscRep_ALL:DISC_SOURCE_QUALS_ASNDISC::strain (all present, all same)
DiscRep_SUB:DISC_SOURCE_QUALS_ASNDISC::6 sources have 'strain' for strain
DiscRep_ALL:DISC_SOURCE_QUALS_ASNDISC::taxname (all present, all same)
DiscRep_SUB:DISC_SOURCE_QUALS_ASNDISC::6 sources have 'Genus species' for taxname
DiscRep_ALL:DISC_FEATURE_COUNT::CDS: 103 present
DiscRep_ALL:DISC_FEATURE_COUNT::tRNA: 25 present
DiscRep_ALL:DISC_FEATURE_COUNT::rRNA: 4 present
DiscRep_ALL:DISC_COUNT_NUCLEOTIDES::6 nucleotide Bioseqs are present
P003_WA02/P003_WA02:k141_49505 (length 21552)
P003_WA02/P003_WA02:k141_40408 (length 1034)
P003_WA02/P003_WA02:k141_16089 (length 5372)
P003_WA02/P003_WA02:k141_108412 (length 1486)
P003_WA02/P003_WA02:k141_28212 (length 80065)
P003_WA02/P003_WA02:k141_79456 (length 13052)

DiscRep_ALL:FEATURE_LOCATION_CONFLICT::132 features have inconsistent gene locations.
DiscRep_SUB:FEATURE_LOCATION_CONFLICT::Coding region xref gene does not exist
P003_WA02/P003_WA02:CDS	ribosomal protein S19	k141_49505:c252-37	P003_WA02_00001

DiscRep_SUB:FEATURE_LOCATION_CONFLICT::Coding region xref gene does not exist
P003_WA02/P003_WA02:CDS	ribosomal protein L2	k141_49505:c1078-581	P003_WA02_00003

DiscRep_SUB:FEATURE_LOCATION_CONFLICT::Coding region xref gene does not exist
P003_WA02/P003_WA02:CDS	ribosomal protein L2	k141_49505:c1978-1664	P003_WA02_00004

DiscRep_SUB:FEATURE_LOCATION_CONFLICT::Coding region xref gene does not exist
P003_WA02/P003_WA02:CDS	ribosomal protein L23	k141_49505:c2365-2084	P003_WA02_00005

DiscRep_SUB:FEATURE_LOCATION_CONFLICT::Coding region xref gene does not exist
P003_WA02/P003_WA02:CDS	hypothetical protein	k141_49505:2976-3455	P003_WA02_00007

DiscRep_SUB:FEATURE_LOCATION_CONFLICT::Coding region xref gene does not exist
P003_WA02/P003_WA02:CDS	hypothetical protein	k141_49505:3581-3829	P003_WA02_00008

DiscRep_SUB:FEATURE_LOCATION_CONFLICT::Coding region xref gene does not exist
P003_WA02/P003_WA02:CDS	hypothetical protein	k141_49505:3901-4287	P003_WA02_00009

DiscRep_SUB:FEATURE_LOCATION_CONFLICT::Coding region xref gene does not exist
P003_WA02/P003_WA02:CDS	hypothetical protein	k141_49505:4348-4647	P003_WA02_00010

DiscRep_SUB:FEATURE_LOCATION_CONFLICT::Coding region xref gene does not exist
P003_WA02/P003_WA02:CDS	NADH-plastoquinone oxidoreductase subunit 2	k141_49505:c6338-5724	P003_WA02_00012

DiscRep_SUB:FEATURE_LOCATION_CONFLICT::Coding region xref gene does not exist
P003_WA02/P003_WA02:CDS	NADH-plastoquinone oxidoreductase subunit 2	k141_49505:c7968-7120	P003_WA02_00013

DiscRep_SUB:FEATURE_LOCATION_CONFLICT::Coding region xref gene does not exist
P003_WA02/P003_WA02:CDS	ribosomal protein S7	k141_49505:c8742-8272	P003_WA02_00014

DiscRep_SUB:FEATURE_LOCATION_CONFLICT::Coding region xref gene does not exist
P003_WA02/P003_WA02:CDS	hypothetical protein	k141_49505:c9239-9081	P003_WA02_00015

DiscRep_SUB:FEATURE_LOCATION_CONFLICT::Coding region xref gene does not exist
P003_WA02/P003_WA02:CDS	hypothetical protein	k141_49505:9806-10021	P003_WA02_00016

DiscRep_SUB:FEATURE_LOCATION_CONFLICT::Coding region xref gene does not exist
P003_WA02/P003_WA02:CDS	hypothetical protein	k141_49505:c10920-10534	P003_WA02_00017

DiscRep_SUB:FEATURE_LOCATION_CONFLICT::Coding region xref gene does not exist
P003_WA02/P003_WA02:CDS	hypothetical protein	k141_49505:c13598-13374	P003_WA02_00020

DiscRep_SUB:FEATURE_LOCATION_CONFLICT::Coding region xref gene does not exist
P003_WA02/P003_WA02:CDS	hypothetical protein	k141_49505:c14505-14227	P003_WA02_00021

DiscRep_SUB:FEATURE_LOCATION_CONFLICT::Coding region xref gene does not exist
P003_WA02/P003_WA02:CDS	hypothetical protein	k141_49505:c19952-19776	P003_WA02_00025

DiscRep_SUB:FEATURE_LOCATION_CONFLICT::Coding region xref gene does not exist
P003_WA02/P003_WA02:CDS	ribosomal protein S15	k141_49505:20951-21223	P003_WA02_00026

DiscRep_SUB:FEATURE_LOCATION_CONFLICT::RNA feature xref gene does not exist
P003_WA02/P003_WA02:tRNA	His	k141_49505:452-526	P003_WA02_00002

DiscRep_SUB:FEATURE_LOCATION_CONFLICT::RNA feature xref gene does not exist
P003_WA02/P003_WA02:tRNA	Met	k141_49505:c2613-2539	P003_WA02_00006

DiscRep_SUB:FEATURE_LOCATION_CONFLICT::RNA feature xref gene does not exist
P003_WA02/P003_WA02:tRNA	Leu	k141_49505:c5148-5066	P003_WA02_00011

DiscRep_SUB:FEATURE_LOCATION_CONFLICT::RNA feature xref gene does not exist
P003_WA02/P003_WA02:tRNA	Val	k141_49505:11262-11333	P003_WA02_00018

DiscRep_SUB:FEATURE_LOCATION_CONFLICT::RNA feature xref gene does not exist
P003_WA02/P003_WA02:rRNA	16S ribosomal RNA	k141_49505:11568-13054	P003_WA02_00019

DiscRep_SUB:FEATURE_LOCATION_CONFLICT::RNA feature xref gene does not exist
P003_WA02/P003_WA02:rRNA	23S ribosomal RNA	k141_49505:15342-18417	P003_WA02_00022

DiscRep_SUB:FEATURE_LOCATION_CONFLICT::RNA feature xref gene does not exist
P003_WA02/P003_WA02:tRNA	Arg	k141_49505:18995-19069	P003_WA02_00023

DiscRep_SUB:FEATURE_LOCATION_CONFLICT::RNA feature xref gene does not exist
P003_WA02/P003_WA02:tRNA	Asn	k141_49505:c19400-19327	P003_WA02_00024

DiscRep_SUB:FEATURE_LOCATION_CONFLICT::Coding region xref gene does not exist
P003_WA02/P003_WA02:CDS	hypothetical protein	k141_40408:785-937	P003_WA02_00028

DiscRep_SUB:FEATURE_LOCATION_CONFLICT::RNA feature xref gene does not exist
P003_WA02/P003_WA02:tRNA	Phe	k141_40408:c622-549	P003_WA02_00027

DiscRep_SUB:FEATURE_LOCATION_CONFLICT::RNA feature xref gene does not exist
P003_WA02/P003_WA02:rRNA	23S ribosomal RNA (partial)	k141_16089:c3005-1720	P003_WA02_00029

DiscRep_SUB:FEATURE_LOCATION_CONFLICT::RNA feature xref gene does not exist
P003_WA02/P003_WA02:rRNA	23S ribosomal RNA (partial)	k141_16089:c5181-3554	P003_WA02_00030

DiscRep_SUB:FEATURE_LOCATION_CONFLICT::Coding region xref gene does not exist
P003_WA02/P003_WA02:CDS	hypothetical protein	k141_108412:c514-332	P003_WA02_00031

DiscRep_SUB:FEATURE_LOCATION_CONFLICT::Coding region xref gene does not exist
P003_WA02/P003_WA02:CDS	hypothetical protein	k141_108412:c1268-1065	P003_WA02_00032

DiscRep_SUB:FEATURE_LOCATION_CONFLICT::Coding region xref gene does not exist
P003_WA02/P003_WA02:CDS	hypothetical protein	k141_28212:16-105	P003_WA02_00033

DiscRep_SUB:FEATURE_LOCATION_CONFLICT::Coding region xref gene does not exist
P003_WA02/P003_WA02:CDS	photosystem II protein D1	k141_28212:c1289-228	P003_WA02_00034

DiscRep_SUB:FEATURE_LOCATION_CONFLICT::Coding region xref gene does not exist
P003_WA02/P003_WA02:CDS	maturase K	k141_28212:c3368-1833	P003_WA02_00035

DiscRep_SUB:FEATURE_LOCATION_CONFLICT::Coding region xref gene does not exist
P003_WA02/P003_WA02:CDS	hypothetical protein	k141_28212:4988-5227	P003_WA02_00036

DiscRep_SUB:FEATURE_LOCATION_CONFLICT::Coding region xref gene does not exist
P003_WA02/P003_WA02:CDS	Photosystem II reaction center protein K	k141_28212:6640-6996	P003_WA02_00038

DiscRep_SUB:FEATURE_LOCATION_CONFLICT::Coding region xref gene does not exist
P003_WA02/P003_WA02:CDS	Photosystem II reaction center protein I	k141_28212:7336-7512	P003_WA02_00039

DiscRep_SUB:FEATURE_LOCATION_CONFLICT::Coding region xref gene does not exist
P003_WA02/P003_WA02:CDS	hypothetical protein	k141_28212:7854-8144	P003_WA02_00041

DiscRep_SUB:FEATURE_LOCATION_CONFLICT::Coding region xref gene does not exist
P003_WA02/P003_WA02:CDS	photosystem II protein D2	k141_28212:8715-9776	P003_WA02_00042

DiscRep_SUB:FEATURE_LOCATION_CONFLICT::Coding region xref gene does not exist
P003_WA02/P003_WA02:CDS	photosystem II CP43 chlorophyll apoprotein	k141_28212:9724-11145	P003_WA02_00043

DiscRep_SUB:FEATURE_LOCATION_CONFLICT::Coding region xref gene does not exist
P003_WA02/P003_WA02:CDS	photosystem II protein Z	k141_28212:11707-11919	P003_WA02_00045

DiscRep_SUB:FEATURE_LOCATION_CONFLICT::Coding region xref gene does not exist
P003_WA02/P003_WA02:CDS	hypothetical protein	k141_28212:c12105-11950	P003_WA02_00046

DiscRep_SUB:FEATURE_LOCATION_CONFLICT::Coding region xref gene does not exist
P003_WA02/P003_WA02:CDS	hypothetical protein	k141_28212:13419-13553	P003_WA02_00049

DiscRep_SUB:FEATURE_LOCATION_CONFLICT::Coding region xref gene does not exist
P003_WA02/P003_WA02:CDS	hypothetical protein	k141_28212:c16139-15933	P003_WA02_00054

DiscRep_SUB:FEATURE_LOCATION_CONFLICT::Coding region xref gene does not exist
P003_WA02/P003_WA02:CDS	RNA polymerase beta subunit	k141_28212:19236-22442	P003_WA02_00056

DiscRep_SUB:FEATURE_LOCATION_CONFLICT::Coding region xref gene does not exist
P003_WA02/P003_WA02:CDS	RNA polymerase beta' subunit	k141_28212:22480-24510	P003_WA02_00057

DiscRep_SUB:FEATURE_LOCATION_CONFLICT::Coding region xref gene does not exist
P003_WA02/P003_WA02:CDS	DNA-directed RNA polymerase subunit beta'	k141_28212:24714-29114	P003_WA02_00058

DiscRep_SUB:FEATURE_LOCATION_CONFLICT::Coding region xref gene does not exist
P003_WA02/P003_WA02:CDS	ribosomal protein S2	k141_28212:29410-30120	P003_WA02_00059

DiscRep_SUB:FEATURE_LOCATION_CONFLICT::Coding region xref gene does not exist
P003_WA02/P003_WA02:CDS	ATP synthase CF0 subunit IV	k141_28212:30257-31117	P003_WA02_00060

DiscRep_SUB:FEATURE_LOCATION_CONFLICT::Coding region xref gene does not exist
P003_WA02/P003_WA02:CDS	hypothetical protein	k141_28212:31410-31577	P003_WA02_00061

DiscRep_SUB:FEATURE_LOCATION_CONFLICT::Coding region xref gene does not exist
P003_WA02/P003_WA02:CDS	ATP synthase CF0 subunit III	k141_28212:31689-31934	P003_WA02_00062

DiscRep_SUB:FEATURE_LOCATION_CONFLICT::Coding region xref gene does not exist
P003_WA02/P003_WA02:CDS	ATP synthase CF0 subunit I	k141_28212:33176-33547	P003_WA02_00063

DiscRep_SUB:FEATURE_LOCATION_CONFLICT::Coding region xref gene does not exist
P003_WA02/P003_WA02:CDS	ATP synthase CF1 alpha subunit	k141_28212:33572-35170	P003_WA02_00064

DiscRep_SUB:FEATURE_LOCATION_CONFLICT::Coding region xref gene does not exist
P003_WA02/P003_WA02:CDS	ribosomal protein S14	k141_28212:c36068-35757	P003_WA02_00066

DiscRep_SUB:FEATURE_LOCATION_CONFLICT::Coding region xref gene does not exist
P003_WA02/P003_WA02:CDS	photosystem I P700 apoprotein A2	k141_28212:c38425-36221	P003_WA02_00067

DiscRep_SUB:FEATURE_LOCATION_CONFLICT::Coding region xref gene does not exist
P003_WA02/P003_WA02:CDS	photosystem I P700 apoprotein A1	k141_28212:c40748-38451	P003_WA02_00068

DiscRep_SUB:FEATURE_LOCATION_CONFLICT::Coding region xref gene does not exist
P003_WA02/P003_WA02:CDS	hypothetical protein	k141_28212:c41808-41662	P003_WA02_00069

DiscRep_SUB:FEATURE_LOCATION_CONFLICT::Coding region xref gene does not exist
P003_WA02/P003_WA02:CDS	putative chloroplast RF34	k141_28212:c42426-42178	P003_WA02_00070

DiscRep_SUB:FEATURE_LOCATION_CONFLICT::Coding region xref gene does not exist
P003_WA02/P003_WA02:CDS	hypothetical protein	k141_28212:c43416-43249	P003_WA02_00071

DiscRep_SUB:FEATURE_LOCATION_CONFLICT::Coding region xref gene does not exist
P003_WA02/P003_WA02:CDS	ribosomal protein S4	k141_28212:c44880-44275	P003_WA02_00073

DiscRep_SUB:FEATURE_LOCATION_CONFLICT::Coding region xref gene does not exist
P003_WA02/P003_WA02:CDS	NADH-plastoquinone oxidoreductase subunit J	k141_28212:c48233-47679	P003_WA02_00076

DiscRep_SUB:FEATURE_LOCATION_CONFLICT::Coding region xref gene does not exist
P003_WA02/P003_WA02:CDS	NADH-plastoquinone oxidoreductase subunit K	k141_28212:c49023-48262	P003_WA02_00077

DiscRep_SUB:FEATURE_LOCATION_CONFLICT::Coding region xref gene does not exist
P003_WA02/P003_WA02:CDS	NADH-plastoquinone oxidoreductase subunit 3	k141_28212:c49355-48993	P003_WA02_00078

DiscRep_SUB:FEATURE_LOCATION_CONFLICT::Coding region xref gene does not exist
P003_WA02/P003_WA02:CDS	hypothetical protein	k141_28212:49785-49973	P003_WA02_00079

DiscRep_SUB:FEATURE_LOCATION_CONFLICT::Coding region xref gene does not exist
P003_WA02/P003_WA02:CDS	ATP synthase CF1 epsilon subunit	k141_28212:c51655-51242	P003_WA02_00081

DiscRep_SUB:FEATURE_LOCATION_CONFLICT::Coding region xref gene does not exist
P003_WA02/P003_WA02:CDS	ATP synthase CF1 beta subunit	k141_28212:c53148-51652	P003_WA02_00082

DiscRep_SUB:FEATURE_LOCATION_CONFLICT::Coding region xref gene does not exist
P003_WA02/P003_WA02:CDS	ribulose-1,5-bisphosphate carboxylase/oxygenase large subunit	k141_28212:53958-55385	P003_WA02_00083

DiscRep_SUB:FEATURE_LOCATION_CONFLICT::Coding region xref gene does not exist
P003_WA02/P003_WA02:CDS	ribosomal protein L23	k141_28212:55666-55899	P003_WA02_00084

DiscRep_SUB:FEATURE_LOCATION_CONFLICT::Coding region xref gene does not exist
P003_WA02/P003_WA02:CDS	hypothetical protein	k141_28212:55962-56180	P003_WA02_00085

DiscRep_SUB:FEATURE_LOCATION_CONFLICT::Coding region xref gene does not exist
P003_WA02/P003_WA02:CDS	photosystem I subunit VIII	k141_28212:56758-56868	P003_WA02_00086

DiscRep_SUB:FEATURE_LOCATION_CONFLICT::Coding region xref gene does not exist
P003_WA02/P003_WA02:CDS	photosystem I assembly protein Ycf4	k141_28212:57185-57742	P003_WA02_00087

DiscRep_SUB:FEATURE_LOCATION_CONFLICT::Coding region xref gene does not exist
P003_WA02/P003_WA02:CDS	envelope membrane protein	k141_28212:58188-58880	P003_WA02_00088

DiscRep_SUB:FEATURE_LOCATION_CONFLICT::Coding region xref gene does not exist
P003_WA02/P003_WA02:CDS	cytochrome f	k141_28212:59146-60069	P003_WA02_00089

DiscRep_SUB:FEATURE_LOCATION_CONFLICT::Coding region xref gene does not exist
P003_WA02/P003_WA02:CDS	hypothetical protein	k141_28212:60094-60522	P003_WA02_00090

DiscRep_SUB:FEATURE_LOCATION_CONFLICT::Coding region xref gene does not exist
P003_WA02/P003_WA02:CDS	photosystem II protein J	k141_28212:c61058-60915	P003_WA02_00091

DiscRep_SUB:FEATURE_LOCATION_CONFLICT::Coding region xref gene does not exist
P003_WA02/P003_WA02:CDS	Cytochrome b559 subunit beta	k141_28212:c61454-61302	P003_WA02_00092

DiscRep_SUB:FEATURE_LOCATION_CONFLICT::Coding region xref gene does not exist
P003_WA02/P003_WA02:CDS	photosystem II cytochrome b559 alpha subunit	k141_28212:c61683-61432	P003_WA02_00093

DiscRep_SUB:FEATURE_LOCATION_CONFLICT::Coding region xref gene does not exist
P003_WA02/P003_WA02:CDS	cytochrome b6/f complex subunit V	k141_28212:63251-63364	P003_WA02_00094

DiscRep_SUB:FEATURE_LOCATION_CONFLICT::Coding region xref gene does not exist
P003_WA02/P003_WA02:CDS	photosystem I subunit IX	k141_28212:64080-64238	P003_WA02_00097

DiscRep_SUB:FEATURE_LOCATION_CONFLICT::Coding region xref gene does not exist
P003_WA02/P003_WA02:CDS	hypothetical protein	k141_28212:65138-65650	P003_WA02_00098

DiscRep_SUB:FEATURE_LOCATION_CONFLICT::Coding region xref gene does not exist
P003_WA02/P003_WA02:CDS	ribosomal protein L20	k141_28212:c66167-65808	P003_WA02_00099

DiscRep_SUB:FEATURE_LOCATION_CONFLICT::Coding region xref gene does not exist
P003_WA02/P003_WA02:CDS	hypothetical protein	k141_28212:66278-66472	P003_WA02_00100

DiscRep_SUB:FEATURE_LOCATION_CONFLICT::Coding region xref gene does not exist
P003_WA02/P003_WA02:CDS	hypothetical protein	k141_28212:c66985-66836	P003_WA02_00101

DiscRep_SUB:FEATURE_LOCATION_CONFLICT::Coding region xref gene does not exist
P003_WA02/P003_WA02:CDS	ATP-dependent Clp protease proteolytic subunit	k141_28212:c67783-67133	P003_WA02_00102

DiscRep_SUB:FEATURE_LOCATION_CONFLICT::Coding region xref gene does not exist
P003_WA02/P003_WA02:CDS	photosystem II CP47 chlorophyll apoprotein	k141_28212:68294-69820	P003_WA02_00103

DiscRep_SUB:FEATURE_LOCATION_CONFLICT::Coding region xref gene does not exist
P003_WA02/P003_WA02:CDS	photosystem II protein T	k141_28212:69984-70100	P003_WA02_00104

DiscRep_SUB:FEATURE_LOCATION_CONFLICT::Coding region xref gene does not exist
P003_WA02/P003_WA02:CDS	Photosystem II reaction center protein H	k141_28212:70255-70605	P003_WA02_00105

DiscRep_SUB:FEATURE_LOCATION_CONFLICT::Coding region xref gene does not exist
P003_WA02/P003_WA02:CDS	hypothetical protein	k141_28212:c71312-71127	P003_WA02_00106

DiscRep_SUB:FEATURE_LOCATION_CONFLICT::Coding region xref gene does not exist
P003_WA02/P003_WA02:CDS	cytochrome b6	k141_28212:71413-72147	P003_WA02_00107

DiscRep_SUB:FEATURE_LOCATION_CONFLICT::Coding region xref gene does not exist
P003_WA02/P003_WA02:CDS	cytochrome b6/f complex subunit IV	k141_28212:73037-73561	P003_WA02_00108

DiscRep_SUB:FEATURE_LOCATION_CONFLICT::Coding region xref gene does not exist
P003_WA02/P003_WA02:CDS	DNA-directed RNA polymerase subunit alpha	k141_28212:c74795-73770	P003_WA02_00109

DiscRep_SUB:FEATURE_LOCATION_CONFLICT::Coding region xref gene does not exist
P003_WA02/P003_WA02:CDS	ribosomal protein S11	k141_28212:c75291-74860	P003_WA02_00110

DiscRep_SUB:FEATURE_LOCATION_CONFLICT::Coding region xref gene does not exist
P003_WA02/P003_WA02:CDS	hypothetical protein	k141_28212:75508-75693	P003_WA02_00111

DiscRep_SUB:FEATURE_LOCATION_CONFLICT::Coding region xref gene does not exist
P003_WA02/P003_WA02:CDS	Translation initiation factor IF-1	k141_28212:c76031-75690	P003_WA02_00112

DiscRep_SUB:FEATURE_LOCATION_CONFLICT::Coding region xref gene does not exist
P003_WA02/P003_WA02:CDS	ribosomal protein S8	k141_28212:c76543-76133	P003_WA02_00113

DiscRep_SUB:FEATURE_LOCATION_CONFLICT::Coding region xref gene does not exist
P003_WA02/P003_WA02:CDS	ribosomal protein L14	k141_28212:c77057-76686	P003_WA02_00114

DiscRep_SUB:FEATURE_LOCATION_CONFLICT::Coding region xref gene does not exist
P003_WA02/P003_WA02:CDS	ribosomal protein L16	k141_28212:c77533-77171	P003_WA02_00115

DiscRep_SUB:FEATURE_LOCATION_CONFLICT::Coding region xref gene does not exist
P003_WA02/P003_WA02:CDS	hypothetical protein	k141_28212:c77691-77530	P003_WA02_00116

DiscRep_SUB:FEATURE_LOCATION_CONFLICT::Coding region xref gene does not exist
P003_WA02/P003_WA02:CDS	ribosomal protein S3	k141_28212:c79366-78647	P003_WA02_00117

DiscRep_SUB:FEATURE_LOCATION_CONFLICT::Coding region xref gene does not exist
P003_WA02/P003_WA02:CDS	hypothetical protein	k141_28212:c79882-79439	P003_WA02_00118

DiscRep_SUB:FEATURE_LOCATION_CONFLICT::Coding region xref gene does not exist
P003_WA02/P003_WA02:CDS	hypothetical protein	k141_28212:c80050-79961	P003_WA02_00119

DiscRep_SUB:FEATURE_LOCATION_CONFLICT::RNA feature xref gene does not exist
P003_WA02/P003_WA02:tRNA	Gln	k141_28212:c6467-6396	P003_WA02_00037

DiscRep_SUB:FEATURE_LOCATION_CONFLICT::RNA feature xref gene does not exist
P003_WA02/P003_WA02:tRNA	Ser	k141_28212:c7719-7631	P003_WA02_00040

DiscRep_SUB:FEATURE_LOCATION_CONFLICT::RNA feature xref gene does not exist
P003_WA02/P003_WA02:tRNA	Ser	k141_28212:c11389-11302	P003_WA02_00044

DiscRep_SUB:FEATURE_LOCATION_CONFLICT::RNA feature xref gene does not exist
P003_WA02/P003_WA02:tRNA	Gly	k141_28212:12219-12290	P003_WA02_00047

DiscRep_SUB:FEATURE_LOCATION_CONFLICT::RNA feature xref gene does not exist
P003_WA02/P003_WA02:tRNA	Met	k141_28212:c12828-12753	P003_WA02_00048

DiscRep_SUB:FEATURE_LOCATION_CONFLICT::RNA feature xref gene does not exist
P003_WA02/P003_WA02:tRNA	Thr	k141_28212:14646-14719	P003_WA02_00050

DiscRep_SUB:FEATURE_LOCATION_CONFLICT::RNA feature xref gene does not exist
P003_WA02/P003_WA02:tRNA	Glu	k141_28212:15254-15328	P003_WA02_00051

DiscRep_SUB:FEATURE_LOCATION_CONFLICT::RNA feature xref gene does not exist
P003_WA02/P003_WA02:tRNA	Tyr	k141_28212:15388-15473	P003_WA02_00052

DiscRep_SUB:FEATURE_LOCATION_CONFLICT::RNA feature xref gene does not exist
P003_WA02/P003_WA02:tRNA	Asp	k141_28212:15833-15906	P003_WA02_00053

DiscRep_SUB:FEATURE_LOCATION_CONFLICT::RNA feature xref gene does not exist
P003_WA02/P003_WA02:tRNA	Cys	k141_28212:c18036-17966	P003_WA02_00055

DiscRep_SUB:FEATURE_LOCATION_CONFLICT::RNA feature xref gene does not exist
P003_WA02/P003_WA02:tRNA	Arg	k141_28212:c35377-35306	P003_WA02_00065

DiscRep_SUB:FEATURE_LOCATION_CONFLICT::RNA feature xref gene does not exist
P003_WA02/P003_WA02:tRNA	Ser	k141_28212:43927-44013	P003_WA02_00072

DiscRep_SUB:FEATURE_LOCATION_CONFLICT::RNA feature xref gene does not exist
P003_WA02/P003_WA02:tRNA	Thr	k141_28212:c45256-45182	P003_WA02_00074

DiscRep_SUB:FEATURE_LOCATION_CONFLICT::RNA feature xref gene does not exist
P003_WA02/P003_WA02:tRNA	Phe	k141_28212:47066-47138	P003_WA02_00075

DiscRep_SUB:FEATURE_LOCATION_CONFLICT::RNA feature xref gene does not exist
P003_WA02/P003_WA02:tRNA	Met	k141_28212:51055-51129	P003_WA02_00080

DiscRep_SUB:FEATURE_LOCATION_CONFLICT::RNA feature xref gene does not exist
P003_WA02/P003_WA02:tRNA	Trp	k141_28212:c63560-63487	P003_WA02_00095

DiscRep_SUB:FEATURE_LOCATION_CONFLICT::RNA feature xref gene does not exist
P003_WA02/P003_WA02:tRNA	Pro	k141_28212:c63774-63699	P003_WA02_00096

DiscRep_SUB:FEATURE_LOCATION_CONFLICT::Coding region xref gene does not exist
P003_WA02/P003_WA02:CDS	NADH-plastoquinone oxidoreductase subunit 7	k141_79456:13-162	P003_WA02_00120

DiscRep_SUB:FEATURE_LOCATION_CONFLICT::Coding region xref gene does not exist
P003_WA02/P003_WA02:CDS	NADH-plastoquinone oxidoreductase subunit 5	k141_79456:c2447-228	P003_WA02_00121

DiscRep_SUB:FEATURE_LOCATION_CONFLICT::Coding region xref gene does not exist
P003_WA02/P003_WA02:CDS	hypothetical protein	k141_79456:2898-3077	P003_WA02_00122

DiscRep_SUB:FEATURE_LOCATION_CONFLICT::Coding region xref gene does not exist
P003_WA02/P003_WA02:CDS	cytochrome c heme attachment protein	k141_79456:4424-5353	P003_WA02_00124

DiscRep_SUB:FEATURE_LOCATION_CONFLICT::Coding region xref gene does not exist
P003_WA02/P003_WA02:CDS	NADH-plastoquinone oxidoreductase subunit 4	k141_79456:c6983-5481	P003_WA02_00125

DiscRep_SUB:FEATURE_LOCATION_CONFLICT::Coding region xref gene does not exist
P003_WA02/P003_WA02:CDS	photosystem I subunit VII	k141_79456:c7348-7103	P003_WA02_00126

DiscRep_SUB:FEATURE_LOCATION_CONFLICT::Coding region xref gene does not exist
P003_WA02/P003_WA02:CDS	NADH-plastoquinone oxidoreductase subunit 4L	k141_79456:c8148-7846	P003_WA02_00127

DiscRep_SUB:FEATURE_LOCATION_CONFLICT::Coding region xref gene does not exist
P003_WA02/P003_WA02:CDS	NADH-plastoquinone oxidoreductase subunit 6	k141_79456:c8894-8364	P003_WA02_00128

DiscRep_SUB:FEATURE_LOCATION_CONFLICT::Coding region xref gene does not exist
P003_WA02/P003_WA02:CDS	NADH-plastoquinone oxidoreductase subunit I	k141_79456:c9694-9146	P003_WA02_00129

DiscRep_SUB:FEATURE_LOCATION_CONFLICT::Coding region xref gene does not exist
P003_WA02/P003_WA02:CDS	NADH-plastoquinone oxidoreductase subunit 1	k141_79456:c10232-9786	P003_WA02_00130

DiscRep_SUB:FEATURE_LOCATION_CONFLICT::Coding region xref gene does not exist
P003_WA02/P003_WA02:CDS	NADH-plastoquinone oxidoreductase subunit 1	k141_79456:c11920-11357	P003_WA02_00131

DiscRep_SUB:FEATURE_LOCATION_CONFLICT::Coding region xref gene does not exist
P003_WA02/P003_WA02:CDS	NADH-plastoquinone oxidoreductase subunit 7	k141_79456:c13040-11922	P003_WA02_00132

DiscRep_SUB:FEATURE_LOCATION_CONFLICT::RNA feature xref gene does not exist
P003_WA02/P003_WA02:tRNA	Leu	k141_79456:4267-4346	P003_WA02_00123

DiscRep_ALL:SUSPECT_PRODUCT_NAMES::2 product_names contain suspect phrase or characters
DiscRep_SUB:SUSPECT_PRODUCT_NAMES::May contain database identifier more appropriate in note; remove from product name
DiscRep_SUB:SUSPECT_PRODUCT_NAMES::2 features contains three or more numbers together that may be identifiers more appropriate in note
P003_WA02/P003_WA02:CDS	photosystem I P700 apoprotein A2	k141_28212:c38425-36221	P003_WA02_00067
P003_WA02/P003_WA02:CDS	photosystem I P700 apoprotein A1	k141_28212:c40748-38451	P003_WA02_00068

DiscRep_ALL:DISC_QUALITY_SCORES::Quality scores are missing on all sequences.

FATAL: DiscRep_ALL:DISC_SUSPECT_RRNA_PRODUCTS::2 rRNA product names contain suspect phrase
FATAL: DiscRep_SUB:DISC_SUSPECT_RRNA_PRODUCTS::2 rRNA product names contains 'partial'
P003_WA02/P003_WA02:rRNA	23S ribosomal RNA (partial)	k141_16089:c3005-1720	P003_WA02_00029
P003_WA02/P003_WA02:rRNA	23S ribosomal RNA (partial)	k141_16089:c5181-3554	P003_WA02_00030

FATAL: DiscRep_ALL:DISC_SHORT_RRNA::2 rRNA features are too short
P003_WA02/P003_WA02:rRNA	23S ribosomal RNA (partial)	k141_16089:c3005-1720	P003_WA02_00029
P003_WA02/P003_WA02:rRNA	23S ribosomal RNA (partial)	k141_16089:c5181-3554	P003_WA02_00030

DiscRep_ALL:ONCALLER_COMMENT_PRESENT::6 comment descriptors were found (all same)
P003_WA02/P003_WA02:k141_49505:Annotated using prokka 1.14.5 from https://github.com/tseemann/prokka
P003_WA02/P003_WA02:k141_40408:Annotated using prokka 1.14.5 from https://github.com/tseemann/prokka
P003_WA02/P003_WA02:k141_16089:Annotated using prokka 1.14.5 from https://github.com/tseemann/prokka
P003_WA02/P003_WA02:k141_108412:Annotated using prokka 1.14.5 from https://github.com/tseemann/prokka
P003_WA02/P003_WA02:k141_28212:Annotated using prokka 1.14.5 from https://github.com/tseemann/prokka
P003_WA02/P003_WA02:k141_79456:Annotated using prokka 1.14.5 from https://github.com/tseemann/prokka

DiscRep_ALL:SHORT_PROT_SEQUENCES::10 protein sequences are shorter than 50 aa.
P003_WA02/P003_WA02:k141_28212_1 (length 29)
P003_WA02/P003_WA02:k141_28212_12 (length 44)
P003_WA02/P003_WA02:k141_28212_26 (length 48)
P003_WA02/P003_WA02:k141_28212_39 (length 36)
P003_WA02/P003_WA02:k141_28212_44 (length 47)
P003_WA02/P003_WA02:k141_28212_47 (length 37)
P003_WA02/P003_WA02:k141_28212_52 (length 49)
P003_WA02/P003_WA02:k141_28212_55 (length 38)
P003_WA02/P003_WA02:k141_28212_70 (length 29)
P003_WA02/P003_WA02:k141_79456_1 (length 49)

DiscRep_ALL:MISSING_GENOMEASSEMBLY_COMMENTS::6 bioseqs are missing GenomeAssembly structured comments
P003_WA02/P003_WA02:k141_49505 (length 21552)
P003_WA02/P003_WA02:k141_40408 (length 1034)
P003_WA02/P003_WA02:k141_16089 (length 5372)
P003_WA02/P003_WA02:k141_108412 (length 1486)
P003_WA02/P003_WA02:k141_28212 (length 80065)
P003_WA02/P003_WA02:k141_79456 (length 13052)

DiscRep_ALL:MOLTYPE_NOT_MRNA::6 molecule types are not set as mRNA.
P003_WA02/P003_WA02:k141_49505 (length 21552)
P003_WA02/P003_WA02:k141_40408 (length 1034)
P003_WA02/P003_WA02:k141_16089 (length 5372)
P003_WA02/P003_WA02:k141_108412 (length 1486)
P003_WA02/P003_WA02:k141_28212 (length 80065)
P003_WA02/P003_WA02:k141_79456 (length 13052)

DiscRep_ALL:TECHNIQUE_NOT_TSA::6 technique are not set as TSA
P003_WA02/P003_WA02:k141_49505 (length 21552)
P003_WA02/P003_WA02:k141_40408 (length 1034)
P003_WA02/P003_WA02:k141_16089 (length 5372)
P003_WA02/P003_WA02:k141_108412 (length 1486)
P003_WA02/P003_WA02:k141_28212 (length 80065)
P003_WA02/P003_WA02:k141_79456 (length 13052)

DiscRep_ALL:MISSING_STRUCTURED_COMMENT::6 sequences do not include structured comments.
P003_WA02/P003_WA02:k141_49505 (length 21552)
P003_WA02/P003_WA02:k141_40408 (length 1034)
P003_WA02/P003_WA02:k141_16089 (length 5372)
P003_WA02/P003_WA02:k141_108412 (length 1486)
P003_WA02/P003_WA02:k141_28212 (length 80065)
P003_WA02/P003_WA02:k141_79456 (length 13052)

DiscRep_ALL:MISSING_PROJECT::109 sequences do not include project.
P003_WA02/P003_WA02:k141_49505 (length 21552)
P003_WA02/P003_WA02:k141_49505_1 (length 71)
P003_WA02/P003_WA02:k141_49505_2 (length 165)
P003_WA02/P003_WA02:k141_49505_3 (length 104)
P003_WA02/P003_WA02:k141_49505_4 (length 93)
P003_WA02/P003_WA02:k141_49505_5 (length 159)
P003_WA02/P003_WA02:k141_49505_6 (length 82)
P003_WA02/P003_WA02:k141_49505_7 (length 128)
P003_WA02/P003_WA02:k141_49505_8 (length 99)
P003_WA02/P003_WA02:k141_49505_9 (length 204)
P003_WA02/P003_WA02:k141_49505_10 (length 282)
P003_WA02/P003_WA02:k141_49505_11 (length 156)
P003_WA02/P003_WA02:k141_49505_12 (length 52)
P003_WA02/P003_WA02:k141_49505_13 (length 71)
P003_WA02/P003_WA02:k141_49505_14 (length 128)
P003_WA02/P003_WA02:k141_49505_15 (length 74)
P003_WA02/P003_WA02:k141_49505_16 (length 92)
P003_WA02/P003_WA02:k141_49505_17 (length 58)
P003_WA02/P003_WA02:k141_49505_18 (length 90)
P003_WA02/P003_WA02:k141_40408 (length 1034)
P003_WA02/P003_WA02:k141_40408_1 (length 50)
P003_WA02/P003_WA02:k141_16089 (length 5372)
P003_WA02/P003_WA02:k141_108412 (length 1486)
P003_WA02/P003_WA02:k141_108412_1 (length 60)
P003_WA02/P003_WA02:k141_108412_2 (length 67)
P003_WA02/P003_WA02:k141_28212 (length 80065)
P003_WA02/P003_WA02:k141_28212_1 (length 29)
P003_WA02/P003_WA02:k141_28212_2 (length 353)
P003_WA02/P003_WA02:k141_28212_3 (length 511)
P003_WA02/P003_WA02:k141_28212_4 (length 79)
P003_WA02/P003_WA02:k141_28212_5 (length 118)
P003_WA02/P003_WA02:k141_28212_6 (length 58)
P003_WA02/P003_WA02:k141_28212_7 (length 96)
P003_WA02/P003_WA02:k141_28212_8 (length 353)
P003_WA02/P003_WA02:k141_28212_9 (length 473)
P003_WA02/P003_WA02:k141_28212_10 (length 70)
P003_WA02/P003_WA02:k141_28212_11 (length 51)
P003_WA02/P003_WA02:k141_28212_12 (length 44)
P003_WA02/P003_WA02:k141_28212_13 (length 68)
P003_WA02/P003_WA02:k141_28212_14 (length 1068)
P003_WA02/P003_WA02:k141_28212_15 (length 676)
P003_WA02/P003_WA02:k141_28212_16 (length 1466)
P003_WA02/P003_WA02:k141_28212_17 (length 236)
P003_WA02/P003_WA02:k141_28212_18 (length 286)
P003_WA02/P003_WA02:k141_28212_19 (length 55)
P003_WA02/P003_WA02:k141_28212_20 (length 81)
P003_WA02/P003_WA02:k141_28212_21 (length 123)
P003_WA02/P003_WA02:k141_28212_22 (length 532)
P003_WA02/P003_WA02:k141_28212_23 (length 103)
P003_WA02/P003_WA02:k141_28212_24 (length 734)
P003_WA02/P003_WA02:k141_28212_25 (length 765)
P003_WA02/P003_WA02:k141_28212_26 (length 48)
P003_WA02/P003_WA02:k141_28212_27 (length 82)
P003_WA02/P003_WA02:k141_28212_28 (length 55)
P003_WA02/P003_WA02:k141_28212_29 (length 201)
P003_WA02/P003_WA02:k141_28212_30 (length 184)
P003_WA02/P003_WA02:k141_28212_31 (length 253)
P003_WA02/P003_WA02:k141_28212_32 (length 120)
P003_WA02/P003_WA02:k141_28212_33 (length 62)
P003_WA02/P003_WA02:k141_28212_34 (length 137)
P003_WA02/P003_WA02:k141_28212_35 (length 498)
P003_WA02/P003_WA02:k141_28212_36 (length 475)
P003_WA02/P003_WA02:k141_28212_37 (length 77)
P003_WA02/P003_WA02:k141_28212_38 (length 72)
P003_WA02/P003_WA02:k141_28212_39 (length 36)
P003_WA02/P003_WA02:k141_28212_40 (length 185)
P003_WA02/P003_WA02:k141_28212_41 (length 230)
P003_WA02/P003_WA02:k141_28212_42 (length 307)
P003_WA02/P003_WA02:k141_28212_43 (length 142)
P003_WA02/P003_WA02:k141_28212_44 (length 47)
P003_WA02/P003_WA02:k141_28212_45 (length 50)
P003_WA02/P003_WA02:k141_28212_46 (length 83)
P003_WA02/P003_WA02:k141_28212_47 (length 37)
P003_WA02/P003_WA02:k141_28212_48 (length 52)
P003_WA02/P003_WA02:k141_28212_49 (length 170)
P003_WA02/P003_WA02:k141_28212_50 (length 119)
P003_WA02/P003_WA02:k141_28212_51 (length 64)
P003_WA02/P003_WA02:k141_28212_52 (length 49)
P003_WA02/P003_WA02:k141_28212_53 (length 216)
P003_WA02/P003_WA02:k141_28212_54 (length 508)
P003_WA02/P003_WA02:k141_28212_55 (length 38)
P003_WA02/P003_WA02:k141_28212_56 (length 116)
P003_WA02/P003_WA02:k141_28212_57 (length 61)
P003_WA02/P003_WA02:k141_28212_58 (length 244)
P003_WA02/P003_WA02:k141_28212_59 (length 174)
P003_WA02/P003_WA02:k141_28212_60 (length 341)
P003_WA02/P003_WA02:k141_28212_61 (length 143)
P003_WA02/P003_WA02:k141_28212_62 (length 61)
P003_WA02/P003_WA02:k141_28212_63 (length 113)
P003_WA02/P003_WA02:k141_28212_64 (length 136)
P003_WA02/P003_WA02:k141_28212_65 (length 123)
P003_WA02/P003_WA02:k141_28212_66 (length 120)
P003_WA02/P003_WA02:k141_28212_67 (length 53)
P003_WA02/P003_WA02:k141_28212_68 (length 239)
P003_WA02/P003_WA02:k141_28212_69 (length 147)
P003_WA02/P003_WA02:k141_28212_70 (length 29)
P003_WA02/P003_WA02:k141_79456 (length 13052)
P003_WA02/P003_WA02:k141_79456_1 (length 49)
P003_WA02/P003_WA02:k141_79456_2 (length 739)
P003_WA02/P003_WA02:k141_79456_3 (length 59)
P003_WA02/P003_WA02:k141_79456_4 (length 309)
P003_WA02/P003_WA02:k141_79456_5 (length 500)
P003_WA02/P003_WA02:k141_79456_6 (length 81)
P003_WA02/P003_WA02:k141_79456_7 (length 100)
P003_WA02/P003_WA02:k141_79456_8 (length 176)
P003_WA02/P003_WA02:k141_79456_9 (length 182)
P003_WA02/P003_WA02:k141_79456_10 (length 148)
P003_WA02/P003_WA02:k141_79456_11 (length 187)
P003_WA02/P003_WA02:k141_79456_12 (length 372)

FATAL: DiscRep_ALL:RRNA_NAME_CONFLICTS::2 rRNA product names are not standard. Correct the names to the standard format, eg "16S ribosomal RNA"
P003_WA02/P003_WA02:rRNA	23S ribosomal RNA (partial)	k141_16089:c3005-1720	P003_WA02_00029
P003_WA02/P003_WA02:rRNA	23S ribosomal RNA (partial)	k141_16089:c5181-3554	P003_WA02_00030

DiscRep_ALL:DISC_INCONSISTENT_MOLINFO_TECH::Molinfo Technique Report (some missing, all same)
DiscRep_SUB:DISC_INCONSISTENT_MOLINFO_TECH::technique (all missing)
DiscRep_SUB:DISC_INCONSISTENT_MOLINFO_TECH::6 Molinfos are missing field technique
P003_WA02/P003_WA02:k141_16089 (length 5372)
P003_WA02/P003_WA02:k141_28212 (length 80065)
P003_WA02/P003_WA02:k141_40408 (length 1034)
P003_WA02/P003_WA02:k141_49505 (length 21552)
P003_WA02/P003_WA02:k141_79456 (length 13052)
P003_WA02/P003_WA02:k141_108412 (length 1486)

