Discrepancy Report Results

Summary
FATAL: MISSING_PROTEIN_ID:85 proteins have invalid IDs.
DISC_SOURCE_QUALS_ASNDISC:strain (all present, all same)
DISC_SOURCE_QUALS_ASNDISC:taxname (all present, all same)
DISC_FEATURE_COUNT:CDS: 85 present
DISC_FEATURE_COUNT:tRNA: 25 present
DISC_FEATURE_COUNT:rRNA: 3 present
DISC_COUNT_NUCLEOTIDES:3 nucleotide Bioseqs are present
FEATURE_LOCATION_CONFLICT:113 features have inconsistent gene locations.
SUSPECT_PRODUCT_NAMES:2 product_names contain suspect phrase or characters
	May contain database identifier more appropriate in note; remove from product name
		2 features contains three or more numbers together that may be identifiers more appropriate in note
DISC_QUALITY_SCORES:Quality scores are missing on all sequences.
FATAL: DISC_SUSPECT_RRNA_PRODUCTS:1 rRNA product names contain suspect phrase
ONCALLER_COMMENT_PRESENT:3 comment descriptors were found (all same)
SHORT_PROT_SEQUENCES:8 protein sequences are shorter than 50 aa.
MISSING_GENOMEASSEMBLY_COMMENTS:3 bioseqs are missing GenomeAssembly structured comments
MOLTYPE_NOT_MRNA:3 molecule types are not set as mRNA.
TECHNIQUE_NOT_TSA:3 technique are not set as TSA
MISSING_STRUCTURED_COMMENT:3 sequences do not include structured comments.
MISSING_PROJECT:88 sequences do not include project.
FATAL: RRNA_NAME_CONFLICTS:1 rRNA product names are not standard. Correct the names to the standard format, eg "16S ribosomal RNA"
DISC_INCONSISTENT_MOLINFO_TECH:Molinfo Technique Report (some missing, all same)


Detailed Report

FATAL: DiscRep_ALL:MISSING_PROTEIN_ID::85 proteins have invalid IDs.
P003_WB10/P003_WB10:k141_69206_1 (length 1917)
P003_WB10/P003_WB10:k141_69206_2 (length 90)
P003_WB10/P003_WB10:k141_69206_3 (length 393)
P003_WB10/P003_WB10:k141_69206_4 (length 188)
P003_WB10/P003_WB10:k141_69206_5 (length 151)
P003_WB10/P003_WB10:k141_69206_6 (length 170)
P003_WB10/P003_WB10:k141_69206_7 (length 190)
P003_WB10/P003_WB10:k141_69206_8 (length 101)
P003_WB10/P003_WB10:k141_69206_9 (length 81)
P003_WB10/P003_WB10:k141_69206_10 (length 504)
P003_WB10/P003_WB10:k141_69206_11 (length 323)
P003_WB10/P003_WB10:k141_69206_12 (length 744)
P003_WB10/P003_WB10:k141_69206_13 (length 353)
P003_WB10/P003_WB10:k141_69206_14 (length 503)
P003_WB10/P003_WB10:k141_69206_15 (length 475)
P003_WB10/P003_WB10:k141_69206_16 (length 518)
P003_WB10/P003_WB10:k141_69206_17 (length 133)
P003_WB10/P003_WB10:k141_69206_18 (length 75)
P003_WB10/P003_WB10:k141_69206_19 (length 120)
P003_WB10/P003_WB10:k141_69206_20 (length 224)
P003_WB10/P003_WB10:k141_69206_21 (length 158)
P003_WB10/P003_WB10:k141_69206_22 (length 205)
P003_WB10/P003_WB10:k141_69206_23 (length 44)
P003_WB10/P003_WB10:k141_69206_24 (length 82)
P003_WB10/P003_WB10:k141_69206_25 (length 70)
P003_WB10/P003_WB10:k141_69206_26 (length 757)
P003_WB10/P003_WB10:k141_69206_27 (length 734)
P003_WB10/P003_WB10:k141_69206_28 (length 100)
P003_WB10/P003_WB10:k141_69206_29 (length 62)
P003_WB10/P003_WB10:k141_69206_30 (length 461)
P003_WB10/P003_WB10:k141_69206_31 (length 353)
P003_WB10/P003_WB10:k141_69206_32 (length 29)
P003_WB10/P003_WB10:k141_69206_33 (length 58)
P003_WB10/P003_WB10:k141_69206_34 (length 1067)
P003_WB10/P003_WB10:k141_69206_35 (length 145)
P003_WB10/P003_WB10:k141_69206_36 (length 482)
P003_WB10/P003_WB10:k141_69206_37 (length 1461)
P003_WB10/P003_WB10:k141_69206_38 (length 236)
P003_WB10/P003_WB10:k141_69206_39 (length 247)
P003_WB10/P003_WB10:k141_69206_40 (length 81)
P003_WB10/P003_WB10:k141_69206_41 (length 68)
P003_WB10/P003_WB10:k141_69206_42 (length 41)
P003_WB10/P003_WB10:k141_69206_43 (length 124)
P003_WB10/P003_WB10:k141_69206_44 (length 514)
P003_WB10/P003_WB10:k141_69206_45 (length 38)
P003_WB10/P003_WB10:k141_69206_46 (length 36)
P003_WB10/P003_WB10:k141_69206_47 (length 109)
P003_WB10/P003_WB10:k141_69206_48 (length 174)
P003_WB10/P003_WB10:k141_69206_49 (length 452)
P003_WB10/P003_WB10:k141_69206_50 (length 49)
P003_WB10/P003_WB10:k141_69206_51 (length 188)
P003_WB10/P003_WB10:k141_69206_52 (length 229)
P003_WB10/P003_WB10:k141_69206_53 (length 320)
P003_WB10/P003_WB10:k141_69206_54 (length 72)
P003_WB10/P003_WB10:k141_69206_55 (length 132)
P003_WB10/P003_WB10:k141_69206_56 (length 110)
P003_WB10/P003_WB10:k141_69206_57 (length 93)
P003_WB10/P003_WB10:k141_69206_58 (length 101)
P003_WB10/P003_WB10:k141_69206_59 (length 83)
P003_WB10/P003_WB10:k141_69206_60 (length 39)
P003_WB10/P003_WB10:k141_69206_61 (length 76)
P003_WB10/P003_WB10:k141_69206_62 (length 199)
P003_WB10/P003_WB10:k141_69206_63 (length 508)
P003_WB10/P003_WB10:k141_69206_64 (length 73)
P003_WB10/P003_WB10:k141_69206_65 (length 231)
P003_WB10/P003_WB10:k141_69206_66 (length 174)
P003_WB10/P003_WB10:k141_69206_67 (length 332)
P003_WB10/P003_WB10:k141_69206_68 (length 138)
P003_WB10/P003_WB10:k141_69206_69 (length 134)
P003_WB10/P003_WB10:k141_69206_70 (length 122)
P003_WB10/P003_WB10:k141_69206_71 (length 119)
P003_WB10/P003_WB10:k141_69206_72 (length 212)
P003_WB10/P003_WB10:k141_69206_73 (length 92)
P003_WB10/P003_WB10:k141_69206_74 (length 165)
P003_WB10/P003_WB10:k141_69206_75 (length 132)
P003_WB10/P003_WB10:k141_69206_76 (length 115)
P003_WB10/P003_WB10:k141_69206_77 (length 1921)
P003_WB10/P003_WB10:k141_69206_78 (length 86)
P003_WB10/P003_WB10:k141_69206_79 (length 126)
P003_WB10/P003_WB10:k141_69206_80 (length 49)
P003_WB10/P003_WB10:k141_69206_81 (length 75)
P003_WB10/P003_WB10:k141_69206_82 (length 157)
P003_WB10/P003_WB10:k141_69206_83 (length 287)
P003_WB10/P003_WB10:k141_69206_84 (length 262)
P003_WB10/P003_WB10:k141_70839_1 (length 60)

DiscRep_ALL:DISC_SOURCE_QUALS_ASNDISC::strain (all present, all same)
DiscRep_SUB:DISC_SOURCE_QUALS_ASNDISC::3 sources have 'strain' for strain
DiscRep_ALL:DISC_SOURCE_QUALS_ASNDISC::taxname (all present, all same)
DiscRep_SUB:DISC_SOURCE_QUALS_ASNDISC::3 sources have 'Genus species' for taxname
DiscRep_ALL:DISC_FEATURE_COUNT::CDS: 85 present
DiscRep_ALL:DISC_FEATURE_COUNT::tRNA: 25 present
DiscRep_ALL:DISC_FEATURE_COUNT::rRNA: 3 present
DiscRep_ALL:DISC_COUNT_NUCLEOTIDES::3 nucleotide Bioseqs are present
P003_WB10/P003_WB10:k141_69206 (length 123061)
P003_WB10/P003_WB10:k141_70839 (length 1189)
P003_WB10/P003_WB10:k141_20212 (length 3274)

DiscRep_ALL:FEATURE_LOCATION_CONFLICT::113 features have inconsistent gene locations.
DiscRep_SUB:FEATURE_LOCATION_CONFLICT::Coding region xref gene does not exist
P003_WB10/P003_WB10:CDS	hypothetical protein	k141_69206:70-5823	P003_WB10_00001

DiscRep_SUB:FEATURE_LOCATION_CONFLICT::Coding region xref gene does not exist
P003_WB10/P003_WB10:CDS	ribosomal protein S15	k141_69206:6329-6601	P003_WB10_00002

DiscRep_SUB:FEATURE_LOCATION_CONFLICT::Coding region xref gene does not exist
P003_WB10/P003_WB10:CDS	NADH-plastoquinone oxidoreductase subunit 7	k141_69206:6699-7880	P003_WB10_00003

DiscRep_SUB:FEATURE_LOCATION_CONFLICT::Coding region xref gene does not exist
P003_WB10/P003_WB10:CDS	NADH-plastoquinone oxidoreductase subunit 1	k141_69206:7882-8448	P003_WB10_00004

DiscRep_SUB:FEATURE_LOCATION_CONFLICT::Coding region xref gene does not exist
P003_WB10/P003_WB10:CDS	NADH-plastoquinone oxidoreductase subunit 1	k141_69206:9727-10182	P003_WB10_00005

DiscRep_SUB:FEATURE_LOCATION_CONFLICT::Coding region xref gene does not exist
P003_WB10/P003_WB10:CDS	NADH-plastoquinone oxidoreductase subunit I	k141_69206:10262-10774	P003_WB10_00006

DiscRep_SUB:FEATURE_LOCATION_CONFLICT::Coding region xref gene does not exist
P003_WB10/P003_WB10:CDS	NADH-plastoquinone oxidoreductase subunit 6	k141_69206:11199-11771	P003_WB10_00007

DiscRep_SUB:FEATURE_LOCATION_CONFLICT::Coding region xref gene does not exist
P003_WB10/P003_WB10:CDS	NADH-plastoquinone oxidoreductase subunit 4L	k141_69206:11981-12286	P003_WB10_00008

DiscRep_SUB:FEATURE_LOCATION_CONFLICT::Coding region xref gene does not exist
P003_WB10/P003_WB10:CDS	photosystem I subunit VII	k141_69206:12584-12829	P003_WB10_00009

DiscRep_SUB:FEATURE_LOCATION_CONFLICT::Coding region xref gene does not exist
P003_WB10/P003_WB10:CDS	NADH-plastoquinone oxidoreductase subunit 4	k141_69206:12944-14458	P003_WB10_00010

DiscRep_SUB:FEATURE_LOCATION_CONFLICT::Coding region xref gene does not exist
P003_WB10/P003_WB10:CDS	cytochrome c heme attachment protein	k141_69206:c15655-14684	P003_WB10_00011

DiscRep_SUB:FEATURE_LOCATION_CONFLICT::Coding region xref gene does not exist
P003_WB10/P003_WB10:CDS	NADH-plastoquinone oxidoreductase subunit 5	k141_69206:16768-19002	P003_WB10_00013

DiscRep_SUB:FEATURE_LOCATION_CONFLICT::Coding region xref gene does not exist
P003_WB10/P003_WB10:CDS	photosystem II protein D1	k141_69206:c20575-19514	P003_WB10_00015

DiscRep_SUB:FEATURE_LOCATION_CONFLICT::Coding region xref gene does not exist
P003_WB10/P003_WB10:CDS	maturase K	k141_69206:c22619-21108	P003_WB10_00016

DiscRep_SUB:FEATURE_LOCATION_CONFLICT::Coding region xref gene does not exist
P003_WB10/P003_WB10:CDS	ribulose-1,5-bisphosphate carboxylase/oxygenase large subunit	k141_69206:c25846-24419	P003_WB10_00017

DiscRep_SUB:FEATURE_LOCATION_CONFLICT::Coding region xref gene does not exist
P003_WB10/P003_WB10:CDS	ATP synthase CF1 beta subunit	k141_69206:26550-28106	P003_WB10_00018

DiscRep_SUB:FEATURE_LOCATION_CONFLICT::Coding region xref gene does not exist
P003_WB10/P003_WB10:CDS	ATP synthase CF1 epsilon subunit	k141_69206:28129-28530	P003_WB10_00019

DiscRep_SUB:FEATURE_LOCATION_CONFLICT::Coding region xref gene does not exist
P003_WB10/P003_WB10:CDS	hypothetical protein	k141_69206:c29618-29391	P003_WB10_00021

DiscRep_SUB:FEATURE_LOCATION_CONFLICT::Coding region xref gene does not exist
P003_WB10/P003_WB10:CDS	NADH-plastoquinone oxidoreductase subunit 3	k141_69206:29795-30157	P003_WB10_00022

DiscRep_SUB:FEATURE_LOCATION_CONFLICT::Coding region xref gene does not exist
P003_WB10/P003_WB10:CDS	NADH-plastoquinone oxidoreductase subunit K	k141_69206:30200-30874	P003_WB10_00023

DiscRep_SUB:FEATURE_LOCATION_CONFLICT::Coding region xref gene does not exist
P003_WB10/P003_WB10:CDS	NADH-plastoquinone oxidoreductase subunit J	k141_69206:31018-31494	P003_WB10_00024

DiscRep_SUB:FEATURE_LOCATION_CONFLICT::Coding region xref gene does not exist
P003_WB10/P003_WB10:CDS	ribosomal protein S4	k141_69206:34327-34944	P003_WB10_00027

DiscRep_SUB:FEATURE_LOCATION_CONFLICT::Coding region xref gene does not exist
P003_WB10/P003_WB10:CDS	putative chloroplast RF34	k141_69206:35493-35627	P003_WB10_00029

DiscRep_SUB:FEATURE_LOCATION_CONFLICT::Coding region xref gene does not exist
P003_WB10/P003_WB10:CDS	putative chloroplast RF34	k141_69206:36338-36586	P003_WB10_00030

DiscRep_SUB:FEATURE_LOCATION_CONFLICT::Coding region xref gene does not exist
P003_WB10/P003_WB10:CDS	Photosystem I assembly protein Ycf3	k141_69206:37292-37504	P003_WB10_00031

DiscRep_SUB:FEATURE_LOCATION_CONFLICT::Coding region xref gene does not exist
P003_WB10/P003_WB10:CDS	photosystem I P700 apoprotein A1	k141_69206:38386-40659	P003_WB10_00032

DiscRep_SUB:FEATURE_LOCATION_CONFLICT::Coding region xref gene does not exist
P003_WB10/P003_WB10:CDS	photosystem I P700 apoprotein A2	k141_69206:40685-42889	P003_WB10_00033

DiscRep_SUB:FEATURE_LOCATION_CONFLICT::Coding region xref gene does not exist
P003_WB10/P003_WB10:CDS	ribosomal protein S14	k141_69206:43013-43315	P003_WB10_00034

DiscRep_SUB:FEATURE_LOCATION_CONFLICT::Coding region xref gene does not exist
P003_WB10/P003_WB10:CDS	photosystem II protein Z	k141_69206:c44654-44466	P003_WB10_00037

DiscRep_SUB:FEATURE_LOCATION_CONFLICT::Coding region xref gene does not exist
P003_WB10/P003_WB10:CDS	photosystem II CP43 chlorophyll apoprotein	k141_69206:c46653-45268	P003_WB10_00039

DiscRep_SUB:FEATURE_LOCATION_CONFLICT::Coding region xref gene does not exist
P003_WB10/P003_WB10:CDS	photosystem II protein D2	k141_69206:c47698-46637	P003_WB10_00040

DiscRep_SUB:FEATURE_LOCATION_CONFLICT::Coding region xref gene does not exist
P003_WB10/P003_WB10:CDS	cytochrome b6/f complex subunit VII	k141_69206:c51026-50937	P003_WB10_00045

DiscRep_SUB:FEATURE_LOCATION_CONFLICT::Coding region xref gene does not exist
P003_WB10/P003_WB10:CDS	hypothetical protein	k141_69206:51718-51894	P003_WB10_00046

DiscRep_SUB:FEATURE_LOCATION_CONFLICT::Coding region xref gene does not exist
P003_WB10/P003_WB10:CDS	RNA polymerase beta subunit	k141_69206:53319-56522	P003_WB10_00048

DiscRep_SUB:FEATURE_LOCATION_CONFLICT::Coding region xref gene does not exist
P003_WB10/P003_WB10:CDS	RNA polymerase beta' subunit	k141_69206:56553-56990	P003_WB10_00049

DiscRep_SUB:FEATURE_LOCATION_CONFLICT::Coding region xref gene does not exist
P003_WB10/P003_WB10:CDS	RNA polymerase beta' subunit	k141_69206:57931-59379	P003_WB10_00050

DiscRep_SUB:FEATURE_LOCATION_CONFLICT::Coding region xref gene does not exist
P003_WB10/P003_WB10:CDS	DNA-directed RNA polymerase subunit beta'	k141_69206:59554-63939	P003_WB10_00051

DiscRep_SUB:FEATURE_LOCATION_CONFLICT::Coding region xref gene does not exist
P003_WB10/P003_WB10:CDS	ribosomal protein S2	k141_69206:64244-64954	P003_WB10_00052

DiscRep_SUB:FEATURE_LOCATION_CONFLICT::Coding region xref gene does not exist
P003_WB10/P003_WB10:CDS	ATP synthase CF0 subunit IV	k141_69206:65178-65921	P003_WB10_00053

DiscRep_SUB:FEATURE_LOCATION_CONFLICT::Coding region xref gene does not exist
P003_WB10/P003_WB10:CDS	ATP synthase CF0 subunit III	k141_69206:66861-67106	P003_WB10_00054

DiscRep_SUB:FEATURE_LOCATION_CONFLICT::Coding region xref gene does not exist
P003_WB10/P003_WB10:CDS	ATP synthase CF0 subunit I	k141_69206:67439-67645	P003_WB10_00055

DiscRep_SUB:FEATURE_LOCATION_CONFLICT::Coding region xref gene does not exist
P003_WB10/P003_WB10:CDS	hypothetical protein	k141_69206:c68121-67996	P003_WB10_00056

DiscRep_SUB:FEATURE_LOCATION_CONFLICT::Coding region xref gene does not exist
P003_WB10/P003_WB10:CDS	ATP synthase CF0 subunit I	k141_69206:68346-68720	P003_WB10_00057

DiscRep_SUB:FEATURE_LOCATION_CONFLICT::Coding region xref gene does not exist
P003_WB10/P003_WB10:CDS	ATP synthase CF1 alpha subunit	k141_69206:68891-70435	P003_WB10_00058

DiscRep_SUB:FEATURE_LOCATION_CONFLICT::Coding region xref gene does not exist
P003_WB10/P003_WB10:CDS	hypothetical protein	k141_69206:71574-71690	P003_WB10_00060

DiscRep_SUB:FEATURE_LOCATION_CONFLICT::Coding region xref gene does not exist
P003_WB10/P003_WB10:CDS	Photosystem II reaction center protein I	k141_69206:c72322-72212	P003_WB10_00062

DiscRep_SUB:FEATURE_LOCATION_CONFLICT::Coding region xref gene does not exist
P003_WB10/P003_WB10:CDS	Photosystem II reaction center protein K	k141_69206:c72975-72646	P003_WB10_00063

DiscRep_SUB:FEATURE_LOCATION_CONFLICT::Coding region xref gene does not exist
P003_WB10/P003_WB10:CDS	hypothetical protein	k141_69206:74009-74533	P003_WB10_00065

DiscRep_SUB:FEATURE_LOCATION_CONFLICT::Coding region xref gene does not exist
P003_WB10/P003_WB10:CDS	Acetyl-coenzyme A carboxylase carboxyl transferase subunit beta, chloroplastic	k141_69206:74530-75888	P003_WB10_00066

DiscRep_SUB:FEATURE_LOCATION_CONFLICT::Coding region xref gene does not exist
P003_WB10/P003_WB10:CDS	hypothetical protein	k141_69206:c76471-76322	P003_WB10_00067

DiscRep_SUB:FEATURE_LOCATION_CONFLICT::Coding region xref gene does not exist
P003_WB10/P003_WB10:CDS	photosystem I assembly protein Ycf4	k141_69206:76731-77297	P003_WB10_00068

DiscRep_SUB:FEATURE_LOCATION_CONFLICT::Coding region xref gene does not exist
P003_WB10/P003_WB10:CDS	envelope membrane protein	k141_69206:77631-78320	P003_WB10_00069

DiscRep_SUB:FEATURE_LOCATION_CONFLICT::Coding region xref gene does not exist
P003_WB10/P003_WB10:CDS	cytochrome f	k141_69206:78525-79487	P003_WB10_00070

DiscRep_SUB:FEATURE_LOCATION_CONFLICT::Coding region xref gene does not exist
P003_WB10/P003_WB10:CDS	hypothetical protein	k141_69206:c80259-80041	P003_WB10_00071

DiscRep_SUB:FEATURE_LOCATION_CONFLICT::Coding region xref gene does not exist
P003_WB10/P003_WB10:CDS	ribosomal protein L20	k141_69206:80921-81319	P003_WB10_00072

DiscRep_SUB:FEATURE_LOCATION_CONFLICT::Coding region xref gene does not exist
P003_WB10/P003_WB10:CDS	ribosomal protein S18	k141_69206:c81896-81564	P003_WB10_00073

DiscRep_SUB:FEATURE_LOCATION_CONFLICT::Coding region xref gene does not exist
P003_WB10/P003_WB10:CDS	hypothetical protein	k141_69206:82018-82299	P003_WB10_00074

DiscRep_SUB:FEATURE_LOCATION_CONFLICT::Coding region xref gene does not exist
P003_WB10/P003_WB10:CDS	hypothetical protein	k141_69206:c82482-82177	P003_WB10_00075

DiscRep_SUB:FEATURE_LOCATION_CONFLICT::Coding region xref gene does not exist
P003_WB10/P003_WB10:CDS	photosystem II cytochrome b559 alpha subunit	k141_69206:85455-85706	P003_WB10_00078

DiscRep_SUB:FEATURE_LOCATION_CONFLICT::Coding region xref gene does not exist
P003_WB10/P003_WB10:CDS	photosystem II cytochrome b559 beta subunit	k141_69206:85716-85835	P003_WB10_00079

DiscRep_SUB:FEATURE_LOCATION_CONFLICT::Coding region xref gene does not exist
P003_WB10/P003_WB10:CDS	hypothetical protein	k141_69206:c86347-86117	P003_WB10_00080

DiscRep_SUB:FEATURE_LOCATION_CONFLICT::Coding region xref gene does not exist
P003_WB10/P003_WB10:CDS	ATP-dependent Clp protease proteolytic subunit	k141_69206:c87050-86451	P003_WB10_00081

DiscRep_SUB:FEATURE_LOCATION_CONFLICT::Coding region xref gene does not exist
P003_WB10/P003_WB10:CDS	photosystem II CP47 chlorophyll apoprotein	k141_69206:87532-89058	P003_WB10_00082

DiscRep_SUB:FEATURE_LOCATION_CONFLICT::Coding region xref gene does not exist
P003_WB10/P003_WB10:CDS	photosystem II phosphoprotein	k141_69206:89610-89831	P003_WB10_00083

DiscRep_SUB:FEATURE_LOCATION_CONFLICT::Coding region xref gene does not exist
P003_WB10/P003_WB10:CDS	cytochrome b6	k141_69206:90715-91410	P003_WB10_00084

DiscRep_SUB:FEATURE_LOCATION_CONFLICT::Coding region xref gene does not exist
P003_WB10/P003_WB10:CDS	cytochrome b6/f complex subunit IV	k141_69206:92273-92797	P003_WB10_00085

DiscRep_SUB:FEATURE_LOCATION_CONFLICT::Coding region xref gene does not exist
P003_WB10/P003_WB10:CDS	RNA polymerase alpha subunit	k141_69206:c93994-92996	P003_WB10_00086

DiscRep_SUB:FEATURE_LOCATION_CONFLICT::Coding region xref gene does not exist
P003_WB10/P003_WB10:CDS	ribosomal protein S11	k141_69206:c94491-94075	P003_WB10_00087

DiscRep_SUB:FEATURE_LOCATION_CONFLICT::Coding region xref gene does not exist
P003_WB10/P003_WB10:CDS	ribosomal protein S8	k141_69206:c95398-94994	P003_WB10_00088

DiscRep_SUB:FEATURE_LOCATION_CONFLICT::Coding region xref gene does not exist
P003_WB10/P003_WB10:CDS	ribosomal protein L14	k141_69206:c96254-95886	P003_WB10_00089

DiscRep_SUB:FEATURE_LOCATION_CONFLICT::Coding region xref gene does not exist
P003_WB10/P003_WB10:CDS	ribosomal protein L16	k141_69206:c96730-96371	P003_WB10_00090

DiscRep_SUB:FEATURE_LOCATION_CONFLICT::Coding region xref gene does not exist
P003_WB10/P003_WB10:CDS	ribosomal protein S3	k141_69206:c98631-97993	P003_WB10_00091

DiscRep_SUB:FEATURE_LOCATION_CONFLICT::Coding region xref gene does not exist
P003_WB10/P003_WB10:CDS	ribosomal protein S19	k141_69206:c99095-98817	P003_WB10_00092

DiscRep_SUB:FEATURE_LOCATION_CONFLICT::Coding region xref gene does not exist
P003_WB10/P003_WB10:CDS	ribosomal protein L2	k141_69206:c99739-99242	P003_WB10_00093

DiscRep_SUB:FEATURE_LOCATION_CONFLICT::Coding region xref gene does not exist
P003_WB10/P003_WB10:CDS	ribosomal protein L2	k141_69206:c100755-100357	P003_WB10_00094

DiscRep_SUB:FEATURE_LOCATION_CONFLICT::Coding region xref gene does not exist
P003_WB10/P003_WB10:CDS	hypothetical protein	k141_69206:c101120-100773	P003_WB10_00095

DiscRep_SUB:FEATURE_LOCATION_CONFLICT::Coding region xref gene does not exist
P003_WB10/P003_WB10:CDS	hypothetical protein	k141_69206:101876-107641	P003_WB10_00097

DiscRep_SUB:FEATURE_LOCATION_CONFLICT::Coding region xref gene does not exist
P003_WB10/P003_WB10:CDS	hypothetical protein	k141_69206:113230-113490	P003_WB10_00101

DiscRep_SUB:FEATURE_LOCATION_CONFLICT::Coding region xref gene does not exist
P003_WB10/P003_WB10:CDS	hypothetical protein	k141_69206:c114404-114024	P003_WB10_00102

DiscRep_SUB:FEATURE_LOCATION_CONFLICT::Coding region xref gene does not exist
P003_WB10/P003_WB10:CDS	hypothetical protein	k141_69206:116839-116988	P003_WB10_00105

DiscRep_SUB:FEATURE_LOCATION_CONFLICT::Coding region xref gene does not exist
P003_WB10/P003_WB10:CDS	hypothetical protein	k141_69206:c118161-117934	P003_WB10_00106

DiscRep_SUB:FEATURE_LOCATION_CONFLICT::Coding region xref gene does not exist
P003_WB10/P003_WB10:CDS	ribosomal protein S7	k141_69206:118649-119122	P003_WB10_00107

DiscRep_SUB:FEATURE_LOCATION_CONFLICT::Coding region xref gene does not exist
P003_WB10/P003_WB10:CDS	NADH-plastoquinone oxidoreductase subunit 2	k141_69206:119390-120253	P003_WB10_00108

DiscRep_SUB:FEATURE_LOCATION_CONFLICT::Coding region xref gene does not exist
P003_WB10/P003_WB10:CDS	NADH-plastoquinone oxidoreductase subunit 2	k141_69206:120766-121554	P003_WB10_00109

DiscRep_SUB:FEATURE_LOCATION_CONFLICT::RNA feature xref gene does not exist
P003_WB10/P003_WB10:tRNA	Leu	k141_69206:c15854-15775	P003_WB10_00012

DiscRep_SUB:FEATURE_LOCATION_CONFLICT::RNA feature xref gene does not exist
P003_WB10/P003_WB10:tRNA	His	k141_69206:c19281-19207	P003_WB10_00014

DiscRep_SUB:FEATURE_LOCATION_CONFLICT::RNA feature xref gene does not exist
P003_WB10/P003_WB10:tRNA	Met	k141_69206:c28703-28631	P003_WB10_00020

DiscRep_SUB:FEATURE_LOCATION_CONFLICT::RNA feature xref gene does not exist
P003_WB10/P003_WB10:tRNA	Phe	k141_69206:c32276-32204	P003_WB10_00025

DiscRep_SUB:FEATURE_LOCATION_CONFLICT::RNA feature xref gene does not exist
P003_WB10/P003_WB10:tRNA	Thr	k141_69206:33955-34029	P003_WB10_00026

DiscRep_SUB:FEATURE_LOCATION_CONFLICT::RNA feature xref gene does not exist
P003_WB10/P003_WB10:tRNA	Ser	k141_69206:c35235-35147	P003_WB10_00028

DiscRep_SUB:FEATURE_LOCATION_CONFLICT::RNA feature xref gene does not exist
P003_WB10/P003_WB10:tRNA	Met	k141_69206:43476-43551	P003_WB10_00035

DiscRep_SUB:FEATURE_LOCATION_CONFLICT::RNA feature xref gene does not exist
P003_WB10/P003_WB10:tRNA	Gly	k141_69206:c43754-43682	P003_WB10_00036

DiscRep_SUB:FEATURE_LOCATION_CONFLICT::RNA feature xref gene does not exist
P003_WB10/P003_WB10:tRNA	Ser	k141_69206:44996-45084	P003_WB10_00038

DiscRep_SUB:FEATURE_LOCATION_CONFLICT::RNA feature xref gene does not exist
P003_WB10/P003_WB10:tRNA	Thr	k141_69206:c48794-48719	P003_WB10_00041

DiscRep_SUB:FEATURE_LOCATION_CONFLICT::RNA feature xref gene does not exist
P003_WB10/P003_WB10:tRNA	Glu	k141_69206:49244-49318	P003_WB10_00042

DiscRep_SUB:FEATURE_LOCATION_CONFLICT::RNA feature xref gene does not exist
P003_WB10/P003_WB10:tRNA	Tyr	k141_69206:49398-49483	P003_WB10_00043

DiscRep_SUB:FEATURE_LOCATION_CONFLICT::RNA feature xref gene does not exist
P003_WB10/P003_WB10:tRNA	Asp	k141_69206:49903-49978	P003_WB10_00044

DiscRep_SUB:FEATURE_LOCATION_CONFLICT::RNA feature xref gene does not exist
P003_WB10/P003_WB10:tRNA	Cys	k141_69206:c52079-52009	P003_WB10_00047

DiscRep_SUB:FEATURE_LOCATION_CONFLICT::RNA feature xref gene does not exist
P003_WB10/P003_WB10:tRNA	Arg	k141_69206:c70589-70518	P003_WB10_00059

DiscRep_SUB:FEATURE_LOCATION_CONFLICT::RNA feature xref gene does not exist
P003_WB10/P003_WB10:tRNA	Ser	k141_69206:71945-72031	P003_WB10_00061

DiscRep_SUB:FEATURE_LOCATION_CONFLICT::RNA feature xref gene does not exist
P003_WB10/P003_WB10:tRNA	Gln	k141_69206:73455-73528	P003_WB10_00064

DiscRep_SUB:FEATURE_LOCATION_CONFLICT::RNA feature xref gene does not exist
P003_WB10/P003_WB10:tRNA	Pro	k141_69206:83449-83522	P003_WB10_00076

DiscRep_SUB:FEATURE_LOCATION_CONFLICT::RNA feature xref gene does not exist
P003_WB10/P003_WB10:tRNA	Trp	k141_69206:83704-83777	P003_WB10_00077

DiscRep_SUB:FEATURE_LOCATION_CONFLICT::RNA feature xref gene does not exist
P003_WB10/P003_WB10:tRNA	Met	k141_69206:c101565-101491	P003_WB10_00096

DiscRep_SUB:FEATURE_LOCATION_CONFLICT::RNA feature xref gene does not exist
P003_WB10/P003_WB10:tRNA	Leu	k141_69206:c108272-108190	P003_WB10_00098

DiscRep_SUB:FEATURE_LOCATION_CONFLICT::RNA feature xref gene does not exist
P003_WB10/P003_WB10:tRNA	Arg	k141_69206:c108742-108668	P003_WB10_00099

DiscRep_SUB:FEATURE_LOCATION_CONFLICT::RNA feature xref gene does not exist
P003_WB10/P003_WB10:rRNA	23S ribosomal RNA	k141_69206:c112332-109325	P003_WB10_00100

DiscRep_SUB:FEATURE_LOCATION_CONFLICT::RNA feature xref gene does not exist
P003_WB10/P003_WB10:rRNA	16S ribosomal RNA	k141_69206:c116191-114703	P003_WB10_00103

DiscRep_SUB:FEATURE_LOCATION_CONFLICT::RNA feature xref gene does not exist
P003_WB10/P003_WB10:tRNA	Val	k141_69206:c116490-116419	P003_WB10_00104

DiscRep_SUB:FEATURE_LOCATION_CONFLICT::RNA feature xref gene does not exist
P003_WB10/P003_WB10:tRNA	Asn	k141_69206:c122413-122340	P003_WB10_00110

DiscRep_SUB:FEATURE_LOCATION_CONFLICT::Coding region xref gene does not exist
P003_WB10/P003_WB10:CDS	hypothetical protein	k141_70839:c244-62	P003_WB10_00111

DiscRep_SUB:FEATURE_LOCATION_CONFLICT::RNA feature xref gene does not exist
P003_WB10/P003_WB10:tRNA	Met	k141_20212:c440-367	P003_WB10_00112

DiscRep_SUB:FEATURE_LOCATION_CONFLICT::RNA feature xref gene does not exist
P003_WB10/P003_WB10:rRNA	23S ribosomal RNA (partial)	k141_20212:c3261-840	P003_WB10_00113

DiscRep_ALL:SUSPECT_PRODUCT_NAMES::2 product_names contain suspect phrase or characters
DiscRep_SUB:SUSPECT_PRODUCT_NAMES::May contain database identifier more appropriate in note; remove from product name
DiscRep_SUB:SUSPECT_PRODUCT_NAMES::2 features contains three or more numbers together that may be identifiers more appropriate in note
P003_WB10/P003_WB10:CDS	photosystem I P700 apoprotein A1	k141_69206:38386-40659	P003_WB10_00032
P003_WB10/P003_WB10:CDS	photosystem I P700 apoprotein A2	k141_69206:40685-42889	P003_WB10_00033

DiscRep_ALL:DISC_QUALITY_SCORES::Quality scores are missing on all sequences.

FATAL: DiscRep_ALL:DISC_SUSPECT_RRNA_PRODUCTS::1 rRNA product names contain suspect phrase
FATAL: DiscRep_SUB:DISC_SUSPECT_RRNA_PRODUCTS::1 rRNA product names contains 'partial'
P003_WB10/P003_WB10:rRNA	23S ribosomal RNA (partial)	k141_20212:c3261-840	P003_WB10_00113

DiscRep_ALL:ONCALLER_COMMENT_PRESENT::3 comment descriptors were found (all same)
P003_WB10/P003_WB10:k141_69206:Annotated using prokka 1.14.5 from https://github.com/tseemann/prokka
P003_WB10/P003_WB10:k141_70839:Annotated using prokka 1.14.5 from https://github.com/tseemann/prokka
P003_WB10/P003_WB10:k141_20212:Annotated using prokka 1.14.5 from https://github.com/tseemann/prokka

DiscRep_ALL:SHORT_PROT_SEQUENCES::8 protein sequences are shorter than 50 aa.
P003_WB10/P003_WB10:k141_69206_23 (length 44)
P003_WB10/P003_WB10:k141_69206_32 (length 29)
P003_WB10/P003_WB10:k141_69206_42 (length 41)
P003_WB10/P003_WB10:k141_69206_45 (length 38)
P003_WB10/P003_WB10:k141_69206_46 (length 36)
P003_WB10/P003_WB10:k141_69206_50 (length 49)
P003_WB10/P003_WB10:k141_69206_60 (length 39)
P003_WB10/P003_WB10:k141_69206_80 (length 49)

DiscRep_ALL:MISSING_GENOMEASSEMBLY_COMMENTS::3 bioseqs are missing GenomeAssembly structured comments
P003_WB10/P003_WB10:k141_69206 (length 123061)
P003_WB10/P003_WB10:k141_70839 (length 1189)
P003_WB10/P003_WB10:k141_20212 (length 3274)

DiscRep_ALL:MOLTYPE_NOT_MRNA::3 molecule types are not set as mRNA.
P003_WB10/P003_WB10:k141_69206 (length 123061)
P003_WB10/P003_WB10:k141_70839 (length 1189)
P003_WB10/P003_WB10:k141_20212 (length 3274)

DiscRep_ALL:TECHNIQUE_NOT_TSA::3 technique are not set as TSA
P003_WB10/P003_WB10:k141_69206 (length 123061)
P003_WB10/P003_WB10:k141_70839 (length 1189)
P003_WB10/P003_WB10:k141_20212 (length 3274)

DiscRep_ALL:MISSING_STRUCTURED_COMMENT::3 sequences do not include structured comments.
P003_WB10/P003_WB10:k141_69206 (length 123061)
P003_WB10/P003_WB10:k141_70839 (length 1189)
P003_WB10/P003_WB10:k141_20212 (length 3274)

DiscRep_ALL:MISSING_PROJECT::88 sequences do not include project.
P003_WB10/P003_WB10:k141_69206 (length 123061)
P003_WB10/P003_WB10:k141_69206_1 (length 1917)
P003_WB10/P003_WB10:k141_69206_2 (length 90)
P003_WB10/P003_WB10:k141_69206_3 (length 393)
P003_WB10/P003_WB10:k141_69206_4 (length 188)
P003_WB10/P003_WB10:k141_69206_5 (length 151)
P003_WB10/P003_WB10:k141_69206_6 (length 170)
P003_WB10/P003_WB10:k141_69206_7 (length 190)
P003_WB10/P003_WB10:k141_69206_8 (length 101)
P003_WB10/P003_WB10:k141_69206_9 (length 81)
P003_WB10/P003_WB10:k141_69206_10 (length 504)
P003_WB10/P003_WB10:k141_69206_11 (length 323)
P003_WB10/P003_WB10:k141_69206_12 (length 744)
P003_WB10/P003_WB10:k141_69206_13 (length 353)
P003_WB10/P003_WB10:k141_69206_14 (length 503)
P003_WB10/P003_WB10:k141_69206_15 (length 475)
P003_WB10/P003_WB10:k141_69206_16 (length 518)
P003_WB10/P003_WB10:k141_69206_17 (length 133)
P003_WB10/P003_WB10:k141_69206_18 (length 75)
P003_WB10/P003_WB10:k141_69206_19 (length 120)
P003_WB10/P003_WB10:k141_69206_20 (length 224)
P003_WB10/P003_WB10:k141_69206_21 (length 158)
P003_WB10/P003_WB10:k141_69206_22 (length 205)
P003_WB10/P003_WB10:k141_69206_23 (length 44)
P003_WB10/P003_WB10:k141_69206_24 (length 82)
P003_WB10/P003_WB10:k141_69206_25 (length 70)
P003_WB10/P003_WB10:k141_69206_26 (length 757)
P003_WB10/P003_WB10:k141_69206_27 (length 734)
P003_WB10/P003_WB10:k141_69206_28 (length 100)
P003_WB10/P003_WB10:k141_69206_29 (length 62)
P003_WB10/P003_WB10:k141_69206_30 (length 461)
P003_WB10/P003_WB10:k141_69206_31 (length 353)
P003_WB10/P003_WB10:k141_69206_32 (length 29)
P003_WB10/P003_WB10:k141_69206_33 (length 58)
P003_WB10/P003_WB10:k141_69206_34 (length 1067)
P003_WB10/P003_WB10:k141_69206_35 (length 145)
P003_WB10/P003_WB10:k141_69206_36 (length 482)
P003_WB10/P003_WB10:k141_69206_37 (length 1461)
P003_WB10/P003_WB10:k141_69206_38 (length 236)
P003_WB10/P003_WB10:k141_69206_39 (length 247)
P003_WB10/P003_WB10:k141_69206_40 (length 81)
P003_WB10/P003_WB10:k141_69206_41 (length 68)
P003_WB10/P003_WB10:k141_69206_42 (length 41)
P003_WB10/P003_WB10:k141_69206_43 (length 124)
P003_WB10/P003_WB10:k141_69206_44 (length 514)
P003_WB10/P003_WB10:k141_69206_45 (length 38)
P003_WB10/P003_WB10:k141_69206_46 (length 36)
P003_WB10/P003_WB10:k141_69206_47 (length 109)
P003_WB10/P003_WB10:k141_69206_48 (length 174)
P003_WB10/P003_WB10:k141_69206_49 (length 452)
P003_WB10/P003_WB10:k141_69206_50 (length 49)
P003_WB10/P003_WB10:k141_69206_51 (length 188)
P003_WB10/P003_WB10:k141_69206_52 (length 229)
P003_WB10/P003_WB10:k141_69206_53 (length 320)
P003_WB10/P003_WB10:k141_69206_54 (length 72)
P003_WB10/P003_WB10:k141_69206_55 (length 132)
P003_WB10/P003_WB10:k141_69206_56 (length 110)
P003_WB10/P003_WB10:k141_69206_57 (length 93)
P003_WB10/P003_WB10:k141_69206_58 (length 101)
P003_WB10/P003_WB10:k141_69206_59 (length 83)
P003_WB10/P003_WB10:k141_69206_60 (length 39)
P003_WB10/P003_WB10:k141_69206_61 (length 76)
P003_WB10/P003_WB10:k141_69206_62 (length 199)
P003_WB10/P003_WB10:k141_69206_63 (length 508)
P003_WB10/P003_WB10:k141_69206_64 (length 73)
P003_WB10/P003_WB10:k141_69206_65 (length 231)
P003_WB10/P003_WB10:k141_69206_66 (length 174)
P003_WB10/P003_WB10:k141_69206_67 (length 332)
P003_WB10/P003_WB10:k141_69206_68 (length 138)
P003_WB10/P003_WB10:k141_69206_69 (length 134)
P003_WB10/P003_WB10:k141_69206_70 (length 122)
P003_WB10/P003_WB10:k141_69206_71 (length 119)
P003_WB10/P003_WB10:k141_69206_72 (length 212)
P003_WB10/P003_WB10:k141_69206_73 (length 92)
P003_WB10/P003_WB10:k141_69206_74 (length 165)
P003_WB10/P003_WB10:k141_69206_75 (length 132)
P003_WB10/P003_WB10:k141_69206_76 (length 115)
P003_WB10/P003_WB10:k141_69206_77 (length 1921)
P003_WB10/P003_WB10:k141_69206_78 (length 86)
P003_WB10/P003_WB10:k141_69206_79 (length 126)
P003_WB10/P003_WB10:k141_69206_80 (length 49)
P003_WB10/P003_WB10:k141_69206_81 (length 75)
P003_WB10/P003_WB10:k141_69206_82 (length 157)
P003_WB10/P003_WB10:k141_69206_83 (length 287)
P003_WB10/P003_WB10:k141_69206_84 (length 262)
P003_WB10/P003_WB10:k141_70839 (length 1189)
P003_WB10/P003_WB10:k141_70839_1 (length 60)
P003_WB10/P003_WB10:k141_20212 (length 3274)

FATAL: DiscRep_ALL:RRNA_NAME_CONFLICTS::1 rRNA product names are not standard. Correct the names to the standard format, eg "16S ribosomal RNA"
P003_WB10/P003_WB10:rRNA	23S ribosomal RNA (partial)	k141_20212:c3261-840	P003_WB10_00113

DiscRep_ALL:DISC_INCONSISTENT_MOLINFO_TECH::Molinfo Technique Report (some missing, all same)
DiscRep_SUB:DISC_INCONSISTENT_MOLINFO_TECH::technique (all missing)
DiscRep_SUB:DISC_INCONSISTENT_MOLINFO_TECH::3 Molinfos are missing field technique
P003_WB10/P003_WB10:k141_20212 (length 3274)
P003_WB10/P003_WB10:k141_69206 (length 123061)
P003_WB10/P003_WB10:k141_70839 (length 1189)

