Discrepancy Report Results

Summary
FATAL: MISSING_PROTEIN_ID:94 proteins have invalid IDs.
DISC_SOURCE_QUALS_ASNDISC:strain (all present, all same)
DISC_SOURCE_QUALS_ASNDISC:taxname (all present, all same)
DISC_FEATURE_COUNT:CDS: 94 present
DISC_FEATURE_COUNT:tRNA: 24 present
DISC_FEATURE_COUNT:rRNA: 2 present
DISC_COUNT_NUCLEOTIDES:5 nucleotide Bioseqs are present
FEATURE_LOCATION_CONFLICT:120 features have inconsistent gene locations.
SUSPECT_PRODUCT_NAMES:2 product_names contain suspect phrase or characters
	May contain database identifier more appropriate in note; remove from product name
		2 features contains three or more numbers together that may be identifiers more appropriate in note
DISC_QUALITY_SCORES:Quality scores are missing on all sequences.
ONCALLER_COMMENT_PRESENT:5 comment descriptors were found (all same)
SHORT_PROT_SEQUENCES:8 protein sequences are shorter than 50 aa.
MISSING_GENOMEASSEMBLY_COMMENTS:5 bioseqs are missing GenomeAssembly structured comments
MOLTYPE_NOT_MRNA:5 molecule types are not set as mRNA.
TECHNIQUE_NOT_TSA:5 technique are not set as TSA
MISSING_STRUCTURED_COMMENT:5 sequences do not include structured comments.
MISSING_PROJECT:99 sequences do not include project.
DISC_INCONSISTENT_MOLINFO_TECH:Molinfo Technique Report (some missing, all same)


Detailed Report

FATAL: DiscRep_ALL:MISSING_PROTEIN_ID::94 proteins have invalid IDs.
P001_WD05/P001_WD05:k141_12250_1 (length 54)
P001_WD05/P001_WD05:k141_12250_2 (length 218)
P001_WD05/P001_WD05:k141_12250_3 (length 230)
P001_WD05/P001_WD05:k141_12250_4 (length 320)
P001_WD05/P001_WD05:k141_12250_5 (length 90)
P001_WD05/P001_WD05:k141_12250_6 (length 40)
P001_WD05/P001_WD05:k141_12250_7 (length 39)
P001_WD05/P001_WD05:k141_12250_8 (length 83)
P001_WD05/P001_WD05:k141_12250_9 (length 42)
P001_WD05/P001_WD05:k141_12250_10 (length 170)
P001_WD05/P001_WD05:k141_12250_11 (length 119)
P001_WD05/P001_WD05:k141_12250_12 (length 66)
P001_WD05/P001_WD05:k141_12250_13 (length 216)
P001_WD05/P001_WD05:k141_12250_14 (length 70)
P001_WD05/P001_WD05:k141_12250_15 (length 508)
P001_WD05/P001_WD05:k141_12250_16 (length 118)
P001_WD05/P001_WD05:k141_12250_17 (length 232)
P001_WD05/P001_WD05:k141_12250_18 (length 174)
P001_WD05/P001_WD05:k141_12250_19 (length 341)
P001_WD05/P001_WD05:k141_12250_20 (length 143)
P001_WD05/P001_WD05:k141_12250_21 (length 107)
P001_WD05/P001_WD05:k141_12250_22 (length 136)
P001_WD05/P001_WD05:k141_12250_23 (length 123)
P001_WD05/P001_WD05:k141_12250_24 (length 120)
P001_WD05/P001_WD05:k141_12250_25 (length 239)
P001_WD05/P001_WD05:k141_12250_26 (length 147)
P001_WD05/P001_WD05:k141_25471_1 (length 49)
P001_WD05/P001_WD05:k141_25471_2 (length 739)
P001_WD05/P001_WD05:k141_25471_3 (length 321)
P001_WD05/P001_WD05:k141_25471_4 (length 500)
P001_WD05/P001_WD05:k141_25471_5 (length 81)
P001_WD05/P001_WD05:k141_25471_6 (length 101)
P001_WD05/P001_WD05:k141_25471_7 (length 176)
P001_WD05/P001_WD05:k141_25471_8 (length 180)
P001_WD05/P001_WD05:k141_25471_9 (length 141)
P001_WD05/P001_WD05:k141_25471_10 (length 187)
P001_WD05/P001_WD05:k141_25471_11 (length 379)
P001_WD05/P001_WD05:k141_33186_1 (length 282)
P001_WD05/P001_WD05:k141_33186_2 (length 159)
P001_WD05/P001_WD05:k141_33186_3 (length 214)
P001_WD05/P001_WD05:k141_33186_4 (length 204)
P001_WD05/P001_WD05:k141_33186_5 (length 282)
P001_WD05/P001_WD05:k141_33186_6 (length 61)
P001_WD05/P001_WD05:k141_33186_7 (length 156)
P001_WD05/P001_WD05:k141_33186_8 (length 52)
P001_WD05/P001_WD05:k141_33186_9 (length 119)
P001_WD05/P001_WD05:k141_33186_10 (length 62)
P001_WD05/P001_WD05:k141_33186_11 (length 143)
P001_WD05/P001_WD05:k141_33186_12 (length 74)
P001_WD05/P001_WD05:k141_33186_13 (length 78)
P001_WD05/P001_WD05:k141_33186_14 (length 109)
P001_WD05/P001_WD05:k141_33186_15 (length 71)
P001_WD05/P001_WD05:k141_33186_16 (length 58)
P001_WD05/P001_WD05:k141_33186_17 (length 81)
P001_WD05/P001_WD05:k141_14346_1 (length 353)
P001_WD05/P001_WD05:k141_14346_2 (length 511)
P001_WD05/P001_WD05:k141_14346_3 (length 64)
P001_WD05/P001_WD05:k141_14346_4 (length 353)
P001_WD05/P001_WD05:k141_14346_5 (length 461)
P001_WD05/P001_WD05:k141_14346_6 (length 62)
P001_WD05/P001_WD05:k141_14346_7 (length 29)
P001_WD05/P001_WD05:k141_14346_8 (length 1076)
P001_WD05/P001_WD05:k141_14346_9 (length 676)
P001_WD05/P001_WD05:k141_14346_10 (length 1488)
P001_WD05/P001_WD05:k141_14346_11 (length 236)
P001_WD05/P001_WD05:k141_14346_12 (length 286)
P001_WD05/P001_WD05:k141_14346_13 (length 71)
P001_WD05/P001_WD05:k141_14346_14 (length 81)
P001_WD05/P001_WD05:k141_14346_15 (length 70)
P001_WD05/P001_WD05:k141_14346_16 (length 56)
P001_WD05/P001_WD05:k141_14346_17 (length 74)
P001_WD05/P001_WD05:k141_14346_18 (length 123)
P001_WD05/P001_WD05:k141_14346_19 (length 507)
P001_WD05/P001_WD05:k141_14346_20 (length 58)
P001_WD05/P001_WD05:k141_14346_21 (length 734)
P001_WD05/P001_WD05:k141_14346_22 (length 750)
P001_WD05/P001_WD05:k141_14346_23 (length 82)
P001_WD05/P001_WD05:k141_14346_24 (length 82)
P001_WD05/P001_WD05:k141_14346_25 (length 44)
P001_WD05/P001_WD05:k141_14346_26 (length 52)
P001_WD05/P001_WD05:k141_14346_27 (length 201)
P001_WD05/P001_WD05:k141_14346_28 (length 54)
P001_WD05/P001_WD05:k141_14346_29 (length 95)
P001_WD05/P001_WD05:k141_14346_30 (length 162)
P001_WD05/P001_WD05:k141_14346_31 (length 245)
P001_WD05/P001_WD05:k141_14346_32 (length 120)
P001_WD05/P001_WD05:k141_14346_33 (length 32)
P001_WD05/P001_WD05:k141_14346_34 (length 41)
P001_WD05/P001_WD05:k141_14346_35 (length 137)
P001_WD05/P001_WD05:k141_14346_36 (length 523)
P001_WD05/P001_WD05:k141_14346_37 (length 477)
P001_WD05/P001_WD05:k141_11058_1 (length 112)
P001_WD05/P001_WD05:k141_11058_2 (length 165)
P001_WD05/P001_WD05:k141_11058_3 (length 93)

DiscRep_ALL:DISC_SOURCE_QUALS_ASNDISC::strain (all present, all same)
DiscRep_SUB:DISC_SOURCE_QUALS_ASNDISC::5 sources have 'strain' for strain
DiscRep_ALL:DISC_SOURCE_QUALS_ASNDISC::taxname (all present, all same)
DiscRep_SUB:DISC_SOURCE_QUALS_ASNDISC::5 sources have 'Genus species' for taxname
DiscRep_ALL:DISC_FEATURE_COUNT::CDS: 94 present
DiscRep_ALL:DISC_FEATURE_COUNT::tRNA: 24 present
DiscRep_ALL:DISC_FEATURE_COUNT::rRNA: 2 present
DiscRep_ALL:DISC_COUNT_NUCLEOTIDES::5 nucleotide Bioseqs are present
P001_WD05/P001_WD05:k141_12250 (length 24071)
P001_WD05/P001_WD05:k141_25471 (length 13113)
P001_WD05/P001_WD05:k141_33186 (length 19307)
P001_WD05/P001_WD05:k141_14346 (length 56197)
P001_WD05/P001_WD05:k141_11058 (length 2230)

DiscRep_ALL:FEATURE_LOCATION_CONFLICT::120 features have inconsistent gene locations.
DiscRep_SUB:FEATURE_LOCATION_CONFLICT::Coding region xref gene does not exist
P001_WD05/P001_WD05:CDS	hypothetical protein	k141_12250:578-742	P001_WD05_00001

DiscRep_SUB:FEATURE_LOCATION_CONFLICT::Coding region xref gene does not exist
P001_WD05/P001_WD05:CDS	photosystem I assembly protein Ycf4	k141_12250:1339-1995	P001_WD05_00002

DiscRep_SUB:FEATURE_LOCATION_CONFLICT::Coding region xref gene does not exist
P001_WD05/P001_WD05:CDS	envelope membrane protein	k141_12250:2456-3148	P001_WD05_00003

DiscRep_SUB:FEATURE_LOCATION_CONFLICT::Coding region xref gene does not exist
P001_WD05/P001_WD05:CDS	cytochrome f	k141_12250:3375-4337	P001_WD05_00004

DiscRep_SUB:FEATURE_LOCATION_CONFLICT::Coding region xref gene does not exist
P001_WD05/P001_WD05:CDS	hypothetical protein	k141_12250:c4857-4585	P001_WD05_00005

DiscRep_SUB:FEATURE_LOCATION_CONFLICT::Coding region xref gene does not exist
P001_WD05/P001_WD05:CDS	photosystem II protein J	k141_12250:c5318-5196	P001_WD05_00006

DiscRep_SUB:FEATURE_LOCATION_CONFLICT::Coding region xref gene does not exist
P001_WD05/P001_WD05:CDS	photosystem II cytochrome b559 beta subunit	k141_12250:c5702-5583	P001_WD05_00007

DiscRep_SUB:FEATURE_LOCATION_CONFLICT::Coding region xref gene does not exist
P001_WD05/P001_WD05:CDS	photosystem II cytochrome b559 alpha subunit	k141_12250:c5964-5713	P001_WD05_00008

DiscRep_SUB:FEATURE_LOCATION_CONFLICT::Coding region xref gene does not exist
P001_WD05/P001_WD05:CDS	photosystem I subunit IX	k141_12250:8388-8516	P001_WD05_00011

DiscRep_SUB:FEATURE_LOCATION_CONFLICT::Coding region xref gene does not exist
P001_WD05/P001_WD05:CDS	hypothetical protein	k141_12250:9211-9723	P001_WD05_00012

DiscRep_SUB:FEATURE_LOCATION_CONFLICT::Coding region xref gene does not exist
P001_WD05/P001_WD05:CDS	ribosomal protein L20	k141_12250:c10240-9881	P001_WD05_00013

DiscRep_SUB:FEATURE_LOCATION_CONFLICT::Coding region xref gene does not exist
P001_WD05/P001_WD05:CDS	hypothetical protein	k141_12250:c11119-10919	P001_WD05_00014

DiscRep_SUB:FEATURE_LOCATION_CONFLICT::Coding region xref gene does not exist
P001_WD05/P001_WD05:CDS	ATP-dependent Clp protease proteolytic subunit	k141_12250:c11852-11202	P001_WD05_00015

DiscRep_SUB:FEATURE_LOCATION_CONFLICT::Coding region xref gene does not exist
P001_WD05/P001_WD05:CDS	hypothetical protein	k141_12250:c12177-11965	P001_WD05_00016

DiscRep_SUB:FEATURE_LOCATION_CONFLICT::Coding region xref gene does not exist
P001_WD05/P001_WD05:CDS	photosystem II CP47 chlorophyll apoprotein	k141_12250:12395-13921	P001_WD05_00017

DiscRep_SUB:FEATURE_LOCATION_CONFLICT::Coding region xref gene does not exist
P001_WD05/P001_WD05:CDS	Photosystem II reaction center protein H	k141_12250:14350-14706	P001_WD05_00018

DiscRep_SUB:FEATURE_LOCATION_CONFLICT::Coding region xref gene does not exist
P001_WD05/P001_WD05:CDS	cytochrome b6	k141_12250:15560-16258	P001_WD05_00019

DiscRep_SUB:FEATURE_LOCATION_CONFLICT::Coding region xref gene does not exist
P001_WD05/P001_WD05:CDS	cytochrome b6/f complex subunit IV	k141_12250:17139-17663	P001_WD05_00020

DiscRep_SUB:FEATURE_LOCATION_CONFLICT::Coding region xref gene does not exist
P001_WD05/P001_WD05:CDS	DNA-directed RNA polymerase subunit alpha	k141_12250:c18902-17877	P001_WD05_00021

DiscRep_SUB:FEATURE_LOCATION_CONFLICT::Coding region xref gene does not exist
P001_WD05/P001_WD05:CDS	ribosomal protein S11	k141_12250:c19398-18967	P001_WD05_00022

DiscRep_SUB:FEATURE_LOCATION_CONFLICT::Coding region xref gene does not exist
P001_WD05/P001_WD05:CDS	translational initiation factor 1	k141_12250:c20117-19794	P001_WD05_00023

DiscRep_SUB:FEATURE_LOCATION_CONFLICT::Coding region xref gene does not exist
P001_WD05/P001_WD05:CDS	ribosomal protein S8	k141_12250:c20606-20196	P001_WD05_00024

DiscRep_SUB:FEATURE_LOCATION_CONFLICT::Coding region xref gene does not exist
P001_WD05/P001_WD05:CDS	ribosomal protein L14	k141_12250:c21129-20758	P001_WD05_00025

DiscRep_SUB:FEATURE_LOCATION_CONFLICT::Coding region xref gene does not exist
P001_WD05/P001_WD05:CDS	ribosomal protein L16	k141_12250:c21608-21246	P001_WD05_00026

DiscRep_SUB:FEATURE_LOCATION_CONFLICT::Coding region xref gene does not exist
P001_WD05/P001_WD05:CDS	ribosomal protein S3	k141_12250:c23373-22654	P001_WD05_00027

DiscRep_SUB:FEATURE_LOCATION_CONFLICT::Coding region xref gene does not exist
P001_WD05/P001_WD05:CDS	hypothetical protein	k141_12250:c23888-23445	P001_WD05_00028

DiscRep_SUB:FEATURE_LOCATION_CONFLICT::RNA feature xref gene does not exist
P001_WD05/P001_WD05:tRNA	Trp	k141_12250:c7832-7759	P001_WD05_00009

DiscRep_SUB:FEATURE_LOCATION_CONFLICT::RNA feature xref gene does not exist
P001_WD05/P001_WD05:tRNA	Pro	k141_12250:c8046-7971	P001_WD05_00010

DiscRep_SUB:FEATURE_LOCATION_CONFLICT::Coding region xref gene does not exist
P001_WD05/P001_WD05:CDS	NADH-plastoquinone oxidoreductase subunit 7	k141_25471:3-152	P001_WD05_00029

DiscRep_SUB:FEATURE_LOCATION_CONFLICT::Coding region xref gene does not exist
P001_WD05/P001_WD05:CDS	NADH-plastoquinone oxidoreductase subunit 5	k141_25471:c2446-227	P001_WD05_00030

DiscRep_SUB:FEATURE_LOCATION_CONFLICT::Coding region xref gene does not exist
P001_WD05/P001_WD05:CDS	cytochrome c heme attachment protein	k141_25471:4370-5335	P001_WD05_00032

DiscRep_SUB:FEATURE_LOCATION_CONFLICT::Coding region xref gene does not exist
P001_WD05/P001_WD05:CDS	NADH-plastoquinone oxidoreductase subunit 4	k141_25471:c7018-5516	P001_WD05_00033

DiscRep_SUB:FEATURE_LOCATION_CONFLICT::Coding region xref gene does not exist
P001_WD05/P001_WD05:CDS	photosystem I subunit VII	k141_25471:c7383-7138	P001_WD05_00034

DiscRep_SUB:FEATURE_LOCATION_CONFLICT::Coding region xref gene does not exist
P001_WD05/P001_WD05:CDS	NADH-plastoquinone oxidoreductase subunit 4L	k141_25471:c8192-7887	P001_WD05_00035

DiscRep_SUB:FEATURE_LOCATION_CONFLICT::Coding region xref gene does not exist
P001_WD05/P001_WD05:CDS	NADH-plastoquinone oxidoreductase subunit 6	k141_25471:c8936-8406	P001_WD05_00036

DiscRep_SUB:FEATURE_LOCATION_CONFLICT::Coding region xref gene does not exist
P001_WD05/P001_WD05:CDS	NADH-plastoquinone oxidoreductase subunit I	k141_25471:c9729-9187	P001_WD05_00037

DiscRep_SUB:FEATURE_LOCATION_CONFLICT::Coding region xref gene does not exist
P001_WD05/P001_WD05:CDS	NADH-plastoquinone oxidoreductase subunit 1	k141_25471:c10252-9827	P001_WD05_00038

DiscRep_SUB:FEATURE_LOCATION_CONFLICT::Coding region xref gene does not exist
P001_WD05/P001_WD05:CDS	NADH-plastoquinone oxidoreductase subunit 1	k141_25471:c11970-11407	P001_WD05_00039

DiscRep_SUB:FEATURE_LOCATION_CONFLICT::Coding region xref gene does not exist
P001_WD05/P001_WD05:CDS	NADH-plastoquinone oxidoreductase subunit 7	k141_25471:c13111-11972	P001_WD05_00040

DiscRep_SUB:FEATURE_LOCATION_CONFLICT::RNA feature xref gene does not exist
P001_WD05/P001_WD05:tRNA	Leu	k141_25471:4213-4292	P001_WD05_00031

DiscRep_SUB:FEATURE_LOCATION_CONFLICT::Coding region xref gene does not exist
P001_WD05/P001_WD05:CDS	hypothetical protein	k141_33186:747-1595	P001_WD05_00042

DiscRep_SUB:FEATURE_LOCATION_CONFLICT::Coding region xref gene does not exist
P001_WD05/P001_WD05:CDS	hypothetical protein	k141_33186:c1935-1456	P001_WD05_00043

DiscRep_SUB:FEATURE_LOCATION_CONFLICT::Coding region xref gene does not exist
P001_WD05/P001_WD05:CDS	hypothetical protein	k141_33186:2114-2758	P001_WD05_00044

DiscRep_SUB:FEATURE_LOCATION_CONFLICT::Coding region xref gene does not exist
P001_WD05/P001_WD05:CDS	NADH-plastoquinone oxidoreductase subunit 2	k141_33186:c4103-3489	P001_WD05_00046

DiscRep_SUB:FEATURE_LOCATION_CONFLICT::Coding region xref gene does not exist
P001_WD05/P001_WD05:CDS	NADH-plastoquinone oxidoreductase subunit 2	k141_33186:c5733-4885	P001_WD05_00047

DiscRep_SUB:FEATURE_LOCATION_CONFLICT::Coding region xref gene does not exist
P001_WD05/P001_WD05:CDS	hypothetical protein	k141_33186:c6012-5827	P001_WD05_00048

DiscRep_SUB:FEATURE_LOCATION_CONFLICT::Coding region xref gene does not exist
P001_WD05/P001_WD05:CDS	ribosomal protein S7	k141_33186:c6503-6033	P001_WD05_00049

DiscRep_SUB:FEATURE_LOCATION_CONFLICT::Coding region xref gene does not exist
P001_WD05/P001_WD05:CDS	hypothetical protein	k141_33186:c7000-6842	P001_WD05_00050

DiscRep_SUB:FEATURE_LOCATION_CONFLICT::Coding region xref gene does not exist
P001_WD05/P001_WD05:CDS	hypothetical protein	k141_33186:7567-7926	P001_WD05_00051

DiscRep_SUB:FEATURE_LOCATION_CONFLICT::Coding region xref gene does not exist
P001_WD05/P001_WD05:CDS	hypothetical protein	k141_33186:8028-8216	P001_WD05_00052

DiscRep_SUB:FEATURE_LOCATION_CONFLICT::Coding region xref gene does not exist
P001_WD05/P001_WD05:CDS	hypothetical protein	k141_33186:c8685-8254	P001_WD05_00053

DiscRep_SUB:FEATURE_LOCATION_CONFLICT::Coding region xref gene does not exist
P001_WD05/P001_WD05:CDS	hypothetical protein	k141_33186:c11365-11141	P001_WD05_00056

DiscRep_SUB:FEATURE_LOCATION_CONFLICT::Coding region xref gene does not exist
P001_WD05/P001_WD05:CDS	hypothetical protein	k141_33186:c12230-11994	P001_WD05_00057

DiscRep_SUB:FEATURE_LOCATION_CONFLICT::Coding region xref gene does not exist
P001_WD05/P001_WD05:CDS	hypothetical protein	k141_33186:12577-12906	P001_WD05_00058

DiscRep_SUB:FEATURE_LOCATION_CONFLICT::Coding region xref gene does not exist
P001_WD05/P001_WD05:CDS	hypothetical protein	k141_33186:12861-13076	P001_WD05_00059

DiscRep_SUB:FEATURE_LOCATION_CONFLICT::Coding region xref gene does not exist
P001_WD05/P001_WD05:CDS	hypothetical protein	k141_33186:c17709-17533	P001_WD05_00063

DiscRep_SUB:FEATURE_LOCATION_CONFLICT::Coding region xref gene does not exist
P001_WD05/P001_WD05:CDS	ribosomal protein S15	k141_33186:18744-18989	P001_WD05_00064

DiscRep_SUB:FEATURE_LOCATION_CONFLICT::RNA feature xref gene does not exist
P001_WD05/P001_WD05:tRNA	Met	k141_33186:c393-319	P001_WD05_00041

DiscRep_SUB:FEATURE_LOCATION_CONFLICT::RNA feature xref gene does not exist
P001_WD05/P001_WD05:tRNA	Leu	k141_33186:c2913-2831	P001_WD05_00045

DiscRep_SUB:FEATURE_LOCATION_CONFLICT::RNA feature xref gene does not exist
P001_WD05/P001_WD05:tRNA	Val	k141_33186:9027-9098	P001_WD05_00054

DiscRep_SUB:FEATURE_LOCATION_CONFLICT::RNA feature xref gene does not exist
P001_WD05/P001_WD05:rRNA	16S ribosomal RNA	k141_33186:9333-10819	P001_WD05_00055

DiscRep_SUB:FEATURE_LOCATION_CONFLICT::RNA feature xref gene does not exist
P001_WD05/P001_WD05:rRNA	23S ribosomal RNA	k141_33186:13109-16184	P001_WD05_00060

DiscRep_SUB:FEATURE_LOCATION_CONFLICT::RNA feature xref gene does not exist
P001_WD05/P001_WD05:tRNA	Arg	k141_33186:16761-16835	P001_WD05_00061

DiscRep_SUB:FEATURE_LOCATION_CONFLICT::RNA feature xref gene does not exist
P001_WD05/P001_WD05:tRNA	Asn	k141_33186:c17166-17093	P001_WD05_00062

DiscRep_SUB:FEATURE_LOCATION_CONFLICT::Coding region xref gene does not exist
P001_WD05/P001_WD05:CDS	photosystem II protein D1	k141_14346:c1289-228	P001_WD05_00065

DiscRep_SUB:FEATURE_LOCATION_CONFLICT::Coding region xref gene does not exist
P001_WD05/P001_WD05:CDS	maturase K	k141_14346:c3363-1828	P001_WD05_00066

DiscRep_SUB:FEATURE_LOCATION_CONFLICT::Coding region xref gene does not exist
P001_WD05/P001_WD05:CDS	photosystem II protein K	k141_14346:6964-7158	P001_WD05_00068

DiscRep_SUB:FEATURE_LOCATION_CONFLICT::Coding region xref gene does not exist
P001_WD05/P001_WD05:CDS	photosystem II protein D2	k141_14346:8858-9919	P001_WD05_00070

DiscRep_SUB:FEATURE_LOCATION_CONFLICT::Coding region xref gene does not exist
P001_WD05/P001_WD05:CDS	photosystem II CP43 chlorophyll apoprotein	k141_14346:9903-11288	P001_WD05_00071

DiscRep_SUB:FEATURE_LOCATION_CONFLICT::Coding region xref gene does not exist
P001_WD05/P001_WD05:CDS	photosystem II protein Z	k141_14346:11885-12073	P001_WD05_00073

DiscRep_SUB:FEATURE_LOCATION_CONFLICT::Coding region xref gene does not exist
P001_WD05/P001_WD05:CDS	cytochrome b6/f complex subunit VII	k141_14346:c17163-17074	P001_WD05_00080

DiscRep_SUB:FEATURE_LOCATION_CONFLICT::Coding region xref gene does not exist
P001_WD05/P001_WD05:CDS	RNA polymerase beta subunit	k141_14346:19319-22549	P001_WD05_00082

DiscRep_SUB:FEATURE_LOCATION_CONFLICT::Coding region xref gene does not exist
P001_WD05/P001_WD05:CDS	RNA polymerase beta' subunit	k141_14346:22587-24617	P001_WD05_00083

DiscRep_SUB:FEATURE_LOCATION_CONFLICT::Coding region xref gene does not exist
P001_WD05/P001_WD05:CDS	DNA-directed RNA polymerase subunit beta'	k141_14346:24761-29227	P001_WD05_00084

DiscRep_SUB:FEATURE_LOCATION_CONFLICT::Coding region xref gene does not exist
P001_WD05/P001_WD05:CDS	ribosomal protein S2	k141_14346:29493-30203	P001_WD05_00085

DiscRep_SUB:FEATURE_LOCATION_CONFLICT::Coding region xref gene does not exist
P001_WD05/P001_WD05:CDS	ATP synthase CF0 subunit IV	k141_14346:30337-31197	P001_WD05_00086

DiscRep_SUB:FEATURE_LOCATION_CONFLICT::Coding region xref gene does not exist
P001_WD05/P001_WD05:CDS	hypothetical protein	k141_14346:31454-31669	P001_WD05_00087

DiscRep_SUB:FEATURE_LOCATION_CONFLICT::Coding region xref gene does not exist
P001_WD05/P001_WD05:CDS	ATP synthase CF0 subunit III	k141_14346:31737-31982	P001_WD05_00088

DiscRep_SUB:FEATURE_LOCATION_CONFLICT::Coding region xref gene does not exist
P001_WD05/P001_WD05:CDS	hypothetical protein	k141_14346:32041-32253	P001_WD05_00089

DiscRep_SUB:FEATURE_LOCATION_CONFLICT::Coding region xref gene does not exist
P001_WD05/P001_WD05:CDS	ATP synthase CF0 subunit I	k141_14346:32441-32611	P001_WD05_00090

DiscRep_SUB:FEATURE_LOCATION_CONFLICT::Coding region xref gene does not exist
P001_WD05/P001_WD05:CDS	hypothetical protein	k141_14346:c33411-33187	P001_WD05_00091

DiscRep_SUB:FEATURE_LOCATION_CONFLICT::Coding region xref gene does not exist
P001_WD05/P001_WD05:CDS	ATP synthase CF0 subunit I	k141_14346:33447-33818	P001_WD05_00092

DiscRep_SUB:FEATURE_LOCATION_CONFLICT::Coding region xref gene does not exist
P001_WD05/P001_WD05:CDS	ATP synthase CF1 alpha subunit	k141_14346:33910-35433	P001_WD05_00093

DiscRep_SUB:FEATURE_LOCATION_CONFLICT::Coding region xref gene does not exist
P001_WD05/P001_WD05:CDS	ribosomal protein S14	k141_14346:c36195-36019	P001_WD05_00095

DiscRep_SUB:FEATURE_LOCATION_CONFLICT::Coding region xref gene does not exist
P001_WD05/P001_WD05:CDS	photosystem I P700 apoprotein A2	k141_14346:c38696-36492	P001_WD05_00096

DiscRep_SUB:FEATURE_LOCATION_CONFLICT::Coding region xref gene does not exist
P001_WD05/P001_WD05:CDS	photosystem I P700 apoprotein A1	k141_14346:c40974-38722	P001_WD05_00097

DiscRep_SUB:FEATURE_LOCATION_CONFLICT::Coding region xref gene does not exist
P001_WD05/P001_WD05:CDS	putative chloroplast RF34	k141_14346:c42761-42513	P001_WD05_00098

DiscRep_SUB:FEATURE_LOCATION_CONFLICT::Coding region xref gene does not exist
P001_WD05/P001_WD05:CDS	hypothetical protein	k141_14346:43235-43483	P001_WD05_00099

DiscRep_SUB:FEATURE_LOCATION_CONFLICT::Coding region xref gene does not exist
P001_WD05/P001_WD05:CDS	putative chloroplast RF34	k141_14346:c43637-43503	P001_WD05_00100

DiscRep_SUB:FEATURE_LOCATION_CONFLICT::Coding region xref gene does not exist
P001_WD05/P001_WD05:CDS	hypothetical protein	k141_14346:c43741-43583	P001_WD05_00101

DiscRep_SUB:FEATURE_LOCATION_CONFLICT::Coding region xref gene does not exist
P001_WD05/P001_WD05:CDS	ribosomal protein S4	k141_14346:c45223-44618	P001_WD05_00103

DiscRep_SUB:FEATURE_LOCATION_CONFLICT::Coding region xref gene does not exist
P001_WD05/P001_WD05:CDS	hypothetical protein	k141_14346:46389-46553	P001_WD05_00105

DiscRep_SUB:FEATURE_LOCATION_CONFLICT::Coding region xref gene does not exist
P001_WD05/P001_WD05:CDS	hypothetical protein	k141_14346:47610-47897	P001_WD05_00107

DiscRep_SUB:FEATURE_LOCATION_CONFLICT::Coding region xref gene does not exist
P001_WD05/P001_WD05:CDS	NADH-plastoquinone oxidoreductase subunit J	k141_14346:c48577-48089	P001_WD05_00108

DiscRep_SUB:FEATURE_LOCATION_CONFLICT::Coding region xref gene does not exist
P001_WD05/P001_WD05:CDS	NADH-plastoquinone oxidoreductase subunit K	k141_14346:c49410-48673	P001_WD05_00109

DiscRep_SUB:FEATURE_LOCATION_CONFLICT::Coding region xref gene does not exist
P001_WD05/P001_WD05:CDS	NADH-plastoquinone oxidoreductase subunit 3	k141_14346:c49763-49401	P001_WD05_00110

DiscRep_SUB:FEATURE_LOCATION_CONFLICT::Coding region xref gene does not exist
P001_WD05/P001_WD05:CDS	hypothetical protein	k141_14346:50372-50470	P001_WD05_00111

DiscRep_SUB:FEATURE_LOCATION_CONFLICT::Coding region xref gene does not exist
P001_WD05/P001_WD05:CDS	hypothetical protein	k141_14346:c50689-50564	P001_WD05_00112

DiscRep_SUB:FEATURE_LOCATION_CONFLICT::Coding region xref gene does not exist
P001_WD05/P001_WD05:CDS	ATP synthase CF1 epsilon subunit	k141_14346:c52045-51632	P001_WD05_00114

DiscRep_SUB:FEATURE_LOCATION_CONFLICT::Coding region xref gene does not exist
P001_WD05/P001_WD05:CDS	ATP synthase CF1 beta subunit	k141_14346:c53613-52042	P001_WD05_00115

DiscRep_SUB:FEATURE_LOCATION_CONFLICT::Coding region xref gene does not exist
P001_WD05/P001_WD05:CDS	ribulose-1,5-bisphosphate carboxylase/oxygenase large subunit	k141_14346:54337-55770	P001_WD05_00116

DiscRep_SUB:FEATURE_LOCATION_CONFLICT::RNA feature xref gene does not exist
P001_WD05/P001_WD05:tRNA	Gln	k141_14346:c6629-6558	P001_WD05_00067

DiscRep_SUB:FEATURE_LOCATION_CONFLICT::RNA feature xref gene does not exist
P001_WD05/P001_WD05:tRNA	Ser	k141_14346:c7883-7795	P001_WD05_00069

DiscRep_SUB:FEATURE_LOCATION_CONFLICT::RNA feature xref gene does not exist
P001_WD05/P001_WD05:tRNA	Ser	k141_14346:c11532-11445	P001_WD05_00072

DiscRep_SUB:FEATURE_LOCATION_CONFLICT::RNA feature xref gene does not exist
P001_WD05/P001_WD05:tRNA	Gly	k141_14346:12372-12443	P001_WD05_00074

DiscRep_SUB:FEATURE_LOCATION_CONFLICT::RNA feature xref gene does not exist
P001_WD05/P001_WD05:tRNA	Met	k141_14346:c12957-12882	P001_WD05_00075

DiscRep_SUB:FEATURE_LOCATION_CONFLICT::RNA feature xref gene does not exist
P001_WD05/P001_WD05:tRNA	Thr	k141_14346:15004-15077	P001_WD05_00076

DiscRep_SUB:FEATURE_LOCATION_CONFLICT::RNA feature xref gene does not exist
P001_WD05/P001_WD05:tRNA	Glu	k141_14346:15444-15518	P001_WD05_00077

DiscRep_SUB:FEATURE_LOCATION_CONFLICT::RNA feature xref gene does not exist
P001_WD05/P001_WD05:tRNA	Tyr	k141_14346:15578-15663	P001_WD05_00078

DiscRep_SUB:FEATURE_LOCATION_CONFLICT::RNA feature xref gene does not exist
P001_WD05/P001_WD05:tRNA	Asp	k141_14346:16038-16111	P001_WD05_00079

DiscRep_SUB:FEATURE_LOCATION_CONFLICT::RNA feature xref gene does not exist
P001_WD05/P001_WD05:tRNA	Cys	k141_14346:c18132-18062	P001_WD05_00081

DiscRep_SUB:FEATURE_LOCATION_CONFLICT::RNA feature xref gene does not exist
P001_WD05/P001_WD05:tRNA	Arg	k141_14346:c35636-35565	P001_WD05_00094

DiscRep_SUB:FEATURE_LOCATION_CONFLICT::RNA feature xref gene does not exist
P001_WD05/P001_WD05:tRNA	Ser	k141_14346:44260-44346	P001_WD05_00102

DiscRep_SUB:FEATURE_LOCATION_CONFLICT::RNA feature xref gene does not exist
P001_WD05/P001_WD05:tRNA	Thr	k141_14346:c45604-45530	P001_WD05_00104

DiscRep_SUB:FEATURE_LOCATION_CONFLICT::RNA feature xref gene does not exist
P001_WD05/P001_WD05:tRNA	Phe	k141_14346:47428-47500	P001_WD05_00106

DiscRep_SUB:FEATURE_LOCATION_CONFLICT::RNA feature xref gene does not exist
P001_WD05/P001_WD05:tRNA	Met	k141_14346:51444-51518	P001_WD05_00113

DiscRep_SUB:FEATURE_LOCATION_CONFLICT::Coding region xref gene does not exist
P001_WD05/P001_WD05:CDS	ribosomal protein L2	k141_11058:222-560	P001_WD05_00117

DiscRep_SUB:FEATURE_LOCATION_CONFLICT::Coding region xref gene does not exist
P001_WD05/P001_WD05:CDS	ribosomal protein L2	k141_11058:1146-1643	P001_WD05_00118

DiscRep_SUB:FEATURE_LOCATION_CONFLICT::Coding region xref gene does not exist
P001_WD05/P001_WD05:CDS	ribosomal protein S19	k141_11058:1913-2194	P001_WD05_00120

DiscRep_SUB:FEATURE_LOCATION_CONFLICT::RNA feature xref gene does not exist
P001_WD05/P001_WD05:tRNA	His	k141_11058:c1779-1705	P001_WD05_00119

DiscRep_ALL:SUSPECT_PRODUCT_NAMES::2 product_names contain suspect phrase or characters
DiscRep_SUB:SUSPECT_PRODUCT_NAMES::May contain database identifier more appropriate in note; remove from product name
DiscRep_SUB:SUSPECT_PRODUCT_NAMES::2 features contains three or more numbers together that may be identifiers more appropriate in note
P001_WD05/P001_WD05:CDS	photosystem I P700 apoprotein A2	k141_14346:c38696-36492	P001_WD05_00096
P001_WD05/P001_WD05:CDS	photosystem I P700 apoprotein A1	k141_14346:c40974-38722	P001_WD05_00097

DiscRep_ALL:DISC_QUALITY_SCORES::Quality scores are missing on all sequences.

DiscRep_ALL:ONCALLER_COMMENT_PRESENT::5 comment descriptors were found (all same)
P001_WD05/P001_WD05:k141_12250:Annotated using prokka 1.14.5 from https://github.com/tseemann/prokka
P001_WD05/P001_WD05:k141_25471:Annotated using prokka 1.14.5 from https://github.com/tseemann/prokka
P001_WD05/P001_WD05:k141_33186:Annotated using prokka 1.14.5 from https://github.com/tseemann/prokka
P001_WD05/P001_WD05:k141_14346:Annotated using prokka 1.14.5 from https://github.com/tseemann/prokka
P001_WD05/P001_WD05:k141_11058:Annotated using prokka 1.14.5 from https://github.com/tseemann/prokka

DiscRep_ALL:SHORT_PROT_SEQUENCES::8 protein sequences are shorter than 50 aa.
P001_WD05/P001_WD05:k141_12250_6 (length 40)
P001_WD05/P001_WD05:k141_12250_7 (length 39)
P001_WD05/P001_WD05:k141_12250_9 (length 42)
P001_WD05/P001_WD05:k141_25471_1 (length 49)
P001_WD05/P001_WD05:k141_14346_7 (length 29)
P001_WD05/P001_WD05:k141_14346_25 (length 44)
P001_WD05/P001_WD05:k141_14346_33 (length 32)
P001_WD05/P001_WD05:k141_14346_34 (length 41)

DiscRep_ALL:MISSING_GENOMEASSEMBLY_COMMENTS::5 bioseqs are missing GenomeAssembly structured comments
P001_WD05/P001_WD05:k141_12250 (length 24071)
P001_WD05/P001_WD05:k141_25471 (length 13113)
P001_WD05/P001_WD05:k141_33186 (length 19307)
P001_WD05/P001_WD05:k141_14346 (length 56197)
P001_WD05/P001_WD05:k141_11058 (length 2230)

DiscRep_ALL:MOLTYPE_NOT_MRNA::5 molecule types are not set as mRNA.
P001_WD05/P001_WD05:k141_12250 (length 24071)
P001_WD05/P001_WD05:k141_25471 (length 13113)
P001_WD05/P001_WD05:k141_33186 (length 19307)
P001_WD05/P001_WD05:k141_14346 (length 56197)
P001_WD05/P001_WD05:k141_11058 (length 2230)

DiscRep_ALL:TECHNIQUE_NOT_TSA::5 technique are not set as TSA
P001_WD05/P001_WD05:k141_12250 (length 24071)
P001_WD05/P001_WD05:k141_25471 (length 13113)
P001_WD05/P001_WD05:k141_33186 (length 19307)
P001_WD05/P001_WD05:k141_14346 (length 56197)
P001_WD05/P001_WD05:k141_11058 (length 2230)

DiscRep_ALL:MISSING_STRUCTURED_COMMENT::5 sequences do not include structured comments.
P001_WD05/P001_WD05:k141_12250 (length 24071)
P001_WD05/P001_WD05:k141_25471 (length 13113)
P001_WD05/P001_WD05:k141_33186 (length 19307)
P001_WD05/P001_WD05:k141_14346 (length 56197)
P001_WD05/P001_WD05:k141_11058 (length 2230)

DiscRep_ALL:MISSING_PROJECT::99 sequences do not include project.
P001_WD05/P001_WD05:k141_12250 (length 24071)
P001_WD05/P001_WD05:k141_12250_1 (length 54)
P001_WD05/P001_WD05:k141_12250_2 (length 218)
P001_WD05/P001_WD05:k141_12250_3 (length 230)
P001_WD05/P001_WD05:k141_12250_4 (length 320)
P001_WD05/P001_WD05:k141_12250_5 (length 90)
P001_WD05/P001_WD05:k141_12250_6 (length 40)
P001_WD05/P001_WD05:k141_12250_7 (length 39)
P001_WD05/P001_WD05:k141_12250_8 (length 83)
P001_WD05/P001_WD05:k141_12250_9 (length 42)
P001_WD05/P001_WD05:k141_12250_10 (length 170)
P001_WD05/P001_WD05:k141_12250_11 (length 119)
P001_WD05/P001_WD05:k141_12250_12 (length 66)
P001_WD05/P001_WD05:k141_12250_13 (length 216)
P001_WD05/P001_WD05:k141_12250_14 (length 70)
P001_WD05/P001_WD05:k141_12250_15 (length 508)
P001_WD05/P001_WD05:k141_12250_16 (length 118)
P001_WD05/P001_WD05:k141_12250_17 (length 232)
P001_WD05/P001_WD05:k141_12250_18 (length 174)
P001_WD05/P001_WD05:k141_12250_19 (length 341)
P001_WD05/P001_WD05:k141_12250_20 (length 143)
P001_WD05/P001_WD05:k141_12250_21 (length 107)
P001_WD05/P001_WD05:k141_12250_22 (length 136)
P001_WD05/P001_WD05:k141_12250_23 (length 123)
P001_WD05/P001_WD05:k141_12250_24 (length 120)
P001_WD05/P001_WD05:k141_12250_25 (length 239)
P001_WD05/P001_WD05:k141_12250_26 (length 147)
P001_WD05/P001_WD05:k141_25471 (length 13113)
P001_WD05/P001_WD05:k141_25471_1 (length 49)
P001_WD05/P001_WD05:k141_25471_2 (length 739)
P001_WD05/P001_WD05:k141_25471_3 (length 321)
P001_WD05/P001_WD05:k141_25471_4 (length 500)
P001_WD05/P001_WD05:k141_25471_5 (length 81)
P001_WD05/P001_WD05:k141_25471_6 (length 101)
P001_WD05/P001_WD05:k141_25471_7 (length 176)
P001_WD05/P001_WD05:k141_25471_8 (length 180)
P001_WD05/P001_WD05:k141_25471_9 (length 141)
P001_WD05/P001_WD05:k141_25471_10 (length 187)
P001_WD05/P001_WD05:k141_25471_11 (length 379)
P001_WD05/P001_WD05:k141_33186 (length 19307)
P001_WD05/P001_WD05:k141_33186_1 (length 282)
P001_WD05/P001_WD05:k141_33186_2 (length 159)
P001_WD05/P001_WD05:k141_33186_3 (length 214)
P001_WD05/P001_WD05:k141_33186_4 (length 204)
P001_WD05/P001_WD05:k141_33186_5 (length 282)
P001_WD05/P001_WD05:k141_33186_6 (length 61)
P001_WD05/P001_WD05:k141_33186_7 (length 156)
P001_WD05/P001_WD05:k141_33186_8 (length 52)
P001_WD05/P001_WD05:k141_33186_9 (length 119)
P001_WD05/P001_WD05:k141_33186_10 (length 62)
P001_WD05/P001_WD05:k141_33186_11 (length 143)
P001_WD05/P001_WD05:k141_33186_12 (length 74)
P001_WD05/P001_WD05:k141_33186_13 (length 78)
P001_WD05/P001_WD05:k141_33186_14 (length 109)
P001_WD05/P001_WD05:k141_33186_15 (length 71)
P001_WD05/P001_WD05:k141_33186_16 (length 58)
P001_WD05/P001_WD05:k141_33186_17 (length 81)
P001_WD05/P001_WD05:k141_14346 (length 56197)
P001_WD05/P001_WD05:k141_14346_1 (length 353)
P001_WD05/P001_WD05:k141_14346_2 (length 511)
P001_WD05/P001_WD05:k141_14346_3 (length 64)
P001_WD05/P001_WD05:k141_14346_4 (length 353)
P001_WD05/P001_WD05:k141_14346_5 (length 461)
P001_WD05/P001_WD05:k141_14346_6 (length 62)
P001_WD05/P001_WD05:k141_14346_7 (length 29)
P001_WD05/P001_WD05:k141_14346_8 (length 1076)
P001_WD05/P001_WD05:k141_14346_9 (length 676)
P001_WD05/P001_WD05:k141_14346_10 (length 1488)
P001_WD05/P001_WD05:k141_14346_11 (length 236)
P001_WD05/P001_WD05:k141_14346_12 (length 286)
P001_WD05/P001_WD05:k141_14346_13 (length 71)
P001_WD05/P001_WD05:k141_14346_14 (length 81)
P001_WD05/P001_WD05:k141_14346_15 (length 70)
P001_WD05/P001_WD05:k141_14346_16 (length 56)
P001_WD05/P001_WD05:k141_14346_17 (length 74)
P001_WD05/P001_WD05:k141_14346_18 (length 123)
P001_WD05/P001_WD05:k141_14346_19 (length 507)
P001_WD05/P001_WD05:k141_14346_20 (length 58)
P001_WD05/P001_WD05:k141_14346_21 (length 734)
P001_WD05/P001_WD05:k141_14346_22 (length 750)
P001_WD05/P001_WD05:k141_14346_23 (length 82)
P001_WD05/P001_WD05:k141_14346_24 (length 82)
P001_WD05/P001_WD05:k141_14346_25 (length 44)
P001_WD05/P001_WD05:k141_14346_26 (length 52)
P001_WD05/P001_WD05:k141_14346_27 (length 201)
P001_WD05/P001_WD05:k141_14346_28 (length 54)
P001_WD05/P001_WD05:k141_14346_29 (length 95)
P001_WD05/P001_WD05:k141_14346_30 (length 162)
P001_WD05/P001_WD05:k141_14346_31 (length 245)
P001_WD05/P001_WD05:k141_14346_32 (length 120)
P001_WD05/P001_WD05:k141_14346_33 (length 32)
P001_WD05/P001_WD05:k141_14346_34 (length 41)
P001_WD05/P001_WD05:k141_14346_35 (length 137)
P001_WD05/P001_WD05:k141_14346_36 (length 523)
P001_WD05/P001_WD05:k141_14346_37 (length 477)
P001_WD05/P001_WD05:k141_11058 (length 2230)
P001_WD05/P001_WD05:k141_11058_1 (length 112)
P001_WD05/P001_WD05:k141_11058_2 (length 165)
P001_WD05/P001_WD05:k141_11058_3 (length 93)

DiscRep_ALL:DISC_INCONSISTENT_MOLINFO_TECH::Molinfo Technique Report (some missing, all same)
DiscRep_SUB:DISC_INCONSISTENT_MOLINFO_TECH::technique (all missing)
DiscRep_SUB:DISC_INCONSISTENT_MOLINFO_TECH::5 Molinfos are missing field technique
P001_WD05/P001_WD05:k141_11058 (length 2230)
P001_WD05/P001_WD05:k141_12250 (length 24071)
P001_WD05/P001_WD05:k141_14346 (length 56197)
P001_WD05/P001_WD05:k141_25471 (length 13113)
P001_WD05/P001_WD05:k141_33186 (length 19307)

