[16:19:40] This is prokka 1.14.5
[16:19:40] Written by Torsten Seemann <torsten.seemann@gmail.com>
[16:19:40] Homepage is https://github.com/tseemann/prokka
[16:19:40] Local time is Fri Nov 26 16:19:40 2021
[16:19:40] You are ruud
[16:19:40] Operating system is linux
[16:19:40] You have BioPerl 1.7.8
[16:19:40] System has 40 cores.
[16:19:40] Will use maximum of 40 cores.
[16:19:40] Annotating as >>> Bacteria <<<
[16:19:40] Creating new output folder: P001_WD05
[16:19:40] Running: mkdir -p P001_WD05
[16:19:40] Using filename prefix: P001_WD05.XXX
[16:19:40] Setting HMMER_NCPU=1
[16:19:40] Writing log to: P001_WD05/P001_WD05.log
[16:19:40] Command: /usr/local/packages/prokka-1.14.5/bin/prokka --cpus 40 --prefix P001_WD05 --Kingdom Bacteria --locustag P001_WD05 --proteins vaccinium.gb ../02_Blast/chloroplast_contigs_rapid_genomics_run2/P001_WD05_chloroplast_contigs.fa
[16:19:40] Appending to PATH: /home/local/packages/prokka-1.14.5/bin/../binaries/linux
[16:19:40] Appending to PATH: /home/local/packages/prokka-1.14.5/bin/../binaries/linux/../common
[16:19:40] Appending to PATH: /home/local/packages/prokka-1.14.5/bin
[16:19:40] Looking for 'aragorn' - found /usr/local/packages/Anaconda3-2019.10/bin/aragorn
[16:19:40] Determined aragorn version is 001002 from 'ARAGORN v1.2.38 Dean Laslett'
[16:19:40] Looking for 'barrnap' - found /usr/local/packages/Anaconda3-2019.10/bin/barrnap
[16:19:40] Determined barrnap version is 000009 from 'barrnap 0.9'
[16:19:40] Looking for 'blastp' - found /usr/local/packages/Anaconda3-2019.10/bin/blastp
[16:19:40] Determined blastp version is 002011 from 'blastp: 2.11.0+'
[16:19:40] Looking for 'cmpress' - found /usr/local/packages/Anaconda3-2019.10/bin/cmpress
[16:19:40] Determined cmpress version is 001001 from '# INFERNAL 1.1.2 (July 2016)'
[16:19:40] Looking for 'cmscan' - found /usr/local/packages/Anaconda3-2019.10/bin/cmscan
[16:19:41] Determined cmscan version is 001001 from '# INFERNAL 1.1.2 (July 2016)'
[16:19:41] Looking for 'egrep' - found /bin/egrep
[16:19:41] Looking for 'find' - found /bin/find
[16:19:41] Looking for 'grep' - found /bin/grep
[16:19:41] Looking for 'hmmpress' - found /usr/local/packages/Anaconda3-2019.10/bin/hmmpress
[16:19:41] Determined hmmpress version is 003003 from '# HMMER 3.3.2 (Nov 2020); http://hmmer.org/'
[16:19:41] Looking for 'hmmscan' - found /usr/local/packages/Anaconda3-2019.10/bin/hmmscan
[16:19:41] Determined hmmscan version is 003003 from '# HMMER 3.3.2 (Nov 2020); http://hmmer.org/'
[16:19:41] Looking for 'java' - found /usr/local/packages/jdk1.8.0_191/bin/java
[16:19:41] Looking for 'makeblastdb' - found /usr/local/packages/Anaconda3-2019.10/bin/makeblastdb
[16:19:41] Determined makeblastdb version is 002011 from 'makeblastdb: 2.11.0+'
[16:19:41] Looking for 'minced' - found /usr/local/packages/Anaconda3-2019.10/bin/minced
[16:19:41] Determined minced version is 004002 from 'minced 0.4.2'
[16:19:41] Looking for 'parallel' - found /usr/local/packages/Anaconda3-2019.10/bin/parallel
[16:19:42] Determined parallel version is 20210822 from 'GNU parallel 20210822'
[16:19:42] Looking for 'prodigal' - found /usr/local/packages/Anaconda3-2019.10/bin/prodigal
[16:19:42] Determined prodigal version is 002006 from 'Prodigal V2.6.3: February, 2016'
[16:19:42] Looking for 'prokka-genbank_to_fasta_db' - found /usr/local/packages/prokka-1.14.5/bin/prokka-genbank_to_fasta_db
[16:19:42] Looking for 'sed' - found /bin/sed
[16:19:42] Looking for 'tbl2asn' - found /usr/local/packages/Anaconda3-2019.10/bin/tbl2asn
[16:19:42] Determined tbl2asn version is 025008 from 'tbl2asn 25.8   arguments:'
[16:19:42] Using genetic code table 11.
[16:19:42] Loading and checking input file: ../02_Blast/chloroplast_contigs_rapid_genomics_run2/P001_WD05_chloroplast_contigs.fa
[16:19:42] Wrote 5 contigs totalling 114918 bp.
[16:19:42] Predicting tRNAs and tmRNAs
[16:19:42] Running: aragorn -l -gc11  -w P001_WD05\/P001_WD05\.fna
[16:19:42] 1 tRNA-Trp c[7759,7832] 35 (cca)
[16:19:42] 2 tRNA-Pro c[7971,8046] 35 (tgg)
[16:19:42] 1 tRNA-Leu [4213,4292] 35 (tag)
[16:19:42] 1 tRNA-Met c[319,393] 34 (cat)
[16:19:42] 2 tRNA-Leu c[2831,2913] 35 (caa)
[16:19:42] 3 tRNA-Val [9027,9098] 33 (gac)
[16:19:42] 4 tRNA-Arg [16761,16835] 35 (acg)
[16:19:42] 5 tRNA-Asn c[17093,17166] 34 (gtt)
[16:19:42] 1 tRNA-Gln c[6558,6629] 33 (ttg)
[16:19:42] 2 tRNA-Ser c[7795,7883] 35 (gct)
[16:19:42] 3 tRNA-Ser c[11445,11532] 35 (tga)
[16:19:42] 4 tRNA-Gly [12372,12443] 33 (gcc)
[16:19:42] 5 tRNA-Met c[12882,12957] 36 (cat)
[16:19:42] 6 tRNA-Thr [15004,15077] 34 (ggt)
[16:19:42] 7 tRNA-Glu [15444,15518] 36 (ttc)
[16:19:42] 8 tRNA-Tyr [15578,15663] 36 (gta)
[16:19:42] 9 tRNA-Asp [16038,16111] 35 (gtc)
[16:19:42] 10 tRNA-Cys c[18062,18132] 33 (gca)
[16:19:42] 11 tRNA-Arg c[35565,35636] 34 (tct)
[16:19:42] 12 tRNA-Ser [44260,44346] 35 (gga)
[16:19:42] 13 tRNA-Thr c[45530,45604] 35 (tgt)
[16:19:42] 14 tRNA-Phe [47428,47500] 34 (gaa)
[16:19:42] 15 tRNA-Met [51444,51518] 35 (cat)
[16:19:42] 1 tRNA-His c[1705,1779] 35 (gtg)
[16:19:42] Found 24 tRNAs
[16:19:42] Predicting Ribosomal RNAs
[16:19:42] Running Barrnap with 40 threads
[16:19:43] 1 k141_33186 9333 16S ribosomal RNA
[16:19:43] 2 k141_33186 13109 23S ribosomal RNA
[16:19:43] Found 2 rRNAs
[16:19:43] Skipping ncRNA search, enable with --rfam if desired.
[16:19:43] Total of 26 tRNA + rRNA features
[16:19:43] Searching for CRISPR repeats
[16:19:43] Found 0 CRISPRs
[16:19:43] Predicting coding sequences
[16:19:43] Contigs total 114918 bp, so using single mode
[16:19:43] Running: prodigal -i P001_WD05\/P001_WD05\.fna -c -m -g 11 -p single -f sco -q
[16:19:43] Excluding CDS which overlaps existing RNA (tRNA) at k141_12250:7924..8148 on - strand
[16:19:43] Excluding CDS which overlaps existing RNA (tRNA) at k141_33186:2683..2937 on - strand
[16:19:43] Excluding CDS which overlaps existing RNA (tRNA) at k141_33186:2906..3055 on - strand
[16:19:43] Excluding CDS which overlaps existing RNA (rRNA) at k141_33186:10273..10401 on + strand
[16:19:43] Excluding CDS which overlaps existing RNA (rRNA) at k141_33186:13037..13297 on + strand
[16:19:43] Excluding CDS which overlaps existing RNA (rRNA) at k141_33186:14273..14479 on + strand
[16:19:43] Excluding CDS which overlaps existing RNA (tRNA) at k141_14346:15597..15857 on - strand
[16:19:43] Excluding CDS which overlaps existing RNA (tRNA) at k141_14346:17947..18324 on + strand
[16:19:43] Excluding CDS which overlaps existing RNA (tRNA) at k141_11058:1703..1840 on + strand
[16:19:43] Found 94 CDS
[16:19:43] Connecting features back to sequences
[16:19:43] Not using genus-specific database. Try --usegenus to enable it.
[16:19:43] Preparing user-supplied primary BLAST annotation source: vaccinium.gb
[16:19:43] Guessed source was in genbank format.
[16:19:43] Converting genbank 'vaccinium.gb' into Prokka FASTA 'P001_WD05/proteins.faa'
[16:19:43] Running: prokka-genbank_to_fasta_db --format genbank vaccinium\.gb > P001_WD05\/proteins\.faa 2> /dev/null
[16:19:44] Running: makeblastdb -dbtype prot -in P001_WD05\/proteins\.faa -out P001_WD05\/proteins -logfile /dev/null
[16:19:44] Using /inference source as 'vaccinium.gb'
[16:19:44] Annotating CDS, please be patient.
[16:19:44] Will use 40 CPUs for similarity searching.
[16:19:44] There are still 94 unannotated CDS left (started with 94)
[16:19:44] Will use blast to search against P001_WD05/proteins with 40 CPUs
[16:19:44] Running: cat P001_WD05\/P001_WD05\.proteins\.tmp\.24863\.faa | parallel --gnu --plain -j 40 --block 256 --recstart '>' --pipe blastp -query - -db P001_WD05/proteins -evalue 1e-09 -qcov_hsp_perc 80 -num_threads 1 -num_descriptions 1 -num_alignments 1 -seg no > P001_WD05\/P001_WD05\.proteins\.tmp\.24863\.blast 2> /dev/null
[16:19:46] Deleting unwanted file: P001_WD05/P001_WD05.proteins.tmp.24863.faa
[16:19:46] Deleting unwanted file: P001_WD05/P001_WD05.proteins.tmp.24863.blast
[16:19:46] There are still 32 unannotated CDS left (started with 94)
[16:19:46] Will use blast to search against /home/local/packages/prokka-1.14.5/db/kingdom/Bacteria/IS with 40 CPUs
[16:19:46] Running: cat P001_WD05\/P001_WD05\.IS\.tmp\.24863\.faa | parallel --gnu --plain -j 40 --block 62 --recstart '>' --pipe blastp -query - -db /home/local/packages/prokka-1.14.5/db/kingdom/Bacteria/IS -evalue 1e-30 -qcov_hsp_perc 90 -num_threads 1 -num_descriptions 1 -num_alignments 1 -seg no > P001_WD05\/P001_WD05\.IS\.tmp\.24863\.blast 2> /dev/null
[16:19:47] Deleting unwanted file: P001_WD05/P001_WD05.IS.tmp.24863.faa
[16:19:47] Deleting unwanted file: P001_WD05/P001_WD05.IS.tmp.24863.blast
[16:19:47] There are still 32 unannotated CDS left (started with 94)
[16:19:47] Will use blast to search against /home/local/packages/prokka-1.14.5/db/kingdom/Bacteria/AMR with 40 CPUs
[16:19:47] Running: cat P001_WD05\/P001_WD05\.AMR\.tmp\.24863\.faa | parallel --gnu --plain -j 40 --block 62 --recstart '>' --pipe blastp -query - -db /home/local/packages/prokka-1.14.5/db/kingdom/Bacteria/AMR -evalue 1e-300 -qcov_hsp_perc 90 -num_threads 1 -num_descriptions 1 -num_alignments 1 -seg no > P001_WD05\/P001_WD05\.AMR\.tmp\.24863\.blast 2> /dev/null
[16:19:49] Deleting unwanted file: P001_WD05/P001_WD05.AMR.tmp.24863.faa
[16:19:49] Deleting unwanted file: P001_WD05/P001_WD05.AMR.tmp.24863.blast
[16:19:49] There are still 32 unannotated CDS left (started with 94)
[16:19:49] Will use blast to search against /home/local/packages/prokka-1.14.5/db/kingdom/Bacteria/sprot with 40 CPUs
[16:19:49] Running: cat P001_WD05\/P001_WD05\.sprot\.tmp\.24863\.faa | parallel --gnu --plain -j 40 --block 62 --recstart '>' --pipe blastp -query - -db /home/local/packages/prokka-1.14.5/db/kingdom/Bacteria/sprot -evalue 1e-09 -qcov_hsp_perc 80 -num_threads 1 -num_descriptions 1 -num_alignments 1 -seg no > P001_WD05\/P001_WD05\.sprot\.tmp\.24863\.blast 2> /dev/null
[16:19:51] Deleting unwanted file: P001_WD05/P001_WD05.sprot.tmp.24863.faa
[16:19:51] Deleting unwanted file: P001_WD05/P001_WD05.sprot.tmp.24863.blast
[16:19:51] There are still 30 unannotated CDS left (started with 94)
[16:19:51] Will use hmmer3 to search against /home/local/packages/prokka-1.14.5/db/hmm/HAMAP.hmm with 40 CPUs
[16:19:51] Running: cat P001_WD05\/P001_WD05\.HAMAP\.hmm\.tmp\.24863\.faa | parallel --gnu --plain -j 40 --block 54 --recstart '>' --pipe hmmscan --noali --notextw --acc -E 1e-09 --cpu 1 /home/local/packages/prokka-1.14.5/db/hmm/HAMAP.hmm /dev/stdin > P001_WD05\/P001_WD05\.HAMAP\.hmm\.tmp\.24863\.hmmer3 2> /dev/null
[16:19:51] Deleting unwanted file: P001_WD05/P001_WD05.HAMAP.hmm.tmp.24863.faa
[16:19:51] Deleting unwanted file: P001_WD05/P001_WD05.HAMAP.hmm.tmp.24863.hmmer3
[16:19:51] Deleting unwanted file: P001_WD05/proteins.psq
[16:19:51] Deleting unwanted file: P001_WD05/proteins.phr
[16:19:51] Deleting unwanted file: P001_WD05/proteins.pin
[16:19:51] Labelling remaining 28 proteins as 'hypothetical protein'
[16:19:51] Possible /pseudo 'NADH-plastoquinone oxidoreductase subunit 1' at k141_25471 position 11407
[16:19:51] Possible /pseudo 'NADH-plastoquinone oxidoreductase subunit 2' at k141_33186 position 4885
[16:19:51] Possible /pseudo 'ribosomal protein L2' at k141_11058 position 1146
[16:19:51] Found 60 unique /gene codes.
[16:19:51] Fixed 2 duplicate /gene - ndhB_1 ndhB_2
[16:19:51] Fixed 2 duplicate /gene - rpl2_1 rpl2_2
[16:19:51] Fixed 2 duplicate /gene - ycf3_1 ycf3_2
[16:19:51] Fixed 2 duplicate /gene - ndhA_1 ndhA_2
[16:19:51] Fixed 2 duplicate /gene - atpF_1 atpF_2
[16:19:51] Fixed 2 duplicate /gene - ndhH_1 ndhH_2
[16:19:51] Fixed 6 colliding /gene names.
[16:19:51] Adding /locus_tag identifiers
[16:19:51] Assigned 120 locus_tags to CDS and RNA features.
[16:19:51] Writing outputs to P001_WD05/
[16:19:52] Generating annotation statistics file
[16:19:52] Generating Genbank and Sequin files
[16:19:52] Running: tbl2asn -V b -a r10k -l paired-ends -M n -N 1 -y 'Annotated using prokka 1.14.5 from https://github.com/tseemann/prokka' -Z P001_WD05\/P001_WD05\.err -i P001_WD05\/P001_WD05\.fsa 2> /dev/null
[16:19:52] Deleting unwanted file: P001_WD05/errorsummary.val
[16:19:52] Deleting unwanted file: P001_WD05/P001_WD05.dr
[16:19:52] Deleting unwanted file: P001_WD05/P001_WD05.fixedproducts
[16:19:52] Deleting unwanted file: P001_WD05/P001_WD05.ecn
[16:19:52] Deleting unwanted file: P001_WD05/P001_WD05.val
[16:19:52] Repairing broken .GBK output that tbl2asn produces...
[16:19:52] Running: sed 's/COORDINATES: profile/COORDINATES:profile/' < P001_WD05\/P001_WD05\.gbf > P001_WD05\/P001_WD05\.gbk
[16:19:52] Deleting unwanted file: P001_WD05/P001_WD05.gbf
[16:19:52] Output files:
[16:19:52] P001_WD05/P001_WD05.faa
[16:19:52] P001_WD05/P001_WD05.fsa
[16:19:52] P001_WD05/P001_WD05.tbl
[16:19:52] P001_WD05/P001_WD05.ffn
[16:19:52] P001_WD05/P001_WD05.txt
[16:19:52] P001_WD05/P001_WD05.fna
[16:19:52] P001_WD05/P001_WD05.tsv
[16:19:52] P001_WD05/P001_WD05.err
[16:19:52] P001_WD05/P001_WD05.sqn
[16:19:52] P001_WD05/P001_WD05.gbk
[16:19:52] P001_WD05/P001_WD05.log
[16:19:52] P001_WD05/P001_WD05.gff
[16:19:52] Annotation finished successfully.
[16:19:52] Walltime used: 0.20 minutes
[16:19:52] If you use this result please cite the Prokka paper:
[16:19:52] Seemann T (2014) Prokka: rapid prokaryotic genome annotation. Bioinformatics. 30(14):2068-9.
[16:19:52] Type 'prokka --citation' for more details.
[16:19:52] Thank you, come again.
