Discrepancy Report Results

Summary
FATAL: MISSING_PROTEIN_ID:98 proteins have invalid IDs.
DISC_SOURCE_QUALS_ASNDISC:strain (all present, all same)
DISC_SOURCE_QUALS_ASNDISC:taxname (all present, all same)
DISC_FEATURE_COUNT:CDS: 98 present
DISC_FEATURE_COUNT:tRNA: 24 present
DISC_FEATURE_COUNT:rRNA: 2 present
DISC_COUNT_NUCLEOTIDES:4 nucleotide Bioseqs are present
FEATURE_LOCATION_CONFLICT:124 features have inconsistent gene locations.
SUSPECT_PRODUCT_NAMES:2 product_names contain suspect phrase or characters
	May contain database identifier more appropriate in note; remove from product name
		2 features contains three or more numbers together that may be identifiers more appropriate in note
DISC_QUALITY_SCORES:Quality scores are missing on all sequences.
ONCALLER_COMMENT_PRESENT:4 comment descriptors were found (all same)
SHORT_PROT_SEQUENCES:9 protein sequences are shorter than 50 aa.
MISSING_GENOMEASSEMBLY_COMMENTS:4 bioseqs are missing GenomeAssembly structured comments
MOLTYPE_NOT_MRNA:4 molecule types are not set as mRNA.
TECHNIQUE_NOT_TSA:4 technique are not set as TSA
MISSING_STRUCTURED_COMMENT:4 sequences do not include structured comments.
MISSING_PROJECT:102 sequences do not include project.
DISC_INCONSISTENT_MOLINFO_TECH:Molinfo Technique Report (some missing, all same)


Detailed Report

FATAL: DiscRep_ALL:MISSING_PROTEIN_ID::98 proteins have invalid IDs.
P003_WF12/P003_WF12:k141_83604_1 (length 383)
P003_WF12/P003_WF12:k141_83604_2 (length 187)
P003_WF12/P003_WF12:k141_83604_3 (length 141)
P003_WF12/P003_WF12:k141_83604_4 (length 180)
P003_WF12/P003_WF12:k141_83604_5 (length 176)
P003_WF12/P003_WF12:k141_83604_6 (length 101)
P003_WF12/P003_WF12:k141_83604_7 (length 81)
P003_WF12/P003_WF12:k141_83604_8 (length 500)
P003_WF12/P003_WF12:k141_83604_9 (length 319)
P003_WF12/P003_WF12:k141_83604_10 (length 739)
P003_WF12/P003_WF12:k141_83604_11 (length 67)
P003_WF12/P003_WF12:k141_6567_1 (length 29)
P003_WF12/P003_WF12:k141_6567_2 (length 147)
P003_WF12/P003_WF12:k141_6567_3 (length 239)
P003_WF12/P003_WF12:k141_6567_4 (length 65)
P003_WF12/P003_WF12:k141_6567_5 (length 120)
P003_WF12/P003_WF12:k141_6567_6 (length 123)
P003_WF12/P003_WF12:k141_6567_7 (length 136)
P003_WF12/P003_WF12:k141_6567_8 (length 113)
P003_WF12/P003_WF12:k141_6567_9 (length 61)
P003_WF12/P003_WF12:k141_6567_10 (length 143)
P003_WF12/P003_WF12:k141_6567_11 (length 341)
P003_WF12/P003_WF12:k141_6567_12 (length 174)
P003_WF12/P003_WF12:k141_6567_13 (length 232)
P003_WF12/P003_WF12:k141_6567_14 (length 72)
P003_WF12/P003_WF12:k141_6567_15 (length 38)
P003_WF12/P003_WF12:k141_6567_16 (length 508)
P003_WF12/P003_WF12:k141_6567_17 (length 77)
P003_WF12/P003_WF12:k141_6567_18 (length 216)
P003_WF12/P003_WF12:k141_6567_19 (length 78)
P003_WF12/P003_WF12:k141_6567_20 (length 119)
P003_WF12/P003_WF12:k141_6567_21 (length 170)
P003_WF12/P003_WF12:k141_6567_22 (length 52)
P003_WF12/P003_WF12:k141_6567_23 (length 37)
P003_WF12/P003_WF12:k141_6567_24 (length 38)
P003_WF12/P003_WF12:k141_6567_25 (length 83)
P003_WF12/P003_WF12:k141_6567_26 (length 50)
P003_WF12/P003_WF12:k141_6567_27 (length 307)
P003_WF12/P003_WF12:k141_6567_28 (length 225)
P003_WF12/P003_WF12:k141_6567_29 (length 185)
P003_WF12/P003_WF12:k141_6567_30 (length 36)
P003_WF12/P003_WF12:k141_6567_31 (length 54)
P003_WF12/P003_WF12:k141_6567_32 (length 65)
P003_WF12/P003_WF12:k141_6567_33 (length 477)
P003_WF12/P003_WF12:k141_6567_34 (length 498)
P003_WF12/P003_WF12:k141_6567_35 (length 137)
P003_WF12/P003_WF12:k141_6567_36 (length 120)
P003_WF12/P003_WF12:k141_6567_37 (length 246)
P003_WF12/P003_WF12:k141_6567_38 (length 162)
P003_WF12/P003_WF12:k141_6567_39 (length 68)
P003_WF12/P003_WF12:k141_6567_40 (length 54)
P003_WF12/P003_WF12:k141_6567_41 (length 201)
P003_WF12/P003_WF12:k141_6567_42 (length 55)
P003_WF12/P003_WF12:k141_6567_43 (length 82)
P003_WF12/P003_WF12:k141_6567_44 (length 45)
P003_WF12/P003_WF12:k141_6567_45 (length 750)
P003_WF12/P003_WF12:k141_42345_1 (length 353)
P003_WF12/P003_WF12:k141_42345_2 (length 511)
P003_WF12/P003_WF12:k141_42345_3 (length 65)
P003_WF12/P003_WF12:k141_42345_4 (length 118)
P003_WF12/P003_WF12:k141_42345_5 (length 95)
P003_WF12/P003_WF12:k141_42345_6 (length 58)
P003_WF12/P003_WF12:k141_42345_7 (length 353)
P003_WF12/P003_WF12:k141_42345_8 (length 473)
P003_WF12/P003_WF12:k141_42345_9 (length 56)
P003_WF12/P003_WF12:k141_42345_10 (length 70)
P003_WF12/P003_WF12:k141_42345_11 (length 42)
P003_WF12/P003_WF12:k141_42345_12 (length 34)
P003_WF12/P003_WF12:k141_42345_13 (length 38)
P003_WF12/P003_WF12:k141_42345_14 (length 1076)
P003_WF12/P003_WF12:k141_42345_15 (length 676)
P003_WF12/P003_WF12:k141_42345_16 (length 1473)
P003_WF12/P003_WF12:k141_42345_17 (length 236)
P003_WF12/P003_WF12:k141_42345_18 (length 285)
P003_WF12/P003_WF12:k141_42345_19 (length 55)
P003_WF12/P003_WF12:k141_42345_20 (length 81)
P003_WF12/P003_WF12:k141_42345_21 (length 56)
P003_WF12/P003_WF12:k141_42345_22 (length 71)
P003_WF12/P003_WF12:k141_42345_23 (length 50)
P003_WF12/P003_WF12:k141_42345_24 (length 123)
P003_WF12/P003_WF12:k141_42345_25 (length 504)
P003_WF12/P003_WF12:k141_42345_26 (length 103)
P003_WF12/P003_WF12:k141_42345_27 (length 734)
P003_WF12/P003_WF12:k141_31478_1 (length 90)
P003_WF12/P003_WF12:k141_31478_2 (length 78)
P003_WF12/P003_WF12:k141_31478_3 (length 74)
P003_WF12/P003_WF12:k141_31478_4 (length 73)
P003_WF12/P003_WF12:k141_31478_5 (length 64)
P003_WF12/P003_WF12:k141_31478_6 (length 52)
P003_WF12/P003_WF12:k141_31478_7 (length 156)
P003_WF12/P003_WF12:k141_31478_8 (length 282)
P003_WF12/P003_WF12:k141_31478_9 (length 204)
P003_WF12/P003_WF12:k141_31478_10 (length 131)
P003_WF12/P003_WF12:k141_31478_11 (length 258)
P003_WF12/P003_WF12:k141_31478_12 (length 77)
P003_WF12/P003_WF12:k141_31478_13 (length 112)
P003_WF12/P003_WF12:k141_31478_14 (length 165)
P003_WF12/P003_WF12:k141_31478_15 (length 93)

DiscRep_ALL:DISC_SOURCE_QUALS_ASNDISC::strain (all present, all same)
DiscRep_SUB:DISC_SOURCE_QUALS_ASNDISC::4 sources have 'strain' for strain
DiscRep_ALL:DISC_SOURCE_QUALS_ASNDISC::taxname (all present, all same)
DiscRep_SUB:DISC_SOURCE_QUALS_ASNDISC::4 sources have 'Genus species' for taxname
DiscRep_ALL:DISC_FEATURE_COUNT::CDS: 98 present
DiscRep_ALL:DISC_FEATURE_COUNT::tRNA: 24 present
DiscRep_ALL:DISC_FEATURE_COUNT::rRNA: 2 present
DiscRep_ALL:DISC_COUNT_NUCLEOTIDES::4 nucleotide Bioseqs are present
P003_WF12/P003_WF12:k141_83604 (length 12734)
P003_WF12/P003_WF12:k141_6567 (length 41110)
P003_WF12/P003_WF12:k141_42345 (length 38200)
P003_WF12/P003_WF12:k141_31478 (length 21235)

DiscRep_ALL:FEATURE_LOCATION_CONFLICT::124 features have inconsistent gene locations.
DiscRep_SUB:FEATURE_LOCATION_CONFLICT::Coding region xref gene does not exist
P003_WF12/P003_WF12:CDS	NADH-plastoquinone oxidoreductase subunit 7	k141_83604:3-1154	P003_WF12_00001

DiscRep_SUB:FEATURE_LOCATION_CONFLICT::Coding region xref gene does not exist
P003_WF12/P003_WF12:CDS	NADH-plastoquinone oxidoreductase subunit 1	k141_83604:1156-1719	P003_WF12_00002

DiscRep_SUB:FEATURE_LOCATION_CONFLICT::Coding region xref gene does not exist
P003_WF12/P003_WF12:CDS	NADH-plastoquinone oxidoreductase subunit 1	k141_83604:2843-3268	P003_WF12_00003

DiscRep_SUB:FEATURE_LOCATION_CONFLICT::Coding region xref gene does not exist
P003_WF12/P003_WF12:CDS	NADH-plastoquinone oxidoreductase subunit I	k141_83604:3370-3912	P003_WF12_00004

DiscRep_SUB:FEATURE_LOCATION_CONFLICT::Coding region xref gene does not exist
P003_WF12/P003_WF12:CDS	NADH-plastoquinone oxidoreductase subunit 6	k141_83604:4030-4560	P003_WF12_00005

DiscRep_SUB:FEATURE_LOCATION_CONFLICT::Coding region xref gene does not exist
P003_WF12/P003_WF12:CDS	NADH-plastoquinone oxidoreductase subunit 4L	k141_83604:4773-5078	P003_WF12_00006

DiscRep_SUB:FEATURE_LOCATION_CONFLICT::Coding region xref gene does not exist
P003_WF12/P003_WF12:CDS	photosystem I subunit VII	k141_83604:5571-5816	P003_WF12_00007

DiscRep_SUB:FEATURE_LOCATION_CONFLICT::Coding region xref gene does not exist
P003_WF12/P003_WF12:CDS	NADH-plastoquinone oxidoreductase subunit 4	k141_83604:5936-7438	P003_WF12_00008

DiscRep_SUB:FEATURE_LOCATION_CONFLICT::Coding region xref gene does not exist
P003_WF12/P003_WF12:CDS	cytochrome c heme attachment protein	k141_83604:c8582-7623	P003_WF12_00009

DiscRep_SUB:FEATURE_LOCATION_CONFLICT::Coding region xref gene does not exist
P003_WF12/P003_WF12:CDS	NADH-plastoquinone oxidoreductase subunit 5	k141_83604:10284-12503	P003_WF12_00011

DiscRep_SUB:FEATURE_LOCATION_CONFLICT::Coding region xref gene does not exist
P003_WF12/P003_WF12:CDS	NAD(P)H-quinone oxidoreductase subunit H, chloroplastic	k141_83604:c12732-12529	P003_WF12_00012

DiscRep_SUB:FEATURE_LOCATION_CONFLICT::RNA feature xref gene does not exist
P003_WF12/P003_WF12:tRNA	Leu	k141_83604:c8739-8660	P003_WF12_00010

DiscRep_SUB:FEATURE_LOCATION_CONFLICT::Coding region xref gene does not exist
P003_WF12/P003_WF12:CDS	hypothetical protein	k141_6567:16-105	P003_WF12_00013

DiscRep_SUB:FEATURE_LOCATION_CONFLICT::Coding region xref gene does not exist
P003_WF12/P003_WF12:CDS	hypothetical protein	k141_6567:184-627	P003_WF12_00014

DiscRep_SUB:FEATURE_LOCATION_CONFLICT::Coding region xref gene does not exist
P003_WF12/P003_WF12:CDS	ribosomal protein S3	k141_6567:700-1419	P003_WF12_00015

DiscRep_SUB:FEATURE_LOCATION_CONFLICT::Coding region xref gene does not exist
P003_WF12/P003_WF12:CDS	hypothetical protein	k141_6567:c1564-1367	P003_WF12_00016

DiscRep_SUB:FEATURE_LOCATION_CONFLICT::Coding region xref gene does not exist
P003_WF12/P003_WF12:CDS	ribosomal protein L16	k141_6567:2520-2882	P003_WF12_00017

DiscRep_SUB:FEATURE_LOCATION_CONFLICT::Coding region xref gene does not exist
P003_WF12/P003_WF12:CDS	ribosomal protein L14	k141_6567:3005-3376	P003_WF12_00018

DiscRep_SUB:FEATURE_LOCATION_CONFLICT::Coding region xref gene does not exist
P003_WF12/P003_WF12:CDS	ribosomal protein S8	k141_6567:3515-3925	P003_WF12_00019

DiscRep_SUB:FEATURE_LOCATION_CONFLICT::Coding region xref gene does not exist
P003_WF12/P003_WF12:CDS	Translation initiation factor IF-1	k141_6567:4030-4371	P003_WF12_00020

DiscRep_SUB:FEATURE_LOCATION_CONFLICT::Coding region xref gene does not exist
P003_WF12/P003_WF12:CDS	hypothetical protein	k141_6567:c4553-4368	P003_WF12_00021

DiscRep_SUB:FEATURE_LOCATION_CONFLICT::Coding region xref gene does not exist
P003_WF12/P003_WF12:CDS	ribosomal protein S11	k141_6567:4782-5213	P003_WF12_00022

DiscRep_SUB:FEATURE_LOCATION_CONFLICT::Coding region xref gene does not exist
P003_WF12/P003_WF12:CDS	DNA-directed RNA polymerase subunit alpha	k141_6567:5278-6303	P003_WF12_00023

DiscRep_SUB:FEATURE_LOCATION_CONFLICT::Coding region xref gene does not exist
P003_WF12/P003_WF12:CDS	cytochrome b6/f complex subunit IV	k141_6567:c7037-6513	P003_WF12_00024

DiscRep_SUB:FEATURE_LOCATION_CONFLICT::Coding region xref gene does not exist
P003_WF12/P003_WF12:CDS	cytochrome b6	k141_6567:c8621-7923	P003_WF12_00025

DiscRep_SUB:FEATURE_LOCATION_CONFLICT::Coding region xref gene does not exist
P003_WF12/P003_WF12:CDS	hypothetical protein	k141_6567:9505-9723	P003_WF12_00026

DiscRep_SUB:FEATURE_LOCATION_CONFLICT::Coding region xref gene does not exist
P003_WF12/P003_WF12:CDS	photosystem II protein T	k141_6567:c10074-9958	P003_WF12_00027

DiscRep_SUB:FEATURE_LOCATION_CONFLICT::Coding region xref gene does not exist
P003_WF12/P003_WF12:CDS	photosystem II CP47 chlorophyll apoprotein	k141_6567:c11769-10243	P003_WF12_00028

DiscRep_SUB:FEATURE_LOCATION_CONFLICT::Coding region xref gene does not exist
P003_WF12/P003_WF12:CDS	hypothetical protein	k141_6567:11848-12081	P003_WF12_00029

DiscRep_SUB:FEATURE_LOCATION_CONFLICT::Coding region xref gene does not exist
P003_WF12/P003_WF12:CDS	ATP-dependent Clp protease proteolytic subunit	k141_6567:12306-12956	P003_WF12_00030

DiscRep_SUB:FEATURE_LOCATION_CONFLICT::Coding region xref gene does not exist
P003_WF12/P003_WF12:CDS	hypothetical protein	k141_6567:13044-13280	P003_WF12_00031

DiscRep_SUB:FEATURE_LOCATION_CONFLICT::Coding region xref gene does not exist
P003_WF12/P003_WF12:CDS	ribosomal protein L20	k141_6567:13917-14276	P003_WF12_00032

DiscRep_SUB:FEATURE_LOCATION_CONFLICT::Coding region xref gene does not exist
P003_WF12/P003_WF12:CDS	hypothetical protein	k141_6567:c14946-14434	P003_WF12_00033

DiscRep_SUB:FEATURE_LOCATION_CONFLICT::Coding region xref gene does not exist
P003_WF12/P003_WF12:CDS	photosystem I subunit IX	k141_6567:c16023-15865	P003_WF12_00034

DiscRep_SUB:FEATURE_LOCATION_CONFLICT::Coding region xref gene does not exist
P003_WF12/P003_WF12:CDS	cytochrome b6/f complex subunit V	k141_6567:c16854-16741	P003_WF12_00037

DiscRep_SUB:FEATURE_LOCATION_CONFLICT::Coding region xref gene does not exist
P003_WF12/P003_WF12:CDS	hypothetical protein	k141_6567:c18039-17923	P003_WF12_00038

DiscRep_SUB:FEATURE_LOCATION_CONFLICT::Coding region xref gene does not exist
P003_WF12/P003_WF12:CDS	photosystem II cytochrome b559 alpha subunit	k141_6567:18287-18538	P003_WF12_00039

DiscRep_SUB:FEATURE_LOCATION_CONFLICT::Coding region xref gene does not exist
P003_WF12/P003_WF12:CDS	Cytochrome b559 subunit beta	k141_6567:18516-18668	P003_WF12_00040

DiscRep_SUB:FEATURE_LOCATION_CONFLICT::Coding region xref gene does not exist
P003_WF12/P003_WF12:CDS	cytochrome f	k141_6567:c20726-19803	P003_WF12_00041

DiscRep_SUB:FEATURE_LOCATION_CONFLICT::Coding region xref gene does not exist
P003_WF12/P003_WF12:CDS	envelope membrane protein	k141_6567:c21674-20997	P003_WF12_00042

DiscRep_SUB:FEATURE_LOCATION_CONFLICT::Coding region xref gene does not exist
P003_WF12/P003_WF12:CDS	photosystem I assembly protein Ycf4	k141_6567:c22465-21908	P003_WF12_00043

DiscRep_SUB:FEATURE_LOCATION_CONFLICT::Coding region xref gene does not exist
P003_WF12/P003_WF12:CDS	photosystem I subunit VIII	k141_6567:c22889-22779	P003_WF12_00044

DiscRep_SUB:FEATURE_LOCATION_CONFLICT::Coding region xref gene does not exist
P003_WF12/P003_WF12:CDS	hypothetical protein	k141_6567:c23293-23129	P003_WF12_00045

DiscRep_SUB:FEATURE_LOCATION_CONFLICT::Coding region xref gene does not exist
P003_WF12/P003_WF12:CDS	hypothetical protein	k141_6567:c23715-23518	P003_WF12_00046

DiscRep_SUB:FEATURE_LOCATION_CONFLICT::Coding region xref gene does not exist
P003_WF12/P003_WF12:CDS	ribulose-1,5-bisphosphate carboxylase/oxygenase large subunit	k141_6567:c25515-24082	P003_WF12_00047

DiscRep_SUB:FEATURE_LOCATION_CONFLICT::Coding region xref gene does not exist
P003_WF12/P003_WF12:CDS	ATP synthase CF1 beta subunit	k141_6567:26318-27814	P003_WF12_00048

DiscRep_SUB:FEATURE_LOCATION_CONFLICT::Coding region xref gene does not exist
P003_WF12/P003_WF12:CDS	ATP synthase CF1 epsilon subunit	k141_6567:27811-28224	P003_WF12_00049

DiscRep_SUB:FEATURE_LOCATION_CONFLICT::Coding region xref gene does not exist
P003_WF12/P003_WF12:CDS	NADH-plastoquinone oxidoreductase subunit 3	k141_6567:30140-30502	P003_WF12_00051

DiscRep_SUB:FEATURE_LOCATION_CONFLICT::Coding region xref gene does not exist
P003_WF12/P003_WF12:CDS	NADH-plastoquinone oxidoreductase subunit K	k141_6567:30493-31233	P003_WF12_00052

DiscRep_SUB:FEATURE_LOCATION_CONFLICT::Coding region xref gene does not exist
P003_WF12/P003_WF12:CDS	NADH-plastoquinone oxidoreductase subunit J	k141_6567:31320-31808	P003_WF12_00053

DiscRep_SUB:FEATURE_LOCATION_CONFLICT::Coding region xref gene does not exist
P003_WF12/P003_WF12:CDS	hypothetical protein	k141_6567:c32210-32004	P003_WF12_00054

DiscRep_SUB:FEATURE_LOCATION_CONFLICT::Coding region xref gene does not exist
P003_WF12/P003_WF12:CDS	hypothetical protein	k141_6567:c33481-33317	P003_WF12_00056

DiscRep_SUB:FEATURE_LOCATION_CONFLICT::Coding region xref gene does not exist
P003_WF12/P003_WF12:CDS	ribosomal protein S4	k141_6567:34648-35253	P003_WF12_00058

DiscRep_SUB:FEATURE_LOCATION_CONFLICT::Coding region xref gene does not exist
P003_WF12/P003_WF12:CDS	hypothetical protein	k141_6567:36094-36261	P003_WF12_00060

DiscRep_SUB:FEATURE_LOCATION_CONFLICT::Coding region xref gene does not exist
P003_WF12/P003_WF12:CDS	putative chloroplast RF34	k141_6567:37083-37331	P003_WF12_00061

DiscRep_SUB:FEATURE_LOCATION_CONFLICT::Coding region xref gene does not exist
P003_WF12/P003_WF12:CDS	hypothetical protein	k141_6567:37703-37840	P003_WF12_00062

DiscRep_SUB:FEATURE_LOCATION_CONFLICT::Coding region xref gene does not exist
P003_WF12/P003_WF12:CDS	photosystem I P700 apoprotein A1	k141_6567:38830-41082	P003_WF12_00063

DiscRep_SUB:FEATURE_LOCATION_CONFLICT::RNA feature xref gene does not exist
P003_WF12/P003_WF12:tRNA	Pro	k141_6567:16331-16406	P003_WF12_00035

DiscRep_SUB:FEATURE_LOCATION_CONFLICT::RNA feature xref gene does not exist
P003_WF12/P003_WF12:tRNA	Trp	k141_6567:16545-16618	P003_WF12_00036

DiscRep_SUB:FEATURE_LOCATION_CONFLICT::RNA feature xref gene does not exist
P003_WF12/P003_WF12:tRNA	Met	k141_6567:c28412-28338	P003_WF12_00050

DiscRep_SUB:FEATURE_LOCATION_CONFLICT::RNA feature xref gene does not exist
P003_WF12/P003_WF12:tRNA	Phe	k141_6567:c32468-32396	P003_WF12_00055

DiscRep_SUB:FEATURE_LOCATION_CONFLICT::RNA feature xref gene does not exist
P003_WF12/P003_WF12:tRNA	Thr	k141_6567:34263-34337	P003_WF12_00057

DiscRep_SUB:FEATURE_LOCATION_CONFLICT::RNA feature xref gene does not exist
P003_WF12/P003_WF12:tRNA	Ser	k141_6567:c35606-35520	P003_WF12_00059

DiscRep_SUB:FEATURE_LOCATION_CONFLICT::Coding region xref gene does not exist
P003_WF12/P003_WF12:CDS	photosystem II protein D1	k141_42345:c1285-224	P003_WF12_00064

DiscRep_SUB:FEATURE_LOCATION_CONFLICT::Coding region xref gene does not exist
P003_WF12/P003_WF12:CDS	maturase K	k141_42345:c3365-1830	P003_WF12_00065

DiscRep_SUB:FEATURE_LOCATION_CONFLICT::Coding region xref gene does not exist
P003_WF12/P003_WF12:CDS	hypothetical protein	k141_42345:4981-5178	P003_WF12_00066

DiscRep_SUB:FEATURE_LOCATION_CONFLICT::Coding region xref gene does not exist
P003_WF12/P003_WF12:CDS	Photosystem II reaction center protein K	k141_42345:6663-7019	P003_WF12_00068

DiscRep_SUB:FEATURE_LOCATION_CONFLICT::Coding region xref gene does not exist
P003_WF12/P003_WF12:CDS	hypothetical protein	k141_42345:7873-8160	P003_WF12_00070

DiscRep_SUB:FEATURE_LOCATION_CONFLICT::Coding region xref gene does not exist
P003_WF12/P003_WF12:CDS	hypothetical protein	k141_42345:c8427-8251	P003_WF12_00071

DiscRep_SUB:FEATURE_LOCATION_CONFLICT::Coding region xref gene does not exist
P003_WF12/P003_WF12:CDS	photosystem II protein D2	k141_42345:8713-9774	P003_WF12_00072

DiscRep_SUB:FEATURE_LOCATION_CONFLICT::Coding region xref gene does not exist
P003_WF12/P003_WF12:CDS	photosystem II CP43 chlorophyll apoprotein	k141_42345:9722-11143	P003_WF12_00073

DiscRep_SUB:FEATURE_LOCATION_CONFLICT::Coding region xref gene does not exist
P003_WF12/P003_WF12:CDS	hypothetical protein	k141_42345:c11575-11405	P003_WF12_00075

DiscRep_SUB:FEATURE_LOCATION_CONFLICT::Coding region xref gene does not exist
P003_WF12/P003_WF12:CDS	hypothetical protein	k141_42345:c11925-11713	P003_WF12_00076

DiscRep_SUB:FEATURE_LOCATION_CONFLICT::Coding region xref gene does not exist
P003_WF12/P003_WF12:CDS	hypothetical protein	k141_42345:c15727-15599	P003_WF12_00083

DiscRep_SUB:FEATURE_LOCATION_CONFLICT::Coding region xref gene does not exist
P003_WF12/P003_WF12:CDS	photosystem II protein M	k141_42345:16184-16288	P003_WF12_00084

DiscRep_SUB:FEATURE_LOCATION_CONFLICT::Coding region xref gene does not exist
P003_WF12/P003_WF12:CDS	hypothetical protein	k141_42345:16974-17090	P003_WF12_00085

DiscRep_SUB:FEATURE_LOCATION_CONFLICT::Coding region xref gene does not exist
P003_WF12/P003_WF12:CDS	RNA polymerase beta subunit	k141_42345:18822-22052	P003_WF12_00087

DiscRep_SUB:FEATURE_LOCATION_CONFLICT::Coding region xref gene does not exist
P003_WF12/P003_WF12:CDS	RNA polymerase beta' subunit	k141_42345:22090-24120	P003_WF12_00088

DiscRep_SUB:FEATURE_LOCATION_CONFLICT::Coding region xref gene does not exist
P003_WF12/P003_WF12:CDS	DNA-directed RNA polymerase subunit beta'	k141_42345:24324-28745	P003_WF12_00089

DiscRep_SUB:FEATURE_LOCATION_CONFLICT::Coding region xref gene does not exist
P003_WF12/P003_WF12:CDS	ribosomal protein S2	k141_42345:29063-29773	P003_WF12_00090

DiscRep_SUB:FEATURE_LOCATION_CONFLICT::Coding region xref gene does not exist
P003_WF12/P003_WF12:CDS	ATP synthase CF0 subunit IV	k141_42345:29907-30764	P003_WF12_00091

DiscRep_SUB:FEATURE_LOCATION_CONFLICT::Coding region xref gene does not exist
P003_WF12/P003_WF12:CDS	hypothetical protein	k141_42345:31053-31220	P003_WF12_00092

DiscRep_SUB:FEATURE_LOCATION_CONFLICT::Coding region xref gene does not exist
P003_WF12/P003_WF12:CDS	ATP synthase CF0 subunit III	k141_42345:31330-31575	P003_WF12_00093

DiscRep_SUB:FEATURE_LOCATION_CONFLICT::Coding region xref gene does not exist
P003_WF12/P003_WF12:CDS	ATP synthase CF0 subunit I	k141_42345:31806-31976	P003_WF12_00094

DiscRep_SUB:FEATURE_LOCATION_CONFLICT::Coding region xref gene does not exist
P003_WF12/P003_WF12:CDS	hypothetical protein	k141_42345:c32336-32121	P003_WF12_00095

DiscRep_SUB:FEATURE_LOCATION_CONFLICT::Coding region xref gene does not exist
P003_WF12/P003_WF12:CDS	hypothetical protein	k141_42345:c32774-32622	P003_WF12_00096

DiscRep_SUB:FEATURE_LOCATION_CONFLICT::Coding region xref gene does not exist
P003_WF12/P003_WF12:CDS	ATP synthase CF0 subunit I	k141_42345:32810-33181	P003_WF12_00097

DiscRep_SUB:FEATURE_LOCATION_CONFLICT::Coding region xref gene does not exist
P003_WF12/P003_WF12:CDS	ATP synthase CF1 alpha subunit	k141_42345:33279-34793	P003_WF12_00098

DiscRep_SUB:FEATURE_LOCATION_CONFLICT::Coding region xref gene does not exist
P003_WF12/P003_WF12:CDS	ribosomal protein S14	k141_42345:c35696-35385	P003_WF12_00100

DiscRep_SUB:FEATURE_LOCATION_CONFLICT::Coding region xref gene does not exist
P003_WF12/P003_WF12:CDS	photosystem I P700 apoprotein A2	k141_42345:c38062-35858	P003_WF12_00101

DiscRep_SUB:FEATURE_LOCATION_CONFLICT::RNA feature xref gene does not exist
P003_WF12/P003_WF12:tRNA	Gln	k141_42345:c6490-6419	P003_WF12_00067

DiscRep_SUB:FEATURE_LOCATION_CONFLICT::RNA feature xref gene does not exist
P003_WF12/P003_WF12:tRNA	Ser	k141_42345:c7739-7651	P003_WF12_00069

DiscRep_SUB:FEATURE_LOCATION_CONFLICT::RNA feature xref gene does not exist
P003_WF12/P003_WF12:tRNA	Ser	k141_42345:c11387-11300	P003_WF12_00074

DiscRep_SUB:FEATURE_LOCATION_CONFLICT::RNA feature xref gene does not exist
P003_WF12/P003_WF12:tRNA	Gly	k141_42345:12216-12287	P003_WF12_00077

DiscRep_SUB:FEATURE_LOCATION_CONFLICT::RNA feature xref gene does not exist
P003_WF12/P003_WF12:tRNA	Met	k141_42345:c12778-12703	P003_WF12_00078

DiscRep_SUB:FEATURE_LOCATION_CONFLICT::RNA feature xref gene does not exist
P003_WF12/P003_WF12:tRNA	Thr	k141_42345:14254-14327	P003_WF12_00079

DiscRep_SUB:FEATURE_LOCATION_CONFLICT::RNA feature xref gene does not exist
P003_WF12/P003_WF12:tRNA	Glu	k141_42345:14866-14940	P003_WF12_00080

DiscRep_SUB:FEATURE_LOCATION_CONFLICT::RNA feature xref gene does not exist
P003_WF12/P003_WF12:tRNA	Tyr	k141_42345:15000-15085	P003_WF12_00081

DiscRep_SUB:FEATURE_LOCATION_CONFLICT::RNA feature xref gene does not exist
P003_WF12/P003_WF12:tRNA	Asp	k141_42345:15404-15477	P003_WF12_00082

DiscRep_SUB:FEATURE_LOCATION_CONFLICT::RNA feature xref gene does not exist
P003_WF12/P003_WF12:tRNA	Cys	k141_42345:c17647-17577	P003_WF12_00086

DiscRep_SUB:FEATURE_LOCATION_CONFLICT::RNA feature xref gene does not exist
P003_WF12/P003_WF12:tRNA	Arg	k141_42345:c35006-34935	P003_WF12_00099

DiscRep_SUB:FEATURE_LOCATION_CONFLICT::Coding region xref gene does not exist
P003_WF12/P003_WF12:CDS	ribosomal protein S15	k141_31478:c580-308	P003_WF12_00102

DiscRep_SUB:FEATURE_LOCATION_CONFLICT::Coding region xref gene does not exist
P003_WF12/P003_WF12:CDS	hypothetical protein	k141_31478:7047-7283	P003_WF12_00106

DiscRep_SUB:FEATURE_LOCATION_CONFLICT::Coding region xref gene does not exist
P003_WF12/P003_WF12:CDS	hypothetical protein	k141_31478:7912-8136	P003_WF12_00107

DiscRep_SUB:FEATURE_LOCATION_CONFLICT::Coding region xref gene does not exist
P003_WF12/P003_WF12:CDS	hypothetical protein	k141_31478:10595-10816	P003_WF12_00110

DiscRep_SUB:FEATURE_LOCATION_CONFLICT::Coding region xref gene does not exist
P003_WF12/P003_WF12:CDS	hypothetical protein	k141_31478:c11048-10854	P003_WF12_00111

DiscRep_SUB:FEATURE_LOCATION_CONFLICT::Coding region xref gene does not exist
P003_WF12/P003_WF12:CDS	hypothetical protein	k141_31478:12076-12234	P003_WF12_00112

DiscRep_SUB:FEATURE_LOCATION_CONFLICT::Coding region xref gene does not exist
P003_WF12/P003_WF12:CDS	ribosomal protein S7	k141_31478:12573-13043	P003_WF12_00113

DiscRep_SUB:FEATURE_LOCATION_CONFLICT::Coding region xref gene does not exist
P003_WF12/P003_WF12:CDS	NADH-plastoquinone oxidoreductase subunit 2	k141_31478:13343-14191	P003_WF12_00114

DiscRep_SUB:FEATURE_LOCATION_CONFLICT::Coding region xref gene does not exist
P003_WF12/P003_WF12:CDS	NADH-plastoquinone oxidoreductase subunit 2	k141_31478:14980-15594	P003_WF12_00115

DiscRep_SUB:FEATURE_LOCATION_CONFLICT::Coding region xref gene does not exist
P003_WF12/P003_WF12:CDS	hypothetical protein	k141_31478:c16898-16503	P003_WF12_00117

DiscRep_SUB:FEATURE_LOCATION_CONFLICT::Coding region xref gene does not exist
P003_WF12/P003_WF12:CDS	hypothetical protein	k141_31478:c18198-17422	P003_WF12_00118

DiscRep_SUB:FEATURE_LOCATION_CONFLICT::Coding region xref gene does not exist
P003_WF12/P003_WF12:CDS	ribosomal protein L23	k141_31478:18920-19153	P003_WF12_00120

DiscRep_SUB:FEATURE_LOCATION_CONFLICT::Coding region xref gene does not exist
P003_WF12/P003_WF12:CDS	ribosomal protein L2	k141_31478:19235-19573	P003_WF12_00121

DiscRep_SUB:FEATURE_LOCATION_CONFLICT::Coding region xref gene does not exist
P003_WF12/P003_WF12:CDS	ribosomal protein L2	k141_31478:20159-20656	P003_WF12_00122

DiscRep_SUB:FEATURE_LOCATION_CONFLICT::Coding region xref gene does not exist
P003_WF12/P003_WF12:CDS	ribosomal protein S19	k141_31478:20918-21199	P003_WF12_00124

DiscRep_SUB:FEATURE_LOCATION_CONFLICT::RNA feature xref gene does not exist
P003_WF12/P003_WF12:tRNA	Asn	k141_31478:2117-2190	P003_WF12_00103

DiscRep_SUB:FEATURE_LOCATION_CONFLICT::RNA feature xref gene does not exist
P003_WF12/P003_WF12:tRNA	Arg	k141_31478:c2516-2442	P003_WF12_00104

DiscRep_SUB:FEATURE_LOCATION_CONFLICT::RNA feature xref gene does not exist
P003_WF12/P003_WF12:rRNA	23S ribosomal RNA	k141_31478:c6168-3093	P003_WF12_00105

DiscRep_SUB:FEATURE_LOCATION_CONFLICT::RNA feature xref gene does not exist
P003_WF12/P003_WF12:rRNA	16S ribosomal RNA	k141_31478:c9942-8456	P003_WF12_00108

DiscRep_SUB:FEATURE_LOCATION_CONFLICT::RNA feature xref gene does not exist
P003_WF12/P003_WF12:tRNA	Val	k141_31478:c10248-10177	P003_WF12_00109

DiscRep_SUB:FEATURE_LOCATION_CONFLICT::RNA feature xref gene does not exist
P003_WF12/P003_WF12:tRNA	Leu	k141_31478:16103-16185	P003_WF12_00116

DiscRep_SUB:FEATURE_LOCATION_CONFLICT::RNA feature xref gene does not exist
P003_WF12/P003_WF12:tRNA	Met	k141_31478:18624-18698	P003_WF12_00119

DiscRep_SUB:FEATURE_LOCATION_CONFLICT::RNA feature xref gene does not exist
P003_WF12/P003_WF12:tRNA	His	k141_31478:c20785-20711	P003_WF12_00123

DiscRep_ALL:SUSPECT_PRODUCT_NAMES::2 product_names contain suspect phrase or characters
DiscRep_SUB:SUSPECT_PRODUCT_NAMES::May contain database identifier more appropriate in note; remove from product name
DiscRep_SUB:SUSPECT_PRODUCT_NAMES::2 features contains three or more numbers together that may be identifiers more appropriate in note
P003_WF12/P003_WF12:CDS	photosystem I P700 apoprotein A1	k141_6567:38830-41082	P003_WF12_00063
P003_WF12/P003_WF12:CDS	photosystem I P700 apoprotein A2	k141_42345:c38062-35858	P003_WF12_00101

DiscRep_ALL:DISC_QUALITY_SCORES::Quality scores are missing on all sequences.

DiscRep_ALL:ONCALLER_COMMENT_PRESENT::4 comment descriptors were found (all same)
P003_WF12/P003_WF12:k141_83604:Annotated using prokka 1.14.5 from https://github.com/tseemann/prokka
P003_WF12/P003_WF12:k141_6567:Annotated using prokka 1.14.5 from https://github.com/tseemann/prokka
P003_WF12/P003_WF12:k141_42345:Annotated using prokka 1.14.5 from https://github.com/tseemann/prokka
P003_WF12/P003_WF12:k141_31478:Annotated using prokka 1.14.5 from https://github.com/tseemann/prokka

DiscRep_ALL:SHORT_PROT_SEQUENCES::9 protein sequences are shorter than 50 aa.
P003_WF12/P003_WF12:k141_6567_1 (length 29)
P003_WF12/P003_WF12:k141_6567_15 (length 38)
P003_WF12/P003_WF12:k141_6567_23 (length 37)
P003_WF12/P003_WF12:k141_6567_24 (length 38)
P003_WF12/P003_WF12:k141_6567_30 (length 36)
P003_WF12/P003_WF12:k141_6567_44 (length 45)
P003_WF12/P003_WF12:k141_42345_11 (length 42)
P003_WF12/P003_WF12:k141_42345_12 (length 34)
P003_WF12/P003_WF12:k141_42345_13 (length 38)

DiscRep_ALL:MISSING_GENOMEASSEMBLY_COMMENTS::4 bioseqs are missing GenomeAssembly structured comments
P003_WF12/P003_WF12:k141_83604 (length 12734)
P003_WF12/P003_WF12:k141_6567 (length 41110)
P003_WF12/P003_WF12:k141_42345 (length 38200)
P003_WF12/P003_WF12:k141_31478 (length 21235)

DiscRep_ALL:MOLTYPE_NOT_MRNA::4 molecule types are not set as mRNA.
P003_WF12/P003_WF12:k141_83604 (length 12734)
P003_WF12/P003_WF12:k141_6567 (length 41110)
P003_WF12/P003_WF12:k141_42345 (length 38200)
P003_WF12/P003_WF12:k141_31478 (length 21235)

DiscRep_ALL:TECHNIQUE_NOT_TSA::4 technique are not set as TSA
P003_WF12/P003_WF12:k141_83604 (length 12734)
P003_WF12/P003_WF12:k141_6567 (length 41110)
P003_WF12/P003_WF12:k141_42345 (length 38200)
P003_WF12/P003_WF12:k141_31478 (length 21235)

DiscRep_ALL:MISSING_STRUCTURED_COMMENT::4 sequences do not include structured comments.
P003_WF12/P003_WF12:k141_83604 (length 12734)
P003_WF12/P003_WF12:k141_6567 (length 41110)
P003_WF12/P003_WF12:k141_42345 (length 38200)
P003_WF12/P003_WF12:k141_31478 (length 21235)

DiscRep_ALL:MISSING_PROJECT::102 sequences do not include project.
P003_WF12/P003_WF12:k141_83604 (length 12734)
P003_WF12/P003_WF12:k141_83604_1 (length 383)
P003_WF12/P003_WF12:k141_83604_2 (length 187)
P003_WF12/P003_WF12:k141_83604_3 (length 141)
P003_WF12/P003_WF12:k141_83604_4 (length 180)
P003_WF12/P003_WF12:k141_83604_5 (length 176)
P003_WF12/P003_WF12:k141_83604_6 (length 101)
P003_WF12/P003_WF12:k141_83604_7 (length 81)
P003_WF12/P003_WF12:k141_83604_8 (length 500)
P003_WF12/P003_WF12:k141_83604_9 (length 319)
P003_WF12/P003_WF12:k141_83604_10 (length 739)
P003_WF12/P003_WF12:k141_83604_11 (length 67)
P003_WF12/P003_WF12:k141_6567 (length 41110)
P003_WF12/P003_WF12:k141_6567_1 (length 29)
P003_WF12/P003_WF12:k141_6567_2 (length 147)
P003_WF12/P003_WF12:k141_6567_3 (length 239)
P003_WF12/P003_WF12:k141_6567_4 (length 65)
P003_WF12/P003_WF12:k141_6567_5 (length 120)
P003_WF12/P003_WF12:k141_6567_6 (length 123)
P003_WF12/P003_WF12:k141_6567_7 (length 136)
P003_WF12/P003_WF12:k141_6567_8 (length 113)
P003_WF12/P003_WF12:k141_6567_9 (length 61)
P003_WF12/P003_WF12:k141_6567_10 (length 143)
P003_WF12/P003_WF12:k141_6567_11 (length 341)
P003_WF12/P003_WF12:k141_6567_12 (length 174)
P003_WF12/P003_WF12:k141_6567_13 (length 232)
P003_WF12/P003_WF12:k141_6567_14 (length 72)
P003_WF12/P003_WF12:k141_6567_15 (length 38)
P003_WF12/P003_WF12:k141_6567_16 (length 508)
P003_WF12/P003_WF12:k141_6567_17 (length 77)
P003_WF12/P003_WF12:k141_6567_18 (length 216)
P003_WF12/P003_WF12:k141_6567_19 (length 78)
P003_WF12/P003_WF12:k141_6567_20 (length 119)
P003_WF12/P003_WF12:k141_6567_21 (length 170)
P003_WF12/P003_WF12:k141_6567_22 (length 52)
P003_WF12/P003_WF12:k141_6567_23 (length 37)
P003_WF12/P003_WF12:k141_6567_24 (length 38)
P003_WF12/P003_WF12:k141_6567_25 (length 83)
P003_WF12/P003_WF12:k141_6567_26 (length 50)
P003_WF12/P003_WF12:k141_6567_27 (length 307)
P003_WF12/P003_WF12:k141_6567_28 (length 225)
P003_WF12/P003_WF12:k141_6567_29 (length 185)
P003_WF12/P003_WF12:k141_6567_30 (length 36)
P003_WF12/P003_WF12:k141_6567_31 (length 54)
P003_WF12/P003_WF12:k141_6567_32 (length 65)
P003_WF12/P003_WF12:k141_6567_33 (length 477)
P003_WF12/P003_WF12:k141_6567_34 (length 498)
P003_WF12/P003_WF12:k141_6567_35 (length 137)
P003_WF12/P003_WF12:k141_6567_36 (length 120)
P003_WF12/P003_WF12:k141_6567_37 (length 246)
P003_WF12/P003_WF12:k141_6567_38 (length 162)
P003_WF12/P003_WF12:k141_6567_39 (length 68)
P003_WF12/P003_WF12:k141_6567_40 (length 54)
P003_WF12/P003_WF12:k141_6567_41 (length 201)
P003_WF12/P003_WF12:k141_6567_42 (length 55)
P003_WF12/P003_WF12:k141_6567_43 (length 82)
P003_WF12/P003_WF12:k141_6567_44 (length 45)
P003_WF12/P003_WF12:k141_6567_45 (length 750)
P003_WF12/P003_WF12:k141_42345 (length 38200)
P003_WF12/P003_WF12:k141_42345_1 (length 353)
P003_WF12/P003_WF12:k141_42345_2 (length 511)
P003_WF12/P003_WF12:k141_42345_3 (length 65)
P003_WF12/P003_WF12:k141_42345_4 (length 118)
P003_WF12/P003_WF12:k141_42345_5 (length 95)
P003_WF12/P003_WF12:k141_42345_6 (length 58)
P003_WF12/P003_WF12:k141_42345_7 (length 353)
P003_WF12/P003_WF12:k141_42345_8 (length 473)
P003_WF12/P003_WF12:k141_42345_9 (length 56)
P003_WF12/P003_WF12:k141_42345_10 (length 70)
P003_WF12/P003_WF12:k141_42345_11 (length 42)
P003_WF12/P003_WF12:k141_42345_12 (length 34)
P003_WF12/P003_WF12:k141_42345_13 (length 38)
P003_WF12/P003_WF12:k141_42345_14 (length 1076)
P003_WF12/P003_WF12:k141_42345_15 (length 676)
P003_WF12/P003_WF12:k141_42345_16 (length 1473)
P003_WF12/P003_WF12:k141_42345_17 (length 236)
P003_WF12/P003_WF12:k141_42345_18 (length 285)
P003_WF12/P003_WF12:k141_42345_19 (length 55)
P003_WF12/P003_WF12:k141_42345_20 (length 81)
P003_WF12/P003_WF12:k141_42345_21 (length 56)
P003_WF12/P003_WF12:k141_42345_22 (length 71)
P003_WF12/P003_WF12:k141_42345_23 (length 50)
P003_WF12/P003_WF12:k141_42345_24 (length 123)
P003_WF12/P003_WF12:k141_42345_25 (length 504)
P003_WF12/P003_WF12:k141_42345_26 (length 103)
P003_WF12/P003_WF12:k141_42345_27 (length 734)
P003_WF12/P003_WF12:k141_31478 (length 21235)
P003_WF12/P003_WF12:k141_31478_1 (length 90)
P003_WF12/P003_WF12:k141_31478_2 (length 78)
P003_WF12/P003_WF12:k141_31478_3 (length 74)
P003_WF12/P003_WF12:k141_31478_4 (length 73)
P003_WF12/P003_WF12:k141_31478_5 (length 64)
P003_WF12/P003_WF12:k141_31478_6 (length 52)
P003_WF12/P003_WF12:k141_31478_7 (length 156)
P003_WF12/P003_WF12:k141_31478_8 (length 282)
P003_WF12/P003_WF12:k141_31478_9 (length 204)
P003_WF12/P003_WF12:k141_31478_10 (length 131)
P003_WF12/P003_WF12:k141_31478_11 (length 258)
P003_WF12/P003_WF12:k141_31478_12 (length 77)
P003_WF12/P003_WF12:k141_31478_13 (length 112)
P003_WF12/P003_WF12:k141_31478_14 (length 165)
P003_WF12/P003_WF12:k141_31478_15 (length 93)

DiscRep_ALL:DISC_INCONSISTENT_MOLINFO_TECH::Molinfo Technique Report (some missing, all same)
DiscRep_SUB:DISC_INCONSISTENT_MOLINFO_TECH::technique (all missing)
DiscRep_SUB:DISC_INCONSISTENT_MOLINFO_TECH::4 Molinfos are missing field technique
P003_WF12/P003_WF12:k141_6567 (length 41110)
P003_WF12/P003_WF12:k141_31478 (length 21235)
P003_WF12/P003_WF12:k141_42345 (length 38200)
P003_WF12/P003_WF12:k141_83604 (length 12734)

