[16:42:26] This is prokka 1.14.5
[16:42:26] Written by Torsten Seemann <torsten.seemann@gmail.com>
[16:42:26] Homepage is https://github.com/tseemann/prokka
[16:42:26] Local time is Fri Nov 26 16:42:26 2021
[16:42:26] You are ruud
[16:42:26] Operating system is linux
[16:42:26] You have BioPerl 1.7.8
[16:42:26] System has 40 cores.
[16:42:26] Will use maximum of 40 cores.
[16:42:26] Annotating as >>> Bacteria <<<
[16:42:26] Creating new output folder: P002_WD05
[16:42:26] Running: mkdir -p P002_WD05
[16:42:26] Using filename prefix: P002_WD05.XXX
[16:42:26] Setting HMMER_NCPU=1
[16:42:26] Writing log to: P002_WD05/P002_WD05.log
[16:42:26] Command: /usr/local/packages/prokka-1.14.5/bin/prokka --cpus 40 --prefix P002_WD05 --Kingdom Bacteria --locustag P002_WD05 --proteins vaccinium.gb ../02_Blast/chloroplast_contigs_rapid_genomics_run2/P002_WD05_chloroplast_contigs.fa
[16:42:26] Appending to PATH: /home/local/packages/prokka-1.14.5/bin/../binaries/linux
[16:42:26] Appending to PATH: /home/local/packages/prokka-1.14.5/bin/../binaries/linux/../common
[16:42:26] Appending to PATH: /home/local/packages/prokka-1.14.5/bin
[16:42:26] Looking for 'aragorn' - found /usr/local/packages/Anaconda3-2019.10/bin/aragorn
[16:42:26] Determined aragorn version is 001002 from 'ARAGORN v1.2.38 Dean Laslett'
[16:42:26] Looking for 'barrnap' - found /usr/local/packages/Anaconda3-2019.10/bin/barrnap
[16:42:26] Determined barrnap version is 000009 from 'barrnap 0.9'
[16:42:26] Looking for 'blastp' - found /usr/local/packages/Anaconda3-2019.10/bin/blastp
[16:42:27] Determined blastp version is 002011 from 'blastp: 2.11.0+'
[16:42:27] Looking for 'cmpress' - found /usr/local/packages/Anaconda3-2019.10/bin/cmpress
[16:42:27] Determined cmpress version is 001001 from '# INFERNAL 1.1.2 (July 2016)'
[16:42:27] Looking for 'cmscan' - found /usr/local/packages/Anaconda3-2019.10/bin/cmscan
[16:42:27] Determined cmscan version is 001001 from '# INFERNAL 1.1.2 (July 2016)'
[16:42:27] Looking for 'egrep' - found /bin/egrep
[16:42:27] Looking for 'find' - found /bin/find
[16:42:27] Looking for 'grep' - found /bin/grep
[16:42:27] Looking for 'hmmpress' - found /usr/local/packages/Anaconda3-2019.10/bin/hmmpress
[16:42:27] Determined hmmpress version is 003003 from '# HMMER 3.3.2 (Nov 2020); http://hmmer.org/'
[16:42:27] Looking for 'hmmscan' - found /usr/local/packages/Anaconda3-2019.10/bin/hmmscan
[16:42:27] Determined hmmscan version is 003003 from '# HMMER 3.3.2 (Nov 2020); http://hmmer.org/'
[16:42:27] Looking for 'java' - found /usr/local/packages/jdk1.8.0_191/bin/java
[16:42:27] Looking for 'makeblastdb' - found /usr/local/packages/Anaconda3-2019.10/bin/makeblastdb
[16:42:27] Determined makeblastdb version is 002011 from 'makeblastdb: 2.11.0+'
[16:42:27] Looking for 'minced' - found /usr/local/packages/Anaconda3-2019.10/bin/minced
[16:42:27] Determined minced version is 004002 from 'minced 0.4.2'
[16:42:27] Looking for 'parallel' - found /usr/local/packages/Anaconda3-2019.10/bin/parallel
[16:42:28] Determined parallel version is 20210822 from 'GNU parallel 20210822'
[16:42:28] Looking for 'prodigal' - found /usr/local/packages/Anaconda3-2019.10/bin/prodigal
[16:42:28] Determined prodigal version is 002006 from 'Prodigal V2.6.3: February, 2016'
[16:42:28] Looking for 'prokka-genbank_to_fasta_db' - found /usr/local/packages/prokka-1.14.5/bin/prokka-genbank_to_fasta_db
[16:42:28] Looking for 'sed' - found /bin/sed
[16:42:28] Looking for 'tbl2asn' - found /usr/local/packages/Anaconda3-2019.10/bin/tbl2asn
[16:42:28] Determined tbl2asn version is 025008 from 'tbl2asn 25.8   arguments:'
[16:42:28] Using genetic code table 11.
[16:42:28] Loading and checking input file: ../02_Blast/chloroplast_contigs_rapid_genomics_run2/P002_WD05_chloroplast_contigs.fa
[16:42:28] Wrote 4 contigs totalling 127063 bp.
[16:42:28] Predicting tRNAs and tmRNAs
[16:42:28] Running: aragorn -l -gc11  -w P002_WD05\/P002_WD05\.fna
[16:42:28] 1 tRNA-Pro [17474,17549] 35 (tgg)
[16:42:28] 2 tRNA-Trp [17716,17790] 35 (cca)
[16:42:28] 3 tRNA-Met c[32034,32106] 34 (cat)
[16:42:28] 4 tRNA-Phe c[36361,36434] 34 (gaa)
[16:42:28] 5 tRNA-Thr [38057,38131] 35 (tgt)
[16:42:28] 6 tRNA-Ser c[39393,39479] 35 (gga)
[16:42:28] 7 tRNA-Met [48133,48207] 35 (cat)
[16:42:28] 8 tRNA-Gly c[48372,48443] 33 (gcc)
[16:42:28] 9 tRNA-Ser [49255,49347] 35 (tga)
[16:42:28] 10 tRNA-Thr c[53384,53457] 34 (ggt)
[16:42:28] 11 tRNA-Glu [54022,54094] 35 (ttc)
[16:42:28] 12 tRNA-Tyr [54153,54239] 36 (gta)
[16:42:28] 13 tRNA-Asp [54350,54426] 36 (gtc)
[16:42:28] 14 tRNA-Cys c[56556,56626] 33 (gca)
[16:42:28] 15 tRNA-Arg c[74676,74747] 34 (tct)
[16:42:28] 16 tRNA-Ser [76382,76469] 35 (gct)
[16:42:28] 17 tRNA-Gln [77618,77689] 33 (ttg)
[16:42:28] 18 tRNA-His [84362,84436] 35 (gtg)
[16:42:28] 1 tRNA-Leu [198,277] 35 (tag)
[16:42:28] 1 tRNA-Met c[2078,2152] 34 (cat)
[16:42:28] 2 tRNA-Leu c[9755,9837] 35 (caa)
[16:42:28] 3 tRNA-Val [15802,15873] 33 (gac)
[16:42:28] 4 tRNA-Arg [23639,23713] 35 (acg)
[16:42:28] 5 tRNA-Asn c[24281,24354] 34 (gtt)
[16:42:28] Found 24 tRNAs
[16:42:28] Predicting Ribosomal RNAs
[16:42:28] Running Barrnap with 40 threads
[16:42:29] 1 k141_20315 16105 16S ribosomal RNA
[16:42:29] 2 k141_20315 20018 23S ribosomal RNA
[16:42:29] 3 k141_28546 1020 23S ribosomal RNA
[16:42:29] Found 3 rRNAs
[16:42:29] Skipping ncRNA search, enable with --rfam if desired.
[16:42:29] Total of 27 tRNA + rRNA features
[16:42:29] Searching for CRISPR repeats
[16:42:30] Found 0 CRISPRs
[16:42:30] Predicting coding sequences
[16:42:30] Contigs total 127063 bp, so using single mode
[16:42:30] Running: prodigal -i P002_WD05\/P002_WD05\.fna -c -m -g 11 -p single -f sco -q
[16:42:30] Excluding CDS which overlaps existing RNA (tRNA) at k141_30947:17360..17542 on - strand
[16:42:30] Excluding CDS which overlaps existing RNA (tRNA) at k141_30947:36291..36437 on - strand
[16:42:30] Excluding CDS which overlaps existing RNA (tRNA) at k141_30947:54219..54452 on - strand
[16:42:30] Excluding CDS which overlaps existing RNA (tRNA) at k141_30947:76350..76529 on + strand
[16:42:30] Excluding CDS which overlaps existing RNA (tRNA) at k141_20315:15813..16106 on - strand
[16:42:30] Excluding CDS which overlaps existing RNA (rRNA) at k141_20315:19801..20076 on + strand
[16:42:30] Excluding CDS which overlaps existing RNA (rRNA) at k141_20315:22687..23082 on - strand
[16:42:30] Excluding CDS which overlaps existing RNA (tRNA) at k141_20315:24247..24375 on - strand
[16:42:30] Excluding CDS which overlaps existing RNA (rRNA) at k141_28546:2494..2982 on - strand
[16:42:30] Found 93 CDS
[16:42:30] Connecting features back to sequences
[16:42:30] Not using genus-specific database. Try --usegenus to enable it.
[16:42:30] Preparing user-supplied primary BLAST annotation source: vaccinium.gb
[16:42:30] Guessed source was in genbank format.
[16:42:30] Converting genbank 'vaccinium.gb' into Prokka FASTA 'P002_WD05/proteins.faa'
[16:42:30] Running: prokka-genbank_to_fasta_db --format genbank vaccinium\.gb > P002_WD05\/proteins\.faa 2> /dev/null
[16:42:30] Running: makeblastdb -dbtype prot -in P002_WD05\/proteins\.faa -out P002_WD05\/proteins -logfile /dev/null
[16:42:31] Using /inference source as 'vaccinium.gb'
[16:42:31] Annotating CDS, please be patient.
[16:42:31] Will use 40 CPUs for similarity searching.
[16:42:31] There are still 93 unannotated CDS left (started with 93)
[16:42:31] Will use blast to search against P002_WD05/proteins with 40 CPUs
[16:42:31] Running: cat P002_WD05\/P002_WD05\.proteins\.tmp\.35535\.faa | parallel --gnu --plain -j 40 --block 279 --recstart '>' --pipe blastp -query - -db P002_WD05/proteins -evalue 1e-09 -qcov_hsp_perc 80 -num_threads 1 -num_descriptions 1 -num_alignments 1 -seg no > P002_WD05\/P002_WD05\.proteins\.tmp\.35535\.blast 2> /dev/null
[16:42:33] Deleting unwanted file: P002_WD05/P002_WD05.proteins.tmp.35535.faa
[16:42:33] Deleting unwanted file: P002_WD05/P002_WD05.proteins.tmp.35535.blast
[16:42:33] There are still 34 unannotated CDS left (started with 93)
[16:42:33] Will use blast to search against /home/local/packages/prokka-1.14.5/db/kingdom/Bacteria/IS with 40 CPUs
[16:42:33] Running: cat P002_WD05\/P002_WD05\.IS\.tmp\.35535\.faa | parallel --gnu --plain -j 40 --block 91 --recstart '>' --pipe blastp -query - -db /home/local/packages/prokka-1.14.5/db/kingdom/Bacteria/IS -evalue 1e-30 -qcov_hsp_perc 90 -num_threads 1 -num_descriptions 1 -num_alignments 1 -seg no > P002_WD05\/P002_WD05\.IS\.tmp\.35535\.blast 2> /dev/null
[16:42:34] Deleting unwanted file: P002_WD05/P002_WD05.IS.tmp.35535.faa
[16:42:34] Deleting unwanted file: P002_WD05/P002_WD05.IS.tmp.35535.blast
[16:42:34] There are still 34 unannotated CDS left (started with 93)
[16:42:34] Will use blast to search against /home/local/packages/prokka-1.14.5/db/kingdom/Bacteria/AMR with 40 CPUs
[16:42:34] Running: cat P002_WD05\/P002_WD05\.AMR\.tmp\.35535\.faa | parallel --gnu --plain -j 40 --block 91 --recstart '>' --pipe blastp -query - -db /home/local/packages/prokka-1.14.5/db/kingdom/Bacteria/AMR -evalue 1e-300 -qcov_hsp_perc 90 -num_threads 1 -num_descriptions 1 -num_alignments 1 -seg no > P002_WD05\/P002_WD05\.AMR\.tmp\.35535\.blast 2> /dev/null
[16:42:36] Deleting unwanted file: P002_WD05/P002_WD05.AMR.tmp.35535.faa
[16:42:36] Deleting unwanted file: P002_WD05/P002_WD05.AMR.tmp.35535.blast
[16:42:36] There are still 34 unannotated CDS left (started with 93)
[16:42:36] Will use blast to search against /home/local/packages/prokka-1.14.5/db/kingdom/Bacteria/sprot with 40 CPUs
[16:42:36] Running: cat P002_WD05\/P002_WD05\.sprot\.tmp\.35535\.faa | parallel --gnu --plain -j 40 --block 91 --recstart '>' --pipe blastp -query - -db /home/local/packages/prokka-1.14.5/db/kingdom/Bacteria/sprot -evalue 1e-09 -qcov_hsp_perc 80 -num_threads 1 -num_descriptions 1 -num_alignments 1 -seg no > P002_WD05\/P002_WD05\.sprot\.tmp\.35535\.blast 2> /dev/null
[16:42:38] Deleting unwanted file: P002_WD05/P002_WD05.sprot.tmp.35535.faa
[16:42:38] Deleting unwanted file: P002_WD05/P002_WD05.sprot.tmp.35535.blast
[16:42:38] There are still 32 unannotated CDS left (started with 93)
[16:42:38] Will use hmmer3 to search against /home/local/packages/prokka-1.14.5/db/hmm/HAMAP.hmm with 40 CPUs
[16:42:38] Running: cat P002_WD05\/P002_WD05\.HAMAP\.hmm\.tmp\.35535\.faa | parallel --gnu --plain -j 40 --block 89 --recstart '>' --pipe hmmscan --noali --notextw --acc -E 1e-09 --cpu 1 /home/local/packages/prokka-1.14.5/db/hmm/HAMAP.hmm /dev/stdin > P002_WD05\/P002_WD05\.HAMAP\.hmm\.tmp\.35535\.hmmer3 2> /dev/null
[16:42:39] Deleting unwanted file: P002_WD05/P002_WD05.HAMAP.hmm.tmp.35535.faa
[16:42:39] Deleting unwanted file: P002_WD05/P002_WD05.HAMAP.hmm.tmp.35535.hmmer3
[16:42:39] Deleting unwanted file: P002_WD05/proteins.psq
[16:42:39] Deleting unwanted file: P002_WD05/proteins.phr
[16:42:39] Deleting unwanted file: P002_WD05/proteins.pin
[16:42:39] Labelling remaining 25 proteins as 'hypothetical protein'
[16:42:39] Possible /pseudo 'ATP-dependent Clp protease proteolytic subunit' at k141_30947 position 13902
[16:42:39] Possible /pseudo 'RNA polymerase beta' subunit' at k141_30947 position 62343
[16:42:39] Possible /pseudo 'ATP synthase CF0 subunit I' at k141_30947 position 72603
[16:42:39] Found 62 unique /gene codes.
[16:42:39] Fixed 2 duplicate /gene - clpP_1 clpP_2
[16:42:39] Fixed 2 duplicate /gene - rpl2_1 rpl2_2
[16:42:39] Fixed 2 duplicate /gene - ndhB_1 ndhB_2
[16:42:39] Fixed 2 duplicate /gene - atpF_1 atpF_2
[16:42:39] Fixed 2 duplicate /gene - ndhD_1 ndhD_2
[16:42:39] Fixed 2 duplicate /gene - rpoC1_1 rpoC1_2
[16:42:39] Fixed 6 colliding /gene names.
[16:42:39] Adding /locus_tag identifiers
[16:42:39] Assigned 120 locus_tags to CDS and RNA features.
[16:42:39] Writing outputs to P002_WD05/
[16:42:39] Generating annotation statistics file
[16:42:39] Generating Genbank and Sequin files
[16:42:39] Running: tbl2asn -V b -a r10k -l paired-ends -M n -N 1 -y 'Annotated using prokka 1.14.5 from https://github.com/tseemann/prokka' -Z P002_WD05\/P002_WD05\.err -i P002_WD05\/P002_WD05\.fsa 2> /dev/null
[16:42:40] Deleting unwanted file: P002_WD05/errorsummary.val
[16:42:40] Deleting unwanted file: P002_WD05/P002_WD05.dr
[16:42:40] Deleting unwanted file: P002_WD05/P002_WD05.fixedproducts
[16:42:40] Deleting unwanted file: P002_WD05/P002_WD05.ecn
[16:42:40] Deleting unwanted file: P002_WD05/P002_WD05.val
[16:42:40] Repairing broken .GBK output that tbl2asn produces...
[16:42:40] Running: sed 's/COORDINATES: profile/COORDINATES:profile/' < P002_WD05\/P002_WD05\.gbf > P002_WD05\/P002_WD05\.gbk
[16:42:40] Deleting unwanted file: P002_WD05/P002_WD05.gbf
[16:42:40] Output files:
[16:42:40] P002_WD05/P002_WD05.gbk
[16:42:40] P002_WD05/P002_WD05.faa
[16:42:40] P002_WD05/P002_WD05.tsv
[16:42:40] P002_WD05/P002_WD05.gff
[16:42:40] P002_WD05/P002_WD05.sqn
[16:42:40] P002_WD05/P002_WD05.ffn
[16:42:40] P002_WD05/P002_WD05.log
[16:42:40] P002_WD05/P002_WD05.err
[16:42:40] P002_WD05/P002_WD05.fsa
[16:42:40] P002_WD05/P002_WD05.tbl
[16:42:40] P002_WD05/P002_WD05.txt
[16:42:40] P002_WD05/P002_WD05.fna
[16:42:40] Annotation finished successfully.
[16:42:40] Walltime used: 0.23 minutes
[16:42:40] If you use this result please cite the Prokka paper:
[16:42:40] Seemann T (2014) Prokka: rapid prokaryotic genome annotation. Bioinformatics. 30(14):2068-9.
[16:42:40] Type 'prokka --citation' for more details.
[16:42:40] Thank you, come again.
