Discrepancy Report Results

Summary
FATAL: MISSING_PROTEIN_ID:157 proteins have invalid IDs.
DISC_SOURCE_QUALS_ASNDISC:strain (all present, all same)
DISC_SOURCE_QUALS_ASNDISC:taxname (all present, all same)
DISC_FEATURE_COUNT:CDS: 157 present
DISC_FEATURE_COUNT:tRNA: 52 present
DISC_FEATURE_COUNT:rRNA: 3 present
DISC_COUNT_NUCLEOTIDES:40 nucleotide Bioseqs are present
FEATURE_LOCATION_CONFLICT:212 features have inconsistent gene locations.
SUSPECT_PRODUCT_NAMES:3 product_names contain suspect phrase or characters
	May contain database identifier more appropriate in note; remove from product name
		3 features contains three or more numbers together that may be identifiers more appropriate in note
NO_ANNOTATION:6 bioseqs have no features
DISC_QUALITY_SCORES:Quality scores are missing on all sequences.
FATAL: DISC_SUSPECT_RRNA_PRODUCTS:1 rRNA product names contain suspect phrase
FATAL: DISC_SHORT_RRNA:1 rRNA features are too short
ONCALLER_COMMENT_PRESENT:40 comment descriptors were found (all same)
SHORT_PROT_SEQUENCES:18 protein sequences are shorter than 50 aa.
MISSING_GENOMEASSEMBLY_COMMENTS:40 bioseqs are missing GenomeAssembly structured comments
MOLTYPE_NOT_MRNA:40 molecule types are not set as mRNA.
TECHNIQUE_NOT_TSA:40 technique are not set as TSA
MISSING_STRUCTURED_COMMENT:40 sequences do not include structured comments.
MISSING_PROJECT:197 sequences do not include project.
FATAL: RRNA_NAME_CONFLICTS:1 rRNA product names are not standard. Correct the names to the standard format, eg "16S ribosomal RNA"
DISC_INCONSISTENT_MOLINFO_TECH:Molinfo Technique Report (some missing, all same)


Detailed Report

FATAL: DiscRep_ALL:MISSING_PROTEIN_ID::157 proteins have invalid IDs.
P001_WH06/P001_WH06:k141_38035_1 (length 136)
P001_WH06/P001_WH06:k141_23171_1 (length 29)
P001_WH06/P001_WH06:k141_76028_1 (length 85)
P001_WH06/P001_WH06:k141_38397_1 (length 92)
P001_WH06/P001_WH06:k141_38397_2 (length 377)
P001_WH06/P001_WH06:k141_99031_1 (length 561)
P001_WH06/P001_WH06:k141_68818_1 (length 68)
P001_WH06/P001_WH06:k141_83975_1 (length 91)
P001_WH06/P001_WH06:k141_83975_2 (length 48)
P001_WH06/P001_WH06:k141_137727_1 (length 124)
P001_WH06/P001_WH06:k141_62689_1 (length 201)
P001_WH06/P001_WH06:k141_54980_1 (length 44)
P001_WH06/P001_WH06:k141_54980_2 (length 68)
P001_WH06/P001_WH06:k141_123837_1 (length 123)
P001_WH06/P001_WH06:k141_123837_2 (length 1076)
P001_WH06/P001_WH06:k141_123837_3 (length 29)
P001_WH06/P001_WH06:k141_123837_4 (length 34)
P001_WH06/P001_WH06:k141_123837_5 (length 36)
P001_WH06/P001_WH06:k141_123837_6 (length 57)
P001_WH06/P001_WH06:k141_123837_7 (length 85)
P001_WH06/P001_WH06:k141_123837_8 (length 70)
P001_WH06/P001_WH06:k141_123837_9 (length 473)
P001_WH06/P001_WH06:k141_123837_10 (length 353)
P001_WH06/P001_WH06:k141_123837_11 (length 102)
P001_WH06/P001_WH06:k141_123837_12 (length 58)
P001_WH06/P001_WH06:k141_123837_13 (length 108)
P001_WH06/P001_WH06:k141_123837_14 (length 92)
P001_WH06/P001_WH06:k141_123837_15 (length 511)
P001_WH06/P001_WH06:k141_123837_16 (length 353)
P001_WH06/P001_WH06:k141_123837_17 (length 353)
P001_WH06/P001_WH06:k141_123837_18 (length 511)
P001_WH06/P001_WH06:k141_123837_19 (length 92)
P001_WH06/P001_WH06:k141_123837_20 (length 108)
P001_WH06/P001_WH06:k141_123837_21 (length 58)
P001_WH06/P001_WH06:k141_123837_22 (length 102)
P001_WH06/P001_WH06:k141_123837_23 (length 353)
P001_WH06/P001_WH06:k141_123837_24 (length 473)
P001_WH06/P001_WH06:k141_123837_25 (length 70)
P001_WH06/P001_WH06:k141_123837_26 (length 85)
P001_WH06/P001_WH06:k141_123837_27 (length 57)
P001_WH06/P001_WH06:k141_123837_28 (length 36)
P001_WH06/P001_WH06:k141_123837_29 (length 34)
P001_WH06/P001_WH06:k141_123837_30 (length 29)
P001_WH06/P001_WH06:k141_123837_31 (length 1076)
P001_WH06/P001_WH06:k141_123837_32 (length 123)
P001_WH06/P001_WH06:k141_48375_1 (length 297)
P001_WH06/P001_WH06:k141_48375_2 (length 1473)
P001_WH06/P001_WH06:k141_48375_3 (length 236)
P001_WH06/P001_WH06:k141_48375_4 (length 286)
P001_WH06/P001_WH06:k141_48375_5 (length 81)
P001_WH06/P001_WH06:k141_48375_6 (length 73)
P001_WH06/P001_WH06:k141_48375_7 (length 69)
P001_WH06/P001_WH06:k141_48375_8 (length 123)
P001_WH06/P001_WH06:k141_48375_9 (length 507)
P001_WH06/P001_WH06:k141_48375_10 (length 103)
P001_WH06/P001_WH06:k141_48375_11 (length 734)
P001_WH06/P001_WH06:k141_48375_12 (length 750)
P001_WH06/P001_WH06:k141_48375_13 (length 49)
P001_WH06/P001_WH06:k141_48375_14 (length 82)
P001_WH06/P001_WH06:k141_48375_15 (length 201)
P001_WH06/P001_WH06:k141_48375_16 (length 162)
P001_WH06/P001_WH06:k141_48375_17 (length 245)
P001_WH06/P001_WH06:k141_48375_18 (length 120)
P001_WH06/P001_WH06:k141_48375_19 (length 137)
P001_WH06/P001_WH06:k141_48375_20 (length 498)
P001_WH06/P001_WH06:k141_48375_21 (length 479)
P001_WH06/P001_WH06:k141_48375_22 (length 36)
P001_WH06/P001_WH06:k141_48375_23 (length 185)
P001_WH06/P001_WH06:k141_48375_24 (length 230)
P001_WH06/P001_WH06:k141_48375_25 (length 320)
P001_WH06/P001_WH06:k141_48375_26 (length 40)
P001_WH06/P001_WH06:k141_48375_27 (length 50)
P001_WH06/P001_WH06:k141_48375_28 (length 83)
P001_WH06/P001_WH06:k141_48375_29 (length 31)
P001_WH06/P001_WH06:k141_48375_30 (length 42)
P001_WH06/P001_WH06:k141_48375_31 (length 170)
P001_WH06/P001_WH06:k141_48375_32 (length 119)
P001_WH06/P001_WH06:k141_48375_33 (length 73)
P001_WH06/P001_WH06:k141_48375_34 (length 216)
P001_WH06/P001_WH06:k141_48375_35 (length 508)
P001_WH06/P001_WH06:k141_48375_36 (length 38)
P001_WH06/P001_WH06:k141_48375_37 (length 118)
P001_WH06/P001_WH06:k141_48375_38 (length 232)
P001_WH06/P001_WH06:k141_48375_39 (length 174)
P001_WH06/P001_WH06:k141_48375_40 (length 339)
P001_WH06/P001_WH06:k141_48375_41 (length 143)
P001_WH06/P001_WH06:k141_48375_42 (length 107)
P001_WH06/P001_WH06:k141_48375_43 (length 136)
P001_WH06/P001_WH06:k141_48375_44 (length 123)
P001_WH06/P001_WH06:k141_48375_45 (length 120)
P001_WH06/P001_WH06:k141_48375_46 (length 239)
P001_WH06/P001_WH06:k141_48375_47 (length 149)
P001_WH06/P001_WH06:k141_48375_48 (length 93)
P001_WH06/P001_WH06:k141_48375_49 (length 165)
P001_WH06/P001_WH06:k141_48375_50 (length 112)
P001_WH06/P001_WH06:k141_48375_51 (length 93)
P001_WH06/P001_WH06:k141_48375_52 (length 100)
P001_WH06/P001_WH06:k141_48375_53 (length 96)
P001_WH06/P001_WH06:k141_48375_54 (length 103)
P001_WH06/P001_WH06:k141_48375_55 (length 131)
P001_WH06/P001_WH06:k141_48375_56 (length 161)
P001_WH06/P001_WH06:k141_48375_57 (length 204)
P001_WH06/P001_WH06:k141_48375_58 (length 282)
P001_WH06/P001_WH06:k141_48375_59 (length 156)
P001_WH06/P001_WH06:k141_48375_60 (length 52)
P001_WH06/P001_WH06:k141_48375_61 (length 76)
P001_WH06/P001_WH06:k141_48375_62 (length 119)
P001_WH06/P001_WH06:k141_48375_63 (length 84)
P001_WH06/P001_WH06:k141_48375_64 (length 94)
P001_WH06/P001_WH06:k141_48375_65 (length 74)
P001_WH06/P001_WH06:k141_48375_66 (length 78)
P001_WH06/P001_WH06:k141_48375_67 (length 90)
P001_WH06/P001_WH06:k141_78732_1 (length 93)
P001_WH06/P001_WH06:k141_78732_2 (length 133)
P001_WH06/P001_WH06:k141_78732_3 (length 126)
P001_WH06/P001_WH06:k141_64186_1 (length 326)
P001_WH06/P001_WH06:k141_56917_1 (length 78)
P001_WH06/P001_WH06:k141_56917_2 (length 69)
P001_WH06/P001_WH06:k141_56917_3 (length 33)
P001_WH06/P001_WH06:k141_19874_1 (length 490)
P001_WH06/P001_WH06:k141_19874_2 (length 477)
P001_WH06/P001_WH06:k141_57090_1 (length 71)
P001_WH06/P001_WH06:k141_57090_2 (length 90)
P001_WH06/P001_WH06:k141_102357_1 (length 506)
P001_WH06/P001_WH06:k141_102357_2 (length 101)
P001_WH06/P001_WH06:k141_102357_3 (length 98)
P001_WH06/P001_WH06:k141_110716_1 (length 51)
P001_WH06/P001_WH06:k141_110716_2 (length 760)
P001_WH06/P001_WH06:k141_110716_3 (length 314)
P001_WH06/P001_WH06:k141_110716_4 (length 500)
P001_WH06/P001_WH06:k141_110716_5 (length 81)
P001_WH06/P001_WH06:k141_110716_6 (length 101)
P001_WH06/P001_WH06:k141_110716_7 (length 176)
P001_WH06/P001_WH06:k141_110716_8 (length 180)
P001_WH06/P001_WH06:k141_110716_9 (length 141)
P001_WH06/P001_WH06:k141_110716_10 (length 187)
P001_WH06/P001_WH06:k141_110716_11 (length 379)
P001_WH06/P001_WH06:k141_35046_1 (length 229)
P001_WH06/P001_WH06:k141_133070_1 (length 343)
P001_WH06/P001_WH06:k141_133083_1 (length 718)
P001_WH06/P001_WH06:k141_87714_1 (length 79)
P001_WH06/P001_WH06:k141_65739_1 (length 260)
P001_WH06/P001_WH06:k141_65739_2 (length 82)
P001_WH06/P001_WH06:k141_133613_1 (length 177)
P001_WH06/P001_WH06:k141_57942_1 (length 99)
P001_WH06/P001_WH06:k141_103467_1 (length 301)
P001_WH06/P001_WH06:k141_88764_1 (length 122)
P001_WH06/P001_WH06:k141_88764_2 (length 134)
P001_WH06/P001_WH06:k141_88764_3 (length 79)
P001_WH06/P001_WH06:k141_88764_4 (length 37)
P001_WH06/P001_WH06:k141_141600_1 (length 65)
P001_WH06/P001_WH06:k141_36389_1 (length 216)
P001_WH06/P001_WH06:k141_127027_1 (length 59)
P001_WH06/P001_WH06:k141_74484_1 (length 506)
P001_WH06/P001_WH06:k141_74484_2 (length 33)
P001_WH06/P001_WH06:k141_74484_3 (length 353)
P001_WH06/P001_WH06:k141_127908_1 (length 155)

DiscRep_ALL:DISC_SOURCE_QUALS_ASNDISC::strain (all present, all same)
DiscRep_SUB:DISC_SOURCE_QUALS_ASNDISC::40 sources have 'strain' for strain
DiscRep_ALL:DISC_SOURCE_QUALS_ASNDISC::taxname (all present, all same)
DiscRep_SUB:DISC_SOURCE_QUALS_ASNDISC::40 sources have 'Genus species' for taxname
DiscRep_ALL:DISC_FEATURE_COUNT::CDS: 157 present
DiscRep_ALL:DISC_FEATURE_COUNT::tRNA: 52 present
DiscRep_ALL:DISC_FEATURE_COUNT::rRNA: 3 present
DiscRep_ALL:DISC_COUNT_NUCLEOTIDES::40 nucleotide Bioseqs are present
P001_WH06/P001_WH06:k141_90736 (length 1400)
P001_WH06/P001_WH06:k141_38035 (length 1474)
P001_WH06/P001_WH06:k141_23171 (length 2805)
P001_WH06/P001_WH06:k141_76028 (length 2314)
P001_WH06/P001_WH06:k141_38397 (length 2995)
P001_WH06/P001_WH06:k141_99031 (length 1871)
P001_WH06/P001_WH06:k141_68818 (length 1552)
P001_WH06/P001_WH06:k141_83975 (length 2395)
P001_WH06/P001_WH06:k141_54250 (length 1620)
P001_WH06/P001_WH06:k141_1925 (length 1044)
P001_WH06/P001_WH06:k141_17265 (length 2787)
P001_WH06/P001_WH06:k141_137727 (length 1026)
P001_WH06/P001_WH06:k141_62689 (length 2558)
P001_WH06/P001_WH06:k141_54980 (length 1229)
P001_WH06/P001_WH06:k141_123837 (length 47582)
P001_WH06/P001_WH06:k141_48375 (length 78341)
P001_WH06/P001_WH06:k141_78732 (length 6762)
P001_WH06/P001_WH06:k141_64186 (length 1104)
P001_WH06/P001_WH06:k141_139635 (length 1015)
P001_WH06/P001_WH06:k141_56917 (length 4536)
P001_WH06/P001_WH06:k141_19874 (length 3807)
P001_WH06/P001_WH06:k141_57090 (length 1485)
P001_WH06/P001_WH06:k141_102357 (length 3314)
P001_WH06/P001_WH06:k141_110716 (length 12889)
P001_WH06/P001_WH06:k141_35046 (length 1012)
P001_WH06/P001_WH06:k141_133070 (length 1183)
P001_WH06/P001_WH06:k141_133083 (length 2315)
P001_WH06/P001_WH06:k141_87714 (length 1039)
P001_WH06/P001_WH06:k141_65739 (length 1975)
P001_WH06/P001_WH06:k141_133613 (length 1410)
P001_WH06/P001_WH06:k141_57942 (length 2249)
P001_WH06/P001_WH06:k141_103327 (length 1255)
P001_WH06/P001_WH06:k141_103467 (length 1120)
P001_WH06/P001_WH06:k141_88764 (length 1629)
P001_WH06/P001_WH06:k141_141600 (length 1597)
P001_WH06/P001_WH06:k141_36389 (length 1139)
P001_WH06/P001_WH06:k141_127027 (length 1065)
P001_WH06/P001_WH06:k141_74484 (length 4007)
P001_WH06/P001_WH06:k141_127908 (length 1435)
P001_WH06/P001_WH06:k141_45016 (length 1037)

DiscRep_ALL:FEATURE_LOCATION_CONFLICT::212 features have inconsistent gene locations.
DiscRep_SUB:FEATURE_LOCATION_CONFLICT::Coding region xref gene does not exist
P001_WH06/P001_WH06:CDS	ribosomal protein S11	k141_38035:c1471-1061	P001_WH06_00001

DiscRep_SUB:FEATURE_LOCATION_CONFLICT::Coding region xref gene does not exist
P001_WH06/P001_WH06:CDS	cytochrome b6/f complex subunit VII	k141_23171:2396-2485	P001_WH06_00004

DiscRep_SUB:FEATURE_LOCATION_CONFLICT::RNA feature xref gene does not exist
P001_WH06/P001_WH06:tRNA	Ser	k141_23171:c756-669	P001_WH06_00002

DiscRep_SUB:FEATURE_LOCATION_CONFLICT::RNA feature xref gene does not exist
P001_WH06/P001_WH06:tRNA	Cys	k141_23171:1514-1585	P001_WH06_00003

DiscRep_SUB:FEATURE_LOCATION_CONFLICT::Coding region xref gene does not exist
P001_WH06/P001_WH06:CDS	hypothetical protein	k141_76028:c1164-907	P001_WH06_00005

DiscRep_SUB:FEATURE_LOCATION_CONFLICT::Coding region xref gene does not exist
P001_WH06/P001_WH06:CDS	photosystem II CP47 chlorophyll apoprotein	k141_38397:c636-358	P001_WH06_00006

DiscRep_SUB:FEATURE_LOCATION_CONFLICT::Coding region xref gene does not exist
P001_WH06/P001_WH06:CDS	photosystem II CP47 chlorophyll apoprotein	k141_38397:c1884-751	P001_WH06_00007

DiscRep_SUB:FEATURE_LOCATION_CONFLICT::Coding region xref gene does not exist
P001_WH06/P001_WH06:CDS	photosystem I P700 apoprotein A2	k141_99031:40-1725	P001_WH06_00008

DiscRep_SUB:FEATURE_LOCATION_CONFLICT::Coding region xref gene does not exist
P001_WH06/P001_WH06:CDS	hypothetical protein	k141_68818:c712-506	P001_WH06_00009

DiscRep_SUB:FEATURE_LOCATION_CONFLICT::RNA feature xref gene does not exist
P001_WH06/P001_WH06:tRNA	Asp	k141_68818:c922-847	P001_WH06_00010

DiscRep_SUB:FEATURE_LOCATION_CONFLICT::RNA feature xref gene does not exist
P001_WH06/P001_WH06:tRNA	Tyr	k141_68818:c1111-1025	P001_WH06_00011

DiscRep_SUB:FEATURE_LOCATION_CONFLICT::RNA feature xref gene does not exist
P001_WH06/P001_WH06:tRNA	Glu	k141_68818:c1375-1302	P001_WH06_00012

DiscRep_SUB:FEATURE_LOCATION_CONFLICT::Coding region xref gene does not exist
P001_WH06/P001_WH06:CDS	NADH-plastoquinone oxidoreductase subunit J	k141_83975:71-346	P001_WH06_00013

DiscRep_SUB:FEATURE_LOCATION_CONFLICT::Coding region xref gene does not exist
P001_WH06/P001_WH06:CDS	hypothetical protein	k141_83975:c2107-1961	P001_WH06_00016

DiscRep_SUB:FEATURE_LOCATION_CONFLICT::RNA feature xref gene does not exist
P001_WH06/P001_WH06:tRNA	Phe	k141_83975:c1121-1048	P001_WH06_00014

DiscRep_SUB:FEATURE_LOCATION_CONFLICT::RNA feature xref gene does not exist
P001_WH06/P001_WH06:tRNA	Phe	k141_83975:c1195-1121	P001_WH06_00015

DiscRep_SUB:FEATURE_LOCATION_CONFLICT::RNA feature xref gene does not exist
P001_WH06/P001_WH06:tRNA	Gln	k141_54250:129-200	P001_WH06_00017

DiscRep_SUB:FEATURE_LOCATION_CONFLICT::Coding region xref gene does not exist
P001_WH06/P001_WH06:CDS	ATP synthase CF1 alpha subunit	k141_137727:c1008-634	P001_WH06_00019

DiscRep_SUB:FEATURE_LOCATION_CONFLICT::RNA feature xref gene does not exist
P001_WH06/P001_WH06:tRNA	Arg	k141_137727:416-487	P001_WH06_00018

DiscRep_SUB:FEATURE_LOCATION_CONFLICT::Coding region xref gene does not exist
P001_WH06/P001_WH06:CDS	ribosomal protein S4	k141_62689:c2435-1830	P001_WH06_00021

DiscRep_SUB:FEATURE_LOCATION_CONFLICT::RNA feature xref gene does not exist
P001_WH06/P001_WH06:tRNA	Ser	k141_62689:1421-1509	P001_WH06_00020

DiscRep_SUB:FEATURE_LOCATION_CONFLICT::Coding region xref gene does not exist
P001_WH06/P001_WH06:CDS	photosystem I subunit IX	k141_54980:307-441	P001_WH06_00022

DiscRep_SUB:FEATURE_LOCATION_CONFLICT::Coding region xref gene does not exist
P001_WH06/P001_WH06:CDS	ribosomal protein L33	k141_54980:878-1084	P001_WH06_00023

DiscRep_SUB:FEATURE_LOCATION_CONFLICT::Coding region xref gene does not exist
P001_WH06/P001_WH06:CDS	hypothetical protein	k141_123837:434-805	P001_WH06_00024

DiscRep_SUB:FEATURE_LOCATION_CONFLICT::Coding region xref gene does not exist
P001_WH06/P001_WH06:CDS	RNA polymerase beta subunit	k141_123837:c4449-1219	P001_WH06_00025

DiscRep_SUB:FEATURE_LOCATION_CONFLICT::Coding region xref gene does not exist
P001_WH06/P001_WH06:CDS	cytochrome b6/f complex subunit VII	k141_123837:6590-6679	P001_WH06_00027

DiscRep_SUB:FEATURE_LOCATION_CONFLICT::Coding region xref gene does not exist
P001_WH06/P001_WH06:CDS	photosystem II protein M	k141_123837:c7066-6962	P001_WH06_00028

DiscRep_SUB:FEATURE_LOCATION_CONFLICT::Coding region xref gene does not exist
P001_WH06/P001_WH06:CDS	hypothetical protein	k141_123837:7531-7641	P001_WH06_00029

DiscRep_SUB:FEATURE_LOCATION_CONFLICT::Coding region xref gene does not exist
P001_WH06/P001_WH06:CDS	hypothetical protein	k141_123837:c9452-9279	P001_WH06_00034

DiscRep_SUB:FEATURE_LOCATION_CONFLICT::Coding region xref gene does not exist
P001_WH06/P001_WH06:CDS	hypothetical protein	k141_123837:9720-9977	P001_WH06_00035

DiscRep_SUB:FEATURE_LOCATION_CONFLICT::Coding region xref gene does not exist
P001_WH06/P001_WH06:CDS	photosystem II protein Z	k141_123837:c12146-11934	P001_WH06_00038

DiscRep_SUB:FEATURE_LOCATION_CONFLICT::Coding region xref gene does not exist
P001_WH06/P001_WH06:CDS	photosystem II CP43 chlorophyll apoprotein	k141_123837:c14154-12733	P001_WH06_00040

DiscRep_SUB:FEATURE_LOCATION_CONFLICT::Coding region xref gene does not exist
P001_WH06/P001_WH06:CDS	photosystem II protein D2	k141_123837:c15163-14102	P001_WH06_00041

DiscRep_SUB:FEATURE_LOCATION_CONFLICT::Coding region xref gene does not exist
P001_WH06/P001_WH06:CDS	hypothetical protein	k141_123837:15226-15534	P001_WH06_00042

DiscRep_SUB:FEATURE_LOCATION_CONFLICT::Coding region xref gene does not exist
P001_WH06/P001_WH06:CDS	Photosystem II reaction center protein I	k141_123837:c16521-16345	P001_WH06_00044

DiscRep_SUB:FEATURE_LOCATION_CONFLICT::Coding region xref gene does not exist
P001_WH06/P001_WH06:CDS	Photosystem II reaction center protein K	k141_123837:c17177-16851	P001_WH06_00045

DiscRep_SUB:FEATURE_LOCATION_CONFLICT::Coding region xref gene does not exist
P001_WH06/P001_WH06:CDS	hypothetical protein	k141_123837:c19030-18752	P001_WH06_00047

DiscRep_SUB:FEATURE_LOCATION_CONFLICT::Coding region xref gene does not exist
P001_WH06/P001_WH06:CDS	maturase K	k141_123837:20584-22119	P001_WH06_00048

DiscRep_SUB:FEATURE_LOCATION_CONFLICT::Coding region xref gene does not exist
P001_WH06/P001_WH06:CDS	photosystem II protein D1	k141_123837:22664-23725	P001_WH06_00049

DiscRep_SUB:FEATURE_LOCATION_CONFLICT::Coding region xref gene does not exist
P001_WH06/P001_WH06:CDS	photosystem II protein D1	k141_123837:c24919-23858	P001_WH06_00050

DiscRep_SUB:FEATURE_LOCATION_CONFLICT::Coding region xref gene does not exist
P001_WH06/P001_WH06:CDS	maturase K	k141_123837:c26999-25464	P001_WH06_00051

DiscRep_SUB:FEATURE_LOCATION_CONFLICT::Coding region xref gene does not exist
P001_WH06/P001_WH06:CDS	hypothetical protein	k141_123837:28553-28831	P001_WH06_00052

DiscRep_SUB:FEATURE_LOCATION_CONFLICT::Coding region xref gene does not exist
P001_WH06/P001_WH06:CDS	Photosystem II reaction center protein K	k141_123837:30406-30732	P001_WH06_00054

DiscRep_SUB:FEATURE_LOCATION_CONFLICT::Coding region xref gene does not exist
P001_WH06/P001_WH06:CDS	Photosystem II reaction center protein I	k141_123837:31062-31238	P001_WH06_00055

DiscRep_SUB:FEATURE_LOCATION_CONFLICT::Coding region xref gene does not exist
P001_WH06/P001_WH06:CDS	hypothetical protein	k141_123837:c32357-32049	P001_WH06_00057

DiscRep_SUB:FEATURE_LOCATION_CONFLICT::Coding region xref gene does not exist
P001_WH06/P001_WH06:CDS	photosystem II protein D2	k141_123837:32420-33481	P001_WH06_00058

DiscRep_SUB:FEATURE_LOCATION_CONFLICT::Coding region xref gene does not exist
P001_WH06/P001_WH06:CDS	photosystem II CP43 chlorophyll apoprotein	k141_123837:33429-34850	P001_WH06_00059

DiscRep_SUB:FEATURE_LOCATION_CONFLICT::Coding region xref gene does not exist
P001_WH06/P001_WH06:CDS	photosystem II protein Z	k141_123837:35437-35649	P001_WH06_00061

DiscRep_SUB:FEATURE_LOCATION_CONFLICT::Coding region xref gene does not exist
P001_WH06/P001_WH06:CDS	hypothetical protein	k141_123837:c37863-37606	P001_WH06_00064

DiscRep_SUB:FEATURE_LOCATION_CONFLICT::Coding region xref gene does not exist
P001_WH06/P001_WH06:CDS	hypothetical protein	k141_123837:38131-38304	P001_WH06_00065

DiscRep_SUB:FEATURE_LOCATION_CONFLICT::Coding region xref gene does not exist
P001_WH06/P001_WH06:CDS	hypothetical protein	k141_123837:c40052-39942	P001_WH06_00070

DiscRep_SUB:FEATURE_LOCATION_CONFLICT::Coding region xref gene does not exist
P001_WH06/P001_WH06:CDS	photosystem II protein M	k141_123837:40517-40621	P001_WH06_00071

DiscRep_SUB:FEATURE_LOCATION_CONFLICT::Coding region xref gene does not exist
P001_WH06/P001_WH06:CDS	cytochrome b6/f complex subunit VII	k141_123837:c40993-40904	P001_WH06_00072

DiscRep_SUB:FEATURE_LOCATION_CONFLICT::Coding region xref gene does not exist
P001_WH06/P001_WH06:CDS	RNA polymerase beta subunit	k141_123837:43134-46364	P001_WH06_00074

DiscRep_SUB:FEATURE_LOCATION_CONFLICT::Coding region xref gene does not exist
P001_WH06/P001_WH06:CDS	hypothetical protein	k141_123837:c47149-46778	P001_WH06_00075

DiscRep_SUB:FEATURE_LOCATION_CONFLICT::RNA feature xref gene does not exist
P001_WH06/P001_WH06:tRNA	Cys	k141_123837:5590-5660	P001_WH06_00026

DiscRep_SUB:FEATURE_LOCATION_CONFLICT::RNA feature xref gene does not exist
P001_WH06/P001_WH06:tRNA	Asp	k141_123837:c7840-7767	P001_WH06_00030

DiscRep_SUB:FEATURE_LOCATION_CONFLICT::RNA feature xref gene does not exist
P001_WH06/P001_WH06:tRNA	Tyr	k141_123837:c8279-8194	P001_WH06_00031

DiscRep_SUB:FEATURE_LOCATION_CONFLICT::RNA feature xref gene does not exist
P001_WH06/P001_WH06:tRNA	Glu	k141_123837:c8413-8339	P001_WH06_00032

DiscRep_SUB:FEATURE_LOCATION_CONFLICT::RNA feature xref gene does not exist
P001_WH06/P001_WH06:tRNA	Thr	k141_123837:c9019-8946	P001_WH06_00033

DiscRep_SUB:FEATURE_LOCATION_CONFLICT::RNA feature xref gene does not exist
P001_WH06/P001_WH06:tRNA	Met	k141_123837:11061-11136	P001_WH06_00036

DiscRep_SUB:FEATURE_LOCATION_CONFLICT::RNA feature xref gene does not exist
P001_WH06/P001_WH06:tRNA	Gly	k141_123837:c11642-11570	P001_WH06_00037

DiscRep_SUB:FEATURE_LOCATION_CONFLICT::RNA feature xref gene does not exist
P001_WH06/P001_WH06:tRNA	Ser	k141_123837:12485-12572	P001_WH06_00039

DiscRep_SUB:FEATURE_LOCATION_CONFLICT::RNA feature xref gene does not exist
P001_WH06/P001_WH06:tRNA	Ser	k141_123837:16135-16223	P001_WH06_00043

DiscRep_SUB:FEATURE_LOCATION_CONFLICT::RNA feature xref gene does not exist
P001_WH06/P001_WH06:tRNA	Gln	k141_123837:17386-17457	P001_WH06_00046

DiscRep_SUB:FEATURE_LOCATION_CONFLICT::RNA feature xref gene does not exist
P001_WH06/P001_WH06:tRNA	Gln	k141_123837:c30197-30126	P001_WH06_00053

DiscRep_SUB:FEATURE_LOCATION_CONFLICT::RNA feature xref gene does not exist
P001_WH06/P001_WH06:tRNA	Ser	k141_123837:c31448-31360	P001_WH06_00056

DiscRep_SUB:FEATURE_LOCATION_CONFLICT::RNA feature xref gene does not exist
P001_WH06/P001_WH06:tRNA	Ser	k141_123837:c35098-35011	P001_WH06_00060

DiscRep_SUB:FEATURE_LOCATION_CONFLICT::RNA feature xref gene does not exist
P001_WH06/P001_WH06:tRNA	Gly	k141_123837:35941-36013	P001_WH06_00062

DiscRep_SUB:FEATURE_LOCATION_CONFLICT::RNA feature xref gene does not exist
P001_WH06/P001_WH06:tRNA	Met	k141_123837:c36522-36447	P001_WH06_00063

DiscRep_SUB:FEATURE_LOCATION_CONFLICT::RNA feature xref gene does not exist
P001_WH06/P001_WH06:tRNA	Thr	k141_123837:38564-38637	P001_WH06_00066

DiscRep_SUB:FEATURE_LOCATION_CONFLICT::RNA feature xref gene does not exist
P001_WH06/P001_WH06:tRNA	Glu	k141_123837:39170-39244	P001_WH06_00067

DiscRep_SUB:FEATURE_LOCATION_CONFLICT::RNA feature xref gene does not exist
P001_WH06/P001_WH06:tRNA	Tyr	k141_123837:39304-39389	P001_WH06_00068

DiscRep_SUB:FEATURE_LOCATION_CONFLICT::RNA feature xref gene does not exist
P001_WH06/P001_WH06:tRNA	Asp	k141_123837:39743-39816	P001_WH06_00069

DiscRep_SUB:FEATURE_LOCATION_CONFLICT::RNA feature xref gene does not exist
P001_WH06/P001_WH06:tRNA	Cys	k141_123837:c41993-41923	P001_WH06_00073

DiscRep_SUB:FEATURE_LOCATION_CONFLICT::Coding region xref gene does not exist
P001_WH06/P001_WH06:CDS	RNA polymerase beta' subunit	k141_48375:121-1014	P001_WH06_00076

DiscRep_SUB:FEATURE_LOCATION_CONFLICT::Coding region xref gene does not exist
P001_WH06/P001_WH06:CDS	DNA-directed RNA polymerase subunit beta'	k141_48375:1218-5639	P001_WH06_00077

DiscRep_SUB:FEATURE_LOCATION_CONFLICT::Coding region xref gene does not exist
P001_WH06/P001_WH06:CDS	ribosomal protein S2	k141_48375:5948-6658	P001_WH06_00078

DiscRep_SUB:FEATURE_LOCATION_CONFLICT::Coding region xref gene does not exist
P001_WH06/P001_WH06:CDS	ATP synthase CF0 subunit IV	k141_48375:6792-7652	P001_WH06_00079

DiscRep_SUB:FEATURE_LOCATION_CONFLICT::Coding region xref gene does not exist
P001_WH06/P001_WH06:CDS	ATP synthase CF0 subunit III	k141_48375:8243-8488	P001_WH06_00080

DiscRep_SUB:FEATURE_LOCATION_CONFLICT::Coding region xref gene does not exist
P001_WH06/P001_WH06:CDS	ATP synthase subunit b	k141_48375:8893-9114	P001_WH06_00081

DiscRep_SUB:FEATURE_LOCATION_CONFLICT::Coding region xref gene does not exist
P001_WH06/P001_WH06:CDS	hypothetical protein	k141_48375:c9918-9709	P001_WH06_00082

DiscRep_SUB:FEATURE_LOCATION_CONFLICT::Coding region xref gene does not exist
P001_WH06/P001_WH06:CDS	ATP synthase CF0 subunit I	k141_48375:9954-10325	P001_WH06_00083

DiscRep_SUB:FEATURE_LOCATION_CONFLICT::Coding region xref gene does not exist
P001_WH06/P001_WH06:CDS	ATP synthase CF1 alpha subunit	k141_48375:10417-11940	P001_WH06_00084

DiscRep_SUB:FEATURE_LOCATION_CONFLICT::Coding region xref gene does not exist
P001_WH06/P001_WH06:CDS	ribosomal protein S14	k141_48375:c12802-12491	P001_WH06_00087

DiscRep_SUB:FEATURE_LOCATION_CONFLICT::Coding region xref gene does not exist
P001_WH06/P001_WH06:CDS	photosystem I P700 apoprotein A2	k141_48375:c15167-12963	P001_WH06_00088

DiscRep_SUB:FEATURE_LOCATION_CONFLICT::Coding region xref gene does not exist
P001_WH06/P001_WH06:CDS	photosystem I P700 apoprotein A1	k141_48375:c17445-15193	P001_WH06_00089

DiscRep_SUB:FEATURE_LOCATION_CONFLICT::Coding region xref gene does not exist
P001_WH06/P001_WH06:CDS	hypothetical protein	k141_48375:c18579-18430	P001_WH06_00090

DiscRep_SUB:FEATURE_LOCATION_CONFLICT::Coding region xref gene does not exist
P001_WH06/P001_WH06:CDS	putative chloroplast RF34	k141_48375:c19208-18960	P001_WH06_00091

DiscRep_SUB:FEATURE_LOCATION_CONFLICT::Coding region xref gene does not exist
P001_WH06/P001_WH06:CDS	ribosomal protein S4	k141_48375:c21677-21072	P001_WH06_00093

DiscRep_SUB:FEATURE_LOCATION_CONFLICT::Coding region xref gene does not exist
P001_WH06/P001_WH06:CDS	NADH-plastoquinone oxidoreductase subunit J	k141_48375:c24759-24271	P001_WH06_00096

DiscRep_SUB:FEATURE_LOCATION_CONFLICT::Coding region xref gene does not exist
P001_WH06/P001_WH06:CDS	NADH-plastoquinone oxidoreductase subunit K	k141_48375:c25589-24852	P001_WH06_00097

DiscRep_SUB:FEATURE_LOCATION_CONFLICT::Coding region xref gene does not exist
P001_WH06/P001_WH06:CDS	NADH-plastoquinone oxidoreductase subunit 3	k141_48375:c25942-25580	P001_WH06_00098

DiscRep_SUB:FEATURE_LOCATION_CONFLICT::Coding region xref gene does not exist
P001_WH06/P001_WH06:CDS	ATP synthase CF1 epsilon subunit	k141_48375:c28320-27907	P001_WH06_00100

DiscRep_SUB:FEATURE_LOCATION_CONFLICT::Coding region xref gene does not exist
P001_WH06/P001_WH06:CDS	ATP synthase CF1 beta subunit	k141_48375:c29813-28317	P001_WH06_00101

DiscRep_SUB:FEATURE_LOCATION_CONFLICT::Coding region xref gene does not exist
P001_WH06/P001_WH06:CDS	ribulose-1,5-bisphosphate carboxylase/oxygenase large subunit	k141_48375:30628-32067	P001_WH06_00102

DiscRep_SUB:FEATURE_LOCATION_CONFLICT::Coding region xref gene does not exist
P001_WH06/P001_WH06:CDS	photosystem I subunit VIII	k141_48375:33526-33636	P001_WH06_00103

DiscRep_SUB:FEATURE_LOCATION_CONFLICT::Coding region xref gene does not exist
P001_WH06/P001_WH06:CDS	photosystem I assembly protein Ycf4	k141_48375:33971-34528	P001_WH06_00104

DiscRep_SUB:FEATURE_LOCATION_CONFLICT::Coding region xref gene does not exist
P001_WH06/P001_WH06:CDS	envelope membrane protein	k141_48375:34989-35681	P001_WH06_00105

DiscRep_SUB:FEATURE_LOCATION_CONFLICT::Coding region xref gene does not exist
P001_WH06/P001_WH06:CDS	cytochrome f	k141_48375:35907-36869	P001_WH06_00106

DiscRep_SUB:FEATURE_LOCATION_CONFLICT::Coding region xref gene does not exist
P001_WH06/P001_WH06:CDS	photosystem II protein J	k141_48375:c37797-37675	P001_WH06_00107

DiscRep_SUB:FEATURE_LOCATION_CONFLICT::Coding region xref gene does not exist
P001_WH06/P001_WH06:CDS	Cytochrome b559 subunit beta	k141_48375:c38214-38062	P001_WH06_00108

DiscRep_SUB:FEATURE_LOCATION_CONFLICT::Coding region xref gene does not exist
P001_WH06/P001_WH06:CDS	photosystem II cytochrome b559 alpha subunit	k141_48375:c38443-38192	P001_WH06_00109

DiscRep_SUB:FEATURE_LOCATION_CONFLICT::Coding region xref gene does not exist
P001_WH06/P001_WH06:CDS	cytochrome b6/f complex subunit VI	k141_48375:39688-39783	P001_WH06_00110

DiscRep_SUB:FEATURE_LOCATION_CONFLICT::Coding region xref gene does not exist
P001_WH06/P001_WH06:CDS	photosystem I subunit IX	k141_48375:40818-40946	P001_WH06_00113

DiscRep_SUB:FEATURE_LOCATION_CONFLICT::Coding region xref gene does not exist
P001_WH06/P001_WH06:CDS	hypothetical protein	k141_48375:41836-42348	P001_WH06_00114

DiscRep_SUB:FEATURE_LOCATION_CONFLICT::Coding region xref gene does not exist
P001_WH06/P001_WH06:CDS	ribosomal protein L20	k141_48375:c42869-42510	P001_WH06_00115

DiscRep_SUB:FEATURE_LOCATION_CONFLICT::Coding region xref gene does not exist
P001_WH06/P001_WH06:CDS	hypothetical protein	k141_48375:c43748-43527	P001_WH06_00116

DiscRep_SUB:FEATURE_LOCATION_CONFLICT::Coding region xref gene does not exist
P001_WH06/P001_WH06:CDS	ATP-dependent Clp protease proteolytic subunit	k141_48375:c44481-43831	P001_WH06_00117

DiscRep_SUB:FEATURE_LOCATION_CONFLICT::Coding region xref gene does not exist
P001_WH06/P001_WH06:CDS	photosystem II CP47 chlorophyll apoprotein	k141_48375:44995-46521	P001_WH06_00118

DiscRep_SUB:FEATURE_LOCATION_CONFLICT::Coding region xref gene does not exist
P001_WH06/P001_WH06:CDS	photosystem II protein T	k141_48375:46685-46801	P001_WH06_00119

DiscRep_SUB:FEATURE_LOCATION_CONFLICT::Coding region xref gene does not exist
P001_WH06/P001_WH06:CDS	Photosystem II reaction center protein H	k141_48375:46950-47306	P001_WH06_00120

DiscRep_SUB:FEATURE_LOCATION_CONFLICT::Coding region xref gene does not exist
P001_WH06/P001_WH06:CDS	cytochrome b6	k141_48375:48153-48851	P001_WH06_00121

DiscRep_SUB:FEATURE_LOCATION_CONFLICT::Coding region xref gene does not exist
P001_WH06/P001_WH06:CDS	cytochrome b6/f complex subunit IV	k141_48375:49739-50263	P001_WH06_00122

DiscRep_SUB:FEATURE_LOCATION_CONFLICT::Coding region xref gene does not exist
P001_WH06/P001_WH06:CDS	DNA-directed RNA polymerase subunit alpha	k141_48375:c51521-50502	P001_WH06_00123

DiscRep_SUB:FEATURE_LOCATION_CONFLICT::Coding region xref gene does not exist
P001_WH06/P001_WH06:CDS	ribosomal protein S11	k141_48375:c52017-51586	P001_WH06_00124

DiscRep_SUB:FEATURE_LOCATION_CONFLICT::Coding region xref gene does not exist
P001_WH06/P001_WH06:CDS	translational initiation factor 1	k141_48375:c52740-52417	P001_WH06_00125

DiscRep_SUB:FEATURE_LOCATION_CONFLICT::Coding region xref gene does not exist
P001_WH06/P001_WH06:CDS	ribosomal protein S8	k141_48375:c53230-52820	P001_WH06_00126

DiscRep_SUB:FEATURE_LOCATION_CONFLICT::Coding region xref gene does not exist
P001_WH06/P001_WH06:CDS	ribosomal protein L14	k141_48375:c53754-53383	P001_WH06_00127

DiscRep_SUB:FEATURE_LOCATION_CONFLICT::Coding region xref gene does not exist
P001_WH06/P001_WH06:CDS	ribosomal protein L16	k141_48375:c54236-53874	P001_WH06_00128

DiscRep_SUB:FEATURE_LOCATION_CONFLICT::Coding region xref gene does not exist
P001_WH06/P001_WH06:CDS	ribosomal protein S3	k141_48375:c56152-55433	P001_WH06_00129

DiscRep_SUB:FEATURE_LOCATION_CONFLICT::Coding region xref gene does not exist
P001_WH06/P001_WH06:CDS	hypothetical protein	k141_48375:c56660-56211	P001_WH06_00130

DiscRep_SUB:FEATURE_LOCATION_CONFLICT::Coding region xref gene does not exist
P001_WH06/P001_WH06:CDS	ribosomal protein S19	k141_48375:c57020-56739	P001_WH06_00131

DiscRep_SUB:FEATURE_LOCATION_CONFLICT::Coding region xref gene does not exist
P001_WH06/P001_WH06:CDS	ribosomal protein L2	k141_48375:c57780-57283	P001_WH06_00133

DiscRep_SUB:FEATURE_LOCATION_CONFLICT::Coding region xref gene does not exist
P001_WH06/P001_WH06:CDS	ribosomal protein L2	k141_48375:c58704-58366	P001_WH06_00134

DiscRep_SUB:FEATURE_LOCATION_CONFLICT::Coding region xref gene does not exist
P001_WH06/P001_WH06:CDS	ribosomal protein L23	k141_48375:c59067-58786	P001_WH06_00135

DiscRep_SUB:FEATURE_LOCATION_CONFLICT::Coding region xref gene does not exist
P001_WH06/P001_WH06:CDS	hypothetical protein	k141_48375:59620-59922	P001_WH06_00137

DiscRep_SUB:FEATURE_LOCATION_CONFLICT::Coding region xref gene does not exist
P001_WH06/P001_WH06:CDS	hypothetical protein	k141_48375:59945-60235	P001_WH06_00138

DiscRep_SUB:FEATURE_LOCATION_CONFLICT::Coding region xref gene does not exist
P001_WH06/P001_WH06:CDS	hypothetical protein	k141_48375:60251-60562	P001_WH06_00139

DiscRep_SUB:FEATURE_LOCATION_CONFLICT::Coding region xref gene does not exist
P001_WH06/P001_WH06:CDS	hypothetical protein	k141_48375:60634-61029	P001_WH06_00140

DiscRep_SUB:FEATURE_LOCATION_CONFLICT::Coding region xref gene does not exist
P001_WH06/P001_WH06:CDS	hypothetical protein	k141_48375:61090-61575	P001_WH06_00141

DiscRep_SUB:FEATURE_LOCATION_CONFLICT::Coding region xref gene does not exist
P001_WH06/P001_WH06:CDS	NADH-plastoquinone oxidoreductase subunit 2	k141_48375:c63064-62450	P001_WH06_00143

DiscRep_SUB:FEATURE_LOCATION_CONFLICT::Coding region xref gene does not exist
P001_WH06/P001_WH06:CDS	NADH-plastoquinone oxidoreductase subunit 2	k141_48375:c64694-63846	P001_WH06_00144

DiscRep_SUB:FEATURE_LOCATION_CONFLICT::Coding region xref gene does not exist
P001_WH06/P001_WH06:CDS	ribosomal protein S7	k141_48375:c65464-64994	P001_WH06_00145

DiscRep_SUB:FEATURE_LOCATION_CONFLICT::Coding region xref gene does not exist
P001_WH06/P001_WH06:CDS	hypothetical protein	k141_48375:c65961-65803	P001_WH06_00146

DiscRep_SUB:FEATURE_LOCATION_CONFLICT::Coding region xref gene does not exist
P001_WH06/P001_WH06:CDS	hypothetical protein	k141_48375:66242-66472	P001_WH06_00147

DiscRep_SUB:FEATURE_LOCATION_CONFLICT::Coding region xref gene does not exist
P001_WH06/P001_WH06:CDS	hypothetical protein	k141_48375:66529-66888	P001_WH06_00148

DiscRep_SUB:FEATURE_LOCATION_CONFLICT::Coding region xref gene does not exist
P001_WH06/P001_WH06:CDS	hypothetical protein	k141_48375:67219-67473	P001_WH06_00149

DiscRep_SUB:FEATURE_LOCATION_CONFLICT::Coding region xref gene does not exist
P001_WH06/P001_WH06:CDS	hypothetical protein	k141_48375:c67732-67448	P001_WH06_00150

DiscRep_SUB:FEATURE_LOCATION_CONFLICT::Coding region xref gene does not exist
P001_WH06/P001_WH06:CDS	hypothetical protein	k141_48375:c70406-70182	P001_WH06_00153

DiscRep_SUB:FEATURE_LOCATION_CONFLICT::Coding region xref gene does not exist
P001_WH06/P001_WH06:CDS	hypothetical protein	k141_48375:c71270-71034	P001_WH06_00154

DiscRep_SUB:FEATURE_LOCATION_CONFLICT::Coding region xref gene does not exist
P001_WH06/P001_WH06:CDS	ribosomal protein S15	k141_48375:77751-78023	P001_WH06_00158

DiscRep_SUB:FEATURE_LOCATION_CONFLICT::RNA feature xref gene does not exist
P001_WH06/P001_WH06:tRNA	Arg	k141_48375:c12143-12072	P001_WH06_00085

DiscRep_SUB:FEATURE_LOCATION_CONFLICT::RNA feature xref gene does not exist
P001_WH06/P001_WH06:tRNA	Met	k141_48375:c12329-12255	P001_WH06_00086

DiscRep_SUB:FEATURE_LOCATION_CONFLICT::RNA feature xref gene does not exist
P001_WH06/P001_WH06:tRNA	Ser	k141_48375:20701-20787	P001_WH06_00092

DiscRep_SUB:FEATURE_LOCATION_CONFLICT::RNA feature xref gene does not exist
P001_WH06/P001_WH06:tRNA	Thr	k141_48375:c22060-21986	P001_WH06_00094

DiscRep_SUB:FEATURE_LOCATION_CONFLICT::RNA feature xref gene does not exist
P001_WH06/P001_WH06:tRNA	Phe	k141_48375:23611-23683	P001_WH06_00095

DiscRep_SUB:FEATURE_LOCATION_CONFLICT::RNA feature xref gene does not exist
P001_WH06/P001_WH06:tRNA	Met	k141_48375:27719-27793	P001_WH06_00099

DiscRep_SUB:FEATURE_LOCATION_CONFLICT::RNA feature xref gene does not exist
P001_WH06/P001_WH06:tRNA	Trp	k141_48375:c40266-40193	P001_WH06_00111

DiscRep_SUB:FEATURE_LOCATION_CONFLICT::RNA feature xref gene does not exist
P001_WH06/P001_WH06:tRNA	Pro	k141_48375:c40480-40405	P001_WH06_00112

DiscRep_SUB:FEATURE_LOCATION_CONFLICT::RNA feature xref gene does not exist
P001_WH06/P001_WH06:tRNA	His	k141_48375:57154-57228	P001_WH06_00132

DiscRep_SUB:FEATURE_LOCATION_CONFLICT::RNA feature xref gene does not exist
P001_WH06/P001_WH06:tRNA	Met	k141_48375:c59315-59241	P001_WH06_00136

DiscRep_SUB:FEATURE_LOCATION_CONFLICT::RNA feature xref gene does not exist
P001_WH06/P001_WH06:tRNA	Leu	k141_48375:c61878-61796	P001_WH06_00142

DiscRep_SUB:FEATURE_LOCATION_CONFLICT::RNA feature xref gene does not exist
P001_WH06/P001_WH06:tRNA	Val	k141_48375:68074-68145	P001_WH06_00151

DiscRep_SUB:FEATURE_LOCATION_CONFLICT::RNA feature xref gene does not exist
P001_WH06/P001_WH06:rRNA	16S ribosomal RNA	k141_48375:68380-69866	P001_WH06_00152

DiscRep_SUB:FEATURE_LOCATION_CONFLICT::RNA feature xref gene does not exist
P001_WH06/P001_WH06:rRNA	23S ribosomal RNA	k141_48375:72144-75219	P001_WH06_00155

DiscRep_SUB:FEATURE_LOCATION_CONFLICT::RNA feature xref gene does not exist
P001_WH06/P001_WH06:tRNA	Arg	k141_48375:75797-75871	P001_WH06_00156

DiscRep_SUB:FEATURE_LOCATION_CONFLICT::RNA feature xref gene does not exist
P001_WH06/P001_WH06:tRNA	Asn	k141_48375:c76202-76129	P001_WH06_00157

DiscRep_SUB:FEATURE_LOCATION_CONFLICT::Coding region xref gene does not exist
P001_WH06/P001_WH06:CDS	ribosomal protein L23	k141_78732:5095-5376	P001_WH06_00160

DiscRep_SUB:FEATURE_LOCATION_CONFLICT::Coding region xref gene does not exist
P001_WH06/P001_WH06:CDS	ribosomal protein L2	k141_78732:5395-5796	P001_WH06_00161

DiscRep_SUB:FEATURE_LOCATION_CONFLICT::Coding region xref gene does not exist
P001_WH06/P001_WH06:CDS	hypothetical protein	k141_78732:c6571-6191	P001_WH06_00162

DiscRep_SUB:FEATURE_LOCATION_CONFLICT::RNA feature xref gene does not exist
P001_WH06/P001_WH06:tRNA	Met	k141_78732:4856-4930	P001_WH06_00159

DiscRep_SUB:FEATURE_LOCATION_CONFLICT::Coding region xref gene does not exist
P001_WH06/P001_WH06:CDS	RNA polymerase beta subunit	k141_64186:c1083-103	P001_WH06_00163

DiscRep_SUB:FEATURE_LOCATION_CONFLICT::Coding region xref gene does not exist
P001_WH06/P001_WH06:CDS	hypothetical protein	k141_56917:786-1022	P001_WH06_00164

DiscRep_SUB:FEATURE_LOCATION_CONFLICT::Coding region xref gene does not exist
P001_WH06/P001_WH06:CDS	hypothetical protein	k141_56917:2112-2321	P001_WH06_00165

DiscRep_SUB:FEATURE_LOCATION_CONFLICT::Coding region xref gene does not exist
P001_WH06/P001_WH06:CDS	hypothetical protein	k141_56917:2775-2876	P001_WH06_00167

DiscRep_SUB:FEATURE_LOCATION_CONFLICT::RNA feature xref gene does not exist
P001_WH06/P001_WH06:tRNA	Asn	k141_56917:2506-2579	P001_WH06_00166

DiscRep_SUB:FEATURE_LOCATION_CONFLICT::RNA feature xref gene does not exist
P001_WH06/P001_WH06:tRNA	Arg	k141_56917:c3112-3038	P001_WH06_00168

DiscRep_SUB:FEATURE_LOCATION_CONFLICT::RNA feature xref gene does not exist
P001_WH06/P001_WH06:rRNA	23S ribosomal RNA (partial)	k141_56917:c4536-3707	P001_WH06_00169

DiscRep_SUB:FEATURE_LOCATION_CONFLICT::Coding region xref gene does not exist
P001_WH06/P001_WH06:CDS	Acetyl-coenzyme A carboxylase carboxyl transferase subunit beta, chloroplastic	k141_19874:c1714-242	P001_WH06_00170

DiscRep_SUB:FEATURE_LOCATION_CONFLICT::Coding region xref gene does not exist
P001_WH06/P001_WH06:CDS	ribulose-1,5-bisphosphate carboxylase/oxygenase large subunit	k141_19874:c3598-2165	P001_WH06_00171

DiscRep_SUB:FEATURE_LOCATION_CONFLICT::Coding region xref gene does not exist
P001_WH06/P001_WH06:CDS	hypothetical protein	k141_57090:c325-110	P001_WH06_00172

DiscRep_SUB:FEATURE_LOCATION_CONFLICT::Coding region xref gene does not exist
P001_WH06/P001_WH06:CDS	hypothetical protein	k141_57090:922-1194	P001_WH06_00173

DiscRep_SUB:FEATURE_LOCATION_CONFLICT::Coding region xref gene does not exist
P001_WH06/P001_WH06:CDS	NADH-plastoquinone oxidoreductase subunit 4	k141_102357:c1797-277	P001_WH06_00174

DiscRep_SUB:FEATURE_LOCATION_CONFLICT::Coding region xref gene does not exist
P001_WH06/P001_WH06:CDS	NADH-plastoquinone oxidoreductase subunit 4L	k141_102357:c2684-2379	P001_WH06_00175

DiscRep_SUB:FEATURE_LOCATION_CONFLICT::Coding region xref gene does not exist
P001_WH06/P001_WH06:CDS	NADH-plastoquinone oxidoreductase subunit 6	k141_102357:c3211-2915	P001_WH06_00176

DiscRep_SUB:FEATURE_LOCATION_CONFLICT::Coding region xref gene does not exist
P001_WH06/P001_WH06:CDS	NADH-plastoquinone oxidoreductase subunit 7	k141_110716:3-158	P001_WH06_00177

DiscRep_SUB:FEATURE_LOCATION_CONFLICT::Coding region xref gene does not exist
P001_WH06/P001_WH06:CDS	NADH-plastoquinone oxidoreductase subunit 5	k141_110716:c2493-211	P001_WH06_00178

DiscRep_SUB:FEATURE_LOCATION_CONFLICT::Coding region xref gene does not exist
P001_WH06/P001_WH06:CDS	cytochrome c heme attachment protein	k141_110716:4254-5198	P001_WH06_00180

DiscRep_SUB:FEATURE_LOCATION_CONFLICT::Coding region xref gene does not exist
P001_WH06/P001_WH06:CDS	NADH-plastoquinone oxidoreductase subunit 4	k141_110716:c6868-5366	P001_WH06_00181

DiscRep_SUB:FEATURE_LOCATION_CONFLICT::Coding region xref gene does not exist
P001_WH06/P001_WH06:CDS	photosystem I subunit VII	k141_110716:c7233-6988	P001_WH06_00182

DiscRep_SUB:FEATURE_LOCATION_CONFLICT::Coding region xref gene does not exist
P001_WH06/P001_WH06:CDS	NADH-plastoquinone oxidoreductase subunit 4L	k141_110716:c7999-7694	P001_WH06_00183

DiscRep_SUB:FEATURE_LOCATION_CONFLICT::Coding region xref gene does not exist
P001_WH06/P001_WH06:CDS	NADH-plastoquinone oxidoreductase subunit 6	k141_110716:c8747-8217	P001_WH06_00184

DiscRep_SUB:FEATURE_LOCATION_CONFLICT::Coding region xref gene does not exist
P001_WH06/P001_WH06:CDS	NADH-plastoquinone oxidoreductase subunit I	k141_110716:c9541-8999	P001_WH06_00185

DiscRep_SUB:FEATURE_LOCATION_CONFLICT::Coding region xref gene does not exist
P001_WH06/P001_WH06:CDS	NADH-plastoquinone oxidoreductase subunit 1	k141_110716:c10064-9639	P001_WH06_00186

DiscRep_SUB:FEATURE_LOCATION_CONFLICT::Coding region xref gene does not exist
P001_WH06/P001_WH06:CDS	NADH-plastoquinone oxidoreductase subunit 1	k141_110716:c11746-11183	P001_WH06_00187

DiscRep_SUB:FEATURE_LOCATION_CONFLICT::Coding region xref gene does not exist
P001_WH06/P001_WH06:CDS	NADH-plastoquinone oxidoreductase subunit 7	k141_110716:c12887-11748	P001_WH06_00188

DiscRep_SUB:FEATURE_LOCATION_CONFLICT::RNA feature xref gene does not exist
P001_WH06/P001_WH06:tRNA	Leu	k141_110716:4097-4176	P001_WH06_00179

DiscRep_SUB:FEATURE_LOCATION_CONFLICT::Coding region xref gene does not exist
P001_WH06/P001_WH06:CDS	envelope membrane protein	k141_35046:c735-46	P001_WH06_00189

DiscRep_SUB:FEATURE_LOCATION_CONFLICT::Coding region xref gene does not exist
P001_WH06/P001_WH06:CDS	NADH-plastoquinone oxidoreductase subunit 7	k141_133070:c1113-82	P001_WH06_00190

DiscRep_SUB:FEATURE_LOCATION_CONFLICT::Coding region xref gene does not exist
P001_WH06/P001_WH06:CDS	hypothetical protein	k141_133083:12-2168	P001_WH06_00191

DiscRep_SUB:FEATURE_LOCATION_CONFLICT::Coding region xref gene does not exist
P001_WH06/P001_WH06:CDS	hypothetical protein	k141_87714:c869-630	P001_WH06_00192

DiscRep_SUB:FEATURE_LOCATION_CONFLICT::Coding region xref gene does not exist
P001_WH06/P001_WH06:CDS	NADH-plastoquinone oxidoreductase subunit 2	k141_65739:220-1002	P001_WH06_00193

DiscRep_SUB:FEATURE_LOCATION_CONFLICT::Coding region xref gene does not exist
P001_WH06/P001_WH06:CDS	hypothetical protein	k141_65739:1238-1486	P001_WH06_00194

DiscRep_SUB:FEATURE_LOCATION_CONFLICT::RNA feature xref gene does not exist
P001_WH06/P001_WH06:tRNA	Leu	k141_65739:1575-1657	P001_WH06_00195

DiscRep_SUB:FEATURE_LOCATION_CONFLICT::Coding region xref gene does not exist
P001_WH06/P001_WH06:CDS	ribosomal protein S2	k141_133613:18-551	P001_WH06_00196

DiscRep_SUB:FEATURE_LOCATION_CONFLICT::Coding region xref gene does not exist
P001_WH06/P001_WH06:CDS	hypothetical protein	k141_57942:c890-591	P001_WH06_00198

DiscRep_SUB:FEATURE_LOCATION_CONFLICT::RNA feature xref gene does not exist
P001_WH06/P001_WH06:tRNA	Val	k141_57942:c313-242	P001_WH06_00197

DiscRep_SUB:FEATURE_LOCATION_CONFLICT::Coding region xref gene does not exist
P001_WH06/P001_WH06:CDS	NADH-plastoquinone oxidoreductase subunit 5	k141_103467:100-1005	P001_WH06_00199

DiscRep_SUB:FEATURE_LOCATION_CONFLICT::Coding region xref gene does not exist
P001_WH06/P001_WH06:CDS	ribosomal protein L14	k141_88764:63-431	P001_WH06_00200

DiscRep_SUB:FEATURE_LOCATION_CONFLICT::Coding region xref gene does not exist
P001_WH06/P001_WH06:CDS	ribosomal protein S8	k141_88764:631-1035	P001_WH06_00201

DiscRep_SUB:FEATURE_LOCATION_CONFLICT::Coding region xref gene does not exist
P001_WH06/P001_WH06:CDS	translational initiation factor 1	k141_88764:1157-1396	P001_WH06_00202

DiscRep_SUB:FEATURE_LOCATION_CONFLICT::Coding region xref gene does not exist
P001_WH06/P001_WH06:CDS	ribosomal protein L36	k141_88764:1512-1625	P001_WH06_00203

DiscRep_SUB:FEATURE_LOCATION_CONFLICT::Coding region xref gene does not exist
P001_WH06/P001_WH06:CDS	hypothetical protein	k141_141600:829-1026	P001_WH06_00204

DiscRep_SUB:FEATURE_LOCATION_CONFLICT::RNA feature xref gene does not exist
P001_WH06/P001_WH06:tRNA	Met	k141_141600:1206-1278	P001_WH06_00205

DiscRep_SUB:FEATURE_LOCATION_CONFLICT::Coding region xref gene does not exist
P001_WH06/P001_WH06:CDS	photosystem I assembly protein Ycf4	k141_36389:170-820	P001_WH06_00206

DiscRep_SUB:FEATURE_LOCATION_CONFLICT::Coding region xref gene does not exist
P001_WH06/P001_WH06:CDS	hypothetical protein	k141_127027:c591-412	P001_WH06_00207

DiscRep_SUB:FEATURE_LOCATION_CONFLICT::RNA feature xref gene does not exist
P001_WH06/P001_WH06:tRNA	Trp	k141_127027:c960-887	P001_WH06_00208

DiscRep_SUB:FEATURE_LOCATION_CONFLICT::Coding region xref gene does not exist
P001_WH06/P001_WH06:CDS	maturase K	k141_74484:634-2154	P001_WH06_00209

DiscRep_SUB:FEATURE_LOCATION_CONFLICT::Coding region xref gene does not exist
P001_WH06/P001_WH06:CDS	hypothetical protein	k141_74484:2327-2428	P001_WH06_00210

DiscRep_SUB:FEATURE_LOCATION_CONFLICT::Coding region xref gene does not exist
P001_WH06/P001_WH06:CDS	photosystem II protein D1	k141_74484:2657-3718	P001_WH06_00211

DiscRep_SUB:FEATURE_LOCATION_CONFLICT::Coding region xref gene does not exist
P001_WH06/P001_WH06:CDS	ribosomal protein S7	k141_127908:615-1082	P001_WH06_00212

DiscRep_ALL:SUSPECT_PRODUCT_NAMES::3 product_names contain suspect phrase or characters
DiscRep_SUB:SUSPECT_PRODUCT_NAMES::May contain database identifier more appropriate in note; remove from product name
DiscRep_SUB:SUSPECT_PRODUCT_NAMES::3 features contains three or more numbers together that may be identifiers more appropriate in note
P001_WH06/P001_WH06:CDS	photosystem I P700 apoprotein A2	k141_99031:40-1725	P001_WH06_00008
P001_WH06/P001_WH06:CDS	photosystem I P700 apoprotein A2	k141_48375:c15167-12963	P001_WH06_00088
P001_WH06/P001_WH06:CDS	photosystem I P700 apoprotein A1	k141_48375:c17445-15193	P001_WH06_00089

DiscRep_ALL:NO_ANNOTATION::6 bioseqs have no features
P001_WH06/P001_WH06:k141_90736 (length 1400)
P001_WH06/P001_WH06:k141_1925 (length 1044)
P001_WH06/P001_WH06:k141_17265 (length 2787)
P001_WH06/P001_WH06:k141_139635 (length 1015)
P001_WH06/P001_WH06:k141_103327 (length 1255)
P001_WH06/P001_WH06:k141_45016 (length 1037)

DiscRep_ALL:DISC_QUALITY_SCORES::Quality scores are missing on all sequences.

FATAL: DiscRep_ALL:DISC_SUSPECT_RRNA_PRODUCTS::1 rRNA product names contain suspect phrase
FATAL: DiscRep_SUB:DISC_SUSPECT_RRNA_PRODUCTS::1 rRNA product names contains 'partial'
P001_WH06/P001_WH06:rRNA	23S ribosomal RNA (partial)	k141_56917:c4536-3707	P001_WH06_00169

FATAL: DiscRep_ALL:DISC_SHORT_RRNA::1 rRNA features are too short
P001_WH06/P001_WH06:rRNA	23S ribosomal RNA (partial)	k141_56917:c4536-3707	P001_WH06_00169

DiscRep_ALL:ONCALLER_COMMENT_PRESENT::40 comment descriptors were found (all same)
P001_WH06/P001_WH06:k141_90736:Annotated using prokka 1.14.5 from https://github.com/tseemann/prokka
P001_WH06/P001_WH06:k141_38035:Annotated using prokka 1.14.5 from https://github.com/tseemann/prokka
P001_WH06/P001_WH06:k141_23171:Annotated using prokka 1.14.5 from https://github.com/tseemann/prokka
P001_WH06/P001_WH06:k141_76028:Annotated using prokka 1.14.5 from https://github.com/tseemann/prokka
P001_WH06/P001_WH06:k141_38397:Annotated using prokka 1.14.5 from https://github.com/tseemann/prokka
P001_WH06/P001_WH06:k141_99031:Annotated using prokka 1.14.5 from https://github.com/tseemann/prokka
P001_WH06/P001_WH06:k141_68818:Annotated using prokka 1.14.5 from https://github.com/tseemann/prokka
P001_WH06/P001_WH06:k141_83975:Annotated using prokka 1.14.5 from https://github.com/tseemann/prokka
P001_WH06/P001_WH06:k141_54250:Annotated using prokka 1.14.5 from https://github.com/tseemann/prokka
P001_WH06/P001_WH06:k141_1925:Annotated using prokka 1.14.5 from https://github.com/tseemann/prokka
P001_WH06/P001_WH06:k141_17265:Annotated using prokka 1.14.5 from https://github.com/tseemann/prokka
P001_WH06/P001_WH06:k141_137727:Annotated using prokka 1.14.5 from https://github.com/tseemann/prokka
P001_WH06/P001_WH06:k141_62689:Annotated using prokka 1.14.5 from https://github.com/tseemann/prokka
P001_WH06/P001_WH06:k141_54980:Annotated using prokka 1.14.5 from https://github.com/tseemann/prokka
P001_WH06/P001_WH06:k141_123837:Annotated using prokka 1.14.5 from https://github.com/tseemann/prokka
P001_WH06/P001_WH06:k141_48375:Annotated using prokka 1.14.5 from https://github.com/tseemann/prokka
P001_WH06/P001_WH06:k141_78732:Annotated using prokka 1.14.5 from https://github.com/tseemann/prokka
P001_WH06/P001_WH06:k141_64186:Annotated using prokka 1.14.5 from https://github.com/tseemann/prokka
P001_WH06/P001_WH06:k141_139635:Annotated using prokka 1.14.5 from https://github.com/tseemann/prokka
P001_WH06/P001_WH06:k141_56917:Annotated using prokka 1.14.5 from https://github.com/tseemann/prokka
P001_WH06/P001_WH06:k141_19874:Annotated using prokka 1.14.5 from https://github.com/tseemann/prokka
P001_WH06/P001_WH06:k141_57090:Annotated using prokka 1.14.5 from https://github.com/tseemann/prokka
P001_WH06/P001_WH06:k141_102357:Annotated using prokka 1.14.5 from https://github.com/tseemann/prokka
P001_WH06/P001_WH06:k141_110716:Annotated using prokka 1.14.5 from https://github.com/tseemann/prokka
P001_WH06/P001_WH06:k141_35046:Annotated using prokka 1.14.5 from https://github.com/tseemann/prokka
P001_WH06/P001_WH06:k141_133070:Annotated using prokka 1.14.5 from https://github.com/tseemann/prokka
P001_WH06/P001_WH06:k141_133083:Annotated using prokka 1.14.5 from https://github.com/tseemann/prokka
P001_WH06/P001_WH06:k141_87714:Annotated using prokka 1.14.5 from https://github.com/tseemann/prokka
P001_WH06/P001_WH06:k141_65739:Annotated using prokka 1.14.5 from https://github.com/tseemann/prokka
P001_WH06/P001_WH06:k141_133613:Annotated using prokka 1.14.5 from https://github.com/tseemann/prokka
P001_WH06/P001_WH06:k141_57942:Annotated using prokka 1.14.5 from https://github.com/tseemann/prokka
P001_WH06/P001_WH06:k141_103327:Annotated using prokka 1.14.5 from https://github.com/tseemann/prokka
P001_WH06/P001_WH06:k141_103467:Annotated using prokka 1.14.5 from https://github.com/tseemann/prokka
P001_WH06/P001_WH06:k141_88764:Annotated using prokka 1.14.5 from https://github.com/tseemann/prokka
P001_WH06/P001_WH06:k141_141600:Annotated using prokka 1.14.5 from https://github.com/tseemann/prokka
P001_WH06/P001_WH06:k141_36389:Annotated using prokka 1.14.5 from https://github.com/tseemann/prokka
P001_WH06/P001_WH06:k141_127027:Annotated using prokka 1.14.5 from https://github.com/tseemann/prokka
P001_WH06/P001_WH06:k141_74484:Annotated using prokka 1.14.5 from https://github.com/tseemann/prokka
P001_WH06/P001_WH06:k141_127908:Annotated using prokka 1.14.5 from https://github.com/tseemann/prokka
P001_WH06/P001_WH06:k141_45016:Annotated using prokka 1.14.5 from https://github.com/tseemann/prokka

DiscRep_ALL:SHORT_PROT_SEQUENCES::18 protein sequences are shorter than 50 aa.
P001_WH06/P001_WH06:k141_23171_1 (length 29)
P001_WH06/P001_WH06:k141_83975_2 (length 48)
P001_WH06/P001_WH06:k141_54980_1 (length 44)
P001_WH06/P001_WH06:k141_123837_3 (length 29)
P001_WH06/P001_WH06:k141_123837_4 (length 34)
P001_WH06/P001_WH06:k141_123837_5 (length 36)
P001_WH06/P001_WH06:k141_123837_28 (length 36)
P001_WH06/P001_WH06:k141_123837_29 (length 34)
P001_WH06/P001_WH06:k141_123837_30 (length 29)
P001_WH06/P001_WH06:k141_48375_13 (length 49)
P001_WH06/P001_WH06:k141_48375_22 (length 36)
P001_WH06/P001_WH06:k141_48375_26 (length 40)
P001_WH06/P001_WH06:k141_48375_29 (length 31)
P001_WH06/P001_WH06:k141_48375_30 (length 42)
P001_WH06/P001_WH06:k141_48375_36 (length 38)
P001_WH06/P001_WH06:k141_56917_3 (length 33)
P001_WH06/P001_WH06:k141_88764_4 (length 37)
P001_WH06/P001_WH06:k141_74484_2 (length 33)

DiscRep_ALL:MISSING_GENOMEASSEMBLY_COMMENTS::40 bioseqs are missing GenomeAssembly structured comments
P001_WH06/P001_WH06:k141_90736 (length 1400)
P001_WH06/P001_WH06:k141_38035 (length 1474)
P001_WH06/P001_WH06:k141_23171 (length 2805)
P001_WH06/P001_WH06:k141_76028 (length 2314)
P001_WH06/P001_WH06:k141_38397 (length 2995)
P001_WH06/P001_WH06:k141_99031 (length 1871)
P001_WH06/P001_WH06:k141_68818 (length 1552)
P001_WH06/P001_WH06:k141_83975 (length 2395)
P001_WH06/P001_WH06:k141_54250 (length 1620)
P001_WH06/P001_WH06:k141_1925 (length 1044)
P001_WH06/P001_WH06:k141_17265 (length 2787)
P001_WH06/P001_WH06:k141_137727 (length 1026)
P001_WH06/P001_WH06:k141_62689 (length 2558)
P001_WH06/P001_WH06:k141_54980 (length 1229)
P001_WH06/P001_WH06:k141_123837 (length 47582)
P001_WH06/P001_WH06:k141_48375 (length 78341)
P001_WH06/P001_WH06:k141_78732 (length 6762)
P001_WH06/P001_WH06:k141_64186 (length 1104)
P001_WH06/P001_WH06:k141_139635 (length 1015)
P001_WH06/P001_WH06:k141_56917 (length 4536)
P001_WH06/P001_WH06:k141_19874 (length 3807)
P001_WH06/P001_WH06:k141_57090 (length 1485)
P001_WH06/P001_WH06:k141_102357 (length 3314)
P001_WH06/P001_WH06:k141_110716 (length 12889)
P001_WH06/P001_WH06:k141_35046 (length 1012)
P001_WH06/P001_WH06:k141_133070 (length 1183)
P001_WH06/P001_WH06:k141_133083 (length 2315)
P001_WH06/P001_WH06:k141_87714 (length 1039)
P001_WH06/P001_WH06:k141_65739 (length 1975)
P001_WH06/P001_WH06:k141_133613 (length 1410)
P001_WH06/P001_WH06:k141_57942 (length 2249)
P001_WH06/P001_WH06:k141_103327 (length 1255)
P001_WH06/P001_WH06:k141_103467 (length 1120)
P001_WH06/P001_WH06:k141_88764 (length 1629)
P001_WH06/P001_WH06:k141_141600 (length 1597)
P001_WH06/P001_WH06:k141_36389 (length 1139)
P001_WH06/P001_WH06:k141_127027 (length 1065)
P001_WH06/P001_WH06:k141_74484 (length 4007)
P001_WH06/P001_WH06:k141_127908 (length 1435)
P001_WH06/P001_WH06:k141_45016 (length 1037)

DiscRep_ALL:MOLTYPE_NOT_MRNA::40 molecule types are not set as mRNA.
P001_WH06/P001_WH06:k141_90736 (length 1400)
P001_WH06/P001_WH06:k141_38035 (length 1474)
P001_WH06/P001_WH06:k141_23171 (length 2805)
P001_WH06/P001_WH06:k141_76028 (length 2314)
P001_WH06/P001_WH06:k141_38397 (length 2995)
P001_WH06/P001_WH06:k141_99031 (length 1871)
P001_WH06/P001_WH06:k141_68818 (length 1552)
P001_WH06/P001_WH06:k141_83975 (length 2395)
P001_WH06/P001_WH06:k141_54250 (length 1620)
P001_WH06/P001_WH06:k141_1925 (length 1044)
P001_WH06/P001_WH06:k141_17265 (length 2787)
P001_WH06/P001_WH06:k141_137727 (length 1026)
P001_WH06/P001_WH06:k141_62689 (length 2558)
P001_WH06/P001_WH06:k141_54980 (length 1229)
P001_WH06/P001_WH06:k141_123837 (length 47582)
P001_WH06/P001_WH06:k141_48375 (length 78341)
P001_WH06/P001_WH06:k141_78732 (length 6762)
P001_WH06/P001_WH06:k141_64186 (length 1104)
P001_WH06/P001_WH06:k141_139635 (length 1015)
P001_WH06/P001_WH06:k141_56917 (length 4536)
P001_WH06/P001_WH06:k141_19874 (length 3807)
P001_WH06/P001_WH06:k141_57090 (length 1485)
P001_WH06/P001_WH06:k141_102357 (length 3314)
P001_WH06/P001_WH06:k141_110716 (length 12889)
P001_WH06/P001_WH06:k141_35046 (length 1012)
P001_WH06/P001_WH06:k141_133070 (length 1183)
P001_WH06/P001_WH06:k141_133083 (length 2315)
P001_WH06/P001_WH06:k141_87714 (length 1039)
P001_WH06/P001_WH06:k141_65739 (length 1975)
P001_WH06/P001_WH06:k141_133613 (length 1410)
P001_WH06/P001_WH06:k141_57942 (length 2249)
P001_WH06/P001_WH06:k141_103327 (length 1255)
P001_WH06/P001_WH06:k141_103467 (length 1120)
P001_WH06/P001_WH06:k141_88764 (length 1629)
P001_WH06/P001_WH06:k141_141600 (length 1597)
P001_WH06/P001_WH06:k141_36389 (length 1139)
P001_WH06/P001_WH06:k141_127027 (length 1065)
P001_WH06/P001_WH06:k141_74484 (length 4007)
P001_WH06/P001_WH06:k141_127908 (length 1435)
P001_WH06/P001_WH06:k141_45016 (length 1037)

DiscRep_ALL:TECHNIQUE_NOT_TSA::40 technique are not set as TSA
P001_WH06/P001_WH06:k141_90736 (length 1400)
P001_WH06/P001_WH06:k141_38035 (length 1474)
P001_WH06/P001_WH06:k141_23171 (length 2805)
P001_WH06/P001_WH06:k141_76028 (length 2314)
P001_WH06/P001_WH06:k141_38397 (length 2995)
P001_WH06/P001_WH06:k141_99031 (length 1871)
P001_WH06/P001_WH06:k141_68818 (length 1552)
P001_WH06/P001_WH06:k141_83975 (length 2395)
P001_WH06/P001_WH06:k141_54250 (length 1620)
P001_WH06/P001_WH06:k141_1925 (length 1044)
P001_WH06/P001_WH06:k141_17265 (length 2787)
P001_WH06/P001_WH06:k141_137727 (length 1026)
P001_WH06/P001_WH06:k141_62689 (length 2558)
P001_WH06/P001_WH06:k141_54980 (length 1229)
P001_WH06/P001_WH06:k141_123837 (length 47582)
P001_WH06/P001_WH06:k141_48375 (length 78341)
P001_WH06/P001_WH06:k141_78732 (length 6762)
P001_WH06/P001_WH06:k141_64186 (length 1104)
P001_WH06/P001_WH06:k141_139635 (length 1015)
P001_WH06/P001_WH06:k141_56917 (length 4536)
P001_WH06/P001_WH06:k141_19874 (length 3807)
P001_WH06/P001_WH06:k141_57090 (length 1485)
P001_WH06/P001_WH06:k141_102357 (length 3314)
P001_WH06/P001_WH06:k141_110716 (length 12889)
P001_WH06/P001_WH06:k141_35046 (length 1012)
P001_WH06/P001_WH06:k141_133070 (length 1183)
P001_WH06/P001_WH06:k141_133083 (length 2315)
P001_WH06/P001_WH06:k141_87714 (length 1039)
P001_WH06/P001_WH06:k141_65739 (length 1975)
P001_WH06/P001_WH06:k141_133613 (length 1410)
P001_WH06/P001_WH06:k141_57942 (length 2249)
P001_WH06/P001_WH06:k141_103327 (length 1255)
P001_WH06/P001_WH06:k141_103467 (length 1120)
P001_WH06/P001_WH06:k141_88764 (length 1629)
P001_WH06/P001_WH06:k141_141600 (length 1597)
P001_WH06/P001_WH06:k141_36389 (length 1139)
P001_WH06/P001_WH06:k141_127027 (length 1065)
P001_WH06/P001_WH06:k141_74484 (length 4007)
P001_WH06/P001_WH06:k141_127908 (length 1435)
P001_WH06/P001_WH06:k141_45016 (length 1037)

DiscRep_ALL:MISSING_STRUCTURED_COMMENT::40 sequences do not include structured comments.
P001_WH06/P001_WH06:k141_90736 (length 1400)
P001_WH06/P001_WH06:k141_38035 (length 1474)
P001_WH06/P001_WH06:k141_23171 (length 2805)
P001_WH06/P001_WH06:k141_76028 (length 2314)
P001_WH06/P001_WH06:k141_38397 (length 2995)
P001_WH06/P001_WH06:k141_99031 (length 1871)
P001_WH06/P001_WH06:k141_68818 (length 1552)
P001_WH06/P001_WH06:k141_83975 (length 2395)
P001_WH06/P001_WH06:k141_54250 (length 1620)
P001_WH06/P001_WH06:k141_1925 (length 1044)
P001_WH06/P001_WH06:k141_17265 (length 2787)
P001_WH06/P001_WH06:k141_137727 (length 1026)
P001_WH06/P001_WH06:k141_62689 (length 2558)
P001_WH06/P001_WH06:k141_54980 (length 1229)
P001_WH06/P001_WH06:k141_123837 (length 47582)
P001_WH06/P001_WH06:k141_48375 (length 78341)
P001_WH06/P001_WH06:k141_78732 (length 6762)
P001_WH06/P001_WH06:k141_64186 (length 1104)
P001_WH06/P001_WH06:k141_139635 (length 1015)
P001_WH06/P001_WH06:k141_56917 (length 4536)
P001_WH06/P001_WH06:k141_19874 (length 3807)
P001_WH06/P001_WH06:k141_57090 (length 1485)
P001_WH06/P001_WH06:k141_102357 (length 3314)
P001_WH06/P001_WH06:k141_110716 (length 12889)
P001_WH06/P001_WH06:k141_35046 (length 1012)
P001_WH06/P001_WH06:k141_133070 (length 1183)
P001_WH06/P001_WH06:k141_133083 (length 2315)
P001_WH06/P001_WH06:k141_87714 (length 1039)
P001_WH06/P001_WH06:k141_65739 (length 1975)
P001_WH06/P001_WH06:k141_133613 (length 1410)
P001_WH06/P001_WH06:k141_57942 (length 2249)
P001_WH06/P001_WH06:k141_103327 (length 1255)
P001_WH06/P001_WH06:k141_103467 (length 1120)
P001_WH06/P001_WH06:k141_88764 (length 1629)
P001_WH06/P001_WH06:k141_141600 (length 1597)
P001_WH06/P001_WH06:k141_36389 (length 1139)
P001_WH06/P001_WH06:k141_127027 (length 1065)
P001_WH06/P001_WH06:k141_74484 (length 4007)
P001_WH06/P001_WH06:k141_127908 (length 1435)
P001_WH06/P001_WH06:k141_45016 (length 1037)

DiscRep_ALL:MISSING_PROJECT::197 sequences do not include project.
P001_WH06/P001_WH06:k141_90736 (length 1400)
P001_WH06/P001_WH06:k141_38035 (length 1474)
P001_WH06/P001_WH06:k141_38035_1 (length 136)
P001_WH06/P001_WH06:k141_23171 (length 2805)
P001_WH06/P001_WH06:k141_23171_1 (length 29)
P001_WH06/P001_WH06:k141_76028 (length 2314)
P001_WH06/P001_WH06:k141_76028_1 (length 85)
P001_WH06/P001_WH06:k141_38397 (length 2995)
P001_WH06/P001_WH06:k141_38397_1 (length 92)
P001_WH06/P001_WH06:k141_38397_2 (length 377)
P001_WH06/P001_WH06:k141_99031 (length 1871)
P001_WH06/P001_WH06:k141_99031_1 (length 561)
P001_WH06/P001_WH06:k141_68818 (length 1552)
P001_WH06/P001_WH06:k141_68818_1 (length 68)
P001_WH06/P001_WH06:k141_83975 (length 2395)
P001_WH06/P001_WH06:k141_83975_1 (length 91)
P001_WH06/P001_WH06:k141_83975_2 (length 48)
P001_WH06/P001_WH06:k141_54250 (length 1620)
P001_WH06/P001_WH06:k141_1925 (length 1044)
P001_WH06/P001_WH06:k141_17265 (length 2787)
P001_WH06/P001_WH06:k141_137727 (length 1026)
P001_WH06/P001_WH06:k141_137727_1 (length 124)
P001_WH06/P001_WH06:k141_62689 (length 2558)
P001_WH06/P001_WH06:k141_62689_1 (length 201)
P001_WH06/P001_WH06:k141_54980 (length 1229)
P001_WH06/P001_WH06:k141_54980_1 (length 44)
P001_WH06/P001_WH06:k141_54980_2 (length 68)
P001_WH06/P001_WH06:k141_123837 (length 47582)
P001_WH06/P001_WH06:k141_123837_1 (length 123)
P001_WH06/P001_WH06:k141_123837_2 (length 1076)
P001_WH06/P001_WH06:k141_123837_3 (length 29)
P001_WH06/P001_WH06:k141_123837_4 (length 34)
P001_WH06/P001_WH06:k141_123837_5 (length 36)
P001_WH06/P001_WH06:k141_123837_6 (length 57)
P001_WH06/P001_WH06:k141_123837_7 (length 85)
P001_WH06/P001_WH06:k141_123837_8 (length 70)
P001_WH06/P001_WH06:k141_123837_9 (length 473)
P001_WH06/P001_WH06:k141_123837_10 (length 353)
P001_WH06/P001_WH06:k141_123837_11 (length 102)
P001_WH06/P001_WH06:k141_123837_12 (length 58)
P001_WH06/P001_WH06:k141_123837_13 (length 108)
P001_WH06/P001_WH06:k141_123837_14 (length 92)
P001_WH06/P001_WH06:k141_123837_15 (length 511)
P001_WH06/P001_WH06:k141_123837_16 (length 353)
P001_WH06/P001_WH06:k141_123837_17 (length 353)
P001_WH06/P001_WH06:k141_123837_18 (length 511)
P001_WH06/P001_WH06:k141_123837_19 (length 92)
P001_WH06/P001_WH06:k141_123837_20 (length 108)
P001_WH06/P001_WH06:k141_123837_21 (length 58)
P001_WH06/P001_WH06:k141_123837_22 (length 102)
P001_WH06/P001_WH06:k141_123837_23 (length 353)
P001_WH06/P001_WH06:k141_123837_24 (length 473)
P001_WH06/P001_WH06:k141_123837_25 (length 70)
P001_WH06/P001_WH06:k141_123837_26 (length 85)
P001_WH06/P001_WH06:k141_123837_27 (length 57)
P001_WH06/P001_WH06:k141_123837_28 (length 36)
P001_WH06/P001_WH06:k141_123837_29 (length 34)
P001_WH06/P001_WH06:k141_123837_30 (length 29)
P001_WH06/P001_WH06:k141_123837_31 (length 1076)
P001_WH06/P001_WH06:k141_123837_32 (length 123)
P001_WH06/P001_WH06:k141_48375 (length 78341)
P001_WH06/P001_WH06:k141_48375_1 (length 297)
P001_WH06/P001_WH06:k141_48375_2 (length 1473)
P001_WH06/P001_WH06:k141_48375_3 (length 236)
P001_WH06/P001_WH06:k141_48375_4 (length 286)
P001_WH06/P001_WH06:k141_48375_5 (length 81)
P001_WH06/P001_WH06:k141_48375_6 (length 73)
P001_WH06/P001_WH06:k141_48375_7 (length 69)
P001_WH06/P001_WH06:k141_48375_8 (length 123)
P001_WH06/P001_WH06:k141_48375_9 (length 507)
P001_WH06/P001_WH06:k141_48375_10 (length 103)
P001_WH06/P001_WH06:k141_48375_11 (length 734)
P001_WH06/P001_WH06:k141_48375_12 (length 750)
P001_WH06/P001_WH06:k141_48375_13 (length 49)
P001_WH06/P001_WH06:k141_48375_14 (length 82)
P001_WH06/P001_WH06:k141_48375_15 (length 201)
P001_WH06/P001_WH06:k141_48375_16 (length 162)
P001_WH06/P001_WH06:k141_48375_17 (length 245)
P001_WH06/P001_WH06:k141_48375_18 (length 120)
P001_WH06/P001_WH06:k141_48375_19 (length 137)
P001_WH06/P001_WH06:k141_48375_20 (length 498)
P001_WH06/P001_WH06:k141_48375_21 (length 479)
P001_WH06/P001_WH06:k141_48375_22 (length 36)
P001_WH06/P001_WH06:k141_48375_23 (length 185)
P001_WH06/P001_WH06:k141_48375_24 (length 230)
P001_WH06/P001_WH06:k141_48375_25 (length 320)
P001_WH06/P001_WH06:k141_48375_26 (length 40)
P001_WH06/P001_WH06:k141_48375_27 (length 50)
P001_WH06/P001_WH06:k141_48375_28 (length 83)
P001_WH06/P001_WH06:k141_48375_29 (length 31)
P001_WH06/P001_WH06:k141_48375_30 (length 42)
P001_WH06/P001_WH06:k141_48375_31 (length 170)
P001_WH06/P001_WH06:k141_48375_32 (length 119)
P001_WH06/P001_WH06:k141_48375_33 (length 73)
P001_WH06/P001_WH06:k141_48375_34 (length 216)
P001_WH06/P001_WH06:k141_48375_35 (length 508)
P001_WH06/P001_WH06:k141_48375_36 (length 38)
P001_WH06/P001_WH06:k141_48375_37 (length 118)
P001_WH06/P001_WH06:k141_48375_38 (length 232)
P001_WH06/P001_WH06:k141_48375_39 (length 174)
P001_WH06/P001_WH06:k141_48375_40 (length 339)
P001_WH06/P001_WH06:k141_48375_41 (length 143)
P001_WH06/P001_WH06:k141_48375_42 (length 107)
P001_WH06/P001_WH06:k141_48375_43 (length 136)
P001_WH06/P001_WH06:k141_48375_44 (length 123)
P001_WH06/P001_WH06:k141_48375_45 (length 120)
P001_WH06/P001_WH06:k141_48375_46 (length 239)
P001_WH06/P001_WH06:k141_48375_47 (length 149)
P001_WH06/P001_WH06:k141_48375_48 (length 93)
P001_WH06/P001_WH06:k141_48375_49 (length 165)
P001_WH06/P001_WH06:k141_48375_50 (length 112)
P001_WH06/P001_WH06:k141_48375_51 (length 93)
P001_WH06/P001_WH06:k141_48375_52 (length 100)
P001_WH06/P001_WH06:k141_48375_53 (length 96)
P001_WH06/P001_WH06:k141_48375_54 (length 103)
P001_WH06/P001_WH06:k141_48375_55 (length 131)
P001_WH06/P001_WH06:k141_48375_56 (length 161)
P001_WH06/P001_WH06:k141_48375_57 (length 204)
P001_WH06/P001_WH06:k141_48375_58 (length 282)
P001_WH06/P001_WH06:k141_48375_59 (length 156)
P001_WH06/P001_WH06:k141_48375_60 (length 52)
P001_WH06/P001_WH06:k141_48375_61 (length 76)
P001_WH06/P001_WH06:k141_48375_62 (length 119)
P001_WH06/P001_WH06:k141_48375_63 (length 84)
P001_WH06/P001_WH06:k141_48375_64 (length 94)
P001_WH06/P001_WH06:k141_48375_65 (length 74)
P001_WH06/P001_WH06:k141_48375_66 (length 78)
P001_WH06/P001_WH06:k141_48375_67 (length 90)
P001_WH06/P001_WH06:k141_78732 (length 6762)
P001_WH06/P001_WH06:k141_78732_1 (length 93)
P001_WH06/P001_WH06:k141_78732_2 (length 133)
P001_WH06/P001_WH06:k141_78732_3 (length 126)
P001_WH06/P001_WH06:k141_64186 (length 1104)
P001_WH06/P001_WH06:k141_64186_1 (length 326)
P001_WH06/P001_WH06:k141_139635 (length 1015)
P001_WH06/P001_WH06:k141_56917 (length 4536)
P001_WH06/P001_WH06:k141_56917_1 (length 78)
P001_WH06/P001_WH06:k141_56917_2 (length 69)
P001_WH06/P001_WH06:k141_56917_3 (length 33)
P001_WH06/P001_WH06:k141_19874 (length 3807)
P001_WH06/P001_WH06:k141_19874_1 (length 490)
P001_WH06/P001_WH06:k141_19874_2 (length 477)
P001_WH06/P001_WH06:k141_57090 (length 1485)
P001_WH06/P001_WH06:k141_57090_1 (length 71)
P001_WH06/P001_WH06:k141_57090_2 (length 90)
P001_WH06/P001_WH06:k141_102357 (length 3314)
P001_WH06/P001_WH06:k141_102357_1 (length 506)
P001_WH06/P001_WH06:k141_102357_2 (length 101)
P001_WH06/P001_WH06:k141_102357_3 (length 98)
P001_WH06/P001_WH06:k141_110716 (length 12889)
P001_WH06/P001_WH06:k141_110716_1 (length 51)
P001_WH06/P001_WH06:k141_110716_2 (length 760)
P001_WH06/P001_WH06:k141_110716_3 (length 314)
P001_WH06/P001_WH06:k141_110716_4 (length 500)
P001_WH06/P001_WH06:k141_110716_5 (length 81)
P001_WH06/P001_WH06:k141_110716_6 (length 101)
P001_WH06/P001_WH06:k141_110716_7 (length 176)
P001_WH06/P001_WH06:k141_110716_8 (length 180)
P001_WH06/P001_WH06:k141_110716_9 (length 141)
P001_WH06/P001_WH06:k141_110716_10 (length 187)
P001_WH06/P001_WH06:k141_110716_11 (length 379)
P001_WH06/P001_WH06:k141_35046 (length 1012)
P001_WH06/P001_WH06:k141_35046_1 (length 229)
P001_WH06/P001_WH06:k141_133070 (length 1183)
P001_WH06/P001_WH06:k141_133070_1 (length 343)
P001_WH06/P001_WH06:k141_133083 (length 2315)
P001_WH06/P001_WH06:k141_133083_1 (length 718)
P001_WH06/P001_WH06:k141_87714 (length 1039)
P001_WH06/P001_WH06:k141_87714_1 (length 79)
P001_WH06/P001_WH06:k141_65739 (length 1975)
P001_WH06/P001_WH06:k141_65739_1 (length 260)
P001_WH06/P001_WH06:k141_65739_2 (length 82)
P001_WH06/P001_WH06:k141_133613 (length 1410)
P001_WH06/P001_WH06:k141_133613_1 (length 177)
P001_WH06/P001_WH06:k141_57942 (length 2249)
P001_WH06/P001_WH06:k141_57942_1 (length 99)
P001_WH06/P001_WH06:k141_103327 (length 1255)
P001_WH06/P001_WH06:k141_103467 (length 1120)
P001_WH06/P001_WH06:k141_103467_1 (length 301)
P001_WH06/P001_WH06:k141_88764 (length 1629)
P001_WH06/P001_WH06:k141_88764_1 (length 122)
P001_WH06/P001_WH06:k141_88764_2 (length 134)
P001_WH06/P001_WH06:k141_88764_3 (length 79)
P001_WH06/P001_WH06:k141_88764_4 (length 37)
P001_WH06/P001_WH06:k141_141600 (length 1597)
P001_WH06/P001_WH06:k141_141600_1 (length 65)
P001_WH06/P001_WH06:k141_36389 (length 1139)
P001_WH06/P001_WH06:k141_36389_1 (length 216)
P001_WH06/P001_WH06:k141_127027 (length 1065)
P001_WH06/P001_WH06:k141_127027_1 (length 59)
P001_WH06/P001_WH06:k141_74484 (length 4007)
P001_WH06/P001_WH06:k141_74484_1 (length 506)
P001_WH06/P001_WH06:k141_74484_2 (length 33)
P001_WH06/P001_WH06:k141_74484_3 (length 353)
P001_WH06/P001_WH06:k141_127908 (length 1435)
P001_WH06/P001_WH06:k141_127908_1 (length 155)
P001_WH06/P001_WH06:k141_45016 (length 1037)

FATAL: DiscRep_ALL:RRNA_NAME_CONFLICTS::1 rRNA product names are not standard. Correct the names to the standard format, eg "16S ribosomal RNA"
P001_WH06/P001_WH06:rRNA	23S ribosomal RNA (partial)	k141_56917:c4536-3707	P001_WH06_00169

DiscRep_ALL:DISC_INCONSISTENT_MOLINFO_TECH::Molinfo Technique Report (some missing, all same)
DiscRep_SUB:DISC_INCONSISTENT_MOLINFO_TECH::technique (all missing)
DiscRep_SUB:DISC_INCONSISTENT_MOLINFO_TECH::40 Molinfos are missing field technique
P001_WH06/P001_WH06:k141_1925 (length 1044)
P001_WH06/P001_WH06:k141_17265 (length 2787)
P001_WH06/P001_WH06:k141_19874 (length 3807)
P001_WH06/P001_WH06:k141_23171 (length 2805)
P001_WH06/P001_WH06:k141_35046 (length 1012)
P001_WH06/P001_WH06:k141_36389 (length 1139)
P001_WH06/P001_WH06:k141_38035 (length 1474)
P001_WH06/P001_WH06:k141_38397 (length 2995)
P001_WH06/P001_WH06:k141_45016 (length 1037)
P001_WH06/P001_WH06:k141_48375 (length 78341)
P001_WH06/P001_WH06:k141_54250 (length 1620)
P001_WH06/P001_WH06:k141_54980 (length 1229)
P001_WH06/P001_WH06:k141_56917 (length 4536)
P001_WH06/P001_WH06:k141_57090 (length 1485)
P001_WH06/P001_WH06:k141_57942 (length 2249)
P001_WH06/P001_WH06:k141_62689 (length 2558)
P001_WH06/P001_WH06:k141_64186 (length 1104)
P001_WH06/P001_WH06:k141_65739 (length 1975)
P001_WH06/P001_WH06:k141_68818 (length 1552)
P001_WH06/P001_WH06:k141_74484 (length 4007)
P001_WH06/P001_WH06:k141_76028 (length 2314)
P001_WH06/P001_WH06:k141_78732 (length 6762)
P001_WH06/P001_WH06:k141_83975 (length 2395)
P001_WH06/P001_WH06:k141_87714 (length 1039)
P001_WH06/P001_WH06:k141_88764 (length 1629)
P001_WH06/P001_WH06:k141_90736 (length 1400)
P001_WH06/P001_WH06:k141_99031 (length 1871)
P001_WH06/P001_WH06:k141_102357 (length 3314)
P001_WH06/P001_WH06:k141_103327 (length 1255)
P001_WH06/P001_WH06:k141_103467 (length 1120)
P001_WH06/P001_WH06:k141_110716 (length 12889)
P001_WH06/P001_WH06:k141_123837 (length 47582)
P001_WH06/P001_WH06:k141_127027 (length 1065)
P001_WH06/P001_WH06:k141_127908 (length 1435)
P001_WH06/P001_WH06:k141_133070 (length 1183)
P001_WH06/P001_WH06:k141_133083 (length 2315)
P001_WH06/P001_WH06:k141_133613 (length 1410)
P001_WH06/P001_WH06:k141_137727 (length 1026)
P001_WH06/P001_WH06:k141_139635 (length 1015)
P001_WH06/P001_WH06:k141_141600 (length 1597)

