Discrepancy Report Results

Summary
FATAL: MISSING_PROTEIN_ID:192 proteins have invalid IDs.
DISC_SOURCE_QUALS_ASNDISC:strain (all present, all same)
DISC_SOURCE_QUALS_ASNDISC:taxname (all present, all same)
DISC_FEATURE_COUNT:CDS: 192 present
DISC_FEATURE_COUNT:tRNA: 48 present
DISC_FEATURE_COUNT:rRNA: 6 present
DISC_COUNT_NUCLEOTIDES:17 nucleotide Bioseqs are present
FEATURE_LOCATION_CONFLICT:246 features have inconsistent gene locations.
SUSPECT_PRODUCT_NAMES:5 product_names contain suspect phrase or characters
	May contain database identifier more appropriate in note; remove from product name
		5 features contains three or more numbers together that may be identifiers more appropriate in note
DISC_QUALITY_SCORES:Quality scores are missing on all sequences.
FATAL: DISC_SUSPECT_RRNA_PRODUCTS:5 rRNA product names contain suspect phrase
FATAL: DISC_SHORT_RRNA:5 rRNA features are too short
ONCALLER_COMMENT_PRESENT:17 comment descriptors were found (all same)
SHORT_PROT_SEQUENCES:17 protein sequences are shorter than 50 aa.
MISSING_GENOMEASSEMBLY_COMMENTS:17 bioseqs are missing GenomeAssembly structured comments
MOLTYPE_NOT_MRNA:17 molecule types are not set as mRNA.
TECHNIQUE_NOT_TSA:17 technique are not set as TSA
MISSING_STRUCTURED_COMMENT:17 sequences do not include structured comments.
MISSING_PROJECT:209 sequences do not include project.
FATAL: RRNA_NAME_CONFLICTS:5 rRNA product names are not standard. Correct the names to the standard format, eg "16S ribosomal RNA"
DISC_INCONSISTENT_MOLINFO_TECH:Molinfo Technique Report (some missing, all same)


Detailed Report

FATAL: DiscRep_ALL:MISSING_PROTEIN_ID::192 proteins have invalid IDs.
P002_WF01/P002_WF01:k141_77685_1 (length 77)
P002_WF01/P002_WF01:k141_77685_2 (length 64)
P002_WF01/P002_WF01:k141_77685_3 (length 32)
P002_WF01/P002_WF01:k141_77685_4 (length 112)
P002_WF01/P002_WF01:k141_77685_5 (length 135)
P002_WF01/P002_WF01:k141_77685_6 (length 353)
P002_WF01/P002_WF01:k141_77685_7 (length 506)
P002_WF01/P002_WF01:k141_77685_8 (length 57)
P002_WF01/P002_WF01:k141_77685_9 (length 62)
P002_WF01/P002_WF01:k141_77685_10 (length 70)
P002_WF01/P002_WF01:k141_77685_11 (length 36)
P002_WF01/P002_WF01:k141_77685_12 (length 1077)
P002_WF01/P002_WF01:k141_77685_13 (length 145)
P002_WF01/P002_WF01:k141_77685_14 (length 526)
P002_WF01/P002_WF01:k141_77685_15 (length 1377)
P002_WF01/P002_WF01:k141_77685_16 (length 236)
P002_WF01/P002_WF01:k141_77685_17 (length 247)
P002_WF01/P002_WF01:k141_77685_18 (length 81)
P002_WF01/P002_WF01:k141_77685_19 (length 56)
P002_WF01/P002_WF01:k141_77685_20 (length 124)
P002_WF01/P002_WF01:k141_77685_21 (length 508)
P002_WF01/P002_WF01:k141_77685_22 (length 353)
P002_WF01/P002_WF01:k141_77685_23 (length 461)
P002_WF01/P002_WF01:k141_77685_24 (length 69)
P002_WF01/P002_WF01:k141_77685_25 (length 62)
P002_WF01/P002_WF01:k141_77685_26 (length 109)
P002_WF01/P002_WF01:k141_77685_27 (length 734)
P002_WF01/P002_WF01:k141_77685_28 (length 750)
P002_WF01/P002_WF01:k141_77685_29 (length 57)
P002_WF01/P002_WF01:k141_77685_30 (length 82)
P002_WF01/P002_WF01:k141_77685_31 (length 201)
P002_WF01/P002_WF01:k141_77685_32 (length 64)
P002_WF01/P002_WF01:k141_77685_33 (length 48)
P002_WF01/P002_WF01:k141_77685_34 (length 47)
P002_WF01/P002_WF01:k141_77685_35 (length 158)
P002_WF01/P002_WF01:k141_77685_36 (length 252)
P002_WF01/P002_WF01:k141_77685_37 (length 120)
P002_WF01/P002_WF01:k141_77685_38 (length 133)
P002_WF01/P002_WF01:k141_77685_39 (length 497)
P002_WF01/P002_WF01:k141_77685_40 (length 477)
P002_WF01/P002_WF01:k141_77685_41 (length 487)
P002_WF01/P002_WF01:k141_77685_42 (length 36)
P002_WF01/P002_WF01:k141_77685_43 (length 216)
P002_WF01/P002_WF01:k141_77685_44 (length 229)
P002_WF01/P002_WF01:k141_77685_45 (length 320)
P002_WF01/P002_WF01:k141_77685_46 (length 40)
P002_WF01/P002_WF01:k141_77685_47 (length 39)
P002_WF01/P002_WF01:k141_77685_48 (length 83)
P002_WF01/P002_WF01:k141_77685_49 (length 44)
P002_WF01/P002_WF01:k141_77685_50 (length 69)
P002_WF01/P002_WF01:k141_77685_51 (length 56)
P002_WF01/P002_WF01:k141_77685_52 (length 101)
P002_WF01/P002_WF01:k141_77685_53 (length 126)
P002_WF01/P002_WF01:k141_77685_54 (length 73)
P002_WF01/P002_WF01:k141_77685_55 (length 104)
P002_WF01/P002_WF01:k141_77685_56 (length 508)
P002_WF01/P002_WF01:k141_77685_57 (length 79)
P002_WF01/P002_WF01:k141_77685_58 (length 56)
P002_WF01/P002_WF01:k141_77685_59 (length 162)
P002_WF01/P002_WF01:k141_77685_60 (length 174)
P002_WF01/P002_WF01:k141_77685_61 (length 335)
P002_WF01/P002_WF01:k141_77685_62 (length 136)
P002_WF01/P002_WF01:k141_77685_63 (length 117)
P002_WF01/P002_WF01:k141_77685_64 (length 77)
P002_WF01/P002_WF01:k141_77685_65 (length 134)
P002_WF01/P002_WF01:k141_77685_66 (length 122)
P002_WF01/P002_WF01:k141_77685_67 (length 119)
P002_WF01/P002_WF01:k141_77685_68 (length 218)
P002_WF01/P002_WF01:k141_77685_69 (length 157)
P002_WF01/P002_WF01:k141_77685_70 (length 92)
P002_WF01/P002_WF01:k141_77685_71 (length 200)
P002_WF01/P002_WF01:k141_77685_72 (length 133)
P002_WF01/P002_WF01:k141_77685_73 (length 93)
P002_WF01/P002_WF01:k141_77685_74 (length 2294)
P002_WF01/P002_WF01:k141_77685_75 (length 80)
P002_WF01/P002_WF01:k141_77685_76 (length 260)
P002_WF01/P002_WF01:k141_70540_1 (length 155)
P002_WF01/P002_WF01:k141_70540_2 (length 246)
P002_WF01/P002_WF01:k141_70540_3 (length 204)
P002_WF01/P002_WF01:k141_70540_4 (length 131)
P002_WF01/P002_WF01:k141_70540_5 (length 103)
P002_WF01/P002_WF01:k141_70540_6 (length 203)
P002_WF01/P002_WF01:k141_147957_1 (length 37)
P002_WF01/P002_WF01:k141_147957_2 (length 81)
P002_WF01/P002_WF01:k141_117907_1 (length 353)
P002_WF01/P002_WF01:k141_117907_2 (length 511)
P002_WF01/P002_WF01:k141_117907_3 (length 108)
P002_WF01/P002_WF01:k141_117907_4 (length 57)
P002_WF01/P002_WF01:k141_117907_5 (length 353)
P002_WF01/P002_WF01:k141_117907_6 (length 461)
P002_WF01/P002_WF01:k141_117907_7 (length 62)
P002_WF01/P002_WF01:k141_117907_8 (length 58)
P002_WF01/P002_WF01:k141_117907_9 (length 29)
P002_WF01/P002_WF01:k141_117907_10 (length 1076)
P002_WF01/P002_WF01:k141_117907_11 (length 682)
P002_WF01/P002_WF01:k141_117907_12 (length 1480)
P002_WF01/P002_WF01:k141_117907_13 (length 236)
P002_WF01/P002_WF01:k141_117907_14 (length 286)
P002_WF01/P002_WF01:k141_117907_15 (length 67)
P002_WF01/P002_WF01:k141_117907_16 (length 55)
P002_WF01/P002_WF01:k141_117907_17 (length 81)
P002_WF01/P002_WF01:k141_117907_18 (length 56)
P002_WF01/P002_WF01:k141_117907_19 (length 57)
P002_WF01/P002_WF01:k141_117907_20 (length 123)
P002_WF01/P002_WF01:k141_117907_21 (length 507)
P002_WF01/P002_WF01:k141_117907_22 (length 103)
P002_WF01/P002_WF01:k141_117907_23 (length 734)
P002_WF01/P002_WF01:k141_117907_24 (length 750)
P002_WF01/P002_WF01:k141_117907_25 (length 82)
P002_WF01/P002_WF01:k141_117907_26 (length 201)
P002_WF01/P002_WF01:k141_117907_27 (length 56)
P002_WF01/P002_WF01:k141_117907_28 (length 162)
P002_WF01/P002_WF01:k141_117907_29 (length 246)
P002_WF01/P002_WF01:k141_117907_30 (length 120)
P002_WF01/P002_WF01:k141_117907_31 (length 137)
P002_WF01/P002_WF01:k141_117907_32 (length 498)
P002_WF01/P002_WF01:k141_117907_33 (length 486)
P002_WF01/P002_WF01:k141_10263_1 (length 149)
P002_WF01/P002_WF01:k141_10263_2 (length 239)
P002_WF01/P002_WF01:k141_10263_3 (length 53)
P002_WF01/P002_WF01:k141_10263_4 (length 120)
P002_WF01/P002_WF01:k141_10263_5 (length 123)
P002_WF01/P002_WF01:k141_10263_6 (length 136)
P002_WF01/P002_WF01:k141_10263_7 (length 107)
P002_WF01/P002_WF01:k141_10263_8 (length 143)
P002_WF01/P002_WF01:k141_10263_9 (length 339)
P002_WF01/P002_WF01:k141_10263_10 (length 174)
P002_WF01/P002_WF01:k141_10263_11 (length 73)
P002_WF01/P002_WF01:k141_10263_12 (length 232)
P002_WF01/P002_WF01:k141_10263_13 (length 59)
P002_WF01/P002_WF01:k141_10263_14 (length 118)
P002_WF01/P002_WF01:k141_10263_15 (length 508)
P002_WF01/P002_WF01:k141_10263_16 (length 216)
P002_WF01/P002_WF01:k141_10263_17 (length 119)
P002_WF01/P002_WF01:k141_10263_18 (length 169)
P002_WF01/P002_WF01:k141_10263_19 (length 66)
P002_WF01/P002_WF01:k141_10263_20 (length 42)
P002_WF01/P002_WF01:k141_10263_21 (length 31)
P002_WF01/P002_WF01:k141_10263_22 (length 83)
P002_WF01/P002_WF01:k141_10263_23 (length 50)
P002_WF01/P002_WF01:k141_10263_24 (length 47)
P002_WF01/P002_WF01:k141_10263_25 (length 320)
P002_WF01/P002_WF01:k141_10263_26 (length 230)
P002_WF01/P002_WF01:k141_10263_27 (length 185)
P002_WF01/P002_WF01:k141_149856_1 (length 52)
P002_WF01/P002_WF01:k141_149856_2 (length 156)
P002_WF01/P002_WF01:k141_149856_3 (length 264)
P002_WF01/P002_WF01:k141_149856_4 (length 264)
P002_WF01/P002_WF01:k141_149856_5 (length 156)
P002_WF01/P002_WF01:k141_149856_6 (length 52)
P002_WF01/P002_WF01:k141_11554_1 (length 74)
P002_WF01/P002_WF01:k141_11554_2 (length 92)
P002_WF01/P002_WF01:k141_11554_3 (length 121)
P002_WF01/P002_WF01:k141_43296_1 (length 48)
P002_WF01/P002_WF01:k141_43296_2 (length 102)
P002_WF01/P002_WF01:k141_74479_1 (length 37)
P002_WF01/P002_WF01:k141_74479_2 (length 74)
P002_WF01/P002_WF01:k141_44023_1 (length 64)
P002_WF01/P002_WF01:k141_44023_2 (length 84)
P002_WF01/P002_WF01:k141_44127_1 (length 39)
P002_WF01/P002_WF01:k141_44127_2 (length 65)
P002_WF01/P002_WF01:k141_99026_1 (length 51)
P002_WF01/P002_WF01:k141_99026_2 (length 739)
P002_WF01/P002_WF01:k141_99026_3 (length 319)
P002_WF01/P002_WF01:k141_99026_4 (length 500)
P002_WF01/P002_WF01:k141_99026_5 (length 81)
P002_WF01/P002_WF01:k141_99026_6 (length 100)
P002_WF01/P002_WF01:k141_99026_7 (length 176)
P002_WF01/P002_WF01:k141_99026_8 (length 180)
P002_WF01/P002_WF01:k141_99026_9 (length 141)
P002_WF01/P002_WF01:k141_99026_10 (length 187)
P002_WF01/P002_WF01:k141_99026_11 (length 379)
P002_WF01/P002_WF01:k141_68513_1 (length 51)
P002_WF01/P002_WF01:k141_68513_2 (length 51)
P002_WF01/P002_WF01:k141_68513_3 (length 62)
P002_WF01/P002_WF01:k141_68513_4 (length 94)
P002_WF01/P002_WF01:k141_138479_1 (length 1567)
P002_WF01/P002_WF01:k141_138479_2 (length 92)
P002_WF01/P002_WF01:k141_138479_3 (length 411)
P002_WF01/P002_WF01:k141_138479_4 (length 188)
P002_WF01/P002_WF01:k141_138479_5 (length 156)
P002_WF01/P002_WF01:k141_138479_6 (length 163)
P002_WF01/P002_WF01:k141_138479_7 (length 176)
P002_WF01/P002_WF01:k141_138479_8 (length 100)
P002_WF01/P002_WF01:k141_138479_9 (length 81)
P002_WF01/P002_WF01:k141_138479_10 (length 506)
P002_WF01/P002_WF01:k141_138479_11 (length 322)
P002_WF01/P002_WF01:k141_138479_12 (length 743)
P002_WF01/P002_WF01:k141_84758_1 (length 91)
P002_WF01/P002_WF01:k141_84758_2 (length 71)
P002_WF01/P002_WF01:k141_84758_3 (length 37)
P002_WF01/P002_WF01:k141_84758_4 (length 82)

DiscRep_ALL:DISC_SOURCE_QUALS_ASNDISC::strain (all present, all same)
DiscRep_SUB:DISC_SOURCE_QUALS_ASNDISC::17 sources have 'strain' for strain
DiscRep_ALL:DISC_SOURCE_QUALS_ASNDISC::taxname (all present, all same)
DiscRep_SUB:DISC_SOURCE_QUALS_ASNDISC::17 sources have 'Genus species' for taxname
DiscRep_ALL:DISC_FEATURE_COUNT::CDS: 192 present
DiscRep_ALL:DISC_FEATURE_COUNT::tRNA: 48 present
DiscRep_ALL:DISC_FEATURE_COUNT::rRNA: 6 present
DiscRep_ALL:DISC_COUNT_NUCLEOTIDES::17 nucleotide Bioseqs are present
P002_WF01/P002_WF01:k141_93215 (length 3256)
P002_WF01/P002_WF01:k141_77685 (length 99112)
P002_WF01/P002_WF01:k141_70540 (length 7097)
P002_WF01/P002_WF01:k141_147957 (length 6043)
P002_WF01/P002_WF01:k141_16424 (length 1107)
P002_WF01/P002_WF01:k141_117907 (length 56400)
P002_WF01/P002_WF01:k141_10263 (length 24804)
P002_WF01/P002_WF01:k141_149856 (length 5424)
P002_WF01/P002_WF01:k141_11554 (length 3228)
P002_WF01/P002_WF01:k141_43296 (length 1429)
P002_WF01/P002_WF01:k141_74479 (length 3115)
P002_WF01/P002_WF01:k141_44023 (length 2782)
P002_WF01/P002_WF01:k141_44127 (length 2864)
P002_WF01/P002_WF01:k141_99026 (length 12971)
P002_WF01/P002_WF01:k141_68513 (length 1596)
P002_WF01/P002_WF01:k141_138479 (length 18862)
P002_WF01/P002_WF01:k141_84758 (length 3365)

DiscRep_ALL:FEATURE_LOCATION_CONFLICT::246 features have inconsistent gene locations.
DiscRep_SUB:FEATURE_LOCATION_CONFLICT::RNA feature xref gene does not exist
P002_WF01/P002_WF01:rRNA	23S ribosomal RNA (partial)	k141_93215:2-1360	P002_WF01_00001

DiscRep_SUB:FEATURE_LOCATION_CONFLICT::RNA feature xref gene does not exist
P002_WF01/P002_WF01:rRNA	23S ribosomal RNA (partial)	k141_93215:1972-3253	P002_WF01_00002

DiscRep_SUB:FEATURE_LOCATION_CONFLICT::Coding region xref gene does not exist
P002_WF01/P002_WF01:CDS	hypothetical protein	k141_77685:566-799	P002_WF01_00003

DiscRep_SUB:FEATURE_LOCATION_CONFLICT::Coding region xref gene does not exist
P002_WF01/P002_WF01:CDS	hypothetical protein	k141_77685:c1875-1681	P002_WF01_00004

DiscRep_SUB:FEATURE_LOCATION_CONFLICT::Coding region xref gene does not exist
P002_WF01/P002_WF01:CDS	hypothetical protein	k141_77685:2826-2924	P002_WF01_00005

DiscRep_SUB:FEATURE_LOCATION_CONFLICT::Coding region xref gene does not exist
P002_WF01/P002_WF01:CDS	ribosomal protein L2	k141_77685:3006-3344	P002_WF01_00006

DiscRep_SUB:FEATURE_LOCATION_CONFLICT::Coding region xref gene does not exist
P002_WF01/P002_WF01:CDS	ribosomal protein L2	k141_77685:4020-4427	P002_WF01_00007

DiscRep_SUB:FEATURE_LOCATION_CONFLICT::Coding region xref gene does not exist
P002_WF01/P002_WF01:CDS	photosystem II protein D1	k141_77685:c6006-4945	P002_WF01_00009

DiscRep_SUB:FEATURE_LOCATION_CONFLICT::Coding region xref gene does not exist
P002_WF01/P002_WF01:CDS	maturase K	k141_77685:c8053-6533	P002_WF01_00010

DiscRep_SUB:FEATURE_LOCATION_CONFLICT::Coding region xref gene does not exist
P002_WF01/P002_WF01:CDS	hypothetical protein	k141_77685:c11098-10925	P002_WF01_00011

DiscRep_SUB:FEATURE_LOCATION_CONFLICT::Coding region xref gene does not exist
P002_WF01/P002_WF01:CDS	photosystem II protein K	k141_77685:12091-12279	P002_WF01_00013

DiscRep_SUB:FEATURE_LOCATION_CONFLICT::Coding region xref gene does not exist
P002_WF01/P002_WF01:CDS	hypothetical protein	k141_77685:c12587-12375	P002_WF01_00014

DiscRep_SUB:FEATURE_LOCATION_CONFLICT::Coding region xref gene does not exist
P002_WF01/P002_WF01:CDS	Photosystem II reaction center protein I	k141_77685:12684-12794	P002_WF01_00015

DiscRep_SUB:FEATURE_LOCATION_CONFLICT::Coding region xref gene does not exist
P002_WF01/P002_WF01:CDS	RNA polymerase beta subunit	k141_77685:17127-20360	P002_WF01_00021

DiscRep_SUB:FEATURE_LOCATION_CONFLICT::Coding region xref gene does not exist
P002_WF01/P002_WF01:CDS	RNA polymerase beta' subunit	k141_77685:20387-20824	P002_WF01_00022

DiscRep_SUB:FEATURE_LOCATION_CONFLICT::Coding region xref gene does not exist
P002_WF01/P002_WF01:CDS	RNA polymerase beta' subunit	k141_77685:21610-23190	P002_WF01_00023

DiscRep_SUB:FEATURE_LOCATION_CONFLICT::Coding region xref gene does not exist
P002_WF01/P002_WF01:CDS	RNA polymerase beta'' subunit	k141_77685:23304-27437	P002_WF01_00024

DiscRep_SUB:FEATURE_LOCATION_CONFLICT::Coding region xref gene does not exist
P002_WF01/P002_WF01:CDS	ribosomal protein S2	k141_77685:27675-28385	P002_WF01_00025

DiscRep_SUB:FEATURE_LOCATION_CONFLICT::Coding region xref gene does not exist
P002_WF01/P002_WF01:CDS	ATP synthase CF0 subunit IV	k141_77685:28601-29344	P002_WF01_00026

DiscRep_SUB:FEATURE_LOCATION_CONFLICT::Coding region xref gene does not exist
P002_WF01/P002_WF01:CDS	ATP synthase CF0 subunit III	k141_77685:30479-30724	P002_WF01_00027

DiscRep_SUB:FEATURE_LOCATION_CONFLICT::Coding region xref gene does not exist
P002_WF01/P002_WF01:CDS	ATP synthase CF0 subunit I	k141_77685:31080-31250	P002_WF01_00028

DiscRep_SUB:FEATURE_LOCATION_CONFLICT::Coding region xref gene does not exist
P002_WF01/P002_WF01:CDS	ATP synthase CF0 subunit I	k141_77685:31967-32341	P002_WF01_00029

DiscRep_SUB:FEATURE_LOCATION_CONFLICT::Coding region xref gene does not exist
P002_WF01/P002_WF01:CDS	ATP synthase CF1 alpha subunit	k141_77685:32406-33932	P002_WF01_00030

DiscRep_SUB:FEATURE_LOCATION_CONFLICT::Coding region xref gene does not exist
P002_WF01/P002_WF01:CDS	photosystem II protein D2	k141_77685:36572-37633	P002_WF01_00033

DiscRep_SUB:FEATURE_LOCATION_CONFLICT::Coding region xref gene does not exist
P002_WF01/P002_WF01:CDS	photosystem II CP43 chlorophyll apoprotein	k141_77685:37617-39002	P002_WF01_00034

DiscRep_SUB:FEATURE_LOCATION_CONFLICT::Coding region xref gene does not exist
P002_WF01/P002_WF01:CDS	hypothetical protein	k141_77685:c39543-39334	P002_WF01_00036

DiscRep_SUB:FEATURE_LOCATION_CONFLICT::Coding region xref gene does not exist
P002_WF01/P002_WF01:CDS	photosystem II protein Z	k141_77685:39660-39848	P002_WF01_00037

DiscRep_SUB:FEATURE_LOCATION_CONFLICT::Coding region xref gene does not exist
P002_WF01/P002_WF01:CDS	ribosomal protein S14	k141_77685:c41000-40671	P002_WF01_00040

DiscRep_SUB:FEATURE_LOCATION_CONFLICT::Coding region xref gene does not exist
P002_WF01/P002_WF01:CDS	photosystem I P700 apoprotein A2	k141_77685:c43311-41107	P002_WF01_00041

DiscRep_SUB:FEATURE_LOCATION_CONFLICT::Coding region xref gene does not exist
P002_WF01/P002_WF01:CDS	photosystem I P700 apoprotein A1	k141_77685:c45589-43337	P002_WF01_00042

DiscRep_SUB:FEATURE_LOCATION_CONFLICT::Coding region xref gene does not exist
P002_WF01/P002_WF01:CDS	hypothetical protein	k141_77685:c46769-46596	P002_WF01_00043

DiscRep_SUB:FEATURE_LOCATION_CONFLICT::Coding region xref gene does not exist
P002_WF01/P002_WF01:CDS	putative chloroplast RF34	k141_77685:c47457-47209	P002_WF01_00044

DiscRep_SUB:FEATURE_LOCATION_CONFLICT::Coding region xref gene does not exist
P002_WF01/P002_WF01:CDS	ribosomal protein S4	k141_77685:c50196-49591	P002_WF01_00046

DiscRep_SUB:FEATURE_LOCATION_CONFLICT::Coding region xref gene does not exist
P002_WF01/P002_WF01:CDS	hypothetical protein	k141_77685:c50520-50326	P002_WF01_00047

DiscRep_SUB:FEATURE_LOCATION_CONFLICT::Coding region xref gene does not exist
P002_WF01/P002_WF01:CDS	hypothetical protein	k141_77685:51128-51274	P002_WF01_00049

DiscRep_SUB:FEATURE_LOCATION_CONFLICT::Coding region xref gene does not exist
P002_WF01/P002_WF01:CDS	hypothetical protein	k141_77685:c51503-51360	P002_WF01_00050

DiscRep_SUB:FEATURE_LOCATION_CONFLICT::Coding region xref gene does not exist
P002_WF01/P002_WF01:CDS	NADH-plastoquinone oxidoreductase subunit J	k141_77685:c53175-52699	P002_WF01_00052

DiscRep_SUB:FEATURE_LOCATION_CONFLICT::Coding region xref gene does not exist
P002_WF01/P002_WF01:CDS	NADH-plastoquinone oxidoreductase subunit K	k141_77685:c54037-53279	P002_WF01_00053

DiscRep_SUB:FEATURE_LOCATION_CONFLICT::Coding region xref gene does not exist
P002_WF01/P002_WF01:CDS	NADH-plastoquinone oxidoreductase subunit 3	k141_77685:c54369-54007	P002_WF01_00054

DiscRep_SUB:FEATURE_LOCATION_CONFLICT::Coding region xref gene does not exist
P002_WF01/P002_WF01:CDS	ATP synthase CF1 epsilon subunit	k141_77685:c56892-56491	P002_WF01_00056

DiscRep_SUB:FEATURE_LOCATION_CONFLICT::Coding region xref gene does not exist
P002_WF01/P002_WF01:CDS	ATP synthase CF1 beta subunit	k141_77685:c58382-56889	P002_WF01_00057

DiscRep_SUB:FEATURE_LOCATION_CONFLICT::Coding region xref gene does not exist
P002_WF01/P002_WF01:CDS	ribulose-1,5-bisphosphate carboxylase/oxygenase large subunit	k141_77685:59149-60582	P002_WF01_00058

DiscRep_SUB:FEATURE_LOCATION_CONFLICT::Coding region xref gene does not exist
P002_WF01/P002_WF01:CDS	Acetyl-coenzyme A carboxylase carboxyl transferase subunit beta, chloroplastic	k141_77685:61125-62588	P002_WF01_00059

DiscRep_SUB:FEATURE_LOCATION_CONFLICT::Coding region xref gene does not exist
P002_WF01/P002_WF01:CDS	photosystem I subunit VIII	k141_77685:63257-63367	P002_WF01_00060

DiscRep_SUB:FEATURE_LOCATION_CONFLICT::Coding region xref gene does not exist
P002_WF01/P002_WF01:CDS	photosystem I assembly protein Ycf4	k141_77685:63677-64327	P002_WF01_00061

DiscRep_SUB:FEATURE_LOCATION_CONFLICT::Coding region xref gene does not exist
P002_WF01/P002_WF01:CDS	envelope membrane protein	k141_77685:65177-65866	P002_WF01_00062

DiscRep_SUB:FEATURE_LOCATION_CONFLICT::Coding region xref gene does not exist
P002_WF01/P002_WF01:CDS	cytochrome f	k141_77685:66099-67061	P002_WF01_00063

DiscRep_SUB:FEATURE_LOCATION_CONFLICT::Coding region xref gene does not exist
P002_WF01/P002_WF01:CDS	photosystem II protein J	k141_77685:c67998-67876	P002_WF01_00064

DiscRep_SUB:FEATURE_LOCATION_CONFLICT::Coding region xref gene does not exist
P002_WF01/P002_WF01:CDS	photosystem II cytochrome b559 beta subunit	k141_77685:c68405-68286	P002_WF01_00065

DiscRep_SUB:FEATURE_LOCATION_CONFLICT::Coding region xref gene does not exist
P002_WF01/P002_WF01:CDS	photosystem II cytochrome b559 alpha subunit	k141_77685:c68666-68415	P002_WF01_00066

DiscRep_SUB:FEATURE_LOCATION_CONFLICT::Coding region xref gene does not exist
P002_WF01/P002_WF01:CDS	photosystem I subunit IX	k141_77685:70954-71088	P002_WF01_00069

DiscRep_SUB:FEATURE_LOCATION_CONFLICT::Coding region xref gene does not exist
P002_WF01/P002_WF01:CDS	hypothetical protein	k141_77685:c71415-71206	P002_WF01_00070

DiscRep_SUB:FEATURE_LOCATION_CONFLICT::Coding region xref gene does not exist
P002_WF01/P002_WF01:CDS	hypothetical protein	k141_77685:c71607-71437	P002_WF01_00071

DiscRep_SUB:FEATURE_LOCATION_CONFLICT::Coding region xref gene does not exist
P002_WF01/P002_WF01:CDS	ribosomal protein S18	k141_77685:71899-72204	P002_WF01_00072

DiscRep_SUB:FEATURE_LOCATION_CONFLICT::Coding region xref gene does not exist
P002_WF01/P002_WF01:CDS	ribosomal protein L20	k141_77685:c72830-72450	P002_WF01_00073

DiscRep_SUB:FEATURE_LOCATION_CONFLICT::Coding region xref gene does not exist
P002_WF01/P002_WF01:CDS	ATP-dependent Clp protease proteolytic subunit	k141_77685:c74062-73841	P002_WF01_00074

DiscRep_SUB:FEATURE_LOCATION_CONFLICT::Coding region xref gene does not exist
P002_WF01/P002_WF01:CDS	ATP-dependent Clp protease proteolytic subunit	k141_77685:c74987-74673	P002_WF01_00075

DiscRep_SUB:FEATURE_LOCATION_CONFLICT::Coding region xref gene does not exist
P002_WF01/P002_WF01:CDS	photosystem II CP47 chlorophyll apoprotein	k141_77685:76303-77829	P002_WF01_00076

DiscRep_SUB:FEATURE_LOCATION_CONFLICT::Coding region xref gene does not exist
P002_WF01/P002_WF01:CDS	photosystem II phosphoprotein	k141_77685:78405-78644	P002_WF01_00077

DiscRep_SUB:FEATURE_LOCATION_CONFLICT::Coding region xref gene does not exist
P002_WF01/P002_WF01:CDS	hypothetical protein	k141_77685:79009-79179	P002_WF01_00078

DiscRep_SUB:FEATURE_LOCATION_CONFLICT::Coding region xref gene does not exist
P002_WF01/P002_WF01:CDS	cytochrome b6	k141_77685:79693-80181	P002_WF01_00079

DiscRep_SUB:FEATURE_LOCATION_CONFLICT::Coding region xref gene does not exist
P002_WF01/P002_WF01:CDS	cytochrome b6/f complex subunit IV	k141_77685:81026-81550	P002_WF01_00080

DiscRep_SUB:FEATURE_LOCATION_CONFLICT::Coding region xref gene does not exist
P002_WF01/P002_WF01:CDS	DNA-directed RNA polymerase subunit alpha	k141_77685:c82759-81752	P002_WF01_00081

DiscRep_SUB:FEATURE_LOCATION_CONFLICT::Coding region xref gene does not exist
P002_WF01/P002_WF01:CDS	ribosomal protein S11	k141_77685:c83250-82840	P002_WF01_00082

DiscRep_SUB:FEATURE_LOCATION_CONFLICT::Coding region xref gene does not exist
P002_WF01/P002_WF01:CDS	hypothetical protein	k141_77685:83285-83638	P002_WF01_00083

DiscRep_SUB:FEATURE_LOCATION_CONFLICT::Coding region xref gene does not exist
P002_WF01/P002_WF01:CDS	translational initiation factor 1	k141_77685:c83818-83585	P002_WF01_00084

DiscRep_SUB:FEATURE_LOCATION_CONFLICT::Coding region xref gene does not exist
P002_WF01/P002_WF01:CDS	ribosomal protein S8	k141_77685:c84344-83940	P002_WF01_00085

DiscRep_SUB:FEATURE_LOCATION_CONFLICT::Coding region xref gene does not exist
P002_WF01/P002_WF01:CDS	ribosomal protein L14	k141_77685:c84893-84525	P002_WF01_00086

DiscRep_SUB:FEATURE_LOCATION_CONFLICT::Coding region xref gene does not exist
P002_WF01/P002_WF01:CDS	ribosomal protein L16	k141_77685:c85369-85010	P002_WF01_00087

DiscRep_SUB:FEATURE_LOCATION_CONFLICT::Coding region xref gene does not exist
P002_WF01/P002_WF01:CDS	ribosomal protein S3	k141_77685:c87259-86603	P002_WF01_00088

DiscRep_SUB:FEATURE_LOCATION_CONFLICT::Coding region xref gene does not exist
P002_WF01/P002_WF01:CDS	ribosomal protein L22	k141_77685:c87717-87244	P002_WF01_00089

DiscRep_SUB:FEATURE_LOCATION_CONFLICT::Coding region xref gene does not exist
P002_WF01/P002_WF01:CDS	ribosomal protein S19	k141_77685:c88060-87782	P002_WF01_00090

DiscRep_SUB:FEATURE_LOCATION_CONFLICT::Coding region xref gene does not exist
P002_WF01/P002_WF01:CDS	hypothetical protein	k141_77685:88207-88809	P002_WF01_00091

DiscRep_SUB:FEATURE_LOCATION_CONFLICT::Coding region xref gene does not exist
P002_WF01/P002_WF01:CDS	ribosomal protein L2	k141_77685:c89605-89204	P002_WF01_00092

DiscRep_SUB:FEATURE_LOCATION_CONFLICT::Coding region xref gene does not exist
P002_WF01/P002_WF01:CDS	ribosomal protein L23	k141_77685:c89905-89624	P002_WF01_00093

DiscRep_SUB:FEATURE_LOCATION_CONFLICT::Coding region xref gene does not exist
P002_WF01/P002_WF01:CDS	hypothetical protein	k141_77685:90256-97140	P002_WF01_00095

DiscRep_SUB:FEATURE_LOCATION_CONFLICT::Coding region xref gene does not exist
P002_WF01/P002_WF01:CDS	hypothetical protein	k141_77685:c97961-97719	P002_WF01_00097

DiscRep_SUB:FEATURE_LOCATION_CONFLICT::Coding region xref gene does not exist
P002_WF01/P002_WF01:CDS	NADH-plastoquinone oxidoreductase subunit 2	k141_77685:c98989-98207	P002_WF01_00098

DiscRep_SUB:FEATURE_LOCATION_CONFLICT::RNA feature xref gene does not exist
P002_WF01/P002_WF01:tRNA	His	k141_77685:c4556-4482	P002_WF01_00008

DiscRep_SUB:FEATURE_LOCATION_CONFLICT::RNA feature xref gene does not exist
P002_WF01/P002_WF01:tRNA	Gln	k141_77685:c11744-11673	P002_WF01_00012

DiscRep_SUB:FEATURE_LOCATION_CONFLICT::RNA feature xref gene does not exist
P002_WF01/P002_WF01:tRNA	Ser	k141_77685:c13022-12935	P002_WF01_00016

DiscRep_SUB:FEATURE_LOCATION_CONFLICT::RNA feature xref gene does not exist
P002_WF01/P002_WF01:tRNA	Cys	k141_77685:13816-13887	P002_WF01_00017

DiscRep_SUB:FEATURE_LOCATION_CONFLICT::RNA feature xref gene does not exist
P002_WF01/P002_WF01:tRNA	Asp	k141_77685:c15839-15763	P002_WF01_00018

DiscRep_SUB:FEATURE_LOCATION_CONFLICT::RNA feature xref gene does not exist
P002_WF01/P002_WF01:tRNA	Tyr	k141_77685:c16036-15950	P002_WF01_00019

DiscRep_SUB:FEATURE_LOCATION_CONFLICT::RNA feature xref gene does not exist
P002_WF01/P002_WF01:tRNA	Glu	k141_77685:c16298-16227	P002_WF01_00020

DiscRep_SUB:FEATURE_LOCATION_CONFLICT::RNA feature xref gene does not exist
P002_WF01/P002_WF01:tRNA	Arg	k141_77685:c34133-34062	P002_WF01_00031

DiscRep_SUB:FEATURE_LOCATION_CONFLICT::RNA feature xref gene does not exist
P002_WF01/P002_WF01:tRNA	Thr	k141_77685:35320-35393	P002_WF01_00032

DiscRep_SUB:FEATURE_LOCATION_CONFLICT::RNA feature xref gene does not exist
P002_WF01/P002_WF01:tRNA	Ser	k141_77685:c39322-39240	P002_WF01_00035

DiscRep_SUB:FEATURE_LOCATION_CONFLICT::RNA feature xref gene does not exist
P002_WF01/P002_WF01:tRNA	Gly	k141_77685:40162-40233	P002_WF01_00038

DiscRep_SUB:FEATURE_LOCATION_CONFLICT::RNA feature xref gene does not exist
P002_WF01/P002_WF01:tRNA	Met	k141_77685:c40516-40443	P002_WF01_00039

DiscRep_SUB:FEATURE_LOCATION_CONFLICT::RNA feature xref gene does not exist
P002_WF01/P002_WF01:tRNA	Ser	k141_77685:49195-49281	P002_WF01_00045

DiscRep_SUB:FEATURE_LOCATION_CONFLICT::RNA feature xref gene does not exist
P002_WF01/P002_WF01:tRNA	Thr	k141_77685:c50615-50541	P002_WF01_00048

DiscRep_SUB:FEATURE_LOCATION_CONFLICT::RNA feature xref gene does not exist
P002_WF01/P002_WF01:tRNA	Phe	k141_77685:52044-52117	P002_WF01_00051

DiscRep_SUB:FEATURE_LOCATION_CONFLICT::RNA feature xref gene does not exist
P002_WF01/P002_WF01:tRNA	Met	k141_77685:56186-56258	P002_WF01_00055

DiscRep_SUB:FEATURE_LOCATION_CONFLICT::RNA feature xref gene does not exist
P002_WF01/P002_WF01:tRNA	Trp	k141_77685:c70408-70335	P002_WF01_00067

DiscRep_SUB:FEATURE_LOCATION_CONFLICT::RNA feature xref gene does not exist
P002_WF01/P002_WF01:tRNA	Pro	k141_77685:c70646-70571	P002_WF01_00068

DiscRep_SUB:FEATURE_LOCATION_CONFLICT::RNA feature xref gene does not exist
P002_WF01/P002_WF01:tRNA	Met	k141_77685:c90144-90070	P002_WF01_00094

DiscRep_SUB:FEATURE_LOCATION_CONFLICT::RNA feature xref gene does not exist
P002_WF01/P002_WF01:tRNA	Leu	k141_77685:c97630-97548	P002_WF01_00096

DiscRep_SUB:FEATURE_LOCATION_CONFLICT::Coding region xref gene does not exist
P002_WF01/P002_WF01:CDS	ribosomal protein S7	k141_70540:616-1083	P002_WF01_00099

DiscRep_SUB:FEATURE_LOCATION_CONFLICT::Coding region xref gene does not exist
P002_WF01/P002_WF01:CDS	NADH-plastoquinone oxidoreductase subunit 2	k141_70540:1427-2167	P002_WF01_00100

DiscRep_SUB:FEATURE_LOCATION_CONFLICT::Coding region xref gene does not exist
P002_WF01/P002_WF01:CDS	NADH-plastoquinone oxidoreductase subunit 2	k141_70540:2957-3571	P002_WF01_00101

DiscRep_SUB:FEATURE_LOCATION_CONFLICT::Coding region xref gene does not exist
P002_WF01/P002_WF01:CDS	hypothetical protein	k141_70540:c4938-4543	P002_WF01_00103

DiscRep_SUB:FEATURE_LOCATION_CONFLICT::Coding region xref gene does not exist
P002_WF01/P002_WF01:CDS	hypothetical protein	k141_70540:c5773-5462	P002_WF01_00104

DiscRep_SUB:FEATURE_LOCATION_CONFLICT::Coding region xref gene does not exist
P002_WF01/P002_WF01:CDS	hypothetical protein	k141_70540:c6400-5789	P002_WF01_00105

DiscRep_SUB:FEATURE_LOCATION_CONFLICT::RNA feature xref gene does not exist
P002_WF01/P002_WF01:tRNA	Leu	k141_70540:4143-4225	P002_WF01_00102

DiscRep_SUB:FEATURE_LOCATION_CONFLICT::RNA feature xref gene does not exist
P002_WF01/P002_WF01:tRNA	Met	k141_70540:6705-6779	P002_WF01_00106

DiscRep_SUB:FEATURE_LOCATION_CONFLICT::Coding region xref gene does not exist
P002_WF01/P002_WF01:CDS	hypothetical protein	k141_147957:c4906-4793	P002_WF01_00110

DiscRep_SUB:FEATURE_LOCATION_CONFLICT::Coding region xref gene does not exist
P002_WF01/P002_WF01:CDS	ribosomal protein S15	k141_147957:5480-5725	P002_WF01_00111

DiscRep_SUB:FEATURE_LOCATION_CONFLICT::RNA feature xref gene does not exist
P002_WF01/P002_WF01:rRNA	23S ribosomal RNA	k141_147957:8-2921	P002_WF01_00107

DiscRep_SUB:FEATURE_LOCATION_CONFLICT::RNA feature xref gene does not exist
P002_WF01/P002_WF01:tRNA	Arg	k141_147957:3499-3573	P002_WF01_00108

DiscRep_SUB:FEATURE_LOCATION_CONFLICT::RNA feature xref gene does not exist
P002_WF01/P002_WF01:tRNA	Asn	k141_147957:c3904-3831	P002_WF01_00109

DiscRep_SUB:FEATURE_LOCATION_CONFLICT::RNA feature xref gene does not exist
P002_WF01/P002_WF01:tRNA	Phe	k141_16424:177-250	P002_WF01_00112

DiscRep_SUB:FEATURE_LOCATION_CONFLICT::Coding region xref gene does not exist
P002_WF01/P002_WF01:CDS	photosystem II protein D1	k141_117907:c1289-228	P002_WF01_00113

DiscRep_SUB:FEATURE_LOCATION_CONFLICT::Coding region xref gene does not exist
P002_WF01/P002_WF01:CDS	maturase K	k141_117907:c3334-1799	P002_WF01_00114

DiscRep_SUB:FEATURE_LOCATION_CONFLICT::Coding region xref gene does not exist
P002_WF01/P002_WF01:CDS	Photosystem II reaction center protein K	k141_117907:6763-7089	P002_WF01_00116

DiscRep_SUB:FEATURE_LOCATION_CONFLICT::Coding region xref gene does not exist
P002_WF01/P002_WF01:CDS	hypothetical protein	k141_117907:c8731-8558	P002_WF01_00118

DiscRep_SUB:FEATURE_LOCATION_CONFLICT::Coding region xref gene does not exist
P002_WF01/P002_WF01:CDS	photosystem II protein D2	k141_117907:8776-9837	P002_WF01_00119

DiscRep_SUB:FEATURE_LOCATION_CONFLICT::Coding region xref gene does not exist
P002_WF01/P002_WF01:CDS	photosystem II CP43 chlorophyll apoprotein	k141_117907:9821-11206	P002_WF01_00120

DiscRep_SUB:FEATURE_LOCATION_CONFLICT::Coding region xref gene does not exist
P002_WF01/P002_WF01:CDS	photosystem II protein Z	k141_117907:11812-12000	P002_WF01_00122

DiscRep_SUB:FEATURE_LOCATION_CONFLICT::Coding region xref gene does not exist
P002_WF01/P002_WF01:CDS	hypothetical protein	k141_117907:c14778-14602	P002_WF01_00125

DiscRep_SUB:FEATURE_LOCATION_CONFLICT::Coding region xref gene does not exist
P002_WF01/P002_WF01:CDS	cytochrome b6/f complex subunit VII	k141_117907:c17388-17299	P002_WF01_00130

DiscRep_SUB:FEATURE_LOCATION_CONFLICT::Coding region xref gene does not exist
P002_WF01/P002_WF01:CDS	RNA polymerase beta subunit	k141_117907:19552-22782	P002_WF01_00132

DiscRep_SUB:FEATURE_LOCATION_CONFLICT::Coding region xref gene does not exist
P002_WF01/P002_WF01:CDS	RNA polymerase beta' subunit	k141_117907:22825-24873	P002_WF01_00133

DiscRep_SUB:FEATURE_LOCATION_CONFLICT::Coding region xref gene does not exist
P002_WF01/P002_WF01:CDS	DNA-directed RNA polymerase subunit beta'	k141_117907:25077-29519	P002_WF01_00134

DiscRep_SUB:FEATURE_LOCATION_CONFLICT::Coding region xref gene does not exist
P002_WF01/P002_WF01:CDS	ribosomal protein S2	k141_117907:29829-30539	P002_WF01_00135

DiscRep_SUB:FEATURE_LOCATION_CONFLICT::Coding region xref gene does not exist
P002_WF01/P002_WF01:CDS	ATP synthase CF0 subunit IV	k141_117907:30672-31532	P002_WF01_00136

DiscRep_SUB:FEATURE_LOCATION_CONFLICT::Coding region xref gene does not exist
P002_WF01/P002_WF01:CDS	hypothetical protein	k141_117907:31625-31828	P002_WF01_00137

DiscRep_SUB:FEATURE_LOCATION_CONFLICT::Coding region xref gene does not exist
P002_WF01/P002_WF01:CDS	hypothetical protein	k141_117907:31825-31992	P002_WF01_00138

DiscRep_SUB:FEATURE_LOCATION_CONFLICT::Coding region xref gene does not exist
P002_WF01/P002_WF01:CDS	ATP synthase CF0 subunit III	k141_117907:32100-32345	P002_WF01_00139

DiscRep_SUB:FEATURE_LOCATION_CONFLICT::Coding region xref gene does not exist
P002_WF01/P002_WF01:CDS	ATP synthase CF0 subunit I	k141_117907:32796-32966	P002_WF01_00140

DiscRep_SUB:FEATURE_LOCATION_CONFLICT::Coding region xref gene does not exist
P002_WF01/P002_WF01:CDS	hypothetical protein	k141_117907:c33285-33112	P002_WF01_00141

DiscRep_SUB:FEATURE_LOCATION_CONFLICT::Coding region xref gene does not exist
P002_WF01/P002_WF01:CDS	ATP synthase CF0 subunit I	k141_117907:33809-34180	P002_WF01_00142

DiscRep_SUB:FEATURE_LOCATION_CONFLICT::Coding region xref gene does not exist
P002_WF01/P002_WF01:CDS	ATP synthase CF1 alpha subunit	k141_117907:34272-35795	P002_WF01_00143

DiscRep_SUB:FEATURE_LOCATION_CONFLICT::Coding region xref gene does not exist
P002_WF01/P002_WF01:CDS	ribosomal protein S14	k141_117907:c36657-36346	P002_WF01_00145

DiscRep_SUB:FEATURE_LOCATION_CONFLICT::Coding region xref gene does not exist
P002_WF01/P002_WF01:CDS	photosystem I P700 apoprotein A2	k141_117907:c39024-36820	P002_WF01_00146

DiscRep_SUB:FEATURE_LOCATION_CONFLICT::Coding region xref gene does not exist
P002_WF01/P002_WF01:CDS	photosystem I P700 apoprotein A1	k141_117907:c41302-39050	P002_WF01_00147

DiscRep_SUB:FEATURE_LOCATION_CONFLICT::Coding region xref gene does not exist
P002_WF01/P002_WF01:CDS	putative chloroplast RF34	k141_117907:c43065-42817	P002_WF01_00148

DiscRep_SUB:FEATURE_LOCATION_CONFLICT::Coding region xref gene does not exist
P002_WF01/P002_WF01:CDS	ribosomal protein S4	k141_117907:c45523-44918	P002_WF01_00150

DiscRep_SUB:FEATURE_LOCATION_CONFLICT::Coding region xref gene does not exist
P002_WF01/P002_WF01:CDS	hypothetical protein	k141_117907:47822-47992	P002_WF01_00153

DiscRep_SUB:FEATURE_LOCATION_CONFLICT::Coding region xref gene does not exist
P002_WF01/P002_WF01:CDS	NADH-plastoquinone oxidoreductase subunit J	k141_117907:c48709-48221	P002_WF01_00154

DiscRep_SUB:FEATURE_LOCATION_CONFLICT::Coding region xref gene does not exist
P002_WF01/P002_WF01:CDS	NADH-plastoquinone oxidoreductase subunit K	k141_117907:c49544-48804	P002_WF01_00155

DiscRep_SUB:FEATURE_LOCATION_CONFLICT::Coding region xref gene does not exist
P002_WF01/P002_WF01:CDS	NADH-plastoquinone oxidoreductase subunit 3	k141_117907:c49897-49535	P002_WF01_00156

DiscRep_SUB:FEATURE_LOCATION_CONFLICT::Coding region xref gene does not exist
P002_WF01/P002_WF01:CDS	ATP synthase CF1 epsilon subunit	k141_117907:c52254-51841	P002_WF01_00158

DiscRep_SUB:FEATURE_LOCATION_CONFLICT::Coding region xref gene does not exist
P002_WF01/P002_WF01:CDS	ATP synthase CF1 beta subunit	k141_117907:c53747-52251	P002_WF01_00159

DiscRep_SUB:FEATURE_LOCATION_CONFLICT::Coding region xref gene does not exist
P002_WF01/P002_WF01:CDS	ribulose-1,5-bisphosphate carboxylase/oxygenase large subunit	k141_117907:54538-55998	P002_WF01_00160

DiscRep_SUB:FEATURE_LOCATION_CONFLICT::RNA feature xref gene does not exist
P002_WF01/P002_WF01:tRNA	Gln	k141_117907:c6554-6483	P002_WF01_00115

DiscRep_SUB:FEATURE_LOCATION_CONFLICT::RNA feature xref gene does not exist
P002_WF01/P002_WF01:tRNA	Ser	k141_117907:c7810-7722	P002_WF01_00117

DiscRep_SUB:FEATURE_LOCATION_CONFLICT::RNA feature xref gene does not exist
P002_WF01/P002_WF01:tRNA	Ser	k141_117907:c11451-11364	P002_WF01_00121

DiscRep_SUB:FEATURE_LOCATION_CONFLICT::RNA feature xref gene does not exist
P002_WF01/P002_WF01:tRNA	Gly	k141_117907:12292-12364	P002_WF01_00123

DiscRep_SUB:FEATURE_LOCATION_CONFLICT::RNA feature xref gene does not exist
P002_WF01/P002_WF01:tRNA	Met	k141_117907:c12875-12800	P002_WF01_00124

DiscRep_SUB:FEATURE_LOCATION_CONFLICT::RNA feature xref gene does not exist
P002_WF01/P002_WF01:tRNA	Thr	k141_117907:14963-15036	P002_WF01_00126

DiscRep_SUB:FEATURE_LOCATION_CONFLICT::RNA feature xref gene does not exist
P002_WF01/P002_WF01:tRNA	Glu	k141_117907:15570-15644	P002_WF01_00127

DiscRep_SUB:FEATURE_LOCATION_CONFLICT::RNA feature xref gene does not exist
P002_WF01/P002_WF01:tRNA	Tyr	k141_117907:15704-15789	P002_WF01_00128

DiscRep_SUB:FEATURE_LOCATION_CONFLICT::RNA feature xref gene does not exist
P002_WF01/P002_WF01:tRNA	Asp	k141_117907:16143-16216	P002_WF01_00129

DiscRep_SUB:FEATURE_LOCATION_CONFLICT::RNA feature xref gene does not exist
P002_WF01/P002_WF01:tRNA	Cys	k141_117907:c18387-18317	P002_WF01_00131

DiscRep_SUB:FEATURE_LOCATION_CONFLICT::RNA feature xref gene does not exist
P002_WF01/P002_WF01:tRNA	Arg	k141_117907:c35999-35928	P002_WF01_00144

DiscRep_SUB:FEATURE_LOCATION_CONFLICT::RNA feature xref gene does not exist
P002_WF01/P002_WF01:tRNA	Ser	k141_117907:44547-44633	P002_WF01_00149

DiscRep_SUB:FEATURE_LOCATION_CONFLICT::RNA feature xref gene does not exist
P002_WF01/P002_WF01:tRNA	Thr	k141_117907:c45900-45826	P002_WF01_00151

DiscRep_SUB:FEATURE_LOCATION_CONFLICT::RNA feature xref gene does not exist
P002_WF01/P002_WF01:tRNA	Phe	k141_117907:47567-47639	P002_WF01_00152

DiscRep_SUB:FEATURE_LOCATION_CONFLICT::RNA feature xref gene does not exist
P002_WF01/P002_WF01:tRNA	Met	k141_117907:51653-51727	P002_WF01_00157

DiscRep_SUB:FEATURE_LOCATION_CONFLICT::Coding region xref gene does not exist
P002_WF01/P002_WF01:CDS	hypothetical protein	k141_10263:184-633	P002_WF01_00161

DiscRep_SUB:FEATURE_LOCATION_CONFLICT::Coding region xref gene does not exist
P002_WF01/P002_WF01:CDS	ribosomal protein S3	k141_10263:691-1410	P002_WF01_00162

DiscRep_SUB:FEATURE_LOCATION_CONFLICT::Coding region xref gene does not exist
P002_WF01/P002_WF01:CDS	hypothetical protein	k141_10263:2494-2655	P002_WF01_00163

DiscRep_SUB:FEATURE_LOCATION_CONFLICT::Coding region xref gene does not exist
P002_WF01/P002_WF01:CDS	ribosomal protein L16	k141_10263:2652-3014	P002_WF01_00164

DiscRep_SUB:FEATURE_LOCATION_CONFLICT::Coding region xref gene does not exist
P002_WF01/P002_WF01:CDS	ribosomal protein L14	k141_10263:3134-3505	P002_WF01_00165

DiscRep_SUB:FEATURE_LOCATION_CONFLICT::Coding region xref gene does not exist
P002_WF01/P002_WF01:CDS	ribosomal protein S8	k141_10263:3649-4059	P002_WF01_00166

DiscRep_SUB:FEATURE_LOCATION_CONFLICT::Coding region xref gene does not exist
P002_WF01/P002_WF01:CDS	Translation initiation factor IF-1	k141_10263:4140-4463	P002_WF01_00167

DiscRep_SUB:FEATURE_LOCATION_CONFLICT::Coding region xref gene does not exist
P002_WF01/P002_WF01:CDS	ribosomal protein S11	k141_10263:4863-5294	P002_WF01_00168

DiscRep_SUB:FEATURE_LOCATION_CONFLICT::Coding region xref gene does not exist
P002_WF01/P002_WF01:CDS	DNA-directed RNA polymerase subunit alpha	k141_10263:5359-6378	P002_WF01_00169

DiscRep_SUB:FEATURE_LOCATION_CONFLICT::Coding region xref gene does not exist
P002_WF01/P002_WF01:CDS	cytochrome b6/f complex subunit IV	k141_10263:c7111-6587	P002_WF01_00170

DiscRep_SUB:FEATURE_LOCATION_CONFLICT::Coding region xref gene does not exist
P002_WF01/P002_WF01:CDS	hypothetical protein	k141_10263:7143-7364	P002_WF01_00171

DiscRep_SUB:FEATURE_LOCATION_CONFLICT::Coding region xref gene does not exist
P002_WF01/P002_WF01:CDS	cytochrome b6	k141_10263:c8696-7998	P002_WF01_00172

DiscRep_SUB:FEATURE_LOCATION_CONFLICT::Coding region xref gene does not exist
P002_WF01/P002_WF01:CDS	hypothetical protein	k141_10263:8833-9012	P002_WF01_00173

DiscRep_SUB:FEATURE_LOCATION_CONFLICT::Coding region xref gene does not exist
P002_WF01/P002_WF01:CDS	Photosystem II reaction center protein H	k141_10263:c9890-9534	P002_WF01_00174

DiscRep_SUB:FEATURE_LOCATION_CONFLICT::Coding region xref gene does not exist
P002_WF01/P002_WF01:CDS	photosystem II CP47 chlorophyll apoprotein	k141_10263:c11845-10319	P002_WF01_00175

DiscRep_SUB:FEATURE_LOCATION_CONFLICT::Coding region xref gene does not exist
P002_WF01/P002_WF01:CDS	ATP-dependent Clp protease proteolytic subunit	k141_10263:12386-13036	P002_WF01_00176

DiscRep_SUB:FEATURE_LOCATION_CONFLICT::Coding region xref gene does not exist
P002_WF01/P002_WF01:CDS	ribosomal protein L20	k141_10263:13991-14350	P002_WF01_00177

DiscRep_SUB:FEATURE_LOCATION_CONFLICT::Coding region xref gene does not exist
P002_WF01/P002_WF01:CDS	hypothetical protein	k141_10263:c15016-14507	P002_WF01_00178

DiscRep_SUB:FEATURE_LOCATION_CONFLICT::Coding region xref gene does not exist
P002_WF01/P002_WF01:CDS	ribosomal protein L33	k141_10263:c15499-15299	P002_WF01_00179

DiscRep_SUB:FEATURE_LOCATION_CONFLICT::Coding region xref gene does not exist
P002_WF01/P002_WF01:CDS	photosystem I subunit IX	k141_10263:c16058-15930	P002_WF01_00180

DiscRep_SUB:FEATURE_LOCATION_CONFLICT::Coding region xref gene does not exist
P002_WF01/P002_WF01:CDS	cytochrome b6/f complex subunit VI	k141_10263:c17197-17102	P002_WF01_00183

DiscRep_SUB:FEATURE_LOCATION_CONFLICT::Coding region xref gene does not exist
P002_WF01/P002_WF01:CDS	photosystem II cytochrome b559 alpha subunit	k141_10263:18514-18765	P002_WF01_00184

DiscRep_SUB:FEATURE_LOCATION_CONFLICT::Coding region xref gene does not exist
P002_WF01/P002_WF01:CDS	Cytochrome b559 subunit beta	k141_10263:18743-18895	P002_WF01_00185

DiscRep_SUB:FEATURE_LOCATION_CONFLICT::Coding region xref gene does not exist
P002_WF01/P002_WF01:CDS	photosystem II protein J	k141_10263:19139-19282	P002_WF01_00186

DiscRep_SUB:FEATURE_LOCATION_CONFLICT::Coding region xref gene does not exist
P002_WF01/P002_WF01:CDS	cytochrome f	k141_10263:c21048-20086	P002_WF01_00187

DiscRep_SUB:FEATURE_LOCATION_CONFLICT::Coding region xref gene does not exist
P002_WF01/P002_WF01:CDS	envelope membrane protein	k141_10263:c21966-21274	P002_WF01_00188

DiscRep_SUB:FEATURE_LOCATION_CONFLICT::Coding region xref gene does not exist
P002_WF01/P002_WF01:CDS	photosystem I assembly protein Ycf4	k141_10263:c22978-22421	P002_WF01_00189

DiscRep_SUB:FEATURE_LOCATION_CONFLICT::RNA feature xref gene does not exist
P002_WF01/P002_WF01:tRNA	Pro	k141_10263:16401-16476	P002_WF01_00181

DiscRep_SUB:FEATURE_LOCATION_CONFLICT::RNA feature xref gene does not exist
P002_WF01/P002_WF01:tRNA	Trp	k141_10263:16619-16692	P002_WF01_00182

DiscRep_SUB:FEATURE_LOCATION_CONFLICT::Coding region xref gene does not exist
P002_WF01/P002_WF01:CDS	hypothetical protein	k141_149856:127-285	P002_WF01_00190

DiscRep_SUB:FEATURE_LOCATION_CONFLICT::Coding region xref gene does not exist
P002_WF01/P002_WF01:CDS	ribosomal protein S7	k141_149856:624-1094	P002_WF01_00191

DiscRep_SUB:FEATURE_LOCATION_CONFLICT::Coding region xref gene does not exist
P002_WF01/P002_WF01:CDS	NADH-plastoquinone oxidoreductase subunit 2	k141_149856:1448-2242	P002_WF01_00192

DiscRep_SUB:FEATURE_LOCATION_CONFLICT::Coding region xref gene does not exist
P002_WF01/P002_WF01:CDS	NADH-plastoquinone oxidoreductase subunit 2	k141_149856:c3977-3183	P002_WF01_00193

DiscRep_SUB:FEATURE_LOCATION_CONFLICT::Coding region xref gene does not exist
P002_WF01/P002_WF01:CDS	ribosomal protein S7	k141_149856:c4801-4331	P002_WF01_00194

DiscRep_SUB:FEATURE_LOCATION_CONFLICT::Coding region xref gene does not exist
P002_WF01/P002_WF01:CDS	hypothetical protein	k141_149856:c5298-5140	P002_WF01_00195

DiscRep_SUB:FEATURE_LOCATION_CONFLICT::Coding region xref gene does not exist
P002_WF01/P002_WF01:CDS	hypothetical protein	k141_11554:c1194-970	P002_WF01_00197

DiscRep_SUB:FEATURE_LOCATION_CONFLICT::Coding region xref gene does not exist
P002_WF01/P002_WF01:CDS	hypothetical protein	k141_11554:c2100-1822	P002_WF01_00198

DiscRep_SUB:FEATURE_LOCATION_CONFLICT::Coding region xref gene does not exist
P002_WF01/P002_WF01:CDS	hypothetical protein	k141_11554:2760-3125	P002_WF01_00199

DiscRep_SUB:FEATURE_LOCATION_CONFLICT::RNA feature xref gene does not exist
P002_WF01/P002_WF01:rRNA	16S ribosomal RNA (partial)	k141_11554:1-655	P002_WF01_00196

DiscRep_SUB:FEATURE_LOCATION_CONFLICT::Coding region xref gene does not exist
P002_WF01/P002_WF01:CDS	hypothetical protein	k141_43296:c797-651	P002_WF01_00200

DiscRep_SUB:FEATURE_LOCATION_CONFLICT::Coding region xref gene does not exist
P002_WF01/P002_WF01:CDS	photosystem I P700 apoprotein A2	k141_43296:c1102-794	P002_WF01_00201

DiscRep_SUB:FEATURE_LOCATION_CONFLICT::Coding region xref gene does not exist
P002_WF01/P002_WF01:CDS	hypothetical protein	k141_74479:c1942-1829	P002_WF01_00204

DiscRep_SUB:FEATURE_LOCATION_CONFLICT::Coding region xref gene does not exist
P002_WF01/P002_WF01:CDS	hypothetical protein	k141_74479:2585-2809	P002_WF01_00206

DiscRep_SUB:FEATURE_LOCATION_CONFLICT::RNA feature xref gene does not exist
P002_WF01/P002_WF01:rRNA	23S ribosomal RNA (partial)	k141_74479:1-988	P002_WF01_00202

DiscRep_SUB:FEATURE_LOCATION_CONFLICT::RNA feature xref gene does not exist
P002_WF01/P002_WF01:tRNA	Arg	k141_74479:1605-1679	P002_WF01_00203

DiscRep_SUB:FEATURE_LOCATION_CONFLICT::RNA feature xref gene does not exist
P002_WF01/P002_WF01:tRNA	Asn	k141_74479:c2217-2144	P002_WF01_00205

DiscRep_SUB:FEATURE_LOCATION_CONFLICT::Coding region xref gene does not exist
P002_WF01/P002_WF01:CDS	hypothetical protein	k141_44023:1023-1217	P002_WF01_00207

DiscRep_SUB:FEATURE_LOCATION_CONFLICT::Coding region xref gene does not exist
P002_WF01/P002_WF01:CDS	hypothetical protein	k141_44023:1252-1506	P002_WF01_00208

DiscRep_SUB:FEATURE_LOCATION_CONFLICT::RNA feature xref gene does not exist
P002_WF01/P002_WF01:tRNA	Val	k141_44023:2108-2179	P002_WF01_00209

DiscRep_SUB:FEATURE_LOCATION_CONFLICT::Coding region xref gene does not exist
P002_WF01/P002_WF01:CDS	hypothetical protein	k141_44127:1074-1193	P002_WF01_00210

DiscRep_SUB:FEATURE_LOCATION_CONFLICT::Coding region xref gene does not exist
P002_WF01/P002_WF01:CDS	hypothetical protein	k141_44127:2346-2543	P002_WF01_00212

DiscRep_SUB:FEATURE_LOCATION_CONFLICT::RNA feature xref gene does not exist
P002_WF01/P002_WF01:tRNA	Val	k141_44127:2193-2264	P002_WF01_00211

DiscRep_SUB:FEATURE_LOCATION_CONFLICT::Coding region xref gene does not exist
P002_WF01/P002_WF01:CDS	NADH-plastoquinone oxidoreductase subunit 7	k141_99026:3-158	P002_WF01_00213

DiscRep_SUB:FEATURE_LOCATION_CONFLICT::Coding region xref gene does not exist
P002_WF01/P002_WF01:CDS	NADH-plastoquinone oxidoreductase subunit 5	k141_99026:c2454-235	P002_WF01_00214

DiscRep_SUB:FEATURE_LOCATION_CONFLICT::Coding region xref gene does not exist
P002_WF01/P002_WF01:CDS	cytochrome c heme attachment protein	k141_99026:4331-5290	P002_WF01_00216

DiscRep_SUB:FEATURE_LOCATION_CONFLICT::Coding region xref gene does not exist
P002_WF01/P002_WF01:CDS	NADH-plastoquinone oxidoreductase subunit 4	k141_99026:c6952-5450	P002_WF01_00217

DiscRep_SUB:FEATURE_LOCATION_CONFLICT::Coding region xref gene does not exist
P002_WF01/P002_WF01:CDS	photosystem I subunit VII	k141_99026:c7321-7076	P002_WF01_00218

DiscRep_SUB:FEATURE_LOCATION_CONFLICT::Coding region xref gene does not exist
P002_WF01/P002_WF01:CDS	NADH-plastoquinone oxidoreductase subunit 4L	k141_99026:c8084-7782	P002_WF01_00219

DiscRep_SUB:FEATURE_LOCATION_CONFLICT::Coding region xref gene does not exist
P002_WF01/P002_WF01:CDS	NADH-plastoquinone oxidoreductase subunit 6	k141_99026:c8830-8300	P002_WF01_00220

DiscRep_SUB:FEATURE_LOCATION_CONFLICT::Coding region xref gene does not exist
P002_WF01/P002_WF01:CDS	NADH-plastoquinone oxidoreductase subunit I	k141_99026:c9618-9076	P002_WF01_00221

DiscRep_SUB:FEATURE_LOCATION_CONFLICT::Coding region xref gene does not exist
P002_WF01/P002_WF01:CDS	NADH-plastoquinone oxidoreductase subunit 1	k141_99026:c10141-9716	P002_WF01_00222

DiscRep_SUB:FEATURE_LOCATION_CONFLICT::Coding region xref gene does not exist
P002_WF01/P002_WF01:CDS	NADH-plastoquinone oxidoreductase subunit 1	k141_99026:c11828-11265	P002_WF01_00223

DiscRep_SUB:FEATURE_LOCATION_CONFLICT::Coding region xref gene does not exist
P002_WF01/P002_WF01:CDS	NADH-plastoquinone oxidoreductase subunit 7	k141_99026:c12969-11830	P002_WF01_00224

DiscRep_SUB:FEATURE_LOCATION_CONFLICT::RNA feature xref gene does not exist
P002_WF01/P002_WF01:tRNA	Leu	k141_99026:4174-4253	P002_WF01_00215

DiscRep_SUB:FEATURE_LOCATION_CONFLICT::Coding region xref gene does not exist
P002_WF01/P002_WF01:CDS	hypothetical protein	k141_68513:186-341	P002_WF01_00225

DiscRep_SUB:FEATURE_LOCATION_CONFLICT::Coding region xref gene does not exist
P002_WF01/P002_WF01:CDS	hypothetical protein	k141_68513:743-898	P002_WF01_00226

DiscRep_SUB:FEATURE_LOCATION_CONFLICT::Coding region xref gene does not exist
P002_WF01/P002_WF01:CDS	NAD(P)H-quinone oxidoreductase subunit K, chloroplastic	k141_68513:928-1116	P002_WF01_00227

DiscRep_SUB:FEATURE_LOCATION_CONFLICT::Coding region xref gene does not exist
P002_WF01/P002_WF01:CDS	NADH-plastoquinone oxidoreductase subunit K	k141_68513:1068-1352	P002_WF01_00228

DiscRep_SUB:FEATURE_LOCATION_CONFLICT::Coding region xref gene does not exist
P002_WF01/P002_WF01:CDS	hypothetical protein	k141_138479:26-4729	P002_WF01_00229

DiscRep_SUB:FEATURE_LOCATION_CONFLICT::Coding region xref gene does not exist
P002_WF01/P002_WF01:CDS	ribosomal protein S15	k141_138479:5150-5428	P002_WF01_00230

DiscRep_SUB:FEATURE_LOCATION_CONFLICT::Coding region xref gene does not exist
P002_WF01/P002_WF01:CDS	NADH-plastoquinone oxidoreductase subunit 7	k141_138479:5466-6701	P002_WF01_00231

DiscRep_SUB:FEATURE_LOCATION_CONFLICT::Coding region xref gene does not exist
P002_WF01/P002_WF01:CDS	NADH-plastoquinone oxidoreductase subunit 1	k141_138479:6703-7269	P002_WF01_00232

DiscRep_SUB:FEATURE_LOCATION_CONFLICT::Coding region xref gene does not exist
P002_WF01/P002_WF01:CDS	NADH-plastoquinone oxidoreductase subunit 1	k141_138479:8378-8848	P002_WF01_00233

DiscRep_SUB:FEATURE_LOCATION_CONFLICT::Coding region xref gene does not exist
P002_WF01/P002_WF01:CDS	NADH-plastoquinone oxidoreductase subunit I	k141_138479:8936-9427	P002_WF01_00234

DiscRep_SUB:FEATURE_LOCATION_CONFLICT::Coding region xref gene does not exist
P002_WF01/P002_WF01:CDS	NADH-plastoquinone oxidoreductase subunit 6	k141_138479:9785-10315	P002_WF01_00235

DiscRep_SUB:FEATURE_LOCATION_CONFLICT::Coding region xref gene does not exist
P002_WF01/P002_WF01:CDS	NADH-plastoquinone oxidoreductase subunit 4L	k141_138479:10536-10838	P002_WF01_00236

DiscRep_SUB:FEATURE_LOCATION_CONFLICT::Coding region xref gene does not exist
P002_WF01/P002_WF01:CDS	photosystem I subunit VII	k141_138479:11075-11320	P002_WF01_00237

DiscRep_SUB:FEATURE_LOCATION_CONFLICT::Coding region xref gene does not exist
P002_WF01/P002_WF01:CDS	NADH-plastoquinone oxidoreductase subunit 4	k141_138479:11421-12941	P002_WF01_00238

DiscRep_SUB:FEATURE_LOCATION_CONFLICT::Coding region xref gene does not exist
P002_WF01/P002_WF01:CDS	cytochrome c heme attachment protein	k141_138479:c14157-13189	P002_WF01_00239

DiscRep_SUB:FEATURE_LOCATION_CONFLICT::Coding region xref gene does not exist
P002_WF01/P002_WF01:CDS	NADH-plastoquinone oxidoreductase subunit 5	k141_138479:16476-18707	P002_WF01_00241

DiscRep_SUB:FEATURE_LOCATION_CONFLICT::RNA feature xref gene does not exist
P002_WF01/P002_WF01:tRNA	Leu	k141_138479:c14384-14305	P002_WF01_00240

DiscRep_SUB:FEATURE_LOCATION_CONFLICT::Coding region xref gene does not exist
P002_WF01/P002_WF01:CDS	hypothetical protein	k141_84758:c1075-800	P002_WF01_00243

DiscRep_SUB:FEATURE_LOCATION_CONFLICT::Coding region xref gene does not exist
P002_WF01/P002_WF01:CDS	hypothetical protein	k141_84758:1667-1882	P002_WF01_00244

DiscRep_SUB:FEATURE_LOCATION_CONFLICT::Coding region xref gene does not exist
P002_WF01/P002_WF01:CDS	hypothetical protein	k141_84758:2178-2291	P002_WF01_00245

DiscRep_SUB:FEATURE_LOCATION_CONFLICT::Coding region xref gene does not exist
P002_WF01/P002_WF01:CDS	hypothetical protein	k141_84758:2270-2518	P002_WF01_00246

DiscRep_SUB:FEATURE_LOCATION_CONFLICT::RNA feature xref gene does not exist
P002_WF01/P002_WF01:rRNA	16S ribosomal RNA (partial)	k141_84758:1-655	P002_WF01_00242

DiscRep_ALL:SUSPECT_PRODUCT_NAMES::5 product_names contain suspect phrase or characters
DiscRep_SUB:SUSPECT_PRODUCT_NAMES::May contain database identifier more appropriate in note; remove from product name
DiscRep_SUB:SUSPECT_PRODUCT_NAMES::5 features contains three or more numbers together that may be identifiers more appropriate in note
P002_WF01/P002_WF01:CDS	photosystem I P700 apoprotein A2	k141_77685:c43311-41107	P002_WF01_00041
P002_WF01/P002_WF01:CDS	photosystem I P700 apoprotein A1	k141_77685:c45589-43337	P002_WF01_00042
P002_WF01/P002_WF01:CDS	photosystem I P700 apoprotein A2	k141_117907:c39024-36820	P002_WF01_00146
P002_WF01/P002_WF01:CDS	photosystem I P700 apoprotein A1	k141_117907:c41302-39050	P002_WF01_00147
P002_WF01/P002_WF01:CDS	photosystem I P700 apoprotein A2	k141_43296:c1102-794	P002_WF01_00201

DiscRep_ALL:DISC_QUALITY_SCORES::Quality scores are missing on all sequences.

FATAL: DiscRep_ALL:DISC_SUSPECT_RRNA_PRODUCTS::5 rRNA product names contain suspect phrase
FATAL: DiscRep_SUB:DISC_SUSPECT_RRNA_PRODUCTS::5 rRNA product names contains 'partial'
P002_WF01/P002_WF01:rRNA	23S ribosomal RNA (partial)	k141_93215:2-1360	P002_WF01_00001
P002_WF01/P002_WF01:rRNA	23S ribosomal RNA (partial)	k141_93215:1972-3253	P002_WF01_00002
P002_WF01/P002_WF01:rRNA	16S ribosomal RNA (partial)	k141_11554:1-655	P002_WF01_00196
P002_WF01/P002_WF01:rRNA	23S ribosomal RNA (partial)	k141_74479:1-988	P002_WF01_00202
P002_WF01/P002_WF01:rRNA	16S ribosomal RNA (partial)	k141_84758:1-655	P002_WF01_00242

FATAL: DiscRep_ALL:DISC_SHORT_RRNA::5 rRNA features are too short
P002_WF01/P002_WF01:rRNA	23S ribosomal RNA (partial)	k141_93215:2-1360	P002_WF01_00001
P002_WF01/P002_WF01:rRNA	23S ribosomal RNA (partial)	k141_93215:1972-3253	P002_WF01_00002
P002_WF01/P002_WF01:rRNA	16S ribosomal RNA (partial)	k141_11554:1-655	P002_WF01_00196
P002_WF01/P002_WF01:rRNA	23S ribosomal RNA (partial)	k141_74479:1-988	P002_WF01_00202
P002_WF01/P002_WF01:rRNA	16S ribosomal RNA (partial)	k141_84758:1-655	P002_WF01_00242

DiscRep_ALL:ONCALLER_COMMENT_PRESENT::17 comment descriptors were found (all same)
P002_WF01/P002_WF01:k141_93215:Annotated using prokka 1.14.5 from https://github.com/tseemann/prokka
P002_WF01/P002_WF01:k141_77685:Annotated using prokka 1.14.5 from https://github.com/tseemann/prokka
P002_WF01/P002_WF01:k141_70540:Annotated using prokka 1.14.5 from https://github.com/tseemann/prokka
P002_WF01/P002_WF01:k141_147957:Annotated using prokka 1.14.5 from https://github.com/tseemann/prokka
P002_WF01/P002_WF01:k141_16424:Annotated using prokka 1.14.5 from https://github.com/tseemann/prokka
P002_WF01/P002_WF01:k141_117907:Annotated using prokka 1.14.5 from https://github.com/tseemann/prokka
P002_WF01/P002_WF01:k141_10263:Annotated using prokka 1.14.5 from https://github.com/tseemann/prokka
P002_WF01/P002_WF01:k141_149856:Annotated using prokka 1.14.5 from https://github.com/tseemann/prokka
P002_WF01/P002_WF01:k141_11554:Annotated using prokka 1.14.5 from https://github.com/tseemann/prokka
P002_WF01/P002_WF01:k141_43296:Annotated using prokka 1.14.5 from https://github.com/tseemann/prokka
P002_WF01/P002_WF01:k141_74479:Annotated using prokka 1.14.5 from https://github.com/tseemann/prokka
P002_WF01/P002_WF01:k141_44023:Annotated using prokka 1.14.5 from https://github.com/tseemann/prokka
P002_WF01/P002_WF01:k141_44127:Annotated using prokka 1.14.5 from https://github.com/tseemann/prokka
P002_WF01/P002_WF01:k141_99026:Annotated using prokka 1.14.5 from https://github.com/tseemann/prokka
P002_WF01/P002_WF01:k141_68513:Annotated using prokka 1.14.5 from https://github.com/tseemann/prokka
P002_WF01/P002_WF01:k141_138479:Annotated using prokka 1.14.5 from https://github.com/tseemann/prokka
P002_WF01/P002_WF01:k141_84758:Annotated using prokka 1.14.5 from https://github.com/tseemann/prokka

DiscRep_ALL:SHORT_PROT_SEQUENCES::17 protein sequences are shorter than 50 aa.
P002_WF01/P002_WF01:k141_77685_3 (length 32)
P002_WF01/P002_WF01:k141_77685_11 (length 36)
P002_WF01/P002_WF01:k141_77685_33 (length 48)
P002_WF01/P002_WF01:k141_77685_34 (length 47)
P002_WF01/P002_WF01:k141_77685_42 (length 36)
P002_WF01/P002_WF01:k141_77685_46 (length 40)
P002_WF01/P002_WF01:k141_77685_47 (length 39)
P002_WF01/P002_WF01:k141_77685_49 (length 44)
P002_WF01/P002_WF01:k141_147957_1 (length 37)
P002_WF01/P002_WF01:k141_117907_9 (length 29)
P002_WF01/P002_WF01:k141_10263_20 (length 42)
P002_WF01/P002_WF01:k141_10263_21 (length 31)
P002_WF01/P002_WF01:k141_10263_24 (length 47)
P002_WF01/P002_WF01:k141_43296_1 (length 48)
P002_WF01/P002_WF01:k141_74479_1 (length 37)
P002_WF01/P002_WF01:k141_44127_1 (length 39)
P002_WF01/P002_WF01:k141_84758_3 (length 37)

DiscRep_ALL:MISSING_GENOMEASSEMBLY_COMMENTS::17 bioseqs are missing GenomeAssembly structured comments
P002_WF01/P002_WF01:k141_93215 (length 3256)
P002_WF01/P002_WF01:k141_77685 (length 99112)
P002_WF01/P002_WF01:k141_70540 (length 7097)
P002_WF01/P002_WF01:k141_147957 (length 6043)
P002_WF01/P002_WF01:k141_16424 (length 1107)
P002_WF01/P002_WF01:k141_117907 (length 56400)
P002_WF01/P002_WF01:k141_10263 (length 24804)
P002_WF01/P002_WF01:k141_149856 (length 5424)
P002_WF01/P002_WF01:k141_11554 (length 3228)
P002_WF01/P002_WF01:k141_43296 (length 1429)
P002_WF01/P002_WF01:k141_74479 (length 3115)
P002_WF01/P002_WF01:k141_44023 (length 2782)
P002_WF01/P002_WF01:k141_44127 (length 2864)
P002_WF01/P002_WF01:k141_99026 (length 12971)
P002_WF01/P002_WF01:k141_68513 (length 1596)
P002_WF01/P002_WF01:k141_138479 (length 18862)
P002_WF01/P002_WF01:k141_84758 (length 3365)

DiscRep_ALL:MOLTYPE_NOT_MRNA::17 molecule types are not set as mRNA.
P002_WF01/P002_WF01:k141_93215 (length 3256)
P002_WF01/P002_WF01:k141_77685 (length 99112)
P002_WF01/P002_WF01:k141_70540 (length 7097)
P002_WF01/P002_WF01:k141_147957 (length 6043)
P002_WF01/P002_WF01:k141_16424 (length 1107)
P002_WF01/P002_WF01:k141_117907 (length 56400)
P002_WF01/P002_WF01:k141_10263 (length 24804)
P002_WF01/P002_WF01:k141_149856 (length 5424)
P002_WF01/P002_WF01:k141_11554 (length 3228)
P002_WF01/P002_WF01:k141_43296 (length 1429)
P002_WF01/P002_WF01:k141_74479 (length 3115)
P002_WF01/P002_WF01:k141_44023 (length 2782)
P002_WF01/P002_WF01:k141_44127 (length 2864)
P002_WF01/P002_WF01:k141_99026 (length 12971)
P002_WF01/P002_WF01:k141_68513 (length 1596)
P002_WF01/P002_WF01:k141_138479 (length 18862)
P002_WF01/P002_WF01:k141_84758 (length 3365)

DiscRep_ALL:TECHNIQUE_NOT_TSA::17 technique are not set as TSA
P002_WF01/P002_WF01:k141_93215 (length 3256)
P002_WF01/P002_WF01:k141_77685 (length 99112)
P002_WF01/P002_WF01:k141_70540 (length 7097)
P002_WF01/P002_WF01:k141_147957 (length 6043)
P002_WF01/P002_WF01:k141_16424 (length 1107)
P002_WF01/P002_WF01:k141_117907 (length 56400)
P002_WF01/P002_WF01:k141_10263 (length 24804)
P002_WF01/P002_WF01:k141_149856 (length 5424)
P002_WF01/P002_WF01:k141_11554 (length 3228)
P002_WF01/P002_WF01:k141_43296 (length 1429)
P002_WF01/P002_WF01:k141_74479 (length 3115)
P002_WF01/P002_WF01:k141_44023 (length 2782)
P002_WF01/P002_WF01:k141_44127 (length 2864)
P002_WF01/P002_WF01:k141_99026 (length 12971)
P002_WF01/P002_WF01:k141_68513 (length 1596)
P002_WF01/P002_WF01:k141_138479 (length 18862)
P002_WF01/P002_WF01:k141_84758 (length 3365)

DiscRep_ALL:MISSING_STRUCTURED_COMMENT::17 sequences do not include structured comments.
P002_WF01/P002_WF01:k141_93215 (length 3256)
P002_WF01/P002_WF01:k141_77685 (length 99112)
P002_WF01/P002_WF01:k141_70540 (length 7097)
P002_WF01/P002_WF01:k141_147957 (length 6043)
P002_WF01/P002_WF01:k141_16424 (length 1107)
P002_WF01/P002_WF01:k141_117907 (length 56400)
P002_WF01/P002_WF01:k141_10263 (length 24804)
P002_WF01/P002_WF01:k141_149856 (length 5424)
P002_WF01/P002_WF01:k141_11554 (length 3228)
P002_WF01/P002_WF01:k141_43296 (length 1429)
P002_WF01/P002_WF01:k141_74479 (length 3115)
P002_WF01/P002_WF01:k141_44023 (length 2782)
P002_WF01/P002_WF01:k141_44127 (length 2864)
P002_WF01/P002_WF01:k141_99026 (length 12971)
P002_WF01/P002_WF01:k141_68513 (length 1596)
P002_WF01/P002_WF01:k141_138479 (length 18862)
P002_WF01/P002_WF01:k141_84758 (length 3365)

DiscRep_ALL:MISSING_PROJECT::209 sequences do not include project.
P002_WF01/P002_WF01:k141_93215 (length 3256)
P002_WF01/P002_WF01:k141_77685 (length 99112)
P002_WF01/P002_WF01:k141_77685_1 (length 77)
P002_WF01/P002_WF01:k141_77685_2 (length 64)
P002_WF01/P002_WF01:k141_77685_3 (length 32)
P002_WF01/P002_WF01:k141_77685_4 (length 112)
P002_WF01/P002_WF01:k141_77685_5 (length 135)
P002_WF01/P002_WF01:k141_77685_6 (length 353)
P002_WF01/P002_WF01:k141_77685_7 (length 506)
P002_WF01/P002_WF01:k141_77685_8 (length 57)
P002_WF01/P002_WF01:k141_77685_9 (length 62)
P002_WF01/P002_WF01:k141_77685_10 (length 70)
P002_WF01/P002_WF01:k141_77685_11 (length 36)
P002_WF01/P002_WF01:k141_77685_12 (length 1077)
P002_WF01/P002_WF01:k141_77685_13 (length 145)
P002_WF01/P002_WF01:k141_77685_14 (length 526)
P002_WF01/P002_WF01:k141_77685_15 (length 1377)
P002_WF01/P002_WF01:k141_77685_16 (length 236)
P002_WF01/P002_WF01:k141_77685_17 (length 247)
P002_WF01/P002_WF01:k141_77685_18 (length 81)
P002_WF01/P002_WF01:k141_77685_19 (length 56)
P002_WF01/P002_WF01:k141_77685_20 (length 124)
P002_WF01/P002_WF01:k141_77685_21 (length 508)
P002_WF01/P002_WF01:k141_77685_22 (length 353)
P002_WF01/P002_WF01:k141_77685_23 (length 461)
P002_WF01/P002_WF01:k141_77685_24 (length 69)
P002_WF01/P002_WF01:k141_77685_25 (length 62)
P002_WF01/P002_WF01:k141_77685_26 (length 109)
P002_WF01/P002_WF01:k141_77685_27 (length 734)
P002_WF01/P002_WF01:k141_77685_28 (length 750)
P002_WF01/P002_WF01:k141_77685_29 (length 57)
P002_WF01/P002_WF01:k141_77685_30 (length 82)
P002_WF01/P002_WF01:k141_77685_31 (length 201)
P002_WF01/P002_WF01:k141_77685_32 (length 64)
P002_WF01/P002_WF01:k141_77685_33 (length 48)
P002_WF01/P002_WF01:k141_77685_34 (length 47)
P002_WF01/P002_WF01:k141_77685_35 (length 158)
P002_WF01/P002_WF01:k141_77685_36 (length 252)
P002_WF01/P002_WF01:k141_77685_37 (length 120)
P002_WF01/P002_WF01:k141_77685_38 (length 133)
P002_WF01/P002_WF01:k141_77685_39 (length 497)
P002_WF01/P002_WF01:k141_77685_40 (length 477)
P002_WF01/P002_WF01:k141_77685_41 (length 487)
P002_WF01/P002_WF01:k141_77685_42 (length 36)
P002_WF01/P002_WF01:k141_77685_43 (length 216)
P002_WF01/P002_WF01:k141_77685_44 (length 229)
P002_WF01/P002_WF01:k141_77685_45 (length 320)
P002_WF01/P002_WF01:k141_77685_46 (length 40)
P002_WF01/P002_WF01:k141_77685_47 (length 39)
P002_WF01/P002_WF01:k141_77685_48 (length 83)
P002_WF01/P002_WF01:k141_77685_49 (length 44)
P002_WF01/P002_WF01:k141_77685_50 (length 69)
P002_WF01/P002_WF01:k141_77685_51 (length 56)
P002_WF01/P002_WF01:k141_77685_52 (length 101)
P002_WF01/P002_WF01:k141_77685_53 (length 126)
P002_WF01/P002_WF01:k141_77685_54 (length 73)
P002_WF01/P002_WF01:k141_77685_55 (length 104)
P002_WF01/P002_WF01:k141_77685_56 (length 508)
P002_WF01/P002_WF01:k141_77685_57 (length 79)
P002_WF01/P002_WF01:k141_77685_58 (length 56)
P002_WF01/P002_WF01:k141_77685_59 (length 162)
P002_WF01/P002_WF01:k141_77685_60 (length 174)
P002_WF01/P002_WF01:k141_77685_61 (length 335)
P002_WF01/P002_WF01:k141_77685_62 (length 136)
P002_WF01/P002_WF01:k141_77685_63 (length 117)
P002_WF01/P002_WF01:k141_77685_64 (length 77)
P002_WF01/P002_WF01:k141_77685_65 (length 134)
P002_WF01/P002_WF01:k141_77685_66 (length 122)
P002_WF01/P002_WF01:k141_77685_67 (length 119)
P002_WF01/P002_WF01:k141_77685_68 (length 218)
P002_WF01/P002_WF01:k141_77685_69 (length 157)
P002_WF01/P002_WF01:k141_77685_70 (length 92)
P002_WF01/P002_WF01:k141_77685_71 (length 200)
P002_WF01/P002_WF01:k141_77685_72 (length 133)
P002_WF01/P002_WF01:k141_77685_73 (length 93)
P002_WF01/P002_WF01:k141_77685_74 (length 2294)
P002_WF01/P002_WF01:k141_77685_75 (length 80)
P002_WF01/P002_WF01:k141_77685_76 (length 260)
P002_WF01/P002_WF01:k141_70540 (length 7097)
P002_WF01/P002_WF01:k141_70540_1 (length 155)
P002_WF01/P002_WF01:k141_70540_2 (length 246)
P002_WF01/P002_WF01:k141_70540_3 (length 204)
P002_WF01/P002_WF01:k141_70540_4 (length 131)
P002_WF01/P002_WF01:k141_70540_5 (length 103)
P002_WF01/P002_WF01:k141_70540_6 (length 203)
P002_WF01/P002_WF01:k141_147957 (length 6043)
P002_WF01/P002_WF01:k141_147957_1 (length 37)
P002_WF01/P002_WF01:k141_147957_2 (length 81)
P002_WF01/P002_WF01:k141_16424 (length 1107)
P002_WF01/P002_WF01:k141_117907 (length 56400)
P002_WF01/P002_WF01:k141_117907_1 (length 353)
P002_WF01/P002_WF01:k141_117907_2 (length 511)
P002_WF01/P002_WF01:k141_117907_3 (length 108)
P002_WF01/P002_WF01:k141_117907_4 (length 57)
P002_WF01/P002_WF01:k141_117907_5 (length 353)
P002_WF01/P002_WF01:k141_117907_6 (length 461)
P002_WF01/P002_WF01:k141_117907_7 (length 62)
P002_WF01/P002_WF01:k141_117907_8 (length 58)
P002_WF01/P002_WF01:k141_117907_9 (length 29)
P002_WF01/P002_WF01:k141_117907_10 (length 1076)
P002_WF01/P002_WF01:k141_117907_11 (length 682)
P002_WF01/P002_WF01:k141_117907_12 (length 1480)
P002_WF01/P002_WF01:k141_117907_13 (length 236)
P002_WF01/P002_WF01:k141_117907_14 (length 286)
P002_WF01/P002_WF01:k141_117907_15 (length 67)
P002_WF01/P002_WF01:k141_117907_16 (length 55)
P002_WF01/P002_WF01:k141_117907_17 (length 81)
P002_WF01/P002_WF01:k141_117907_18 (length 56)
P002_WF01/P002_WF01:k141_117907_19 (length 57)
P002_WF01/P002_WF01:k141_117907_20 (length 123)
P002_WF01/P002_WF01:k141_117907_21 (length 507)
P002_WF01/P002_WF01:k141_117907_22 (length 103)
P002_WF01/P002_WF01:k141_117907_23 (length 734)
P002_WF01/P002_WF01:k141_117907_24 (length 750)
P002_WF01/P002_WF01:k141_117907_25 (length 82)
P002_WF01/P002_WF01:k141_117907_26 (length 201)
P002_WF01/P002_WF01:k141_117907_27 (length 56)
P002_WF01/P002_WF01:k141_117907_28 (length 162)
P002_WF01/P002_WF01:k141_117907_29 (length 246)
P002_WF01/P002_WF01:k141_117907_30 (length 120)
P002_WF01/P002_WF01:k141_117907_31 (length 137)
P002_WF01/P002_WF01:k141_117907_32 (length 498)
P002_WF01/P002_WF01:k141_117907_33 (length 486)
P002_WF01/P002_WF01:k141_10263 (length 24804)
P002_WF01/P002_WF01:k141_10263_1 (length 149)
P002_WF01/P002_WF01:k141_10263_2 (length 239)
P002_WF01/P002_WF01:k141_10263_3 (length 53)
P002_WF01/P002_WF01:k141_10263_4 (length 120)
P002_WF01/P002_WF01:k141_10263_5 (length 123)
P002_WF01/P002_WF01:k141_10263_6 (length 136)
P002_WF01/P002_WF01:k141_10263_7 (length 107)
P002_WF01/P002_WF01:k141_10263_8 (length 143)
P002_WF01/P002_WF01:k141_10263_9 (length 339)
P002_WF01/P002_WF01:k141_10263_10 (length 174)
P002_WF01/P002_WF01:k141_10263_11 (length 73)
P002_WF01/P002_WF01:k141_10263_12 (length 232)
P002_WF01/P002_WF01:k141_10263_13 (length 59)
P002_WF01/P002_WF01:k141_10263_14 (length 118)
P002_WF01/P002_WF01:k141_10263_15 (length 508)
P002_WF01/P002_WF01:k141_10263_16 (length 216)
P002_WF01/P002_WF01:k141_10263_17 (length 119)
P002_WF01/P002_WF01:k141_10263_18 (length 169)
P002_WF01/P002_WF01:k141_10263_19 (length 66)
P002_WF01/P002_WF01:k141_10263_20 (length 42)
P002_WF01/P002_WF01:k141_10263_21 (length 31)
P002_WF01/P002_WF01:k141_10263_22 (length 83)
P002_WF01/P002_WF01:k141_10263_23 (length 50)
P002_WF01/P002_WF01:k141_10263_24 (length 47)
P002_WF01/P002_WF01:k141_10263_25 (length 320)
P002_WF01/P002_WF01:k141_10263_26 (length 230)
P002_WF01/P002_WF01:k141_10263_27 (length 185)
P002_WF01/P002_WF01:k141_149856 (length 5424)
P002_WF01/P002_WF01:k141_149856_1 (length 52)
P002_WF01/P002_WF01:k141_149856_2 (length 156)
P002_WF01/P002_WF01:k141_149856_3 (length 264)
P002_WF01/P002_WF01:k141_149856_4 (length 264)
P002_WF01/P002_WF01:k141_149856_5 (length 156)
P002_WF01/P002_WF01:k141_149856_6 (length 52)
P002_WF01/P002_WF01:k141_11554 (length 3228)
P002_WF01/P002_WF01:k141_11554_1 (length 74)
P002_WF01/P002_WF01:k141_11554_2 (length 92)
P002_WF01/P002_WF01:k141_11554_3 (length 121)
P002_WF01/P002_WF01:k141_43296 (length 1429)
P002_WF01/P002_WF01:k141_43296_1 (length 48)
P002_WF01/P002_WF01:k141_43296_2 (length 102)
P002_WF01/P002_WF01:k141_74479 (length 3115)
P002_WF01/P002_WF01:k141_74479_1 (length 37)
P002_WF01/P002_WF01:k141_74479_2 (length 74)
P002_WF01/P002_WF01:k141_44023 (length 2782)
P002_WF01/P002_WF01:k141_44023_1 (length 64)
P002_WF01/P002_WF01:k141_44023_2 (length 84)
P002_WF01/P002_WF01:k141_44127 (length 2864)
P002_WF01/P002_WF01:k141_44127_1 (length 39)
P002_WF01/P002_WF01:k141_44127_2 (length 65)
P002_WF01/P002_WF01:k141_99026 (length 12971)
P002_WF01/P002_WF01:k141_99026_1 (length 51)
P002_WF01/P002_WF01:k141_99026_2 (length 739)
P002_WF01/P002_WF01:k141_99026_3 (length 319)
P002_WF01/P002_WF01:k141_99026_4 (length 500)
P002_WF01/P002_WF01:k141_99026_5 (length 81)
P002_WF01/P002_WF01:k141_99026_6 (length 100)
P002_WF01/P002_WF01:k141_99026_7 (length 176)
P002_WF01/P002_WF01:k141_99026_8 (length 180)
P002_WF01/P002_WF01:k141_99026_9 (length 141)
P002_WF01/P002_WF01:k141_99026_10 (length 187)
P002_WF01/P002_WF01:k141_99026_11 (length 379)
P002_WF01/P002_WF01:k141_68513 (length 1596)
P002_WF01/P002_WF01:k141_68513_1 (length 51)
P002_WF01/P002_WF01:k141_68513_2 (length 51)
P002_WF01/P002_WF01:k141_68513_3 (length 62)
P002_WF01/P002_WF01:k141_68513_4 (length 94)
P002_WF01/P002_WF01:k141_138479 (length 18862)
P002_WF01/P002_WF01:k141_138479_1 (length 1567)
P002_WF01/P002_WF01:k141_138479_2 (length 92)
P002_WF01/P002_WF01:k141_138479_3 (length 411)
P002_WF01/P002_WF01:k141_138479_4 (length 188)
P002_WF01/P002_WF01:k141_138479_5 (length 156)
P002_WF01/P002_WF01:k141_138479_6 (length 163)
P002_WF01/P002_WF01:k141_138479_7 (length 176)
P002_WF01/P002_WF01:k141_138479_8 (length 100)
P002_WF01/P002_WF01:k141_138479_9 (length 81)
P002_WF01/P002_WF01:k141_138479_10 (length 506)
P002_WF01/P002_WF01:k141_138479_11 (length 322)
P002_WF01/P002_WF01:k141_138479_12 (length 743)
P002_WF01/P002_WF01:k141_84758 (length 3365)
P002_WF01/P002_WF01:k141_84758_1 (length 91)
P002_WF01/P002_WF01:k141_84758_2 (length 71)
P002_WF01/P002_WF01:k141_84758_3 (length 37)
P002_WF01/P002_WF01:k141_84758_4 (length 82)

FATAL: DiscRep_ALL:RRNA_NAME_CONFLICTS::5 rRNA product names are not standard. Correct the names to the standard format, eg "16S ribosomal RNA"
P002_WF01/P002_WF01:rRNA	23S ribosomal RNA (partial)	k141_93215:2-1360	P002_WF01_00001
P002_WF01/P002_WF01:rRNA	23S ribosomal RNA (partial)	k141_93215:1972-3253	P002_WF01_00002
P002_WF01/P002_WF01:rRNA	16S ribosomal RNA (partial)	k141_11554:1-655	P002_WF01_00196
P002_WF01/P002_WF01:rRNA	23S ribosomal RNA (partial)	k141_74479:1-988	P002_WF01_00202
P002_WF01/P002_WF01:rRNA	16S ribosomal RNA (partial)	k141_84758:1-655	P002_WF01_00242

DiscRep_ALL:DISC_INCONSISTENT_MOLINFO_TECH::Molinfo Technique Report (some missing, all same)
DiscRep_SUB:DISC_INCONSISTENT_MOLINFO_TECH::technique (all missing)
DiscRep_SUB:DISC_INCONSISTENT_MOLINFO_TECH::17 Molinfos are missing field technique
P002_WF01/P002_WF01:k141_10263 (length 24804)
P002_WF01/P002_WF01:k141_11554 (length 3228)
P002_WF01/P002_WF01:k141_16424 (length 1107)
P002_WF01/P002_WF01:k141_43296 (length 1429)
P002_WF01/P002_WF01:k141_44023 (length 2782)
P002_WF01/P002_WF01:k141_44127 (length 2864)
P002_WF01/P002_WF01:k141_68513 (length 1596)
P002_WF01/P002_WF01:k141_70540 (length 7097)
P002_WF01/P002_WF01:k141_74479 (length 3115)
P002_WF01/P002_WF01:k141_77685 (length 99112)
P002_WF01/P002_WF01:k141_84758 (length 3365)
P002_WF01/P002_WF01:k141_93215 (length 3256)
P002_WF01/P002_WF01:k141_99026 (length 12971)
P002_WF01/P002_WF01:k141_117907 (length 56400)
P002_WF01/P002_WF01:k141_138479 (length 18862)
P002_WF01/P002_WF01:k141_147957 (length 6043)
P002_WF01/P002_WF01:k141_149856 (length 5424)

