Discrepancy Report Results

Summary
FATAL: MISSING_PROTEIN_ID:94 proteins have invalid IDs.
DISC_SOURCE_QUALS_ASNDISC:strain (all present, all same)
DISC_SOURCE_QUALS_ASNDISC:taxname (all present, all same)
DISC_FEATURE_COUNT:CDS: 94 present
DISC_FEATURE_COUNT:tRNA: 23 present
DISC_FEATURE_COUNT:rRNA: 2 present
DISC_COUNT_NUCLEOTIDES:3 nucleotide Bioseqs are present
FEATURE_LOCATION_CONFLICT:119 features have inconsistent gene locations.
SUSPECT_PRODUCT_NAMES:2 product_names contain suspect phrase or characters
	May contain database identifier more appropriate in note; remove from product name
		2 features contains three or more numbers together that may be identifiers more appropriate in note
DISC_QUALITY_SCORES:Quality scores are missing on all sequences.
ONCALLER_COMMENT_PRESENT:3 comment descriptors were found (all same)
SHORT_PROT_SEQUENCES:13 protein sequences are shorter than 50 aa.
MISSING_GENOMEASSEMBLY_COMMENTS:3 bioseqs are missing GenomeAssembly structured comments
MOLTYPE_NOT_MRNA:3 molecule types are not set as mRNA.
TECHNIQUE_NOT_TSA:3 technique are not set as TSA
MISSING_STRUCTURED_COMMENT:3 sequences do not include structured comments.
MISSING_PROJECT:97 sequences do not include project.
DISC_INCONSISTENT_MOLINFO_TECH:Molinfo Technique Report (some missing, all same)


Detailed Report

FATAL: DiscRep_ALL:MISSING_PROTEIN_ID::94 proteins have invalid IDs.
P003_WC11/P003_WC11:k141_64077_1 (length 92)
P003_WC11/P003_WC11:k141_64077_2 (length 155)
P003_WC11/P003_WC11:k141_64077_3 (length 218)
P003_WC11/P003_WC11:k141_64077_4 (length 119)
P003_WC11/P003_WC11:k141_64077_5 (length 122)
P003_WC11/P003_WC11:k141_64077_6 (length 134)
P003_WC11/P003_WC11:k141_64077_7 (length 77)
P003_WC11/P003_WC11:k141_64077_8 (length 37)
P003_WC11/P003_WC11:k141_64077_9 (length 136)
P003_WC11/P003_WC11:k141_64077_10 (length 271)
P003_WC11/P003_WC11:k141_64077_11 (length 71)
P003_WC11/P003_WC11:k141_64077_12 (length 174)
P003_WC11/P003_WC11:k141_64077_13 (length 162)
P003_WC11/P003_WC11:k141_64077_14 (length 79)
P003_WC11/P003_WC11:k141_64077_15 (length 508)
P003_WC11/P003_WC11:k141_64077_16 (length 104)
P003_WC11/P003_WC11:k141_64077_17 (length 73)
P003_WC11/P003_WC11:k141_64077_18 (length 126)
P003_WC11/P003_WC11:k141_64077_19 (length 101)
P003_WC11/P003_WC11:k141_64077_20 (length 44)
P003_WC11/P003_WC11:k141_64077_21 (length 63)
P003_WC11/P003_WC11:k141_64077_22 (length 83)
P003_WC11/P003_WC11:k141_64077_23 (length 39)
P003_WC11/P003_WC11:k141_64077_24 (length 40)
P003_WC11/P003_WC11:k141_64077_25 (length 67)
P003_WC11/P003_WC11:k141_64077_26 (length 320)
P003_WC11/P003_WC11:k141_64077_27 (length 229)
P003_WC11/P003_WC11:k141_64077_28 (length 213)
P003_WC11/P003_WC11:k141_64077_29 (length 477)
P003_WC11/P003_WC11:k141_64077_30 (length 485)
P003_WC11/P003_WC11:k141_64077_31 (length 492)
P003_WC11/P003_WC11:k141_64077_32 (length 133)
P003_WC11/P003_WC11:k141_64077_33 (length 58)
P003_WC11/P003_WC11:k141_64077_34 (length 120)
P003_WC11/P003_WC11:k141_64077_35 (length 225)
P003_WC11/P003_WC11:k141_64077_36 (length 158)
P003_WC11/P003_WC11:k141_64077_37 (length 48)
P003_WC11/P003_WC11:k141_64077_38 (length 201)
P003_WC11/P003_WC11:k141_64077_39 (length 44)
P003_WC11/P003_WC11:k141_64077_40 (length 80)
P003_WC11/P003_WC11:k141_64077_41 (length 82)
P003_WC11/P003_WC11:k141_64077_42 (length 750)
P003_WC11/P003_WC11:k141_64077_43 (length 734)
P003_WC11/P003_WC11:k141_64077_44 (length 109)
P003_WC11/P003_WC11:k141_64077_45 (length 62)
P003_WC11/P003_WC11:k141_64077_46 (length 461)
P003_WC11/P003_WC11:k141_64077_47 (length 353)
P003_WC11/P003_WC11:k141_64077_48 (length 56)
P003_WC11/P003_WC11:k141_64077_49 (length 71)
P003_WC11/P003_WC11:k141_64077_50 (length 508)
P003_WC11/P003_WC11:k141_64077_51 (length 124)
P003_WC11/P003_WC11:k141_64077_52 (length 56)
P003_WC11/P003_WC11:k141_64077_53 (length 81)
P003_WC11/P003_WC11:k141_64077_54 (length 247)
P003_WC11/P003_WC11:k141_64077_55 (length 236)
P003_WC11/P003_WC11:k141_64077_56 (length 1377)
P003_WC11/P003_WC11:k141_64077_57 (length 498)
P003_WC11/P003_WC11:k141_64077_58 (length 152)
P003_WC11/P003_WC11:k141_64077_59 (length 1060)
P003_WC11/P003_WC11:k141_64077_60 (length 52)
P003_WC11/P003_WC11:k141_64077_61 (length 36)
P003_WC11/P003_WC11:k141_64077_62 (length 59)
P003_WC11/P003_WC11:k141_64077_63 (length 37)
P003_WC11/P003_WC11:k141_64077_64 (length 63)
P003_WC11/P003_WC11:k141_64077_65 (length 503)
P003_WC11/P003_WC11:k141_64077_66 (length 33)
P003_WC11/P003_WC11:k141_64077_67 (length 353)
P003_WC11/P003_WC11:k141_33122_1 (length 36)
P003_WC11/P003_WC11:k141_33122_2 (length 82)
P003_WC11/P003_WC11:k141_33122_3 (length 37)
P003_WC11/P003_WC11:k141_33122_4 (length 94)
P003_WC11/P003_WC11:k141_33122_5 (length 63)
P003_WC11/P003_WC11:k141_33122_6 (length 39)
P003_WC11/P003_WC11:k141_33122_7 (length 155)
P003_WC11/P003_WC11:k141_33122_8 (length 264)
P003_WC11/P003_WC11:k141_33122_9 (length 260)
P003_WC11/P003_WC11:k141_33122_10 (length 97)
P003_WC11/P003_WC11:k141_33122_11 (length 2123)
P003_WC11/P003_WC11:k141_33122_12 (length 93)
P003_WC11/P003_WC11:k141_33122_13 (length 133)
P003_WC11/P003_WC11:k141_33122_14 (length 200)
P003_WC11/P003_WC11:k141_90505_1 (length 741)
P003_WC11/P003_WC11:k141_90505_2 (length 38)
P003_WC11/P003_WC11:k141_90505_3 (length 322)
P003_WC11/P003_WC11:k141_90505_4 (length 522)
P003_WC11/P003_WC11:k141_90505_5 (length 81)
P003_WC11/P003_WC11:k141_90505_6 (length 101)
P003_WC11/P003_WC11:k141_90505_7 (length 186)
P003_WC11/P003_WC11:k141_90505_8 (length 186)
P003_WC11/P003_WC11:k141_90505_9 (length 156)
P003_WC11/P003_WC11:k141_90505_10 (length 188)
P003_WC11/P003_WC11:k141_90505_11 (length 411)
P003_WC11/P003_WC11:k141_90505_12 (length 92)
P003_WC11/P003_WC11:k141_90505_13 (length 1518)

DiscRep_ALL:DISC_SOURCE_QUALS_ASNDISC::strain (all present, all same)
DiscRep_SUB:DISC_SOURCE_QUALS_ASNDISC::3 sources have 'strain' for strain
DiscRep_ALL:DISC_SOURCE_QUALS_ASNDISC::taxname (all present, all same)
DiscRep_SUB:DISC_SOURCE_QUALS_ASNDISC::3 sources have 'Genus species' for taxname
DiscRep_ALL:DISC_FEATURE_COUNT::CDS: 94 present
DiscRep_ALL:DISC_FEATURE_COUNT::tRNA: 23 present
DiscRep_ALL:DISC_FEATURE_COUNT::rRNA: 2 present
DiscRep_ALL:DISC_COUNT_NUCLEOTIDES::3 nucleotide Bioseqs are present
P003_WC11/P003_WC11:k141_64077 (length 82591)
P003_WC11/P003_WC11:k141_33122 (length 24135)
P003_WC11/P003_WC11:k141_90505 (length 18381)

DiscRep_ALL:FEATURE_LOCATION_CONFLICT::119 features have inconsistent gene locations.
DiscRep_SUB:FEATURE_LOCATION_CONFLICT::Coding region xref gene does not exist
P003_WC11/P003_WC11:CDS	ribosomal protein S19	k141_64077:76-354	P003_WC11_00001

DiscRep_SUB:FEATURE_LOCATION_CONFLICT::Coding region xref gene does not exist
P003_WC11/P003_WC11:CDS	ribosomal protein L22	k141_64077:461-928	P003_WC11_00002

DiscRep_SUB:FEATURE_LOCATION_CONFLICT::Coding region xref gene does not exist
P003_WC11/P003_WC11:CDS	ribosomal protein S3	k141_64077:913-1569	P003_WC11_00003

DiscRep_SUB:FEATURE_LOCATION_CONFLICT::Coding region xref gene does not exist
P003_WC11/P003_WC11:CDS	ribosomal protein L16	k141_64077:2777-3136	P003_WC11_00004

DiscRep_SUB:FEATURE_LOCATION_CONFLICT::Coding region xref gene does not exist
P003_WC11/P003_WC11:CDS	ribosomal protein L14	k141_64077:3261-3629	P003_WC11_00005

DiscRep_SUB:FEATURE_LOCATION_CONFLICT::Coding region xref gene does not exist
P003_WC11/P003_WC11:CDS	ribosomal protein S8	k141_64077:3819-4223	P003_WC11_00006

DiscRep_SUB:FEATURE_LOCATION_CONFLICT::Coding region xref gene does not exist
P003_WC11/P003_WC11:CDS	translational initiation factor 1	k141_64077:4342-4575	P003_WC11_00007

DiscRep_SUB:FEATURE_LOCATION_CONFLICT::Coding region xref gene does not exist
P003_WC11/P003_WC11:CDS	ribosomal protein L36	k141_64077:4682-4795	P003_WC11_00008

DiscRep_SUB:FEATURE_LOCATION_CONFLICT::Coding region xref gene does not exist
P003_WC11/P003_WC11:CDS	ribosomal protein S11	k141_64077:4887-5297	P003_WC11_00009

DiscRep_SUB:FEATURE_LOCATION_CONFLICT::Coding region xref gene does not exist
P003_WC11/P003_WC11:CDS	RNA polymerase alpha subunit	k141_64077:5382-6197	P003_WC11_00010

DiscRep_SUB:FEATURE_LOCATION_CONFLICT::Coding region xref gene does not exist
P003_WC11/P003_WC11:CDS	DNA-directed RNA polymerase subunit alpha	k141_64077:6172-6387	P003_WC11_00011

DiscRep_SUB:FEATURE_LOCATION_CONFLICT::Coding region xref gene does not exist
P003_WC11/P003_WC11:CDS	cytochrome b6/f complex subunit IV	k141_64077:c7121-6597	P003_WC11_00012

DiscRep_SUB:FEATURE_LOCATION_CONFLICT::Coding region xref gene does not exist
P003_WC11/P003_WC11:CDS	cytochrome b6	k141_64077:c8431-7943	P003_WC11_00013

DiscRep_SUB:FEATURE_LOCATION_CONFLICT::Coding region xref gene does not exist
P003_WC11/P003_WC11:CDS	photosystem II phosphoprotein	k141_64077:c9728-9489	P003_WC11_00014

DiscRep_SUB:FEATURE_LOCATION_CONFLICT::Coding region xref gene does not exist
P003_WC11/P003_WC11:CDS	photosystem II CP47 chlorophyll apoprotein	k141_64077:c11834-10308	P003_WC11_00015

DiscRep_SUB:FEATURE_LOCATION_CONFLICT::Coding region xref gene does not exist
P003_WC11/P003_WC11:CDS	ATP-dependent Clp protease proteolytic subunit	k141_64077:13228-13542	P003_WC11_00016

DiscRep_SUB:FEATURE_LOCATION_CONFLICT::Coding region xref gene does not exist
P003_WC11/P003_WC11:CDS	ATP-dependent Clp protease proteolytic subunit	k141_64077:14144-14365	P003_WC11_00017

DiscRep_SUB:FEATURE_LOCATION_CONFLICT::Coding region xref gene does not exist
P003_WC11/P003_WC11:CDS	ribosomal protein L20	k141_64077:15354-15734	P003_WC11_00018

DiscRep_SUB:FEATURE_LOCATION_CONFLICT::Coding region xref gene does not exist
P003_WC11/P003_WC11:CDS	ribosomal protein S18	k141_64077:c16313-16008	P003_WC11_00019

DiscRep_SUB:FEATURE_LOCATION_CONFLICT::Coding region xref gene does not exist
P003_WC11/P003_WC11:CDS	photosystem I subunit IX	k141_64077:c17254-17120	P003_WC11_00020

DiscRep_SUB:FEATURE_LOCATION_CONFLICT::Coding region xref gene does not exist
P003_WC11/P003_WC11:CDS	hypothetical protein	k141_64077:c18593-18402	P003_WC11_00023

DiscRep_SUB:FEATURE_LOCATION_CONFLICT::Coding region xref gene does not exist
P003_WC11/P003_WC11:CDS	photosystem II cytochrome b559 alpha subunit	k141_64077:19456-19707	P003_WC11_00024

DiscRep_SUB:FEATURE_LOCATION_CONFLICT::Coding region xref gene does not exist
P003_WC11/P003_WC11:CDS	photosystem II cytochrome b559 beta subunit	k141_64077:19717-19836	P003_WC11_00025

DiscRep_SUB:FEATURE_LOCATION_CONFLICT::Coding region xref gene does not exist
P003_WC11/P003_WC11:CDS	photosystem II protein J	k141_64077:20124-20246	P003_WC11_00026

DiscRep_SUB:FEATURE_LOCATION_CONFLICT::Coding region xref gene does not exist
P003_WC11/P003_WC11:CDS	hypothetical protein	k141_64077:c20593-20390	P003_WC11_00027

DiscRep_SUB:FEATURE_LOCATION_CONFLICT::Coding region xref gene does not exist
P003_WC11/P003_WC11:CDS	cytochrome f	k141_64077:c21981-21019	P003_WC11_00028

DiscRep_SUB:FEATURE_LOCATION_CONFLICT::Coding region xref gene does not exist
P003_WC11/P003_WC11:CDS	envelope membrane protein	k141_64077:c22912-22223	P003_WC11_00029

DiscRep_SUB:FEATURE_LOCATION_CONFLICT::Coding region xref gene does not exist
P003_WC11/P003_WC11:CDS	photosystem I assembly protein Ycf4	k141_64077:c23799-23158	P003_WC11_00030

DiscRep_SUB:FEATURE_LOCATION_CONFLICT::Coding region xref gene does not exist
P003_WC11/P003_WC11:CDS	Acetyl-coenzyme A carboxylase carboxyl transferase subunit beta, chloroplastic	k141_64077:c26105-24672	P003_WC11_00031

DiscRep_SUB:FEATURE_LOCATION_CONFLICT::Coding region xref gene does not exist
P003_WC11/P003_WC11:CDS	ribulose-1,5-bisphosphate carboxylase/oxygenase large subunit	k141_64077:c28032-26575	P003_WC11_00032

DiscRep_SUB:FEATURE_LOCATION_CONFLICT::Coding region xref gene does not exist
P003_WC11/P003_WC11:CDS	ATP synthase CF1 beta subunit	k141_64077:28780-30258	P003_WC11_00033

DiscRep_SUB:FEATURE_LOCATION_CONFLICT::Coding region xref gene does not exist
P003_WC11/P003_WC11:CDS	ATP synthase CF1 epsilon subunit	k141_64077:30255-30656	P003_WC11_00034

DiscRep_SUB:FEATURE_LOCATION_CONFLICT::Coding region xref gene does not exist
P003_WC11/P003_WC11:CDS	hypothetical protein	k141_64077:c31991-31815	P003_WC11_00036

DiscRep_SUB:FEATURE_LOCATION_CONFLICT::Coding region xref gene does not exist
P003_WC11/P003_WC11:CDS	NADH-plastoquinone oxidoreductase subunit 3	k141_64077:32850-33212	P003_WC11_00037

DiscRep_SUB:FEATURE_LOCATION_CONFLICT::Coding region xref gene does not exist
P003_WC11/P003_WC11:CDS	NADH-plastoquinone oxidoreductase subunit K	k141_64077:33265-33942	P003_WC11_00038

DiscRep_SUB:FEATURE_LOCATION_CONFLICT::Coding region xref gene does not exist
P003_WC11/P003_WC11:CDS	NADH-plastoquinone oxidoreductase subunit J	k141_64077:34045-34521	P003_WC11_00039

DiscRep_SUB:FEATURE_LOCATION_CONFLICT::Coding region xref gene does not exist
P003_WC11/P003_WC11:CDS	hypothetical protein	k141_64077:c36149-36003	P003_WC11_00041

DiscRep_SUB:FEATURE_LOCATION_CONFLICT::Coding region xref gene does not exist
P003_WC11/P003_WC11:CDS	ribosomal protein S4	k141_64077:37065-37670	P003_WC11_00043

DiscRep_SUB:FEATURE_LOCATION_CONFLICT::Coding region xref gene does not exist
P003_WC11/P003_WC11:CDS	putative chloroplast RF34	k141_64077:38939-39073	P003_WC11_00045

DiscRep_SUB:FEATURE_LOCATION_CONFLICT::Coding region xref gene does not exist
P003_WC11/P003_WC11:CDS	hypothetical protein	k141_64077:c39464-39222	P003_WC11_00046

DiscRep_SUB:FEATURE_LOCATION_CONFLICT::Coding region xref gene does not exist
P003_WC11/P003_WC11:CDS	putative chloroplast RF34	k141_64077:39768-40016	P003_WC11_00047

DiscRep_SUB:FEATURE_LOCATION_CONFLICT::Coding region xref gene does not exist
P003_WC11/P003_WC11:CDS	photosystem I P700 apoprotein A1	k141_64077:41560-43812	P003_WC11_00048

DiscRep_SUB:FEATURE_LOCATION_CONFLICT::Coding region xref gene does not exist
P003_WC11/P003_WC11:CDS	photosystem I P700 apoprotein A2	k141_64077:43838-46042	P003_WC11_00049

DiscRep_SUB:FEATURE_LOCATION_CONFLICT::Coding region xref gene does not exist
P003_WC11/P003_WC11:CDS	ribosomal protein S14	k141_64077:46149-46478	P003_WC11_00050

DiscRep_SUB:FEATURE_LOCATION_CONFLICT::Coding region xref gene does not exist
P003_WC11/P003_WC11:CDS	photosystem II protein Z	k141_64077:c47455-47267	P003_WC11_00053

DiscRep_SUB:FEATURE_LOCATION_CONFLICT::Coding region xref gene does not exist
P003_WC11/P003_WC11:CDS	photosystem II CP43 chlorophyll apoprotein	k141_64077:c49477-48092	P003_WC11_00055

DiscRep_SUB:FEATURE_LOCATION_CONFLICT::Coding region xref gene does not exist
P003_WC11/P003_WC11:CDS	photosystem II protein D2	k141_64077:c50522-49461	P003_WC11_00056

DiscRep_SUB:FEATURE_LOCATION_CONFLICT::Coding region xref gene does not exist
P003_WC11/P003_WC11:CDS	hypothetical protein	k141_64077:51043-51213	P003_WC11_00057

DiscRep_SUB:FEATURE_LOCATION_CONFLICT::Coding region xref gene does not exist
P003_WC11/P003_WC11:CDS	hypothetical protein	k141_64077:51292-51507	P003_WC11_00058

DiscRep_SUB:FEATURE_LOCATION_CONFLICT::Coding region xref gene does not exist
P003_WC11/P003_WC11:CDS	ATP synthase CF1 alpha subunit	k141_64077:c54661-53135	P003_WC11_00060

DiscRep_SUB:FEATURE_LOCATION_CONFLICT::Coding region xref gene does not exist
P003_WC11/P003_WC11:CDS	ATP synthase CF0 subunit I	k141_64077:c55107-54733	P003_WC11_00061

DiscRep_SUB:FEATURE_LOCATION_CONFLICT::Coding region xref gene does not exist
P003_WC11/P003_WC11:CDS	ATP synthase CF0 subunit I	k141_64077:c55978-55808	P003_WC11_00062

DiscRep_SUB:FEATURE_LOCATION_CONFLICT::Coding region xref gene does not exist
P003_WC11/P003_WC11:CDS	ATP synthase CF0 subunit III	k141_64077:c56576-56331	P003_WC11_00063

DiscRep_SUB:FEATURE_LOCATION_CONFLICT::Coding region xref gene does not exist
P003_WC11/P003_WC11:CDS	ATP synthase CF0 subunit IV	k141_64077:c58461-57718	P003_WC11_00064

DiscRep_SUB:FEATURE_LOCATION_CONFLICT::Coding region xref gene does not exist
P003_WC11/P003_WC11:CDS	ribosomal protein S2	k141_64077:c59387-58677	P003_WC11_00065

DiscRep_SUB:FEATURE_LOCATION_CONFLICT::Coding region xref gene does not exist
P003_WC11/P003_WC11:CDS	RNA polymerase beta'' subunit	k141_64077:c63756-59623	P003_WC11_00066

DiscRep_SUB:FEATURE_LOCATION_CONFLICT::Coding region xref gene does not exist
P003_WC11/P003_WC11:CDS	RNA polymerase beta' subunit	k141_64077:c65372-63876	P003_WC11_00067

DiscRep_SUB:FEATURE_LOCATION_CONFLICT::Coding region xref gene does not exist
P003_WC11/P003_WC11:CDS	RNA polymerase beta' subunit	k141_64077:c66698-66240	P003_WC11_00068

DiscRep_SUB:FEATURE_LOCATION_CONFLICT::Coding region xref gene does not exist
P003_WC11/P003_WC11:CDS	RNA polymerase beta subunit	k141_64077:c69886-66704	P003_WC11_00069

DiscRep_SUB:FEATURE_LOCATION_CONFLICT::Coding region xref gene does not exist
P003_WC11/P003_WC11:CDS	Photosystem II reaction center protein M	k141_64077:71911-72069	P003_WC11_00073

DiscRep_SUB:FEATURE_LOCATION_CONFLICT::Coding region xref gene does not exist
P003_WC11/P003_WC11:CDS	Photosystem II reaction center protein I	k141_64077:c74391-74281	P003_WC11_00076

DiscRep_SUB:FEATURE_LOCATION_CONFLICT::Coding region xref gene does not exist
P003_WC11/P003_WC11:CDS	photosystem II protein K	k141_64077:c74964-74785	P003_WC11_00077

DiscRep_SUB:FEATURE_LOCATION_CONFLICT::Coding region xref gene does not exist
P003_WC11/P003_WC11:CDS	hypothetical protein	k141_64077:c75697-75584	P003_WC11_00079

DiscRep_SUB:FEATURE_LOCATION_CONFLICT::Coding region xref gene does not exist
P003_WC11/P003_WC11:CDS	hypothetical protein	k141_64077:77721-77912	P003_WC11_00080

DiscRep_SUB:FEATURE_LOCATION_CONFLICT::Coding region xref gene does not exist
P003_WC11/P003_WC11:CDS	maturase K	k141_64077:78938-80449	P003_WC11_00081

DiscRep_SUB:FEATURE_LOCATION_CONFLICT::Coding region xref gene does not exist
P003_WC11/P003_WC11:CDS	hypothetical protein	k141_64077:80619-80720	P003_WC11_00082

DiscRep_SUB:FEATURE_LOCATION_CONFLICT::Coding region xref gene does not exist
P003_WC11/P003_WC11:CDS	photosystem II protein D1	k141_64077:80951-82012	P003_WC11_00083

DiscRep_SUB:FEATURE_LOCATION_CONFLICT::RNA feature xref gene does not exist
P003_WC11/P003_WC11:tRNA	Pro	k141_64077:17563-17638	P003_WC11_00021

DiscRep_SUB:FEATURE_LOCATION_CONFLICT::RNA feature xref gene does not exist
P003_WC11/P003_WC11:tRNA	Trp	k141_64077:17797-17870	P003_WC11_00022

DiscRep_SUB:FEATURE_LOCATION_CONFLICT::RNA feature xref gene does not exist
P003_WC11/P003_WC11:tRNA	Met	k141_64077:c30927-30855	P003_WC11_00035

DiscRep_SUB:FEATURE_LOCATION_CONFLICT::RNA feature xref gene does not exist
P003_WC11/P003_WC11:tRNA	Phe	k141_64077:c35273-35200	P003_WC11_00040

DiscRep_SUB:FEATURE_LOCATION_CONFLICT::RNA feature xref gene does not exist
P003_WC11/P003_WC11:tRNA	Thr	k141_64077:36637-36711	P003_WC11_00042

DiscRep_SUB:FEATURE_LOCATION_CONFLICT::RNA feature xref gene does not exist
P003_WC11/P003_WC11:tRNA	Ser	k141_64077:c38086-37998	P003_WC11_00044

DiscRep_SUB:FEATURE_LOCATION_CONFLICT::RNA feature xref gene does not exist
P003_WC11/P003_WC11:tRNA	Met	k141_64077:46633-46706	P003_WC11_00051

DiscRep_SUB:FEATURE_LOCATION_CONFLICT::RNA feature xref gene does not exist
P003_WC11/P003_WC11:tRNA	Gly	k141_64077:c46945-46874	P003_WC11_00052

DiscRep_SUB:FEATURE_LOCATION_CONFLICT::RNA feature xref gene does not exist
P003_WC11/P003_WC11:tRNA	Ser	k141_64077:47801-47883	P003_WC11_00054

DiscRep_SUB:FEATURE_LOCATION_CONFLICT::RNA feature xref gene does not exist
P003_WC11/P003_WC11:tRNA	Arg	k141_64077:52937-53008	P003_WC11_00059

DiscRep_SUB:FEATURE_LOCATION_CONFLICT::RNA feature xref gene does not exist
P003_WC11/P003_WC11:tRNA	Glu	k141_64077:70749-70820	P003_WC11_00070

DiscRep_SUB:FEATURE_LOCATION_CONFLICT::RNA feature xref gene does not exist
P003_WC11/P003_WC11:tRNA	Tyr	k141_64077:71018-71104	P003_WC11_00071

DiscRep_SUB:FEATURE_LOCATION_CONFLICT::RNA feature xref gene does not exist
P003_WC11/P003_WC11:tRNA	Asp	k141_64077:71224-71300	P003_WC11_00072

DiscRep_SUB:FEATURE_LOCATION_CONFLICT::RNA feature xref gene does not exist
P003_WC11/P003_WC11:tRNA	Cys	k141_64077:c73318-73247	P003_WC11_00074

DiscRep_SUB:FEATURE_LOCATION_CONFLICT::RNA feature xref gene does not exist
P003_WC11/P003_WC11:tRNA	Ser	k141_64077:74060-74147	P003_WC11_00075

DiscRep_SUB:FEATURE_LOCATION_CONFLICT::RNA feature xref gene does not exist
P003_WC11/P003_WC11:tRNA	Gln	k141_64077:75324-75395	P003_WC11_00078

DiscRep_SUB:FEATURE_LOCATION_CONFLICT::RNA feature xref gene does not exist
P003_WC11/P003_WC11:tRNA	His	k141_64077:82375-82449	P003_WC11_00084

DiscRep_SUB:FEATURE_LOCATION_CONFLICT::Coding region xref gene does not exist
P003_WC11/P003_WC11:CDS	hypothetical protein	k141_33122:1179-1289	P003_WC11_00086

DiscRep_SUB:FEATURE_LOCATION_CONFLICT::Coding region xref gene does not exist
P003_WC11/P003_WC11:CDS	hypothetical protein	k141_33122:c5933-5685	P003_WC11_00089

DiscRep_SUB:FEATURE_LOCATION_CONFLICT::Coding region xref gene does not exist
P003_WC11/P003_WC11:CDS	hypothetical protein	k141_33122:c6025-5912	P003_WC11_00090

DiscRep_SUB:FEATURE_LOCATION_CONFLICT::Coding region xref gene does not exist
P003_WC11/P003_WC11:CDS	hypothetical protein	k141_33122:6958-7242	P003_WC11_00091

DiscRep_SUB:FEATURE_LOCATION_CONFLICT::Coding region xref gene does not exist
P003_WC11/P003_WC11:CDS	hypothetical protein	k141_33122:9860-10051	P003_WC11_00094

DiscRep_SUB:FEATURE_LOCATION_CONFLICT::Coding region xref gene does not exist
P003_WC11/P003_WC11:CDS	hypothetical protein	k141_33122:c10280-10161	P003_WC11_00095

DiscRep_SUB:FEATURE_LOCATION_CONFLICT::Coding region xref gene does not exist
P003_WC11/P003_WC11:CDS	ribosomal protein S7	k141_33122:11507-11974	P003_WC11_00096

DiscRep_SUB:FEATURE_LOCATION_CONFLICT::Coding region xref gene does not exist
P003_WC11/P003_WC11:CDS	NADH-plastoquinone oxidoreductase subunit 2	k141_33122:12270-13064	P003_WC11_00097

DiscRep_SUB:FEATURE_LOCATION_CONFLICT::Coding region xref gene does not exist
P003_WC11/P003_WC11:CDS	NADH-plastoquinone oxidoreductase subunit 2	k141_33122:13690-14472	P003_WC11_00098

DiscRep_SUB:FEATURE_LOCATION_CONFLICT::Coding region xref gene does not exist
P003_WC11/P003_WC11:CDS	hypothetical protein	k141_33122:15336-15629	P003_WC11_00100

DiscRep_SUB:FEATURE_LOCATION_CONFLICT::Coding region xref gene does not exist
P003_WC11/P003_WC11:CDS	hypothetical protein	k141_33122:c21875-15504	P003_WC11_00101

DiscRep_SUB:FEATURE_LOCATION_CONFLICT::Coding region xref gene does not exist
P003_WC11/P003_WC11:CDS	ribosomal protein L23	k141_33122:22226-22507	P003_WC11_00103

DiscRep_SUB:FEATURE_LOCATION_CONFLICT::Coding region xref gene does not exist
P003_WC11/P003_WC11:CDS	ribosomal protein L2	k141_33122:22526-22927	P003_WC11_00104

DiscRep_SUB:FEATURE_LOCATION_CONFLICT::Coding region xref gene does not exist
P003_WC11/P003_WC11:CDS	hypothetical protein	k141_33122:c23924-23322	P003_WC11_00105

DiscRep_SUB:FEATURE_LOCATION_CONFLICT::RNA feature xref gene does not exist
P003_WC11/P003_WC11:tRNA	Asn	k141_33122:904-977	P003_WC11_00085

DiscRep_SUB:FEATURE_LOCATION_CONFLICT::RNA feature xref gene does not exist
P003_WC11/P003_WC11:tRNA	Arg	k141_33122:c1523-1449	P003_WC11_00087

DiscRep_SUB:FEATURE_LOCATION_CONFLICT::RNA feature xref gene does not exist
P003_WC11/P003_WC11:rRNA	23S ribosomal RNA	k141_33122:c5138-2135	P003_WC11_00088

DiscRep_SUB:FEATURE_LOCATION_CONFLICT::RNA feature xref gene does not exist
P003_WC11/P003_WC11:rRNA	16S ribosomal RNA	k141_33122:c8873-7387	P003_WC11_00092

DiscRep_SUB:FEATURE_LOCATION_CONFLICT::RNA feature xref gene does not exist
P003_WC11/P003_WC11:tRNA	Val	k141_33122:c9175-9104	P003_WC11_00093

DiscRep_SUB:FEATURE_LOCATION_CONFLICT::RNA feature xref gene does not exist
P003_WC11/P003_WC11:tRNA	Leu	k141_33122:15034-15116	P003_WC11_00099

DiscRep_SUB:FEATURE_LOCATION_CONFLICT::RNA feature xref gene does not exist
P003_WC11/P003_WC11:tRNA	Met	k141_33122:21987-22061	P003_WC11_00102

DiscRep_SUB:FEATURE_LOCATION_CONFLICT::Coding region xref gene does not exist
P003_WC11/P003_WC11:CDS	NADH-plastoquinone oxidoreductase subunit 5	k141_90505:c2401-176	P003_WC11_00106

DiscRep_SUB:FEATURE_LOCATION_CONFLICT::Coding region xref gene does not exist
P003_WC11/P003_WC11:CDS	hypothetical protein	k141_90505:c2697-2581	P003_WC11_00107

DiscRep_SUB:FEATURE_LOCATION_CONFLICT::Coding region xref gene does not exist
P003_WC11/P003_WC11:CDS	cytochrome c heme attachment protein	k141_90505:4438-5406	P003_WC11_00109

DiscRep_SUB:FEATURE_LOCATION_CONFLICT::Coding region xref gene does not exist
P003_WC11/P003_WC11:CDS	NADH-plastoquinone oxidoreductase subunit 4	k141_90505:c7175-5607	P003_WC11_00110

DiscRep_SUB:FEATURE_LOCATION_CONFLICT::Coding region xref gene does not exist
P003_WC11/P003_WC11:CDS	photosystem I subunit VII	k141_90505:c7472-7227	P003_WC11_00111

DiscRep_SUB:FEATURE_LOCATION_CONFLICT::Coding region xref gene does not exist
P003_WC11/P003_WC11:CDS	NADH-plastoquinone oxidoreductase subunit 4L	k141_90505:c8011-7706	P003_WC11_00112

DiscRep_SUB:FEATURE_LOCATION_CONFLICT::Coding region xref gene does not exist
P003_WC11/P003_WC11:CDS	NADH-plastoquinone oxidoreductase subunit 6	k141_90505:c8773-8213	P003_WC11_00113

DiscRep_SUB:FEATURE_LOCATION_CONFLICT::Coding region xref gene does not exist
P003_WC11/P003_WC11:CDS	NADH-plastoquinone oxidoreductase subunit I	k141_90505:c9670-9110	P003_WC11_00114

DiscRep_SUB:FEATURE_LOCATION_CONFLICT::Coding region xref gene does not exist
P003_WC11/P003_WC11:CDS	NADH-plastoquinone oxidoreductase subunit 1	k141_90505:c10157-9687	P003_WC11_00115

DiscRep_SUB:FEATURE_LOCATION_CONFLICT::Coding region xref gene does not exist
P003_WC11/P003_WC11:CDS	NADH-plastoquinone oxidoreductase subunit 1	k141_90505:c11854-11288	P003_WC11_00116

DiscRep_SUB:FEATURE_LOCATION_CONFLICT::Coding region xref gene does not exist
P003_WC11/P003_WC11:CDS	NADH-plastoquinone oxidoreductase subunit 7	k141_90505:c13091-11856	P003_WC11_00117

DiscRep_SUB:FEATURE_LOCATION_CONFLICT::Coding region xref gene does not exist
P003_WC11/P003_WC11:CDS	ribosomal protein S15	k141_90505:c13407-13129	P003_WC11_00118

DiscRep_SUB:FEATURE_LOCATION_CONFLICT::Coding region xref gene does not exist
P003_WC11/P003_WC11:CDS	hypothetical protein	k141_90505:c18376-13820	P003_WC11_00119

DiscRep_SUB:FEATURE_LOCATION_CONFLICT::RNA feature xref gene does not exist
P003_WC11/P003_WC11:tRNA	Leu	k141_90505:4246-4325	P003_WC11_00108

DiscRep_ALL:SUSPECT_PRODUCT_NAMES::2 product_names contain suspect phrase or characters
DiscRep_SUB:SUSPECT_PRODUCT_NAMES::May contain database identifier more appropriate in note; remove from product name
DiscRep_SUB:SUSPECT_PRODUCT_NAMES::2 features contains three or more numbers together that may be identifiers more appropriate in note
P003_WC11/P003_WC11:CDS	photosystem I P700 apoprotein A1	k141_64077:41560-43812	P003_WC11_00048
P003_WC11/P003_WC11:CDS	photosystem I P700 apoprotein A2	k141_64077:43838-46042	P003_WC11_00049

DiscRep_ALL:DISC_QUALITY_SCORES::Quality scores are missing on all sequences.

DiscRep_ALL:ONCALLER_COMMENT_PRESENT::3 comment descriptors were found (all same)
P003_WC11/P003_WC11:k141_64077:Annotated using prokka 1.14.5 from https://github.com/tseemann/prokka
P003_WC11/P003_WC11:k141_33122:Annotated using prokka 1.14.5 from https://github.com/tseemann/prokka
P003_WC11/P003_WC11:k141_90505:Annotated using prokka 1.14.5 from https://github.com/tseemann/prokka

DiscRep_ALL:SHORT_PROT_SEQUENCES::13 protein sequences are shorter than 50 aa.
P003_WC11/P003_WC11:k141_64077_8 (length 37)
P003_WC11/P003_WC11:k141_64077_20 (length 44)
P003_WC11/P003_WC11:k141_64077_23 (length 39)
P003_WC11/P003_WC11:k141_64077_24 (length 40)
P003_WC11/P003_WC11:k141_64077_37 (length 48)
P003_WC11/P003_WC11:k141_64077_39 (length 44)
P003_WC11/P003_WC11:k141_64077_61 (length 36)
P003_WC11/P003_WC11:k141_64077_63 (length 37)
P003_WC11/P003_WC11:k141_64077_66 (length 33)
P003_WC11/P003_WC11:k141_33122_1 (length 36)
P003_WC11/P003_WC11:k141_33122_3 (length 37)
P003_WC11/P003_WC11:k141_33122_6 (length 39)
P003_WC11/P003_WC11:k141_90505_2 (length 38)

DiscRep_ALL:MISSING_GENOMEASSEMBLY_COMMENTS::3 bioseqs are missing GenomeAssembly structured comments
P003_WC11/P003_WC11:k141_64077 (length 82591)
P003_WC11/P003_WC11:k141_33122 (length 24135)
P003_WC11/P003_WC11:k141_90505 (length 18381)

DiscRep_ALL:MOLTYPE_NOT_MRNA::3 molecule types are not set as mRNA.
P003_WC11/P003_WC11:k141_64077 (length 82591)
P003_WC11/P003_WC11:k141_33122 (length 24135)
P003_WC11/P003_WC11:k141_90505 (length 18381)

DiscRep_ALL:TECHNIQUE_NOT_TSA::3 technique are not set as TSA
P003_WC11/P003_WC11:k141_64077 (length 82591)
P003_WC11/P003_WC11:k141_33122 (length 24135)
P003_WC11/P003_WC11:k141_90505 (length 18381)

DiscRep_ALL:MISSING_STRUCTURED_COMMENT::3 sequences do not include structured comments.
P003_WC11/P003_WC11:k141_64077 (length 82591)
P003_WC11/P003_WC11:k141_33122 (length 24135)
P003_WC11/P003_WC11:k141_90505 (length 18381)

DiscRep_ALL:MISSING_PROJECT::97 sequences do not include project.
P003_WC11/P003_WC11:k141_64077 (length 82591)
P003_WC11/P003_WC11:k141_64077_1 (length 92)
P003_WC11/P003_WC11:k141_64077_2 (length 155)
P003_WC11/P003_WC11:k141_64077_3 (length 218)
P003_WC11/P003_WC11:k141_64077_4 (length 119)
P003_WC11/P003_WC11:k141_64077_5 (length 122)
P003_WC11/P003_WC11:k141_64077_6 (length 134)
P003_WC11/P003_WC11:k141_64077_7 (length 77)
P003_WC11/P003_WC11:k141_64077_8 (length 37)
P003_WC11/P003_WC11:k141_64077_9 (length 136)
P003_WC11/P003_WC11:k141_64077_10 (length 271)
P003_WC11/P003_WC11:k141_64077_11 (length 71)
P003_WC11/P003_WC11:k141_64077_12 (length 174)
P003_WC11/P003_WC11:k141_64077_13 (length 162)
P003_WC11/P003_WC11:k141_64077_14 (length 79)
P003_WC11/P003_WC11:k141_64077_15 (length 508)
P003_WC11/P003_WC11:k141_64077_16 (length 104)
P003_WC11/P003_WC11:k141_64077_17 (length 73)
P003_WC11/P003_WC11:k141_64077_18 (length 126)
P003_WC11/P003_WC11:k141_64077_19 (length 101)
P003_WC11/P003_WC11:k141_64077_20 (length 44)
P003_WC11/P003_WC11:k141_64077_21 (length 63)
P003_WC11/P003_WC11:k141_64077_22 (length 83)
P003_WC11/P003_WC11:k141_64077_23 (length 39)
P003_WC11/P003_WC11:k141_64077_24 (length 40)
P003_WC11/P003_WC11:k141_64077_25 (length 67)
P003_WC11/P003_WC11:k141_64077_26 (length 320)
P003_WC11/P003_WC11:k141_64077_27 (length 229)
P003_WC11/P003_WC11:k141_64077_28 (length 213)
P003_WC11/P003_WC11:k141_64077_29 (length 477)
P003_WC11/P003_WC11:k141_64077_30 (length 485)
P003_WC11/P003_WC11:k141_64077_31 (length 492)
P003_WC11/P003_WC11:k141_64077_32 (length 133)
P003_WC11/P003_WC11:k141_64077_33 (length 58)
P003_WC11/P003_WC11:k141_64077_34 (length 120)
P003_WC11/P003_WC11:k141_64077_35 (length 225)
P003_WC11/P003_WC11:k141_64077_36 (length 158)
P003_WC11/P003_WC11:k141_64077_37 (length 48)
P003_WC11/P003_WC11:k141_64077_38 (length 201)
P003_WC11/P003_WC11:k141_64077_39 (length 44)
P003_WC11/P003_WC11:k141_64077_40 (length 80)
P003_WC11/P003_WC11:k141_64077_41 (length 82)
P003_WC11/P003_WC11:k141_64077_42 (length 750)
P003_WC11/P003_WC11:k141_64077_43 (length 734)
P003_WC11/P003_WC11:k141_64077_44 (length 109)
P003_WC11/P003_WC11:k141_64077_45 (length 62)
P003_WC11/P003_WC11:k141_64077_46 (length 461)
P003_WC11/P003_WC11:k141_64077_47 (length 353)
P003_WC11/P003_WC11:k141_64077_48 (length 56)
P003_WC11/P003_WC11:k141_64077_49 (length 71)
P003_WC11/P003_WC11:k141_64077_50 (length 508)
P003_WC11/P003_WC11:k141_64077_51 (length 124)
P003_WC11/P003_WC11:k141_64077_52 (length 56)
P003_WC11/P003_WC11:k141_64077_53 (length 81)
P003_WC11/P003_WC11:k141_64077_54 (length 247)
P003_WC11/P003_WC11:k141_64077_55 (length 236)
P003_WC11/P003_WC11:k141_64077_56 (length 1377)
P003_WC11/P003_WC11:k141_64077_57 (length 498)
P003_WC11/P003_WC11:k141_64077_58 (length 152)
P003_WC11/P003_WC11:k141_64077_59 (length 1060)
P003_WC11/P003_WC11:k141_64077_60 (length 52)
P003_WC11/P003_WC11:k141_64077_61 (length 36)
P003_WC11/P003_WC11:k141_64077_62 (length 59)
P003_WC11/P003_WC11:k141_64077_63 (length 37)
P003_WC11/P003_WC11:k141_64077_64 (length 63)
P003_WC11/P003_WC11:k141_64077_65 (length 503)
P003_WC11/P003_WC11:k141_64077_66 (length 33)
P003_WC11/P003_WC11:k141_64077_67 (length 353)
P003_WC11/P003_WC11:k141_33122 (length 24135)
P003_WC11/P003_WC11:k141_33122_1 (length 36)
P003_WC11/P003_WC11:k141_33122_2 (length 82)
P003_WC11/P003_WC11:k141_33122_3 (length 37)
P003_WC11/P003_WC11:k141_33122_4 (length 94)
P003_WC11/P003_WC11:k141_33122_5 (length 63)
P003_WC11/P003_WC11:k141_33122_6 (length 39)
P003_WC11/P003_WC11:k141_33122_7 (length 155)
P003_WC11/P003_WC11:k141_33122_8 (length 264)
P003_WC11/P003_WC11:k141_33122_9 (length 260)
P003_WC11/P003_WC11:k141_33122_10 (length 97)
P003_WC11/P003_WC11:k141_33122_11 (length 2123)
P003_WC11/P003_WC11:k141_33122_12 (length 93)
P003_WC11/P003_WC11:k141_33122_13 (length 133)
P003_WC11/P003_WC11:k141_33122_14 (length 200)
P003_WC11/P003_WC11:k141_90505 (length 18381)
P003_WC11/P003_WC11:k141_90505_1 (length 741)
P003_WC11/P003_WC11:k141_90505_2 (length 38)
P003_WC11/P003_WC11:k141_90505_3 (length 322)
P003_WC11/P003_WC11:k141_90505_4 (length 522)
P003_WC11/P003_WC11:k141_90505_5 (length 81)
P003_WC11/P003_WC11:k141_90505_6 (length 101)
P003_WC11/P003_WC11:k141_90505_7 (length 186)
P003_WC11/P003_WC11:k141_90505_8 (length 186)
P003_WC11/P003_WC11:k141_90505_9 (length 156)
P003_WC11/P003_WC11:k141_90505_10 (length 188)
P003_WC11/P003_WC11:k141_90505_11 (length 411)
P003_WC11/P003_WC11:k141_90505_12 (length 92)
P003_WC11/P003_WC11:k141_90505_13 (length 1518)

DiscRep_ALL:DISC_INCONSISTENT_MOLINFO_TECH::Molinfo Technique Report (some missing, all same)
DiscRep_SUB:DISC_INCONSISTENT_MOLINFO_TECH::technique (all missing)
DiscRep_SUB:DISC_INCONSISTENT_MOLINFO_TECH::3 Molinfos are missing field technique
P003_WC11/P003_WC11:k141_33122 (length 24135)
P003_WC11/P003_WC11:k141_64077 (length 82591)
P003_WC11/P003_WC11:k141_90505 (length 18381)

