[16:22:52] This is prokka 1.14.5
[16:22:52] Written by Torsten Seemann <torsten.seemann@gmail.com>
[16:22:52] Homepage is https://github.com/tseemann/prokka
[16:22:52] Local time is Fri Nov 26 16:22:52 2021
[16:22:52] You are ruud
[16:22:52] Operating system is linux
[16:22:52] You have BioPerl 1.7.8
[16:22:52] System has 40 cores.
[16:22:52] Will use maximum of 40 cores.
[16:22:52] Annotating as >>> Bacteria <<<
[16:22:52] Creating new output folder: P001_WE06
[16:22:52] Running: mkdir -p P001_WE06
[16:22:52] Using filename prefix: P001_WE06.XXX
[16:22:52] Setting HMMER_NCPU=1
[16:22:52] Writing log to: P001_WE06/P001_WE06.log
[16:22:52] Command: /usr/local/packages/prokka-1.14.5/bin/prokka --cpus 40 --prefix P001_WE06 --Kingdom Bacteria --locustag P001_WE06 --proteins vaccinium.gb ../02_Blast/chloroplast_contigs_rapid_genomics_run2/P001_WE06_chloroplast_contigs.fa
[16:22:52] Appending to PATH: /home/local/packages/prokka-1.14.5/bin/../binaries/linux
[16:22:52] Appending to PATH: /home/local/packages/prokka-1.14.5/bin/../binaries/linux/../common
[16:22:52] Appending to PATH: /home/local/packages/prokka-1.14.5/bin
[16:22:52] Looking for 'aragorn' - found /usr/local/packages/Anaconda3-2019.10/bin/aragorn
[16:22:52] Determined aragorn version is 001002 from 'ARAGORN v1.2.38 Dean Laslett'
[16:22:52] Looking for 'barrnap' - found /usr/local/packages/Anaconda3-2019.10/bin/barrnap
[16:22:52] Determined barrnap version is 000009 from 'barrnap 0.9'
[16:22:52] Looking for 'blastp' - found /usr/local/packages/Anaconda3-2019.10/bin/blastp
[16:22:53] Determined blastp version is 002011 from 'blastp: 2.11.0+'
[16:22:53] Looking for 'cmpress' - found /usr/local/packages/Anaconda3-2019.10/bin/cmpress
[16:22:53] Determined cmpress version is 001001 from '# INFERNAL 1.1.2 (July 2016)'
[16:22:53] Looking for 'cmscan' - found /usr/local/packages/Anaconda3-2019.10/bin/cmscan
[16:22:53] Determined cmscan version is 001001 from '# INFERNAL 1.1.2 (July 2016)'
[16:22:53] Looking for 'egrep' - found /bin/egrep
[16:22:53] Looking for 'find' - found /bin/find
[16:22:53] Looking for 'grep' - found /bin/grep
[16:22:53] Looking for 'hmmpress' - found /usr/local/packages/Anaconda3-2019.10/bin/hmmpress
[16:22:53] Determined hmmpress version is 003003 from '# HMMER 3.3.2 (Nov 2020); http://hmmer.org/'
[16:22:53] Looking for 'hmmscan' - found /usr/local/packages/Anaconda3-2019.10/bin/hmmscan
[16:22:53] Determined hmmscan version is 003003 from '# HMMER 3.3.2 (Nov 2020); http://hmmer.org/'
[16:22:53] Looking for 'java' - found /usr/local/packages/jdk1.8.0_191/bin/java
[16:22:53] Looking for 'makeblastdb' - found /usr/local/packages/Anaconda3-2019.10/bin/makeblastdb
[16:22:54] Determined makeblastdb version is 002011 from 'makeblastdb: 2.11.0+'
[16:22:54] Looking for 'minced' - found /usr/local/packages/Anaconda3-2019.10/bin/minced
[16:22:54] Determined minced version is 004002 from 'minced 0.4.2'
[16:22:54] Looking for 'parallel' - found /usr/local/packages/Anaconda3-2019.10/bin/parallel
[16:22:54] Determined parallel version is 20210822 from 'GNU parallel 20210822'
[16:22:54] Looking for 'prodigal' - found /usr/local/packages/Anaconda3-2019.10/bin/prodigal
[16:22:54] Determined prodigal version is 002006 from 'Prodigal V2.6.3: February, 2016'
[16:22:54] Looking for 'prokka-genbank_to_fasta_db' - found /usr/local/packages/prokka-1.14.5/bin/prokka-genbank_to_fasta_db
[16:22:54] Looking for 'sed' - found /bin/sed
[16:22:54] Looking for 'tbl2asn' - found /usr/local/packages/Anaconda3-2019.10/bin/tbl2asn
[16:22:54] Determined tbl2asn version is 025008 from 'tbl2asn 25.8   arguments:'
[16:22:54] Using genetic code table 11.
[16:22:54] Loading and checking input file: ../02_Blast/chloroplast_contigs_rapid_genomics_run2/P001_WE06_chloroplast_contigs.fa
[16:22:54] Wrote 6 contigs totalling 116539 bp.
[16:22:54] Predicting tRNAs and tmRNAs
[16:22:54] Running: aragorn -l -gc11  -w P001_WE06\/P001_WE06\.fna
[16:22:54] 1 tRNA-His [452,526] 35 (gtg)
[16:22:54] 1 tRNA-Asn [2122,2195] 34 (gtt)
[16:22:54] 2 tRNA-Arg c[2453,2527] 35 (acg)
[16:22:54] 3 tRNA-Val c[10188,10259] 33 (gac)
[16:22:54] 4 tRNA-Leu [16231,16313] 35 (caa)
[16:22:54] 5 tRNA-Met [18756,18830] 34 (cat)
[16:22:54] 1 tRNA-Met c[4748,4822] 35 (cat)
[16:22:54] 2 tRNA-Phe c[8766,8838] 34 (gaa)
[16:22:54] 3 tRNA-Thr [10641,10715] 35 (tgt)
[16:22:54] 4 tRNA-Ser c[11882,11968] 35 (gga)
[16:22:54] 5 tRNA-Arg [20565,20636] 34 (tct)
[16:22:54] 1 tRNA-Pro [16257,16332] 35 (tgg)
[16:22:54] 2 tRNA-Trp [16478,16551] 35 (cca)
[16:22:54] 1 tRNA-Leu c[8781,8860] 35 (tag)
[16:22:54] 1 tRNA-Gln c[6431,6502] 33 (ttg)
[16:22:54] 2 tRNA-Ser c[7662,7750] 35 (gct)
[16:22:54] 3 tRNA-Ser c[11267,11354] 35 (tga)
[16:22:54] 4 tRNA-Gly [12179,12250] 33 (gcc)
[16:22:54] 5 tRNA-Met c[12696,12771] 36 (cat)
[16:22:54] 6 tRNA-Thr [14859,14932] 34 (ggt)
[16:22:54] 7 tRNA-Glu [15467,15541] 36 (ttc)
[16:22:54] 8 tRNA-Tyr [15601,15686] 36 (gta)
[16:22:54] 9 tRNA-Asp [16034,16107] 35 (gtc)
[16:22:54] 10 tRNA-Cys c[17917,17987] 33 (gca)
[16:22:54] Found 24 tRNAs
[16:22:54] Predicting Ribosomal RNAs
[16:22:54] Running Barrnap with 40 threads
[16:22:55] 1 k141_38716 3104 23S ribosomal RNA
[16:22:55] 2 k141_38716 8467 16S ribosomal RNA
[16:22:55] Found 2 rRNAs
[16:22:55] Skipping ncRNA search, enable with --rfam if desired.
[16:22:55] Total of 26 tRNA + rRNA features
[16:22:55] Searching for CRISPR repeats
[16:22:55] Found 0 CRISPRs
[16:22:55] Predicting coding sequences
[16:22:55] Contigs total 116539 bp, so using single mode
[16:22:55] Running: prodigal -i P001_WE06\/P001_WE06\.fna -c -m -g 11 -p single -f sco -q
[16:22:56] Excluding CDS which overlaps existing RNA (tRNA) at k141_33471:391..528 on - strand
[16:22:56] Excluding CDS which overlaps existing RNA (rRNA) at k141_38716:4809..5015 on - strand
[16:22:56] Excluding CDS which overlaps existing RNA (rRNA) at k141_38716:5991..6251 on - strand
[16:22:56] Excluding CDS which overlaps existing RNA (rRNA) at k141_38716:8885..9013 on - strand
[16:22:56] Excluding CDS which overlaps existing RNA (tRNA) at k141_38716:16089..16238 on + strand
[16:22:56] Excluding CDS which overlaps existing RNA (tRNA) at k141_38716:16207..16461 on + strand
[16:22:56] Excluding CDS which overlaps existing RNA (tRNA) at k141_31914:12473..12754 on - strand
[16:22:56] Excluding CDS which overlaps existing RNA (tRNA) at k141_31914:15620..15784 on - strand
[16:22:56] Found 96 CDS
[16:22:56] Connecting features back to sequences
[16:22:56] Not using genus-specific database. Try --usegenus to enable it.
[16:22:56] Preparing user-supplied primary BLAST annotation source: vaccinium.gb
[16:22:56] Guessed source was in genbank format.
[16:22:56] Converting genbank 'vaccinium.gb' into Prokka FASTA 'P001_WE06/proteins.faa'
[16:22:56] Running: prokka-genbank_to_fasta_db --format genbank vaccinium\.gb > P001_WE06\/proteins\.faa 2> /dev/null
[16:22:56] Running: makeblastdb -dbtype prot -in P001_WE06\/proteins\.faa -out P001_WE06\/proteins -logfile /dev/null
[16:22:57] Using /inference source as 'vaccinium.gb'
[16:22:57] Annotating CDS, please be patient.
[16:22:57] Will use 40 CPUs for similarity searching.
[16:22:57] There are still 96 unannotated CDS left (started with 96)
[16:22:57] Will use blast to search against P001_WE06/proteins with 40 CPUs
[16:22:57] Running: cat P001_WE06\/P001_WE06\.proteins\.tmp\.37838\.faa | parallel --gnu --plain -j 40 --block 255 --recstart '>' --pipe blastp -query - -db P001_WE06/proteins -evalue 1e-09 -qcov_hsp_perc 80 -num_threads 1 -num_descriptions 1 -num_alignments 1 -seg no > P001_WE06\/P001_WE06\.proteins\.tmp\.37838\.blast 2> /dev/null
[16:22:58] Deleting unwanted file: P001_WE06/P001_WE06.proteins.tmp.37838.faa
[16:22:58] Deleting unwanted file: P001_WE06/P001_WE06.proteins.tmp.37838.blast
[16:22:58] There are still 36 unannotated CDS left (started with 96)
[16:22:58] Will use blast to search against /home/local/packages/prokka-1.14.5/db/kingdom/Bacteria/IS with 40 CPUs
[16:22:58] Running: cat P001_WE06\/P001_WE06\.IS\.tmp\.37838\.faa | parallel --gnu --plain -j 40 --block 63 --recstart '>' --pipe blastp -query - -db /home/local/packages/prokka-1.14.5/db/kingdom/Bacteria/IS -evalue 1e-30 -qcov_hsp_perc 90 -num_threads 1 -num_descriptions 1 -num_alignments 1 -seg no > P001_WE06\/P001_WE06\.IS\.tmp\.37838\.blast 2> /dev/null
[16:23:00] Deleting unwanted file: P001_WE06/P001_WE06.IS.tmp.37838.faa
[16:23:00] Deleting unwanted file: P001_WE06/P001_WE06.IS.tmp.37838.blast
[16:23:00] There are still 36 unannotated CDS left (started with 96)
[16:23:00] Will use blast to search against /home/local/packages/prokka-1.14.5/db/kingdom/Bacteria/AMR with 40 CPUs
[16:23:00] Running: cat P001_WE06\/P001_WE06\.AMR\.tmp\.37838\.faa | parallel --gnu --plain -j 40 --block 63 --recstart '>' --pipe blastp -query - -db /home/local/packages/prokka-1.14.5/db/kingdom/Bacteria/AMR -evalue 1e-300 -qcov_hsp_perc 90 -num_threads 1 -num_descriptions 1 -num_alignments 1 -seg no > P001_WE06\/P001_WE06\.AMR\.tmp\.37838\.blast 2> /dev/null
[16:23:01] Deleting unwanted file: P001_WE06/P001_WE06.AMR.tmp.37838.faa
[16:23:01] Deleting unwanted file: P001_WE06/P001_WE06.AMR.tmp.37838.blast
[16:23:01] There are still 36 unannotated CDS left (started with 96)
[16:23:01] Will use blast to search against /home/local/packages/prokka-1.14.5/db/kingdom/Bacteria/sprot with 40 CPUs
[16:23:01] Running: cat P001_WE06\/P001_WE06\.sprot\.tmp\.37838\.faa | parallel --gnu --plain -j 40 --block 63 --recstart '>' --pipe blastp -query - -db /home/local/packages/prokka-1.14.5/db/kingdom/Bacteria/sprot -evalue 1e-09 -qcov_hsp_perc 80 -num_threads 1 -num_descriptions 1 -num_alignments 1 -seg no > P001_WE06\/P001_WE06\.sprot\.tmp\.37838\.blast 2> /dev/null
[16:23:03] Deleting unwanted file: P001_WE06/P001_WE06.sprot.tmp.37838.faa
[16:23:03] Deleting unwanted file: P001_WE06/P001_WE06.sprot.tmp.37838.blast
[16:23:03] There are still 34 unannotated CDS left (started with 96)
[16:23:03] Will use hmmer3 to search against /home/local/packages/prokka-1.14.5/db/hmm/HAMAP.hmm with 40 CPUs
[16:23:03] Running: cat P001_WE06\/P001_WE06\.HAMAP\.hmm\.tmp\.37838\.faa | parallel --gnu --plain -j 40 --block 56 --recstart '>' --pipe hmmscan --noali --notextw --acc -E 1e-09 --cpu 1 /home/local/packages/prokka-1.14.5/db/hmm/HAMAP.hmm /dev/stdin > P001_WE06\/P001_WE06\.HAMAP\.hmm\.tmp\.37838\.hmmer3 2> /dev/null
[16:23:05] Deleting unwanted file: P001_WE06/P001_WE06.HAMAP.hmm.tmp.37838.faa
[16:23:05] Deleting unwanted file: P001_WE06/P001_WE06.HAMAP.hmm.tmp.37838.hmmer3
[16:23:05] Deleting unwanted file: P001_WE06/proteins.psq
[16:23:05] Deleting unwanted file: P001_WE06/proteins.phr
[16:23:05] Deleting unwanted file: P001_WE06/proteins.pin
[16:23:05] Labelling remaining 28 proteins as 'hypothetical protein'
[16:23:05] Possible /pseudo 'ribosomal protein L2' at k141_33471 position 1664
[16:23:05] Possible /pseudo 'NADH-plastoquinone oxidoreductase subunit 2' at k141_38716 position 15036
[16:23:05] Possible /pseudo 'hypothetical chloroplast RF34' at k141_39103 position 13470
[16:23:05] Possible /pseudo 'NADH-plastoquinone oxidoreductase subunit 1' at k141_45303 position 2831
[16:23:05] Found 62 unique /gene codes.
[16:23:05] Fixed 2 duplicate /gene - ndhA_1 ndhA_2
[16:23:05] Fixed 2 duplicate /gene - ndhH_1 ndhH_2
[16:23:05] Fixed 2 duplicate /gene - rpl2_1 rpl2_2
[16:23:05] Fixed 2 duplicate /gene - ndhB_1 ndhB_2
[16:23:05] Fixed 2 duplicate /gene - ycf3_1 ycf3_2
[16:23:05] Fixed 2 duplicate /gene - atpF_1 atpF_2
[16:23:05] Fixed 6 colliding /gene names.
[16:23:05] Adding /locus_tag identifiers
[16:23:05] Assigned 122 locus_tags to CDS and RNA features.
[16:23:05] Writing outputs to P001_WE06/
[16:23:05] Generating annotation statistics file
[16:23:05] Generating Genbank and Sequin files
[16:23:05] Running: tbl2asn -V b -a r10k -l paired-ends -M n -N 1 -y 'Annotated using prokka 1.14.5 from https://github.com/tseemann/prokka' -Z P001_WE06\/P001_WE06\.err -i P001_WE06\/P001_WE06\.fsa 2> /dev/null
[16:23:06] Deleting unwanted file: P001_WE06/errorsummary.val
[16:23:06] Deleting unwanted file: P001_WE06/P001_WE06.dr
[16:23:06] Deleting unwanted file: P001_WE06/P001_WE06.fixedproducts
[16:23:06] Deleting unwanted file: P001_WE06/P001_WE06.ecn
[16:23:06] Deleting unwanted file: P001_WE06/P001_WE06.val
[16:23:06] Repairing broken .GBK output that tbl2asn produces...
[16:23:06] Running: sed 's/COORDINATES: profile/COORDINATES:profile/' < P001_WE06\/P001_WE06\.gbf > P001_WE06\/P001_WE06\.gbk
[16:23:06] Deleting unwanted file: P001_WE06/P001_WE06.gbf
[16:23:06] Output files:
[16:23:06] P001_WE06/P001_WE06.gff
[16:23:06] P001_WE06/P001_WE06.gbk
[16:23:06] P001_WE06/P001_WE06.log
[16:23:06] P001_WE06/P001_WE06.fna
[16:23:06] P001_WE06/P001_WE06.ffn
[16:23:06] P001_WE06/P001_WE06.fsa
[16:23:06] P001_WE06/P001_WE06.tsv
[16:23:06] P001_WE06/P001_WE06.faa
[16:23:06] P001_WE06/P001_WE06.txt
[16:23:06] P001_WE06/P001_WE06.sqn
[16:23:06] P001_WE06/P001_WE06.tbl
[16:23:06] P001_WE06/P001_WE06.err
[16:23:06] Annotation finished successfully.
[16:23:06] Walltime used: 0.23 minutes
[16:23:06] If you use this result please cite the Prokka paper:
[16:23:06] Seemann T (2014) Prokka: rapid prokaryotic genome annotation. Bioinformatics. 30(14):2068-9.
[16:23:06] Type 'prokka --citation' for more details.
[16:23:06] Thank you, come again.
