Discrepancy Report Results

Summary
FATAL: MISSING_PROTEIN_ID:95 proteins have invalid IDs.
DISC_SOURCE_QUALS_ASNDISC:strain (all present, all same)
DISC_SOURCE_QUALS_ASNDISC:taxname (all present, all same)
DISC_FEATURE_COUNT:CDS: 95 present
DISC_FEATURE_COUNT:tRNA: 21 present
DISC_FEATURE_COUNT:rRNA: 2 present
DISC_COUNT_NUCLEOTIDES:8 nucleotide Bioseqs are present
FEATURE_LOCATION_CONFLICT:118 features have inconsistent gene locations.
SUSPECT_PRODUCT_NAMES:2 product_names contain suspect phrase or characters
	May contain database identifier more appropriate in note; remove from product name
		2 features contains three or more numbers together that may be identifiers more appropriate in note
NO_ANNOTATION:1 bioseqs have no features
DISC_QUALITY_SCORES:Quality scores are missing on all sequences.
ONCALLER_COMMENT_PRESENT:8 comment descriptors were found (all same)
SHORT_PROT_SEQUENCES:9 protein sequences are shorter than 50 aa.
MISSING_GENOMEASSEMBLY_COMMENTS:8 bioseqs are missing GenomeAssembly structured comments
MOLTYPE_NOT_MRNA:8 molecule types are not set as mRNA.
TECHNIQUE_NOT_TSA:8 technique are not set as TSA
MISSING_STRUCTURED_COMMENT:8 sequences do not include structured comments.
MISSING_PROJECT:103 sequences do not include project.
DISC_INCONSISTENT_MOLINFO_TECH:Molinfo Technique Report (some missing, all same)


Detailed Report

FATAL: DiscRep_ALL:MISSING_PROTEIN_ID::95 proteins have invalid IDs.
P001_WA12/P001_WA12:k141_246398_1 (length 317)
P001_WA12/P001_WA12:k141_246398_2 (length 503)
P001_WA12/P001_WA12:k141_246398_3 (length 62)
P001_WA12/P001_WA12:k141_246398_4 (length 36)
P001_WA12/P001_WA12:k141_55021_1 (length 142)
P001_WA12/P001_WA12:k141_55021_2 (length 133)
P001_WA12/P001_WA12:k141_55021_3 (length 93)
P001_WA12/P001_WA12:k141_55021_4 (length 2123)
P001_WA12/P001_WA12:k141_55021_5 (length 97)
P001_WA12/P001_WA12:k141_55021_6 (length 260)
P001_WA12/P001_WA12:k141_55021_7 (length 264)
P001_WA12/P001_WA12:k141_55021_8 (length 155)
P001_WA12/P001_WA12:k141_55021_9 (length 39)
P001_WA12/P001_WA12:k141_55021_10 (length 87)
P001_WA12/P001_WA12:k141_55021_11 (length 91)
P001_WA12/P001_WA12:k141_55021_12 (length 71)
P001_WA12/P001_WA12:k141_55021_13 (length 37)
P001_WA12/P001_WA12:k141_55021_14 (length 82)
P001_WA12/P001_WA12:k141_55021_15 (length 44)
P001_WA12/P001_WA12:k141_206338_1 (length 49)
P001_WA12/P001_WA12:k141_206338_2 (length 741)
P001_WA12/P001_WA12:k141_206338_3 (length 325)
P001_WA12/P001_WA12:k141_206338_4 (length 522)
P001_WA12/P001_WA12:k141_206338_5 (length 81)
P001_WA12/P001_WA12:k141_206338_6 (length 101)
P001_WA12/P001_WA12:k141_206338_7 (length 176)
P001_WA12/P001_WA12:k141_206338_8 (length 186)
P001_WA12/P001_WA12:k141_206338_9 (length 156)
P001_WA12/P001_WA12:k141_206338_10 (length 188)
P001_WA12/P001_WA12:k141_206338_11 (length 411)
P001_WA12/P001_WA12:k141_206338_12 (length 92)
P001_WA12/P001_WA12:k141_206338_13 (length 67)
P001_WA12/P001_WA12:k141_206338_14 (length 635)
P001_WA12/P001_WA12:k141_206338_15 (length 915)
P001_WA12/P001_WA12:k141_152662_1 (length 1060)
P001_WA12/P001_WA12:k141_152662_2 (length 152)
P001_WA12/P001_WA12:k141_152662_3 (length 586)
P001_WA12/P001_WA12:k141_152662_4 (length 1377)
P001_WA12/P001_WA12:k141_152662_5 (length 275)
P001_WA12/P001_WA12:k141_152662_6 (length 247)
P001_WA12/P001_WA12:k141_152662_7 (length 81)
P001_WA12/P001_WA12:k141_152662_8 (length 56)
P001_WA12/P001_WA12:k141_152662_9 (length 124)
P001_WA12/P001_WA12:k141_152662_10 (length 508)
P001_WA12/P001_WA12:k141_152662_11 (length 71)
P001_WA12/P001_WA12:k141_152662_12 (length 54)
P001_WA12/P001_WA12:k141_152662_13 (length 353)
P001_WA12/P001_WA12:k141_152662_14 (length 461)
P001_WA12/P001_WA12:k141_152662_15 (length 72)
P001_WA12/P001_WA12:k141_152662_16 (length 62)
P001_WA12/P001_WA12:k141_152662_17 (length 109)
P001_WA12/P001_WA12:k141_152662_18 (length 734)
P001_WA12/P001_WA12:k141_152662_19 (length 750)
P001_WA12/P001_WA12:k141_152662_20 (length 82)
P001_WA12/P001_WA12:k141_152662_21 (length 80)
P001_WA12/P001_WA12:k141_152662_22 (length 201)
P001_WA12/P001_WA12:k141_152662_23 (length 158)
P001_WA12/P001_WA12:k141_152662_24 (length 225)
P001_WA12/P001_WA12:k141_152662_25 (length 120)
P001_WA12/P001_WA12:k141_251730_1 (length 133)
P001_WA12/P001_WA12:k141_251730_2 (length 492)
P001_WA12/P001_WA12:k141_251730_3 (length 485)
P001_WA12/P001_WA12:k141_251730_4 (length 483)
P001_WA12/P001_WA12:k141_251730_5 (length 109)
P001_WA12/P001_WA12:k141_251730_6 (length 213)
P001_WA12/P001_WA12:k141_251730_7 (length 64)
P001_WA12/P001_WA12:k141_251730_8 (length 229)
P001_WA12/P001_WA12:k141_251730_9 (length 320)
P001_WA12/P001_WA12:k141_251730_10 (length 40)
P001_WA12/P001_WA12:k141_251730_11 (length 39)
P001_WA12/P001_WA12:k141_251730_12 (length 83)
P001_WA12/P001_WA12:k141_251730_13 (length 44)
P001_WA12/P001_WA12:k141_251730_14 (length 78)
P001_WA12/P001_WA12:k141_251730_15 (length 101)
P001_WA12/P001_WA12:k141_251730_16 (length 126)
P001_WA12/P001_WA12:k141_251730_17 (length 73)
P001_WA12/P001_WA12:k141_251730_18 (length 104)
P001_WA12/P001_WA12:k141_251730_19 (length 53)
P001_WA12/P001_WA12:k141_251730_20 (length 508)
P001_WA12/P001_WA12:k141_251730_21 (length 79)
P001_WA12/P001_WA12:k141_251730_22 (length 162)
P001_WA12/P001_WA12:k141_251730_23 (length 174)
P001_WA12/P001_WA12:k141_251730_24 (length 335)
P001_WA12/P001_WA12:k141_251730_25 (length 136)
P001_WA12/P001_WA12:k141_251730_26 (length 37)
P001_WA12/P001_WA12:k141_251730_27 (length 77)
P001_WA12/P001_WA12:k141_251730_28 (length 134)
P001_WA12/P001_WA12:k141_251730_29 (length 122)
P001_WA12/P001_WA12:k141_251730_30 (length 119)
P001_WA12/P001_WA12:k141_251730_31 (length 218)
P001_WA12/P001_WA12:k141_251730_32 (length 155)
P001_WA12/P001_WA12:k141_251730_33 (length 92)
P001_WA12/P001_WA12:k141_88052_1 (length 152)
P001_WA12/P001_WA12:k141_107934_1 (length 79)
P001_WA12/P001_WA12:k141_107934_2 (length 63)

DiscRep_ALL:DISC_SOURCE_QUALS_ASNDISC::strain (all present, all same)
DiscRep_SUB:DISC_SOURCE_QUALS_ASNDISC::8 sources have 'strain' for strain
DiscRep_ALL:DISC_SOURCE_QUALS_ASNDISC::taxname (all present, all same)
DiscRep_SUB:DISC_SOURCE_QUALS_ASNDISC::8 sources have 'Genus species' for taxname
DiscRep_ALL:DISC_FEATURE_COUNT::CDS: 95 present
DiscRep_ALL:DISC_FEATURE_COUNT::tRNA: 21 present
DiscRep_ALL:DISC_FEATURE_COUNT::rRNA: 2 present
DiscRep_ALL:DISC_COUNT_NUCLEOTIDES::8 nucleotide Bioseqs are present
P001_WA12/P001_WA12:k141_246398 (length 10846)
P001_WA12/P001_WA12:k141_55021 (length 24493)
P001_WA12/P001_WA12:k141_206338 (length 18621)
P001_WA12/P001_WA12:k141_152662 (length 37743)
P001_WA12/P001_WA12:k141_251730 (length 31885)
P001_WA12/P001_WA12:k141_88052 (length 1163)
P001_WA12/P001_WA12:k141_79264 (length 1153)
P001_WA12/P001_WA12:k141_107934 (length 1190)

DiscRep_ALL:FEATURE_LOCATION_CONFLICT::118 features have inconsistent gene locations.
DiscRep_SUB:FEATURE_LOCATION_CONFLICT::Coding region xref gene does not exist
P001_WA12/P001_WA12:CDS	photosystem II protein D1	k141_246398:c1563-610	P001_WA12_00002

DiscRep_SUB:FEATURE_LOCATION_CONFLICT::Coding region xref gene does not exist
P001_WA12/P001_WA12:CDS	maturase K	k141_246398:c3690-2179	P001_WA12_00003

DiscRep_SUB:FEATURE_LOCATION_CONFLICT::Coding region xref gene does not exist
P001_WA12/P001_WA12:CDS	photosystem II protein K	k141_246398:7758-7946	P001_WA12_00005

DiscRep_SUB:FEATURE_LOCATION_CONFLICT::Coding region xref gene does not exist
P001_WA12/P001_WA12:CDS	Photosystem II reaction center protein I	k141_246398:8340-8450	P001_WA12_00006

DiscRep_SUB:FEATURE_LOCATION_CONFLICT::RNA feature xref gene does not exist
P001_WA12/P001_WA12:tRNA	His	k141_246398:c222-148	P001_WA12_00001

DiscRep_SUB:FEATURE_LOCATION_CONFLICT::RNA feature xref gene does not exist
P001_WA12/P001_WA12:tRNA	Gln	k141_246398:c7407-7336	P001_WA12_00004

DiscRep_SUB:FEATURE_LOCATION_CONFLICT::RNA feature xref gene does not exist
P001_WA12/P001_WA12:tRNA	Ser	k141_246398:c8671-8584	P001_WA12_00007

DiscRep_SUB:FEATURE_LOCATION_CONFLICT::RNA feature xref gene does not exist
P001_WA12/P001_WA12:tRNA	Cys	k141_246398:9407-9478	P001_WA12_00008

DiscRep_SUB:FEATURE_LOCATION_CONFLICT::Coding region xref gene does not exist
P001_WA12/P001_WA12:CDS	ribosomal protein L2	k141_55021:c544-116	P001_WA12_00009

DiscRep_SUB:FEATURE_LOCATION_CONFLICT::Coding region xref gene does not exist
P001_WA12/P001_WA12:CDS	ribosomal protein L2	k141_55021:c1605-1204	P001_WA12_00010

DiscRep_SUB:FEATURE_LOCATION_CONFLICT::Coding region xref gene does not exist
P001_WA12/P001_WA12:CDS	ribosomal protein L23	k141_55021:c1905-1624	P001_WA12_00011

DiscRep_SUB:FEATURE_LOCATION_CONFLICT::Coding region xref gene does not exist
P001_WA12/P001_WA12:CDS	hypothetical protein	k141_55021:2256-8627	P001_WA12_00013

DiscRep_SUB:FEATURE_LOCATION_CONFLICT::Coding region xref gene does not exist
P001_WA12/P001_WA12:CDS	hypothetical protein	k141_55021:c8795-8502	P001_WA12_00014

DiscRep_SUB:FEATURE_LOCATION_CONFLICT::Coding region xref gene does not exist
P001_WA12/P001_WA12:CDS	NADH-plastoquinone oxidoreductase subunit 2	k141_55021:c10459-9677	P001_WA12_00016

DiscRep_SUB:FEATURE_LOCATION_CONFLICT::Coding region xref gene does not exist
P001_WA12/P001_WA12:CDS	NADH-plastoquinone oxidoreductase subunit 2	k141_55021:c11879-11085	P001_WA12_00017

DiscRep_SUB:FEATURE_LOCATION_CONFLICT::Coding region xref gene does not exist
P001_WA12/P001_WA12:CDS	ribosomal protein S7	k141_55021:c12642-12175	P001_WA12_00018

DiscRep_SUB:FEATURE_LOCATION_CONFLICT::Coding region xref gene does not exist
P001_WA12/P001_WA12:CDS	hypothetical protein	k141_55021:14211-14330	P001_WA12_00019

DiscRep_SUB:FEATURE_LOCATION_CONFLICT::Coding region xref gene does not exist
P001_WA12/P001_WA12:CDS	hypothetical protein	k141_55021:14739-15002	P001_WA12_00020

DiscRep_SUB:FEATURE_LOCATION_CONFLICT::Coding region xref gene does not exist
P001_WA12/P001_WA12:CDS	hypothetical protein	k141_55021:c17525-17250	P001_WA12_00023

DiscRep_SUB:FEATURE_LOCATION_CONFLICT::Coding region xref gene does not exist
P001_WA12/P001_WA12:CDS	hypothetical protein	k141_55021:17957-18172	P001_WA12_00024

DiscRep_SUB:FEATURE_LOCATION_CONFLICT::Coding region xref gene does not exist
P001_WA12/P001_WA12:CDS	hypothetical protein	k141_55021:18468-18581	P001_WA12_00025

DiscRep_SUB:FEATURE_LOCATION_CONFLICT::Coding region xref gene does not exist
P001_WA12/P001_WA12:CDS	hypothetical protein	k141_55021:18560-18808	P001_WA12_00026

DiscRep_SUB:FEATURE_LOCATION_CONFLICT::Coding region xref gene does not exist
P001_WA12/P001_WA12:CDS	hypothetical protein	k141_55021:c23318-23184	P001_WA12_00029

DiscRep_SUB:FEATURE_LOCATION_CONFLICT::RNA feature xref gene does not exist
P001_WA12/P001_WA12:tRNA	Met	k141_55021:c2144-2070	P001_WA12_00012

DiscRep_SUB:FEATURE_LOCATION_CONFLICT::RNA feature xref gene does not exist
P001_WA12/P001_WA12:tRNA	Leu	k141_55021:c9115-9033	P001_WA12_00015

DiscRep_SUB:FEATURE_LOCATION_CONFLICT::RNA feature xref gene does not exist
P001_WA12/P001_WA12:tRNA	Val	k141_55021:15317-15388	P001_WA12_00021

DiscRep_SUB:FEATURE_LOCATION_CONFLICT::RNA feature xref gene does not exist
P001_WA12/P001_WA12:rRNA	16S ribosomal RNA	k141_55021:15619-17105	P001_WA12_00022

DiscRep_SUB:FEATURE_LOCATION_CONFLICT::RNA feature xref gene does not exist
P001_WA12/P001_WA12:rRNA	23S ribosomal RNA	k141_55021:19355-22364	P001_WA12_00027

DiscRep_SUB:FEATURE_LOCATION_CONFLICT::RNA feature xref gene does not exist
P001_WA12/P001_WA12:tRNA	Arg	k141_55021:22975-23049	P001_WA12_00028

DiscRep_SUB:FEATURE_LOCATION_CONFLICT::RNA feature xref gene does not exist
P001_WA12/P001_WA12:tRNA	Asn	k141_55021:c23593-23520	P001_WA12_00030

DiscRep_SUB:FEATURE_LOCATION_CONFLICT::Coding region xref gene does not exist
P001_WA12/P001_WA12:CDS	hypothetical protein	k141_206338:9-158	P001_WA12_00031

DiscRep_SUB:FEATURE_LOCATION_CONFLICT::Coding region xref gene does not exist
P001_WA12/P001_WA12:CDS	NADH-plastoquinone oxidoreductase subunit 5	k141_206338:c2386-161	P001_WA12_00032

DiscRep_SUB:FEATURE_LOCATION_CONFLICT::Coding region xref gene does not exist
P001_WA12/P001_WA12:CDS	cytochrome c heme attachment protein	k141_206338:4588-5565	P001_WA12_00034

DiscRep_SUB:FEATURE_LOCATION_CONFLICT::Coding region xref gene does not exist
P001_WA12/P001_WA12:CDS	NADH-plastoquinone oxidoreductase subunit 4	k141_206338:c7338-5770	P001_WA12_00035

DiscRep_SUB:FEATURE_LOCATION_CONFLICT::Coding region xref gene does not exist
P001_WA12/P001_WA12:CDS	photosystem I subunit VII	k141_206338:c7635-7390	P001_WA12_00036

DiscRep_SUB:FEATURE_LOCATION_CONFLICT::Coding region xref gene does not exist
P001_WA12/P001_WA12:CDS	NADH-plastoquinone oxidoreductase subunit 4L	k141_206338:c8174-7869	P001_WA12_00037

DiscRep_SUB:FEATURE_LOCATION_CONFLICT::Coding region xref gene does not exist
P001_WA12/P001_WA12:CDS	NADH-plastoquinone oxidoreductase subunit 6	k141_206338:c8906-8376	P001_WA12_00038

DiscRep_SUB:FEATURE_LOCATION_CONFLICT::Coding region xref gene does not exist
P001_WA12/P001_WA12:CDS	NADH-plastoquinone oxidoreductase subunit I	k141_206338:c9849-9289	P001_WA12_00039

DiscRep_SUB:FEATURE_LOCATION_CONFLICT::Coding region xref gene does not exist
P001_WA12/P001_WA12:CDS	NADH-plastoquinone oxidoreductase subunit 1	k141_206338:c10336-9866	P001_WA12_00040

DiscRep_SUB:FEATURE_LOCATION_CONFLICT::Coding region xref gene does not exist
P001_WA12/P001_WA12:CDS	NADH-plastoquinone oxidoreductase subunit 1	k141_206338:c12006-11440	P001_WA12_00041

DiscRep_SUB:FEATURE_LOCATION_CONFLICT::Coding region xref gene does not exist
P001_WA12/P001_WA12:CDS	NADH-plastoquinone oxidoreductase subunit 7	k141_206338:c13243-12008	P001_WA12_00042

DiscRep_SUB:FEATURE_LOCATION_CONFLICT::Coding region xref gene does not exist
P001_WA12/P001_WA12:CDS	ribosomal protein S15	k141_206338:c13559-13281	P001_WA12_00043

DiscRep_SUB:FEATURE_LOCATION_CONFLICT::Coding region xref gene does not exist
P001_WA12/P001_WA12:CDS	hypothetical protein	k141_206338:c13701-13498	P001_WA12_00044

DiscRep_SUB:FEATURE_LOCATION_CONFLICT::Coding region xref gene does not exist
P001_WA12/P001_WA12:CDS	hypothetical protein	k141_206338:c15869-13962	P001_WA12_00045

DiscRep_SUB:FEATURE_LOCATION_CONFLICT::Coding region xref gene does not exist
P001_WA12/P001_WA12:CDS	hypothetical protein	k141_206338:c18613-15866	P001_WA12_00046

DiscRep_SUB:FEATURE_LOCATION_CONFLICT::RNA feature xref gene does not exist
P001_WA12/P001_WA12:tRNA	Leu	k141_206338:4402-4481	P001_WA12_00033

DiscRep_SUB:FEATURE_LOCATION_CONFLICT::Coding region xref gene does not exist
P001_WA12/P001_WA12:CDS	RNA polymerase beta subunit	k141_152662:234-3416	P001_WA12_00047

DiscRep_SUB:FEATURE_LOCATION_CONFLICT::Coding region xref gene does not exist
P001_WA12/P001_WA12:CDS	RNA polymerase beta' subunit	k141_152662:3422-3880	P001_WA12_00048

DiscRep_SUB:FEATURE_LOCATION_CONFLICT::Coding region xref gene does not exist
P001_WA12/P001_WA12:CDS	RNA polymerase beta' subunit	k141_152662:4486-6246	P001_WA12_00049

DiscRep_SUB:FEATURE_LOCATION_CONFLICT::Coding region xref gene does not exist
P001_WA12/P001_WA12:CDS	RNA polymerase beta'' subunit	k141_152662:6366-10499	P001_WA12_00050

DiscRep_SUB:FEATURE_LOCATION_CONFLICT::Coding region xref gene does not exist
P001_WA12/P001_WA12:CDS	ribosomal protein S2	k141_152662:10629-11456	P001_WA12_00051

DiscRep_SUB:FEATURE_LOCATION_CONFLICT::Coding region xref gene does not exist
P001_WA12/P001_WA12:CDS	ATP synthase CF0 subunit IV	k141_152662:11672-12415	P001_WA12_00052

DiscRep_SUB:FEATURE_LOCATION_CONFLICT::Coding region xref gene does not exist
P001_WA12/P001_WA12:CDS	ATP synthase CF0 subunit III	k141_152662:13553-13798	P001_WA12_00053

DiscRep_SUB:FEATURE_LOCATION_CONFLICT::Coding region xref gene does not exist
P001_WA12/P001_WA12:CDS	ATP synthase CF0 subunit I	k141_152662:14165-14335	P001_WA12_00054

DiscRep_SUB:FEATURE_LOCATION_CONFLICT::Coding region xref gene does not exist
P001_WA12/P001_WA12:CDS	ATP synthase CF0 subunit I	k141_152662:15044-15418	P001_WA12_00055

DiscRep_SUB:FEATURE_LOCATION_CONFLICT::Coding region xref gene does not exist
P001_WA12/P001_WA12:CDS	ATP synthase CF1 alpha subunit	k141_152662:15494-17020	P001_WA12_00056

DiscRep_SUB:FEATURE_LOCATION_CONFLICT::Coding region xref gene does not exist
P001_WA12/P001_WA12:CDS	hypothetical protein	k141_152662:c18873-18658	P001_WA12_00058

DiscRep_SUB:FEATURE_LOCATION_CONFLICT::Coding region xref gene does not exist
P001_WA12/P001_WA12:CDS	hypothetical protein	k141_152662:c19140-18976	P001_WA12_00059

DiscRep_SUB:FEATURE_LOCATION_CONFLICT::Coding region xref gene does not exist
P001_WA12/P001_WA12:CDS	photosystem II protein D2	k141_152662:19665-20726	P001_WA12_00060

DiscRep_SUB:FEATURE_LOCATION_CONFLICT::Coding region xref gene does not exist
P001_WA12/P001_WA12:CDS	photosystem II CP43 chlorophyll apoprotein	k141_152662:20710-22095	P001_WA12_00061

DiscRep_SUB:FEATURE_LOCATION_CONFLICT::Coding region xref gene does not exist
P001_WA12/P001_WA12:CDS	hypothetical protein	k141_152662:c22617-22399	P001_WA12_00063

DiscRep_SUB:FEATURE_LOCATION_CONFLICT::Coding region xref gene does not exist
P001_WA12/P001_WA12:CDS	photosystem II protein Z	k141_152662:22734-22922	P001_WA12_00064

DiscRep_SUB:FEATURE_LOCATION_CONFLICT::Coding region xref gene does not exist
P001_WA12/P001_WA12:CDS	ribosomal protein S14	k141_152662:c24036-23707	P001_WA12_00067

DiscRep_SUB:FEATURE_LOCATION_CONFLICT::Coding region xref gene does not exist
P001_WA12/P001_WA12:CDS	photosystem I P700 apoprotein A2	k141_152662:c26347-24143	P001_WA12_00068

DiscRep_SUB:FEATURE_LOCATION_CONFLICT::Coding region xref gene does not exist
P001_WA12/P001_WA12:CDS	photosystem I P700 apoprotein A1	k141_152662:c28625-26373	P001_WA12_00069

DiscRep_SUB:FEATURE_LOCATION_CONFLICT::Coding region xref gene does not exist
P001_WA12/P001_WA12:CDS	putative chloroplast RF34	k141_152662:c30418-30170	P001_WA12_00070

DiscRep_SUB:FEATURE_LOCATION_CONFLICT::Coding region xref gene does not exist
P001_WA12/P001_WA12:CDS	hypothetical protein	k141_152662:30722-30964	P001_WA12_00071

DiscRep_SUB:FEATURE_LOCATION_CONFLICT::Coding region xref gene does not exist
P001_WA12/P001_WA12:CDS	ribosomal protein S4	k141_152662:c33122-32517	P001_WA12_00073

DiscRep_SUB:FEATURE_LOCATION_CONFLICT::Coding region xref gene does not exist
P001_WA12/P001_WA12:CDS	NADH-plastoquinone oxidoreductase subunit J	k141_152662:c36222-35746	P001_WA12_00077

DiscRep_SUB:FEATURE_LOCATION_CONFLICT::Coding region xref gene does not exist
P001_WA12/P001_WA12:CDS	NADH-plastoquinone oxidoreductase subunit K	k141_152662:c37002-36325	P001_WA12_00078

DiscRep_SUB:FEATURE_LOCATION_CONFLICT::Coding region xref gene does not exist
P001_WA12/P001_WA12:CDS	NADH-plastoquinone oxidoreductase subunit 3	k141_152662:c37417-37055	P001_WA12_00079

DiscRep_SUB:FEATURE_LOCATION_CONFLICT::RNA feature xref gene does not exist
P001_WA12/P001_WA12:tRNA	Arg	k141_152662:c17220-17149	P001_WA12_00057

DiscRep_SUB:FEATURE_LOCATION_CONFLICT::RNA feature xref gene does not exist
P001_WA12/P001_WA12:tRNA	Ser	k141_152662:c22387-22305	P001_WA12_00062

DiscRep_SUB:FEATURE_LOCATION_CONFLICT::RNA feature xref gene does not exist
P001_WA12/P001_WA12:tRNA	Gly	k141_152662:23238-23309	P001_WA12_00065

DiscRep_SUB:FEATURE_LOCATION_CONFLICT::RNA feature xref gene does not exist
P001_WA12/P001_WA12:tRNA	Met	k141_152662:c23552-23479	P001_WA12_00066

DiscRep_SUB:FEATURE_LOCATION_CONFLICT::RNA feature xref gene does not exist
P001_WA12/P001_WA12:tRNA	Ser	k141_152662:32112-32200	P001_WA12_00072

DiscRep_SUB:FEATURE_LOCATION_CONFLICT::RNA feature xref gene does not exist
P001_WA12/P001_WA12:tRNA	Thr	k141_152662:c33550-33476	P001_WA12_00074

DiscRep_SUB:FEATURE_LOCATION_CONFLICT::RNA feature xref gene does not exist
P001_WA12/P001_WA12:tRNA	Phe	k141_152662:34919-34991	P001_WA12_00075

DiscRep_SUB:FEATURE_LOCATION_CONFLICT::RNA feature xref gene does not exist
P001_WA12/P001_WA12:tRNA	Phe	k141_152662:34992-35065	P001_WA12_00076

DiscRep_SUB:FEATURE_LOCATION_CONFLICT::Coding region xref gene does not exist
P001_WA12/P001_WA12:CDS	ATP synthase CF1 epsilon subunit	k141_251730:c1616-1215	P001_WA12_00081

DiscRep_SUB:FEATURE_LOCATION_CONFLICT::Coding region xref gene does not exist
P001_WA12/P001_WA12:CDS	ATP synthase CF1 beta subunit	k141_251730:c3091-1613	P001_WA12_00082

DiscRep_SUB:FEATURE_LOCATION_CONFLICT::Coding region xref gene does not exist
P001_WA12/P001_WA12:CDS	ribulose-1,5-bisphosphate carboxylase/oxygenase large subunit	k141_251730:3867-5324	P001_WA12_00083

DiscRep_SUB:FEATURE_LOCATION_CONFLICT::Coding region xref gene does not exist
P001_WA12/P001_WA12:CDS	Acetyl-coenzyme A carboxylase carboxyl transferase subunit beta, chloroplastic	k141_251730:5843-7294	P001_WA12_00084

DiscRep_SUB:FEATURE_LOCATION_CONFLICT::Coding region xref gene does not exist
P001_WA12/P001_WA12:CDS	hypothetical protein	k141_251730:c8138-7809	P001_WA12_00085

DiscRep_SUB:FEATURE_LOCATION_CONFLICT::Coding region xref gene does not exist
P001_WA12/P001_WA12:CDS	photosystem I assembly protein Ycf4	k141_251730:8185-8826	P001_WA12_00086

DiscRep_SUB:FEATURE_LOCATION_CONFLICT::Coding region xref gene does not exist
P001_WA12/P001_WA12:CDS	hypothetical protein	k141_251730:c8947-8753	P001_WA12_00087

DiscRep_SUB:FEATURE_LOCATION_CONFLICT::Coding region xref gene does not exist
P001_WA12/P001_WA12:CDS	envelope membrane protein	k141_251730:9075-9764	P001_WA12_00088

DiscRep_SUB:FEATURE_LOCATION_CONFLICT::Coding region xref gene does not exist
P001_WA12/P001_WA12:CDS	cytochrome f	k141_251730:10007-10969	P001_WA12_00089

DiscRep_SUB:FEATURE_LOCATION_CONFLICT::Coding region xref gene does not exist
P001_WA12/P001_WA12:CDS	photosystem II protein J	k141_251730:c11859-11737	P001_WA12_00090

DiscRep_SUB:FEATURE_LOCATION_CONFLICT::Coding region xref gene does not exist
P001_WA12/P001_WA12:CDS	photosystem II cytochrome b559 beta subunit	k141_251730:c12266-12147	P001_WA12_00091

DiscRep_SUB:FEATURE_LOCATION_CONFLICT::Coding region xref gene does not exist
P001_WA12/P001_WA12:CDS	photosystem II cytochrome b559 alpha subunit	k141_251730:c12527-12276	P001_WA12_00092

DiscRep_SUB:FEATURE_LOCATION_CONFLICT::Coding region xref gene does not exist
P001_WA12/P001_WA12:CDS	photosystem I subunit IX	k141_251730:14737-14871	P001_WA12_00095

DiscRep_SUB:FEATURE_LOCATION_CONFLICT::Coding region xref gene does not exist
P001_WA12/P001_WA12:CDS	hypothetical protein	k141_251730:c15391-15155	P001_WA12_00096

DiscRep_SUB:FEATURE_LOCATION_CONFLICT::Coding region xref gene does not exist
P001_WA12/P001_WA12:CDS	ribosomal protein S18	k141_251730:15679-15984	P001_WA12_00097

DiscRep_SUB:FEATURE_LOCATION_CONFLICT::Coding region xref gene does not exist
P001_WA12/P001_WA12:CDS	ribosomal protein L20	k141_251730:c16627-16247	P001_WA12_00098

DiscRep_SUB:FEATURE_LOCATION_CONFLICT::Coding region xref gene does not exist
P001_WA12/P001_WA12:CDS	ATP-dependent Clp protease proteolytic subunit	k141_251730:c17837-17616	P001_WA12_00099

DiscRep_SUB:FEATURE_LOCATION_CONFLICT::Coding region xref gene does not exist
P001_WA12/P001_WA12:CDS	ATP-dependent Clp protease proteolytic subunit	k141_251730:c18762-18448	P001_WA12_00100

DiscRep_SUB:FEATURE_LOCATION_CONFLICT::Coding region xref gene does not exist
P001_WA12/P001_WA12:CDS	hypothetical protein	k141_251730:c20009-19848	P001_WA12_00101

DiscRep_SUB:FEATURE_LOCATION_CONFLICT::Coding region xref gene does not exist
P001_WA12/P001_WA12:CDS	photosystem II CP47 chlorophyll apoprotein	k141_251730:20077-21603	P001_WA12_00102

DiscRep_SUB:FEATURE_LOCATION_CONFLICT::Coding region xref gene does not exist
P001_WA12/P001_WA12:CDS	photosystem II phosphoprotein	k141_251730:22182-22421	P001_WA12_00103

DiscRep_SUB:FEATURE_LOCATION_CONFLICT::Coding region xref gene does not exist
P001_WA12/P001_WA12:CDS	cytochrome b6	k141_251730:23458-23946	P001_WA12_00104

DiscRep_SUB:FEATURE_LOCATION_CONFLICT::Coding region xref gene does not exist
P001_WA12/P001_WA12:CDS	cytochrome b6/f complex subunit IV	k141_251730:24764-25288	P001_WA12_00105

DiscRep_SUB:FEATURE_LOCATION_CONFLICT::Coding region xref gene does not exist
P001_WA12/P001_WA12:CDS	DNA-directed RNA polymerase subunit alpha	k141_251730:c26506-25499	P001_WA12_00106

DiscRep_SUB:FEATURE_LOCATION_CONFLICT::Coding region xref gene does not exist
P001_WA12/P001_WA12:CDS	ribosomal protein S11	k141_251730:c27001-26591	P001_WA12_00107

DiscRep_SUB:FEATURE_LOCATION_CONFLICT::Coding region xref gene does not exist
P001_WA12/P001_WA12:CDS	ribosomal protein L36	k141_251730:c27206-27093	P001_WA12_00108

DiscRep_SUB:FEATURE_LOCATION_CONFLICT::Coding region xref gene does not exist
P001_WA12/P001_WA12:CDS	translational initiation factor 1	k141_251730:c27546-27313	P001_WA12_00109

DiscRep_SUB:FEATURE_LOCATION_CONFLICT::Coding region xref gene does not exist
P001_WA12/P001_WA12:CDS	ribosomal protein S8	k141_251730:c28069-27665	P001_WA12_00110

DiscRep_SUB:FEATURE_LOCATION_CONFLICT::Coding region xref gene does not exist
P001_WA12/P001_WA12:CDS	ribosomal protein L14	k141_251730:c28616-28248	P001_WA12_00111

DiscRep_SUB:FEATURE_LOCATION_CONFLICT::Coding region xref gene does not exist
P001_WA12/P001_WA12:CDS	ribosomal protein L16	k141_251730:c29096-28737	P001_WA12_00112

DiscRep_SUB:FEATURE_LOCATION_CONFLICT::Coding region xref gene does not exist
P001_WA12/P001_WA12:CDS	ribosomal protein S3	k141_251730:c30973-30317	P001_WA12_00113

DiscRep_SUB:FEATURE_LOCATION_CONFLICT::Coding region xref gene does not exist
P001_WA12/P001_WA12:CDS	ribosomal protein L22	k141_251730:c31425-30958	P001_WA12_00114

DiscRep_SUB:FEATURE_LOCATION_CONFLICT::Coding region xref gene does not exist
P001_WA12/P001_WA12:CDS	ribosomal protein S19	k141_251730:c31805-31527	P001_WA12_00115

DiscRep_SUB:FEATURE_LOCATION_CONFLICT::RNA feature xref gene does not exist
P001_WA12/P001_WA12:tRNA	Met	k141_251730:941-1013	P001_WA12_00080

DiscRep_SUB:FEATURE_LOCATION_CONFLICT::RNA feature xref gene does not exist
P001_WA12/P001_WA12:tRNA	Trp	k141_251730:c14187-14114	P001_WA12_00093

DiscRep_SUB:FEATURE_LOCATION_CONFLICT::RNA feature xref gene does not exist
P001_WA12/P001_WA12:tRNA	Pro	k141_251730:c14427-14352	P001_WA12_00094

DiscRep_SUB:FEATURE_LOCATION_CONFLICT::Coding region xref gene does not exist
P001_WA12/P001_WA12:CDS	Translation initiation factor IF-1	k141_88052:c1140-682	P001_WA12_00116

DiscRep_SUB:FEATURE_LOCATION_CONFLICT::Coding region xref gene does not exist
P001_WA12/P001_WA12:CDS	hypothetical protein	k141_107934:97-336	P001_WA12_00117

DiscRep_SUB:FEATURE_LOCATION_CONFLICT::Coding region xref gene does not exist
P001_WA12/P001_WA12:CDS	hypothetical protein	k141_107934:637-828	P001_WA12_00118

DiscRep_ALL:SUSPECT_PRODUCT_NAMES::2 product_names contain suspect phrase or characters
DiscRep_SUB:SUSPECT_PRODUCT_NAMES::May contain database identifier more appropriate in note; remove from product name
DiscRep_SUB:SUSPECT_PRODUCT_NAMES::2 features contains three or more numbers together that may be identifiers more appropriate in note
P001_WA12/P001_WA12:CDS	photosystem I P700 apoprotein A2	k141_152662:c26347-24143	P001_WA12_00068
P001_WA12/P001_WA12:CDS	photosystem I P700 apoprotein A1	k141_152662:c28625-26373	P001_WA12_00069

DiscRep_ALL:NO_ANNOTATION::1 bioseqs have no features
P001_WA12/P001_WA12:k141_79264 (length 1153)

DiscRep_ALL:DISC_QUALITY_SCORES::Quality scores are missing on all sequences.

DiscRep_ALL:ONCALLER_COMMENT_PRESENT::8 comment descriptors were found (all same)
P001_WA12/P001_WA12:k141_246398:Annotated using prokka 1.14.5 from https://github.com/tseemann/prokka
P001_WA12/P001_WA12:k141_55021:Annotated using prokka 1.14.5 from https://github.com/tseemann/prokka
P001_WA12/P001_WA12:k141_206338:Annotated using prokka 1.14.5 from https://github.com/tseemann/prokka
P001_WA12/P001_WA12:k141_152662:Annotated using prokka 1.14.5 from https://github.com/tseemann/prokka
P001_WA12/P001_WA12:k141_251730:Annotated using prokka 1.14.5 from https://github.com/tseemann/prokka
P001_WA12/P001_WA12:k141_88052:Annotated using prokka 1.14.5 from https://github.com/tseemann/prokka
P001_WA12/P001_WA12:k141_79264:Annotated using prokka 1.14.5 from https://github.com/tseemann/prokka
P001_WA12/P001_WA12:k141_107934:Annotated using prokka 1.14.5 from https://github.com/tseemann/prokka

DiscRep_ALL:SHORT_PROT_SEQUENCES::9 protein sequences are shorter than 50 aa.
P001_WA12/P001_WA12:k141_246398_4 (length 36)
P001_WA12/P001_WA12:k141_55021_9 (length 39)
P001_WA12/P001_WA12:k141_55021_13 (length 37)
P001_WA12/P001_WA12:k141_55021_15 (length 44)
P001_WA12/P001_WA12:k141_206338_1 (length 49)
P001_WA12/P001_WA12:k141_251730_10 (length 40)
P001_WA12/P001_WA12:k141_251730_11 (length 39)
P001_WA12/P001_WA12:k141_251730_13 (length 44)
P001_WA12/P001_WA12:k141_251730_26 (length 37)

DiscRep_ALL:MISSING_GENOMEASSEMBLY_COMMENTS::8 bioseqs are missing GenomeAssembly structured comments
P001_WA12/P001_WA12:k141_246398 (length 10846)
P001_WA12/P001_WA12:k141_55021 (length 24493)
P001_WA12/P001_WA12:k141_206338 (length 18621)
P001_WA12/P001_WA12:k141_152662 (length 37743)
P001_WA12/P001_WA12:k141_251730 (length 31885)
P001_WA12/P001_WA12:k141_88052 (length 1163)
P001_WA12/P001_WA12:k141_79264 (length 1153)
P001_WA12/P001_WA12:k141_107934 (length 1190)

DiscRep_ALL:MOLTYPE_NOT_MRNA::8 molecule types are not set as mRNA.
P001_WA12/P001_WA12:k141_246398 (length 10846)
P001_WA12/P001_WA12:k141_55021 (length 24493)
P001_WA12/P001_WA12:k141_206338 (length 18621)
P001_WA12/P001_WA12:k141_152662 (length 37743)
P001_WA12/P001_WA12:k141_251730 (length 31885)
P001_WA12/P001_WA12:k141_88052 (length 1163)
P001_WA12/P001_WA12:k141_79264 (length 1153)
P001_WA12/P001_WA12:k141_107934 (length 1190)

DiscRep_ALL:TECHNIQUE_NOT_TSA::8 technique are not set as TSA
P001_WA12/P001_WA12:k141_246398 (length 10846)
P001_WA12/P001_WA12:k141_55021 (length 24493)
P001_WA12/P001_WA12:k141_206338 (length 18621)
P001_WA12/P001_WA12:k141_152662 (length 37743)
P001_WA12/P001_WA12:k141_251730 (length 31885)
P001_WA12/P001_WA12:k141_88052 (length 1163)
P001_WA12/P001_WA12:k141_79264 (length 1153)
P001_WA12/P001_WA12:k141_107934 (length 1190)

DiscRep_ALL:MISSING_STRUCTURED_COMMENT::8 sequences do not include structured comments.
P001_WA12/P001_WA12:k141_246398 (length 10846)
P001_WA12/P001_WA12:k141_55021 (length 24493)
P001_WA12/P001_WA12:k141_206338 (length 18621)
P001_WA12/P001_WA12:k141_152662 (length 37743)
P001_WA12/P001_WA12:k141_251730 (length 31885)
P001_WA12/P001_WA12:k141_88052 (length 1163)
P001_WA12/P001_WA12:k141_79264 (length 1153)
P001_WA12/P001_WA12:k141_107934 (length 1190)

DiscRep_ALL:MISSING_PROJECT::103 sequences do not include project.
P001_WA12/P001_WA12:k141_246398 (length 10846)
P001_WA12/P001_WA12:k141_246398_1 (length 317)
P001_WA12/P001_WA12:k141_246398_2 (length 503)
P001_WA12/P001_WA12:k141_246398_3 (length 62)
P001_WA12/P001_WA12:k141_246398_4 (length 36)
P001_WA12/P001_WA12:k141_55021 (length 24493)
P001_WA12/P001_WA12:k141_55021_1 (length 142)
P001_WA12/P001_WA12:k141_55021_2 (length 133)
P001_WA12/P001_WA12:k141_55021_3 (length 93)
P001_WA12/P001_WA12:k141_55021_4 (length 2123)
P001_WA12/P001_WA12:k141_55021_5 (length 97)
P001_WA12/P001_WA12:k141_55021_6 (length 260)
P001_WA12/P001_WA12:k141_55021_7 (length 264)
P001_WA12/P001_WA12:k141_55021_8 (length 155)
P001_WA12/P001_WA12:k141_55021_9 (length 39)
P001_WA12/P001_WA12:k141_55021_10 (length 87)
P001_WA12/P001_WA12:k141_55021_11 (length 91)
P001_WA12/P001_WA12:k141_55021_12 (length 71)
P001_WA12/P001_WA12:k141_55021_13 (length 37)
P001_WA12/P001_WA12:k141_55021_14 (length 82)
P001_WA12/P001_WA12:k141_55021_15 (length 44)
P001_WA12/P001_WA12:k141_206338 (length 18621)
P001_WA12/P001_WA12:k141_206338_1 (length 49)
P001_WA12/P001_WA12:k141_206338_2 (length 741)
P001_WA12/P001_WA12:k141_206338_3 (length 325)
P001_WA12/P001_WA12:k141_206338_4 (length 522)
P001_WA12/P001_WA12:k141_206338_5 (length 81)
P001_WA12/P001_WA12:k141_206338_6 (length 101)
P001_WA12/P001_WA12:k141_206338_7 (length 176)
P001_WA12/P001_WA12:k141_206338_8 (length 186)
P001_WA12/P001_WA12:k141_206338_9 (length 156)
P001_WA12/P001_WA12:k141_206338_10 (length 188)
P001_WA12/P001_WA12:k141_206338_11 (length 411)
P001_WA12/P001_WA12:k141_206338_12 (length 92)
P001_WA12/P001_WA12:k141_206338_13 (length 67)
P001_WA12/P001_WA12:k141_206338_14 (length 635)
P001_WA12/P001_WA12:k141_206338_15 (length 915)
P001_WA12/P001_WA12:k141_152662 (length 37743)
P001_WA12/P001_WA12:k141_152662_1 (length 1060)
P001_WA12/P001_WA12:k141_152662_2 (length 152)
P001_WA12/P001_WA12:k141_152662_3 (length 586)
P001_WA12/P001_WA12:k141_152662_4 (length 1377)
P001_WA12/P001_WA12:k141_152662_5 (length 275)
P001_WA12/P001_WA12:k141_152662_6 (length 247)
P001_WA12/P001_WA12:k141_152662_7 (length 81)
P001_WA12/P001_WA12:k141_152662_8 (length 56)
P001_WA12/P001_WA12:k141_152662_9 (length 124)
P001_WA12/P001_WA12:k141_152662_10 (length 508)
P001_WA12/P001_WA12:k141_152662_11 (length 71)
P001_WA12/P001_WA12:k141_152662_12 (length 54)
P001_WA12/P001_WA12:k141_152662_13 (length 353)
P001_WA12/P001_WA12:k141_152662_14 (length 461)
P001_WA12/P001_WA12:k141_152662_15 (length 72)
P001_WA12/P001_WA12:k141_152662_16 (length 62)
P001_WA12/P001_WA12:k141_152662_17 (length 109)
P001_WA12/P001_WA12:k141_152662_18 (length 734)
P001_WA12/P001_WA12:k141_152662_19 (length 750)
P001_WA12/P001_WA12:k141_152662_20 (length 82)
P001_WA12/P001_WA12:k141_152662_21 (length 80)
P001_WA12/P001_WA12:k141_152662_22 (length 201)
P001_WA12/P001_WA12:k141_152662_23 (length 158)
P001_WA12/P001_WA12:k141_152662_24 (length 225)
P001_WA12/P001_WA12:k141_152662_25 (length 120)
P001_WA12/P001_WA12:k141_251730 (length 31885)
P001_WA12/P001_WA12:k141_251730_1 (length 133)
P001_WA12/P001_WA12:k141_251730_2 (length 492)
P001_WA12/P001_WA12:k141_251730_3 (length 485)
P001_WA12/P001_WA12:k141_251730_4 (length 483)
P001_WA12/P001_WA12:k141_251730_5 (length 109)
P001_WA12/P001_WA12:k141_251730_6 (length 213)
P001_WA12/P001_WA12:k141_251730_7 (length 64)
P001_WA12/P001_WA12:k141_251730_8 (length 229)
P001_WA12/P001_WA12:k141_251730_9 (length 320)
P001_WA12/P001_WA12:k141_251730_10 (length 40)
P001_WA12/P001_WA12:k141_251730_11 (length 39)
P001_WA12/P001_WA12:k141_251730_12 (length 83)
P001_WA12/P001_WA12:k141_251730_13 (length 44)
P001_WA12/P001_WA12:k141_251730_14 (length 78)
P001_WA12/P001_WA12:k141_251730_15 (length 101)
P001_WA12/P001_WA12:k141_251730_16 (length 126)
P001_WA12/P001_WA12:k141_251730_17 (length 73)
P001_WA12/P001_WA12:k141_251730_18 (length 104)
P001_WA12/P001_WA12:k141_251730_19 (length 53)
P001_WA12/P001_WA12:k141_251730_20 (length 508)
P001_WA12/P001_WA12:k141_251730_21 (length 79)
P001_WA12/P001_WA12:k141_251730_22 (length 162)
P001_WA12/P001_WA12:k141_251730_23 (length 174)
P001_WA12/P001_WA12:k141_251730_24 (length 335)
P001_WA12/P001_WA12:k141_251730_25 (length 136)
P001_WA12/P001_WA12:k141_251730_26 (length 37)
P001_WA12/P001_WA12:k141_251730_27 (length 77)
P001_WA12/P001_WA12:k141_251730_28 (length 134)
P001_WA12/P001_WA12:k141_251730_29 (length 122)
P001_WA12/P001_WA12:k141_251730_30 (length 119)
P001_WA12/P001_WA12:k141_251730_31 (length 218)
P001_WA12/P001_WA12:k141_251730_32 (length 155)
P001_WA12/P001_WA12:k141_251730_33 (length 92)
P001_WA12/P001_WA12:k141_88052 (length 1163)
P001_WA12/P001_WA12:k141_88052_1 (length 152)
P001_WA12/P001_WA12:k141_79264 (length 1153)
P001_WA12/P001_WA12:k141_107934 (length 1190)
P001_WA12/P001_WA12:k141_107934_1 (length 79)
P001_WA12/P001_WA12:k141_107934_2 (length 63)

DiscRep_ALL:DISC_INCONSISTENT_MOLINFO_TECH::Molinfo Technique Report (some missing, all same)
DiscRep_SUB:DISC_INCONSISTENT_MOLINFO_TECH::technique (all missing)
DiscRep_SUB:DISC_INCONSISTENT_MOLINFO_TECH::8 Molinfos are missing field technique
P001_WA12/P001_WA12:k141_55021 (length 24493)
P001_WA12/P001_WA12:k141_79264 (length 1153)
P001_WA12/P001_WA12:k141_88052 (length 1163)
P001_WA12/P001_WA12:k141_107934 (length 1190)
P001_WA12/P001_WA12:k141_152662 (length 37743)
P001_WA12/P001_WA12:k141_206338 (length 18621)
P001_WA12/P001_WA12:k141_246398 (length 10846)
P001_WA12/P001_WA12:k141_251730 (length 31885)

