Discrepancy Report Results

Summary
FATAL: MISSING_PROTEIN_ID:94 proteins have invalid IDs.
DISC_SOURCE_QUALS_ASNDISC:strain (all present, all same)
DISC_SOURCE_QUALS_ASNDISC:taxname (all present, all same)
DISC_FEATURE_COUNT:CDS: 94 present
DISC_FEATURE_COUNT:tRNA: 24 present
DISC_FEATURE_COUNT:rRNA: 2 present
DISC_COUNT_NUCLEOTIDES:3 nucleotide Bioseqs are present
FEATURE_LOCATION_CONFLICT:120 features have inconsistent gene locations.
SUSPECT_PRODUCT_NAMES:2 product_names contain suspect phrase or characters
	May contain database identifier more appropriate in note; remove from product name
		2 features contains three or more numbers together that may be identifiers more appropriate in note
DISC_QUALITY_SCORES:Quality scores are missing on all sequences.
ONCALLER_COMMENT_PRESENT:3 comment descriptors were found (all same)
SHORT_PROT_SEQUENCES:7 protein sequences are shorter than 50 aa.
MISSING_GENOMEASSEMBLY_COMMENTS:3 bioseqs are missing GenomeAssembly structured comments
MOLTYPE_NOT_MRNA:3 molecule types are not set as mRNA.
TECHNIQUE_NOT_TSA:3 technique are not set as TSA
MISSING_STRUCTURED_COMMENT:3 sequences do not include structured comments.
MISSING_PROJECT:97 sequences do not include project.
DISC_INCONSISTENT_MOLINFO_TECH:Molinfo Technique Report (some missing, all same)


Detailed Report

FATAL: DiscRep_ALL:MISSING_PROTEIN_ID::94 proteins have invalid IDs.
P001_WA05/P001_WA05:k141_94163_1 (length 353)
P001_WA05/P001_WA05:k141_94163_2 (length 511)
P001_WA05/P001_WA05:k141_94163_3 (length 55)
P001_WA05/P001_WA05:k141_94163_4 (length 99)
P001_WA05/P001_WA05:k141_94163_5 (length 58)
P001_WA05/P001_WA05:k141_94163_6 (length 96)
P001_WA05/P001_WA05:k141_94163_7 (length 56)
P001_WA05/P001_WA05:k141_94163_8 (length 353)
P001_WA05/P001_WA05:k141_94163_9 (length 461)
P001_WA05/P001_WA05:k141_94163_10 (length 70)
P001_WA05/P001_WA05:k141_94163_11 (length 57)
P001_WA05/P001_WA05:k141_94163_12 (length 29)
P001_WA05/P001_WA05:k141_94163_13 (length 97)
P001_WA05/P001_WA05:k141_94163_14 (length 1076)
P001_WA05/P001_WA05:k141_94163_15 (length 676)
P001_WA05/P001_WA05:k141_94163_16 (length 1473)
P001_WA05/P001_WA05:k141_94163_17 (length 236)
P001_WA05/P001_WA05:k141_94163_18 (length 287)
P001_WA05/P001_WA05:k141_94163_19 (length 56)
P001_WA05/P001_WA05:k141_94163_20 (length 81)
P001_WA05/P001_WA05:k141_94163_21 (length 56)
P001_WA05/P001_WA05:k141_94163_22 (length 123)
P001_WA05/P001_WA05:k141_94163_23 (length 504)
P001_WA05/P001_WA05:k141_94163_24 (length 103)
P001_WA05/P001_WA05:k141_94163_25 (length 734)
P001_WA05/P001_WA05:k141_94163_26 (length 750)
P001_WA05/P001_WA05:k141_94163_27 (length 82)
P001_WA05/P001_WA05:k141_94163_28 (length 44)
P001_WA05/P001_WA05:k141_94163_29 (length 55)
P001_WA05/P001_WA05:k141_94163_30 (length 201)
P001_WA05/P001_WA05:k141_94163_31 (length 69)
P001_WA05/P001_WA05:k141_94163_32 (length 162)
P001_WA05/P001_WA05:k141_94163_33 (length 248)
P001_WA05/P001_WA05:k141_94163_34 (length 120)
P001_WA05/P001_WA05:k141_94163_35 (length 137)
P001_WA05/P001_WA05:k141_94163_36 (length 498)
P001_WA05/P001_WA05:k141_94163_37 (length 479)
P001_WA05/P001_WA05:k141_94163_38 (length 64)
P001_WA05/P001_WA05:k141_94163_39 (length 36)
P001_WA05/P001_WA05:k141_94163_40 (length 229)
P001_WA05/P001_WA05:k141_94163_41 (length 225)
P001_WA05/P001_WA05:k141_94163_42 (length 320)
P001_WA05/P001_WA05:k141_94163_43 (length 40)
P001_WA05/P001_WA05:k141_94163_44 (length 50)
P001_WA05/P001_WA05:k141_94163_45 (length 83)
P001_WA05/P001_WA05:k141_94163_46 (length 31)
P001_WA05/P001_WA05:k141_94163_47 (length 52)
P001_WA05/P001_WA05:k141_94163_48 (length 170)
P001_WA05/P001_WA05:k141_94163_49 (length 119)
P001_WA05/P001_WA05:k141_94163_50 (length 57)
P001_WA05/P001_WA05:k141_94163_51 (length 214)
P001_WA05/P001_WA05:k141_94163_52 (length 508)
P001_WA05/P001_WA05:k141_94163_53 (length 38)
P001_WA05/P001_WA05:k141_94163_54 (length 118)
P001_WA05/P001_WA05:k141_94163_55 (length 58)
P001_WA05/P001_WA05:k141_94163_56 (length 232)
P001_WA05/P001_WA05:k141_94163_57 (length 174)
P001_WA05/P001_WA05:k141_94163_58 (length 343)
P001_WA05/P001_WA05:k141_94163_59 (length 143)
P001_WA05/P001_WA05:k141_94163_60 (length 61)
P001_WA05/P001_WA05:k141_94163_61 (length 113)
P001_WA05/P001_WA05:k141_94163_62 (length 136)
P001_WA05/P001_WA05:k141_94163_63 (length 123)
P001_WA05/P001_WA05:k141_94163_64 (length 120)
P001_WA05/P001_WA05:k141_94163_65 (length 33)
P001_WA05/P001_WA05:k141_94163_66 (length 239)
P001_WA05/P001_WA05:k141_94163_67 (length 147)
P001_WA05/P001_WA05:k141_32338_1 (length 90)
P001_WA05/P001_WA05:k141_32338_2 (length 78)
P001_WA05/P001_WA05:k141_32338_3 (length 64)
P001_WA05/P001_WA05:k141_32338_4 (length 74)
P001_WA05/P001_WA05:k141_32338_5 (length 73)
P001_WA05/P001_WA05:k141_32338_6 (length 52)
P001_WA05/P001_WA05:k141_32338_7 (length 156)
P001_WA05/P001_WA05:k141_32338_8 (length 282)
P001_WA05/P001_WA05:k141_32338_9 (length 204)
P001_WA05/P001_WA05:k141_32338_10 (length 131)
P001_WA05/P001_WA05:k141_32338_11 (length 282)
P001_WA05/P001_WA05:k141_32338_12 (length 93)
P001_WA05/P001_WA05:k141_32338_13 (length 112)
P001_WA05/P001_WA05:k141_32338_14 (length 165)
P001_WA05/P001_WA05:k141_32338_15 (length 93)
P001_WA05/P001_WA05:k141_77472_1 (length 383)
P001_WA05/P001_WA05:k141_77472_2 (length 187)
P001_WA05/P001_WA05:k141_77472_3 (length 141)
P001_WA05/P001_WA05:k141_77472_4 (length 180)
P001_WA05/P001_WA05:k141_77472_5 (length 176)
P001_WA05/P001_WA05:k141_77472_6 (length 100)
P001_WA05/P001_WA05:k141_77472_7 (length 81)
P001_WA05/P001_WA05:k141_77472_8 (length 500)
P001_WA05/P001_WA05:k141_77472_9 (length 319)
P001_WA05/P001_WA05:k141_77472_10 (length 63)
P001_WA05/P001_WA05:k141_77472_11 (length 739)
P001_WA05/P001_WA05:k141_77472_12 (length 56)

DiscRep_ALL:DISC_SOURCE_QUALS_ASNDISC::strain (all present, all same)
DiscRep_SUB:DISC_SOURCE_QUALS_ASNDISC::3 sources have 'strain' for strain
DiscRep_ALL:DISC_SOURCE_QUALS_ASNDISC::taxname (all present, all same)
DiscRep_SUB:DISC_SOURCE_QUALS_ASNDISC::3 sources have 'Genus species' for taxname
DiscRep_ALL:DISC_FEATURE_COUNT::CDS: 94 present
DiscRep_ALL:DISC_FEATURE_COUNT::tRNA: 24 present
DiscRep_ALL:DISC_FEATURE_COUNT::rRNA: 2 present
DiscRep_ALL:DISC_COUNT_NUCLEOTIDES::3 nucleotide Bioseqs are present
P001_WA05/P001_WA05:k141_94163 (length 78914)
P001_WA05/P001_WA05:k141_32338 (length 21238)
P001_WA05/P001_WA05:k141_77472 (length 12682)

DiscRep_ALL:FEATURE_LOCATION_CONFLICT::120 features have inconsistent gene locations.
DiscRep_SUB:FEATURE_LOCATION_CONFLICT::Coding region xref gene does not exist
P001_WA05/P001_WA05:CDS	photosystem II protein D1	k141_94163:c1289-228	P001_WA05_00001

DiscRep_SUB:FEATURE_LOCATION_CONFLICT::Coding region xref gene does not exist
P001_WA05/P001_WA05:CDS	maturase K	k141_94163:c3364-1829	P001_WA05_00002

DiscRep_SUB:FEATURE_LOCATION_CONFLICT::Coding region xref gene does not exist
P001_WA05/P001_WA05:CDS	hypothetical protein	k141_94163:c5031-4864	P001_WA05_00003

DiscRep_SUB:FEATURE_LOCATION_CONFLICT::Coding region xref gene does not exist
P001_WA05/P001_WA05:CDS	Photosystem II reaction center protein K	k141_94163:6789-7088	P001_WA05_00005

DiscRep_SUB:FEATURE_LOCATION_CONFLICT::Coding region xref gene does not exist
P001_WA05/P001_WA05:CDS	hypothetical protein	k141_94163:7121-7297	P001_WA05_00006

DiscRep_SUB:FEATURE_LOCATION_CONFLICT::Coding region xref gene does not exist
P001_WA05/P001_WA05:CDS	hypothetical protein	k141_94163:7948-8238	P001_WA05_00008

DiscRep_SUB:FEATURE_LOCATION_CONFLICT::Coding region xref gene does not exist
P001_WA05/P001_WA05:CDS	hypothetical protein	k141_94163:c8499-8329	P001_WA05_00009

DiscRep_SUB:FEATURE_LOCATION_CONFLICT::Coding region xref gene does not exist
P001_WA05/P001_WA05:CDS	photosystem II protein D2	k141_94163:8784-9845	P001_WA05_00010

DiscRep_SUB:FEATURE_LOCATION_CONFLICT::Coding region xref gene does not exist
P001_WA05/P001_WA05:CDS	photosystem II CP43 chlorophyll apoprotein	k141_94163:9829-11214	P001_WA05_00011

DiscRep_SUB:FEATURE_LOCATION_CONFLICT::Coding region xref gene does not exist
P001_WA05/P001_WA05:CDS	photosystem II protein Z	k141_94163:11791-12003	P001_WA05_00013

DiscRep_SUB:FEATURE_LOCATION_CONFLICT::Coding region xref gene does not exist
P001_WA05/P001_WA05:CDS	hypothetical protein	k141_94163:c12173-12000	P001_WA05_00014

DiscRep_SUB:FEATURE_LOCATION_CONFLICT::Coding region xref gene does not exist
P001_WA05/P001_WA05:CDS	cytochrome b6/f complex subunit VII	k141_94163:c16547-16458	P001_WA05_00021

DiscRep_SUB:FEATURE_LOCATION_CONFLICT::Coding region xref gene does not exist
P001_WA05/P001_WA05:CDS	hypothetical protein	k141_94163:c17015-16722	P001_WA05_00022

DiscRep_SUB:FEATURE_LOCATION_CONFLICT::Coding region xref gene does not exist
P001_WA05/P001_WA05:CDS	RNA polymerase beta subunit	k141_94163:18709-21939	P001_WA05_00024

DiscRep_SUB:FEATURE_LOCATION_CONFLICT::Coding region xref gene does not exist
P001_WA05/P001_WA05:CDS	RNA polymerase beta' subunit	k141_94163:21977-24007	P001_WA05_00025

DiscRep_SUB:FEATURE_LOCATION_CONFLICT::Coding region xref gene does not exist
P001_WA05/P001_WA05:CDS	DNA-directed RNA polymerase subunit beta'	k141_94163:24211-28632	P001_WA05_00026

DiscRep_SUB:FEATURE_LOCATION_CONFLICT::Coding region xref gene does not exist
P001_WA05/P001_WA05:CDS	ribosomal protein S2	k141_94163:28937-29647	P001_WA05_00027

DiscRep_SUB:FEATURE_LOCATION_CONFLICT::Coding region xref gene does not exist
P001_WA05/P001_WA05:CDS	ATP synthase CF0 subunit IV	k141_94163:29781-30644	P001_WA05_00028

DiscRep_SUB:FEATURE_LOCATION_CONFLICT::Coding region xref gene does not exist
P001_WA05/P001_WA05:CDS	hypothetical protein	k141_94163:30933-31103	P001_WA05_00029

DiscRep_SUB:FEATURE_LOCATION_CONFLICT::Coding region xref gene does not exist
P001_WA05/P001_WA05:CDS	ATP synthase CF0 subunit III	k141_94163:31212-31457	P001_WA05_00030

DiscRep_SUB:FEATURE_LOCATION_CONFLICT::Coding region xref gene does not exist
P001_WA05/P001_WA05:CDS	ATP synthase CF0 subunit I	k141_94163:31689-31859	P001_WA05_00031

DiscRep_SUB:FEATURE_LOCATION_CONFLICT::Coding region xref gene does not exist
P001_WA05/P001_WA05:CDS	ATP synthase CF0 subunit I	k141_94163:32689-33060	P001_WA05_00032

DiscRep_SUB:FEATURE_LOCATION_CONFLICT::Coding region xref gene does not exist
P001_WA05/P001_WA05:CDS	ATP synthase CF1 alpha subunit	k141_94163:33158-34672	P001_WA05_00033

DiscRep_SUB:FEATURE_LOCATION_CONFLICT::Coding region xref gene does not exist
P001_WA05/P001_WA05:CDS	ribosomal protein S14	k141_94163:c35575-35264	P001_WA05_00035

DiscRep_SUB:FEATURE_LOCATION_CONFLICT::Coding region xref gene does not exist
P001_WA05/P001_WA05:CDS	photosystem I P700 apoprotein A2	k141_94163:c37941-35737	P001_WA05_00036

DiscRep_SUB:FEATURE_LOCATION_CONFLICT::Coding region xref gene does not exist
P001_WA05/P001_WA05:CDS	photosystem I P700 apoprotein A1	k141_94163:c40219-37967	P001_WA05_00037

DiscRep_SUB:FEATURE_LOCATION_CONFLICT::Coding region xref gene does not exist
P001_WA05/P001_WA05:CDS	putative chloroplast RF34	k141_94163:c41966-41718	P001_WA05_00038

DiscRep_SUB:FEATURE_LOCATION_CONFLICT::Coding region xref gene does not exist
P001_WA05/P001_WA05:CDS	putative chloroplast RF34	k141_94163:c42843-42709	P001_WA05_00039

DiscRep_SUB:FEATURE_LOCATION_CONFLICT::Coding region xref gene does not exist
P001_WA05/P001_WA05:CDS	hypothetical protein	k141_94163:c42956-42789	P001_WA05_00040

DiscRep_SUB:FEATURE_LOCATION_CONFLICT::Coding region xref gene does not exist
P001_WA05/P001_WA05:CDS	ribosomal protein S4	k141_94163:c44426-43821	P001_WA05_00042

DiscRep_SUB:FEATURE_LOCATION_CONFLICT::Coding region xref gene does not exist
P001_WA05/P001_WA05:CDS	hypothetical protein	k141_94163:46368-46577	P001_WA05_00044

DiscRep_SUB:FEATURE_LOCATION_CONFLICT::Coding region xref gene does not exist
P001_WA05/P001_WA05:CDS	NADH-plastoquinone oxidoreductase subunit J	k141_94163:c47737-47249	P001_WA05_00046

DiscRep_SUB:FEATURE_LOCATION_CONFLICT::Coding region xref gene does not exist
P001_WA05/P001_WA05:CDS	NADH-plastoquinone oxidoreductase subunit K	k141_94163:c48570-47824	P001_WA05_00047

DiscRep_SUB:FEATURE_LOCATION_CONFLICT::Coding region xref gene does not exist
P001_WA05/P001_WA05:CDS	NADH-plastoquinone oxidoreductase subunit 3	k141_94163:c48923-48561	P001_WA05_00048

DiscRep_SUB:FEATURE_LOCATION_CONFLICT::Coding region xref gene does not exist
P001_WA05/P001_WA05:CDS	ATP synthase CF1 epsilon subunit	k141_94163:c51240-50827	P001_WA05_00050

DiscRep_SUB:FEATURE_LOCATION_CONFLICT::Coding region xref gene does not exist
P001_WA05/P001_WA05:CDS	ATP synthase CF1 beta subunit	k141_94163:c52733-51237	P001_WA05_00051

DiscRep_SUB:FEATURE_LOCATION_CONFLICT::Coding region xref gene does not exist
P001_WA05/P001_WA05:CDS	ribulose-1,5-bisphosphate carboxylase/oxygenase large subunit	k141_94163:53537-54976	P001_WA05_00052

DiscRep_SUB:FEATURE_LOCATION_CONFLICT::Coding region xref gene does not exist
P001_WA05/P001_WA05:CDS	hypothetical protein	k141_94163:55311-55505	P001_WA05_00053

DiscRep_SUB:FEATURE_LOCATION_CONFLICT::Coding region xref gene does not exist
P001_WA05/P001_WA05:CDS	photosystem I subunit VIII	k141_94163:55862-55972	P001_WA05_00054

DiscRep_SUB:FEATURE_LOCATION_CONFLICT::Coding region xref gene does not exist
P001_WA05/P001_WA05:CDS	photosystem I assembly protein Ycf4	k141_94163:56158-56847	P001_WA05_00055

DiscRep_SUB:FEATURE_LOCATION_CONFLICT::Coding region xref gene does not exist
P001_WA05/P001_WA05:CDS	envelope membrane protein	k141_94163:57292-57969	P001_WA05_00056

DiscRep_SUB:FEATURE_LOCATION_CONFLICT::Coding region xref gene does not exist
P001_WA05/P001_WA05:CDS	cytochrome f	k141_94163:58202-59164	P001_WA05_00057

DiscRep_SUB:FEATURE_LOCATION_CONFLICT::Coding region xref gene does not exist
P001_WA05/P001_WA05:CDS	photosystem II protein J	k141_94163:c60033-59911	P001_WA05_00058

DiscRep_SUB:FEATURE_LOCATION_CONFLICT::Coding region xref gene does not exist
P001_WA05/P001_WA05:CDS	Cytochrome b559 subunit beta	k141_94163:c60451-60299	P001_WA05_00059

DiscRep_SUB:FEATURE_LOCATION_CONFLICT::Coding region xref gene does not exist
P001_WA05/P001_WA05:CDS	photosystem II cytochrome b559 alpha subunit	k141_94163:c60680-60429	P001_WA05_00060

DiscRep_SUB:FEATURE_LOCATION_CONFLICT::Coding region xref gene does not exist
P001_WA05/P001_WA05:CDS	cytochrome b6/f complex subunit VI	k141_94163:61779-61874	P001_WA05_00061

DiscRep_SUB:FEATURE_LOCATION_CONFLICT::Coding region xref gene does not exist
P001_WA05/P001_WA05:CDS	photosystem I subunit IX	k141_94163:62873-63031	P001_WA05_00064

DiscRep_SUB:FEATURE_LOCATION_CONFLICT::Coding region xref gene does not exist
P001_WA05/P001_WA05:CDS	hypothetical protein	k141_94163:63953-64465	P001_WA05_00065

DiscRep_SUB:FEATURE_LOCATION_CONFLICT::Coding region xref gene does not exist
P001_WA05/P001_WA05:CDS	ribosomal protein L20	k141_94163:c64982-64623	P001_WA05_00066

DiscRep_SUB:FEATURE_LOCATION_CONFLICT::Coding region xref gene does not exist
P001_WA05/P001_WA05:CDS	hypothetical protein	k141_94163:c65792-65619	P001_WA05_00067

DiscRep_SUB:FEATURE_LOCATION_CONFLICT::Coding region xref gene does not exist
P001_WA05/P001_WA05:CDS	ATP-dependent Clp protease proteolytic subunit	k141_94163:c66589-65945	P001_WA05_00068

DiscRep_SUB:FEATURE_LOCATION_CONFLICT::Coding region xref gene does not exist
P001_WA05/P001_WA05:CDS	photosystem II CP47 chlorophyll apoprotein	k141_94163:67125-68651	P001_WA05_00069

DiscRep_SUB:FEATURE_LOCATION_CONFLICT::Coding region xref gene does not exist
P001_WA05/P001_WA05:CDS	photosystem II protein T	k141_94163:68820-68936	P001_WA05_00070

DiscRep_SUB:FEATURE_LOCATION_CONFLICT::Coding region xref gene does not exist
P001_WA05/P001_WA05:CDS	Photosystem II reaction center protein H	k141_94163:69085-69441	P001_WA05_00071

DiscRep_SUB:FEATURE_LOCATION_CONFLICT::Coding region xref gene does not exist
P001_WA05/P001_WA05:CDS	hypothetical protein	k141_94163:c70136-69960	P001_WA05_00072

DiscRep_SUB:FEATURE_LOCATION_CONFLICT::Coding region xref gene does not exist
P001_WA05/P001_WA05:CDS	cytochrome b6	k141_94163:70273-70971	P001_WA05_00073

DiscRep_SUB:FEATURE_LOCATION_CONFLICT::Coding region xref gene does not exist
P001_WA05/P001_WA05:CDS	cytochrome b6/f complex subunit IV	k141_94163:71857-72381	P001_WA05_00074

DiscRep_SUB:FEATURE_LOCATION_CONFLICT::Coding region xref gene does not exist
P001_WA05/P001_WA05:CDS	DNA-directed RNA polymerase subunit alpha	k141_94163:c73614-72583	P001_WA05_00075

DiscRep_SUB:FEATURE_LOCATION_CONFLICT::Coding region xref gene does not exist
P001_WA05/P001_WA05:CDS	ribosomal protein S11	k141_94163:c74110-73679	P001_WA05_00076

DiscRep_SUB:FEATURE_LOCATION_CONFLICT::Coding region xref gene does not exist
P001_WA05/P001_WA05:CDS	hypothetical protein	k141_94163:74339-74524	P001_WA05_00077

DiscRep_SUB:FEATURE_LOCATION_CONFLICT::Coding region xref gene does not exist
P001_WA05/P001_WA05:CDS	Translation initiation factor IF-1	k141_94163:c74862-74521	P001_WA05_00078

DiscRep_SUB:FEATURE_LOCATION_CONFLICT::Coding region xref gene does not exist
P001_WA05/P001_WA05:CDS	ribosomal protein S8	k141_94163:c75377-74967	P001_WA05_00079

DiscRep_SUB:FEATURE_LOCATION_CONFLICT::Coding region xref gene does not exist
P001_WA05/P001_WA05:CDS	ribosomal protein L14	k141_94163:c75899-75528	P001_WA05_00080

DiscRep_SUB:FEATURE_LOCATION_CONFLICT::Coding region xref gene does not exist
P001_WA05/P001_WA05:CDS	ribosomal protein L16	k141_94163:c76384-76022	P001_WA05_00081

DiscRep_SUB:FEATURE_LOCATION_CONFLICT::Coding region xref gene does not exist
P001_WA05/P001_WA05:CDS	hypothetical protein	k141_94163:77167-77268	P001_WA05_00082

DiscRep_SUB:FEATURE_LOCATION_CONFLICT::Coding region xref gene does not exist
P001_WA05/P001_WA05:CDS	ribosomal protein S3	k141_94163:c78215-77496	P001_WA05_00083

DiscRep_SUB:FEATURE_LOCATION_CONFLICT::Coding region xref gene does not exist
P001_WA05/P001_WA05:CDS	hypothetical protein	k141_94163:c78731-78288	P001_WA05_00084

DiscRep_SUB:FEATURE_LOCATION_CONFLICT::RNA feature xref gene does not exist
P001_WA05/P001_WA05:tRNA	Gln	k141_94163:c6559-6488	P001_WA05_00004

DiscRep_SUB:FEATURE_LOCATION_CONFLICT::RNA feature xref gene does not exist
P001_WA05/P001_WA05:tRNA	Ser	k141_94163:c7814-7726	P001_WA05_00007

DiscRep_SUB:FEATURE_LOCATION_CONFLICT::RNA feature xref gene does not exist
P001_WA05/P001_WA05:tRNA	Ser	k141_94163:c11458-11371	P001_WA05_00012

DiscRep_SUB:FEATURE_LOCATION_CONFLICT::RNA feature xref gene does not exist
P001_WA05/P001_WA05:tRNA	Gly	k141_94163:12287-12358	P001_WA05_00015

DiscRep_SUB:FEATURE_LOCATION_CONFLICT::RNA feature xref gene does not exist
P001_WA05/P001_WA05:tRNA	Met	k141_94163:c12689-12614	P001_WA05_00016

DiscRep_SUB:FEATURE_LOCATION_CONFLICT::RNA feature xref gene does not exist
P001_WA05/P001_WA05:tRNA	Thr	k141_94163:14161-14234	P001_WA05_00017

DiscRep_SUB:FEATURE_LOCATION_CONFLICT::RNA feature xref gene does not exist
P001_WA05/P001_WA05:tRNA	Glu	k141_94163:14775-14849	P001_WA05_00018

DiscRep_SUB:FEATURE_LOCATION_CONFLICT::RNA feature xref gene does not exist
P001_WA05/P001_WA05:tRNA	Tyr	k141_94163:14909-14994	P001_WA05_00019

DiscRep_SUB:FEATURE_LOCATION_CONFLICT::RNA feature xref gene does not exist
P001_WA05/P001_WA05:tRNA	Asp	k141_94163:15342-15415	P001_WA05_00020

DiscRep_SUB:FEATURE_LOCATION_CONFLICT::RNA feature xref gene does not exist
P001_WA05/P001_WA05:tRNA	Cys	k141_94163:c17541-17471	P001_WA05_00023

DiscRep_SUB:FEATURE_LOCATION_CONFLICT::RNA feature xref gene does not exist
P001_WA05/P001_WA05:tRNA	Arg	k141_94163:c34885-34814	P001_WA05_00034

DiscRep_SUB:FEATURE_LOCATION_CONFLICT::RNA feature xref gene does not exist
P001_WA05/P001_WA05:tRNA	Ser	k141_94163:43467-43553	P001_WA05_00041

DiscRep_SUB:FEATURE_LOCATION_CONFLICT::RNA feature xref gene does not exist
P001_WA05/P001_WA05:tRNA	Thr	k141_94163:c44802-44728	P001_WA05_00043

DiscRep_SUB:FEATURE_LOCATION_CONFLICT::RNA feature xref gene does not exist
P001_WA05/P001_WA05:tRNA	Phe	k141_94163:46591-46663	P001_WA05_00045

DiscRep_SUB:FEATURE_LOCATION_CONFLICT::RNA feature xref gene does not exist
P001_WA05/P001_WA05:tRNA	Met	k141_94163:50639-50713	P001_WA05_00049

DiscRep_SUB:FEATURE_LOCATION_CONFLICT::RNA feature xref gene does not exist
P001_WA05/P001_WA05:tRNA	Trp	k141_94163:c62357-62284	P001_WA05_00062

DiscRep_SUB:FEATURE_LOCATION_CONFLICT::RNA feature xref gene does not exist
P001_WA05/P001_WA05:tRNA	Pro	k141_94163:c62565-62490	P001_WA05_00063

DiscRep_SUB:FEATURE_LOCATION_CONFLICT::Coding region xref gene does not exist
P001_WA05/P001_WA05:CDS	ribosomal protein S15	k141_32338:c581-309	P001_WA05_00085

DiscRep_SUB:FEATURE_LOCATION_CONFLICT::Coding region xref gene does not exist
P001_WA05/P001_WA05:CDS	hypothetical protein	k141_32338:7049-7285	P001_WA05_00089

DiscRep_SUB:FEATURE_LOCATION_CONFLICT::Coding region xref gene does not exist
P001_WA05/P001_WA05:CDS	hypothetical protein	k141_32338:c7763-7569	P001_WA05_00090

DiscRep_SUB:FEATURE_LOCATION_CONFLICT::Coding region xref gene does not exist
P001_WA05/P001_WA05:CDS	hypothetical protein	k141_32338:7914-8138	P001_WA05_00091

DiscRep_SUB:FEATURE_LOCATION_CONFLICT::Coding region xref gene does not exist
P001_WA05/P001_WA05:CDS	hypothetical protein	k141_32338:10597-10818	P001_WA05_00094

DiscRep_SUB:FEATURE_LOCATION_CONFLICT::Coding region xref gene does not exist
P001_WA05/P001_WA05:CDS	hypothetical protein	k141_32338:12078-12236	P001_WA05_00095

DiscRep_SUB:FEATURE_LOCATION_CONFLICT::Coding region xref gene does not exist
P001_WA05/P001_WA05:CDS	ribosomal protein S7	k141_32338:12575-13045	P001_WA05_00096

DiscRep_SUB:FEATURE_LOCATION_CONFLICT::Coding region xref gene does not exist
P001_WA05/P001_WA05:CDS	NADH-plastoquinone oxidoreductase subunit 2	k141_32338:13345-14193	P001_WA05_00097

DiscRep_SUB:FEATURE_LOCATION_CONFLICT::Coding region xref gene does not exist
P001_WA05/P001_WA05:CDS	NADH-plastoquinone oxidoreductase subunit 2	k141_32338:14982-15596	P001_WA05_00098

DiscRep_SUB:FEATURE_LOCATION_CONFLICT::Coding region xref gene does not exist
P001_WA05/P001_WA05:CDS	hypothetical protein	k141_32338:c16900-16505	P001_WA05_00100

DiscRep_SUB:FEATURE_LOCATION_CONFLICT::Coding region xref gene does not exist
P001_WA05/P001_WA05:CDS	hypothetical protein	k141_32338:c18272-17424	P001_WA05_00101

DiscRep_SUB:FEATURE_LOCATION_CONFLICT::Coding region xref gene does not exist
P001_WA05/P001_WA05:CDS	ribosomal protein L23	k141_32338:18874-19155	P001_WA05_00103

DiscRep_SUB:FEATURE_LOCATION_CONFLICT::Coding region xref gene does not exist
P001_WA05/P001_WA05:CDS	ribosomal protein L2	k141_32338:19237-19575	P001_WA05_00104

DiscRep_SUB:FEATURE_LOCATION_CONFLICT::Coding region xref gene does not exist
P001_WA05/P001_WA05:CDS	ribosomal protein L2	k141_32338:20161-20658	P001_WA05_00105

DiscRep_SUB:FEATURE_LOCATION_CONFLICT::Coding region xref gene does not exist
P001_WA05/P001_WA05:CDS	ribosomal protein S19	k141_32338:20920-21201	P001_WA05_00107

DiscRep_SUB:FEATURE_LOCATION_CONFLICT::RNA feature xref gene does not exist
P001_WA05/P001_WA05:tRNA	Asn	k141_32338:2119-2192	P001_WA05_00086

DiscRep_SUB:FEATURE_LOCATION_CONFLICT::RNA feature xref gene does not exist
P001_WA05/P001_WA05:tRNA	Arg	k141_32338:c2518-2444	P001_WA05_00087

DiscRep_SUB:FEATURE_LOCATION_CONFLICT::RNA feature xref gene does not exist
P001_WA05/P001_WA05:rRNA	23S ribosomal RNA	k141_32338:c6170-3095	P001_WA05_00088

DiscRep_SUB:FEATURE_LOCATION_CONFLICT::RNA feature xref gene does not exist
P001_WA05/P001_WA05:rRNA	16S ribosomal RNA	k141_32338:c9944-8458	P001_WA05_00092

DiscRep_SUB:FEATURE_LOCATION_CONFLICT::RNA feature xref gene does not exist
P001_WA05/P001_WA05:tRNA	Val	k141_32338:c10250-10179	P001_WA05_00093

DiscRep_SUB:FEATURE_LOCATION_CONFLICT::RNA feature xref gene does not exist
P001_WA05/P001_WA05:tRNA	Leu	k141_32338:16105-16187	P001_WA05_00099

DiscRep_SUB:FEATURE_LOCATION_CONFLICT::RNA feature xref gene does not exist
P001_WA05/P001_WA05:tRNA	Met	k141_32338:18626-18700	P001_WA05_00102

DiscRep_SUB:FEATURE_LOCATION_CONFLICT::RNA feature xref gene does not exist
P001_WA05/P001_WA05:tRNA	His	k141_32338:c20787-20713	P001_WA05_00106

DiscRep_SUB:FEATURE_LOCATION_CONFLICT::Coding region xref gene does not exist
P001_WA05/P001_WA05:CDS	NADH-plastoquinone oxidoreductase subunit 7	k141_77472:3-1154	P001_WA05_00108

DiscRep_SUB:FEATURE_LOCATION_CONFLICT::Coding region xref gene does not exist
P001_WA05/P001_WA05:CDS	NADH-plastoquinone oxidoreductase subunit 1	k141_77472:1156-1719	P001_WA05_00109

DiscRep_SUB:FEATURE_LOCATION_CONFLICT::Coding region xref gene does not exist
P001_WA05/P001_WA05:CDS	NADH-plastoquinone oxidoreductase subunit 1	k141_77472:2823-3248	P001_WA05_00110

DiscRep_SUB:FEATURE_LOCATION_CONFLICT::Coding region xref gene does not exist
P001_WA05/P001_WA05:CDS	NADH-plastoquinone oxidoreductase subunit I	k141_77472:3346-3888	P001_WA05_00111

DiscRep_SUB:FEATURE_LOCATION_CONFLICT::Coding region xref gene does not exist
P001_WA05/P001_WA05:CDS	NADH-plastoquinone oxidoreductase subunit 6	k141_77472:4007-4537	P001_WA05_00112

DiscRep_SUB:FEATURE_LOCATION_CONFLICT::Coding region xref gene does not exist
P001_WA05/P001_WA05:CDS	NADH-plastoquinone oxidoreductase subunit 4L	k141_77472:4753-5055	P001_WA05_00113

DiscRep_SUB:FEATURE_LOCATION_CONFLICT::Coding region xref gene does not exist
P001_WA05/P001_WA05:CDS	photosystem I subunit VII	k141_77472:5548-5793	P001_WA05_00114

DiscRep_SUB:FEATURE_LOCATION_CONFLICT::Coding region xref gene does not exist
P001_WA05/P001_WA05:CDS	NADH-plastoquinone oxidoreductase subunit 4	k141_77472:5913-7415	P001_WA05_00115

DiscRep_SUB:FEATURE_LOCATION_CONFLICT::Coding region xref gene does not exist
P001_WA05/P001_WA05:CDS	cytochrome c heme attachment protein	k141_77472:c8553-7594	P001_WA05_00116

DiscRep_SUB:FEATURE_LOCATION_CONFLICT::Coding region xref gene does not exist
P001_WA05/P001_WA05:CDS	ribosomal protein L32	k141_77472:c9380-9189	P001_WA05_00118

DiscRep_SUB:FEATURE_LOCATION_CONFLICT::Coding region xref gene does not exist
P001_WA05/P001_WA05:CDS	NADH-plastoquinone oxidoreductase subunit 5	k141_77472:10235-12454	P001_WA05_00119

DiscRep_SUB:FEATURE_LOCATION_CONFLICT::Coding region xref gene does not exist
P001_WA05/P001_WA05:CDS	NADH-plastoquinone oxidoreductase subunit 7	k141_77472:c12680-12510	P001_WA05_00120

DiscRep_SUB:FEATURE_LOCATION_CONFLICT::RNA feature xref gene does not exist
P001_WA05/P001_WA05:tRNA	Leu	k141_77472:c8710-8631	P001_WA05_00117

DiscRep_ALL:SUSPECT_PRODUCT_NAMES::2 product_names contain suspect phrase or characters
DiscRep_SUB:SUSPECT_PRODUCT_NAMES::May contain database identifier more appropriate in note; remove from product name
DiscRep_SUB:SUSPECT_PRODUCT_NAMES::2 features contains three or more numbers together that may be identifiers more appropriate in note
P001_WA05/P001_WA05:CDS	photosystem I P700 apoprotein A2	k141_94163:c37941-35737	P001_WA05_00036
P001_WA05/P001_WA05:CDS	photosystem I P700 apoprotein A1	k141_94163:c40219-37967	P001_WA05_00037

DiscRep_ALL:DISC_QUALITY_SCORES::Quality scores are missing on all sequences.

DiscRep_ALL:ONCALLER_COMMENT_PRESENT::3 comment descriptors were found (all same)
P001_WA05/P001_WA05:k141_94163:Annotated using prokka 1.14.5 from https://github.com/tseemann/prokka
P001_WA05/P001_WA05:k141_32338:Annotated using prokka 1.14.5 from https://github.com/tseemann/prokka
P001_WA05/P001_WA05:k141_77472:Annotated using prokka 1.14.5 from https://github.com/tseemann/prokka

DiscRep_ALL:SHORT_PROT_SEQUENCES::7 protein sequences are shorter than 50 aa.
P001_WA05/P001_WA05:k141_94163_12 (length 29)
P001_WA05/P001_WA05:k141_94163_28 (length 44)
P001_WA05/P001_WA05:k141_94163_39 (length 36)
P001_WA05/P001_WA05:k141_94163_43 (length 40)
P001_WA05/P001_WA05:k141_94163_46 (length 31)
P001_WA05/P001_WA05:k141_94163_53 (length 38)
P001_WA05/P001_WA05:k141_94163_65 (length 33)

DiscRep_ALL:MISSING_GENOMEASSEMBLY_COMMENTS::3 bioseqs are missing GenomeAssembly structured comments
P001_WA05/P001_WA05:k141_94163 (length 78914)
P001_WA05/P001_WA05:k141_32338 (length 21238)
P001_WA05/P001_WA05:k141_77472 (length 12682)

DiscRep_ALL:MOLTYPE_NOT_MRNA::3 molecule types are not set as mRNA.
P001_WA05/P001_WA05:k141_94163 (length 78914)
P001_WA05/P001_WA05:k141_32338 (length 21238)
P001_WA05/P001_WA05:k141_77472 (length 12682)

DiscRep_ALL:TECHNIQUE_NOT_TSA::3 technique are not set as TSA
P001_WA05/P001_WA05:k141_94163 (length 78914)
P001_WA05/P001_WA05:k141_32338 (length 21238)
P001_WA05/P001_WA05:k141_77472 (length 12682)

DiscRep_ALL:MISSING_STRUCTURED_COMMENT::3 sequences do not include structured comments.
P001_WA05/P001_WA05:k141_94163 (length 78914)
P001_WA05/P001_WA05:k141_32338 (length 21238)
P001_WA05/P001_WA05:k141_77472 (length 12682)

DiscRep_ALL:MISSING_PROJECT::97 sequences do not include project.
P001_WA05/P001_WA05:k141_94163 (length 78914)
P001_WA05/P001_WA05:k141_94163_1 (length 353)
P001_WA05/P001_WA05:k141_94163_2 (length 511)
P001_WA05/P001_WA05:k141_94163_3 (length 55)
P001_WA05/P001_WA05:k141_94163_4 (length 99)
P001_WA05/P001_WA05:k141_94163_5 (length 58)
P001_WA05/P001_WA05:k141_94163_6 (length 96)
P001_WA05/P001_WA05:k141_94163_7 (length 56)
P001_WA05/P001_WA05:k141_94163_8 (length 353)
P001_WA05/P001_WA05:k141_94163_9 (length 461)
P001_WA05/P001_WA05:k141_94163_10 (length 70)
P001_WA05/P001_WA05:k141_94163_11 (length 57)
P001_WA05/P001_WA05:k141_94163_12 (length 29)
P001_WA05/P001_WA05:k141_94163_13 (length 97)
P001_WA05/P001_WA05:k141_94163_14 (length 1076)
P001_WA05/P001_WA05:k141_94163_15 (length 676)
P001_WA05/P001_WA05:k141_94163_16 (length 1473)
P001_WA05/P001_WA05:k141_94163_17 (length 236)
P001_WA05/P001_WA05:k141_94163_18 (length 287)
P001_WA05/P001_WA05:k141_94163_19 (length 56)
P001_WA05/P001_WA05:k141_94163_20 (length 81)
P001_WA05/P001_WA05:k141_94163_21 (length 56)
P001_WA05/P001_WA05:k141_94163_22 (length 123)
P001_WA05/P001_WA05:k141_94163_23 (length 504)
P001_WA05/P001_WA05:k141_94163_24 (length 103)
P001_WA05/P001_WA05:k141_94163_25 (length 734)
P001_WA05/P001_WA05:k141_94163_26 (length 750)
P001_WA05/P001_WA05:k141_94163_27 (length 82)
P001_WA05/P001_WA05:k141_94163_28 (length 44)
P001_WA05/P001_WA05:k141_94163_29 (length 55)
P001_WA05/P001_WA05:k141_94163_30 (length 201)
P001_WA05/P001_WA05:k141_94163_31 (length 69)
P001_WA05/P001_WA05:k141_94163_32 (length 162)
P001_WA05/P001_WA05:k141_94163_33 (length 248)
P001_WA05/P001_WA05:k141_94163_34 (length 120)
P001_WA05/P001_WA05:k141_94163_35 (length 137)
P001_WA05/P001_WA05:k141_94163_36 (length 498)
P001_WA05/P001_WA05:k141_94163_37 (length 479)
P001_WA05/P001_WA05:k141_94163_38 (length 64)
P001_WA05/P001_WA05:k141_94163_39 (length 36)
P001_WA05/P001_WA05:k141_94163_40 (length 229)
P001_WA05/P001_WA05:k141_94163_41 (length 225)
P001_WA05/P001_WA05:k141_94163_42 (length 320)
P001_WA05/P001_WA05:k141_94163_43 (length 40)
P001_WA05/P001_WA05:k141_94163_44 (length 50)
P001_WA05/P001_WA05:k141_94163_45 (length 83)
P001_WA05/P001_WA05:k141_94163_46 (length 31)
P001_WA05/P001_WA05:k141_94163_47 (length 52)
P001_WA05/P001_WA05:k141_94163_48 (length 170)
P001_WA05/P001_WA05:k141_94163_49 (length 119)
P001_WA05/P001_WA05:k141_94163_50 (length 57)
P001_WA05/P001_WA05:k141_94163_51 (length 214)
P001_WA05/P001_WA05:k141_94163_52 (length 508)
P001_WA05/P001_WA05:k141_94163_53 (length 38)
P001_WA05/P001_WA05:k141_94163_54 (length 118)
P001_WA05/P001_WA05:k141_94163_55 (length 58)
P001_WA05/P001_WA05:k141_94163_56 (length 232)
P001_WA05/P001_WA05:k141_94163_57 (length 174)
P001_WA05/P001_WA05:k141_94163_58 (length 343)
P001_WA05/P001_WA05:k141_94163_59 (length 143)
P001_WA05/P001_WA05:k141_94163_60 (length 61)
P001_WA05/P001_WA05:k141_94163_61 (length 113)
P001_WA05/P001_WA05:k141_94163_62 (length 136)
P001_WA05/P001_WA05:k141_94163_63 (length 123)
P001_WA05/P001_WA05:k141_94163_64 (length 120)
P001_WA05/P001_WA05:k141_94163_65 (length 33)
P001_WA05/P001_WA05:k141_94163_66 (length 239)
P001_WA05/P001_WA05:k141_94163_67 (length 147)
P001_WA05/P001_WA05:k141_32338 (length 21238)
P001_WA05/P001_WA05:k141_32338_1 (length 90)
P001_WA05/P001_WA05:k141_32338_2 (length 78)
P001_WA05/P001_WA05:k141_32338_3 (length 64)
P001_WA05/P001_WA05:k141_32338_4 (length 74)
P001_WA05/P001_WA05:k141_32338_5 (length 73)
P001_WA05/P001_WA05:k141_32338_6 (length 52)
P001_WA05/P001_WA05:k141_32338_7 (length 156)
P001_WA05/P001_WA05:k141_32338_8 (length 282)
P001_WA05/P001_WA05:k141_32338_9 (length 204)
P001_WA05/P001_WA05:k141_32338_10 (length 131)
P001_WA05/P001_WA05:k141_32338_11 (length 282)
P001_WA05/P001_WA05:k141_32338_12 (length 93)
P001_WA05/P001_WA05:k141_32338_13 (length 112)
P001_WA05/P001_WA05:k141_32338_14 (length 165)
P001_WA05/P001_WA05:k141_32338_15 (length 93)
P001_WA05/P001_WA05:k141_77472 (length 12682)
P001_WA05/P001_WA05:k141_77472_1 (length 383)
P001_WA05/P001_WA05:k141_77472_2 (length 187)
P001_WA05/P001_WA05:k141_77472_3 (length 141)
P001_WA05/P001_WA05:k141_77472_4 (length 180)
P001_WA05/P001_WA05:k141_77472_5 (length 176)
P001_WA05/P001_WA05:k141_77472_6 (length 100)
P001_WA05/P001_WA05:k141_77472_7 (length 81)
P001_WA05/P001_WA05:k141_77472_8 (length 500)
P001_WA05/P001_WA05:k141_77472_9 (length 319)
P001_WA05/P001_WA05:k141_77472_10 (length 63)
P001_WA05/P001_WA05:k141_77472_11 (length 739)
P001_WA05/P001_WA05:k141_77472_12 (length 56)

DiscRep_ALL:DISC_INCONSISTENT_MOLINFO_TECH::Molinfo Technique Report (some missing, all same)
DiscRep_SUB:DISC_INCONSISTENT_MOLINFO_TECH::technique (all missing)
DiscRep_SUB:DISC_INCONSISTENT_MOLINFO_TECH::3 Molinfos are missing field technique
P001_WA05/P001_WA05:k141_32338 (length 21238)
P001_WA05/P001_WA05:k141_77472 (length 12682)
P001_WA05/P001_WA05:k141_94163 (length 78914)

