Discrepancy Report Results

Summary
FATAL: MISSING_PROTEIN_ID:93 proteins have invalid IDs.
DISC_SOURCE_QUALS_ASNDISC:strain (all present, all same)
DISC_SOURCE_QUALS_ASNDISC:taxname (all present, all same)
DISC_FEATURE_COUNT:CDS: 93 present
DISC_FEATURE_COUNT:tRNA: 24 present
DISC_FEATURE_COUNT:rRNA: 2 present
DISC_COUNT_NUCLEOTIDES:3 nucleotide Bioseqs are present
FEATURE_LOCATION_CONFLICT:119 features have inconsistent gene locations.
SUSPECT_PRODUCT_NAMES:2 product_names contain suspect phrase or characters
	May contain database identifier more appropriate in note; remove from product name
		2 features contains three or more numbers together that may be identifiers more appropriate in note
DISC_QUALITY_SCORES:Quality scores are missing on all sequences.
ONCALLER_COMMENT_PRESENT:3 comment descriptors were found (all same)
SHORT_PROT_SEQUENCES:8 protein sequences are shorter than 50 aa.
MISSING_GENOMEASSEMBLY_COMMENTS:3 bioseqs are missing GenomeAssembly structured comments
MOLTYPE_NOT_MRNA:3 molecule types are not set as mRNA.
TECHNIQUE_NOT_TSA:3 technique are not set as TSA
MISSING_STRUCTURED_COMMENT:3 sequences do not include structured comments.
MISSING_PROJECT:96 sequences do not include project.
DISC_INCONSISTENT_MOLINFO_TECH:Molinfo Technique Report (some missing, all same)


Detailed Report

FATAL: DiscRep_ALL:MISSING_PROTEIN_ID::93 proteins have invalid IDs.
P002_WH05/P002_WH05:k141_260_1 (length 79)
P002_WH05/P002_WH05:k141_260_2 (length 71)
P002_WH05/P002_WH05:k141_260_3 (length 67)
P002_WH05/P002_WH05:k141_260_4 (length 82)
P002_WH05/P002_WH05:k141_260_5 (length 101)
P002_WH05/P002_WH05:k141_260_6 (length 56)
P002_WH05/P002_WH05:k141_260_7 (length 155)
P002_WH05/P002_WH05:k141_260_8 (length 264)
P002_WH05/P002_WH05:k141_260_9 (length 260)
P002_WH05/P002_WH05:k141_260_10 (length 98)
P002_WH05/P002_WH05:k141_260_11 (length 2227)
P002_WH05/P002_WH05:k141_260_12 (length 93)
P002_WH05/P002_WH05:k141_260_13 (length 112)
P002_WH05/P002_WH05:k141_260_14 (length 38)
P002_WH05/P002_WH05:k141_260_15 (length 165)
P002_WH05/P002_WH05:k141_260_16 (length 92)
P002_WH05/P002_WH05:k141_260_17 (length 187)
P002_WH05/P002_WH05:k141_260_18 (length 218)
P002_WH05/P002_WH05:k141_260_19 (length 63)
P002_WH05/P002_WH05:k141_260_20 (length 119)
P002_WH05/P002_WH05:k141_260_21 (length 122)
P002_WH05/P002_WH05:k141_260_22 (length 132)
P002_WH05/P002_WH05:k141_38023_1 (length 210)
P002_WH05/P002_WH05:k141_38023_2 (length 100)
P002_WH05/P002_WH05:k141_38023_3 (length 55)
P002_WH05/P002_WH05:k141_38023_4 (length 508)
P002_WH05/P002_WH05:k141_38023_5 (length 353)
P002_WH05/P002_WH05:k141_38023_6 (length 61)
P002_WH05/P002_WH05:k141_38023_7 (length 82)
P002_WH05/P002_WH05:k141_38023_8 (length 56)
P002_WH05/P002_WH05:k141_38023_9 (length 750)
P002_WH05/P002_WH05:k141_38023_10 (length 734)
P002_WH05/P002_WH05:k141_38023_11 (length 100)
P002_WH05/P002_WH05:k141_38023_12 (length 162)
P002_WH05/P002_WH05:k141_38023_13 (length 461)
P002_WH05/P002_WH05:k141_38023_14 (length 353)
P002_WH05/P002_WH05:k141_38023_15 (length 1070)
P002_WH05/P002_WH05:k141_38023_16 (length 152)
P002_WH05/P002_WH05:k141_38023_17 (length 473)
P002_WH05/P002_WH05:k141_38023_18 (length 1392)
P002_WH05/P002_WH05:k141_38023_19 (length 236)
P002_WH05/P002_WH05:k141_38023_20 (length 247)
P002_WH05/P002_WH05:k141_38023_21 (length 81)
P002_WH05/P002_WH05:k141_38023_22 (length 56)
P002_WH05/P002_WH05:k141_38023_23 (length 124)
P002_WH05/P002_WH05:k141_38023_24 (length 507)
P002_WH05/P002_WH05:k141_38023_25 (length 152)
P002_WH05/P002_WH05:k141_38023_26 (length 248)
P002_WH05/P002_WH05:k141_38023_27 (length 158)
P002_WH05/P002_WH05:k141_38023_28 (length 213)
P002_WH05/P002_WH05:k141_38023_29 (length 120)
P002_WH05/P002_WH05:k141_38023_30 (length 96)
P002_WH05/P002_WH05:k141_38023_31 (length 133)
P002_WH05/P002_WH05:k141_38023_32 (length 500)
P002_WH05/P002_WH05:k141_38023_33 (length 475)
P002_WH05/P002_WH05:k141_38023_34 (length 55)
P002_WH05/P002_WH05:k141_38023_35 (length 482)
P002_WH05/P002_WH05:k141_38023_36 (length 36)
P002_WH05/P002_WH05:k141_38023_37 (length 184)
P002_WH05/P002_WH05:k141_38023_38 (length 231)
P002_WH05/P002_WH05:k141_38023_39 (length 322)
P002_WH05/P002_WH05:k141_38023_40 (length 40)
P002_WH05/P002_WH05:k141_38023_41 (length 39)
P002_WH05/P002_WH05:k141_38023_42 (length 109)
P002_WH05/P002_WH05:k141_38023_43 (length 44)
P002_WH05/P002_WH05:k141_38023_44 (length 44)
P002_WH05/P002_WH05:k141_38023_45 (length 75)
P002_WH05/P002_WH05:k141_38023_46 (length 101)
P002_WH05/P002_WH05:k141_38023_47 (length 117)
P002_WH05/P002_WH05:k141_38023_48 (length 82)
P002_WH05/P002_WH05:k141_38023_49 (length 125)
P002_WH05/P002_WH05:k141_38023_50 (length 74)
P002_WH05/P002_WH05:k141_38023_51 (length 46)
P002_WH05/P002_WH05:k141_38023_52 (length 508)
P002_WH05/P002_WH05:k141_38023_53 (length 73)
P002_WH05/P002_WH05:k141_38023_54 (length 162)
P002_WH05/P002_WH05:k141_38023_55 (length 68)
P002_WH05/P002_WH05:k141_38023_56 (length 181)
P002_WH05/P002_WH05:k141_38023_57 (length 338)
P002_WH05/P002_WH05:k141_38023_58 (length 138)
P002_WH05/P002_WH05:k141_71367_1 (length 739)
P002_WH05/P002_WH05:k141_71367_2 (length 310)
P002_WH05/P002_WH05:k141_71367_3 (length 506)
P002_WH05/P002_WH05:k141_71367_4 (length 81)
P002_WH05/P002_WH05:k141_71367_5 (length 48)
P002_WH05/P002_WH05:k141_71367_6 (length 101)
P002_WH05/P002_WH05:k141_71367_7 (length 177)
P002_WH05/P002_WH05:k141_71367_8 (length 177)
P002_WH05/P002_WH05:k141_71367_9 (length 88)
P002_WH05/P002_WH05:k141_71367_10 (length 188)
P002_WH05/P002_WH05:k141_71367_11 (length 393)
P002_WH05/P002_WH05:k141_71367_12 (length 90)
P002_WH05/P002_WH05:k141_71367_13 (length 944)

DiscRep_ALL:DISC_SOURCE_QUALS_ASNDISC::strain (all present, all same)
DiscRep_SUB:DISC_SOURCE_QUALS_ASNDISC::3 sources have 'strain' for strain
DiscRep_ALL:DISC_SOURCE_QUALS_ASNDISC::taxname (all present, all same)
DiscRep_SUB:DISC_SOURCE_QUALS_ASNDISC::3 sources have 'Genus species' for taxname
DiscRep_ALL:DISC_FEATURE_COUNT::CDS: 93 present
DiscRep_ALL:DISC_FEATURE_COUNT::tRNA: 24 present
DiscRep_ALL:DISC_FEATURE_COUNT::rRNA: 2 present
DiscRep_ALL:DISC_COUNT_NUCLEOTIDES::3 nucleotide Bioseqs are present
P002_WH05/P002_WH05:k141_260 (length 32149)
P002_WH05/P002_WH05:k141_38023 (length 79994)
P002_WH05/P002_WH05:k141_71367 (length 15050)

DiscRep_ALL:FEATURE_LOCATION_CONFLICT::119 features have inconsistent gene locations.
DiscRep_SUB:FEATURE_LOCATION_CONFLICT::Coding region xref gene does not exist
P002_WH05/P002_WH05:CDS	hypothetical protein	k141_260:1685-1924	P002_WH05_00001

DiscRep_SUB:FEATURE_LOCATION_CONFLICT::Coding region xref gene does not exist
P002_WH05/P002_WH05:CDS	hypothetical protein	k141_260:c2847-2632	P002_WH05_00002

DiscRep_SUB:FEATURE_LOCATION_CONFLICT::Coding region xref gene does not exist
P002_WH05/P002_WH05:CDS	hypothetical protein	k141_260:c8947-8744	P002_WH05_00006

DiscRep_SUB:FEATURE_LOCATION_CONFLICT::Coding region xref gene does not exist
P002_WH05/P002_WH05:CDS	hypothetical protein	k141_260:c9302-9054	P002_WH05_00007

DiscRep_SUB:FEATURE_LOCATION_CONFLICT::Coding region xref gene does not exist
P002_WH05/P002_WH05:CDS	hypothetical protein	k141_260:c12368-12063	P002_WH05_00011

DiscRep_SUB:FEATURE_LOCATION_CONFLICT::Coding region xref gene does not exist
P002_WH05/P002_WH05:CDS	hypothetical protein	k141_260:13456-13626	P002_WH05_00012

DiscRep_SUB:FEATURE_LOCATION_CONFLICT::Coding region xref gene does not exist
P002_WH05/P002_WH05:CDS	ribosomal protein S7	k141_260:14522-14989	P002_WH05_00013

DiscRep_SUB:FEATURE_LOCATION_CONFLICT::Coding region xref gene does not exist
P002_WH05/P002_WH05:CDS	NADH-plastoquinone oxidoreductase subunit 2	k141_260:15313-16107	P002_WH05_00014

DiscRep_SUB:FEATURE_LOCATION_CONFLICT::Coding region xref gene does not exist
P002_WH05/P002_WH05:CDS	NADH-plastoquinone oxidoreductase subunit 2	k141_260:16764-17546	P002_WH05_00015

DiscRep_SUB:FEATURE_LOCATION_CONFLICT::Coding region xref gene does not exist
P002_WH05/P002_WH05:CDS	hypothetical protein	k141_260:c18515-18219	P002_WH05_00017

DiscRep_SUB:FEATURE_LOCATION_CONFLICT::Coding region xref gene does not exist
P002_WH05/P002_WH05:CDS	hypothetical protein	k141_260:c25493-18810	P002_WH05_00018

DiscRep_SUB:FEATURE_LOCATION_CONFLICT::Coding region xref gene does not exist
P002_WH05/P002_WH05:CDS	ribosomal protein L23	k141_260:25801-26082	P002_WH05_00020

DiscRep_SUB:FEATURE_LOCATION_CONFLICT::Coding region xref gene does not exist
P002_WH05/P002_WH05:CDS	ribosomal protein L2	k141_260:26164-26502	P002_WH05_00021

DiscRep_SUB:FEATURE_LOCATION_CONFLICT::Coding region xref gene does not exist
P002_WH05/P002_WH05:CDS	hypothetical protein	k141_260:26687-26803	P002_WH05_00022

DiscRep_SUB:FEATURE_LOCATION_CONFLICT::Coding region xref gene does not exist
P002_WH05/P002_WH05:CDS	ribosomal protein L2	k141_260:27093-27590	P002_WH05_00023

DiscRep_SUB:FEATURE_LOCATION_CONFLICT::Coding region xref gene does not exist
P002_WH05/P002_WH05:CDS	ribosomal protein S19	k141_260:27650-27928	P002_WH05_00024

DiscRep_SUB:FEATURE_LOCATION_CONFLICT::Coding region xref gene does not exist
P002_WH05/P002_WH05:CDS	hypothetical protein	k141_260:27959-28522	P002_WH05_00025

DiscRep_SUB:FEATURE_LOCATION_CONFLICT::Coding region xref gene does not exist
P002_WH05/P002_WH05:CDS	ribosomal protein S3	k141_260:28507-29163	P002_WH05_00026

DiscRep_SUB:FEATURE_LOCATION_CONFLICT::Coding region xref gene does not exist
P002_WH05/P002_WH05:CDS	hypothetical protein	k141_260:c29685-29494	P002_WH05_00027

DiscRep_SUB:FEATURE_LOCATION_CONFLICT::Coding region xref gene does not exist
P002_WH05/P002_WH05:CDS	ribosomal protein L16	k141_260:30358-30717	P002_WH05_00028

DiscRep_SUB:FEATURE_LOCATION_CONFLICT::Coding region xref gene does not exist
P002_WH05/P002_WH05:CDS	ribosomal protein L14	k141_260:30860-31228	P002_WH05_00029

DiscRep_SUB:FEATURE_LOCATION_CONFLICT::Coding region xref gene does not exist
P002_WH05/P002_WH05:CDS	ribosomal protein S8	k141_260:31446-31844	P002_WH05_00030

DiscRep_SUB:FEATURE_LOCATION_CONFLICT::RNA feature xref gene does not exist
P002_WH05/P002_WH05:tRNA	Asn	k141_260:3211-3284	P002_WH05_00003

DiscRep_SUB:FEATURE_LOCATION_CONFLICT::RNA feature xref gene does not exist
P002_WH05/P002_WH05:tRNA	Arg	k141_260:c3965-3891	P002_WH05_00004

DiscRep_SUB:FEATURE_LOCATION_CONFLICT::RNA feature xref gene does not exist
P002_WH05/P002_WH05:rRNA	23S ribosomal RNA	k141_260:c7554-4544	P002_WH05_00005

DiscRep_SUB:FEATURE_LOCATION_CONFLICT::RNA feature xref gene does not exist
P002_WH05/P002_WH05:rRNA	16S ribosomal RNA	k141_260:c11464-9978	P002_WH05_00008

DiscRep_SUB:FEATURE_LOCATION_CONFLICT::RNA feature xref gene does not exist
P002_WH05/P002_WH05:tRNA	Val	k141_260:c11784-11713	P002_WH05_00009

DiscRep_SUB:FEATURE_LOCATION_CONFLICT::RNA feature xref gene does not exist
P002_WH05/P002_WH05:tRNA	Ile	k141_260:c12027-11955	P002_WH05_00010

DiscRep_SUB:FEATURE_LOCATION_CONFLICT::RNA feature xref gene does not exist
P002_WH05/P002_WH05:tRNA	Leu	k141_260:18106-18188	P002_WH05_00016

DiscRep_SUB:FEATURE_LOCATION_CONFLICT::RNA feature xref gene does not exist
P002_WH05/P002_WH05:tRNA	Met	k141_260:25562-25636	P002_WH05_00019

DiscRep_SUB:FEATURE_LOCATION_CONFLICT::Coding region xref gene does not exist
P002_WH05/P002_WH05:CDS	ribosomal protein S4	k141_38023:146-778	P002_WH05_00031

DiscRep_SUB:FEATURE_LOCATION_CONFLICT::Coding region xref gene does not exist
P002_WH05/P002_WH05:CDS	ribosomal protein S16	k141_38023:1369-1671	P002_WH05_00032

DiscRep_SUB:FEATURE_LOCATION_CONFLICT::Coding region xref gene does not exist
P002_WH05/P002_WH05:CDS	hypothetical protein	k141_38023:1759-1926	P002_WH05_00033

DiscRep_SUB:FEATURE_LOCATION_CONFLICT::Coding region xref gene does not exist
P002_WH05/P002_WH05:CDS	maturase K	k141_38023:2950-4476	P002_WH05_00034

DiscRep_SUB:FEATURE_LOCATION_CONFLICT::Coding region xref gene does not exist
P002_WH05/P002_WH05:CDS	photosystem II protein D1	k141_38023:5051-6112	P002_WH05_00035

DiscRep_SUB:FEATURE_LOCATION_CONFLICT::Coding region xref gene does not exist
P002_WH05/P002_WH05:CDS	photosystem II protein K	k141_38023:7014-7199	P002_WH05_00038

DiscRep_SUB:FEATURE_LOCATION_CONFLICT::Coding region xref gene does not exist
P002_WH05/P002_WH05:CDS	putative chloroplast RF34	k141_38023:9688-9936	P002_WH05_00040

DiscRep_SUB:FEATURE_LOCATION_CONFLICT::Coding region xref gene does not exist
P002_WH05/P002_WH05:CDS	hypothetical protein	k141_38023:11272-11442	P002_WH05_00041

DiscRep_SUB:FEATURE_LOCATION_CONFLICT::Coding region xref gene does not exist
P002_WH05/P002_WH05:CDS	photosystem I P700 apoprotein A1	k141_38023:11565-13817	P002_WH05_00042

DiscRep_SUB:FEATURE_LOCATION_CONFLICT::Coding region xref gene does not exist
P002_WH05/P002_WH05:CDS	photosystem I P700 apoprotein A2	k141_38023:13843-16047	P002_WH05_00043

DiscRep_SUB:FEATURE_LOCATION_CONFLICT::Coding region xref gene does not exist
P002_WH05/P002_WH05:CDS	ribosomal protein S14	k141_38023:16181-16483	P002_WH05_00044

DiscRep_SUB:FEATURE_LOCATION_CONFLICT::Coding region xref gene does not exist
P002_WH05/P002_WH05:CDS	hypothetical protein	k141_38023:17318-17806	P002_WH05_00047

DiscRep_SUB:FEATURE_LOCATION_CONFLICT::Coding region xref gene does not exist
P002_WH05/P002_WH05:CDS	photosystem II CP43 chlorophyll apoprotein	k141_38023:c19496-18111	P002_WH05_00049

DiscRep_SUB:FEATURE_LOCATION_CONFLICT::Coding region xref gene does not exist
P002_WH05/P002_WH05:CDS	photosystem II protein D2	k141_38023:c20541-19480	P002_WH05_00050

DiscRep_SUB:FEATURE_LOCATION_CONFLICT::Coding region xref gene does not exist
P002_WH05/P002_WH05:CDS	RNA polymerase beta subunit	k141_38023:27105-30317	P002_WH05_00056

DiscRep_SUB:FEATURE_LOCATION_CONFLICT::Coding region xref gene does not exist
P002_WH05/P002_WH05:CDS	RNA polymerase beta' subunit	k141_38023:30323-30781	P002_WH05_00057

DiscRep_SUB:FEATURE_LOCATION_CONFLICT::Coding region xref gene does not exist
P002_WH05/P002_WH05:CDS	RNA polymerase beta' subunit	k141_38023:31730-33151	P002_WH05_00058

DiscRep_SUB:FEATURE_LOCATION_CONFLICT::Coding region xref gene does not exist
P002_WH05/P002_WH05:CDS	RNA polymerase beta'' subunit	k141_38023:33296-37474	P002_WH05_00059

DiscRep_SUB:FEATURE_LOCATION_CONFLICT::Coding region xref gene does not exist
P002_WH05/P002_WH05:CDS	ribosomal protein S2	k141_38023:37676-38386	P002_WH05_00060

DiscRep_SUB:FEATURE_LOCATION_CONFLICT::Coding region xref gene does not exist
P002_WH05/P002_WH05:CDS	ATP synthase CF0 subunit IV	k141_38023:38603-39346	P002_WH05_00061

DiscRep_SUB:FEATURE_LOCATION_CONFLICT::Coding region xref gene does not exist
P002_WH05/P002_WH05:CDS	ATP synthase CF0 subunit III	k141_38023:40522-40767	P002_WH05_00062

DiscRep_SUB:FEATURE_LOCATION_CONFLICT::Coding region xref gene does not exist
P002_WH05/P002_WH05:CDS	ATP synthase CF0 subunit I	k141_38023:41201-41371	P002_WH05_00063

DiscRep_SUB:FEATURE_LOCATION_CONFLICT::Coding region xref gene does not exist
P002_WH05/P002_WH05:CDS	ATP synthase CF0 subunit I	k141_38023:42098-42472	P002_WH05_00064

DiscRep_SUB:FEATURE_LOCATION_CONFLICT::Coding region xref gene does not exist
P002_WH05/P002_WH05:CDS	ATP synthase CF1 alpha subunit	k141_38023:42548-44071	P002_WH05_00065

DiscRep_SUB:FEATURE_LOCATION_CONFLICT::Coding region xref gene does not exist
P002_WH05/P002_WH05:CDS	hypothetical protein	k141_38023:45281-45739	P002_WH05_00067

DiscRep_SUB:FEATURE_LOCATION_CONFLICT::Coding region xref gene does not exist
P002_WH05/P002_WH05:CDS	hypothetical protein	k141_38023:45761-46507	P002_WH05_00068

DiscRep_SUB:FEATURE_LOCATION_CONFLICT::Coding region xref gene does not exist
P002_WH05/P002_WH05:CDS	NADH-plastoquinone oxidoreductase subunit J	k141_38023:c49814-49338	P002_WH05_00071

DiscRep_SUB:FEATURE_LOCATION_CONFLICT::Coding region xref gene does not exist
P002_WH05/P002_WH05:CDS	NADH-plastoquinone oxidoreductase subunit K	k141_38023:c50628-49987	P002_WH05_00072

DiscRep_SUB:FEATURE_LOCATION_CONFLICT::Coding region xref gene does not exist
P002_WH05/P002_WH05:CDS	NADH-plastoquinone oxidoreductase subunit 3	k141_38023:c51049-50687	P002_WH05_00073

DiscRep_SUB:FEATURE_LOCATION_CONFLICT::Coding region xref gene does not exist
P002_WH05/P002_WH05:CDS	hypothetical protein	k141_38023:52351-52641	P002_WH05_00074

DiscRep_SUB:FEATURE_LOCATION_CONFLICT::Coding region xref gene does not exist
P002_WH05/P002_WH05:CDS	ATP synthase CF1 epsilon subunit	k141_38023:c53503-53102	P002_WH05_00076

DiscRep_SUB:FEATURE_LOCATION_CONFLICT::Coding region xref gene does not exist
P002_WH05/P002_WH05:CDS	ATP synthase CF1 beta subunit	k141_38023:c55002-53500	P002_WH05_00077

DiscRep_SUB:FEATURE_LOCATION_CONFLICT::Coding region xref gene does not exist
P002_WH05/P002_WH05:CDS	ribulose-1,5-bisphosphate carboxylase/oxygenase large subunit	k141_38023:55847-57274	P002_WH05_00078

DiscRep_SUB:FEATURE_LOCATION_CONFLICT::Coding region xref gene does not exist
P002_WH05/P002_WH05:CDS	hypothetical protein	k141_38023:57463-57630	P002_WH05_00079

DiscRep_SUB:FEATURE_LOCATION_CONFLICT::Coding region xref gene does not exist
P002_WH05/P002_WH05:CDS	Acetyl-coenzyme A carboxylase carboxyl transferase subunit beta, chloroplastic	k141_38023:57914-59362	P002_WH05_00080

DiscRep_SUB:FEATURE_LOCATION_CONFLICT::Coding region xref gene does not exist
P002_WH05/P002_WH05:CDS	photosystem I subunit VIII	k141_38023:59996-60106	P002_WH05_00081

DiscRep_SUB:FEATURE_LOCATION_CONFLICT::Coding region xref gene does not exist
P002_WH05/P002_WH05:CDS	photosystem I assembly protein Ycf4	k141_38023:60546-61100	P002_WH05_00082

DiscRep_SUB:FEATURE_LOCATION_CONFLICT::Coding region xref gene does not exist
P002_WH05/P002_WH05:CDS	envelope membrane protein	k141_38023:61697-62392	P002_WH05_00083

DiscRep_SUB:FEATURE_LOCATION_CONFLICT::Coding region xref gene does not exist
P002_WH05/P002_WH05:CDS	cytochrome f	k141_38023:62604-63572	P002_WH05_00084

DiscRep_SUB:FEATURE_LOCATION_CONFLICT::Coding region xref gene does not exist
P002_WH05/P002_WH05:CDS	photosystem II protein J	k141_38023:c64119-63997	P002_WH05_00085

DiscRep_SUB:FEATURE_LOCATION_CONFLICT::Coding region xref gene does not exist
P002_WH05/P002_WH05:CDS	photosystem II cytochrome b559 beta subunit	k141_38023:c64497-64378	P002_WH05_00086

DiscRep_SUB:FEATURE_LOCATION_CONFLICT::Coding region xref gene does not exist
P002_WH05/P002_WH05:CDS	Cytochrome b559 subunit alpha	k141_38023:c64836-64507	P002_WH05_00087

DiscRep_SUB:FEATURE_LOCATION_CONFLICT::Coding region xref gene does not exist
P002_WH05/P002_WH05:CDS	hypothetical protein	k141_38023:c65399-65265	P002_WH05_00088

DiscRep_SUB:FEATURE_LOCATION_CONFLICT::Coding region xref gene does not exist
P002_WH05/P002_WH05:CDS	photosystem I subunit IX	k141_38023:67176-67310	P002_WH05_00091

DiscRep_SUB:FEATURE_LOCATION_CONFLICT::Coding region xref gene does not exist
P002_WH05/P002_WH05:CDS	hypothetical protein	k141_38023:c67883-67656	P002_WH05_00092

DiscRep_SUB:FEATURE_LOCATION_CONFLICT::Coding region xref gene does not exist
P002_WH05/P002_WH05:CDS	ribosomal protein S18	k141_38023:68076-68381	P002_WH05_00093

DiscRep_SUB:FEATURE_LOCATION_CONFLICT::Coding region xref gene does not exist
P002_WH05/P002_WH05:CDS	50S ribosomal protein L20	k141_38023:c68984-68631	P002_WH05_00094

DiscRep_SUB:FEATURE_LOCATION_CONFLICT::Coding region xref gene does not exist
P002_WH05/P002_WH05:CDS	hypothetical protein	k141_38023:69531-69779	P002_WH05_00095

DiscRep_SUB:FEATURE_LOCATION_CONFLICT::Coding region xref gene does not exist
P002_WH05/P002_WH05:CDS	ATP-dependent Clp protease proteolytic subunit	k141_38023:c70446-70069	P002_WH05_00096

DiscRep_SUB:FEATURE_LOCATION_CONFLICT::Coding region xref gene does not exist
P002_WH05/P002_WH05:CDS	ATP-dependent Clp protease proteolytic subunit	k141_38023:c71210-70986	P002_WH05_00097

DiscRep_SUB:FEATURE_LOCATION_CONFLICT::Coding region xref gene does not exist
P002_WH05/P002_WH05:CDS	hypothetical protein	k141_38023:72228-72368	P002_WH05_00098

DiscRep_SUB:FEATURE_LOCATION_CONFLICT::Coding region xref gene does not exist
P002_WH05/P002_WH05:CDS	photosystem II CP47 chlorophyll apoprotein	k141_38023:72605-74131	P002_WH05_00099

DiscRep_SUB:FEATURE_LOCATION_CONFLICT::Coding region xref gene does not exist
P002_WH05/P002_WH05:CDS	photosystem II phosphoprotein	k141_38023:74756-74977	P002_WH05_00100

DiscRep_SUB:FEATURE_LOCATION_CONFLICT::Coding region xref gene does not exist
P002_WH05/P002_WH05:CDS	cytochrome b6	k141_38023:76043-76531	P002_WH05_00101

DiscRep_SUB:FEATURE_LOCATION_CONFLICT::Coding region xref gene does not exist
P002_WH05/P002_WH05:CDS	hypothetical protein	k141_38023:c76956-76750	P002_WH05_00102

DiscRep_SUB:FEATURE_LOCATION_CONFLICT::Coding region xref gene does not exist
P002_WH05/P002_WH05:CDS	cytochrome b6/f complex subunit IV	k141_38023:77413-77958	P002_WH05_00103

DiscRep_SUB:FEATURE_LOCATION_CONFLICT::Coding region xref gene does not exist
P002_WH05/P002_WH05:CDS	DNA-directed RNA polymerase subunit alpha	k141_38023:c79168-78152	P002_WH05_00104

DiscRep_SUB:FEATURE_LOCATION_CONFLICT::Coding region xref gene does not exist
P002_WH05/P002_WH05:CDS	ribosomal protein S11	k141_38023:c79627-79211	P002_WH05_00105

DiscRep_SUB:FEATURE_LOCATION_CONFLICT::RNA feature xref gene does not exist
P002_WH05/P002_WH05:tRNA	His	k141_38023:6401-6475	P002_WH05_00036

DiscRep_SUB:FEATURE_LOCATION_CONFLICT::RNA feature xref gene does not exist
P002_WH05/P002_WH05:tRNA	Gln	k141_38023:c6667-6596	P002_WH05_00037

DiscRep_SUB:FEATURE_LOCATION_CONFLICT::RNA feature xref gene does not exist
P002_WH05/P002_WH05:tRNA	Ser	k141_38023:c7956-7870	P002_WH05_00039

DiscRep_SUB:FEATURE_LOCATION_CONFLICT::RNA feature xref gene does not exist
P002_WH05/P002_WH05:tRNA	Met	k141_38023:16646-16719	P002_WH05_00045

DiscRep_SUB:FEATURE_LOCATION_CONFLICT::RNA feature xref gene does not exist
P002_WH05/P002_WH05:tRNA	Gly	k141_38023:c16967-16897	P002_WH05_00046

DiscRep_SUB:FEATURE_LOCATION_CONFLICT::RNA feature xref gene does not exist
P002_WH05/P002_WH05:tRNA	Ser	k141_38023:17824-17916	P002_WH05_00048

DiscRep_SUB:FEATURE_LOCATION_CONFLICT::RNA feature xref gene does not exist
P002_WH05/P002_WH05:tRNA	Thr	k141_38023:c21764-21691	P002_WH05_00051

DiscRep_SUB:FEATURE_LOCATION_CONFLICT::RNA feature xref gene does not exist
P002_WH05/P002_WH05:tRNA	Glu	k141_38023:22394-22468	P002_WH05_00052

DiscRep_SUB:FEATURE_LOCATION_CONFLICT::RNA feature xref gene does not exist
P002_WH05/P002_WH05:tRNA	Tyr	k141_38023:22526-22611	P002_WH05_00053

DiscRep_SUB:FEATURE_LOCATION_CONFLICT::RNA feature xref gene does not exist
P002_WH05/P002_WH05:tRNA	Asp	k141_38023:22998-23075	P002_WH05_00054

DiscRep_SUB:FEATURE_LOCATION_CONFLICT::RNA feature xref gene does not exist
P002_WH05/P002_WH05:tRNA	Cys	k141_38023:c25949-25879	P002_WH05_00055

DiscRep_SUB:FEATURE_LOCATION_CONFLICT::RNA feature xref gene does not exist
P002_WH05/P002_WH05:tRNA	Arg	k141_38023:c44266-44195	P002_WH05_00066

DiscRep_SUB:FEATURE_LOCATION_CONFLICT::RNA feature xref gene does not exist
P002_WH05/P002_WH05:tRNA	Ser	k141_38023:c46829-46742	P002_WH05_00069

DiscRep_SUB:FEATURE_LOCATION_CONFLICT::RNA feature xref gene does not exist
P002_WH05/P002_WH05:tRNA	Phe	k141_38023:48557-48629	P002_WH05_00070

DiscRep_SUB:FEATURE_LOCATION_CONFLICT::RNA feature xref gene does not exist
P002_WH05/P002_WH05:tRNA	Met	k141_38023:52812-52884	P002_WH05_00075

DiscRep_SUB:FEATURE_LOCATION_CONFLICT::RNA feature xref gene does not exist
P002_WH05/P002_WH05:tRNA	Trp	k141_38023:c66565-66491	P002_WH05_00089

DiscRep_SUB:FEATURE_LOCATION_CONFLICT::RNA feature xref gene does not exist
P002_WH05/P002_WH05:tRNA	Pro	k141_38023:c66807-66734	P002_WH05_00090

DiscRep_SUB:FEATURE_LOCATION_CONFLICT::Coding region xref gene does not exist
P002_WH05/P002_WH05:CDS	NADH-plastoquinone oxidoreductase subunit 5	k141_71367:c2378-159	P002_WH05_00106

DiscRep_SUB:FEATURE_LOCATION_CONFLICT::Coding region xref gene does not exist
P002_WH05/P002_WH05:CDS	cytochrome c heme attachment protein	k141_71367:2900-3832	P002_WH05_00108

DiscRep_SUB:FEATURE_LOCATION_CONFLICT::Coding region xref gene does not exist
P002_WH05/P002_WH05:CDS	NADH-plastoquinone oxidoreductase subunit 4	k141_71367:c5549-4029	P002_WH05_00109

DiscRep_SUB:FEATURE_LOCATION_CONFLICT::Coding region xref gene does not exist
P002_WH05/P002_WH05:CDS	photosystem I subunit VII	k141_71367:c5935-5690	P002_WH05_00110

DiscRep_SUB:FEATURE_LOCATION_CONFLICT::Coding region xref gene does not exist
P002_WH05/P002_WH05:CDS	hypothetical protein	k141_71367:6066-6212	P002_WH05_00111

DiscRep_SUB:FEATURE_LOCATION_CONFLICT::Coding region xref gene does not exist
P002_WH05/P002_WH05:CDS	NADH-plastoquinone oxidoreductase subunit 4L	k141_71367:c6493-6188	P002_WH05_00112

DiscRep_SUB:FEATURE_LOCATION_CONFLICT::Coding region xref gene does not exist
P002_WH05/P002_WH05:CDS	NADH-plastoquinone oxidoreductase subunit 6	k141_71367:c7179-6646	P002_WH05_00113

DiscRep_SUB:FEATURE_LOCATION_CONFLICT::Coding region xref gene does not exist
P002_WH05/P002_WH05:CDS	NADH-plastoquinone oxidoreductase subunit I	k141_71367:c8052-7519	P002_WH05_00114

DiscRep_SUB:FEATURE_LOCATION_CONFLICT::Coding region xref gene does not exist
P002_WH05/P002_WH05:CDS	NADH-plastoquinone oxidoreductase subunit 1	k141_71367:c8401-8135	P002_WH05_00115

DiscRep_SUB:FEATURE_LOCATION_CONFLICT::Coding region xref gene does not exist
P002_WH05/P002_WH05:CDS	NADH-plastoquinone oxidoreductase subunit 1	k141_71367:c10242-9676	P002_WH05_00116

DiscRep_SUB:FEATURE_LOCATION_CONFLICT::Coding region xref gene does not exist
P002_WH05/P002_WH05:CDS	NADH-plastoquinone oxidoreductase subunit 7	k141_71367:c11425-10244	P002_WH05_00117

DiscRep_SUB:FEATURE_LOCATION_CONFLICT::Coding region xref gene does not exist
P002_WH05/P002_WH05:CDS	ribosomal protein S15	k141_71367:c11787-11515	P002_WH05_00118

DiscRep_SUB:FEATURE_LOCATION_CONFLICT::Coding region xref gene does not exist
P002_WH05/P002_WH05:CDS	hypothetical protein	k141_71367:c15013-12179	P002_WH05_00119

DiscRep_SUB:FEATURE_LOCATION_CONFLICT::RNA feature xref gene does not exist
P002_WH05/P002_WH05:tRNA	Leu	k141_71367:2707-2786	P002_WH05_00107

DiscRep_ALL:SUSPECT_PRODUCT_NAMES::2 product_names contain suspect phrase or characters
DiscRep_SUB:SUSPECT_PRODUCT_NAMES::May contain database identifier more appropriate in note; remove from product name
DiscRep_SUB:SUSPECT_PRODUCT_NAMES::2 features contains three or more numbers together that may be identifiers more appropriate in note
P002_WH05/P002_WH05:CDS	photosystem I P700 apoprotein A1	k141_38023:11565-13817	P002_WH05_00042
P002_WH05/P002_WH05:CDS	photosystem I P700 apoprotein A2	k141_38023:13843-16047	P002_WH05_00043

DiscRep_ALL:DISC_QUALITY_SCORES::Quality scores are missing on all sequences.

DiscRep_ALL:ONCALLER_COMMENT_PRESENT::3 comment descriptors were found (all same)
P002_WH05/P002_WH05:k141_260:Annotated using prokka 1.14.5 from https://github.com/tseemann/prokka
P002_WH05/P002_WH05:k141_38023:Annotated using prokka 1.14.5 from https://github.com/tseemann/prokka
P002_WH05/P002_WH05:k141_71367:Annotated using prokka 1.14.5 from https://github.com/tseemann/prokka

DiscRep_ALL:SHORT_PROT_SEQUENCES::8 protein sequences are shorter than 50 aa.
P002_WH05/P002_WH05:k141_260_14 (length 38)
P002_WH05/P002_WH05:k141_38023_36 (length 36)
P002_WH05/P002_WH05:k141_38023_40 (length 40)
P002_WH05/P002_WH05:k141_38023_41 (length 39)
P002_WH05/P002_WH05:k141_38023_43 (length 44)
P002_WH05/P002_WH05:k141_38023_44 (length 44)
P002_WH05/P002_WH05:k141_38023_51 (length 46)
P002_WH05/P002_WH05:k141_71367_5 (length 48)

DiscRep_ALL:MISSING_GENOMEASSEMBLY_COMMENTS::3 bioseqs are missing GenomeAssembly structured comments
P002_WH05/P002_WH05:k141_260 (length 32149)
P002_WH05/P002_WH05:k141_38023 (length 79994)
P002_WH05/P002_WH05:k141_71367 (length 15050)

DiscRep_ALL:MOLTYPE_NOT_MRNA::3 molecule types are not set as mRNA.
P002_WH05/P002_WH05:k141_260 (length 32149)
P002_WH05/P002_WH05:k141_38023 (length 79994)
P002_WH05/P002_WH05:k141_71367 (length 15050)

DiscRep_ALL:TECHNIQUE_NOT_TSA::3 technique are not set as TSA
P002_WH05/P002_WH05:k141_260 (length 32149)
P002_WH05/P002_WH05:k141_38023 (length 79994)
P002_WH05/P002_WH05:k141_71367 (length 15050)

DiscRep_ALL:MISSING_STRUCTURED_COMMENT::3 sequences do not include structured comments.
P002_WH05/P002_WH05:k141_260 (length 32149)
P002_WH05/P002_WH05:k141_38023 (length 79994)
P002_WH05/P002_WH05:k141_71367 (length 15050)

DiscRep_ALL:MISSING_PROJECT::96 sequences do not include project.
P002_WH05/P002_WH05:k141_260 (length 32149)
P002_WH05/P002_WH05:k141_260_1 (length 79)
P002_WH05/P002_WH05:k141_260_2 (length 71)
P002_WH05/P002_WH05:k141_260_3 (length 67)
P002_WH05/P002_WH05:k141_260_4 (length 82)
P002_WH05/P002_WH05:k141_260_5 (length 101)
P002_WH05/P002_WH05:k141_260_6 (length 56)
P002_WH05/P002_WH05:k141_260_7 (length 155)
P002_WH05/P002_WH05:k141_260_8 (length 264)
P002_WH05/P002_WH05:k141_260_9 (length 260)
P002_WH05/P002_WH05:k141_260_10 (length 98)
P002_WH05/P002_WH05:k141_260_11 (length 2227)
P002_WH05/P002_WH05:k141_260_12 (length 93)
P002_WH05/P002_WH05:k141_260_13 (length 112)
P002_WH05/P002_WH05:k141_260_14 (length 38)
P002_WH05/P002_WH05:k141_260_15 (length 165)
P002_WH05/P002_WH05:k141_260_16 (length 92)
P002_WH05/P002_WH05:k141_260_17 (length 187)
P002_WH05/P002_WH05:k141_260_18 (length 218)
P002_WH05/P002_WH05:k141_260_19 (length 63)
P002_WH05/P002_WH05:k141_260_20 (length 119)
P002_WH05/P002_WH05:k141_260_21 (length 122)
P002_WH05/P002_WH05:k141_260_22 (length 132)
P002_WH05/P002_WH05:k141_38023 (length 79994)
P002_WH05/P002_WH05:k141_38023_1 (length 210)
P002_WH05/P002_WH05:k141_38023_2 (length 100)
P002_WH05/P002_WH05:k141_38023_3 (length 55)
P002_WH05/P002_WH05:k141_38023_4 (length 508)
P002_WH05/P002_WH05:k141_38023_5 (length 353)
P002_WH05/P002_WH05:k141_38023_6 (length 61)
P002_WH05/P002_WH05:k141_38023_7 (length 82)
P002_WH05/P002_WH05:k141_38023_8 (length 56)
P002_WH05/P002_WH05:k141_38023_9 (length 750)
P002_WH05/P002_WH05:k141_38023_10 (length 734)
P002_WH05/P002_WH05:k141_38023_11 (length 100)
P002_WH05/P002_WH05:k141_38023_12 (length 162)
P002_WH05/P002_WH05:k141_38023_13 (length 461)
P002_WH05/P002_WH05:k141_38023_14 (length 353)
P002_WH05/P002_WH05:k141_38023_15 (length 1070)
P002_WH05/P002_WH05:k141_38023_16 (length 152)
P002_WH05/P002_WH05:k141_38023_17 (length 473)
P002_WH05/P002_WH05:k141_38023_18 (length 1392)
P002_WH05/P002_WH05:k141_38023_19 (length 236)
P002_WH05/P002_WH05:k141_38023_20 (length 247)
P002_WH05/P002_WH05:k141_38023_21 (length 81)
P002_WH05/P002_WH05:k141_38023_22 (length 56)
P002_WH05/P002_WH05:k141_38023_23 (length 124)
P002_WH05/P002_WH05:k141_38023_24 (length 507)
P002_WH05/P002_WH05:k141_38023_25 (length 152)
P002_WH05/P002_WH05:k141_38023_26 (length 248)
P002_WH05/P002_WH05:k141_38023_27 (length 158)
P002_WH05/P002_WH05:k141_38023_28 (length 213)
P002_WH05/P002_WH05:k141_38023_29 (length 120)
P002_WH05/P002_WH05:k141_38023_30 (length 96)
P002_WH05/P002_WH05:k141_38023_31 (length 133)
P002_WH05/P002_WH05:k141_38023_32 (length 500)
P002_WH05/P002_WH05:k141_38023_33 (length 475)
P002_WH05/P002_WH05:k141_38023_34 (length 55)
P002_WH05/P002_WH05:k141_38023_35 (length 482)
P002_WH05/P002_WH05:k141_38023_36 (length 36)
P002_WH05/P002_WH05:k141_38023_37 (length 184)
P002_WH05/P002_WH05:k141_38023_38 (length 231)
P002_WH05/P002_WH05:k141_38023_39 (length 322)
P002_WH05/P002_WH05:k141_38023_40 (length 40)
P002_WH05/P002_WH05:k141_38023_41 (length 39)
P002_WH05/P002_WH05:k141_38023_42 (length 109)
P002_WH05/P002_WH05:k141_38023_43 (length 44)
P002_WH05/P002_WH05:k141_38023_44 (length 44)
P002_WH05/P002_WH05:k141_38023_45 (length 75)
P002_WH05/P002_WH05:k141_38023_46 (length 101)
P002_WH05/P002_WH05:k141_38023_47 (length 117)
P002_WH05/P002_WH05:k141_38023_48 (length 82)
P002_WH05/P002_WH05:k141_38023_49 (length 125)
P002_WH05/P002_WH05:k141_38023_50 (length 74)
P002_WH05/P002_WH05:k141_38023_51 (length 46)
P002_WH05/P002_WH05:k141_38023_52 (length 508)
P002_WH05/P002_WH05:k141_38023_53 (length 73)
P002_WH05/P002_WH05:k141_38023_54 (length 162)
P002_WH05/P002_WH05:k141_38023_55 (length 68)
P002_WH05/P002_WH05:k141_38023_56 (length 181)
P002_WH05/P002_WH05:k141_38023_57 (length 338)
P002_WH05/P002_WH05:k141_38023_58 (length 138)
P002_WH05/P002_WH05:k141_71367 (length 15050)
P002_WH05/P002_WH05:k141_71367_1 (length 739)
P002_WH05/P002_WH05:k141_71367_2 (length 310)
P002_WH05/P002_WH05:k141_71367_3 (length 506)
P002_WH05/P002_WH05:k141_71367_4 (length 81)
P002_WH05/P002_WH05:k141_71367_5 (length 48)
P002_WH05/P002_WH05:k141_71367_6 (length 101)
P002_WH05/P002_WH05:k141_71367_7 (length 177)
P002_WH05/P002_WH05:k141_71367_8 (length 177)
P002_WH05/P002_WH05:k141_71367_9 (length 88)
P002_WH05/P002_WH05:k141_71367_10 (length 188)
P002_WH05/P002_WH05:k141_71367_11 (length 393)
P002_WH05/P002_WH05:k141_71367_12 (length 90)
P002_WH05/P002_WH05:k141_71367_13 (length 944)

DiscRep_ALL:DISC_INCONSISTENT_MOLINFO_TECH::Molinfo Technique Report (some missing, all same)
DiscRep_SUB:DISC_INCONSISTENT_MOLINFO_TECH::technique (all missing)
DiscRep_SUB:DISC_INCONSISTENT_MOLINFO_TECH::3 Molinfos are missing field technique
P002_WH05/P002_WH05:k141_260 (length 32149)
P002_WH05/P002_WH05:k141_38023 (length 79994)
P002_WH05/P002_WH05:k141_71367 (length 15050)

