[16:49:16] This is prokka 1.14.5
[16:49:16] Written by Torsten Seemann <torsten.seemann@gmail.com>
[16:49:16] Homepage is https://github.com/tseemann/prokka
[16:49:16] Local time is Fri Nov 26 16:49:16 2021
[16:49:16] You are ruud
[16:49:16] Operating system is linux
[16:49:16] You have BioPerl 1.7.8
[16:49:16] System has 40 cores.
[16:49:16] Will use maximum of 40 cores.
[16:49:16] Annotating as >>> Bacteria <<<
[16:49:16] Creating new output folder: P002_WF09
[16:49:16] Running: mkdir -p P002_WF09
[16:49:16] Using filename prefix: P002_WF09.XXX
[16:49:16] Setting HMMER_NCPU=1
[16:49:16] Writing log to: P002_WF09/P002_WF09.log
[16:49:16] Command: /usr/local/packages/prokka-1.14.5/bin/prokka --cpus 40 --prefix P002_WF09 --Kingdom Bacteria --locustag P002_WF09 --proteins vaccinium.gb ../02_Blast/chloroplast_contigs_rapid_genomics_run2/P002_WF09_chloroplast_contigs.fa
[16:49:16] Appending to PATH: /home/local/packages/prokka-1.14.5/bin/../binaries/linux
[16:49:16] Appending to PATH: /home/local/packages/prokka-1.14.5/bin/../binaries/linux/../common
[16:49:16] Appending to PATH: /home/local/packages/prokka-1.14.5/bin
[16:49:16] Looking for 'aragorn' - found /usr/local/packages/Anaconda3-2019.10/bin/aragorn
[16:49:16] Determined aragorn version is 001002 from 'ARAGORN v1.2.38 Dean Laslett'
[16:49:16] Looking for 'barrnap' - found /usr/local/packages/Anaconda3-2019.10/bin/barrnap
[16:49:16] Determined barrnap version is 000009 from 'barrnap 0.9'
[16:49:16] Looking for 'blastp' - found /usr/local/packages/Anaconda3-2019.10/bin/blastp
[16:49:17] Determined blastp version is 002011 from 'blastp: 2.11.0+'
[16:49:17] Looking for 'cmpress' - found /usr/local/packages/Anaconda3-2019.10/bin/cmpress
[16:49:17] Determined cmpress version is 001001 from '# INFERNAL 1.1.2 (July 2016)'
[16:49:17] Looking for 'cmscan' - found /usr/local/packages/Anaconda3-2019.10/bin/cmscan
[16:49:17] Determined cmscan version is 001001 from '# INFERNAL 1.1.2 (July 2016)'
[16:49:17] Looking for 'egrep' - found /bin/egrep
[16:49:17] Looking for 'find' - found /bin/find
[16:49:17] Looking for 'grep' - found /bin/grep
[16:49:17] Looking for 'hmmpress' - found /usr/local/packages/Anaconda3-2019.10/bin/hmmpress
[16:49:17] Determined hmmpress version is 003003 from '# HMMER 3.3.2 (Nov 2020); http://hmmer.org/'
[16:49:17] Looking for 'hmmscan' - found /usr/local/packages/Anaconda3-2019.10/bin/hmmscan
[16:49:17] Determined hmmscan version is 003003 from '# HMMER 3.3.2 (Nov 2020); http://hmmer.org/'
[16:49:17] Looking for 'java' - found /usr/local/packages/jdk1.8.0_191/bin/java
[16:49:17] Looking for 'makeblastdb' - found /usr/local/packages/Anaconda3-2019.10/bin/makeblastdb
[16:49:18] Determined makeblastdb version is 002011 from 'makeblastdb: 2.11.0+'
[16:49:18] Looking for 'minced' - found /usr/local/packages/Anaconda3-2019.10/bin/minced
[16:49:18] Determined minced version is 004002 from 'minced 0.4.2'
[16:49:18] Looking for 'parallel' - found /usr/local/packages/Anaconda3-2019.10/bin/parallel
[16:49:18] Determined parallel version is 20210822 from 'GNU parallel 20210822'
[16:49:18] Looking for 'prodigal' - found /usr/local/packages/Anaconda3-2019.10/bin/prodigal
[16:49:18] Determined prodigal version is 002006 from 'Prodigal V2.6.3: February, 2016'
[16:49:18] Looking for 'prokka-genbank_to_fasta_db' - found /usr/local/packages/prokka-1.14.5/bin/prokka-genbank_to_fasta_db
[16:49:18] Looking for 'sed' - found /bin/sed
[16:49:18] Looking for 'tbl2asn' - found /usr/local/packages/Anaconda3-2019.10/bin/tbl2asn
[16:49:18] Determined tbl2asn version is 025008 from 'tbl2asn 25.8   arguments:'
[16:49:18] Using genetic code table 11.
[16:49:18] Loading and checking input file: ../02_Blast/chloroplast_contigs_rapid_genomics_run2/P002_WF09_chloroplast_contigs.fa
[16:49:18] Wrote 10 contigs totalling 129261 bp.
[16:49:18] Predicting tRNAs and tmRNAs
[16:49:18] Running: aragorn -l -gc11  -w P002_WF09\/P002_WF09\.fna
[16:49:18] 1 tRNA-Gln c[2598,2669] 33 (ttg)
[16:49:18] 2 tRNA-Trp c[9791,9864] 35 (cca)
[16:49:18] 3 tRNA-Pro c[10023,10098] 35 (tgg)
[16:49:18] 1 tRNA-Leu [1380,1459] 35 (tag)
[16:49:18] 1 tRNA-Asn [2,75] 34 (gtt)
[16:49:18] 2 tRNA-Arg c[228,302] 35 (acg)
[16:49:18] 3 tRNA-Val c[7909,7984] 34 (gac)
[16:49:18] 4 tRNA-Leu [14122,14204] 35 (caa)
[16:49:18] 5 tRNA-Met [14973,15046] 34 (cat)
[16:49:18] 6 tRNA-His c[15772,15846] 35 (gtg)
[16:49:18] 1 tRNA-Cys [1227,1297] 33 (gca)
[16:49:18] 1 tRNA-Met [6071,6144] 35 (cat)
[16:49:18] 2 tRNA-Gly c[6299,6372] 33 (gcc)
[16:49:18] 3 tRNA-Ser [7186,7278] 35 (tga)
[16:49:18] 4 tRNA-Thr c[11444,11517] 34 (ggt)
[16:49:18] 5 tRNA-Ser c[17387,17474] 35 (gct)
[16:49:18] 6 tRNA-Arg [19253,19324] 34 (tct)
[16:49:18] 1 tRNA-Ser [10202,10288] 35 (gga)
[16:49:18] 2 tRNA-Thr c[11519,11593] 35 (tgt)
[16:49:18] 3 tRNA-Phe [13299,13372] 34 (gaa)
[16:49:18] 4 tRNA-Met c[21272,21344] 34 (cat)
[16:49:18] 5 tRNA-Met [22338,22411] 35 (cat)
[16:49:18] 6 tRNA-Gly c[22567,22640] 33 (gcc)
[16:49:18] 7 tRNA-Asp c[25396,25472] 36 (gtc)
[16:49:18] 8 tRNA-Tyr c[25584,25669] 36 (gta)
[16:49:18] 9 tRNA-Glu c[25731,25805] 36 (ttc)
[16:49:18] Found 26 tRNAs
[16:49:18] Predicting Ribosomal RNAs
[16:49:18] Running Barrnap with 40 threads
[16:49:19] 1 k141_23210 701 23S ribosomal RNA
[16:49:19] 2 k141_23210 6194 16S ribosomal RNA
[16:49:19] Found 2 rRNAs
[16:49:19] Skipping ncRNA search, enable with --rfam if desired.
[16:49:19] Total of 28 tRNA + rRNA features
[16:49:19] Searching for CRISPR repeats
[16:49:20] Found 0 CRISPRs
[16:49:20] Predicting coding sequences
[16:49:20] Contigs total 129261 bp, so using single mode
[16:49:20] Running: prodigal -i P002_WF09\/P002_WF09\.fna -c -m -g 11 -p single -f sco -q
[16:49:20] Excluding CDS which overlaps existing RNA (rRNA) at k141_23210:1851..2165 on + strand
[16:49:20] Excluding CDS which overlaps existing RNA (rRNA) at k141_23210:6063..6440 on + strand
[16:49:20] Excluding CDS which overlaps existing RNA (rRNA) at k141_23210:6835..7230 on + strand
[16:49:20] Excluding CDS which overlaps existing RNA (rRNA) at k141_23210:7585..7830 on - strand
[16:49:20] Excluding CDS which overlaps existing RNA (tRNA) at k141_7033:17268..17666 on + strand
[16:49:20] Excluding CDS which overlaps existing RNA (tRNA) at k141_3087:25782..25949 on - strand
[16:49:20] Found 110 CDS
[16:49:20] Connecting features back to sequences
[16:49:20] Not using genus-specific database. Try --usegenus to enable it.
[16:49:20] Preparing user-supplied primary BLAST annotation source: vaccinium.gb
[16:49:20] Guessed source was in genbank format.
[16:49:20] Converting genbank 'vaccinium.gb' into Prokka FASTA 'P002_WF09/proteins.faa'
[16:49:20] Running: prokka-genbank_to_fasta_db --format genbank vaccinium\.gb > P002_WF09\/proteins\.faa 2> /dev/null
[16:49:20] Running: makeblastdb -dbtype prot -in P002_WF09\/proteins\.faa -out P002_WF09\/proteins -logfile /dev/null
[16:49:21] Using /inference source as 'vaccinium.gb'
[16:49:21] Annotating CDS, please be patient.
[16:49:21] Will use 40 CPUs for similarity searching.
[16:49:21] There are still 110 unannotated CDS left (started with 110)
[16:49:21] Will use blast to search against P002_WF09/proteins with 40 CPUs
[16:49:21] Running: cat P002_WF09\/P002_WF09\.proteins\.tmp\.21564\.faa | parallel --gnu --plain -j 40 --block 252 --recstart '>' --pipe blastp -query - -db P002_WF09/proteins -evalue 1e-09 -qcov_hsp_perc 80 -num_threads 1 -num_descriptions 1 -num_alignments 1 -seg no > P002_WF09\/P002_WF09\.proteins\.tmp\.21564\.blast 2> /dev/null
[16:49:22] Deleting unwanted file: P002_WF09/P002_WF09.proteins.tmp.21564.faa
[16:49:22] Deleting unwanted file: P002_WF09/P002_WF09.proteins.tmp.21564.blast
[16:49:22] There are still 43 unannotated CDS left (started with 110)
[16:49:22] Will use blast to search against /home/local/packages/prokka-1.14.5/db/kingdom/Bacteria/IS with 40 CPUs
[16:49:22] Running: cat P002_WF09\/P002_WF09\.IS\.tmp\.21564\.faa | parallel --gnu --plain -j 40 --block 64 --recstart '>' --pipe blastp -query - -db /home/local/packages/prokka-1.14.5/db/kingdom/Bacteria/IS -evalue 1e-30 -qcov_hsp_perc 90 -num_threads 1 -num_descriptions 1 -num_alignments 1 -seg no > P002_WF09\/P002_WF09\.IS\.tmp\.21564\.blast 2> /dev/null
[16:49:24] Deleting unwanted file: P002_WF09/P002_WF09.IS.tmp.21564.faa
[16:49:24] Deleting unwanted file: P002_WF09/P002_WF09.IS.tmp.21564.blast
[16:49:24] There are still 43 unannotated CDS left (started with 110)
[16:49:24] Will use blast to search against /home/local/packages/prokka-1.14.5/db/kingdom/Bacteria/AMR with 40 CPUs
[16:49:24] Running: cat P002_WF09\/P002_WF09\.AMR\.tmp\.21564\.faa | parallel --gnu --plain -j 40 --block 64 --recstart '>' --pipe blastp -query - -db /home/local/packages/prokka-1.14.5/db/kingdom/Bacteria/AMR -evalue 1e-300 -qcov_hsp_perc 90 -num_threads 1 -num_descriptions 1 -num_alignments 1 -seg no > P002_WF09\/P002_WF09\.AMR\.tmp\.21564\.blast 2> /dev/null
[16:49:26] Deleting unwanted file: P002_WF09/P002_WF09.AMR.tmp.21564.faa
[16:49:26] Deleting unwanted file: P002_WF09/P002_WF09.AMR.tmp.21564.blast
[16:49:26] There are still 43 unannotated CDS left (started with 110)
[16:49:26] Will use blast to search against /home/local/packages/prokka-1.14.5/db/kingdom/Bacteria/sprot with 40 CPUs
[16:49:26] Running: cat P002_WF09\/P002_WF09\.sprot\.tmp\.21564\.faa | parallel --gnu --plain -j 40 --block 64 --recstart '>' --pipe blastp -query - -db /home/local/packages/prokka-1.14.5/db/kingdom/Bacteria/sprot -evalue 1e-09 -qcov_hsp_perc 80 -num_threads 1 -num_descriptions 1 -num_alignments 1 -seg no > P002_WF09\/P002_WF09\.sprot\.tmp\.21564\.blast 2> /dev/null
[16:49:28] Deleting unwanted file: P002_WF09/P002_WF09.sprot.tmp.21564.faa
[16:49:28] Deleting unwanted file: P002_WF09/P002_WF09.sprot.tmp.21564.blast
[16:49:28] There are still 40 unannotated CDS left (started with 110)
[16:49:28] Will use hmmer3 to search against /home/local/packages/prokka-1.14.5/db/hmm/HAMAP.hmm with 40 CPUs
[16:49:28] Running: cat P002_WF09\/P002_WF09\.HAMAP\.hmm\.tmp\.21564\.faa | parallel --gnu --plain -j 40 --block 57 --recstart '>' --pipe hmmscan --noali --notextw --acc -E 1e-09 --cpu 1 /home/local/packages/prokka-1.14.5/db/hmm/HAMAP.hmm /dev/stdin > P002_WF09\/P002_WF09\.HAMAP\.hmm\.tmp\.21564\.hmmer3 2> /dev/null
[16:49:28] Deleting unwanted file: P002_WF09/P002_WF09.HAMAP.hmm.tmp.21564.faa
[16:49:28] Deleting unwanted file: P002_WF09/P002_WF09.HAMAP.hmm.tmp.21564.hmmer3
[16:49:28] Deleting unwanted file: P002_WF09/proteins.psq
[16:49:28] Deleting unwanted file: P002_WF09/proteins.phr
[16:49:28] Deleting unwanted file: P002_WF09/proteins.pin
[16:49:28] Labelling remaining 37 proteins as 'hypothetical protein'
[16:49:28] Possible /pseudo 'hypothetical chloroplast RF34' at k141_3087 position 9742
[16:49:28] Possible /pseudo 'NADH-plastoquinone oxidoreductase subunit 5' at k141_13966 position 1101
[16:49:28] Possible /pseudo 'NADH-plastoquinone oxidoreductase subunit I' at k141_13966 position 6896
[16:49:28] Possible /pseudo 'NADH-plastoquinone oxidoreductase subunit 4' at k141_13966 position 9973
[16:49:28] Found 64 unique /gene codes.
[16:49:28] Fixed 2 duplicate /gene - ndhD_1 ndhD_2
[16:49:28] Fixed 2 duplicate /gene - rpoC1_1 rpoC1_2
[16:49:28] Fixed 2 duplicate /gene - rps19_1 rps19_2
[16:49:28] Fixed 3 duplicate /gene - ndhF_1 ndhF_2 ndhF_3
[16:49:28] Fixed 2 duplicate /gene - ycf3_1 ycf3_2
[16:49:28] Fixed 2 duplicate /gene - ndhI_1 ndhI_2
[16:49:28] Fixed 2 duplicate /gene - atpF_1 atpF_2
[16:49:28] Fixed 2 duplicate /gene - ndhB_1 ndhB_2
[16:49:28] Fixed 8 colliding /gene names.
[16:49:28] Adding /locus_tag identifiers
[16:49:28] Assigned 138 locus_tags to CDS and RNA features.
[16:49:28] Writing outputs to P002_WF09/
[16:49:28] Generating annotation statistics file
[16:49:28] Generating Genbank and Sequin files
[16:49:28] Running: tbl2asn -V b -a r10k -l paired-ends -M n -N 1 -y 'Annotated using prokka 1.14.5 from https://github.com/tseemann/prokka' -Z P002_WF09\/P002_WF09\.err -i P002_WF09\/P002_WF09\.fsa 2> /dev/null
[16:49:29] Deleting unwanted file: P002_WF09/errorsummary.val
[16:49:29] Deleting unwanted file: P002_WF09/P002_WF09.dr
[16:49:29] Deleting unwanted file: P002_WF09/P002_WF09.fixedproducts
[16:49:29] Deleting unwanted file: P002_WF09/P002_WF09.ecn
[16:49:29] Deleting unwanted file: P002_WF09/P002_WF09.val
[16:49:29] Repairing broken .GBK output that tbl2asn produces...
[16:49:29] Running: sed 's/COORDINATES: profile/COORDINATES:profile/' < P002_WF09\/P002_WF09\.gbf > P002_WF09\/P002_WF09\.gbk
[16:49:29] Deleting unwanted file: P002_WF09/P002_WF09.gbf
[16:49:29] Output files:
[16:49:29] P002_WF09/P002_WF09.tbl
[16:49:29] P002_WF09/P002_WF09.sqn
[16:49:29] P002_WF09/P002_WF09.tsv
[16:49:29] P002_WF09/P002_WF09.gbk
[16:49:29] P002_WF09/P002_WF09.faa
[16:49:29] P002_WF09/P002_WF09.fna
[16:49:29] P002_WF09/P002_WF09.gff
[16:49:29] P002_WF09/P002_WF09.fsa
[16:49:29] P002_WF09/P002_WF09.ffn
[16:49:29] P002_WF09/P002_WF09.err
[16:49:29] P002_WF09/P002_WF09.txt
[16:49:29] P002_WF09/P002_WF09.log
[16:49:29] Annotation finished successfully.
[16:49:29] Walltime used: 0.22 minutes
[16:49:29] If you use this result please cite the Prokka paper:
[16:49:29] Seemann T (2014) Prokka: rapid prokaryotic genome annotation. Bioinformatics. 30(14):2068-9.
[16:49:29] Type 'prokka --citation' for more details.
[16:49:29] Share and enjoy!
