[16:12:55] This is prokka 1.14.5
[16:12:55] Written by Torsten Seemann <torsten.seemann@gmail.com>
[16:12:55] Homepage is https://github.com/tseemann/prokka
[16:12:55] Local time is Fri Nov 26 16:12:55 2021
[16:12:55] You are ruud
[16:12:55] Operating system is linux
[16:12:55] You have BioPerl 1.7.8
[16:12:55] System has 40 cores.
[16:12:55] Will use maximum of 40 cores.
[16:12:55] Annotating as >>> Bacteria <<<
[16:12:55] Creating new output folder: P001_WA11
[16:12:55] Running: mkdir -p P001_WA11
[16:12:55] Using filename prefix: P001_WA11.XXX
[16:12:55] Setting HMMER_NCPU=1
[16:12:55] Writing log to: P001_WA11/P001_WA11.log
[16:12:55] Command: /usr/local/packages/prokka-1.14.5/bin/prokka --cpus 40 --prefix P001_WA11 --Kingdom Bacteria --locustag P001_WA11 --proteins vaccinium.gb ../02_Blast/chloroplast_contigs_rapid_genomics_run2/P001_WA11_chloroplast_contigs.fa
[16:12:55] Appending to PATH: /home/local/packages/prokka-1.14.5/bin/../binaries/linux
[16:12:55] Appending to PATH: /home/local/packages/prokka-1.14.5/bin/../binaries/linux/../common
[16:12:55] Appending to PATH: /home/local/packages/prokka-1.14.5/bin
[16:12:55] Looking for 'aragorn' - found /usr/local/packages/Anaconda3-2019.10/bin/aragorn
[16:12:55] Determined aragorn version is 001002 from 'ARAGORN v1.2.38 Dean Laslett'
[16:12:55] Looking for 'barrnap' - found /usr/local/packages/Anaconda3-2019.10/bin/barrnap
[16:12:55] Determined barrnap version is 000009 from 'barrnap 0.9'
[16:12:55] Looking for 'blastp' - found /usr/local/packages/Anaconda3-2019.10/bin/blastp
[16:12:56] Determined blastp version is 002011 from 'blastp: 2.11.0+'
[16:12:56] Looking for 'cmpress' - found /usr/local/packages/Anaconda3-2019.10/bin/cmpress
[16:12:56] Determined cmpress version is 001001 from '# INFERNAL 1.1.2 (July 2016)'
[16:12:56] Looking for 'cmscan' - found /usr/local/packages/Anaconda3-2019.10/bin/cmscan
[16:12:56] Determined cmscan version is 001001 from '# INFERNAL 1.1.2 (July 2016)'
[16:12:56] Looking for 'egrep' - found /bin/egrep
[16:12:56] Looking for 'find' - found /bin/find
[16:12:56] Looking for 'grep' - found /bin/grep
[16:12:56] Looking for 'hmmpress' - found /usr/local/packages/Anaconda3-2019.10/bin/hmmpress
[16:12:56] Determined hmmpress version is 003003 from '# HMMER 3.3.2 (Nov 2020); http://hmmer.org/'
[16:12:56] Looking for 'hmmscan' - found /usr/local/packages/Anaconda3-2019.10/bin/hmmscan
[16:12:56] Determined hmmscan version is 003003 from '# HMMER 3.3.2 (Nov 2020); http://hmmer.org/'
[16:12:56] Looking for 'java' - found /usr/local/packages/jdk1.8.0_191/bin/java
[16:12:56] Looking for 'makeblastdb' - found /usr/local/packages/Anaconda3-2019.10/bin/makeblastdb
[16:12:57] Determined makeblastdb version is 002011 from 'makeblastdb: 2.11.0+'
[16:12:57] Looking for 'minced' - found /usr/local/packages/Anaconda3-2019.10/bin/minced
[16:12:57] Determined minced version is 004002 from 'minced 0.4.2'
[16:12:57] Looking for 'parallel' - found /usr/local/packages/Anaconda3-2019.10/bin/parallel
[16:12:57] Determined parallel version is 20210822 from 'GNU parallel 20210822'
[16:12:57] Looking for 'prodigal' - found /usr/local/packages/Anaconda3-2019.10/bin/prodigal
[16:12:57] Determined prodigal version is 002006 from 'Prodigal V2.6.3: February, 2016'
[16:12:57] Looking for 'prokka-genbank_to_fasta_db' - found /usr/local/packages/prokka-1.14.5/bin/prokka-genbank_to_fasta_db
[16:12:57] Looking for 'sed' - found /bin/sed
[16:12:57] Looking for 'tbl2asn' - found /usr/local/packages/Anaconda3-2019.10/bin/tbl2asn
[16:12:57] Determined tbl2asn version is 025008 from 'tbl2asn 25.8   arguments:'
[16:12:57] Using genetic code table 11.
[16:12:57] Loading and checking input file: ../02_Blast/chloroplast_contigs_rapid_genomics_run2/P001_WA11_chloroplast_contigs.fa
[16:12:57] Wrote 16 contigs totalling 129430 bp.
[16:12:57] Predicting tRNAs and tmRNAs
[16:12:57] Running: aragorn -l -gc11  -w P001_WA11\/P001_WA11\.fna
[16:12:57] 1 tRNA-Pro [2830,2903] 35 (tgg)
[16:12:57] 2 tRNA-Trp [2950,3023] 35 (cca)
[16:12:57] 1 tRNA-Thr c[659,733] 35 (tgt)
[16:12:57] 2 tRNA-Phe [2430,2503] 34 (gaa)
[16:12:57] 3 tRNA-Met [6497,6569] 34 (cat)
[16:12:57] 4 tRNA-Met c[6776,6850] 34 (cat)
[16:12:57] 5 tRNA-Met [12383,12458] 36 (cat)
[16:12:57] 6 tRNA-Gly c[12636,12706] 33 (gcc)
[16:12:57] 7 tRNA-Ser [13507,13599] 35 (tga)
[16:12:57] 8 tRNA-Glu [18150,18222] 35 (ttc)
[16:12:57] 9 tRNA-Tyr [18281,18367] 36 (gta)
[16:12:57] 10 tRNA-Asp [18465,18541] 36 (gtc)
[16:12:57] 1 tRNA-Asn [193,266] 34 (gtt)
[16:12:57] 2 tRNA-Arg c[500,573] 35 (acg)
[16:12:57] 1 tRNA-Leu c[172,254] 35 (caa)
[16:12:57] 1 tRNA-His c[285,358] 34 (gtg)
[16:12:57] 2 tRNA-Gln c[6896,6967] 33 (ttg)
[16:12:57] 3 tRNA-Gln c[7014,7085] 33 (ttg)
[16:12:57] 4 tRNA-Ser c[8463,8550] 35 (gct)
[16:12:57] 5 tRNA-Arg [10227,10298] 34 (tct)
[16:12:57] 1 tRNA-Leu c[3899,3978] 35 (tag)
[16:12:57] 1 tRNA-Cys c[2396,2466] 33 (gca)
[16:12:57] 2 tRNA-Ser c[14214,14300] 35 (gga)
[16:12:57] Found 23 tRNAs
[16:12:57] Predicting Ribosomal RNAs
[16:12:57] Running Barrnap with 40 threads
[16:12:59] 1 k141_1461 1152 23S ribosomal RNA (partial)
[16:12:59] 2 k141_35879 18 23S ribosomal RNA (partial)
[16:12:59] 3 k141_42161 609 16S ribosomal RNA (partial)
[16:12:59] 4 k141_64997 874 16S ribosomal RNA
[16:12:59] 5 k141_64997 4758 23S ribosomal RNA (partial)
[16:12:59] Found 5 rRNAs
[16:12:59] Skipping ncRNA search, enable with --rfam if desired.
[16:12:59] Total of 28 tRNA + rRNA features
[16:12:59] Searching for CRISPR repeats
[16:12:59] Found 0 CRISPRs
[16:12:59] Predicting coding sequences
[16:12:59] Contigs total 129430 bp, so using single mode
[16:12:59] Running: prodigal -i P001_WA11\/P001_WA11\.fna -c -m -g 11 -p single -f sco -q
[16:12:59] Excluding CDS which overlaps existing RNA (tRNA) at k141_50272:6701..6832 on + strand
[16:12:59] Excluding CDS which overlaps existing RNA (tRNA) at k141_50272:13477..13734 on + strand
[16:12:59] Excluding CDS which overlaps existing RNA (tRNA) at k141_50272:18303..18560 on + strand
[16:12:59] Excluding CDS which overlaps existing RNA (tRNA) at k141_1461:33..203 on + strand
[16:12:59] Excluding CDS which overlaps existing RNA (rRNA) at k141_1461:1099..1335 on + strand
[16:12:59] Excluding CDS which overlaps existing RNA (rRNA) at k141_1461:1332..1472 on + strand
[16:12:59] Excluding CDS which overlaps existing RNA (rRNA) at k141_1461:2078..2464 on + strand
[16:12:59] Excluding CDS which overlaps existing RNA (rRNA) at k141_64997:724..921 on + strand
[16:12:59] Excluding CDS which overlaps existing RNA (rRNA) at k141_64997:1934..2185 on + strand
[16:12:59] Excluding CDS which overlaps existing RNA (rRNA) at k141_64997:2182..2319 on + strand
[16:12:59] Excluding CDS which overlaps existing RNA (rRNA) at k141_64997:5124..5357 on - strand
[16:12:59] Excluding CDS which overlaps existing RNA (rRNA) at k141_64997:6166..6489 on - strand
[16:12:59] Excluding CDS which overlaps existing RNA (rRNA) at k141_35879:7..495 on - strand
[16:12:59] Excluding CDS which overlaps existing RNA (rRNA) at k141_42161:542..1012 on + strand
[16:12:59] Found 93 CDS
[16:12:59] Connecting features back to sequences
[16:12:59] Not using genus-specific database. Try --usegenus to enable it.
[16:12:59] Preparing user-supplied primary BLAST annotation source: vaccinium.gb
[16:12:59] Guessed source was in genbank format.
[16:12:59] Converting genbank 'vaccinium.gb' into Prokka FASTA 'P001_WA11/proteins.faa'
[16:12:59] Running: prokka-genbank_to_fasta_db --format genbank vaccinium\.gb > P001_WA11\/proteins\.faa 2> /dev/null
[16:12:59] Running: makeblastdb -dbtype prot -in P001_WA11\/proteins\.faa -out P001_WA11\/proteins -logfile /dev/null
[16:13:00] Using /inference source as 'vaccinium.gb'
[16:13:00] Annotating CDS, please be patient.
[16:13:00] Will use 40 CPUs for similarity searching.
[16:13:00] There are still 93 unannotated CDS left (started with 93)
[16:13:00] Will use blast to search against P001_WA11/proteins with 40 CPUs
[16:13:00] Running: cat P001_WA11\/P001_WA11\.proteins\.tmp\.38100\.faa | parallel --gnu --plain -j 40 --block 278 --recstart '>' --pipe blastp -query - -db P001_WA11/proteins -evalue 1e-09 -qcov_hsp_perc 80 -num_threads 1 -num_descriptions 1 -num_alignments 1 -seg no > P001_WA11\/P001_WA11\.proteins\.tmp\.38100\.blast 2> /dev/null
[16:13:02] Deleting unwanted file: P001_WA11/P001_WA11.proteins.tmp.38100.faa
[16:13:02] Deleting unwanted file: P001_WA11/P001_WA11.proteins.tmp.38100.blast
[16:13:02] There are still 32 unannotated CDS left (started with 93)
[16:13:02] Will use blast to search against /home/local/packages/prokka-1.14.5/db/kingdom/Bacteria/IS with 40 CPUs
[16:13:02] Running: cat P001_WA11\/P001_WA11\.IS\.tmp\.38100\.faa | parallel --gnu --plain -j 40 --block 66 --recstart '>' --pipe blastp -query - -db /home/local/packages/prokka-1.14.5/db/kingdom/Bacteria/IS -evalue 1e-30 -qcov_hsp_perc 90 -num_threads 1 -num_descriptions 1 -num_alignments 1 -seg no > P001_WA11\/P001_WA11\.IS\.tmp\.38100\.blast 2> /dev/null
[16:13:03] Deleting unwanted file: P001_WA11/P001_WA11.IS.tmp.38100.faa
[16:13:03] Deleting unwanted file: P001_WA11/P001_WA11.IS.tmp.38100.blast
[16:13:03] There are still 32 unannotated CDS left (started with 93)
[16:13:03] Will use blast to search against /home/local/packages/prokka-1.14.5/db/kingdom/Bacteria/AMR with 40 CPUs
[16:13:03] Running: cat P001_WA11\/P001_WA11\.AMR\.tmp\.38100\.faa | parallel --gnu --plain -j 40 --block 66 --recstart '>' --pipe blastp -query - -db /home/local/packages/prokka-1.14.5/db/kingdom/Bacteria/AMR -evalue 1e-300 -qcov_hsp_perc 90 -num_threads 1 -num_descriptions 1 -num_alignments 1 -seg no > P001_WA11\/P001_WA11\.AMR\.tmp\.38100\.blast 2> /dev/null
[16:13:04] Deleting unwanted file: P001_WA11/P001_WA11.AMR.tmp.38100.faa
[16:13:04] Deleting unwanted file: P001_WA11/P001_WA11.AMR.tmp.38100.blast
[16:13:04] There are still 32 unannotated CDS left (started with 93)
[16:13:04] Will use blast to search against /home/local/packages/prokka-1.14.5/db/kingdom/Bacteria/sprot with 40 CPUs
[16:13:04] Running: cat P001_WA11\/P001_WA11\.sprot\.tmp\.38100\.faa | parallel --gnu --plain -j 40 --block 66 --recstart '>' --pipe blastp -query - -db /home/local/packages/prokka-1.14.5/db/kingdom/Bacteria/sprot -evalue 1e-09 -qcov_hsp_perc 80 -num_threads 1 -num_descriptions 1 -num_alignments 1 -seg no > P001_WA11\/P001_WA11\.sprot\.tmp\.38100\.blast 2> /dev/null
[16:13:06] Deleting unwanted file: P001_WA11/P001_WA11.sprot.tmp.38100.faa
[16:13:06] Deleting unwanted file: P001_WA11/P001_WA11.sprot.tmp.38100.blast
[16:13:06] There are still 30 unannotated CDS left (started with 93)
[16:13:06] Will use hmmer3 to search against /home/local/packages/prokka-1.14.5/db/hmm/HAMAP.hmm with 40 CPUs
[16:13:06] Running: cat P001_WA11\/P001_WA11\.HAMAP\.hmm\.tmp\.38100\.faa | parallel --gnu --plain -j 40 --block 63 --recstart '>' --pipe hmmscan --noali --notextw --acc -E 1e-09 --cpu 1 /home/local/packages/prokka-1.14.5/db/hmm/HAMAP.hmm /dev/stdin > P001_WA11\/P001_WA11\.HAMAP\.hmm\.tmp\.38100\.hmmer3 2> /dev/null
[16:13:09] Deleting unwanted file: P001_WA11/P001_WA11.HAMAP.hmm.tmp.38100.faa
[16:13:09] Deleting unwanted file: P001_WA11/P001_WA11.HAMAP.hmm.tmp.38100.hmmer3
[16:13:09] Deleting unwanted file: P001_WA11/proteins.psq
[16:13:09] Deleting unwanted file: P001_WA11/proteins.phr
[16:13:09] Deleting unwanted file: P001_WA11/proteins.pin
[16:13:09] Labelling remaining 26 proteins as 'hypothetical protein'
[16:13:09] Possible /pseudo 'NADH-plastoquinone oxidoreductase subunit 1' at k141_10303 position 3599
[16:13:09] Possible /pseudo 'ribosomal protein L2' at k141_26099 position 16329
[16:13:09] Possible /pseudo 'hypothetical chloroplast RF34' at k141_18252 position 16056
[16:13:09] Possible /pseudo 'ATP-dependent Clp protease proteolytic subunit' at k141_96579 position 2153
[16:13:09] Found 60 unique /gene codes.
[16:13:09] Fixed 2 duplicate /gene - ndhA_1 ndhA_2
[16:13:09] Fixed 2 duplicate /gene - ycf3_1 ycf3_2
[16:13:09] Fixed 2 duplicate /gene - atpF_1 atpF_2
[16:13:09] Fixed 2 duplicate /gene - clpP_1 clpP_2
[16:13:09] Fixed 2 duplicate /gene - ndhB_1 ndhB_2
[16:13:09] Fixed 2 duplicate /gene - rpoC1_1 rpoC1_2
[16:13:09] Fixed 2 duplicate /gene - rpl2_1 rpl2_2
[16:13:09] Fixed 7 colliding /gene names.
[16:13:09] Adding /locus_tag identifiers
[16:13:09] Assigned 121 locus_tags to CDS and RNA features.
[16:13:09] Writing outputs to P001_WA11/
[16:13:09] Generating annotation statistics file
[16:13:09] Generating Genbank and Sequin files
[16:13:09] Running: tbl2asn -V b -a r10k -l paired-ends -M n -N 1 -y 'Annotated using prokka 1.14.5 from https://github.com/tseemann/prokka' -Z P001_WA11\/P001_WA11\.err -i P001_WA11\/P001_WA11\.fsa 2> /dev/null
[16:13:09] Deleting unwanted file: P001_WA11/errorsummary.val
[16:13:09] Deleting unwanted file: P001_WA11/P001_WA11.dr
[16:13:09] Deleting unwanted file: P001_WA11/P001_WA11.fixedproducts
[16:13:09] Deleting unwanted file: P001_WA11/P001_WA11.ecn
[16:13:09] Deleting unwanted file: P001_WA11/P001_WA11.val
[16:13:09] Repairing broken .GBK output that tbl2asn produces...
[16:13:09] Running: sed 's/COORDINATES: profile/COORDINATES:profile/' < P001_WA11\/P001_WA11\.gbf > P001_WA11\/P001_WA11\.gbk
[16:13:09] Deleting unwanted file: P001_WA11/P001_WA11.gbf
[16:13:09] Output files:
[16:13:09] P001_WA11/P001_WA11.log
[16:13:09] P001_WA11/P001_WA11.fna
[16:13:09] P001_WA11/P001_WA11.sqn
[16:13:09] P001_WA11/P001_WA11.txt
[16:13:09] P001_WA11/P001_WA11.faa
[16:13:09] P001_WA11/P001_WA11.gff
[16:13:09] P001_WA11/P001_WA11.tsv
[16:13:09] P001_WA11/P001_WA11.err
[16:13:09] P001_WA11/P001_WA11.ffn
[16:13:09] P001_WA11/P001_WA11.tbl
[16:13:09] P001_WA11/P001_WA11.gbk
[16:13:09] P001_WA11/P001_WA11.fsa
[16:13:09] Annotation finished successfully.
[16:13:09] Walltime used: 0.23 minutes
[16:13:09] If you use this result please cite the Prokka paper:
[16:13:09] Seemann T (2014) Prokka: rapid prokaryotic genome annotation. Bioinformatics. 30(14):2068-9.
[16:13:09] Type 'prokka --citation' for more details.
[16:13:09] Thank you, come again.
