Discrepancy Report Results

Summary
FATAL: MISSING_PROTEIN_ID:94 proteins have invalid IDs.
DISC_SOURCE_QUALS_ASNDISC:strain (all present, all same)
DISC_SOURCE_QUALS_ASNDISC:taxname (all present, all same)
DISC_FEATURE_COUNT:CDS: 94 present
DISC_FEATURE_COUNT:tRNA: 24 present
DISC_FEATURE_COUNT:rRNA: 2 present
DISC_COUNT_NUCLEOTIDES:4 nucleotide Bioseqs are present
FEATURE_LOCATION_CONFLICT:120 features have inconsistent gene locations.
SUSPECT_PRODUCT_NAMES:2 product_names contain suspect phrase or characters
	May contain database identifier more appropriate in note; remove from product name
		2 features contains three or more numbers together that may be identifiers more appropriate in note
NO_ANNOTATION:1 bioseqs have no features
DISC_QUALITY_SCORES:Quality scores are missing on all sequences.
ONCALLER_COMMENT_PRESENT:4 comment descriptors were found (all same)
SHORT_PROT_SEQUENCES:9 protein sequences are shorter than 50 aa.
MISSING_GENOMEASSEMBLY_COMMENTS:4 bioseqs are missing GenomeAssembly structured comments
MOLTYPE_NOT_MRNA:4 molecule types are not set as mRNA.
TECHNIQUE_NOT_TSA:4 technique are not set as TSA
MISSING_STRUCTURED_COMMENT:4 sequences do not include structured comments.
MISSING_PROJECT:98 sequences do not include project.
DISC_INCONSISTENT_MOLINFO_TECH:Molinfo Technique Report (some missing, all same)


Detailed Report

FATAL: DiscRep_ALL:MISSING_PROTEIN_ID::94 proteins have invalid IDs.
P002_WE01/P002_WE01:k141_99935_1 (length 1567)
P002_WE01/P002_WE01:k141_99935_2 (length 92)
P002_WE01/P002_WE01:k141_99935_3 (length 411)
P002_WE01/P002_WE01:k141_99935_4 (length 188)
P002_WE01/P002_WE01:k141_99935_5 (length 37)
P002_WE01/P002_WE01:k141_99935_6 (length 156)
P002_WE01/P002_WE01:k141_99935_7 (length 166)
P002_WE01/P002_WE01:k141_99935_8 (length 176)
P002_WE01/P002_WE01:k141_99935_9 (length 100)
P002_WE01/P002_WE01:k141_99935_10 (length 81)
P002_WE01/P002_WE01:k141_99935_11 (length 506)
P002_WE01/P002_WE01:k141_99935_12 (length 322)
P002_WE01/P002_WE01:k141_99935_13 (length 743)
P002_WE01/P002_WE01:k141_36493_1 (length 92)
P002_WE01/P002_WE01:k141_36493_2 (length 157)
P002_WE01/P002_WE01:k141_36493_3 (length 218)
P002_WE01/P002_WE01:k141_36493_4 (length 119)
P002_WE01/P002_WE01:k141_36493_5 (length 122)
P002_WE01/P002_WE01:k141_36493_6 (length 134)
P002_WE01/P002_WE01:k141_36493_7 (length 77)
P002_WE01/P002_WE01:k141_36493_8 (length 117)
P002_WE01/P002_WE01:k141_36493_9 (length 136)
P002_WE01/P002_WE01:k141_36493_10 (length 335)
P002_WE01/P002_WE01:k141_36493_11 (length 174)
P002_WE01/P002_WE01:k141_36493_12 (length 162)
P002_WE01/P002_WE01:k141_36493_13 (length 56)
P002_WE01/P002_WE01:k141_36493_14 (length 73)
P002_WE01/P002_WE01:k141_36493_15 (length 43)
P002_WE01/P002_WE01:k141_36493_16 (length 508)
P002_WE01/P002_WE01:k141_36493_17 (length 104)
P002_WE01/P002_WE01:k141_36493_18 (length 73)
P002_WE01/P002_WE01:k141_36493_19 (length 126)
P002_WE01/P002_WE01:k141_36493_20 (length 101)
P002_WE01/P002_WE01:k141_36493_21 (length 56)
P002_WE01/P002_WE01:k141_36493_22 (length 69)
P002_WE01/P002_WE01:k141_36493_23 (length 44)
P002_WE01/P002_WE01:k141_36493_24 (length 83)
P002_WE01/P002_WE01:k141_36493_25 (length 39)
P002_WE01/P002_WE01:k141_36493_26 (length 320)
P002_WE01/P002_WE01:k141_36493_27 (length 229)
P002_WE01/P002_WE01:k141_36493_28 (length 216)
P002_WE01/P002_WE01:k141_36493_29 (length 487)
P002_WE01/P002_WE01:k141_36493_30 (length 484)
P002_WE01/P002_WE01:k141_36493_31 (length 497)
P002_WE01/P002_WE01:k141_36493_32 (length 133)
P002_WE01/P002_WE01:k141_36493_33 (length 120)
P002_WE01/P002_WE01:k141_36493_34 (length 245)
P002_WE01/P002_WE01:k141_36493_35 (length 158)
P002_WE01/P002_WE01:k141_36493_36 (length 71)
P002_WE01/P002_WE01:k141_36493_37 (length 48)
P002_WE01/P002_WE01:k141_36493_38 (length 64)
P002_WE01/P002_WE01:k141_36493_39 (length 201)
P002_WE01/P002_WE01:k141_36493_40 (length 82)
P002_WE01/P002_WE01:k141_36493_41 (length 750)
P002_WE01/P002_WE01:k141_36493_42 (length 734)
P002_WE01/P002_WE01:k141_36493_43 (length 59)
P002_WE01/P002_WE01:k141_36493_44 (length 62)
P002_WE01/P002_WE01:k141_36493_45 (length 69)
P002_WE01/P002_WE01:k141_36493_46 (length 461)
P002_WE01/P002_WE01:k141_36493_47 (length 353)
P002_WE01/P002_WE01:k141_36493_48 (length 508)
P002_WE01/P002_WE01:k141_36493_49 (length 124)
P002_WE01/P002_WE01:k141_36493_50 (length 56)
P002_WE01/P002_WE01:k141_36493_51 (length 81)
P002_WE01/P002_WE01:k141_36493_52 (length 247)
P002_WE01/P002_WE01:k141_36493_53 (length 236)
P002_WE01/P002_WE01:k141_36493_54 (length 1377)
P002_WE01/P002_WE01:k141_36493_55 (length 498)
P002_WE01/P002_WE01:k141_36493_56 (length 60)
P002_WE01/P002_WE01:k141_36493_57 (length 145)
P002_WE01/P002_WE01:k141_36493_58 (length 1095)
P002_WE01/P002_WE01:k141_36493_59 (length 61)
P002_WE01/P002_WE01:k141_36493_60 (length 36)
P002_WE01/P002_WE01:k141_36493_61 (length 70)
P002_WE01/P002_WE01:k141_36493_62 (length 62)
P002_WE01/P002_WE01:k141_36493_63 (length 57)
P002_WE01/P002_WE01:k141_36493_64 (length 53)
P002_WE01/P002_WE01:k141_36493_65 (length 79)
P002_WE01/P002_WE01:k141_36493_66 (length 506)
P002_WE01/P002_WE01:k141_36493_67 (length 317)
P002_WE01/P002_WE01:k141_40581_1 (length 200)
P002_WE01/P002_WE01:k141_40581_2 (length 133)
P002_WE01/P002_WE01:k141_40581_3 (length 93)
P002_WE01/P002_WE01:k141_40581_4 (length 2300)
P002_WE01/P002_WE01:k141_40581_5 (length 80)
P002_WE01/P002_WE01:k141_40581_6 (length 260)
P002_WE01/P002_WE01:k141_40581_7 (length 36)
P002_WE01/P002_WE01:k141_40581_8 (length 264)
P002_WE01/P002_WE01:k141_40581_9 (length 155)
P002_WE01/P002_WE01:k141_40581_10 (length 63)
P002_WE01/P002_WE01:k141_40581_11 (length 94)
P002_WE01/P002_WE01:k141_40581_12 (length 71)
P002_WE01/P002_WE01:k141_40581_13 (length 30)
P002_WE01/P002_WE01:k141_40581_14 (length 37)

DiscRep_ALL:DISC_SOURCE_QUALS_ASNDISC::strain (all present, all same)
DiscRep_SUB:DISC_SOURCE_QUALS_ASNDISC::4 sources have 'strain' for strain
DiscRep_ALL:DISC_SOURCE_QUALS_ASNDISC::taxname (all present, all same)
DiscRep_SUB:DISC_SOURCE_QUALS_ASNDISC::4 sources have 'Genus species' for taxname
DiscRep_ALL:DISC_FEATURE_COUNT::CDS: 94 present
DiscRep_ALL:DISC_FEATURE_COUNT::tRNA: 24 present
DiscRep_ALL:DISC_FEATURE_COUNT::rRNA: 2 present
DiscRep_ALL:DISC_COUNT_NUCLEOTIDES::4 nucleotide Bioseqs are present
P002_WE01/P002_WE01:k141_99935 (length 18864)
P002_WE01/P002_WE01:k141_36493 (length 83802)
P002_WE01/P002_WE01:k141_166380 (length 1085)
P002_WE01/P002_WE01:k141_40581 (length 25211)

DiscRep_ALL:FEATURE_LOCATION_CONFLICT::120 features have inconsistent gene locations.
DiscRep_SUB:FEATURE_LOCATION_CONFLICT::Coding region xref gene does not exist
P002_WE01/P002_WE01:CDS	hypothetical protein	k141_99935:26-4729	P002_WE01_00001

DiscRep_SUB:FEATURE_LOCATION_CONFLICT::Coding region xref gene does not exist
P002_WE01/P002_WE01:CDS	ribosomal protein S15	k141_99935:5150-5428	P002_WE01_00002

DiscRep_SUB:FEATURE_LOCATION_CONFLICT::Coding region xref gene does not exist
P002_WE01/P002_WE01:CDS	NADH-plastoquinone oxidoreductase subunit 7	k141_99935:5466-6701	P002_WE01_00003

DiscRep_SUB:FEATURE_LOCATION_CONFLICT::Coding region xref gene does not exist
P002_WE01/P002_WE01:CDS	NADH-plastoquinone oxidoreductase subunit 1	k141_99935:6703-7269	P002_WE01_00004

DiscRep_SUB:FEATURE_LOCATION_CONFLICT::Coding region xref gene does not exist
P002_WE01/P002_WE01:CDS	hypothetical protein	k141_99935:7385-7498	P002_WE01_00005

DiscRep_SUB:FEATURE_LOCATION_CONFLICT::Coding region xref gene does not exist
P002_WE01/P002_WE01:CDS	NADH-plastoquinone oxidoreductase subunit 1	k141_99935:8378-8848	P002_WE01_00006

DiscRep_SUB:FEATURE_LOCATION_CONFLICT::Coding region xref gene does not exist
P002_WE01/P002_WE01:CDS	NADH-plastoquinone oxidoreductase subunit I	k141_99935:8927-9427	P002_WE01_00007

DiscRep_SUB:FEATURE_LOCATION_CONFLICT::Coding region xref gene does not exist
P002_WE01/P002_WE01:CDS	NADH-plastoquinone oxidoreductase subunit 6	k141_99935:9785-10315	P002_WE01_00008

DiscRep_SUB:FEATURE_LOCATION_CONFLICT::Coding region xref gene does not exist
P002_WE01/P002_WE01:CDS	NADH-plastoquinone oxidoreductase subunit 4L	k141_99935:10536-10838	P002_WE01_00009

DiscRep_SUB:FEATURE_LOCATION_CONFLICT::Coding region xref gene does not exist
P002_WE01/P002_WE01:CDS	photosystem I subunit VII	k141_99935:11075-11320	P002_WE01_00010

DiscRep_SUB:FEATURE_LOCATION_CONFLICT::Coding region xref gene does not exist
P002_WE01/P002_WE01:CDS	NADH-plastoquinone oxidoreductase subunit 4	k141_99935:11421-12941	P002_WE01_00011

DiscRep_SUB:FEATURE_LOCATION_CONFLICT::Coding region xref gene does not exist
P002_WE01/P002_WE01:CDS	cytochrome c heme attachment protein	k141_99935:c14159-13191	P002_WE01_00012

DiscRep_SUB:FEATURE_LOCATION_CONFLICT::Coding region xref gene does not exist
P002_WE01/P002_WE01:CDS	NADH-plastoquinone oxidoreductase subunit 5	k141_99935:16478-18709	P002_WE01_00014

DiscRep_SUB:FEATURE_LOCATION_CONFLICT::RNA feature xref gene does not exist
P002_WE01/P002_WE01:tRNA	Leu	k141_99935:c14386-14307	P002_WE01_00013

DiscRep_SUB:FEATURE_LOCATION_CONFLICT::Coding region xref gene does not exist
P002_WE01/P002_WE01:CDS	ribosomal protein S19	k141_36493:82-360	P002_WE01_00015

DiscRep_SUB:FEATURE_LOCATION_CONFLICT::Coding region xref gene does not exist
P002_WE01/P002_WE01:CDS	ribosomal protein L22	k141_36493:425-898	P002_WE01_00016

DiscRep_SUB:FEATURE_LOCATION_CONFLICT::Coding region xref gene does not exist
P002_WE01/P002_WE01:CDS	ribosomal protein S3	k141_36493:883-1539	P002_WE01_00017

DiscRep_SUB:FEATURE_LOCATION_CONFLICT::Coding region xref gene does not exist
P002_WE01/P002_WE01:CDS	ribosomal protein L16	k141_36493:2773-3132	P002_WE01_00018

DiscRep_SUB:FEATURE_LOCATION_CONFLICT::Coding region xref gene does not exist
P002_WE01/P002_WE01:CDS	ribosomal protein L14	k141_36493:3249-3617	P002_WE01_00019

DiscRep_SUB:FEATURE_LOCATION_CONFLICT::Coding region xref gene does not exist
P002_WE01/P002_WE01:CDS	ribosomal protein S8	k141_36493:3798-4202	P002_WE01_00020

DiscRep_SUB:FEATURE_LOCATION_CONFLICT::Coding region xref gene does not exist
P002_WE01/P002_WE01:CDS	translational initiation factor 1	k141_36493:4324-4557	P002_WE01_00021

DiscRep_SUB:FEATURE_LOCATION_CONFLICT::Coding region xref gene does not exist
P002_WE01/P002_WE01:CDS	hypothetical protein	k141_36493:c4857-4504	P002_WE01_00022

DiscRep_SUB:FEATURE_LOCATION_CONFLICT::Coding region xref gene does not exist
P002_WE01/P002_WE01:CDS	ribosomal protein S11	k141_36493:4892-5302	P002_WE01_00023

DiscRep_SUB:FEATURE_LOCATION_CONFLICT::Coding region xref gene does not exist
P002_WE01/P002_WE01:CDS	DNA-directed RNA polymerase subunit alpha	k141_36493:5383-6390	P002_WE01_00024

DiscRep_SUB:FEATURE_LOCATION_CONFLICT::Coding region xref gene does not exist
P002_WE01/P002_WE01:CDS	cytochrome b6/f complex subunit IV	k141_36493:c7116-6592	P002_WE01_00025

DiscRep_SUB:FEATURE_LOCATION_CONFLICT::Coding region xref gene does not exist
P002_WE01/P002_WE01:CDS	cytochrome b6	k141_36493:c8449-7961	P002_WE01_00026

DiscRep_SUB:FEATURE_LOCATION_CONFLICT::Coding region xref gene does not exist
P002_WE01/P002_WE01:CDS	hypothetical protein	k141_36493:c9133-8963	P002_WE01_00027

DiscRep_SUB:FEATURE_LOCATION_CONFLICT::Coding region xref gene does not exist
P002_WE01/P002_WE01:CDS	photosystem II phosphoprotein	k141_36493:c9719-9498	P002_WE01_00028

DiscRep_SUB:FEATURE_LOCATION_CONFLICT::Coding region xref gene does not exist
P002_WE01/P002_WE01:CDS	photosystem II protein N	k141_36493:9822-9953	P002_WE01_00029

DiscRep_SUB:FEATURE_LOCATION_CONFLICT::Coding region xref gene does not exist
P002_WE01/P002_WE01:CDS	photosystem II CP47 chlorophyll apoprotein	k141_36493:c11839-10313	P002_WE01_00030

DiscRep_SUB:FEATURE_LOCATION_CONFLICT::Coding region xref gene does not exist
P002_WE01/P002_WE01:CDS	ATP-dependent Clp protease proteolytic subunit	k141_36493:13155-13469	P002_WE01_00031

DiscRep_SUB:FEATURE_LOCATION_CONFLICT::Coding region xref gene does not exist
P002_WE01/P002_WE01:CDS	ATP-dependent Clp protease proteolytic subunit	k141_36493:14080-14301	P002_WE01_00032

DiscRep_SUB:FEATURE_LOCATION_CONFLICT::Coding region xref gene does not exist
P002_WE01/P002_WE01:CDS	ribosomal protein L20	k141_36493:15312-15692	P002_WE01_00033

DiscRep_SUB:FEATURE_LOCATION_CONFLICT::Coding region xref gene does not exist
P002_WE01/P002_WE01:CDS	ribosomal protein S18	k141_36493:c16243-15938	P002_WE01_00034

DiscRep_SUB:FEATURE_LOCATION_CONFLICT::Coding region xref gene does not exist
P002_WE01/P002_WE01:CDS	hypothetical protein	k141_36493:16535-16705	P002_WE01_00035

DiscRep_SUB:FEATURE_LOCATION_CONFLICT::Coding region xref gene does not exist
P002_WE01/P002_WE01:CDS	hypothetical protein	k141_36493:16727-16936	P002_WE01_00036

DiscRep_SUB:FEATURE_LOCATION_CONFLICT::Coding region xref gene does not exist
P002_WE01/P002_WE01:CDS	photosystem I subunit IX	k141_36493:c17188-17054	P002_WE01_00037

DiscRep_SUB:FEATURE_LOCATION_CONFLICT::Coding region xref gene does not exist
P002_WE01/P002_WE01:CDS	photosystem II cytochrome b559 alpha subunit	k141_36493:19476-19727	P002_WE01_00040

DiscRep_SUB:FEATURE_LOCATION_CONFLICT::Coding region xref gene does not exist
P002_WE01/P002_WE01:CDS	photosystem II cytochrome b559 beta subunit	k141_36493:19737-19856	P002_WE01_00041

DiscRep_SUB:FEATURE_LOCATION_CONFLICT::Coding region xref gene does not exist
P002_WE01/P002_WE01:CDS	cytochrome f	k141_36493:c22043-21081	P002_WE01_00042

DiscRep_SUB:FEATURE_LOCATION_CONFLICT::Coding region xref gene does not exist
P002_WE01/P002_WE01:CDS	envelope membrane protein	k141_36493:c22965-22276	P002_WE01_00043

DiscRep_SUB:FEATURE_LOCATION_CONFLICT::Coding region xref gene does not exist
P002_WE01/P002_WE01:CDS	photosystem I assembly protein Ycf4	k141_36493:c24465-23815	P002_WE01_00044

DiscRep_SUB:FEATURE_LOCATION_CONFLICT::Coding region xref gene does not exist
P002_WE01/P002_WE01:CDS	Acetyl-coenzyme A carboxylase carboxyl transferase subunit beta, chloroplastic	k141_36493:c27017-25554	P002_WE01_00045

DiscRep_SUB:FEATURE_LOCATION_CONFLICT::Coding region xref gene does not exist
P002_WE01/P002_WE01:CDS	ribulose-1,5-bisphosphate carboxylase/oxygenase large subunit	k141_36493:c29014-27560	P002_WE01_00046

DiscRep_SUB:FEATURE_LOCATION_CONFLICT::Coding region xref gene does not exist
P002_WE01/P002_WE01:CDS	ATP synthase CF1 beta subunit	k141_36493:29760-31253	P002_WE01_00047

DiscRep_SUB:FEATURE_LOCATION_CONFLICT::Coding region xref gene does not exist
P002_WE01/P002_WE01:CDS	ATP synthase CF1 epsilon subunit	k141_36493:31250-31651	P002_WE01_00048

DiscRep_SUB:FEATURE_LOCATION_CONFLICT::Coding region xref gene does not exist
P002_WE01/P002_WE01:CDS	NADH-plastoquinone oxidoreductase subunit 3	k141_36493:33773-34135	P002_WE01_00050

DiscRep_SUB:FEATURE_LOCATION_CONFLICT::Coding region xref gene does not exist
P002_WE01/P002_WE01:CDS	NADH-plastoquinone oxidoreductase subunit K	k141_36493:34126-34863	P002_WE01_00051

DiscRep_SUB:FEATURE_LOCATION_CONFLICT::Coding region xref gene does not exist
P002_WE01/P002_WE01:CDS	NADH-plastoquinone oxidoreductase subunit J	k141_36493:34967-35443	P002_WE01_00052

DiscRep_SUB:FEATURE_LOCATION_CONFLICT::Coding region xref gene does not exist
P002_WE01/P002_WE01:CDS	hypothetical protein	k141_36493:c36923-36708	P002_WE01_00054

DiscRep_SUB:FEATURE_LOCATION_CONFLICT::Coding region xref gene does not exist
P002_WE01/P002_WE01:CDS	hypothetical protein	k141_36493:c37014-36868	P002_WE01_00055

DiscRep_SUB:FEATURE_LOCATION_CONFLICT::Coding region xref gene does not exist
P002_WE01/P002_WE01:CDS	hypothetical protein	k141_36493:37622-37816	P002_WE01_00057

DiscRep_SUB:FEATURE_LOCATION_CONFLICT::Coding region xref gene does not exist
P002_WE01/P002_WE01:CDS	ribosomal protein S4	k141_36493:37946-38551	P002_WE01_00058

DiscRep_SUB:FEATURE_LOCATION_CONFLICT::Coding region xref gene does not exist
P002_WE01/P002_WE01:CDS	putative chloroplast RF34	k141_36493:40685-40933	P002_WE01_00060

DiscRep_SUB:FEATURE_LOCATION_CONFLICT::Coding region xref gene does not exist
P002_WE01/P002_WE01:CDS	photosystem I P700 apoprotein A1	k141_36493:42553-44805	P002_WE01_00061

DiscRep_SUB:FEATURE_LOCATION_CONFLICT::Coding region xref gene does not exist
P002_WE01/P002_WE01:CDS	photosystem I P700 apoprotein A2	k141_36493:44831-47035	P002_WE01_00062

DiscRep_SUB:FEATURE_LOCATION_CONFLICT::Coding region xref gene does not exist
P002_WE01/P002_WE01:CDS	hypothetical protein	k141_36493:47299-47478	P002_WE01_00063

DiscRep_SUB:FEATURE_LOCATION_CONFLICT::Coding region xref gene does not exist
P002_WE01/P002_WE01:CDS	photosystem II protein Z	k141_36493:c48482-48294	P002_WE01_00066

DiscRep_SUB:FEATURE_LOCATION_CONFLICT::Coding region xref gene does not exist
P002_WE01/P002_WE01:CDS	hypothetical protein	k141_36493:48599-48808	P002_WE01_00067

DiscRep_SUB:FEATURE_LOCATION_CONFLICT::Coding region xref gene does not exist
P002_WE01/P002_WE01:CDS	photosystem II CP43 chlorophyll apoprotein	k141_36493:c50524-49139	P002_WE01_00069

DiscRep_SUB:FEATURE_LOCATION_CONFLICT::Coding region xref gene does not exist
P002_WE01/P002_WE01:CDS	photosystem II protein D2	k141_36493:c51569-50508	P002_WE01_00070

DiscRep_SUB:FEATURE_LOCATION_CONFLICT::Coding region xref gene does not exist
P002_WE01/P002_WE01:CDS	ATP synthase CF1 alpha subunit	k141_36493:c55735-54209	P002_WE01_00073

DiscRep_SUB:FEATURE_LOCATION_CONFLICT::Coding region xref gene does not exist
P002_WE01/P002_WE01:CDS	ATP synthase CF0 subunit I	k141_36493:c56174-55800	P002_WE01_00074

DiscRep_SUB:FEATURE_LOCATION_CONFLICT::Coding region xref gene does not exist
P002_WE01/P002_WE01:CDS	ATP synthase CF0 subunit I	k141_36493:c57061-56891	P002_WE01_00075

DiscRep_SUB:FEATURE_LOCATION_CONFLICT::Coding region xref gene does not exist
P002_WE01/P002_WE01:CDS	ATP synthase CF0 subunit III	k141_36493:c57662-57417	P002_WE01_00076

DiscRep_SUB:FEATURE_LOCATION_CONFLICT::Coding region xref gene does not exist
P002_WE01/P002_WE01:CDS	ATP synthase CF0 subunit IV	k141_36493:c59540-58797	P002_WE01_00077

DiscRep_SUB:FEATURE_LOCATION_CONFLICT::Coding region xref gene does not exist
P002_WE01/P002_WE01:CDS	ribosomal protein S2	k141_36493:c60466-59756	P002_WE01_00078

DiscRep_SUB:FEATURE_LOCATION_CONFLICT::Coding region xref gene does not exist
P002_WE01/P002_WE01:CDS	RNA polymerase beta'' subunit	k141_36493:c64837-60704	P002_WE01_00079

DiscRep_SUB:FEATURE_LOCATION_CONFLICT::Coding region xref gene does not exist
P002_WE01/P002_WE01:CDS	RNA polymerase beta' subunit	k141_36493:c66447-64951	P002_WE01_00080

DiscRep_SUB:FEATURE_LOCATION_CONFLICT::Coding region xref gene does not exist
P002_WE01/P002_WE01:CDS	hypothetical protein	k141_36493:c67324-67142	P002_WE01_00081

DiscRep_SUB:FEATURE_LOCATION_CONFLICT::Coding region xref gene does not exist
P002_WE01/P002_WE01:CDS	RNA polymerase beta' subunit	k141_36493:c67754-67317	P002_WE01_00082

DiscRep_SUB:FEATURE_LOCATION_CONFLICT::Coding region xref gene does not exist
P002_WE01/P002_WE01:CDS	RNA polymerase beta subunit	k141_36493:c71068-67781	P002_WE01_00083

DiscRep_SUB:FEATURE_LOCATION_CONFLICT::Coding region xref gene does not exist
P002_WE01/P002_WE01:CDS	hypothetical protein	k141_36493:c73929-73744	P002_WE01_00087

DiscRep_SUB:FEATURE_LOCATION_CONFLICT::Coding region xref gene does not exist
P002_WE01/P002_WE01:CDS	Photosystem II reaction center protein I	k141_36493:c75457-75347	P002_WE01_00090

DiscRep_SUB:FEATURE_LOCATION_CONFLICT::Coding region xref gene does not exist
P002_WE01/P002_WE01:CDS	hypothetical protein	k141_36493:75554-75766	P002_WE01_00091

DiscRep_SUB:FEATURE_LOCATION_CONFLICT::Coding region xref gene does not exist
P002_WE01/P002_WE01:CDS	photosystem II protein K	k141_36493:c76050-75862	P002_WE01_00092

DiscRep_SUB:FEATURE_LOCATION_CONFLICT::Coding region xref gene does not exist
P002_WE01/P002_WE01:CDS	hypothetical protein	k141_36493:77043-77216	P002_WE01_00094

DiscRep_SUB:FEATURE_LOCATION_CONFLICT::Coding region xref gene does not exist
P002_WE01/P002_WE01:CDS	ribosomal protein S16	k141_36493:78352-78513	P002_WE01_00095

DiscRep_SUB:FEATURE_LOCATION_CONFLICT::Coding region xref gene does not exist
P002_WE01/P002_WE01:CDS	hypothetical protein	k141_36493:79354-79593	P002_WE01_00096

DiscRep_SUB:FEATURE_LOCATION_CONFLICT::Coding region xref gene does not exist
P002_WE01/P002_WE01:CDS	maturase K	k141_36493:80088-81608	P002_WE01_00097

DiscRep_SUB:FEATURE_LOCATION_CONFLICT::Coding region xref gene does not exist
P002_WE01/P002_WE01:CDS	photosystem II protein D1	k141_36493:82243-83196	P002_WE01_00098

DiscRep_SUB:FEATURE_LOCATION_CONFLICT::RNA feature xref gene does not exist
P002_WE01/P002_WE01:tRNA	Pro	k141_36493:17496-17571	P002_WE01_00038

DiscRep_SUB:FEATURE_LOCATION_CONFLICT::RNA feature xref gene does not exist
P002_WE01/P002_WE01:tRNA	Trp	k141_36493:17734-17807	P002_WE01_00039

DiscRep_SUB:FEATURE_LOCATION_CONFLICT::RNA feature xref gene does not exist
P002_WE01/P002_WE01:tRNA	Met	k141_36493:c31956-31884	P002_WE01_00049

DiscRep_SUB:FEATURE_LOCATION_CONFLICT::RNA feature xref gene does not exist
P002_WE01/P002_WE01:tRNA	Phe	k141_36493:c36098-36025	P002_WE01_00053

DiscRep_SUB:FEATURE_LOCATION_CONFLICT::RNA feature xref gene does not exist
P002_WE01/P002_WE01:tRNA	Thr	k141_36493:37527-37601	P002_WE01_00056

DiscRep_SUB:FEATURE_LOCATION_CONFLICT::RNA feature xref gene does not exist
P002_WE01/P002_WE01:tRNA	Ser	k141_36493:c38947-38861	P002_WE01_00059

DiscRep_SUB:FEATURE_LOCATION_CONFLICT::RNA feature xref gene does not exist
P002_WE01/P002_WE01:tRNA	Met	k141_36493:47626-47699	P002_WE01_00064

DiscRep_SUB:FEATURE_LOCATION_CONFLICT::RNA feature xref gene does not exist
P002_WE01/P002_WE01:tRNA	Gly	k141_36493:c47980-47909	P002_WE01_00065

DiscRep_SUB:FEATURE_LOCATION_CONFLICT::RNA feature xref gene does not exist
P002_WE01/P002_WE01:tRNA	Ser	k141_36493:48820-48902	P002_WE01_00068

DiscRep_SUB:FEATURE_LOCATION_CONFLICT::RNA feature xref gene does not exist
P002_WE01/P002_WE01:tRNA	Thr	k141_36493:c52821-52748	P002_WE01_00071

DiscRep_SUB:FEATURE_LOCATION_CONFLICT::RNA feature xref gene does not exist
P002_WE01/P002_WE01:tRNA	Arg	k141_36493:54008-54079	P002_WE01_00072

DiscRep_SUB:FEATURE_LOCATION_CONFLICT::RNA feature xref gene does not exist
P002_WE01/P002_WE01:tRNA	Glu	k141_36493:71843-71914	P002_WE01_00084

DiscRep_SUB:FEATURE_LOCATION_CONFLICT::RNA feature xref gene does not exist
P002_WE01/P002_WE01:tRNA	Tyr	k141_36493:72105-72191	P002_WE01_00085

DiscRep_SUB:FEATURE_LOCATION_CONFLICT::RNA feature xref gene does not exist
P002_WE01/P002_WE01:tRNA	Asp	k141_36493:72302-72378	P002_WE01_00086

DiscRep_SUB:FEATURE_LOCATION_CONFLICT::RNA feature xref gene does not exist
P002_WE01/P002_WE01:tRNA	Cys	k141_36493:c74325-74254	P002_WE01_00088

DiscRep_SUB:FEATURE_LOCATION_CONFLICT::RNA feature xref gene does not exist
P002_WE01/P002_WE01:tRNA	Ser	k141_36493:75119-75206	P002_WE01_00089

DiscRep_SUB:FEATURE_LOCATION_CONFLICT::RNA feature xref gene does not exist
P002_WE01/P002_WE01:tRNA	Gln	k141_36493:76397-76468	P002_WE01_00093

DiscRep_SUB:FEATURE_LOCATION_CONFLICT::RNA feature xref gene does not exist
P002_WE01/P002_WE01:tRNA	His	k141_36493:83585-83659	P002_WE01_00099

DiscRep_SUB:FEATURE_LOCATION_CONFLICT::Coding region xref gene does not exist
P002_WE01/P002_WE01:CDS	hypothetical protein	k141_40581:207-809	P002_WE01_00100

DiscRep_SUB:FEATURE_LOCATION_CONFLICT::Coding region xref gene does not exist
P002_WE01/P002_WE01:CDS	ribosomal protein L2	k141_40581:c1605-1204	P002_WE01_00101

DiscRep_SUB:FEATURE_LOCATION_CONFLICT::Coding region xref gene does not exist
P002_WE01/P002_WE01:CDS	ribosomal protein L23	k141_40581:c1905-1624	P002_WE01_00102

DiscRep_SUB:FEATURE_LOCATION_CONFLICT::Coding region xref gene does not exist
P002_WE01/P002_WE01:CDS	hypothetical protein	k141_40581:2256-9158	P002_WE01_00104

DiscRep_SUB:FEATURE_LOCATION_CONFLICT::Coding region xref gene does not exist
P002_WE01/P002_WE01:CDS	hypothetical protein	k141_40581:c9979-9737	P002_WE01_00106

DiscRep_SUB:FEATURE_LOCATION_CONFLICT::Coding region xref gene does not exist
P002_WE01/P002_WE01:CDS	NADH-plastoquinone oxidoreductase subunit 2	k141_40581:c11007-10225	P002_WE01_00107

DiscRep_SUB:FEATURE_LOCATION_CONFLICT::Coding region xref gene does not exist
P002_WE01/P002_WE01:CDS	hypothetical protein	k141_40581:c11582-11472	P002_WE01_00108

DiscRep_SUB:FEATURE_LOCATION_CONFLICT::Coding region xref gene does not exist
P002_WE01/P002_WE01:CDS	NADH-plastoquinone oxidoreductase subunit 2	k141_40581:c12423-11629	P002_WE01_00109

DiscRep_SUB:FEATURE_LOCATION_CONFLICT::Coding region xref gene does not exist
P002_WE01/P002_WE01:CDS	ribosomal protein S7	k141_40581:c13180-12713	P002_WE01_00110

DiscRep_SUB:FEATURE_LOCATION_CONFLICT::Coding region xref gene does not exist
P002_WE01/P002_WE01:CDS	hypothetical protein	k141_40581:c15176-14985	P002_WE01_00111

DiscRep_SUB:FEATURE_LOCATION_CONFLICT::Coding region xref gene does not exist
P002_WE01/P002_WE01:CDS	hypothetical protein	k141_40581:c18085-17801	P002_WE01_00114

DiscRep_SUB:FEATURE_LOCATION_CONFLICT::Coding region xref gene does not exist
P002_WE01/P002_WE01:CDS	hypothetical protein	k141_40581:18668-18883	P002_WE01_00115

DiscRep_SUB:FEATURE_LOCATION_CONFLICT::Coding region xref gene does not exist
P002_WE01/P002_WE01:CDS	hypothetical protein	k141_40581:19006-19098	P002_WE01_00116

DiscRep_SUB:FEATURE_LOCATION_CONFLICT::Coding region xref gene does not exist
P002_WE01/P002_WE01:CDS	hypothetical protein	k141_40581:19179-19292	P002_WE01_00117

DiscRep_SUB:FEATURE_LOCATION_CONFLICT::RNA feature xref gene does not exist
P002_WE01/P002_WE01:tRNA	Met	k141_40581:c2144-2070	P002_WE01_00103

DiscRep_SUB:FEATURE_LOCATION_CONFLICT::RNA feature xref gene does not exist
P002_WE01/P002_WE01:tRNA	Leu	k141_40581:c9648-9566	P002_WE01_00105

DiscRep_SUB:FEATURE_LOCATION_CONFLICT::RNA feature xref gene does not exist
P002_WE01/P002_WE01:tRNA	Val	k141_40581:15867-15938	P002_WE01_00112

DiscRep_SUB:FEATURE_LOCATION_CONFLICT::RNA feature xref gene does not exist
P002_WE01/P002_WE01:rRNA	16S ribosomal RNA	k141_40581:16170-17656	P002_WE01_00113

DiscRep_SUB:FEATURE_LOCATION_CONFLICT::RNA feature xref gene does not exist
P002_WE01/P002_WE01:rRNA	23S ribosomal RNA	k141_40581:20075-23085	P002_WE01_00118

DiscRep_SUB:FEATURE_LOCATION_CONFLICT::RNA feature xref gene does not exist
P002_WE01/P002_WE01:tRNA	Arg	k141_40581:23701-23775	P002_WE01_00119

DiscRep_SUB:FEATURE_LOCATION_CONFLICT::RNA feature xref gene does not exist
P002_WE01/P002_WE01:tRNA	Asn	k141_40581:c24313-24240	P002_WE01_00120

DiscRep_ALL:SUSPECT_PRODUCT_NAMES::2 product_names contain suspect phrase or characters
DiscRep_SUB:SUSPECT_PRODUCT_NAMES::May contain database identifier more appropriate in note; remove from product name
DiscRep_SUB:SUSPECT_PRODUCT_NAMES::2 features contains three or more numbers together that may be identifiers more appropriate in note
P002_WE01/P002_WE01:CDS	photosystem I P700 apoprotein A1	k141_36493:42553-44805	P002_WE01_00061
P002_WE01/P002_WE01:CDS	photosystem I P700 apoprotein A2	k141_36493:44831-47035	P002_WE01_00062

DiscRep_ALL:NO_ANNOTATION::1 bioseqs have no features
P002_WE01/P002_WE01:k141_166380 (length 1085)

DiscRep_ALL:DISC_QUALITY_SCORES::Quality scores are missing on all sequences.

DiscRep_ALL:ONCALLER_COMMENT_PRESENT::4 comment descriptors were found (all same)
P002_WE01/P002_WE01:k141_99935:Annotated using prokka 1.14.5 from https://github.com/tseemann/prokka
P002_WE01/P002_WE01:k141_36493:Annotated using prokka 1.14.5 from https://github.com/tseemann/prokka
P002_WE01/P002_WE01:k141_166380:Annotated using prokka 1.14.5 from https://github.com/tseemann/prokka
P002_WE01/P002_WE01:k141_40581:Annotated using prokka 1.14.5 from https://github.com/tseemann/prokka

DiscRep_ALL:SHORT_PROT_SEQUENCES::9 protein sequences are shorter than 50 aa.
P002_WE01/P002_WE01:k141_99935_5 (length 37)
P002_WE01/P002_WE01:k141_36493_15 (length 43)
P002_WE01/P002_WE01:k141_36493_23 (length 44)
P002_WE01/P002_WE01:k141_36493_25 (length 39)
P002_WE01/P002_WE01:k141_36493_37 (length 48)
P002_WE01/P002_WE01:k141_36493_60 (length 36)
P002_WE01/P002_WE01:k141_40581_7 (length 36)
P002_WE01/P002_WE01:k141_40581_13 (length 30)
P002_WE01/P002_WE01:k141_40581_14 (length 37)

DiscRep_ALL:MISSING_GENOMEASSEMBLY_COMMENTS::4 bioseqs are missing GenomeAssembly structured comments
P002_WE01/P002_WE01:k141_99935 (length 18864)
P002_WE01/P002_WE01:k141_36493 (length 83802)
P002_WE01/P002_WE01:k141_166380 (length 1085)
P002_WE01/P002_WE01:k141_40581 (length 25211)

DiscRep_ALL:MOLTYPE_NOT_MRNA::4 molecule types are not set as mRNA.
P002_WE01/P002_WE01:k141_99935 (length 18864)
P002_WE01/P002_WE01:k141_36493 (length 83802)
P002_WE01/P002_WE01:k141_166380 (length 1085)
P002_WE01/P002_WE01:k141_40581 (length 25211)

DiscRep_ALL:TECHNIQUE_NOT_TSA::4 technique are not set as TSA
P002_WE01/P002_WE01:k141_99935 (length 18864)
P002_WE01/P002_WE01:k141_36493 (length 83802)
P002_WE01/P002_WE01:k141_166380 (length 1085)
P002_WE01/P002_WE01:k141_40581 (length 25211)

DiscRep_ALL:MISSING_STRUCTURED_COMMENT::4 sequences do not include structured comments.
P002_WE01/P002_WE01:k141_99935 (length 18864)
P002_WE01/P002_WE01:k141_36493 (length 83802)
P002_WE01/P002_WE01:k141_166380 (length 1085)
P002_WE01/P002_WE01:k141_40581 (length 25211)

DiscRep_ALL:MISSING_PROJECT::98 sequences do not include project.
P002_WE01/P002_WE01:k141_99935 (length 18864)
P002_WE01/P002_WE01:k141_99935_1 (length 1567)
P002_WE01/P002_WE01:k141_99935_2 (length 92)
P002_WE01/P002_WE01:k141_99935_3 (length 411)
P002_WE01/P002_WE01:k141_99935_4 (length 188)
P002_WE01/P002_WE01:k141_99935_5 (length 37)
P002_WE01/P002_WE01:k141_99935_6 (length 156)
P002_WE01/P002_WE01:k141_99935_7 (length 166)
P002_WE01/P002_WE01:k141_99935_8 (length 176)
P002_WE01/P002_WE01:k141_99935_9 (length 100)
P002_WE01/P002_WE01:k141_99935_10 (length 81)
P002_WE01/P002_WE01:k141_99935_11 (length 506)
P002_WE01/P002_WE01:k141_99935_12 (length 322)
P002_WE01/P002_WE01:k141_99935_13 (length 743)
P002_WE01/P002_WE01:k141_36493 (length 83802)
P002_WE01/P002_WE01:k141_36493_1 (length 92)
P002_WE01/P002_WE01:k141_36493_2 (length 157)
P002_WE01/P002_WE01:k141_36493_3 (length 218)
P002_WE01/P002_WE01:k141_36493_4 (length 119)
P002_WE01/P002_WE01:k141_36493_5 (length 122)
P002_WE01/P002_WE01:k141_36493_6 (length 134)
P002_WE01/P002_WE01:k141_36493_7 (length 77)
P002_WE01/P002_WE01:k141_36493_8 (length 117)
P002_WE01/P002_WE01:k141_36493_9 (length 136)
P002_WE01/P002_WE01:k141_36493_10 (length 335)
P002_WE01/P002_WE01:k141_36493_11 (length 174)
P002_WE01/P002_WE01:k141_36493_12 (length 162)
P002_WE01/P002_WE01:k141_36493_13 (length 56)
P002_WE01/P002_WE01:k141_36493_14 (length 73)
P002_WE01/P002_WE01:k141_36493_15 (length 43)
P002_WE01/P002_WE01:k141_36493_16 (length 508)
P002_WE01/P002_WE01:k141_36493_17 (length 104)
P002_WE01/P002_WE01:k141_36493_18 (length 73)
P002_WE01/P002_WE01:k141_36493_19 (length 126)
P002_WE01/P002_WE01:k141_36493_20 (length 101)
P002_WE01/P002_WE01:k141_36493_21 (length 56)
P002_WE01/P002_WE01:k141_36493_22 (length 69)
P002_WE01/P002_WE01:k141_36493_23 (length 44)
P002_WE01/P002_WE01:k141_36493_24 (length 83)
P002_WE01/P002_WE01:k141_36493_25 (length 39)
P002_WE01/P002_WE01:k141_36493_26 (length 320)
P002_WE01/P002_WE01:k141_36493_27 (length 229)
P002_WE01/P002_WE01:k141_36493_28 (length 216)
P002_WE01/P002_WE01:k141_36493_29 (length 487)
P002_WE01/P002_WE01:k141_36493_30 (length 484)
P002_WE01/P002_WE01:k141_36493_31 (length 497)
P002_WE01/P002_WE01:k141_36493_32 (length 133)
P002_WE01/P002_WE01:k141_36493_33 (length 120)
P002_WE01/P002_WE01:k141_36493_34 (length 245)
P002_WE01/P002_WE01:k141_36493_35 (length 158)
P002_WE01/P002_WE01:k141_36493_36 (length 71)
P002_WE01/P002_WE01:k141_36493_37 (length 48)
P002_WE01/P002_WE01:k141_36493_38 (length 64)
P002_WE01/P002_WE01:k141_36493_39 (length 201)
P002_WE01/P002_WE01:k141_36493_40 (length 82)
P002_WE01/P002_WE01:k141_36493_41 (length 750)
P002_WE01/P002_WE01:k141_36493_42 (length 734)
P002_WE01/P002_WE01:k141_36493_43 (length 59)
P002_WE01/P002_WE01:k141_36493_44 (length 62)
P002_WE01/P002_WE01:k141_36493_45 (length 69)
P002_WE01/P002_WE01:k141_36493_46 (length 461)
P002_WE01/P002_WE01:k141_36493_47 (length 353)
P002_WE01/P002_WE01:k141_36493_48 (length 508)
P002_WE01/P002_WE01:k141_36493_49 (length 124)
P002_WE01/P002_WE01:k141_36493_50 (length 56)
P002_WE01/P002_WE01:k141_36493_51 (length 81)
P002_WE01/P002_WE01:k141_36493_52 (length 247)
P002_WE01/P002_WE01:k141_36493_53 (length 236)
P002_WE01/P002_WE01:k141_36493_54 (length 1377)
P002_WE01/P002_WE01:k141_36493_55 (length 498)
P002_WE01/P002_WE01:k141_36493_56 (length 60)
P002_WE01/P002_WE01:k141_36493_57 (length 145)
P002_WE01/P002_WE01:k141_36493_58 (length 1095)
P002_WE01/P002_WE01:k141_36493_59 (length 61)
P002_WE01/P002_WE01:k141_36493_60 (length 36)
P002_WE01/P002_WE01:k141_36493_61 (length 70)
P002_WE01/P002_WE01:k141_36493_62 (length 62)
P002_WE01/P002_WE01:k141_36493_63 (length 57)
P002_WE01/P002_WE01:k141_36493_64 (length 53)
P002_WE01/P002_WE01:k141_36493_65 (length 79)
P002_WE01/P002_WE01:k141_36493_66 (length 506)
P002_WE01/P002_WE01:k141_36493_67 (length 317)
P002_WE01/P002_WE01:k141_166380 (length 1085)
P002_WE01/P002_WE01:k141_40581 (length 25211)
P002_WE01/P002_WE01:k141_40581_1 (length 200)
P002_WE01/P002_WE01:k141_40581_2 (length 133)
P002_WE01/P002_WE01:k141_40581_3 (length 93)
P002_WE01/P002_WE01:k141_40581_4 (length 2300)
P002_WE01/P002_WE01:k141_40581_5 (length 80)
P002_WE01/P002_WE01:k141_40581_6 (length 260)
P002_WE01/P002_WE01:k141_40581_7 (length 36)
P002_WE01/P002_WE01:k141_40581_8 (length 264)
P002_WE01/P002_WE01:k141_40581_9 (length 155)
P002_WE01/P002_WE01:k141_40581_10 (length 63)
P002_WE01/P002_WE01:k141_40581_11 (length 94)
P002_WE01/P002_WE01:k141_40581_12 (length 71)
P002_WE01/P002_WE01:k141_40581_13 (length 30)
P002_WE01/P002_WE01:k141_40581_14 (length 37)

DiscRep_ALL:DISC_INCONSISTENT_MOLINFO_TECH::Molinfo Technique Report (some missing, all same)
DiscRep_SUB:DISC_INCONSISTENT_MOLINFO_TECH::technique (all missing)
DiscRep_SUB:DISC_INCONSISTENT_MOLINFO_TECH::4 Molinfos are missing field technique
P002_WE01/P002_WE01:k141_36493 (length 83802)
P002_WE01/P002_WE01:k141_40581 (length 25211)
P002_WE01/P002_WE01:k141_99935 (length 18864)
P002_WE01/P002_WE01:k141_166380 (length 1085)

