Discrepancy Report Results

Summary
FATAL: MISSING_PROTEIN_ID:104 proteins have invalid IDs.
DISC_SOURCE_QUALS_ASNDISC:strain (all present, all same)
DISC_SOURCE_QUALS_ASNDISC:taxname (all present, all same)
DISC_FEATURE_COUNT:CDS: 104 present
DISC_FEATURE_COUNT:tRNA: 24 present
DISC_FEATURE_COUNT:rRNA: 4 present
DISC_COUNT_NUCLEOTIDES:5 nucleotide Bioseqs are present
FEATURE_LOCATION_CONFLICT:132 features have inconsistent gene locations.
SUSPECT_PRODUCT_NAMES:2 product_names contain suspect phrase or characters
	May contain database identifier more appropriate in note; remove from product name
		2 features contains three or more numbers together that may be identifiers more appropriate in note
DISC_QUALITY_SCORES:Quality scores are missing on all sequences.
FATAL: DISC_SUSPECT_RRNA_PRODUCTS:2 rRNA product names contain suspect phrase
FATAL: DISC_SHORT_RRNA:2 rRNA features are too short
ONCALLER_COMMENT_PRESENT:5 comment descriptors were found (all same)
SHORT_PROT_SEQUENCES:14 protein sequences are shorter than 50 aa.
MISSING_GENOMEASSEMBLY_COMMENTS:5 bioseqs are missing GenomeAssembly structured comments
MOLTYPE_NOT_MRNA:5 molecule types are not set as mRNA.
TECHNIQUE_NOT_TSA:5 technique are not set as TSA
MISSING_STRUCTURED_COMMENT:5 sequences do not include structured comments.
MISSING_PROJECT:109 sequences do not include project.
FATAL: RRNA_NAME_CONFLICTS:2 rRNA product names are not standard. Correct the names to the standard format, eg "16S ribosomal RNA"
DISC_INCONSISTENT_MOLINFO_TECH:Molinfo Technique Report (some missing, all same)


Detailed Report

FATAL: DiscRep_ALL:MISSING_PROTEIN_ID::104 proteins have invalid IDs.
P004_WB01/P004_WB01:k141_13889_1 (length 102)
P004_WB01/P004_WB01:k141_10936_1 (length 104)
P004_WB01/P004_WB01:k141_10936_2 (length 165)
P004_WB01/P004_WB01:k141_10936_3 (length 71)
P004_WB01/P004_WB01:k141_8403_1 (length 36)
P004_WB01/P004_WB01:k141_8403_2 (length 229)
P004_WB01/P004_WB01:k141_8403_3 (length 230)
P004_WB01/P004_WB01:k141_8403_4 (length 322)
P004_WB01/P004_WB01:k141_8403_5 (length 79)
P004_WB01/P004_WB01:k141_8403_6 (length 38)
P004_WB01/P004_WB01:k141_8403_7 (length 50)
P004_WB01/P004_WB01:k141_8403_8 (length 83)
P004_WB01/P004_WB01:k141_8403_9 (length 42)
P004_WB01/P004_WB01:k141_8403_10 (length 170)
P004_WB01/P004_WB01:k141_8403_11 (length 119)
P004_WB01/P004_WB01:k141_8403_12 (length 49)
P004_WB01/P004_WB01:k141_8403_13 (length 216)
P004_WB01/P004_WB01:k141_8403_14 (length 72)
P004_WB01/P004_WB01:k141_8403_15 (length 508)
P004_WB01/P004_WB01:k141_8403_16 (length 38)
P004_WB01/P004_WB01:k141_8403_17 (length 118)
P004_WB01/P004_WB01:k141_8403_18 (length 34)
P004_WB01/P004_WB01:k141_8403_19 (length 244)
P004_WB01/P004_WB01:k141_8403_20 (length 174)
P004_WB01/P004_WB01:k141_8403_21 (length 341)
P004_WB01/P004_WB01:k141_8403_22 (length 143)
P004_WB01/P004_WB01:k141_8403_23 (length 61)
P004_WB01/P004_WB01:k141_8403_24 (length 113)
P004_WB01/P004_WB01:k141_8403_25 (length 136)
P004_WB01/P004_WB01:k141_8403_26 (length 123)
P004_WB01/P004_WB01:k141_8403_27 (length 35)
P004_WB01/P004_WB01:k141_8403_28 (length 120)
P004_WB01/P004_WB01:k141_8403_29 (length 239)
P004_WB01/P004_WB01:k141_8403_30 (length 147)
P004_WB01/P004_WB01:k141_8403_31 (length 29)
P004_WB01/P004_WB01:k141_30287_1 (length 59)
P004_WB01/P004_WB01:k141_30287_2 (length 739)
P004_WB01/P004_WB01:k141_30287_3 (length 61)
P004_WB01/P004_WB01:k141_30287_4 (length 79)
P004_WB01/P004_WB01:k141_30287_5 (length 309)
P004_WB01/P004_WB01:k141_30287_6 (length 500)
P004_WB01/P004_WB01:k141_30287_7 (length 81)
P004_WB01/P004_WB01:k141_30287_8 (length 100)
P004_WB01/P004_WB01:k141_30287_9 (length 176)
P004_WB01/P004_WB01:k141_30287_10 (length 182)
P004_WB01/P004_WB01:k141_30287_11 (length 148)
P004_WB01/P004_WB01:k141_30287_12 (length 187)
P004_WB01/P004_WB01:k141_30287_13 (length 393)
P004_WB01/P004_WB01:k141_30287_14 (length 90)
P004_WB01/P004_WB01:k141_30287_15 (length 37)
P004_WB01/P004_WB01:k141_30287_16 (length 58)
P004_WB01/P004_WB01:k141_30287_17 (length 71)
P004_WB01/P004_WB01:k141_30287_18 (length 78)
P004_WB01/P004_WB01:k141_30287_19 (length 64)
P004_WB01/P004_WB01:k141_30287_20 (length 74)
P004_WB01/P004_WB01:k141_30287_21 (length 56)
P004_WB01/P004_WB01:k141_30287_22 (length 144)
P004_WB01/P004_WB01:k141_30287_23 (length 62)
P004_WB01/P004_WB01:k141_30287_24 (length 52)
P004_WB01/P004_WB01:k141_30287_25 (length 156)
P004_WB01/P004_WB01:k141_30287_26 (length 282)
P004_WB01/P004_WB01:k141_30287_27 (length 204)
P004_WB01/P004_WB01:k141_30287_28 (length 75)
P004_WB01/P004_WB01:k141_30287_29 (length 84)
P004_WB01/P004_WB01:k141_30287_30 (length 49)
P004_WB01/P004_WB01:k141_30287_31 (length 192)
P004_WB01/P004_WB01:k141_30287_32 (length 64)
P004_WB01/P004_WB01:k141_10449_1 (length 353)
P004_WB01/P004_WB01:k141_10449_2 (length 511)
P004_WB01/P004_WB01:k141_10449_3 (length 79)
P004_WB01/P004_WB01:k141_10449_4 (length 64)
P004_WB01/P004_WB01:k141_10449_5 (length 353)
P004_WB01/P004_WB01:k141_10449_6 (length 473)
P004_WB01/P004_WB01:k141_10449_7 (length 70)
P004_WB01/P004_WB01:k141_10449_8 (length 56)
P004_WB01/P004_WB01:k141_10449_9 (length 59)
P004_WB01/P004_WB01:k141_10449_10 (length 80)
P004_WB01/P004_WB01:k141_10449_11 (length 63)
P004_WB01/P004_WB01:k141_10449_12 (length 33)
P004_WB01/P004_WB01:k141_10449_13 (length 1068)
P004_WB01/P004_WB01:k141_10449_14 (length 676)
P004_WB01/P004_WB01:k141_10449_15 (length 1501)
P004_WB01/P004_WB01:k141_10449_16 (length 236)
P004_WB01/P004_WB01:k141_10449_17 (length 286)
P004_WB01/P004_WB01:k141_10449_18 (length 81)
P004_WB01/P004_WB01:k141_10449_19 (length 86)
P004_WB01/P004_WB01:k141_10449_20 (length 50)
P004_WB01/P004_WB01:k141_10449_21 (length 123)
P004_WB01/P004_WB01:k141_10449_22 (length 532)
P004_WB01/P004_WB01:k141_10449_23 (length 103)
P004_WB01/P004_WB01:k141_10449_24 (length 734)
P004_WB01/P004_WB01:k141_10449_25 (length 765)
P004_WB01/P004_WB01:k141_10449_26 (length 48)
P004_WB01/P004_WB01:k141_10449_27 (length 82)
P004_WB01/P004_WB01:k141_10449_28 (length 55)
P004_WB01/P004_WB01:k141_10449_29 (length 201)
P004_WB01/P004_WB01:k141_10449_30 (length 38)
P004_WB01/P004_WB01:k141_10449_31 (length 184)
P004_WB01/P004_WB01:k141_10449_32 (length 225)
P004_WB01/P004_WB01:k141_10449_33 (length 120)
P004_WB01/P004_WB01:k141_10449_34 (length 137)
P004_WB01/P004_WB01:k141_10449_35 (length 528)
P004_WB01/P004_WB01:k141_10449_36 (length 477)
P004_WB01/P004_WB01:k141_10449_37 (length 35)

DiscRep_ALL:DISC_SOURCE_QUALS_ASNDISC::strain (all present, all same)
DiscRep_SUB:DISC_SOURCE_QUALS_ASNDISC::5 sources have 'strain' for strain
DiscRep_ALL:DISC_SOURCE_QUALS_ASNDISC::taxname (all present, all same)
DiscRep_SUB:DISC_SOURCE_QUALS_ASNDISC::5 sources have 'Genus species' for taxname
DiscRep_ALL:DISC_FEATURE_COUNT::CDS: 104 present
DiscRep_ALL:DISC_FEATURE_COUNT::tRNA: 24 present
DiscRep_ALL:DISC_FEATURE_COUNT::rRNA: 4 present
DiscRep_ALL:DISC_COUNT_NUCLEOTIDES::5 nucleotide Bioseqs are present
P004_WB01/P004_WB01:k141_13889 (length 1951)
P004_WB01/P004_WB01:k141_10936 (length 2215)
P004_WB01/P004_WB01:k141_8403 (length 24549)
P004_WB01/P004_WB01:k141_30287 (length 32283)
P004_WB01/P004_WB01:k141_10449 (length 56236)

DiscRep_ALL:FEATURE_LOCATION_CONFLICT::132 features have inconsistent gene locations.
DiscRep_SUB:FEATURE_LOCATION_CONFLICT::Coding region xref gene does not exist
P004_WB01/P004_WB01:CDS	hypothetical protein	k141_13889:c609-301	P004_WB01_00001

DiscRep_SUB:FEATURE_LOCATION_CONFLICT::RNA feature xref gene does not exist
P004_WB01/P004_WB01:rRNA	16S ribosomal RNA (partial)	k141_13889:c1077-634	P004_WB01_00002

DiscRep_SUB:FEATURE_LOCATION_CONFLICT::RNA feature xref gene does not exist
P004_WB01/P004_WB01:rRNA	16S ribosomal RNA (partial)	k141_13889:c1869-1416	P004_WB01_00003

DiscRep_SUB:FEATURE_LOCATION_CONFLICT::Coding region xref gene does not exist
P004_WB01/P004_WB01:CDS	ribosomal protein L2	k141_10936:238-552	P004_WB01_00004

DiscRep_SUB:FEATURE_LOCATION_CONFLICT::Coding region xref gene does not exist
P004_WB01/P004_WB01:CDS	ribosomal protein L2	k141_10936:1138-1635	P004_WB01_00005

DiscRep_SUB:FEATURE_LOCATION_CONFLICT::Coding region xref gene does not exist
P004_WB01/P004_WB01:CDS	ribosomal protein S19	k141_10936:1964-2179	P004_WB01_00007

DiscRep_SUB:FEATURE_LOCATION_CONFLICT::RNA feature xref gene does not exist
P004_WB01/P004_WB01:tRNA	His	k141_10936:c1764-1690	P004_WB01_00006

DiscRep_SUB:FEATURE_LOCATION_CONFLICT::Coding region xref gene does not exist
P004_WB01/P004_WB01:CDS	photosystem I subunit VIII	k141_8403:1227-1337	P004_WB01_00008

DiscRep_SUB:FEATURE_LOCATION_CONFLICT::Coding region xref gene does not exist
P004_WB01/P004_WB01:CDS	photosystem I assembly protein Ycf4	k141_8403:1518-2207	P004_WB01_00009

DiscRep_SUB:FEATURE_LOCATION_CONFLICT::Coding region xref gene does not exist
P004_WB01/P004_WB01:CDS	envelope membrane protein	k141_8403:2646-3338	P004_WB01_00010

DiscRep_SUB:FEATURE_LOCATION_CONFLICT::Coding region xref gene does not exist
P004_WB01/P004_WB01:CDS	cytochrome f	k141_8403:3560-4528	P004_WB01_00011

DiscRep_SUB:FEATURE_LOCATION_CONFLICT::Coding region xref gene does not exist
P004_WB01/P004_WB01:CDS	hypothetical protein	k141_8403:c5020-4781	P004_WB01_00012

DiscRep_SUB:FEATURE_LOCATION_CONFLICT::Coding region xref gene does not exist
P004_WB01/P004_WB01:CDS	photosystem II protein L	k141_8403:c5738-5622	P004_WB01_00013

DiscRep_SUB:FEATURE_LOCATION_CONFLICT::Coding region xref gene does not exist
P004_WB01/P004_WB01:CDS	Cytochrome b559 subunit beta	k141_8403:c5913-5761	P004_WB01_00014

DiscRep_SUB:FEATURE_LOCATION_CONFLICT::Coding region xref gene does not exist
P004_WB01/P004_WB01:CDS	photosystem II cytochrome b559 alpha subunit	k141_8403:c6142-5891	P004_WB01_00015

DiscRep_SUB:FEATURE_LOCATION_CONFLICT::Coding region xref gene does not exist
P004_WB01/P004_WB01:CDS	photosystem I subunit IX	k141_8403:8551-8679	P004_WB01_00018

DiscRep_SUB:FEATURE_LOCATION_CONFLICT::Coding region xref gene does not exist
P004_WB01/P004_WB01:CDS	hypothetical protein	k141_8403:9581-10093	P004_WB01_00019

DiscRep_SUB:FEATURE_LOCATION_CONFLICT::Coding region xref gene does not exist
P004_WB01/P004_WB01:CDS	ribosomal protein L20	k141_8403:c10610-10251	P004_WB01_00020

DiscRep_SUB:FEATURE_LOCATION_CONFLICT::Coding region xref gene does not exist
P004_WB01/P004_WB01:CDS	hypothetical protein	k141_8403:c11419-11270	P004_WB01_00021

DiscRep_SUB:FEATURE_LOCATION_CONFLICT::Coding region xref gene does not exist
P004_WB01/P004_WB01:CDS	ATP-dependent Clp protease proteolytic subunit	k141_8403:c12217-11567	P004_WB01_00022

DiscRep_SUB:FEATURE_LOCATION_CONFLICT::Coding region xref gene does not exist
P004_WB01/P004_WB01:CDS	hypothetical protein	k141_8403:c12544-12326	P004_WB01_00023

DiscRep_SUB:FEATURE_LOCATION_CONFLICT::Coding region xref gene does not exist
P004_WB01/P004_WB01:CDS	photosystem II CP47 chlorophyll apoprotein	k141_8403:12757-14283	P004_WB01_00024

DiscRep_SUB:FEATURE_LOCATION_CONFLICT::Coding region xref gene does not exist
P004_WB01/P004_WB01:CDS	photosystem II protein T	k141_8403:14447-14563	P004_WB01_00025

DiscRep_SUB:FEATURE_LOCATION_CONFLICT::Coding region xref gene does not exist
P004_WB01/P004_WB01:CDS	Photosystem II reaction center protein H	k141_8403:14712-15068	P004_WB01_00026

DiscRep_SUB:FEATURE_LOCATION_CONFLICT::Coding region xref gene does not exist
P004_WB01/P004_WB01:CDS	hypothetical protein	k141_8403:c15716-15612	P004_WB01_00027

DiscRep_SUB:FEATURE_LOCATION_CONFLICT::Coding region xref gene does not exist
P004_WB01/P004_WB01:CDS	cytochrome b6	k141_8403:15890-16624	P004_WB01_00028

DiscRep_SUB:FEATURE_LOCATION_CONFLICT::Coding region xref gene does not exist
P004_WB01/P004_WB01:CDS	cytochrome b6/f complex subunit IV	k141_8403:17515-18039	P004_WB01_00029

DiscRep_SUB:FEATURE_LOCATION_CONFLICT::Coding region xref gene does not exist
P004_WB01/P004_WB01:CDS	DNA-directed RNA polymerase subunit alpha	k141_8403:c19273-18248	P004_WB01_00030

DiscRep_SUB:FEATURE_LOCATION_CONFLICT::Coding region xref gene does not exist
P004_WB01/P004_WB01:CDS	ribosomal protein S11	k141_8403:c19769-19338	P004_WB01_00031

DiscRep_SUB:FEATURE_LOCATION_CONFLICT::Coding region xref gene does not exist
P004_WB01/P004_WB01:CDS	hypothetical protein	k141_8403:19986-20171	P004_WB01_00032

DiscRep_SUB:FEATURE_LOCATION_CONFLICT::Coding region xref gene does not exist
P004_WB01/P004_WB01:CDS	Translation initiation factor IF-1	k141_8403:c20509-20168	P004_WB01_00033

DiscRep_SUB:FEATURE_LOCATION_CONFLICT::Coding region xref gene does not exist
P004_WB01/P004_WB01:CDS	ribosomal protein S8	k141_8403:c21021-20611	P004_WB01_00034

DiscRep_SUB:FEATURE_LOCATION_CONFLICT::Coding region xref gene does not exist
P004_WB01/P004_WB01:CDS	ribosomal protein L14	k141_8403:c21536-21165	P004_WB01_00035

DiscRep_SUB:FEATURE_LOCATION_CONFLICT::Coding region xref gene does not exist
P004_WB01/P004_WB01:CDS	hypothetical protein	k141_8403:21565-21672	P004_WB01_00036

DiscRep_SUB:FEATURE_LOCATION_CONFLICT::Coding region xref gene does not exist
P004_WB01/P004_WB01:CDS	ribosomal protein L16	k141_8403:c22015-21653	P004_WB01_00037

DiscRep_SUB:FEATURE_LOCATION_CONFLICT::Coding region xref gene does not exist
P004_WB01/P004_WB01:CDS	ribosomal protein S3	k141_8403:c23849-23130	P004_WB01_00038

DiscRep_SUB:FEATURE_LOCATION_CONFLICT::Coding region xref gene does not exist
P004_WB01/P004_WB01:CDS	hypothetical protein	k141_8403:c24366-23923	P004_WB01_00039

DiscRep_SUB:FEATURE_LOCATION_CONFLICT::Coding region xref gene does not exist
P004_WB01/P004_WB01:CDS	hypothetical protein	k141_8403:c24534-24445	P004_WB01_00040

DiscRep_SUB:FEATURE_LOCATION_CONFLICT::RNA feature xref gene does not exist
P004_WB01/P004_WB01:tRNA	Trp	k141_8403:c7999-7926	P004_WB01_00016

DiscRep_SUB:FEATURE_LOCATION_CONFLICT::RNA feature xref gene does not exist
P004_WB01/P004_WB01:tRNA	Pro	k141_8403:c8213-8138	P004_WB01_00017

DiscRep_SUB:FEATURE_LOCATION_CONFLICT::Coding region xref gene does not exist
P004_WB01/P004_WB01:CDS	NAD(P)H-quinone oxidoreductase subunit H, chloroplastic	k141_30287:9-188	P004_WB01_00041

DiscRep_SUB:FEATURE_LOCATION_CONFLICT::Coding region xref gene does not exist
P004_WB01/P004_WB01:CDS	NADH-plastoquinone oxidoreductase subunit 5	k141_30287:c2463-244	P004_WB01_00042

DiscRep_SUB:FEATURE_LOCATION_CONFLICT::Coding region xref gene does not exist
P004_WB01/P004_WB01:CDS	hypothetical protein	k141_30287:2927-3112	P004_WB01_00043

DiscRep_SUB:FEATURE_LOCATION_CONFLICT::Coding region xref gene does not exist
P004_WB01/P004_WB01:CDS	hypothetical protein	k141_30287:c3576-3337	P004_WB01_00044

DiscRep_SUB:FEATURE_LOCATION_CONFLICT::Coding region xref gene does not exist
P004_WB01/P004_WB01:CDS	cytochrome c heme attachment protein	k141_30287:4445-5374	P004_WB01_00046

DiscRep_SUB:FEATURE_LOCATION_CONFLICT::Coding region xref gene does not exist
P004_WB01/P004_WB01:CDS	NADH-plastoquinone oxidoreductase subunit 4	k141_30287:c7025-5523	P004_WB01_00047

DiscRep_SUB:FEATURE_LOCATION_CONFLICT::Coding region xref gene does not exist
P004_WB01/P004_WB01:CDS	photosystem I subunit VII	k141_30287:c7390-7145	P004_WB01_00048

DiscRep_SUB:FEATURE_LOCATION_CONFLICT::Coding region xref gene does not exist
P004_WB01/P004_WB01:CDS	NADH-plastoquinone oxidoreductase subunit 4L	k141_30287:c8197-7895	P004_WB01_00049

DiscRep_SUB:FEATURE_LOCATION_CONFLICT::Coding region xref gene does not exist
P004_WB01/P004_WB01:CDS	NADH-plastoquinone oxidoreductase subunit 6	k141_30287:c8943-8413	P004_WB01_00050

DiscRep_SUB:FEATURE_LOCATION_CONFLICT::Coding region xref gene does not exist
P004_WB01/P004_WB01:CDS	NADH-plastoquinone oxidoreductase subunit I	k141_30287:c9753-9205	P004_WB01_00051

DiscRep_SUB:FEATURE_LOCATION_CONFLICT::Coding region xref gene does not exist
P004_WB01/P004_WB01:CDS	NADH-plastoquinone oxidoreductase subunit 1	k141_30287:c10291-9845	P004_WB01_00052

DiscRep_SUB:FEATURE_LOCATION_CONFLICT::Coding region xref gene does not exist
P004_WB01/P004_WB01:CDS	NADH-plastoquinone oxidoreductase subunit 1	k141_30287:c11957-11394	P004_WB01_00053

DiscRep_SUB:FEATURE_LOCATION_CONFLICT::Coding region xref gene does not exist
P004_WB01/P004_WB01:CDS	NADH-plastoquinone oxidoreductase subunit 7	k141_30287:c13140-11959	P004_WB01_00054

DiscRep_SUB:FEATURE_LOCATION_CONFLICT::Coding region xref gene does not exist
P004_WB01/P004_WB01:CDS	ribosomal protein S15	k141_30287:c13550-13278	P004_WB01_00055

DiscRep_SUB:FEATURE_LOCATION_CONFLICT::Coding region xref gene does not exist
P004_WB01/P004_WB01:CDS	hypothetical protein	k141_30287:14093-14206	P004_WB01_00056

DiscRep_SUB:FEATURE_LOCATION_CONFLICT::Coding region xref gene does not exist
P004_WB01/P004_WB01:CDS	hypothetical protein	k141_30287:14545-14721	P004_WB01_00057

DiscRep_SUB:FEATURE_LOCATION_CONFLICT::Coding region xref gene does not exist
P004_WB01/P004_WB01:CDS	hypothetical protein	k141_30287:c19397-19182	P004_WB01_00061

DiscRep_SUB:FEATURE_LOCATION_CONFLICT::Coding region xref gene does not exist
P004_WB01/P004_WB01:CDS	hypothetical protein	k141_30287:20028-20264	P004_WB01_00062

DiscRep_SUB:FEATURE_LOCATION_CONFLICT::Coding region xref gene does not exist
P004_WB01/P004_WB01:CDS	hypothetical protein	k141_30287:c20742-20548	P004_WB01_00063

DiscRep_SUB:FEATURE_LOCATION_CONFLICT::Coding region xref gene does not exist
P004_WB01/P004_WB01:CDS	hypothetical protein	k141_30287:20893-21117	P004_WB01_00064

DiscRep_SUB:FEATURE_LOCATION_CONFLICT::Coding region xref gene does not exist
P004_WB01/P004_WB01:CDS	hypothetical protein	k141_30287:c21232-21062	P004_WB01_00065

DiscRep_SUB:FEATURE_LOCATION_CONFLICT::Coding region xref gene does not exist
P004_WB01/P004_WB01:CDS	hypothetical protein	k141_30287:23571-24005	P004_WB01_00068

DiscRep_SUB:FEATURE_LOCATION_CONFLICT::Coding region xref gene does not exist
P004_WB01/P004_WB01:CDS	hypothetical protein	k141_30287:c24231-24043	P004_WB01_00069

DiscRep_SUB:FEATURE_LOCATION_CONFLICT::Coding region xref gene does not exist
P004_WB01/P004_WB01:CDS	hypothetical protein	k141_30287:25264-25422	P004_WB01_00070

DiscRep_SUB:FEATURE_LOCATION_CONFLICT::Coding region xref gene does not exist
P004_WB01/P004_WB01:CDS	ribosomal protein S7	k141_30287:25761-26231	P004_WB01_00071

DiscRep_SUB:FEATURE_LOCATION_CONFLICT::Coding region xref gene does not exist
P004_WB01/P004_WB01:CDS	NADH-plastoquinone oxidoreductase subunit 2	k141_30287:26535-27383	P004_WB01_00072

DiscRep_SUB:FEATURE_LOCATION_CONFLICT::Coding region xref gene does not exist
P004_WB01/P004_WB01:CDS	NADH-plastoquinone oxidoreductase subunit 2	k141_30287:28166-28780	P004_WB01_00073

DiscRep_SUB:FEATURE_LOCATION_CONFLICT::Coding region xref gene does not exist
P004_WB01/P004_WB01:CDS	hypothetical protein	k141_30287:c30151-29924	P004_WB01_00075

DiscRep_SUB:FEATURE_LOCATION_CONFLICT::Coding region xref gene does not exist
P004_WB01/P004_WB01:CDS	hypothetical protein	k141_30287:30560-30814	P004_WB01_00076

DiscRep_SUB:FEATURE_LOCATION_CONFLICT::Coding region xref gene does not exist
P004_WB01/P004_WB01:CDS	hypothetical protein	k141_30287:c30958-30809	P004_WB01_00077

DiscRep_SUB:FEATURE_LOCATION_CONFLICT::Coding region xref gene does not exist
P004_WB01/P004_WB01:CDS	hypothetical protein	k141_30287:c31533-30955	P004_WB01_00078

DiscRep_SUB:FEATURE_LOCATION_CONFLICT::Coding region xref gene does not exist
P004_WB01/P004_WB01:CDS	hypothetical protein	k141_30287:32050-32244	P004_WB01_00080

DiscRep_SUB:FEATURE_LOCATION_CONFLICT::RNA feature xref gene does not exist
P004_WB01/P004_WB01:tRNA	Leu	k141_30287:4288-4367	P004_WB01_00045

DiscRep_SUB:FEATURE_LOCATION_CONFLICT::RNA feature xref gene does not exist
P004_WB01/P004_WB01:tRNA	Asn	k141_30287:15087-15160	P004_WB01_00058

DiscRep_SUB:FEATURE_LOCATION_CONFLICT::RNA feature xref gene does not exist
P004_WB01/P004_WB01:tRNA	Arg	k141_30287:c15492-15418	P004_WB01_00059

DiscRep_SUB:FEATURE_LOCATION_CONFLICT::RNA feature xref gene does not exist
P004_WB01/P004_WB01:rRNA	23S ribosomal RNA	k141_30287:c19149-16074	P004_WB01_00060

DiscRep_SUB:FEATURE_LOCATION_CONFLICT::RNA feature xref gene does not exist
P004_WB01/P004_WB01:rRNA	16S ribosomal RNA	k141_30287:c22923-21437	P004_WB01_00066

DiscRep_SUB:FEATURE_LOCATION_CONFLICT::RNA feature xref gene does not exist
P004_WB01/P004_WB01:tRNA	Val	k141_30287:c23229-23158	P004_WB01_00067

DiscRep_SUB:FEATURE_LOCATION_CONFLICT::RNA feature xref gene does not exist
P004_WB01/P004_WB01:tRNA	Leu	k141_30287:29356-29438	P004_WB01_00074

DiscRep_SUB:FEATURE_LOCATION_CONFLICT::RNA feature xref gene does not exist
P004_WB01/P004_WB01:tRNA	Met	k141_30287:31891-31965	P004_WB01_00079

DiscRep_SUB:FEATURE_LOCATION_CONFLICT::Coding region xref gene does not exist
P004_WB01/P004_WB01:CDS	photosystem II protein D1	k141_10449:c1289-228	P004_WB01_00081

DiscRep_SUB:FEATURE_LOCATION_CONFLICT::Coding region xref gene does not exist
P004_WB01/P004_WB01:CDS	maturase K	k141_10449:c3372-1837	P004_WB01_00082

DiscRep_SUB:FEATURE_LOCATION_CONFLICT::Coding region xref gene does not exist
P004_WB01/P004_WB01:CDS	hypothetical protein	k141_10449:4994-5233	P004_WB01_00083

DiscRep_SUB:FEATURE_LOCATION_CONFLICT::Coding region xref gene does not exist
P004_WB01/P004_WB01:CDS	photosystem II protein K	k141_10449:6956-7150	P004_WB01_00085

DiscRep_SUB:FEATURE_LOCATION_CONFLICT::Coding region xref gene does not exist
P004_WB01/P004_WB01:CDS	photosystem II protein D2	k141_10449:8839-9900	P004_WB01_00087

DiscRep_SUB:FEATURE_LOCATION_CONFLICT::Coding region xref gene does not exist
P004_WB01/P004_WB01:CDS	photosystem II CP43 chlorophyll apoprotein	k141_10449:9848-11269	P004_WB01_00088

DiscRep_SUB:FEATURE_LOCATION_CONFLICT::Coding region xref gene does not exist
P004_WB01/P004_WB01:CDS	photosystem II protein Z	k141_10449:11832-12044	P004_WB01_00090

DiscRep_SUB:FEATURE_LOCATION_CONFLICT::Coding region xref gene does not exist
P004_WB01/P004_WB01:CDS	hypothetical protein	k141_10449:c12221-12051	P004_WB01_00091

DiscRep_SUB:FEATURE_LOCATION_CONFLICT::Coding region xref gene does not exist
P004_WB01/P004_WB01:CDS	hypothetical protein	k141_10449:13510-13689	P004_WB01_00094

DiscRep_SUB:FEATURE_LOCATION_CONFLICT::Coding region xref gene does not exist
P004_WB01/P004_WB01:CDS	hypothetical protein	k141_10449:c14848-14606	P004_WB01_00095

DiscRep_SUB:FEATURE_LOCATION_CONFLICT::Coding region xref gene does not exist
P004_WB01/P004_WB01:CDS	hypothetical protein	k141_10449:16246-16437	P004_WB01_00100

DiscRep_SUB:FEATURE_LOCATION_CONFLICT::Coding region xref gene does not exist
P004_WB01/P004_WB01:CDS	hypothetical protein	k141_10449:17210-17311	P004_WB01_00101

DiscRep_SUB:FEATURE_LOCATION_CONFLICT::Coding region xref gene does not exist
P004_WB01/P004_WB01:CDS	RNA polymerase beta subunit	k141_10449:19550-22756	P004_WB01_00103

DiscRep_SUB:FEATURE_LOCATION_CONFLICT::Coding region xref gene does not exist
P004_WB01/P004_WB01:CDS	RNA polymerase beta' subunit	k141_10449:22794-24824	P004_WB01_00104

DiscRep_SUB:FEATURE_LOCATION_CONFLICT::Coding region xref gene does not exist
P004_WB01/P004_WB01:CDS	DNA-directed RNA polymerase subunit beta'	k141_10449:24944-29449	P004_WB01_00105

DiscRep_SUB:FEATURE_LOCATION_CONFLICT::Coding region xref gene does not exist
P004_WB01/P004_WB01:CDS	ribosomal protein S2	k141_10449:29767-30477	P004_WB01_00106

DiscRep_SUB:FEATURE_LOCATION_CONFLICT::Coding region xref gene does not exist
P004_WB01/P004_WB01:CDS	ATP synthase CF0 subunit IV	k141_10449:30632-31492	P004_WB01_00107

DiscRep_SUB:FEATURE_LOCATION_CONFLICT::Coding region xref gene does not exist
P004_WB01/P004_WB01:CDS	ATP synthase CF0 subunit III	k141_10449:32064-32309	P004_WB01_00108

DiscRep_SUB:FEATURE_LOCATION_CONFLICT::Coding region xref gene does not exist
P004_WB01/P004_WB01:CDS	hypothetical protein	k141_10449:c33177-32917	P004_WB01_00109

DiscRep_SUB:FEATURE_LOCATION_CONFLICT::Coding region xref gene does not exist
P004_WB01/P004_WB01:CDS	hypothetical protein	k141_10449:c33516-33364	P004_WB01_00110

DiscRep_SUB:FEATURE_LOCATION_CONFLICT::Coding region xref gene does not exist
P004_WB01/P004_WB01:CDS	ATP synthase CF0 subunit I	k141_10449:33552-33923	P004_WB01_00111

DiscRep_SUB:FEATURE_LOCATION_CONFLICT::Coding region xref gene does not exist
P004_WB01/P004_WB01:CDS	ATP synthase CF1 alpha subunit	k141_10449:33940-35538	P004_WB01_00112

DiscRep_SUB:FEATURE_LOCATION_CONFLICT::Coding region xref gene does not exist
P004_WB01/P004_WB01:CDS	ribosomal protein S14	k141_10449:c36437-36126	P004_WB01_00114

DiscRep_SUB:FEATURE_LOCATION_CONFLICT::Coding region xref gene does not exist
P004_WB01/P004_WB01:CDS	photosystem I P700 apoprotein A2	k141_10449:c38802-36598	P004_WB01_00115

DiscRep_SUB:FEATURE_LOCATION_CONFLICT::Coding region xref gene does not exist
P004_WB01/P004_WB01:CDS	photosystem I P700 apoprotein A1	k141_10449:c41125-38828	P004_WB01_00116

DiscRep_SUB:FEATURE_LOCATION_CONFLICT::Coding region xref gene does not exist
P004_WB01/P004_WB01:CDS	hypothetical protein	k141_10449:c42218-42072	P004_WB01_00117

DiscRep_SUB:FEATURE_LOCATION_CONFLICT::Coding region xref gene does not exist
P004_WB01/P004_WB01:CDS	putative chloroplast RF34	k141_10449:c42846-42598	P004_WB01_00118

DiscRep_SUB:FEATURE_LOCATION_CONFLICT::Coding region xref gene does not exist
P004_WB01/P004_WB01:CDS	hypothetical protein	k141_10449:c43840-43673	P004_WB01_00119

DiscRep_SUB:FEATURE_LOCATION_CONFLICT::Coding region xref gene does not exist
P004_WB01/P004_WB01:CDS	ribosomal protein S4	k141_10449:c45293-44688	P004_WB01_00121

DiscRep_SUB:FEATURE_LOCATION_CONFLICT::Coding region xref gene does not exist
P004_WB01/P004_WB01:CDS	hypothetical protein	k141_10449:45917-46033	P004_WB01_00123

DiscRep_SUB:FEATURE_LOCATION_CONFLICT::Coding region xref gene does not exist
P004_WB01/P004_WB01:CDS	NADH-plastoquinone oxidoreductase subunit J	k141_10449:c48638-48084	P004_WB01_00125

DiscRep_SUB:FEATURE_LOCATION_CONFLICT::Coding region xref gene does not exist
P004_WB01/P004_WB01:CDS	NADH-plastoquinone oxidoreductase subunit K	k141_10449:c49344-48667	P004_WB01_00126

DiscRep_SUB:FEATURE_LOCATION_CONFLICT::Coding region xref gene does not exist
P004_WB01/P004_WB01:CDS	NADH-plastoquinone oxidoreductase subunit 3	k141_10449:c49760-49398	P004_WB01_00127

DiscRep_SUB:FEATURE_LOCATION_CONFLICT::Coding region xref gene does not exist
P004_WB01/P004_WB01:CDS	ATP synthase CF1 epsilon subunit	k141_10449:c52095-51682	P004_WB01_00129

DiscRep_SUB:FEATURE_LOCATION_CONFLICT::Coding region xref gene does not exist
P004_WB01/P004_WB01:CDS	ATP synthase CF1 beta subunit	k141_10449:c53678-52092	P004_WB01_00130

DiscRep_SUB:FEATURE_LOCATION_CONFLICT::Coding region xref gene does not exist
P004_WB01/P004_WB01:CDS	ribulose-1,5-bisphosphate carboxylase/oxygenase large subunit	k141_10449:54379-55812	P004_WB01_00131

DiscRep_SUB:FEATURE_LOCATION_CONFLICT::Coding region xref gene does not exist
P004_WB01/P004_WB01:CDS	hypothetical protein	k141_10449:56090-56197	P004_WB01_00132

DiscRep_SUB:FEATURE_LOCATION_CONFLICT::RNA feature xref gene does not exist
P004_WB01/P004_WB01:tRNA	Gln	k141_10449:c6621-6550	P004_WB01_00084

DiscRep_SUB:FEATURE_LOCATION_CONFLICT::RNA feature xref gene does not exist
P004_WB01/P004_WB01:tRNA	Ser	k141_10449:c7873-7785	P004_WB01_00086

DiscRep_SUB:FEATURE_LOCATION_CONFLICT::RNA feature xref gene does not exist
P004_WB01/P004_WB01:tRNA	Ser	k141_10449:c11514-11427	P004_WB01_00089

DiscRep_SUB:FEATURE_LOCATION_CONFLICT::RNA feature xref gene does not exist
P004_WB01/P004_WB01:tRNA	Gly	k141_10449:12335-12406	P004_WB01_00092

DiscRep_SUB:FEATURE_LOCATION_CONFLICT::RNA feature xref gene does not exist
P004_WB01/P004_WB01:tRNA	Met	k141_10449:c12930-12855	P004_WB01_00093

DiscRep_SUB:FEATURE_LOCATION_CONFLICT::RNA feature xref gene does not exist
P004_WB01/P004_WB01:tRNA	Thr	k141_10449:14947-15020	P004_WB01_00096

DiscRep_SUB:FEATURE_LOCATION_CONFLICT::RNA feature xref gene does not exist
P004_WB01/P004_WB01:tRNA	Glu	k141_10449:15554-15628	P004_WB01_00097

DiscRep_SUB:FEATURE_LOCATION_CONFLICT::RNA feature xref gene does not exist
P004_WB01/P004_WB01:tRNA	Tyr	k141_10449:15688-15773	P004_WB01_00098

DiscRep_SUB:FEATURE_LOCATION_CONFLICT::RNA feature xref gene does not exist
P004_WB01/P004_WB01:tRNA	Asp	k141_10449:16126-16199	P004_WB01_00099

DiscRep_SUB:FEATURE_LOCATION_CONFLICT::RNA feature xref gene does not exist
P004_WB01/P004_WB01:tRNA	Cys	k141_10449:c18346-18276	P004_WB01_00102

DiscRep_SUB:FEATURE_LOCATION_CONFLICT::RNA feature xref gene does not exist
P004_WB01/P004_WB01:tRNA	Arg	k141_10449:c35747-35676	P004_WB01_00113

DiscRep_SUB:FEATURE_LOCATION_CONFLICT::RNA feature xref gene does not exist
P004_WB01/P004_WB01:tRNA	Ser	k141_10449:44345-44431	P004_WB01_00120

DiscRep_SUB:FEATURE_LOCATION_CONFLICT::RNA feature xref gene does not exist
P004_WB01/P004_WB01:tRNA	Thr	k141_10449:c45668-45594	P004_WB01_00122

DiscRep_SUB:FEATURE_LOCATION_CONFLICT::RNA feature xref gene does not exist
P004_WB01/P004_WB01:tRNA	Phe	k141_10449:47457-47529	P004_WB01_00124

DiscRep_SUB:FEATURE_LOCATION_CONFLICT::RNA feature xref gene does not exist
P004_WB01/P004_WB01:tRNA	Met	k141_10449:51494-51568	P004_WB01_00128

DiscRep_ALL:SUSPECT_PRODUCT_NAMES::2 product_names contain suspect phrase or characters
DiscRep_SUB:SUSPECT_PRODUCT_NAMES::May contain database identifier more appropriate in note; remove from product name
DiscRep_SUB:SUSPECT_PRODUCT_NAMES::2 features contains three or more numbers together that may be identifiers more appropriate in note
P004_WB01/P004_WB01:CDS	photosystem I P700 apoprotein A2	k141_10449:c38802-36598	P004_WB01_00115
P004_WB01/P004_WB01:CDS	photosystem I P700 apoprotein A1	k141_10449:c41125-38828	P004_WB01_00116

DiscRep_ALL:DISC_QUALITY_SCORES::Quality scores are missing on all sequences.

FATAL: DiscRep_ALL:DISC_SUSPECT_RRNA_PRODUCTS::2 rRNA product names contain suspect phrase
FATAL: DiscRep_SUB:DISC_SUSPECT_RRNA_PRODUCTS::2 rRNA product names contains 'partial'
P004_WB01/P004_WB01:rRNA	16S ribosomal RNA (partial)	k141_13889:c1077-634	P004_WB01_00002
P004_WB01/P004_WB01:rRNA	16S ribosomal RNA (partial)	k141_13889:c1869-1416	P004_WB01_00003

FATAL: DiscRep_ALL:DISC_SHORT_RRNA::2 rRNA features are too short
P004_WB01/P004_WB01:rRNA	16S ribosomal RNA (partial)	k141_13889:c1077-634	P004_WB01_00002
P004_WB01/P004_WB01:rRNA	16S ribosomal RNA (partial)	k141_13889:c1869-1416	P004_WB01_00003

DiscRep_ALL:ONCALLER_COMMENT_PRESENT::5 comment descriptors were found (all same)
P004_WB01/P004_WB01:k141_13889:Annotated using prokka 1.14.5 from https://github.com/tseemann/prokka
P004_WB01/P004_WB01:k141_10936:Annotated using prokka 1.14.5 from https://github.com/tseemann/prokka
P004_WB01/P004_WB01:k141_8403:Annotated using prokka 1.14.5 from https://github.com/tseemann/prokka
P004_WB01/P004_WB01:k141_30287:Annotated using prokka 1.14.5 from https://github.com/tseemann/prokka
P004_WB01/P004_WB01:k141_10449:Annotated using prokka 1.14.5 from https://github.com/tseemann/prokka

DiscRep_ALL:SHORT_PROT_SEQUENCES::14 protein sequences are shorter than 50 aa.
P004_WB01/P004_WB01:k141_8403_1 (length 36)
P004_WB01/P004_WB01:k141_8403_6 (length 38)
P004_WB01/P004_WB01:k141_8403_9 (length 42)
P004_WB01/P004_WB01:k141_8403_12 (length 49)
P004_WB01/P004_WB01:k141_8403_16 (length 38)
P004_WB01/P004_WB01:k141_8403_18 (length 34)
P004_WB01/P004_WB01:k141_8403_27 (length 35)
P004_WB01/P004_WB01:k141_8403_31 (length 29)
P004_WB01/P004_WB01:k141_30287_15 (length 37)
P004_WB01/P004_WB01:k141_30287_30 (length 49)
P004_WB01/P004_WB01:k141_10449_12 (length 33)
P004_WB01/P004_WB01:k141_10449_26 (length 48)
P004_WB01/P004_WB01:k141_10449_30 (length 38)
P004_WB01/P004_WB01:k141_10449_37 (length 35)

DiscRep_ALL:MISSING_GENOMEASSEMBLY_COMMENTS::5 bioseqs are missing GenomeAssembly structured comments
P004_WB01/P004_WB01:k141_13889 (length 1951)
P004_WB01/P004_WB01:k141_10936 (length 2215)
P004_WB01/P004_WB01:k141_8403 (length 24549)
P004_WB01/P004_WB01:k141_30287 (length 32283)
P004_WB01/P004_WB01:k141_10449 (length 56236)

DiscRep_ALL:MOLTYPE_NOT_MRNA::5 molecule types are not set as mRNA.
P004_WB01/P004_WB01:k141_13889 (length 1951)
P004_WB01/P004_WB01:k141_10936 (length 2215)
P004_WB01/P004_WB01:k141_8403 (length 24549)
P004_WB01/P004_WB01:k141_30287 (length 32283)
P004_WB01/P004_WB01:k141_10449 (length 56236)

DiscRep_ALL:TECHNIQUE_NOT_TSA::5 technique are not set as TSA
P004_WB01/P004_WB01:k141_13889 (length 1951)
P004_WB01/P004_WB01:k141_10936 (length 2215)
P004_WB01/P004_WB01:k141_8403 (length 24549)
P004_WB01/P004_WB01:k141_30287 (length 32283)
P004_WB01/P004_WB01:k141_10449 (length 56236)

DiscRep_ALL:MISSING_STRUCTURED_COMMENT::5 sequences do not include structured comments.
P004_WB01/P004_WB01:k141_13889 (length 1951)
P004_WB01/P004_WB01:k141_10936 (length 2215)
P004_WB01/P004_WB01:k141_8403 (length 24549)
P004_WB01/P004_WB01:k141_30287 (length 32283)
P004_WB01/P004_WB01:k141_10449 (length 56236)

DiscRep_ALL:MISSING_PROJECT::109 sequences do not include project.
P004_WB01/P004_WB01:k141_13889 (length 1951)
P004_WB01/P004_WB01:k141_13889_1 (length 102)
P004_WB01/P004_WB01:k141_10936 (length 2215)
P004_WB01/P004_WB01:k141_10936_1 (length 104)
P004_WB01/P004_WB01:k141_10936_2 (length 165)
P004_WB01/P004_WB01:k141_10936_3 (length 71)
P004_WB01/P004_WB01:k141_8403 (length 24549)
P004_WB01/P004_WB01:k141_8403_1 (length 36)
P004_WB01/P004_WB01:k141_8403_2 (length 229)
P004_WB01/P004_WB01:k141_8403_3 (length 230)
P004_WB01/P004_WB01:k141_8403_4 (length 322)
P004_WB01/P004_WB01:k141_8403_5 (length 79)
P004_WB01/P004_WB01:k141_8403_6 (length 38)
P004_WB01/P004_WB01:k141_8403_7 (length 50)
P004_WB01/P004_WB01:k141_8403_8 (length 83)
P004_WB01/P004_WB01:k141_8403_9 (length 42)
P004_WB01/P004_WB01:k141_8403_10 (length 170)
P004_WB01/P004_WB01:k141_8403_11 (length 119)
P004_WB01/P004_WB01:k141_8403_12 (length 49)
P004_WB01/P004_WB01:k141_8403_13 (length 216)
P004_WB01/P004_WB01:k141_8403_14 (length 72)
P004_WB01/P004_WB01:k141_8403_15 (length 508)
P004_WB01/P004_WB01:k141_8403_16 (length 38)
P004_WB01/P004_WB01:k141_8403_17 (length 118)
P004_WB01/P004_WB01:k141_8403_18 (length 34)
P004_WB01/P004_WB01:k141_8403_19 (length 244)
P004_WB01/P004_WB01:k141_8403_20 (length 174)
P004_WB01/P004_WB01:k141_8403_21 (length 341)
P004_WB01/P004_WB01:k141_8403_22 (length 143)
P004_WB01/P004_WB01:k141_8403_23 (length 61)
P004_WB01/P004_WB01:k141_8403_24 (length 113)
P004_WB01/P004_WB01:k141_8403_25 (length 136)
P004_WB01/P004_WB01:k141_8403_26 (length 123)
P004_WB01/P004_WB01:k141_8403_27 (length 35)
P004_WB01/P004_WB01:k141_8403_28 (length 120)
P004_WB01/P004_WB01:k141_8403_29 (length 239)
P004_WB01/P004_WB01:k141_8403_30 (length 147)
P004_WB01/P004_WB01:k141_8403_31 (length 29)
P004_WB01/P004_WB01:k141_30287 (length 32283)
P004_WB01/P004_WB01:k141_30287_1 (length 59)
P004_WB01/P004_WB01:k141_30287_2 (length 739)
P004_WB01/P004_WB01:k141_30287_3 (length 61)
P004_WB01/P004_WB01:k141_30287_4 (length 79)
P004_WB01/P004_WB01:k141_30287_5 (length 309)
P004_WB01/P004_WB01:k141_30287_6 (length 500)
P004_WB01/P004_WB01:k141_30287_7 (length 81)
P004_WB01/P004_WB01:k141_30287_8 (length 100)
P004_WB01/P004_WB01:k141_30287_9 (length 176)
P004_WB01/P004_WB01:k141_30287_10 (length 182)
P004_WB01/P004_WB01:k141_30287_11 (length 148)
P004_WB01/P004_WB01:k141_30287_12 (length 187)
P004_WB01/P004_WB01:k141_30287_13 (length 393)
P004_WB01/P004_WB01:k141_30287_14 (length 90)
P004_WB01/P004_WB01:k141_30287_15 (length 37)
P004_WB01/P004_WB01:k141_30287_16 (length 58)
P004_WB01/P004_WB01:k141_30287_17 (length 71)
P004_WB01/P004_WB01:k141_30287_18 (length 78)
P004_WB01/P004_WB01:k141_30287_19 (length 64)
P004_WB01/P004_WB01:k141_30287_20 (length 74)
P004_WB01/P004_WB01:k141_30287_21 (length 56)
P004_WB01/P004_WB01:k141_30287_22 (length 144)
P004_WB01/P004_WB01:k141_30287_23 (length 62)
P004_WB01/P004_WB01:k141_30287_24 (length 52)
P004_WB01/P004_WB01:k141_30287_25 (length 156)
P004_WB01/P004_WB01:k141_30287_26 (length 282)
P004_WB01/P004_WB01:k141_30287_27 (length 204)
P004_WB01/P004_WB01:k141_30287_28 (length 75)
P004_WB01/P004_WB01:k141_30287_29 (length 84)
P004_WB01/P004_WB01:k141_30287_30 (length 49)
P004_WB01/P004_WB01:k141_30287_31 (length 192)
P004_WB01/P004_WB01:k141_30287_32 (length 64)
P004_WB01/P004_WB01:k141_10449 (length 56236)
P004_WB01/P004_WB01:k141_10449_1 (length 353)
P004_WB01/P004_WB01:k141_10449_2 (length 511)
P004_WB01/P004_WB01:k141_10449_3 (length 79)
P004_WB01/P004_WB01:k141_10449_4 (length 64)
P004_WB01/P004_WB01:k141_10449_5 (length 353)
P004_WB01/P004_WB01:k141_10449_6 (length 473)
P004_WB01/P004_WB01:k141_10449_7 (length 70)
P004_WB01/P004_WB01:k141_10449_8 (length 56)
P004_WB01/P004_WB01:k141_10449_9 (length 59)
P004_WB01/P004_WB01:k141_10449_10 (length 80)
P004_WB01/P004_WB01:k141_10449_11 (length 63)
P004_WB01/P004_WB01:k141_10449_12 (length 33)
P004_WB01/P004_WB01:k141_10449_13 (length 1068)
P004_WB01/P004_WB01:k141_10449_14 (length 676)
P004_WB01/P004_WB01:k141_10449_15 (length 1501)
P004_WB01/P004_WB01:k141_10449_16 (length 236)
P004_WB01/P004_WB01:k141_10449_17 (length 286)
P004_WB01/P004_WB01:k141_10449_18 (length 81)
P004_WB01/P004_WB01:k141_10449_19 (length 86)
P004_WB01/P004_WB01:k141_10449_20 (length 50)
P004_WB01/P004_WB01:k141_10449_21 (length 123)
P004_WB01/P004_WB01:k141_10449_22 (length 532)
P004_WB01/P004_WB01:k141_10449_23 (length 103)
P004_WB01/P004_WB01:k141_10449_24 (length 734)
P004_WB01/P004_WB01:k141_10449_25 (length 765)
P004_WB01/P004_WB01:k141_10449_26 (length 48)
P004_WB01/P004_WB01:k141_10449_27 (length 82)
P004_WB01/P004_WB01:k141_10449_28 (length 55)
P004_WB01/P004_WB01:k141_10449_29 (length 201)
P004_WB01/P004_WB01:k141_10449_30 (length 38)
P004_WB01/P004_WB01:k141_10449_31 (length 184)
P004_WB01/P004_WB01:k141_10449_32 (length 225)
P004_WB01/P004_WB01:k141_10449_33 (length 120)
P004_WB01/P004_WB01:k141_10449_34 (length 137)
P004_WB01/P004_WB01:k141_10449_35 (length 528)
P004_WB01/P004_WB01:k141_10449_36 (length 477)
P004_WB01/P004_WB01:k141_10449_37 (length 35)

FATAL: DiscRep_ALL:RRNA_NAME_CONFLICTS::2 rRNA product names are not standard. Correct the names to the standard format, eg "16S ribosomal RNA"
P004_WB01/P004_WB01:rRNA	16S ribosomal RNA (partial)	k141_13889:c1077-634	P004_WB01_00002
P004_WB01/P004_WB01:rRNA	16S ribosomal RNA (partial)	k141_13889:c1869-1416	P004_WB01_00003

DiscRep_ALL:DISC_INCONSISTENT_MOLINFO_TECH::Molinfo Technique Report (some missing, all same)
DiscRep_SUB:DISC_INCONSISTENT_MOLINFO_TECH::technique (all missing)
DiscRep_SUB:DISC_INCONSISTENT_MOLINFO_TECH::5 Molinfos are missing field technique
P004_WB01/P004_WB01:k141_8403 (length 24549)
P004_WB01/P004_WB01:k141_10449 (length 56236)
P004_WB01/P004_WB01:k141_10936 (length 2215)
P004_WB01/P004_WB01:k141_13889 (length 1951)
P004_WB01/P004_WB01:k141_30287 (length 32283)

