[16:28:55] This is prokka 1.14.5
[16:28:55] Written by Torsten Seemann <torsten.seemann@gmail.com>
[16:28:55] Homepage is https://github.com/tseemann/prokka
[16:28:55] Local time is Fri Nov 26 16:28:55 2021
[16:28:55] You are ruud
[16:28:55] Operating system is linux
[16:28:55] You have BioPerl 1.7.8
[16:28:55] System has 40 cores.
[16:28:55] Will use maximum of 40 cores.
[16:28:55] Annotating as >>> Bacteria <<<
[16:28:55] Creating new output folder: P001_WG07
[16:28:55] Running: mkdir -p P001_WG07
[16:28:55] Using filename prefix: P001_WG07.XXX
[16:28:55] Setting HMMER_NCPU=1
[16:28:55] Writing log to: P001_WG07/P001_WG07.log
[16:28:55] Command: /usr/local/packages/prokka-1.14.5/bin/prokka --cpus 40 --prefix P001_WG07 --Kingdom Bacteria --locustag P001_WG07 --proteins vaccinium.gb ../02_Blast/chloroplast_contigs_rapid_genomics_run2/P001_WG07_chloroplast_contigs.fa
[16:28:55] Appending to PATH: /home/local/packages/prokka-1.14.5/bin/../binaries/linux
[16:28:55] Appending to PATH: /home/local/packages/prokka-1.14.5/bin/../binaries/linux/../common
[16:28:55] Appending to PATH: /home/local/packages/prokka-1.14.5/bin
[16:28:55] Looking for 'aragorn' - found /usr/local/packages/Anaconda3-2019.10/bin/aragorn
[16:28:55] Determined aragorn version is 001002 from 'ARAGORN v1.2.38 Dean Laslett'
[16:28:55] Looking for 'barrnap' - found /usr/local/packages/Anaconda3-2019.10/bin/barrnap
[16:28:55] Determined barrnap version is 000009 from 'barrnap 0.9'
[16:28:55] Looking for 'blastp' - found /usr/local/packages/Anaconda3-2019.10/bin/blastp
[16:28:56] Determined blastp version is 002011 from 'blastp: 2.11.0+'
[16:28:56] Looking for 'cmpress' - found /usr/local/packages/Anaconda3-2019.10/bin/cmpress
[16:28:56] Determined cmpress version is 001001 from '# INFERNAL 1.1.2 (July 2016)'
[16:28:56] Looking for 'cmscan' - found /usr/local/packages/Anaconda3-2019.10/bin/cmscan
[16:28:56] Determined cmscan version is 001001 from '# INFERNAL 1.1.2 (July 2016)'
[16:28:56] Looking for 'egrep' - found /bin/egrep
[16:28:56] Looking for 'find' - found /bin/find
[16:28:56] Looking for 'grep' - found /bin/grep
[16:28:56] Looking for 'hmmpress' - found /usr/local/packages/Anaconda3-2019.10/bin/hmmpress
[16:28:56] Determined hmmpress version is 003003 from '# HMMER 3.3.2 (Nov 2020); http://hmmer.org/'
[16:28:56] Looking for 'hmmscan' - found /usr/local/packages/Anaconda3-2019.10/bin/hmmscan
[16:28:56] Determined hmmscan version is 003003 from '# HMMER 3.3.2 (Nov 2020); http://hmmer.org/'
[16:28:56] Looking for 'java' - found /usr/local/packages/jdk1.8.0_191/bin/java
[16:28:56] Looking for 'makeblastdb' - found /usr/local/packages/Anaconda3-2019.10/bin/makeblastdb
[16:28:57] Determined makeblastdb version is 002011 from 'makeblastdb: 2.11.0+'
[16:28:57] Looking for 'minced' - found /usr/local/packages/Anaconda3-2019.10/bin/minced
[16:28:57] Determined minced version is 004002 from 'minced 0.4.2'
[16:28:57] Looking for 'parallel' - found /usr/local/packages/Anaconda3-2019.10/bin/parallel
[16:28:57] Determined parallel version is 20210822 from 'GNU parallel 20210822'
[16:28:57] Looking for 'prodigal' - found /usr/local/packages/Anaconda3-2019.10/bin/prodigal
[16:28:57] Determined prodigal version is 002006 from 'Prodigal V2.6.3: February, 2016'
[16:28:57] Looking for 'prokka-genbank_to_fasta_db' - found /usr/local/packages/prokka-1.14.5/bin/prokka-genbank_to_fasta_db
[16:28:57] Looking for 'sed' - found /bin/sed
[16:28:57] Looking for 'tbl2asn' - found /usr/local/packages/Anaconda3-2019.10/bin/tbl2asn
[16:28:57] Determined tbl2asn version is 025008 from 'tbl2asn 25.8   arguments:'
[16:28:57] Using genetic code table 11.
[16:28:57] Loading and checking input file: ../02_Blast/chloroplast_contigs_rapid_genomics_run2/P001_WG07_chloroplast_contigs.fa
[16:28:57] Wrote 13 contigs totalling 137847 bp.
[16:28:57] Predicting tRNAs and tmRNAs
[16:28:57] Running: aragorn -l -gc11  -w P001_WG07\/P001_WG07\.fna
[16:28:57] 1 tRNA-His c[140,214] 35 (gtg)
[16:28:57] 2 tRNA-Gln c[6769,6840] 33 (ttg)
[16:28:57] 3 tRNA-Ser c[8017,8105] 35 (gct)
[16:28:57] 4 tRNA-Arg [9579,9650] 34 (tct)
[16:28:57] 5 tRNA-Cys [27583,27653] 33 (gca)
[16:28:57] 6 tRNA-Asp c[30284,30357] 35 (gtc)
[16:28:57] 7 tRNA-Tyr c[30482,30567] 36 (gta)
[16:28:57] 8 tRNA-Glu c[30636,30708] 35 (ttc)
[16:28:57] 9 tRNA-Thr [31515,31588] 34 (ggt)
[16:28:57] 1 tRNA-Val c[5203,5274] 33 (gac)
[16:28:57] 1 tRNA-Leu [2043,2125] 35 (caa)
[16:28:57] 1 tRNA-Pro [17189,17262] 35 (tgg)
[16:28:57] 2 tRNA-Trp [17411,17484] 35 (cca)
[16:28:57] 3 tRNA-Met c[31385,31457] 34 (cat)
[16:28:57] 4 tRNA-Phe c[35335,35408] 34 (gaa)
[16:28:57] 5 tRNA-Thr [37169,37243] 35 (tgt)
[16:28:57] 6 tRNA-Ser c[38534,38620] 35 (gga)
[16:28:57] 7 tRNA-Met [46791,46864] 35 (cat)
[16:28:57] 8 tRNA-Gly c[47079,47150] 33 (gcc)
[16:28:57] 9 tRNA-Ser [47953,48045] 35 (tga)
[16:28:57] 1 tRNA-Leu [3716,3795] 35 (tag)
[16:28:57] 1 tRNA-Arg [2686,2760] 35 (acg)
[16:28:57] 2 tRNA-Asn c[3316,3389] 34 (gtt)
[16:28:57] 1 tRNA-Met c[51,125] 34 (cat)
[16:28:57] 1 tRNA-Met [3690,3764] 34 (cat)
[16:28:57] Found 25 tRNAs
[16:28:57] Predicting Ribosomal RNAs
[16:28:57] Running Barrnap with 40 threads
[16:28:59] 1 k141_3982 2 23S ribosomal RNA (partial)
[16:28:59] 2 k141_3982 3472 16S ribosomal RNA
[16:28:59] 3 k141_51307 17 23S ribosomal RNA (partial)
[16:28:59] 4 k141_5236 198 23S ribosomal RNA
[16:28:59] 5 k141_62116 1 16S ribosomal RNA (partial)
[16:28:59] 6 k141_62116 1044 16S ribosomal RNA (partial)
[16:28:59] Found 6 rRNAs
[16:28:59] Skipping ncRNA search, enable with --rfam if desired.
[16:28:59] Total of 31 tRNA + rRNA features
[16:28:59] Searching for CRISPR repeats
[16:28:59] Found 0 CRISPRs
[16:28:59] Predicting coding sequences
[16:28:59] Contigs total 137847 bp, so using single mode
[16:28:59] Running: prodigal -i P001_WG07\/P001_WG07\.fna -c -m -g 11 -p single -f sco -q
[16:28:59] Excluding CDS which overlaps existing RNA (tRNA) at k141_13251:27597..28025 on + strand
[16:28:59] Excluding CDS which overlaps existing RNA (rRNA) at k141_3982:3431..3718 on + strand
[16:28:59] Excluding CDS which overlaps existing RNA (rRNA) at k141_3982:3696..3950 on + strand
[16:28:59] Excluding CDS which overlaps existing RNA (rRNA) at k141_3982:4187..4294 on - strand
[16:28:59] Excluding CDS which overlaps existing RNA (tRNA) at k141_63525:17079..17282 on + strand
[16:28:59] Excluding CDS which overlaps existing RNA (rRNA) at k141_5236:1001..1489 on + strand
[16:28:59] Excluding CDS which overlaps existing RNA (rRNA) at k141_5236:1672..2019 on - strand
[16:28:59] Excluding CDS which overlaps existing RNA (rRNA) at k141_51307:187..357 on - strand
[16:28:59] Excluding CDS which overlaps existing RNA (rRNA) at k141_51307:854..1129 on - strand
[16:28:59] Excluding CDS which overlaps existing RNA (rRNA) at k141_51307:1735..2130 on - strand
[16:28:59] Excluding CDS which overlaps existing RNA (rRNA) at k141_62116:169..432 on - strand
[16:28:59] Excluding CDS which overlaps existing RNA (rRNA) at k141_62116:1470..1664 on + strand
[16:28:59] Found 95 CDS
[16:28:59] Connecting features back to sequences
[16:28:59] Not using genus-specific database. Try --usegenus to enable it.
[16:28:59] Preparing user-supplied primary BLAST annotation source: vaccinium.gb
[16:28:59] Guessed source was in genbank format.
[16:28:59] Converting genbank 'vaccinium.gb' into Prokka FASTA 'P001_WG07/proteins.faa'
[16:28:59] Running: prokka-genbank_to_fasta_db --format genbank vaccinium\.gb > P001_WG07\/proteins\.faa 2> /dev/null
[16:29:00] Running: makeblastdb -dbtype prot -in P001_WG07\/proteins\.faa -out P001_WG07\/proteins -logfile /dev/null
[16:29:00] Using /inference source as 'vaccinium.gb'
[16:29:00] Annotating CDS, please be patient.
[16:29:00] Will use 40 CPUs for similarity searching.
[16:29:00] There are still 95 unannotated CDS left (started with 95)
[16:29:00] Will use blast to search against P001_WG07/proteins with 40 CPUs
[16:29:00] Running: cat P001_WG07\/P001_WG07\.proteins\.tmp\.21295\.faa | parallel --gnu --plain -j 40 --block 273 --recstart '>' --pipe blastp -query - -db P001_WG07/proteins -evalue 1e-09 -qcov_hsp_perc 80 -num_threads 1 -num_descriptions 1 -num_alignments 1 -seg no > P001_WG07\/P001_WG07\.proteins\.tmp\.21295\.blast 2> /dev/null
[16:29:02] Deleting unwanted file: P001_WG07/P001_WG07.proteins.tmp.21295.faa
[16:29:02] Deleting unwanted file: P001_WG07/P001_WG07.proteins.tmp.21295.blast
[16:29:02] There are still 32 unannotated CDS left (started with 95)
[16:29:02] Will use blast to search against /home/local/packages/prokka-1.14.5/db/kingdom/Bacteria/IS with 40 CPUs
[16:29:02] Running: cat P001_WG07\/P001_WG07\.IS\.tmp\.21295\.faa | parallel --gnu --plain -j 40 --block 65 --recstart '>' --pipe blastp -query - -db /home/local/packages/prokka-1.14.5/db/kingdom/Bacteria/IS -evalue 1e-30 -qcov_hsp_perc 90 -num_threads 1 -num_descriptions 1 -num_alignments 1 -seg no > P001_WG07\/P001_WG07\.IS\.tmp\.21295\.blast 2> /dev/null
[16:29:03] Deleting unwanted file: P001_WG07/P001_WG07.IS.tmp.21295.faa
[16:29:03] Deleting unwanted file: P001_WG07/P001_WG07.IS.tmp.21295.blast
[16:29:03] There are still 32 unannotated CDS left (started with 95)
[16:29:03] Will use blast to search against /home/local/packages/prokka-1.14.5/db/kingdom/Bacteria/AMR with 40 CPUs
[16:29:03] Running: cat P001_WG07\/P001_WG07\.AMR\.tmp\.21295\.faa | parallel --gnu --plain -j 40 --block 65 --recstart '>' --pipe blastp -query - -db /home/local/packages/prokka-1.14.5/db/kingdom/Bacteria/AMR -evalue 1e-300 -qcov_hsp_perc 90 -num_threads 1 -num_descriptions 1 -num_alignments 1 -seg no > P001_WG07\/P001_WG07\.AMR\.tmp\.21295\.blast 2> /dev/null
[16:29:04] Deleting unwanted file: P001_WG07/P001_WG07.AMR.tmp.21295.faa
[16:29:04] Deleting unwanted file: P001_WG07/P001_WG07.AMR.tmp.21295.blast
[16:29:05] There are still 32 unannotated CDS left (started with 95)
[16:29:05] Will use blast to search against /home/local/packages/prokka-1.14.5/db/kingdom/Bacteria/sprot with 40 CPUs
[16:29:05] Running: cat P001_WG07\/P001_WG07\.sprot\.tmp\.21295\.faa | parallel --gnu --plain -j 40 --block 65 --recstart '>' --pipe blastp -query - -db /home/local/packages/prokka-1.14.5/db/kingdom/Bacteria/sprot -evalue 1e-09 -qcov_hsp_perc 80 -num_threads 1 -num_descriptions 1 -num_alignments 1 -seg no > P001_WG07\/P001_WG07\.sprot\.tmp\.21295\.blast 2> /dev/null
[16:29:06] Deleting unwanted file: P001_WG07/P001_WG07.sprot.tmp.21295.faa
[16:29:06] Deleting unwanted file: P001_WG07/P001_WG07.sprot.tmp.21295.blast
[16:29:06] There are still 29 unannotated CDS left (started with 95)
[16:29:06] Will use hmmer3 to search against /home/local/packages/prokka-1.14.5/db/hmm/HAMAP.hmm with 40 CPUs
[16:29:06] Running: cat P001_WG07\/P001_WG07\.HAMAP\.hmm\.tmp\.21295\.faa | parallel --gnu --plain -j 40 --block 58 --recstart '>' --pipe hmmscan --noali --notextw --acc -E 1e-09 --cpu 1 /home/local/packages/prokka-1.14.5/db/hmm/HAMAP.hmm /dev/stdin > P001_WG07\/P001_WG07\.HAMAP\.hmm\.tmp\.21295\.hmmer3 2> /dev/null
[16:29:07] Deleting unwanted file: P001_WG07/P001_WG07.HAMAP.hmm.tmp.21295.faa
[16:29:07] Deleting unwanted file: P001_WG07/P001_WG07.HAMAP.hmm.tmp.21295.hmmer3
[16:29:07] Deleting unwanted file: P001_WG07/proteins.psq
[16:29:07] Deleting unwanted file: P001_WG07/proteins.phr
[16:29:07] Deleting unwanted file: P001_WG07/proteins.pin
[16:29:07] Labelling remaining 28 proteins as 'hypothetical protein'
[16:29:07] Possible /pseudo 'RNA polymerase beta' subunit' at k141_13251 position 22704
[16:29:07] Possible /pseudo 'ATP-dependent Clp protease proteolytic subunit' at k141_63525 position 13661
[16:29:07] Possible /pseudo 'hypothetical chloroplast RF34' at k141_63525 position 39964
[16:29:07] Found 61 unique /gene codes.
[16:29:07] Fixed 2 duplicate /gene - rpoC1_1 rpoC1_2
[16:29:07] Fixed 2 duplicate /gene - clpP_1 clpP_2
[16:29:07] Fixed 2 duplicate /gene - psbC_1 psbC_2
[16:29:07] Fixed 2 duplicate /gene - petB_1 petB_2
[16:29:07] Fixed 2 duplicate /gene - ycf3_1 ycf3_2
[16:29:07] Fixed 2 duplicate /gene - rpl2_1 rpl2_2
[16:29:07] Fixed 6 colliding /gene names.
[16:29:07] Adding /locus_tag identifiers
[16:29:07] Assigned 126 locus_tags to CDS and RNA features.
[16:29:07] Writing outputs to P001_WG07/
[16:29:07] Generating annotation statistics file
[16:29:07] Generating Genbank and Sequin files
[16:29:07] Running: tbl2asn -V b -a r10k -l paired-ends -M n -N 1 -y 'Annotated using prokka 1.14.5 from https://github.com/tseemann/prokka' -Z P001_WG07\/P001_WG07\.err -i P001_WG07\/P001_WG07\.fsa 2> /dev/null
[16:29:07] Deleting unwanted file: P001_WG07/errorsummary.val
[16:29:07] Deleting unwanted file: P001_WG07/P001_WG07.dr
[16:29:07] Deleting unwanted file: P001_WG07/P001_WG07.fixedproducts
[16:29:07] Deleting unwanted file: P001_WG07/P001_WG07.ecn
[16:29:07] Deleting unwanted file: P001_WG07/P001_WG07.val
[16:29:07] Repairing broken .GBK output that tbl2asn produces...
[16:29:07] Running: sed 's/COORDINATES: profile/COORDINATES:profile/' < P001_WG07\/P001_WG07\.gbf > P001_WG07\/P001_WG07\.gbk
[16:29:07] Deleting unwanted file: P001_WG07/P001_WG07.gbf
[16:29:07] Output files:
[16:29:07] P001_WG07/P001_WG07.log
[16:29:07] P001_WG07/P001_WG07.ffn
[16:29:07] P001_WG07/P001_WG07.tbl
[16:29:07] P001_WG07/P001_WG07.gff
[16:29:07] P001_WG07/P001_WG07.faa
[16:29:07] P001_WG07/P001_WG07.fsa
[16:29:07] P001_WG07/P001_WG07.err
[16:29:07] P001_WG07/P001_WG07.fna
[16:29:07] P001_WG07/P001_WG07.sqn
[16:29:07] P001_WG07/P001_WG07.tsv
[16:29:07] P001_WG07/P001_WG07.txt
[16:29:07] P001_WG07/P001_WG07.gbk
[16:29:07] Annotation finished successfully.
[16:29:07] Walltime used: 0.20 minutes
[16:29:07] If you use this result please cite the Prokka paper:
[16:29:07] Seemann T (2014) Prokka: rapid prokaryotic genome annotation. Bioinformatics. 30(14):2068-9.
[16:29:07] Type 'prokka --citation' for more details.
[16:29:07] Thank you, come again.
