Discrepancy Report Results

Summary
FATAL: MISSING_PROTEIN_ID:87 proteins have invalid IDs.
DISC_SOURCE_QUALS_ASNDISC:strain (all present, all same)
DISC_SOURCE_QUALS_ASNDISC:taxname (all present, all same)
DISC_FEATURE_COUNT:CDS: 87 present
DISC_FEATURE_COUNT:tRNA: 24 present
DISC_FEATURE_COUNT:rRNA: 2 present
DISC_COUNT_NUCLEOTIDES:6 nucleotide Bioseqs are present
FEATURE_LOCATION_CONFLICT:113 features have inconsistent gene locations.
OVERLAPPING_CDS:2 coding regions overlap another coding region with a similar or identical name.
SUSPECT_PRODUCT_NAMES:2 product_names contain suspect phrase or characters
	May contain database identifier more appropriate in note; remove from product name
		2 features contains three or more numbers together that may be identifiers more appropriate in note
DISC_QUALITY_SCORES:Quality scores are missing on all sequences.
ONCALLER_COMMENT_PRESENT:6 comment descriptors were found (all same)
SHORT_PROT_SEQUENCES:14 protein sequences are shorter than 50 aa.
MISSING_GENOMEASSEMBLY_COMMENTS:6 bioseqs are missing GenomeAssembly structured comments
MOLTYPE_NOT_MRNA:6 molecule types are not set as mRNA.
TECHNIQUE_NOT_TSA:6 technique are not set as TSA
MISSING_STRUCTURED_COMMENT:6 sequences do not include structured comments.
MISSING_PROJECT:93 sequences do not include project.
DISC_INCONSISTENT_MOLINFO_TECH:Molinfo Technique Report (some missing, all same)


Detailed Report

FATAL: DiscRep_ALL:MISSING_PROTEIN_ID::87 proteins have invalid IDs.
P001_WA02/P001_WA02:k141_7677_1 (length 352)
P001_WA02/P001_WA02:k141_7677_2 (length 510)
P001_WA02/P001_WA02:k141_7677_3 (length 62)
P001_WA02/P001_WA02:k141_7677_4 (length 507)
P001_WA02/P001_WA02:k141_7677_5 (length 124)
P001_WA02/P001_WA02:k141_7677_6 (length 56)
P001_WA02/P001_WA02:k141_7677_7 (length 81)
P001_WA02/P001_WA02:k141_7677_8 (length 247)
P001_WA02/P001_WA02:k141_7677_9 (length 236)
P001_WA02/P001_WA02:k141_7677_10 (length 925)
P001_WA02/P001_WA02:k141_121245_1 (length 123)
P001_WA02/P001_WA02:k141_121245_2 (length 29)
P001_WA02/P001_WA02:k141_121245_3 (length 353)
P001_WA02/P001_WA02:k141_121245_4 (length 461)
P001_WA02/P001_WA02:k141_121245_5 (length 123)
P001_WA02/P001_WA02:k141_121245_6 (length 85)
P001_WA02/P001_WA02:k141_121245_7 (length 734)
P001_WA02/P001_WA02:k141_121245_8 (length 750)
P001_WA02/P001_WA02:k141_121245_9 (length 82)
P001_WA02/P001_WA02:k141_121245_10 (length 44)
P001_WA02/P001_WA02:k141_121245_11 (length 65)
P001_WA02/P001_WA02:k141_121245_12 (length 201)
P001_WA02/P001_WA02:k141_121245_13 (length 71)
P001_WA02/P001_WA02:k141_121245_14 (length 46)
P001_WA02/P001_WA02:k141_121245_15 (length 61)
P001_WA02/P001_WA02:k141_121245_16 (length 44)
P001_WA02/P001_WA02:k141_121245_17 (length 44)
P001_WA02/P001_WA02:k141_121245_18 (length 62)
P001_WA02/P001_WA02:k141_121245_19 (length 65)
P001_WA02/P001_WA02:k141_121245_20 (length 48)
P001_WA02/P001_WA02:k141_121245_21 (length 133)
P001_WA02/P001_WA02:k141_121245_22 (length 498)
P001_WA02/P001_WA02:k141_121245_23 (length 483)
P001_WA02/P001_WA02:k141_121245_24 (length 507)
P001_WA02/P001_WA02:k141_121245_25 (length 102)
P001_WA02/P001_WA02:k141_121245_26 (length 184)
P001_WA02/P001_WA02:k141_121245_27 (length 228)
P001_WA02/P001_WA02:k141_121245_28 (length 320)
P001_WA02/P001_WA02:k141_121245_29 (length 40)
P001_WA02/P001_WA02:k141_121245_30 (length 39)
P001_WA02/P001_WA02:k141_8409_1 (length 44)
P001_WA02/P001_WA02:k141_8409_2 (length 37)
P001_WA02/P001_WA02:k141_8409_3 (length 44)
P001_WA02/P001_WA02:k141_8409_4 (length 101)
P001_WA02/P001_WA02:k141_8409_5 (length 128)
P001_WA02/P001_WA02:k141_8409_6 (length 142)
P001_WA02/P001_WA02:k141_8409_7 (length 129)
P001_WA02/P001_WA02:k141_8409_8 (length 508)
P001_WA02/P001_WA02:k141_8409_9 (length 73)
P001_WA02/P001_WA02:k141_8409_10 (length 62)
P001_WA02/P001_WA02:k141_8409_11 (length 162)
P001_WA02/P001_WA02:k141_8409_12 (length 170)
P001_WA02/P001_WA02:k141_8409_13 (length 337)
P001_WA02/P001_WA02:k141_8409_14 (length 138)
P001_WA02/P001_WA02:k141_8409_15 (length 63)
P001_WA02/P001_WA02:k141_8409_16 (length 77)
P001_WA02/P001_WA02:k141_8409_17 (length 134)
P001_WA02/P001_WA02:k141_8409_18 (length 122)
P001_WA02/P001_WA02:k141_8409_19 (length 119)
P001_WA02/P001_WA02:k141_8409_20 (length 220)
P001_WA02/P001_WA02:k141_8409_21 (length 156)
P001_WA02/P001_WA02:k141_8409_22 (length 92)
P001_WA02/P001_WA02:k141_8518_1 (length 319)
P001_WA02/P001_WA02:k141_8518_2 (length 90)
P001_WA02/P001_WA02:k141_8518_3 (length 81)
P001_WA02/P001_WA02:k141_8518_4 (length 49)
P001_WA02/P001_WA02:k141_8518_5 (length 90)
P001_WA02/P001_WA02:k141_8518_6 (length 1640)
P001_WA02/P001_WA02:k141_80232_1 (length 589)
P001_WA02/P001_WA02:k141_80232_2 (length 82)
P001_WA02/P001_WA02:k141_80232_3 (length 145)
P001_WA02/P001_WA02:k141_80232_4 (length 687)
P001_WA02/P001_WA02:k141_102238_1 (length 67)
P001_WA02/P001_WA02:k141_102238_2 (length 58)
P001_WA02/P001_WA02:k141_102238_3 (length 71)
P001_WA02/P001_WA02:k141_102238_4 (length 93)
P001_WA02/P001_WA02:k141_102238_5 (length 39)
P001_WA02/P001_WA02:k141_102238_6 (length 173)
P001_WA02/P001_WA02:k141_102238_7 (length 182)
P001_WA02/P001_WA02:k141_102238_8 (length 123)
P001_WA02/P001_WA02:k141_102238_9 (length 83)
P001_WA02/P001_WA02:k141_102238_10 (length 150)
P001_WA02/P001_WA02:k141_102238_11 (length 2270)
P001_WA02/P001_WA02:k141_102238_12 (length 93)
P001_WA02/P001_WA02:k141_102238_13 (length 133)
P001_WA02/P001_WA02:k141_102238_14 (length 38)
P001_WA02/P001_WA02:k141_102238_15 (length 165)

DiscRep_ALL:DISC_SOURCE_QUALS_ASNDISC::strain (all present, all same)
DiscRep_SUB:DISC_SOURCE_QUALS_ASNDISC::6 sources have 'strain' for strain
DiscRep_ALL:DISC_SOURCE_QUALS_ASNDISC::taxname (all present, all same)
DiscRep_SUB:DISC_SOURCE_QUALS_ASNDISC::6 sources have 'Genus species' for taxname
DiscRep_ALL:DISC_FEATURE_COUNT::CDS: 87 present
DiscRep_ALL:DISC_FEATURE_COUNT::tRNA: 24 present
DiscRep_ALL:DISC_FEATURE_COUNT::rRNA: 2 present
DiscRep_ALL:DISC_COUNT_NUCLEOTIDES::6 nucleotide Bioseqs are present
P001_WA02/P001_WA02:k141_7677 (length 19565)
P001_WA02/P001_WA02:k141_121245 (length 38919)
P001_WA02/P001_WA02:k141_8409 (length 19122)
P001_WA02/P001_WA02:k141_8518 (length 11395)
P001_WA02/P001_WA02:k141_80232 (length 6591)
P001_WA02/P001_WA02:k141_102238 (length 25140)

DiscRep_ALL:FEATURE_LOCATION_CONFLICT::113 features have inconsistent gene locations.
DiscRep_SUB:FEATURE_LOCATION_CONFLICT::Coding region xref gene does not exist
P001_WA02/P001_WA02:CDS	photosystem II protein D1	k141_7677:c1599-541	P001_WA02_00002

DiscRep_SUB:FEATURE_LOCATION_CONFLICT::Coding region xref gene does not exist
P001_WA02/P001_WA02:CDS	maturase K	k141_7677:c3647-2115	P001_WA02_00003

DiscRep_SUB:FEATURE_LOCATION_CONFLICT::Coding region xref gene does not exist
P001_WA02/P001_WA02:CDS	photosystem II protein K	k141_7677:7814-8002	P001_WA02_00005

DiscRep_SUB:FEATURE_LOCATION_CONFLICT::Coding region xref gene does not exist
P001_WA02/P001_WA02:CDS	ATP synthase CF1 alpha subunit	k141_7677:c11996-10473	P001_WA02_00008

DiscRep_SUB:FEATURE_LOCATION_CONFLICT::Coding region xref gene does not exist
P001_WA02/P001_WA02:CDS	ATP synthase CF0 subunit I	k141_7677:c12448-12074	P001_WA02_00009

DiscRep_SUB:FEATURE_LOCATION_CONFLICT::Coding region xref gene does not exist
P001_WA02/P001_WA02:CDS	ATP synthase CF0 subunit I	k141_7677:c13315-13145	P001_WA02_00010

DiscRep_SUB:FEATURE_LOCATION_CONFLICT::Coding region xref gene does not exist
P001_WA02/P001_WA02:CDS	ATP synthase CF0 subunit III	k141_7677:c13913-13668	P001_WA02_00011

DiscRep_SUB:FEATURE_LOCATION_CONFLICT::Coding region xref gene does not exist
P001_WA02/P001_WA02:CDS	ATP synthase CF0 subunit IV	k141_7677:c15612-14869	P001_WA02_00012

DiscRep_SUB:FEATURE_LOCATION_CONFLICT::Coding region xref gene does not exist
P001_WA02/P001_WA02:CDS	ribosomal protein S2	k141_7677:c16549-15839	P001_WA02_00013

DiscRep_SUB:FEATURE_LOCATION_CONFLICT::Coding region xref gene does not exist
P001_WA02/P001_WA02:CDS	RNA polymerase beta'' subunit	k141_7677:c19553-16776	P001_WA02_00014

DiscRep_SUB:FEATURE_LOCATION_CONFLICT::RNA feature xref gene does not exist
P001_WA02/P001_WA02:tRNA	His	k141_7677:c218-144	P001_WA02_00001

DiscRep_SUB:FEATURE_LOCATION_CONFLICT::RNA feature xref gene does not exist
P001_WA02/P001_WA02:tRNA	Gln	k141_7677:c7481-7408	P001_WA02_00004

DiscRep_SUB:FEATURE_LOCATION_CONFLICT::RNA feature xref gene does not exist
P001_WA02/P001_WA02:tRNA	Ser	k141_7677:c8664-8577	P001_WA02_00006

DiscRep_SUB:FEATURE_LOCATION_CONFLICT::RNA feature xref gene does not exist
P001_WA02/P001_WA02:tRNA	Arg	k141_7677:10283-10354	P001_WA02_00007

DiscRep_SUB:FEATURE_LOCATION_CONFLICT::Coding region xref gene does not exist
P001_WA02/P001_WA02:CDS	hypothetical protein	k141_121245:326-697	P001_WA02_00015

DiscRep_SUB:FEATURE_LOCATION_CONFLICT::Coding region xref gene does not exist
P001_WA02/P001_WA02:CDS	cytochrome b6/f complex subunit VII	k141_121245:3209-3298	P001_WA02_00017

DiscRep_SUB:FEATURE_LOCATION_CONFLICT::Coding region xref gene does not exist
P001_WA02/P001_WA02:CDS	photosystem II protein D2	k141_121245:7208-8269	P001_WA02_00022

DiscRep_SUB:FEATURE_LOCATION_CONFLICT::Coding region xref gene does not exist
P001_WA02/P001_WA02:CDS	photosystem II CP43 chlorophyll apoprotein	k141_121245:8253-9638	P001_WA02_00023

DiscRep_SUB:FEATURE_LOCATION_CONFLICT::Coding region xref gene does not exist
P001_WA02/P001_WA02:CDS	hypothetical protein	k141_121245:c10395-10024	P001_WA02_00025

DiscRep_SUB:FEATURE_LOCATION_CONFLICT::Coding region xref gene does not exist
P001_WA02/P001_WA02:CDS	ribosomal protein S14	k141_121245:c11387-11130	P001_WA02_00028

DiscRep_SUB:FEATURE_LOCATION_CONFLICT::Coding region xref gene does not exist
P001_WA02/P001_WA02:CDS	photosystem I P700 apoprotein A2	k141_121245:c13753-11549	P001_WA02_00029

DiscRep_SUB:FEATURE_LOCATION_CONFLICT::Coding region xref gene does not exist
P001_WA02/P001_WA02:CDS	photosystem I P700 apoprotein A1	k141_121245:c16031-13779	P001_WA02_00030

DiscRep_SUB:FEATURE_LOCATION_CONFLICT::Coding region xref gene does not exist
P001_WA02/P001_WA02:CDS	putative chloroplast RF34	k141_121245:c17801-17553	P001_WA02_00031

DiscRep_SUB:FEATURE_LOCATION_CONFLICT::Coding region xref gene does not exist
P001_WA02/P001_WA02:CDS	putative chloroplast RF34	k141_121245:c18634-18500	P001_WA02_00032

DiscRep_SUB:FEATURE_LOCATION_CONFLICT::Coding region xref gene does not exist
P001_WA02/P001_WA02:CDS	hypothetical protein	k141_121245:18754-18951	P001_WA02_00033

DiscRep_SUB:FEATURE_LOCATION_CONFLICT::Coding region xref gene does not exist
P001_WA02/P001_WA02:CDS	ribosomal protein S4	k141_121245:c20452-19847	P001_WA02_00035

DiscRep_SUB:FEATURE_LOCATION_CONFLICT::Coding region xref gene does not exist
P001_WA02/P001_WA02:CDS	hypothetical protein	k141_121245:c21579-21364	P001_WA02_00037

DiscRep_SUB:FEATURE_LOCATION_CONFLICT::Coding region xref gene does not exist
P001_WA02/P001_WA02:CDS	hypothetical protein	k141_121245:c22362-22222	P001_WA02_00038

DiscRep_SUB:FEATURE_LOCATION_CONFLICT::Coding region xref gene does not exist
P001_WA02/P001_WA02:CDS	NADH-plastoquinone oxidoreductase subunit J	k141_121245:c23436-23251	P001_WA02_00040

DiscRep_SUB:FEATURE_LOCATION_CONFLICT::Coding region xref gene does not exist
P001_WA02/P001_WA02:CDS	NADH-plastoquinone oxidoreductase subunit J	k141_121245:c23536-23402	P001_WA02_00041

DiscRep_SUB:FEATURE_LOCATION_CONFLICT::Coding region xref gene does not exist
P001_WA02/P001_WA02:CDS	NADH-plastoquinone oxidoreductase subunit K	k141_121245:c23936-23802	P001_WA02_00042

DiscRep_SUB:FEATURE_LOCATION_CONFLICT::Coding region xref gene does not exist
P001_WA02/P001_WA02:CDS	hypothetical protein	k141_121245:c24558-24370	P001_WA02_00043

DiscRep_SUB:FEATURE_LOCATION_CONFLICT::Coding region xref gene does not exist
P001_WA02/P001_WA02:CDS	hypothetical protein	k141_121245:24812-25009	P001_WA02_00044

DiscRep_SUB:FEATURE_LOCATION_CONFLICT::Coding region xref gene does not exist
P001_WA02/P001_WA02:CDS	hypothetical protein	k141_121245:c26071-25925	P001_WA02_00045

DiscRep_SUB:FEATURE_LOCATION_CONFLICT::Coding region xref gene does not exist
P001_WA02/P001_WA02:CDS	ATP synthase CF1 epsilon subunit	k141_121245:c26916-26515	P001_WA02_00047

DiscRep_SUB:FEATURE_LOCATION_CONFLICT::Coding region xref gene does not exist
P001_WA02/P001_WA02:CDS	ATP synthase CF1 beta subunit	k141_121245:c28409-26913	P001_WA02_00048

DiscRep_SUB:FEATURE_LOCATION_CONFLICT::Coding region xref gene does not exist
P001_WA02/P001_WA02:CDS	ribulose-1,5-bisphosphate carboxylase/oxygenase large subunit	k141_121245:29187-30638	P001_WA02_00049

DiscRep_SUB:FEATURE_LOCATION_CONFLICT::Coding region xref gene does not exist
P001_WA02/P001_WA02:CDS	Acetyl-coenzyme A carboxylase carboxyl transferase subunit beta, chloroplastic	k141_121245:31288-32811	P001_WA02_00050

DiscRep_SUB:FEATURE_LOCATION_CONFLICT::Coding region xref gene does not exist
P001_WA02/P001_WA02:CDS	hypothetical protein	k141_121245:c33264-32956	P001_WA02_00051

DiscRep_SUB:FEATURE_LOCATION_CONFLICT::Coding region xref gene does not exist
P001_WA02/P001_WA02:CDS	photosystem I assembly protein Ycf4	k141_121245:33998-34552	P001_WA02_00052

DiscRep_SUB:FEATURE_LOCATION_CONFLICT::Coding region xref gene does not exist
P001_WA02/P001_WA02:CDS	envelope membrane protein	k141_121245:35340-36026	P001_WA02_00053

DiscRep_SUB:FEATURE_LOCATION_CONFLICT::Coding region xref gene does not exist
P001_WA02/P001_WA02:CDS	cytochrome f	k141_121245:36256-37218	P001_WA02_00054

DiscRep_SUB:FEATURE_LOCATION_CONFLICT::Coding region xref gene does not exist
P001_WA02/P001_WA02:CDS	photosystem II protein J	k141_121245:c38271-38149	P001_WA02_00055

DiscRep_SUB:FEATURE_LOCATION_CONFLICT::Coding region xref gene does not exist
P001_WA02/P001_WA02:CDS	photosystem II cytochrome b559 beta subunit	k141_121245:c38662-38543	P001_WA02_00056

DiscRep_SUB:FEATURE_LOCATION_CONFLICT::RNA feature xref gene does not exist
P001_WA02/P001_WA02:tRNA	Cys	k141_121245:2339-2409	P001_WA02_00016

DiscRep_SUB:FEATURE_LOCATION_CONFLICT::RNA feature xref gene does not exist
P001_WA02/P001_WA02:tRNA	Asp	k141_121245:c4968-4895	P001_WA02_00018

DiscRep_SUB:FEATURE_LOCATION_CONFLICT::RNA feature xref gene does not exist
P001_WA02/P001_WA02:tRNA	Tyr	k141_121245:c5118-5033	P001_WA02_00019

DiscRep_SUB:FEATURE_LOCATION_CONFLICT::RNA feature xref gene does not exist
P001_WA02/P001_WA02:tRNA	Glu	k141_121245:c5255-5183	P001_WA02_00020

DiscRep_SUB:FEATURE_LOCATION_CONFLICT::RNA feature xref gene does not exist
P001_WA02/P001_WA02:tRNA	Thr	k141_121245:5848-5921	P001_WA02_00021

DiscRep_SUB:FEATURE_LOCATION_CONFLICT::RNA feature xref gene does not exist
P001_WA02/P001_WA02:tRNA	Ser	k141_121245:c9960-9868	P001_WA02_00024

DiscRep_SUB:FEATURE_LOCATION_CONFLICT::RNA feature xref gene does not exist
P001_WA02/P001_WA02:tRNA	Gly	k141_121245:10667-10737	P001_WA02_00026

DiscRep_SUB:FEATURE_LOCATION_CONFLICT::RNA feature xref gene does not exist
P001_WA02/P001_WA02:tRNA	Met	k141_121245:c10985-10911	P001_WA02_00027

DiscRep_SUB:FEATURE_LOCATION_CONFLICT::RNA feature xref gene does not exist
P001_WA02/P001_WA02:tRNA	Ser	k141_121245:19512-19599	P001_WA02_00034

DiscRep_SUB:FEATURE_LOCATION_CONFLICT::RNA feature xref gene does not exist
P001_WA02/P001_WA02:tRNA	Thr	k141_121245:c20853-20779	P001_WA02_00036

DiscRep_SUB:FEATURE_LOCATION_CONFLICT::RNA feature xref gene does not exist
P001_WA02/P001_WA02:tRNA	Phe	k141_121245:22500-22572	P001_WA02_00039

DiscRep_SUB:FEATURE_LOCATION_CONFLICT::RNA feature xref gene does not exist
P001_WA02/P001_WA02:tRNA	Met	k141_121245:26231-26303	P001_WA02_00046

DiscRep_SUB:FEATURE_LOCATION_CONFLICT::Coding region xref gene does not exist
P001_WA02/P001_WA02:CDS	Cytochrome b6-f complex subunit 6	k141_8409:961-1095	P001_WA02_00057

DiscRep_SUB:FEATURE_LOCATION_CONFLICT::Coding region xref gene does not exist
P001_WA02/P001_WA02:CDS	cytochrome b6/f complex subunit V	k141_8409:1280-1393	P001_WA02_00058

DiscRep_SUB:FEATURE_LOCATION_CONFLICT::Coding region xref gene does not exist
P001_WA02/P001_WA02:CDS	photosystem I subunit IX	k141_8409:2175-2309	P001_WA02_00061

DiscRep_SUB:FEATURE_LOCATION_CONFLICT::Coding region xref gene does not exist
P001_WA02/P001_WA02:CDS	ribosomal protein S18	k141_8409:3130-3435	P001_WA02_00062

DiscRep_SUB:FEATURE_LOCATION_CONFLICT::Coding region xref gene does not exist
P001_WA02/P001_WA02:CDS	ribosomal protein L20	k141_8409:c4052-3666	P001_WA02_00063

DiscRep_SUB:FEATURE_LOCATION_CONFLICT::Coding region xref gene does not exist
P001_WA02/P001_WA02:CDS	ATP-dependent Clp protease proteolytic subunit	k141_8409:c5555-5127	P001_WA02_00064

DiscRep_SUB:FEATURE_LOCATION_CONFLICT::Coding region xref gene does not exist
P001_WA02/P001_WA02:CDS	ATP-dependent Clp protease proteolytic subunit	k141_8409:c6359-5970	P001_WA02_00065

DiscRep_SUB:FEATURE_LOCATION_CONFLICT::Coding region xref gene does not exist
P001_WA02/P001_WA02:CDS	photosystem II CP47 chlorophyll apoprotein	k141_8409:7509-9035	P001_WA02_00066

DiscRep_SUB:FEATURE_LOCATION_CONFLICT::Coding region xref gene does not exist
P001_WA02/P001_WA02:CDS	photosystem II phosphoprotein	k141_8409:9633-9854	P001_WA02_00067

DiscRep_SUB:FEATURE_LOCATION_CONFLICT::Coding region xref gene does not exist
P001_WA02/P001_WA02:CDS	hypothetical protein	k141_8409:c10565-10377	P001_WA02_00068

DiscRep_SUB:FEATURE_LOCATION_CONFLICT::Coding region xref gene does not exist
P001_WA02/P001_WA02:CDS	cytochrome b6	k141_8409:10867-11355	P001_WA02_00069

DiscRep_SUB:FEATURE_LOCATION_CONFLICT::Coding region xref gene does not exist
P001_WA02/P001_WA02:CDS	cytochrome b6/f complex subunit IV	k141_8409:12296-12808	P001_WA02_00070

DiscRep_SUB:FEATURE_LOCATION_CONFLICT::Coding region xref gene does not exist
P001_WA02/P001_WA02:CDS	DNA-directed RNA polymerase subunit alpha	k141_8409:c13993-12980	P001_WA02_00071

DiscRep_SUB:FEATURE_LOCATION_CONFLICT::Coding region xref gene does not exist
P001_WA02/P001_WA02:CDS	ribosomal protein S11	k141_8409:c14481-14065	P001_WA02_00072

DiscRep_SUB:FEATURE_LOCATION_CONFLICT::Coding region xref gene does not exist
P001_WA02/P001_WA02:CDS	hypothetical protein	k141_8409:14632-14823	P001_WA02_00073

DiscRep_SUB:FEATURE_LOCATION_CONFLICT::Coding region xref gene does not exist
P001_WA02/P001_WA02:CDS	translational initiation factor 1	k141_8409:c15030-14797	P001_WA02_00074

DiscRep_SUB:FEATURE_LOCATION_CONFLICT::Coding region xref gene does not exist
P001_WA02/P001_WA02:CDS	ribosomal protein S8	k141_8409:c15550-15146	P001_WA02_00075

DiscRep_SUB:FEATURE_LOCATION_CONFLICT::Coding region xref gene does not exist
P001_WA02/P001_WA02:CDS	ribosomal protein L14	k141_8409:c16082-15714	P001_WA02_00076

DiscRep_SUB:FEATURE_LOCATION_CONFLICT::Coding region xref gene does not exist
P001_WA02/P001_WA02:CDS	ribosomal protein L16	k141_8409:c16559-16200	P001_WA02_00077

DiscRep_SUB:FEATURE_LOCATION_CONFLICT::Coding region xref gene does not exist
P001_WA02/P001_WA02:CDS	ribosomal protein S3	k141_8409:c18273-17611	P001_WA02_00078

DiscRep_SUB:FEATURE_LOCATION_CONFLICT::Coding region xref gene does not exist
P001_WA02/P001_WA02:CDS	ribosomal protein L22	k141_8409:c18728-18258	P001_WA02_00079

DiscRep_SUB:FEATURE_LOCATION_CONFLICT::Coding region xref gene does not exist
P001_WA02/P001_WA02:CDS	ribosomal protein S19	k141_8409:c19071-18793	P001_WA02_00080

DiscRep_SUB:FEATURE_LOCATION_CONFLICT::RNA feature xref gene does not exist
P001_WA02/P001_WA02:tRNA	Trp	k141_8409:c1581-1508	P001_WA02_00059

DiscRep_SUB:FEATURE_LOCATION_CONFLICT::RNA feature xref gene does not exist
P001_WA02/P001_WA02:tRNA	Pro	k141_8409:c1811-1736	P001_WA02_00060

DiscRep_SUB:FEATURE_LOCATION_CONFLICT::Coding region xref gene does not exist
P001_WA02/P001_WA02:CDS	cytochrome c heme attachment protein	k141_8518:1557-2516	P001_WA02_00082

DiscRep_SUB:FEATURE_LOCATION_CONFLICT::Coding region xref gene does not exist
P001_WA02/P001_WA02:CDS	NAD(P)H-quinone oxidoreductase chain 4	k141_8518:c3256-2984	P001_WA02_00083

DiscRep_SUB:FEATURE_LOCATION_CONFLICT::Coding region xref gene does not exist
P001_WA02/P001_WA02:CDS	photosystem I subunit VII	k141_8518:c4341-4096	P001_WA02_00084

DiscRep_SUB:FEATURE_LOCATION_CONFLICT::Coding region xref gene does not exist
P001_WA02/P001_WA02:CDS	NADH-plastoquinone oxidoreductase subunit 7	k141_8518:c5310-5161	P001_WA02_00085

DiscRep_SUB:FEATURE_LOCATION_CONFLICT::Coding region xref gene does not exist
P001_WA02/P001_WA02:CDS	ribosomal protein S15	k141_8518:c5993-5721	P001_WA02_00086

DiscRep_SUB:FEATURE_LOCATION_CONFLICT::Coding region xref gene does not exist
P001_WA02/P001_WA02:CDS	hypothetical protein	k141_8518:c11327-6405	P001_WA02_00087

DiscRep_SUB:FEATURE_LOCATION_CONFLICT::RNA feature xref gene does not exist
P001_WA02/P001_WA02:tRNA	Leu	k141_8518:1365-1444	P001_WA02_00081

DiscRep_SUB:FEATURE_LOCATION_CONFLICT::Coding region xref gene does not exist
P001_WA02/P001_WA02:CDS	RNA polymerase beta' subunit	k141_80232:c3344-1575	P001_WA02_00088

DiscRep_SUB:FEATURE_LOCATION_CONFLICT::Coding region xref gene does not exist
P001_WA02/P001_WA02:CDS	hypothetical protein	k141_80232:c4013-3765	P001_WA02_00089

DiscRep_SUB:FEATURE_LOCATION_CONFLICT::Coding region xref gene does not exist
P001_WA02/P001_WA02:CDS	RNA polymerase beta' subunit	k141_80232:c4443-4006	P001_WA02_00090

DiscRep_SUB:FEATURE_LOCATION_CONFLICT::Coding region xref gene does not exist
P001_WA02/P001_WA02:CDS	RNA polymerase beta subunit	k141_80232:c6533-4470	P001_WA02_00091

DiscRep_SUB:FEATURE_LOCATION_CONFLICT::Coding region xref gene does not exist
P001_WA02/P001_WA02:CDS	hypothetical protein	k141_102238:1237-1440	P001_WA02_00093

DiscRep_SUB:FEATURE_LOCATION_CONFLICT::Coding region xref gene does not exist
P001_WA02/P001_WA02:CDS	hypothetical protein	k141_102238:6110-6286	P001_WA02_00096

DiscRep_SUB:FEATURE_LOCATION_CONFLICT::Coding region xref gene does not exist
P001_WA02/P001_WA02:CDS	hypothetical protein	k141_102238:c6622-6407	P001_WA02_00097

DiscRep_SUB:FEATURE_LOCATION_CONFLICT::Coding region xref gene does not exist
P001_WA02/P001_WA02:CDS	hypothetical protein	k141_102238:9571-9852	P001_WA02_00100

DiscRep_SUB:FEATURE_LOCATION_CONFLICT::Coding region xref gene does not exist
P001_WA02/P001_WA02:CDS	hypothetical protein	k141_102238:c10304-10185	P001_WA02_00101

DiscRep_SUB:FEATURE_LOCATION_CONFLICT::Coding region xref gene does not exist
P001_WA02/P001_WA02:CDS	ribosomal protein S7	k141_102238:11783-12304	P001_WA02_00102

DiscRep_SUB:FEATURE_LOCATION_CONFLICT::Coding region xref gene does not exist
P001_WA02/P001_WA02:CDS	NADH-plastoquinone oxidoreductase subunit 2	k141_102238:12574-13122	P001_WA02_00103

DiscRep_SUB:FEATURE_LOCATION_CONFLICT::Coding region xref gene does not exist
P001_WA02/P001_WA02:CDS	NAD(P)H-quinone oxidoreductase subunit 2, chloroplastic	k141_102238:13119-13490	P001_WA02_00104

DiscRep_SUB:FEATURE_LOCATION_CONFLICT::Coding region xref gene does not exist
P001_WA02/P001_WA02:CDS	NADH-plastoquinone oxidoreductase subunit 2	k141_102238:14012-14263	P001_WA02_00105

DiscRep_SUB:FEATURE_LOCATION_CONFLICT::Coding region xref gene does not exist
P001_WA02/P001_WA02:CDS	NADH-plastoquinone oxidoreductase subunit 2	k141_102238:14338-14790	P001_WA02_00106

DiscRep_SUB:FEATURE_LOCATION_CONFLICT::Coding region xref gene does not exist
P001_WA02/P001_WA02:CDS	hypothetical protein	k141_102238:c22862-16050	P001_WA02_00108

DiscRep_SUB:FEATURE_LOCATION_CONFLICT::Coding region xref gene does not exist
P001_WA02/P001_WA02:CDS	ribosomal protein L23	k141_102238:23190-23471	P001_WA02_00110

DiscRep_SUB:FEATURE_LOCATION_CONFLICT::Coding region xref gene does not exist
P001_WA02/P001_WA02:CDS	ribosomal protein L2	k141_102238:23491-23892	P001_WA02_00111

DiscRep_SUB:FEATURE_LOCATION_CONFLICT::Coding region xref gene does not exist
P001_WA02/P001_WA02:CDS	hypothetical protein	k141_102238:24082-24198	P001_WA02_00112

DiscRep_SUB:FEATURE_LOCATION_CONFLICT::Coding region xref gene does not exist
P001_WA02/P001_WA02:CDS	ribosomal protein L2	k141_102238:24490-24987	P001_WA02_00113

DiscRep_SUB:FEATURE_LOCATION_CONFLICT::RNA feature xref gene does not exist
P001_WA02/P001_WA02:tRNA	Asn	k141_102238:839-912	P001_WA02_00092

DiscRep_SUB:FEATURE_LOCATION_CONFLICT::RNA feature xref gene does not exist
P001_WA02/P001_WA02:tRNA	Arg	k141_102238:c1560-1486	P001_WA02_00094

DiscRep_SUB:FEATURE_LOCATION_CONFLICT::RNA feature xref gene does not exist
P001_WA02/P001_WA02:rRNA	23S ribosomal RNA	k141_102238:c5210-2198	P001_WA02_00095

DiscRep_SUB:FEATURE_LOCATION_CONFLICT::RNA feature xref gene does not exist
P001_WA02/P001_WA02:rRNA	16S ribosomal RNA	k141_102238:c9137-7651	P001_WA02_00098

DiscRep_SUB:FEATURE_LOCATION_CONFLICT::RNA feature xref gene does not exist
P001_WA02/P001_WA02:tRNA	Val	k141_102238:c9446-9375	P001_WA02_00099

DiscRep_SUB:FEATURE_LOCATION_CONFLICT::RNA feature xref gene does not exist
P001_WA02/P001_WA02:tRNA	Leu	k141_102238:15344-15426	P001_WA02_00107

DiscRep_SUB:FEATURE_LOCATION_CONFLICT::RNA feature xref gene does not exist
P001_WA02/P001_WA02:tRNA	Met	k141_102238:22951-23025	P001_WA02_00109

DiscRep_ALL:OVERLAPPING_CDS::2 coding regions overlap another coding region with a similar or identical name.
DiscRep_SUB:OVERLAPPING_CDS::2 coding regions overlap another coding region with a similar or identical name that do not have the appropriate note text
P001_WA02/P001_WA02:CDS	NADH-plastoquinone oxidoreductase subunit J	k141_121245:c23436-23251	P001_WA02_00040
P001_WA02/P001_WA02:CDS	NADH-plastoquinone oxidoreductase subunit J	k141_121245:c23536-23402	P001_WA02_00041

DiscRep_ALL:SUSPECT_PRODUCT_NAMES::2 product_names contain suspect phrase or characters
DiscRep_SUB:SUSPECT_PRODUCT_NAMES::May contain database identifier more appropriate in note; remove from product name
DiscRep_SUB:SUSPECT_PRODUCT_NAMES::2 features contains three or more numbers together that may be identifiers more appropriate in note
P001_WA02/P001_WA02:CDS	photosystem I P700 apoprotein A2	k141_121245:c13753-11549	P001_WA02_00029
P001_WA02/P001_WA02:CDS	photosystem I P700 apoprotein A1	k141_121245:c16031-13779	P001_WA02_00030

DiscRep_ALL:DISC_QUALITY_SCORES::Quality scores are missing on all sequences.

DiscRep_ALL:ONCALLER_COMMENT_PRESENT::6 comment descriptors were found (all same)
P001_WA02/P001_WA02:k141_7677:Annotated using prokka 1.14.5 from https://github.com/tseemann/prokka
P001_WA02/P001_WA02:k141_121245:Annotated using prokka 1.14.5 from https://github.com/tseemann/prokka
P001_WA02/P001_WA02:k141_8409:Annotated using prokka 1.14.5 from https://github.com/tseemann/prokka
P001_WA02/P001_WA02:k141_8518:Annotated using prokka 1.14.5 from https://github.com/tseemann/prokka
P001_WA02/P001_WA02:k141_80232:Annotated using prokka 1.14.5 from https://github.com/tseemann/prokka
P001_WA02/P001_WA02:k141_102238:Annotated using prokka 1.14.5 from https://github.com/tseemann/prokka

DiscRep_ALL:SHORT_PROT_SEQUENCES::14 protein sequences are shorter than 50 aa.
P001_WA02/P001_WA02:k141_121245_2 (length 29)
P001_WA02/P001_WA02:k141_121245_10 (length 44)
P001_WA02/P001_WA02:k141_121245_14 (length 46)
P001_WA02/P001_WA02:k141_121245_16 (length 44)
P001_WA02/P001_WA02:k141_121245_17 (length 44)
P001_WA02/P001_WA02:k141_121245_20 (length 48)
P001_WA02/P001_WA02:k141_121245_29 (length 40)
P001_WA02/P001_WA02:k141_121245_30 (length 39)
P001_WA02/P001_WA02:k141_8409_1 (length 44)
P001_WA02/P001_WA02:k141_8409_2 (length 37)
P001_WA02/P001_WA02:k141_8409_3 (length 44)
P001_WA02/P001_WA02:k141_8518_4 (length 49)
P001_WA02/P001_WA02:k141_102238_5 (length 39)
P001_WA02/P001_WA02:k141_102238_14 (length 38)

DiscRep_ALL:MISSING_GENOMEASSEMBLY_COMMENTS::6 bioseqs are missing GenomeAssembly structured comments
P001_WA02/P001_WA02:k141_7677 (length 19565)
P001_WA02/P001_WA02:k141_121245 (length 38919)
P001_WA02/P001_WA02:k141_8409 (length 19122)
P001_WA02/P001_WA02:k141_8518 (length 11395)
P001_WA02/P001_WA02:k141_80232 (length 6591)
P001_WA02/P001_WA02:k141_102238 (length 25140)

DiscRep_ALL:MOLTYPE_NOT_MRNA::6 molecule types are not set as mRNA.
P001_WA02/P001_WA02:k141_7677 (length 19565)
P001_WA02/P001_WA02:k141_121245 (length 38919)
P001_WA02/P001_WA02:k141_8409 (length 19122)
P001_WA02/P001_WA02:k141_8518 (length 11395)
P001_WA02/P001_WA02:k141_80232 (length 6591)
P001_WA02/P001_WA02:k141_102238 (length 25140)

DiscRep_ALL:TECHNIQUE_NOT_TSA::6 technique are not set as TSA
P001_WA02/P001_WA02:k141_7677 (length 19565)
P001_WA02/P001_WA02:k141_121245 (length 38919)
P001_WA02/P001_WA02:k141_8409 (length 19122)
P001_WA02/P001_WA02:k141_8518 (length 11395)
P001_WA02/P001_WA02:k141_80232 (length 6591)
P001_WA02/P001_WA02:k141_102238 (length 25140)

DiscRep_ALL:MISSING_STRUCTURED_COMMENT::6 sequences do not include structured comments.
P001_WA02/P001_WA02:k141_7677 (length 19565)
P001_WA02/P001_WA02:k141_121245 (length 38919)
P001_WA02/P001_WA02:k141_8409 (length 19122)
P001_WA02/P001_WA02:k141_8518 (length 11395)
P001_WA02/P001_WA02:k141_80232 (length 6591)
P001_WA02/P001_WA02:k141_102238 (length 25140)

DiscRep_ALL:MISSING_PROJECT::93 sequences do not include project.
P001_WA02/P001_WA02:k141_7677 (length 19565)
P001_WA02/P001_WA02:k141_7677_1 (length 352)
P001_WA02/P001_WA02:k141_7677_2 (length 510)
P001_WA02/P001_WA02:k141_7677_3 (length 62)
P001_WA02/P001_WA02:k141_7677_4 (length 507)
P001_WA02/P001_WA02:k141_7677_5 (length 124)
P001_WA02/P001_WA02:k141_7677_6 (length 56)
P001_WA02/P001_WA02:k141_7677_7 (length 81)
P001_WA02/P001_WA02:k141_7677_8 (length 247)
P001_WA02/P001_WA02:k141_7677_9 (length 236)
P001_WA02/P001_WA02:k141_7677_10 (length 925)
P001_WA02/P001_WA02:k141_121245 (length 38919)
P001_WA02/P001_WA02:k141_121245_1 (length 123)
P001_WA02/P001_WA02:k141_121245_2 (length 29)
P001_WA02/P001_WA02:k141_121245_3 (length 353)
P001_WA02/P001_WA02:k141_121245_4 (length 461)
P001_WA02/P001_WA02:k141_121245_5 (length 123)
P001_WA02/P001_WA02:k141_121245_6 (length 85)
P001_WA02/P001_WA02:k141_121245_7 (length 734)
P001_WA02/P001_WA02:k141_121245_8 (length 750)
P001_WA02/P001_WA02:k141_121245_9 (length 82)
P001_WA02/P001_WA02:k141_121245_10 (length 44)
P001_WA02/P001_WA02:k141_121245_11 (length 65)
P001_WA02/P001_WA02:k141_121245_12 (length 201)
P001_WA02/P001_WA02:k141_121245_13 (length 71)
P001_WA02/P001_WA02:k141_121245_14 (length 46)
P001_WA02/P001_WA02:k141_121245_15 (length 61)
P001_WA02/P001_WA02:k141_121245_16 (length 44)
P001_WA02/P001_WA02:k141_121245_17 (length 44)
P001_WA02/P001_WA02:k141_121245_18 (length 62)
P001_WA02/P001_WA02:k141_121245_19 (length 65)
P001_WA02/P001_WA02:k141_121245_20 (length 48)
P001_WA02/P001_WA02:k141_121245_21 (length 133)
P001_WA02/P001_WA02:k141_121245_22 (length 498)
P001_WA02/P001_WA02:k141_121245_23 (length 483)
P001_WA02/P001_WA02:k141_121245_24 (length 507)
P001_WA02/P001_WA02:k141_121245_25 (length 102)
P001_WA02/P001_WA02:k141_121245_26 (length 184)
P001_WA02/P001_WA02:k141_121245_27 (length 228)
P001_WA02/P001_WA02:k141_121245_28 (length 320)
P001_WA02/P001_WA02:k141_121245_29 (length 40)
P001_WA02/P001_WA02:k141_121245_30 (length 39)
P001_WA02/P001_WA02:k141_8409 (length 19122)
P001_WA02/P001_WA02:k141_8409_1 (length 44)
P001_WA02/P001_WA02:k141_8409_2 (length 37)
P001_WA02/P001_WA02:k141_8409_3 (length 44)
P001_WA02/P001_WA02:k141_8409_4 (length 101)
P001_WA02/P001_WA02:k141_8409_5 (length 128)
P001_WA02/P001_WA02:k141_8409_6 (length 142)
P001_WA02/P001_WA02:k141_8409_7 (length 129)
P001_WA02/P001_WA02:k141_8409_8 (length 508)
P001_WA02/P001_WA02:k141_8409_9 (length 73)
P001_WA02/P001_WA02:k141_8409_10 (length 62)
P001_WA02/P001_WA02:k141_8409_11 (length 162)
P001_WA02/P001_WA02:k141_8409_12 (length 170)
P001_WA02/P001_WA02:k141_8409_13 (length 337)
P001_WA02/P001_WA02:k141_8409_14 (length 138)
P001_WA02/P001_WA02:k141_8409_15 (length 63)
P001_WA02/P001_WA02:k141_8409_16 (length 77)
P001_WA02/P001_WA02:k141_8409_17 (length 134)
P001_WA02/P001_WA02:k141_8409_18 (length 122)
P001_WA02/P001_WA02:k141_8409_19 (length 119)
P001_WA02/P001_WA02:k141_8409_20 (length 220)
P001_WA02/P001_WA02:k141_8409_21 (length 156)
P001_WA02/P001_WA02:k141_8409_22 (length 92)
P001_WA02/P001_WA02:k141_8518 (length 11395)
P001_WA02/P001_WA02:k141_8518_1 (length 319)
P001_WA02/P001_WA02:k141_8518_2 (length 90)
P001_WA02/P001_WA02:k141_8518_3 (length 81)
P001_WA02/P001_WA02:k141_8518_4 (length 49)
P001_WA02/P001_WA02:k141_8518_5 (length 90)
P001_WA02/P001_WA02:k141_8518_6 (length 1640)
P001_WA02/P001_WA02:k141_80232 (length 6591)
P001_WA02/P001_WA02:k141_80232_1 (length 589)
P001_WA02/P001_WA02:k141_80232_2 (length 82)
P001_WA02/P001_WA02:k141_80232_3 (length 145)
P001_WA02/P001_WA02:k141_80232_4 (length 687)
P001_WA02/P001_WA02:k141_102238 (length 25140)
P001_WA02/P001_WA02:k141_102238_1 (length 67)
P001_WA02/P001_WA02:k141_102238_2 (length 58)
P001_WA02/P001_WA02:k141_102238_3 (length 71)
P001_WA02/P001_WA02:k141_102238_4 (length 93)
P001_WA02/P001_WA02:k141_102238_5 (length 39)
P001_WA02/P001_WA02:k141_102238_6 (length 173)
P001_WA02/P001_WA02:k141_102238_7 (length 182)
P001_WA02/P001_WA02:k141_102238_8 (length 123)
P001_WA02/P001_WA02:k141_102238_9 (length 83)
P001_WA02/P001_WA02:k141_102238_10 (length 150)
P001_WA02/P001_WA02:k141_102238_11 (length 2270)
P001_WA02/P001_WA02:k141_102238_12 (length 93)
P001_WA02/P001_WA02:k141_102238_13 (length 133)
P001_WA02/P001_WA02:k141_102238_14 (length 38)
P001_WA02/P001_WA02:k141_102238_15 (length 165)

DiscRep_ALL:DISC_INCONSISTENT_MOLINFO_TECH::Molinfo Technique Report (some missing, all same)
DiscRep_SUB:DISC_INCONSISTENT_MOLINFO_TECH::technique (all missing)
DiscRep_SUB:DISC_INCONSISTENT_MOLINFO_TECH::6 Molinfos are missing field technique
P001_WA02/P001_WA02:k141_7677 (length 19565)
P001_WA02/P001_WA02:k141_8409 (length 19122)
P001_WA02/P001_WA02:k141_8518 (length 11395)
P001_WA02/P001_WA02:k141_80232 (length 6591)
P001_WA02/P001_WA02:k141_102238 (length 25140)
P001_WA02/P001_WA02:k141_121245 (length 38919)

