[16:10:49] This is prokka 1.14.5
[16:10:49] Written by Torsten Seemann <torsten.seemann@gmail.com>
[16:10:49] Homepage is https://github.com/tseemann/prokka
[16:10:49] Local time is Fri Nov 26 16:10:49 2021
[16:10:49] You are ruud
[16:10:49] Operating system is linux
[16:10:49] You have BioPerl 1.7.8
[16:10:49] System has 40 cores.
[16:10:49] Will use maximum of 40 cores.
[16:10:49] Annotating as >>> Bacteria <<<
[16:10:49] Creating new output folder: P001_WA02
[16:10:49] Running: mkdir -p P001_WA02
[16:10:49] Using filename prefix: P001_WA02.XXX
[16:10:49] Setting HMMER_NCPU=1
[16:10:49] Writing log to: P001_WA02/P001_WA02.log
[16:10:49] Command: /usr/local/packages/prokka-1.14.5/bin/prokka --cpus 40 --prefix P001_WA02 --Kingdom Bacteria --locustag P001_WA02 --proteins vaccinium.gb ../02_Blast/chloroplast_contigs_rapid_genomics_run2/P001_WA02_chloroplast_contigs.fa
[16:10:49] Appending to PATH: /home/local/packages/prokka-1.14.5/bin/../binaries/linux
[16:10:49] Appending to PATH: /home/local/packages/prokka-1.14.5/bin/../binaries/linux/../common
[16:10:49] Appending to PATH: /home/local/packages/prokka-1.14.5/bin
[16:10:49] Looking for 'aragorn' - found /usr/local/packages/Anaconda3-2019.10/bin/aragorn
[16:10:49] Determined aragorn version is 001002 from 'ARAGORN v1.2.38 Dean Laslett'
[16:10:49] Looking for 'barrnap' - found /usr/local/packages/Anaconda3-2019.10/bin/barrnap
[16:10:49] Determined barrnap version is 000009 from 'barrnap 0.9'
[16:10:49] Looking for 'blastp' - found /usr/local/packages/Anaconda3-2019.10/bin/blastp
[16:10:49] Determined blastp version is 002011 from 'blastp: 2.11.0+'
[16:10:49] Looking for 'cmpress' - found /usr/local/packages/Anaconda3-2019.10/bin/cmpress
[16:10:49] Determined cmpress version is 001001 from '# INFERNAL 1.1.2 (July 2016)'
[16:10:49] Looking for 'cmscan' - found /usr/local/packages/Anaconda3-2019.10/bin/cmscan
[16:10:49] Determined cmscan version is 001001 from '# INFERNAL 1.1.2 (July 2016)'
[16:10:49] Looking for 'egrep' - found /bin/egrep
[16:10:49] Looking for 'find' - found /bin/find
[16:10:49] Looking for 'grep' - found /bin/grep
[16:10:49] Looking for 'hmmpress' - found /usr/local/packages/Anaconda3-2019.10/bin/hmmpress
[16:10:49] Determined hmmpress version is 003003 from '# HMMER 3.3.2 (Nov 2020); http://hmmer.org/'
[16:10:49] Looking for 'hmmscan' - found /usr/local/packages/Anaconda3-2019.10/bin/hmmscan
[16:10:49] Determined hmmscan version is 003003 from '# HMMER 3.3.2 (Nov 2020); http://hmmer.org/'
[16:10:49] Looking for 'java' - found /usr/local/packages/jdk1.8.0_191/bin/java
[16:10:49] Looking for 'makeblastdb' - found /usr/local/packages/Anaconda3-2019.10/bin/makeblastdb
[16:10:50] Determined makeblastdb version is 002011 from 'makeblastdb: 2.11.0+'
[16:10:50] Looking for 'minced' - found /usr/local/packages/Anaconda3-2019.10/bin/minced
[16:10:50] Determined minced version is 004002 from 'minced 0.4.2'
[16:10:50] Looking for 'parallel' - found /usr/local/packages/Anaconda3-2019.10/bin/parallel
[16:10:51] Determined parallel version is 20210822 from 'GNU parallel 20210822'
[16:10:51] Looking for 'prodigal' - found /usr/local/packages/Anaconda3-2019.10/bin/prodigal
[16:10:51] Determined prodigal version is 002006 from 'Prodigal V2.6.3: February, 2016'
[16:10:51] Looking for 'prokka-genbank_to_fasta_db' - found /usr/local/packages/prokka-1.14.5/bin/prokka-genbank_to_fasta_db
[16:10:51] Looking for 'sed' - found /bin/sed
[16:10:51] Looking for 'tbl2asn' - found /usr/local/packages/Anaconda3-2019.10/bin/tbl2asn
[16:10:51] Determined tbl2asn version is 025008 from 'tbl2asn 25.8   arguments:'
[16:10:51] Using genetic code table 11.
[16:10:51] Loading and checking input file: ../02_Blast/chloroplast_contigs_rapid_genomics_run2/P001_WA02_chloroplast_contigs.fa
[16:10:51] Wrote 6 contigs totalling 120732 bp.
[16:10:51] Predicting tRNAs and tmRNAs
[16:10:51] Running: aragorn -l -gc11  -w P001_WA02\/P001_WA02\.fna
[16:10:51] 1 tRNA-His c[144,218] 35 (gtg)
[16:10:51] 2 tRNA-Gln c[7408,7481] 33 (ttg)
[16:10:51] 3 tRNA-Ser c[8577,8664] 35 (gct)
[16:10:51] 4 tRNA-Arg [10283,10354] 34 (tct)
[16:10:51] 1 tRNA-Cys [2339,2409] 33 (gca)
[16:10:51] 2 tRNA-Asp c[4895,4968] 35 (gtc)
[16:10:51] 3 tRNA-Tyr c[5033,5118] 36 (gta)
[16:10:51] 4 tRNA-Glu c[5183,5255] 35 (ttc)
[16:10:51] 5 tRNA-Thr [5848,5921] 34 (ggt)
[16:10:51] 6 tRNA-Ser c[9868,9960] 35 (tga)
[16:10:51] 7 tRNA-Gly [10667,10737] 33 (gcc)
[16:10:51] 8 tRNA-Met c[10911,10985] 35 (cat)
[16:10:51] 9 tRNA-Ser [19512,19599] 35 (gga)
[16:10:51] 10 tRNA-Thr c[20779,20853] 35 (tgt)
[16:10:51] 11 tRNA-Phe [22500,22572] 34 (gaa)
[16:10:51] 12 tRNA-Met [26231,26303] 34 (cat)
[16:10:51] 1 tRNA-Trp c[1508,1581] 35 (cca)
[16:10:51] 2 tRNA-Pro c[1736,1811] 35 (tgg)
[16:10:51] 1 tRNA-Leu [1365,1444] 35 (tag)
[16:10:51] 1 tRNA-Asn [839,912] 34 (gtt)
[16:10:51] 2 tRNA-Arg c[1486,1560] 35 (acg)
[16:10:51] 3 tRNA-Val c[9375,9446] 33 (gac)
[16:10:51] 4 tRNA-Leu [15344,15426] 35 (caa)
[16:10:51] 5 tRNA-Met [22951,23025] 34 (cat)
[16:10:51] Found 24 tRNAs
[16:10:51] Predicting Ribosomal RNAs
[16:10:51] Running Barrnap with 40 threads
[16:10:52] 1 k141_102238 2198 23S ribosomal RNA
[16:10:52] 2 k141_102238 7651 16S ribosomal RNA
[16:10:52] Found 2 rRNAs
[16:10:52] Skipping ncRNA search, enable with --rfam if desired.
[16:10:52] Total of 26 tRNA + rRNA features
[16:10:52] Searching for CRISPR repeats
[16:10:52] Found 0 CRISPRs
[16:10:52] Predicting coding sequences
[16:10:52] Contigs total 120732 bp, so using single mode
[16:10:52] Running: prodigal -i P001_WA02\/P001_WA02\.fna -c -m -g 11 -p single -f sco -q
[16:10:52] Excluding CDS which overlaps existing RNA (tRNA) at k141_7677:52..228 on + strand
[16:10:52] Excluding CDS which overlaps existing RNA (tRNA) at k141_121245:22497..22616 on + strand
[16:10:52] Excluding CDS which overlaps existing RNA (tRNA) at k141_102238:818..946 on + strand
[16:10:52] Excluding CDS which overlaps existing RNA (rRNA) at k141_102238:2145..2540 on + strand
[16:10:52] Excluding CDS which overlaps existing RNA (rRNA) at k141_102238:3913..4083 on + strand
[16:10:52] Excluding CDS which overlaps existing RNA (rRNA) at k141_102238:4100..4276 on - strand
[16:10:52] Excluding CDS which overlaps existing RNA (rRNA) at k141_102238:4985..5308 on - strand
[16:10:52] Excluding CDS which overlaps existing RNA (rRNA) at k141_102238:8292..8687 on + strand
[16:10:52] Excluding CDS which overlaps existing RNA (rRNA) at k141_102238:9090..9287 on - strand
[16:10:52] Found 87 CDS
[16:10:52] Connecting features back to sequences
[16:10:52] Not using genus-specific database. Try --usegenus to enable it.
[16:10:52] Preparing user-supplied primary BLAST annotation source: vaccinium.gb
[16:10:52] Guessed source was in genbank format.
[16:10:52] Converting genbank 'vaccinium.gb' into Prokka FASTA 'P001_WA02/proteins.faa'
[16:10:52] Running: prokka-genbank_to_fasta_db --format genbank vaccinium\.gb > P001_WA02\/proteins\.faa 2> /dev/null
[16:10:53] Running: makeblastdb -dbtype prot -in P001_WA02\/proteins\.faa -out P001_WA02\/proteins -logfile /dev/null
[16:10:53] Using /inference source as 'vaccinium.gb'
[16:10:53] Annotating CDS, please be patient.
[16:10:53] Will use 40 CPUs for similarity searching.
[16:10:54] There are still 87 unannotated CDS left (started with 87)
[16:10:54] Will use blast to search against P001_WA02/proteins with 40 CPUs
[16:10:54] Running: cat P001_WA02\/P001_WA02\.proteins\.tmp\.29294\.faa | parallel --gnu --plain -j 40 --block 251 --recstart '>' --pipe blastp -query - -db P001_WA02/proteins -evalue 1e-09 -qcov_hsp_perc 80 -num_threads 1 -num_descriptions 1 -num_alignments 1 -seg no > P001_WA02\/P001_WA02\.proteins\.tmp\.29294\.blast 2> /dev/null
[16:10:55] Deleting unwanted file: P001_WA02/P001_WA02.proteins.tmp.29294.faa
[16:10:55] Deleting unwanted file: P001_WA02/P001_WA02.proteins.tmp.29294.blast
[16:10:55] There are still 27 unannotated CDS left (started with 87)
[16:10:55] Will use blast to search against /home/local/packages/prokka-1.14.5/db/kingdom/Bacteria/IS with 40 CPUs
[16:10:55] Running: cat P001_WA02\/P001_WA02\.IS\.tmp\.29294\.faa | parallel --gnu --plain -j 40 --block 83 --recstart '>' --pipe blastp -query - -db /home/local/packages/prokka-1.14.5/db/kingdom/Bacteria/IS -evalue 1e-30 -qcov_hsp_perc 90 -num_threads 1 -num_descriptions 1 -num_alignments 1 -seg no > P001_WA02\/P001_WA02\.IS\.tmp\.29294\.blast 2> /dev/null
[16:10:56] Deleting unwanted file: P001_WA02/P001_WA02.IS.tmp.29294.faa
[16:10:56] Deleting unwanted file: P001_WA02/P001_WA02.IS.tmp.29294.blast
[16:10:56] There are still 27 unannotated CDS left (started with 87)
[16:10:56] Will use blast to search against /home/local/packages/prokka-1.14.5/db/kingdom/Bacteria/AMR with 40 CPUs
[16:10:56] Running: cat P001_WA02\/P001_WA02\.AMR\.tmp\.29294\.faa | parallel --gnu --plain -j 40 --block 83 --recstart '>' --pipe blastp -query - -db /home/local/packages/prokka-1.14.5/db/kingdom/Bacteria/AMR -evalue 1e-300 -qcov_hsp_perc 90 -num_threads 1 -num_descriptions 1 -num_alignments 1 -seg no > P001_WA02\/P001_WA02\.AMR\.tmp\.29294\.blast 2> /dev/null
[16:10:58] Deleting unwanted file: P001_WA02/P001_WA02.AMR.tmp.29294.faa
[16:10:58] Deleting unwanted file: P001_WA02/P001_WA02.AMR.tmp.29294.blast
[16:10:58] There are still 27 unannotated CDS left (started with 87)
[16:10:58] Will use blast to search against /home/local/packages/prokka-1.14.5/db/kingdom/Bacteria/sprot with 40 CPUs
[16:10:58] Running: cat P001_WA02\/P001_WA02\.sprot\.tmp\.29294\.faa | parallel --gnu --plain -j 40 --block 83 --recstart '>' --pipe blastp -query - -db /home/local/packages/prokka-1.14.5/db/kingdom/Bacteria/sprot -evalue 1e-09 -qcov_hsp_perc 80 -num_threads 1 -num_descriptions 1 -num_alignments 1 -seg no > P001_WA02\/P001_WA02\.sprot\.tmp\.29294\.blast 2> /dev/null
[16:10:59] Deleting unwanted file: P001_WA02/P001_WA02.sprot.tmp.29294.faa
[16:10:59] Deleting unwanted file: P001_WA02/P001_WA02.sprot.tmp.29294.blast
[16:10:59] There are still 25 unannotated CDS left (started with 87)
[16:10:59] Will use hmmer3 to search against /home/local/packages/prokka-1.14.5/db/hmm/HAMAP.hmm with 40 CPUs
[16:10:59] Running: cat P001_WA02\/P001_WA02\.HAMAP\.hmm\.tmp\.29294\.faa | parallel --gnu --plain -j 40 --block 77 --recstart '>' --pipe hmmscan --noali --notextw --acc -E 1e-09 --cpu 1 /home/local/packages/prokka-1.14.5/db/hmm/HAMAP.hmm /dev/stdin > P001_WA02\/P001_WA02\.HAMAP\.hmm\.tmp\.29294\.hmmer3 2> /dev/null
[16:11:00] Deleting unwanted file: P001_WA02/P001_WA02.HAMAP.hmm.tmp.29294.faa
[16:11:00] Deleting unwanted file: P001_WA02/P001_WA02.HAMAP.hmm.tmp.29294.hmmer3
[16:11:00] Deleting unwanted file: P001_WA02/proteins.psq
[16:11:00] Deleting unwanted file: P001_WA02/proteins.phr
[16:11:00] Deleting unwanted file: P001_WA02/proteins.pin
[16:11:00] Labelling remaining 20 proteins as 'hypothetical protein'
[16:11:00] Possible /pseudo 'ATP synthase CF0 subunit I' at k141_7677 position 13145
[16:11:00] Possible /pseudo 'hypothetical chloroplast RF34' at k141_121245 position 18500
[16:11:00] Possible /pseudo 'NADH-plastoquinone oxidoreductase subunit J' at k141_121245 position 23402
[16:11:00] Possible /pseudo 'ATP-dependent Clp protease proteolytic subunit' at k141_8409 position 5970
[16:11:00] Possible /pseudo 'NADH-plastoquinone oxidoreductase subunit 2' at k141_102238 position 14338
[16:11:00] Found 58 unique /gene codes.
[16:11:00] Fixed 4 duplicate /gene - ndhB_1 ndhB_2 ndhB_3 ndhB_4
[16:11:00] Fixed 2 duplicate /gene - ndhJ_1 ndhJ_2
[16:11:00] Fixed 2 duplicate /gene - rpl2_1 rpl2_2
[16:11:00] Fixed 2 duplicate /gene - rpoC1_1 rpoC1_2
[16:11:00] Fixed 2 duplicate /gene - ycf3_1 ycf3_2
[16:11:00] Fixed 2 duplicate /gene - atpF_1 atpF_2
[16:11:00] Fixed 2 duplicate /gene - clpP_1 clpP_2
[16:11:00] Fixed 7 colliding /gene names.
[16:11:00] Adding /locus_tag identifiers
[16:11:00] Assigned 113 locus_tags to CDS and RNA features.
[16:11:00] Writing outputs to P001_WA02/
[16:11:00] Generating annotation statistics file
[16:11:00] Generating Genbank and Sequin files
[16:11:00] Running: tbl2asn -V b -a r10k -l paired-ends -M n -N 1 -y 'Annotated using prokka 1.14.5 from https://github.com/tseemann/prokka' -Z P001_WA02\/P001_WA02\.err -i P001_WA02\/P001_WA02\.fsa 2> /dev/null
[16:11:01] Deleting unwanted file: P001_WA02/errorsummary.val
[16:11:01] Deleting unwanted file: P001_WA02/P001_WA02.dr
[16:11:01] Deleting unwanted file: P001_WA02/P001_WA02.fixedproducts
[16:11:01] Deleting unwanted file: P001_WA02/P001_WA02.ecn
[16:11:01] Deleting unwanted file: P001_WA02/P001_WA02.val
[16:11:01] Repairing broken .GBK output that tbl2asn produces...
[16:11:01] Running: sed 's/COORDINATES: profile/COORDINATES:profile/' < P001_WA02\/P001_WA02\.gbf > P001_WA02\/P001_WA02\.gbk
[16:11:01] Deleting unwanted file: P001_WA02/P001_WA02.gbf
[16:11:01] Output files:
[16:11:01] P001_WA02/P001_WA02.gff
[16:11:01] P001_WA02/P001_WA02.gbk
[16:11:01] P001_WA02/P001_WA02.tbl
[16:11:01] P001_WA02/P001_WA02.err
[16:11:01] P001_WA02/P001_WA02.ffn
[16:11:01] P001_WA02/P001_WA02.tsv
[16:11:01] P001_WA02/P001_WA02.sqn
[16:11:01] P001_WA02/P001_WA02.fsa
[16:11:01] P001_WA02/P001_WA02.log
[16:11:01] P001_WA02/P001_WA02.faa
[16:11:01] P001_WA02/P001_WA02.txt
[16:11:01] P001_WA02/P001_WA02.fna
[16:11:01] Annotation finished successfully.
[16:11:01] Walltime used: 0.20 minutes
[16:11:01] If you use this result please cite the Prokka paper:
[16:11:01] Seemann T (2014) Prokka: rapid prokaryotic genome annotation. Bioinformatics. 30(14):2068-9.
[16:11:01] Type 'prokka --citation' for more details.
[16:11:01] Thank you, come again.
