[17:02:38] This is prokka 1.14.5
[17:02:38] Written by Torsten Seemann <torsten.seemann@gmail.com>
[17:02:38] Homepage is https://github.com/tseemann/prokka
[17:02:38] Local time is Fri Nov 26 17:02:38 2021
[17:02:38] You are ruud
[17:02:38] Operating system is linux
[17:02:38] You have BioPerl 1.7.8
[17:02:38] System has 40 cores.
[17:02:38] Will use maximum of 40 cores.
[17:02:38] Annotating as >>> Bacteria <<<
[17:02:38] Creating new output folder: P003_WC09
[17:02:38] Running: mkdir -p P003_WC09
[17:02:38] Using filename prefix: P003_WC09.XXX
[17:02:38] Setting HMMER_NCPU=1
[17:02:38] Writing log to: P003_WC09/P003_WC09.log
[17:02:38] Command: /usr/local/packages/prokka-1.14.5/bin/prokka --cpus 40 --prefix P003_WC09 --Kingdom Bacteria --locustag P003_WC09 --proteins vaccinium.gb ../02_Blast/chloroplast_contigs_rapid_genomics_run2/P003_WC09_chloroplast_contigs.fa
[17:02:38] Appending to PATH: /home/local/packages/prokka-1.14.5/bin/../binaries/linux
[17:02:38] Appending to PATH: /home/local/packages/prokka-1.14.5/bin/../binaries/linux/../common
[17:02:38] Appending to PATH: /home/local/packages/prokka-1.14.5/bin
[17:02:38] Looking for 'aragorn' - found /usr/local/packages/Anaconda3-2019.10/bin/aragorn
[17:02:38] Determined aragorn version is 001002 from 'ARAGORN v1.2.38 Dean Laslett'
[17:02:38] Looking for 'barrnap' - found /usr/local/packages/Anaconda3-2019.10/bin/barrnap
[17:02:38] Determined barrnap version is 000009 from 'barrnap 0.9'
[17:02:38] Looking for 'blastp' - found /usr/local/packages/Anaconda3-2019.10/bin/blastp
[17:02:38] Determined blastp version is 002011 from 'blastp: 2.11.0+'
[17:02:38] Looking for 'cmpress' - found /usr/local/packages/Anaconda3-2019.10/bin/cmpress
[17:02:38] Determined cmpress version is 001001 from '# INFERNAL 1.1.2 (July 2016)'
[17:02:38] Looking for 'cmscan' - found /usr/local/packages/Anaconda3-2019.10/bin/cmscan
[17:02:39] Determined cmscan version is 001001 from '# INFERNAL 1.1.2 (July 2016)'
[17:02:39] Looking for 'egrep' - found /bin/egrep
[17:02:39] Looking for 'find' - found /bin/find
[17:02:39] Looking for 'grep' - found /bin/grep
[17:02:39] Looking for 'hmmpress' - found /usr/local/packages/Anaconda3-2019.10/bin/hmmpress
[17:02:39] Determined hmmpress version is 003003 from '# HMMER 3.3.2 (Nov 2020); http://hmmer.org/'
[17:02:39] Looking for 'hmmscan' - found /usr/local/packages/Anaconda3-2019.10/bin/hmmscan
[17:02:39] Determined hmmscan version is 003003 from '# HMMER 3.3.2 (Nov 2020); http://hmmer.org/'
[17:02:39] Looking for 'java' - found /usr/local/packages/jdk1.8.0_191/bin/java
[17:02:39] Looking for 'makeblastdb' - found /usr/local/packages/Anaconda3-2019.10/bin/makeblastdb
[17:02:39] Determined makeblastdb version is 002011 from 'makeblastdb: 2.11.0+'
[17:02:39] Looking for 'minced' - found /usr/local/packages/Anaconda3-2019.10/bin/minced
[17:02:39] Determined minced version is 004002 from 'minced 0.4.2'
[17:02:39] Looking for 'parallel' - found /usr/local/packages/Anaconda3-2019.10/bin/parallel
[17:02:40] Determined parallel version is 20210822 from 'GNU parallel 20210822'
[17:02:40] Looking for 'prodigal' - found /usr/local/packages/Anaconda3-2019.10/bin/prodigal
[17:02:40] Determined prodigal version is 002006 from 'Prodigal V2.6.3: February, 2016'
[17:02:40] Looking for 'prokka-genbank_to_fasta_db' - found /usr/local/packages/prokka-1.14.5/bin/prokka-genbank_to_fasta_db
[17:02:40] Looking for 'sed' - found /bin/sed
[17:02:40] Looking for 'tbl2asn' - found /usr/local/packages/Anaconda3-2019.10/bin/tbl2asn
[17:02:40] Determined tbl2asn version is 025008 from 'tbl2asn 25.8   arguments:'
[17:02:40] Using genetic code table 11.
[17:02:40] Loading and checking input file: ../02_Blast/chloroplast_contigs_rapid_genomics_run2/P003_WC09_chloroplast_contigs.fa
[17:02:40] Wrote 15 contigs totalling 142580 bp.
[17:02:40] Predicting tRNAs and tmRNAs
[17:02:40] Running: aragorn -l -gc11  -w P003_WC09\/P003_WC09\.fna
[17:02:40] 1 tRNA-Met [290,367] 36 (cat)
[17:02:40] 2 tRNA-Gly c[509,580] 33 (gcc)
[17:02:40] 3 tRNA-Ser [1349,1436] 35 (tga)
[17:02:40] 4 tRNA-Thr c[5369,5441] 33 (agt)
[17:02:40] 5 tRNA-Glu [6393,6464] 34 (ttc)
[17:02:40] 6 tRNA-Tyr [6575,6658] 35 (gta)
[17:02:40] 7 tRNA-Asp [7109,7184] 36 (gtc)
[17:02:40] 8 tRNA-Cys c[9290,9360] 33 (gca)
[17:02:40] 1 tRNA-Leu c[1107,1189] 35 (caa)
[17:02:40] 1 tRNA-Gln [1482,1555] 33 (ttg)
[17:02:40] 2 tRNA-Gln [1692,1765] 33 (ttg)
[17:02:40] 3 tRNA-Trp c[11344,11417] 35 (cca)
[17:02:40] 4 tRNA-Pro c[11516,11591] 35 (tgg)
[17:02:40] 1 tRNA-Phe c[9485,9557] 34 (gaa)
[17:02:40] 2 tRNA-Thr [11201,11275] 35 (tgt)
[17:02:40] 3 tRNA-Arg c[17340,17411] 34 (tct)
[17:02:40] 4 tRNA-Ser [19786,19874] 35 (gct)
[17:02:40] 1 tRNA-Val c[266,337] 33 (gac)
[17:02:40] 2 tRNA-Met c[4753,4827] 35 (cat)
[17:02:40] 1 tRNA-Ser [4062,4148] 35 (gga)
[17:02:40] 1 tRNA-Leu [4044,4124] 35 (tag)
[17:02:40] 1 tRNA-Met [2178,2252] 34 (cat)
[17:02:40] 2 tRNA-His c[4649,4723] 35 (gtg)
[17:02:40] 1 tRNA-Arg [7831,7905] 36 (acg)
[17:02:40] 2 tRNA-Asn c[8892,8965] 34 (gtt)
[17:02:40] Found 25 tRNAs
[17:02:40] Predicting Ribosomal RNAs
[17:02:40] Running Barrnap with 40 threads
[17:02:41] 1 k141_97483 52 16S ribosomal RNA
[17:02:41] 2 k141_97483 3979 23S ribosomal RNA
[17:02:41] Found 2 rRNAs
[17:02:41] Skipping ncRNA search, enable with --rfam if desired.
[17:02:41] Total of 27 tRNA + rRNA features
[17:02:41] Searching for CRISPR repeats
[17:02:41] Found 0 CRISPRs
[17:02:41] Predicting coding sequences
[17:02:41] Contigs total 142580 bp, so using single mode
[17:02:41] Running: prodigal -i P003_WC09\/P003_WC09\.fna -c -m -g 11 -p single -f sco -q
[17:02:41] Excluding CDS which overlaps existing RNA (tRNA) at k141_25879:432..644 on - strand
[17:02:41] Excluding CDS which overlaps existing RNA (tRNA) at k141_25879:1363..1557 on + strand
[17:02:41] Excluding CDS which overlaps existing RNA (tRNA) at k141_25879:6371..6550 on + strand
[17:02:41] Excluding CDS which overlaps existing RNA (tRNA) at k141_56982:1073..1213 on - strand
[17:02:41] Excluding CDS which overlaps existing RNA (tRNA) at k141_62955:1432..1602 on + strand
[17:02:41] Excluding CDS which overlaps existing RNA (tRNA) at k141_20142:2184..2408 on + strand
[17:02:41] Excluding CDS which overlaps existing RNA (tRNA) at k141_20142:4647..4781 on + strand
[17:02:41] Excluding CDS which overlaps existing RNA (rRNA) at k141_97483:96..332 on - strand
[17:02:41] Excluding CDS which overlaps existing RNA (rRNA) at k141_97483:504..899 on - strand
[17:02:41] Excluding CDS which overlaps existing RNA (rRNA) at k141_97483:3961..4203 on + strand
[17:02:41] Excluding CDS which overlaps existing RNA (rRNA) at k141_97483:4344..4577 on - strand
[17:02:41] Excluding CDS which overlaps existing RNA (rRNA) at k141_97483:6422..6598 on - strand
[17:02:41] Found 119 CDS
[17:02:41] Connecting features back to sequences
[17:02:41] Not using genus-specific database. Try --usegenus to enable it.
[17:02:41] Preparing user-supplied primary BLAST annotation source: vaccinium.gb
[17:02:41] Guessed source was in genbank format.
[17:02:41] Converting genbank 'vaccinium.gb' into Prokka FASTA 'P003_WC09/proteins.faa'
[17:02:41] Running: prokka-genbank_to_fasta_db --format genbank vaccinium\.gb > P003_WC09\/proteins\.faa 2> /dev/null
[17:02:42] Running: makeblastdb -dbtype prot -in P003_WC09\/proteins\.faa -out P003_WC09\/proteins -logfile /dev/null
[17:02:42] Using /inference source as 'vaccinium.gb'
[17:02:42] Annotating CDS, please be patient.
[17:02:42] Will use 40 CPUs for similarity searching.
[17:02:43] There are still 119 unannotated CDS left (started with 119)
[17:02:43] Will use blast to search against P003_WC09/proteins with 40 CPUs
[17:02:43] Running: cat P003_WC09\/P003_WC09\.proteins\.tmp\.37170\.faa | parallel --gnu --plain -j 40 --block 297 --recstart '>' --pipe blastp -query - -db P003_WC09/proteins -evalue 1e-09 -qcov_hsp_perc 80 -num_threads 1 -num_descriptions 1 -num_alignments 1 -seg no > P003_WC09\/P003_WC09\.proteins\.tmp\.37170\.blast 2> /dev/null
[17:02:44] Deleting unwanted file: P003_WC09/P003_WC09.proteins.tmp.37170.faa
[17:02:44] Deleting unwanted file: P003_WC09/P003_WC09.proteins.tmp.37170.blast
[17:02:44] There are still 55 unannotated CDS left (started with 119)
[17:02:44] Will use blast to search against /home/local/packages/prokka-1.14.5/db/kingdom/Bacteria/IS with 40 CPUs
[17:02:44] Running: cat P003_WC09\/P003_WC09\.IS\.tmp\.37170\.faa | parallel --gnu --plain -j 40 --block 101 --recstart '>' --pipe blastp -query - -db /home/local/packages/prokka-1.14.5/db/kingdom/Bacteria/IS -evalue 1e-30 -qcov_hsp_perc 90 -num_threads 1 -num_descriptions 1 -num_alignments 1 -seg no > P003_WC09\/P003_WC09\.IS\.tmp\.37170\.blast 2> /dev/null
[17:02:45] Deleting unwanted file: P003_WC09/P003_WC09.IS.tmp.37170.faa
[17:02:45] Deleting unwanted file: P003_WC09/P003_WC09.IS.tmp.37170.blast
[17:02:45] There are still 55 unannotated CDS left (started with 119)
[17:02:45] Will use blast to search against /home/local/packages/prokka-1.14.5/db/kingdom/Bacteria/AMR with 40 CPUs
[17:02:45] Running: cat P003_WC09\/P003_WC09\.AMR\.tmp\.37170\.faa | parallel --gnu --plain -j 40 --block 101 --recstart '>' --pipe blastp -query - -db /home/local/packages/prokka-1.14.5/db/kingdom/Bacteria/AMR -evalue 1e-300 -qcov_hsp_perc 90 -num_threads 1 -num_descriptions 1 -num_alignments 1 -seg no > P003_WC09\/P003_WC09\.AMR\.tmp\.37170\.blast 2> /dev/null
[17:02:47] Deleting unwanted file: P003_WC09/P003_WC09.AMR.tmp.37170.faa
[17:02:47] Deleting unwanted file: P003_WC09/P003_WC09.AMR.tmp.37170.blast
[17:02:47] There are still 55 unannotated CDS left (started with 119)
[17:02:47] Will use blast to search against /home/local/packages/prokka-1.14.5/db/kingdom/Bacteria/sprot with 40 CPUs
[17:02:47] Running: cat P003_WC09\/P003_WC09\.sprot\.tmp\.37170\.faa | parallel --gnu --plain -j 40 --block 101 --recstart '>' --pipe blastp -query - -db /home/local/packages/prokka-1.14.5/db/kingdom/Bacteria/sprot -evalue 1e-09 -qcov_hsp_perc 80 -num_threads 1 -num_descriptions 1 -num_alignments 1 -seg no > P003_WC09\/P003_WC09\.sprot\.tmp\.37170\.blast 2> /dev/null
[17:02:49] Deleting unwanted file: P003_WC09/P003_WC09.sprot.tmp.37170.faa
[17:02:49] Deleting unwanted file: P003_WC09/P003_WC09.sprot.tmp.37170.blast
[17:02:49] There are still 51 unannotated CDS left (started with 119)
[17:02:49] Will use hmmer3 to search against /home/local/packages/prokka-1.14.5/db/hmm/HAMAP.hmm with 40 CPUs
[17:02:49] Running: cat P003_WC09\/P003_WC09\.HAMAP\.hmm\.tmp\.37170\.faa | parallel --gnu --plain -j 40 --block 92 --recstart '>' --pipe hmmscan --noali --notextw --acc -E 1e-09 --cpu 1 /home/local/packages/prokka-1.14.5/db/hmm/HAMAP.hmm /dev/stdin > P003_WC09\/P003_WC09\.HAMAP\.hmm\.tmp\.37170\.hmmer3 2> /dev/null
[17:02:50] Deleting unwanted file: P003_WC09/P003_WC09.HAMAP.hmm.tmp.37170.faa
[17:02:50] Deleting unwanted file: P003_WC09/P003_WC09.HAMAP.hmm.tmp.37170.hmmer3
[17:02:50] Deleting unwanted file: P003_WC09/proteins.psq
[17:02:50] Deleting unwanted file: P003_WC09/proteins.phr
[17:02:50] Deleting unwanted file: P003_WC09/proteins.pin
[17:02:50] Labelling remaining 43 proteins as 'hypothetical protein'
[17:02:50] Possible /pseudo 'RNA polymerase beta' subunit' at k141_25879 position 15294
[17:02:50] Possible /pseudo 'NADH-plastoquinone oxidoreductase subunit 1' at k141_49546 position 3078
[17:02:50] Possible /pseudo 'ribosomal protein L2' at k141_20142 position 4181
[17:02:50] Found 65 unique /gene codes.
[17:02:50] Fixed 2 duplicate /gene - ndhA_1 ndhA_2
[17:02:50] Fixed 2 duplicate /gene - ndhB_1 ndhB_2
[17:02:50] Fixed 2 duplicate /gene - rpl2_1 rpl2_2
[17:02:50] Fixed 5 duplicate /gene - clpP_1 clpP_2 clpP_3 clpP_4 clpP_5
[17:02:50] Fixed 2 duplicate /gene - atpI_1 atpI_2
[17:02:50] Fixed 2 duplicate /gene - accD_1 accD_2
[17:02:50] Fixed 2 duplicate /gene - rpoC1_1 rpoC1_2
[17:02:50] Fixed 2 duplicate /gene - psbB_1 psbB_2
[17:02:50] Fixed 8 colliding /gene names.
[17:02:50] Adding /locus_tag identifiers
[17:02:50] Assigned 146 locus_tags to CDS and RNA features.
[17:02:50] Writing outputs to P003_WC09/
[17:02:50] Generating annotation statistics file
[17:02:50] Generating Genbank and Sequin files
[17:02:50] Running: tbl2asn -V b -a r10k -l paired-ends -M n -N 1 -y 'Annotated using prokka 1.14.5 from https://github.com/tseemann/prokka' -Z P003_WC09\/P003_WC09\.err -i P003_WC09\/P003_WC09\.fsa 2> /dev/null
[17:02:51] Deleting unwanted file: P003_WC09/errorsummary.val
[17:02:51] Deleting unwanted file: P003_WC09/P003_WC09.dr
[17:02:51] Deleting unwanted file: P003_WC09/P003_WC09.fixedproducts
[17:02:51] Deleting unwanted file: P003_WC09/P003_WC09.ecn
[17:02:51] Deleting unwanted file: P003_WC09/P003_WC09.val
[17:02:51] Repairing broken .GBK output that tbl2asn produces...
[17:02:51] Running: sed 's/COORDINATES: profile/COORDINATES:profile/' < P003_WC09\/P003_WC09\.gbf > P003_WC09\/P003_WC09\.gbk
[17:02:51] Deleting unwanted file: P003_WC09/P003_WC09.gbf
[17:02:51] Output files:
[17:02:51] P003_WC09/P003_WC09.log
[17:02:51] P003_WC09/P003_WC09.tbl
[17:02:51] P003_WC09/P003_WC09.sqn
[17:02:51] P003_WC09/P003_WC09.fsa
[17:02:51] P003_WC09/P003_WC09.ffn
[17:02:51] P003_WC09/P003_WC09.fna
[17:02:51] P003_WC09/P003_WC09.gff
[17:02:51] P003_WC09/P003_WC09.tsv
[17:02:51] P003_WC09/P003_WC09.err
[17:02:51] P003_WC09/P003_WC09.faa
[17:02:51] P003_WC09/P003_WC09.txt
[17:02:51] P003_WC09/P003_WC09.gbk
[17:02:51] Annotation finished successfully.
[17:02:51] Walltime used: 0.22 minutes
[17:02:51] If you use this result please cite the Prokka paper:
[17:02:51] Seemann T (2014) Prokka: rapid prokaryotic genome annotation. Bioinformatics. 30(14):2068-9.
[17:02:51] Type 'prokka --citation' for more details.
[17:02:51] Share and enjoy!
