Discrepancy Report Results

Summary
FATAL: MISSING_PROTEIN_ID:88 proteins have invalid IDs.
DISC_SOURCE_QUALS_ASNDISC:strain (all present, all same)
DISC_SOURCE_QUALS_ASNDISC:taxname (all present, all same)
DISC_FEATURE_COUNT:CDS: 88 present
DISC_FEATURE_COUNT:tRNA: 23 present
DISC_FEATURE_COUNT:rRNA: 2 present
DISC_COUNT_NUCLEOTIDES:4 nucleotide Bioseqs are present
FEATURE_LOCATION_CONFLICT:113 features have inconsistent gene locations.
SUSPECT_PRODUCT_NAMES:2 product_names contain suspect phrase or characters
	May contain database identifier more appropriate in note; remove from product name
		2 features contains three or more numbers together that may be identifiers more appropriate in note
DISC_QUALITY_SCORES:Quality scores are missing on all sequences.
ONCALLER_COMMENT_PRESENT:4 comment descriptors were found (all same)
SHORT_PROT_SEQUENCES:10 protein sequences are shorter than 50 aa.
MISSING_GENOMEASSEMBLY_COMMENTS:4 bioseqs are missing GenomeAssembly structured comments
MOLTYPE_NOT_MRNA:4 molecule types are not set as mRNA.
TECHNIQUE_NOT_TSA:4 technique are not set as TSA
MISSING_STRUCTURED_COMMENT:4 sequences do not include structured comments.
MISSING_PROJECT:92 sequences do not include project.
DISC_INCONSISTENT_MOLINFO_TECH:Molinfo Technique Report (some missing, all same)


Detailed Report

FATAL: DiscRep_ALL:MISSING_PROTEIN_ID::88 proteins have invalid IDs.
P003_WA08/P003_WA08:k141_60376_1 (length 92)
P003_WA08/P003_WA08:k141_60376_2 (length 154)
P003_WA08/P003_WA08:k141_60376_3 (length 218)
P003_WA08/P003_WA08:k141_60376_4 (length 119)
P003_WA08/P003_WA08:k141_60376_5 (length 159)
P003_WA08/P003_WA08:k141_60376_6 (length 134)
P003_WA08/P003_WA08:k141_60376_7 (length 77)
P003_WA08/P003_WA08:k141_60376_8 (length 100)
P003_WA08/P003_WA08:k141_60376_9 (length 136)
P003_WA08/P003_WA08:k141_60376_10 (length 335)
P003_WA08/P003_WA08:k141_60376_11 (length 174)
P003_WA08/P003_WA08:k141_60376_12 (length 42)
P003_WA08/P003_WA08:k141_60376_13 (length 162)
P003_WA08/P003_WA08:k141_60376_14 (length 79)
P003_WA08/P003_WA08:k141_33029_1 (length 82)
P003_WA08/P003_WA08:k141_33029_2 (length 37)
P003_WA08/P003_WA08:k141_33029_3 (length 71)
P003_WA08/P003_WA08:k141_33029_4 (length 116)
P003_WA08/P003_WA08:k141_33029_5 (length 43)
P003_WA08/P003_WA08:k141_33029_6 (length 155)
P003_WA08/P003_WA08:k141_33029_7 (length 264)
P003_WA08/P003_WA08:k141_33029_8 (length 36)
P003_WA08/P003_WA08:k141_33029_9 (length 260)
P003_WA08/P003_WA08:k141_33029_10 (length 83)
P003_WA08/P003_WA08:k141_33029_11 (length 2222)
P003_WA08/P003_WA08:k141_33029_12 (length 93)
P003_WA08/P003_WA08:k141_33029_13 (length 133)
P003_WA08/P003_WA08:k141_33029_14 (length 165)
P003_WA08/P003_WA08:k141_33029_15 (length 353)
P003_WA08/P003_WA08:k141_33029_16 (length 503)
P003_WA08/P003_WA08:k141_33029_17 (length 93)
P003_WA08/P003_WA08:k141_33029_18 (length 145)
P003_WA08/P003_WA08:k141_40568_1 (length 1531)
P003_WA08/P003_WA08:k141_40568_2 (length 92)
P003_WA08/P003_WA08:k141_40568_3 (length 410)
P003_WA08/P003_WA08:k141_40568_4 (length 188)
P003_WA08/P003_WA08:k141_40568_5 (length 156)
P003_WA08/P003_WA08:k141_40568_6 (length 166)
P003_WA08/P003_WA08:k141_40568_7 (length 176)
P003_WA08/P003_WA08:k141_40568_8 (length 101)
P003_WA08/P003_WA08:k141_40568_9 (length 81)
P003_WA08/P003_WA08:k141_40568_10 (length 521)
P003_WA08/P003_WA08:k141_40568_11 (length 322)
P003_WA08/P003_WA08:k141_40568_12 (length 741)
P003_WA08/P003_WA08:k141_91385_1 (length 508)
P003_WA08/P003_WA08:k141_91385_2 (length 174)
P003_WA08/P003_WA08:k141_91385_3 (length 73)
P003_WA08/P003_WA08:k141_91385_4 (length 120)
P003_WA08/P003_WA08:k141_91385_5 (length 101)
P003_WA08/P003_WA08:k141_91385_6 (length 44)
P003_WA08/P003_WA08:k141_91385_7 (length 83)
P003_WA08/P003_WA08:k141_91385_8 (length 39)
P003_WA08/P003_WA08:k141_91385_9 (length 40)
P003_WA08/P003_WA08:k141_91385_10 (length 320)
P003_WA08/P003_WA08:k141_91385_11 (length 229)
P003_WA08/P003_WA08:k141_91385_12 (length 184)
P003_WA08/P003_WA08:k141_91385_13 (length 36)
P003_WA08/P003_WA08:k141_91385_14 (length 479)
P003_WA08/P003_WA08:k141_91385_15 (length 485)
P003_WA08/P003_WA08:k141_91385_16 (length 498)
P003_WA08/P003_WA08:k141_91385_17 (length 133)
P003_WA08/P003_WA08:k141_91385_18 (length 120)
P003_WA08/P003_WA08:k141_91385_19 (length 225)
P003_WA08/P003_WA08:k141_91385_20 (length 158)
P003_WA08/P003_WA08:k141_91385_21 (length 201)
P003_WA08/P003_WA08:k141_91385_22 (length 103)
P003_WA08/P003_WA08:k141_91385_23 (length 82)
P003_WA08/P003_WA08:k141_91385_24 (length 750)
P003_WA08/P003_WA08:k141_91385_25 (length 734)
P003_WA08/P003_WA08:k141_91385_26 (length 109)
P003_WA08/P003_WA08:k141_91385_27 (length 62)
P003_WA08/P003_WA08:k141_91385_28 (length 461)
P003_WA08/P003_WA08:k141_91385_29 (length 353)
P003_WA08/P003_WA08:k141_91385_30 (length 89)
P003_WA08/P003_WA08:k141_91385_31 (length 508)
P003_WA08/P003_WA08:k141_91385_32 (length 124)
P003_WA08/P003_WA08:k141_91385_33 (length 56)
P003_WA08/P003_WA08:k141_91385_34 (length 81)
P003_WA08/P003_WA08:k141_91385_35 (length 247)
P003_WA08/P003_WA08:k141_91385_36 (length 236)
P003_WA08/P003_WA08:k141_91385_37 (length 1376)
P003_WA08/P003_WA08:k141_91385_38 (length 498)
P003_WA08/P003_WA08:k141_91385_39 (length 152)
P003_WA08/P003_WA08:k141_91385_40 (length 1060)
P003_WA08/P003_WA08:k141_91385_41 (length 50)
P003_WA08/P003_WA08:k141_91385_42 (length 29)
P003_WA08/P003_WA08:k141_91385_43 (length 36)
P003_WA08/P003_WA08:k141_91385_44 (length 62)

DiscRep_ALL:DISC_SOURCE_QUALS_ASNDISC::strain (all present, all same)
DiscRep_SUB:DISC_SOURCE_QUALS_ASNDISC::4 sources have 'strain' for strain
DiscRep_ALL:DISC_SOURCE_QUALS_ASNDISC::taxname (all present, all same)
DiscRep_SUB:DISC_SOURCE_QUALS_ASNDISC::4 sources have 'Genus species' for taxname
DiscRep_ALL:DISC_FEATURE_COUNT::CDS: 88 present
DiscRep_ALL:DISC_FEATURE_COUNT::tRNA: 23 present
DiscRep_ALL:DISC_FEATURE_COUNT::rRNA: 2 present
DiscRep_ALL:DISC_COUNT_NUCLEOTIDES::4 nucleotide Bioseqs are present
P003_WA08/P003_WA08:k141_60376 (length 10053)
P003_WA08/P003_WA08:k141_33029 (length 30315)
P003_WA08/P003_WA08:k141_40568 (length 18441)
P003_WA08/P003_WA08:k141_91385 (length 67397)

DiscRep_ALL:FEATURE_LOCATION_CONFLICT::113 features have inconsistent gene locations.
DiscRep_SUB:FEATURE_LOCATION_CONFLICT::Coding region xref gene does not exist
P003_WA08/P003_WA08:CDS	ribosomal protein S19	k141_60376:61-339	P003_WA08_00001

DiscRep_SUB:FEATURE_LOCATION_CONFLICT::Coding region xref gene does not exist
P003_WA08/P003_WA08:CDS	ribosomal protein L22	k141_60376:431-895	P003_WA08_00002

DiscRep_SUB:FEATURE_LOCATION_CONFLICT::Coding region xref gene does not exist
P003_WA08/P003_WA08:CDS	ribosomal protein S3	k141_60376:880-1536	P003_WA08_00003

DiscRep_SUB:FEATURE_LOCATION_CONFLICT::Coding region xref gene does not exist
P003_WA08/P003_WA08:CDS	ribosomal protein L16	k141_60376:2774-3133	P003_WA08_00004

DiscRep_SUB:FEATURE_LOCATION_CONFLICT::Coding region xref gene does not exist
P003_WA08/P003_WA08:CDS	hypothetical protein	k141_60376:3142-3621	P003_WA08_00005

DiscRep_SUB:FEATURE_LOCATION_CONFLICT::Coding region xref gene does not exist
P003_WA08/P003_WA08:CDS	ribosomal protein S8	k141_60376:3823-4227	P003_WA08_00006

DiscRep_SUB:FEATURE_LOCATION_CONFLICT::Coding region xref gene does not exist
P003_WA08/P003_WA08:CDS	translational initiation factor 1	k141_60376:4352-4585	P003_WA08_00007

DiscRep_SUB:FEATURE_LOCATION_CONFLICT::Coding region xref gene does not exist
P003_WA08/P003_WA08:CDS	hypothetical protein	k141_60376:c4884-4582	P003_WA08_00008

DiscRep_SUB:FEATURE_LOCATION_CONFLICT::Coding region xref gene does not exist
P003_WA08/P003_WA08:CDS	ribosomal protein S11	k141_60376:4919-5329	P003_WA08_00009

DiscRep_SUB:FEATURE_LOCATION_CONFLICT::Coding region xref gene does not exist
P003_WA08/P003_WA08:CDS	DNA-directed RNA polymerase subunit alpha	k141_60376:5410-6417	P003_WA08_00010

DiscRep_SUB:FEATURE_LOCATION_CONFLICT::Coding region xref gene does not exist
P003_WA08/P003_WA08:CDS	cytochrome b6/f complex subunit IV	k141_60376:c7136-6612	P003_WA08_00011

DiscRep_SUB:FEATURE_LOCATION_CONFLICT::Coding region xref gene does not exist
P003_WA08/P003_WA08:CDS	hypothetical protein	k141_60376:7634-7762	P003_WA08_00012

DiscRep_SUB:FEATURE_LOCATION_CONFLICT::Coding region xref gene does not exist
P003_WA08/P003_WA08:CDS	cytochrome b6	k141_60376:c8496-8008	P003_WA08_00013

DiscRep_SUB:FEATURE_LOCATION_CONFLICT::Coding region xref gene does not exist
P003_WA08/P003_WA08:CDS	photosystem II phosphoprotein	k141_60376:c9779-9540	P003_WA08_00014

DiscRep_SUB:FEATURE_LOCATION_CONFLICT::Coding region xref gene does not exist
P003_WA08/P003_WA08:CDS	hypothetical protein	k141_33029:c5955-5707	P003_WA08_00018

DiscRep_SUB:FEATURE_LOCATION_CONFLICT::Coding region xref gene does not exist
P003_WA08/P003_WA08:CDS	hypothetical protein	k141_33029:c6047-5934	P003_WA08_00019

DiscRep_SUB:FEATURE_LOCATION_CONFLICT::Coding region xref gene does not exist
P003_WA08/P003_WA08:CDS	hypothetical protein	k141_33029:c6558-6343	P003_WA08_00020

DiscRep_SUB:FEATURE_LOCATION_CONFLICT::Coding region xref gene does not exist
P003_WA08/P003_WA08:CDS	hypothetical protein	k141_33029:9454-9804	P003_WA08_00023

DiscRep_SUB:FEATURE_LOCATION_CONFLICT::Coding region xref gene does not exist
P003_WA08/P003_WA08:CDS	hypothetical protein	k141_33029:c10295-10164	P003_WA08_00024

DiscRep_SUB:FEATURE_LOCATION_CONFLICT::Coding region xref gene does not exist
P003_WA08/P003_WA08:CDS	ribosomal protein S7	k141_33029:11863-12330	P003_WA08_00025

DiscRep_SUB:FEATURE_LOCATION_CONFLICT::Coding region xref gene does not exist
P003_WA08/P003_WA08:CDS	NADH-plastoquinone oxidoreductase subunit 2	k141_33029:12620-13414	P003_WA08_00026

DiscRep_SUB:FEATURE_LOCATION_CONFLICT::Coding region xref gene does not exist
P003_WA08/P003_WA08:CDS	hypothetical protein	k141_33029:13465-13575	P003_WA08_00027

DiscRep_SUB:FEATURE_LOCATION_CONFLICT::Coding region xref gene does not exist
P003_WA08/P003_WA08:CDS	NADH-plastoquinone oxidoreductase subunit 2	k141_33029:14041-14823	P003_WA08_00028

DiscRep_SUB:FEATURE_LOCATION_CONFLICT::Coding region xref gene does not exist
P003_WA08/P003_WA08:CDS	hypothetical protein	k141_33029:15059-15310	P003_WA08_00029

DiscRep_SUB:FEATURE_LOCATION_CONFLICT::Coding region xref gene does not exist
P003_WA08/P003_WA08:CDS	hypothetical protein	k141_33029:c22576-15908	P003_WA08_00031

DiscRep_SUB:FEATURE_LOCATION_CONFLICT::Coding region xref gene does not exist
P003_WA08/P003_WA08:CDS	ribosomal protein L23	k141_33029:22932-23213	P003_WA08_00033

DiscRep_SUB:FEATURE_LOCATION_CONFLICT::Coding region xref gene does not exist
P003_WA08/P003_WA08:CDS	ribosomal protein L2	k141_33029:23232-23633	P003_WA08_00034

DiscRep_SUB:FEATURE_LOCATION_CONFLICT::Coding region xref gene does not exist
P003_WA08/P003_WA08:CDS	ribosomal protein L2	k141_33029:24229-24726	P003_WA08_00035

DiscRep_SUB:FEATURE_LOCATION_CONFLICT::Coding region xref gene does not exist
P003_WA08/P003_WA08:CDS	photosystem II protein D1	k141_33029:c26404-25343	P003_WA08_00037

DiscRep_SUB:FEATURE_LOCATION_CONFLICT::Coding region xref gene does not exist
P003_WA08/P003_WA08:CDS	maturase K	k141_33029:c28472-26961	P003_WA08_00038

DiscRep_SUB:FEATURE_LOCATION_CONFLICT::Coding region xref gene does not exist
P003_WA08/P003_WA08:CDS	hypothetical protein	k141_33029:c28766-28485	P003_WA08_00039

DiscRep_SUB:FEATURE_LOCATION_CONFLICT::Coding region xref gene does not exist
P003_WA08/P003_WA08:CDS	hypothetical protein	k141_33029:c29920-29483	P003_WA08_00040

DiscRep_SUB:FEATURE_LOCATION_CONFLICT::RNA feature xref gene does not exist
P003_WA08/P003_WA08:tRNA	Asn	k141_33029:921-994	P003_WA08_00015

DiscRep_SUB:FEATURE_LOCATION_CONFLICT::RNA feature xref gene does not exist
P003_WA08/P003_WA08:tRNA	Arg	k141_33029:c1532-1458	P003_WA08_00016

DiscRep_SUB:FEATURE_LOCATION_CONFLICT::RNA feature xref gene does not exist
P003_WA08/P003_WA08:rRNA	23S ribosomal RNA	k141_33029:c5162-2152	P003_WA08_00017

DiscRep_SUB:FEATURE_LOCATION_CONFLICT::RNA feature xref gene does not exist
P003_WA08/P003_WA08:rRNA	16S ribosomal RNA	k141_33029:c8890-7404	P003_WA08_00021

DiscRep_SUB:FEATURE_LOCATION_CONFLICT::RNA feature xref gene does not exist
P003_WA08/P003_WA08:tRNA	Val	k141_33029:c9191-9120	P003_WA08_00022

DiscRep_SUB:FEATURE_LOCATION_CONFLICT::RNA feature xref gene does not exist
P003_WA08/P003_WA08:tRNA	Leu	k141_33029:15399-15481	P003_WA08_00030

DiscRep_SUB:FEATURE_LOCATION_CONFLICT::RNA feature xref gene does not exist
P003_WA08/P003_WA08:tRNA	Met	k141_33029:22688-22762	P003_WA08_00032

DiscRep_SUB:FEATURE_LOCATION_CONFLICT::RNA feature xref gene does not exist
P003_WA08/P003_WA08:tRNA	His	k141_33029:c24922-24848	P003_WA08_00036

DiscRep_SUB:FEATURE_LOCATION_CONFLICT::Coding region xref gene does not exist
P003_WA08/P003_WA08:CDS	hypothetical protein	k141_40568:25-4620	P003_WA08_00041

DiscRep_SUB:FEATURE_LOCATION_CONFLICT::Coding region xref gene does not exist
P003_WA08/P003_WA08:CDS	ribosomal protein S15	k141_40568:4848-5126	P003_WA08_00042

DiscRep_SUB:FEATURE_LOCATION_CONFLICT::Coding region xref gene does not exist
P003_WA08/P003_WA08:CDS	NADH-plastoquinone oxidoreductase subunit 7	k141_40568:5164-6396	P003_WA08_00043

DiscRep_SUB:FEATURE_LOCATION_CONFLICT::Coding region xref gene does not exist
P003_WA08/P003_WA08:CDS	NADH-plastoquinone oxidoreductase subunit 1	k141_40568:6398-6964	P003_WA08_00044

DiscRep_SUB:FEATURE_LOCATION_CONFLICT::Coding region xref gene does not exist
P003_WA08/P003_WA08:CDS	NADH-plastoquinone oxidoreductase subunit 1	k141_40568:8077-8547	P003_WA08_00045

DiscRep_SUB:FEATURE_LOCATION_CONFLICT::Coding region xref gene does not exist
P003_WA08/P003_WA08:CDS	NADH-plastoquinone oxidoreductase subunit I	k141_40568:8626-9126	P003_WA08_00046

DiscRep_SUB:FEATURE_LOCATION_CONFLICT::Coding region xref gene does not exist
P003_WA08/P003_WA08:CDS	NADH-plastoquinone oxidoreductase subunit 6	k141_40568:9507-10037	P003_WA08_00047

DiscRep_SUB:FEATURE_LOCATION_CONFLICT::Coding region xref gene does not exist
P003_WA08/P003_WA08:CDS	NADH-plastoquinone oxidoreductase subunit 4L	k141_40568:10242-10547	P003_WA08_00048

DiscRep_SUB:FEATURE_LOCATION_CONFLICT::Coding region xref gene does not exist
P003_WA08/P003_WA08:CDS	photosystem I subunit VII	k141_40568:10795-11040	P003_WA08_00049

DiscRep_SUB:FEATURE_LOCATION_CONFLICT::Coding region xref gene does not exist
P003_WA08/P003_WA08:CDS	NADH-plastoquinone oxidoreductase subunit 4	k141_40568:11092-12657	P003_WA08_00050

DiscRep_SUB:FEATURE_LOCATION_CONFLICT::Coding region xref gene does not exist
P003_WA08/P003_WA08:CDS	cytochrome c heme attachment protein	k141_40568:c13890-12922	P003_WA08_00051

DiscRep_SUB:FEATURE_LOCATION_CONFLICT::Coding region xref gene does not exist
P003_WA08/P003_WA08:CDS	NADH-plastoquinone oxidoreductase subunit 5	k141_40568:16076-18301	P003_WA08_00053

DiscRep_SUB:FEATURE_LOCATION_CONFLICT::RNA feature xref gene does not exist
P003_WA08/P003_WA08:tRNA	Leu	k141_40568:c14084-14005	P003_WA08_00052

DiscRep_SUB:FEATURE_LOCATION_CONFLICT::Coding region xref gene does not exist
P003_WA08/P003_WA08:CDS	photosystem II CP47 chlorophyll apoprotein	k141_91385:c1884-358	P003_WA08_00054

DiscRep_SUB:FEATURE_LOCATION_CONFLICT::Coding region xref gene does not exist
P003_WA08/P003_WA08:CDS	ATP-dependent Clp protease proteolytic subunit	k141_91385:2996-3520	P003_WA08_00055

DiscRep_SUB:FEATURE_LOCATION_CONFLICT::Coding region xref gene does not exist
P003_WA08/P003_WA08:CDS	ATP-dependent Clp protease proteolytic subunit	k141_91385:4139-4360	P003_WA08_00056

DiscRep_SUB:FEATURE_LOCATION_CONFLICT::Coding region xref gene does not exist
P003_WA08/P003_WA08:CDS	ribosomal protein L20	k141_91385:5397-5759	P003_WA08_00057

DiscRep_SUB:FEATURE_LOCATION_CONFLICT::Coding region xref gene does not exist
P003_WA08/P003_WA08:CDS	ribosomal protein S18	k141_91385:c6327-6022	P003_WA08_00058

DiscRep_SUB:FEATURE_LOCATION_CONFLICT::Coding region xref gene does not exist
P003_WA08/P003_WA08:CDS	photosystem I subunit IX	k141_91385:c7277-7143	P003_WA08_00059

DiscRep_SUB:FEATURE_LOCATION_CONFLICT::Coding region xref gene does not exist
P003_WA08/P003_WA08:CDS	photosystem II cytochrome b559 alpha subunit	k141_91385:9639-9890	P003_WA08_00062

DiscRep_SUB:FEATURE_LOCATION_CONFLICT::Coding region xref gene does not exist
P003_WA08/P003_WA08:CDS	photosystem II cytochrome b559 beta subunit	k141_91385:9900-10019	P003_WA08_00063

DiscRep_SUB:FEATURE_LOCATION_CONFLICT::Coding region xref gene does not exist
P003_WA08/P003_WA08:CDS	photosystem II protein J	k141_91385:10307-10429	P003_WA08_00064

DiscRep_SUB:FEATURE_LOCATION_CONFLICT::Coding region xref gene does not exist
P003_WA08/P003_WA08:CDS	cytochrome f	k141_91385:c12145-11183	P003_WA08_00065

DiscRep_SUB:FEATURE_LOCATION_CONFLICT::Coding region xref gene does not exist
P003_WA08/P003_WA08:CDS	envelope membrane protein	k141_91385:c13079-12390	P003_WA08_00066

DiscRep_SUB:FEATURE_LOCATION_CONFLICT::Coding region xref gene does not exist
P003_WA08/P003_WA08:CDS	photosystem I assembly protein Ycf4	k141_91385:c14001-13447	P003_WA08_00067

DiscRep_SUB:FEATURE_LOCATION_CONFLICT::Coding region xref gene does not exist
P003_WA08/P003_WA08:CDS	photosystem I subunit VIII	k141_91385:c14507-14397	P003_WA08_00068

DiscRep_SUB:FEATURE_LOCATION_CONFLICT::Coding region xref gene does not exist
P003_WA08/P003_WA08:CDS	Acetyl-coenzyme A carboxylase carboxyl transferase subunit beta, chloroplastic	k141_91385:c16625-15186	P003_WA08_00069

DiscRep_SUB:FEATURE_LOCATION_CONFLICT::Coding region xref gene does not exist
P003_WA08/P003_WA08:CDS	ribulose-1,5-bisphosphate carboxylase/oxygenase large subunit	k141_91385:c18659-17202	P003_WA08_00070

DiscRep_SUB:FEATURE_LOCATION_CONFLICT::Coding region xref gene does not exist
P003_WA08/P003_WA08:CDS	ATP synthase CF1 beta subunit	k141_91385:19403-20899	P003_WA08_00071

DiscRep_SUB:FEATURE_LOCATION_CONFLICT::Coding region xref gene does not exist
P003_WA08/P003_WA08:CDS	ATP synthase CF1 epsilon subunit	k141_91385:20896-21297	P003_WA08_00072

DiscRep_SUB:FEATURE_LOCATION_CONFLICT::Coding region xref gene does not exist
P003_WA08/P003_WA08:CDS	NADH-plastoquinone oxidoreductase subunit 3	k141_91385:23141-23503	P003_WA08_00074

DiscRep_SUB:FEATURE_LOCATION_CONFLICT::Coding region xref gene does not exist
P003_WA08/P003_WA08:CDS	NADH-plastoquinone oxidoreductase subunit K	k141_91385:23555-24232	P003_WA08_00075

DiscRep_SUB:FEATURE_LOCATION_CONFLICT::Coding region xref gene does not exist
P003_WA08/P003_WA08:CDS	NADH-plastoquinone oxidoreductase subunit J	k141_91385:24338-24814	P003_WA08_00076

DiscRep_SUB:FEATURE_LOCATION_CONFLICT::Coding region xref gene does not exist
P003_WA08/P003_WA08:CDS	ribosomal protein S4	k141_91385:27095-27700	P003_WA08_00079

DiscRep_SUB:FEATURE_LOCATION_CONFLICT::Coding region xref gene does not exist
P003_WA08/P003_WA08:CDS	hypothetical protein	k141_91385:c29557-29246	P003_WA08_00081

DiscRep_SUB:FEATURE_LOCATION_CONFLICT::Coding region xref gene does not exist
P003_WA08/P003_WA08:CDS	putative chloroplast RF34	k141_91385:29775-30023	P003_WA08_00082

DiscRep_SUB:FEATURE_LOCATION_CONFLICT::Coding region xref gene does not exist
P003_WA08/P003_WA08:CDS	photosystem I P700 apoprotein A1	k141_91385:31605-33857	P003_WA08_00083

DiscRep_SUB:FEATURE_LOCATION_CONFLICT::Coding region xref gene does not exist
P003_WA08/P003_WA08:CDS	photosystem I P700 apoprotein A2	k141_91385:33883-36087	P003_WA08_00084

DiscRep_SUB:FEATURE_LOCATION_CONFLICT::Coding region xref gene does not exist
P003_WA08/P003_WA08:CDS	ribosomal protein S14	k141_91385:36194-36523	P003_WA08_00085

DiscRep_SUB:FEATURE_LOCATION_CONFLICT::Coding region xref gene does not exist
P003_WA08/P003_WA08:CDS	photosystem II protein Z	k141_91385:c37520-37332	P003_WA08_00088

DiscRep_SUB:FEATURE_LOCATION_CONFLICT::Coding region xref gene does not exist
P003_WA08/P003_WA08:CDS	photosystem II CP43 chlorophyll apoprotein	k141_91385:c39557-38172	P003_WA08_00090

DiscRep_SUB:FEATURE_LOCATION_CONFLICT::Coding region xref gene does not exist
P003_WA08/P003_WA08:CDS	photosystem II protein D2	k141_91385:c40602-39541	P003_WA08_00091

DiscRep_SUB:FEATURE_LOCATION_CONFLICT::Coding region xref gene does not exist
P003_WA08/P003_WA08:CDS	hypothetical protein	k141_91385:c41531-41262	P003_WA08_00092

DiscRep_SUB:FEATURE_LOCATION_CONFLICT::Coding region xref gene does not exist
P003_WA08/P003_WA08:CDS	ATP synthase CF1 alpha subunit	k141_91385:c44792-43266	P003_WA08_00094

DiscRep_SUB:FEATURE_LOCATION_CONFLICT::Coding region xref gene does not exist
P003_WA08/P003_WA08:CDS	ATP synthase CF0 subunit I	k141_91385:c45239-44865	P003_WA08_00095

DiscRep_SUB:FEATURE_LOCATION_CONFLICT::Coding region xref gene does not exist
P003_WA08/P003_WA08:CDS	ATP synthase CF0 subunit I	k141_91385:c46123-45953	P003_WA08_00096

DiscRep_SUB:FEATURE_LOCATION_CONFLICT::Coding region xref gene does not exist
P003_WA08/P003_WA08:CDS	ATP synthase CF0 subunit III	k141_91385:c46759-46514	P003_WA08_00097

DiscRep_SUB:FEATURE_LOCATION_CONFLICT::Coding region xref gene does not exist
P003_WA08/P003_WA08:CDS	ATP synthase CF0 subunit IV	k141_91385:c48589-47846	P003_WA08_00098

DiscRep_SUB:FEATURE_LOCATION_CONFLICT::Coding region xref gene does not exist
P003_WA08/P003_WA08:CDS	ribosomal protein S2	k141_91385:c49515-48805	P003_WA08_00099

DiscRep_SUB:FEATURE_LOCATION_CONFLICT::Coding region xref gene does not exist
P003_WA08/P003_WA08:CDS	RNA polymerase beta'' subunit	k141_91385:c53870-49740	P003_WA08_00100

DiscRep_SUB:FEATURE_LOCATION_CONFLICT::Coding region xref gene does not exist
P003_WA08/P003_WA08:CDS	RNA polymerase beta' subunit	k141_91385:c55480-53984	P003_WA08_00101

DiscRep_SUB:FEATURE_LOCATION_CONFLICT::Coding region xref gene does not exist
P003_WA08/P003_WA08:CDS	RNA polymerase beta' subunit	k141_91385:c56807-56349	P003_WA08_00102

DiscRep_SUB:FEATURE_LOCATION_CONFLICT::Coding region xref gene does not exist
P003_WA08/P003_WA08:CDS	RNA polymerase beta subunit	k141_91385:c59995-56813	P003_WA08_00103

DiscRep_SUB:FEATURE_LOCATION_CONFLICT::Coding region xref gene does not exist
P003_WA08/P003_WA08:CDS	hypothetical protein	k141_91385:61603-61755	P003_WA08_00107

DiscRep_SUB:FEATURE_LOCATION_CONFLICT::Coding region xref gene does not exist
P003_WA08/P003_WA08:CDS	cytochrome b6/f complex subunit VII	k141_91385:c62586-62497	P003_WA08_00108

DiscRep_SUB:FEATURE_LOCATION_CONFLICT::Coding region xref gene does not exist
P003_WA08/P003_WA08:CDS	Photosystem II reaction center protein I	k141_91385:c64526-64416	P003_WA08_00111

DiscRep_SUB:FEATURE_LOCATION_CONFLICT::Coding region xref gene does not exist
P003_WA08/P003_WA08:CDS	photosystem II protein K	k141_91385:c65157-64969	P003_WA08_00112

DiscRep_SUB:FEATURE_LOCATION_CONFLICT::RNA feature xref gene does not exist
P003_WA08/P003_WA08:tRNA	Pro	k141_91385:7625-7699	P003_WA08_00060

DiscRep_SUB:FEATURE_LOCATION_CONFLICT::RNA feature xref gene does not exist
P003_WA08/P003_WA08:tRNA	Trp	k141_91385:7854-7927	P003_WA08_00061

DiscRep_SUB:FEATURE_LOCATION_CONFLICT::RNA feature xref gene does not exist
P003_WA08/P003_WA08:tRNA	Met	k141_91385:c21573-21501	P003_WA08_00073

DiscRep_SUB:FEATURE_LOCATION_CONFLICT::RNA feature xref gene does not exist
P003_WA08/P003_WA08:tRNA	Phe	k141_91385:c25178-25105	P003_WA08_00077

DiscRep_SUB:FEATURE_LOCATION_CONFLICT::RNA feature xref gene does not exist
P003_WA08/P003_WA08:tRNA	Thr	k141_91385:26675-26749	P003_WA08_00078

DiscRep_SUB:FEATURE_LOCATION_CONFLICT::RNA feature xref gene does not exist
P003_WA08/P003_WA08:tRNA	Ser	k141_91385:c28078-27990	P003_WA08_00080

DiscRep_SUB:FEATURE_LOCATION_CONFLICT::RNA feature xref gene does not exist
P003_WA08/P003_WA08:tRNA	Met	k141_91385:36674-36747	P003_WA08_00086

DiscRep_SUB:FEATURE_LOCATION_CONFLICT::RNA feature xref gene does not exist
P003_WA08/P003_WA08:tRNA	Gly	k141_91385:c37030-36959	P003_WA08_00087

DiscRep_SUB:FEATURE_LOCATION_CONFLICT::RNA feature xref gene does not exist
P003_WA08/P003_WA08:tRNA	Ser	k141_91385:37861-37943	P003_WA08_00089

DiscRep_SUB:FEATURE_LOCATION_CONFLICT::RNA feature xref gene does not exist
P003_WA08/P003_WA08:tRNA	Arg	k141_91385:43083-43154	P003_WA08_00093

DiscRep_SUB:FEATURE_LOCATION_CONFLICT::RNA feature xref gene does not exist
P003_WA08/P003_WA08:tRNA	Glu	k141_91385:60749-60820	P003_WA08_00104

DiscRep_SUB:FEATURE_LOCATION_CONFLICT::RNA feature xref gene does not exist
P003_WA08/P003_WA08:tRNA	Tyr	k141_91385:61016-61102	P003_WA08_00105

DiscRep_SUB:FEATURE_LOCATION_CONFLICT::RNA feature xref gene does not exist
P003_WA08/P003_WA08:tRNA	Asp	k141_91385:61192-61268	P003_WA08_00106

DiscRep_SUB:FEATURE_LOCATION_CONFLICT::RNA feature xref gene does not exist
P003_WA08/P003_WA08:tRNA	Cys	k141_91385:c63453-63382	P003_WA08_00109

DiscRep_SUB:FEATURE_LOCATION_CONFLICT::RNA feature xref gene does not exist
P003_WA08/P003_WA08:tRNA	Ser	k141_91385:64188-64275	P003_WA08_00110

DiscRep_SUB:FEATURE_LOCATION_CONFLICT::RNA feature xref gene does not exist
P003_WA08/P003_WA08:tRNA	Gln	k141_91385:65505-65576	P003_WA08_00113

DiscRep_ALL:SUSPECT_PRODUCT_NAMES::2 product_names contain suspect phrase or characters
DiscRep_SUB:SUSPECT_PRODUCT_NAMES::May contain database identifier more appropriate in note; remove from product name
DiscRep_SUB:SUSPECT_PRODUCT_NAMES::2 features contains three or more numbers together that may be identifiers more appropriate in note
P003_WA08/P003_WA08:CDS	photosystem I P700 apoprotein A1	k141_91385:31605-33857	P003_WA08_00083
P003_WA08/P003_WA08:CDS	photosystem I P700 apoprotein A2	k141_91385:33883-36087	P003_WA08_00084

DiscRep_ALL:DISC_QUALITY_SCORES::Quality scores are missing on all sequences.

DiscRep_ALL:ONCALLER_COMMENT_PRESENT::4 comment descriptors were found (all same)
P003_WA08/P003_WA08:k141_60376:Annotated using prokka 1.14.5 from https://github.com/tseemann/prokka
P003_WA08/P003_WA08:k141_33029:Annotated using prokka 1.14.5 from https://github.com/tseemann/prokka
P003_WA08/P003_WA08:k141_40568:Annotated using prokka 1.14.5 from https://github.com/tseemann/prokka
P003_WA08/P003_WA08:k141_91385:Annotated using prokka 1.14.5 from https://github.com/tseemann/prokka

DiscRep_ALL:SHORT_PROT_SEQUENCES::10 protein sequences are shorter than 50 aa.
P003_WA08/P003_WA08:k141_60376_12 (length 42)
P003_WA08/P003_WA08:k141_33029_2 (length 37)
P003_WA08/P003_WA08:k141_33029_5 (length 43)
P003_WA08/P003_WA08:k141_33029_8 (length 36)
P003_WA08/P003_WA08:k141_91385_6 (length 44)
P003_WA08/P003_WA08:k141_91385_8 (length 39)
P003_WA08/P003_WA08:k141_91385_9 (length 40)
P003_WA08/P003_WA08:k141_91385_13 (length 36)
P003_WA08/P003_WA08:k141_91385_42 (length 29)
P003_WA08/P003_WA08:k141_91385_43 (length 36)

DiscRep_ALL:MISSING_GENOMEASSEMBLY_COMMENTS::4 bioseqs are missing GenomeAssembly structured comments
P003_WA08/P003_WA08:k141_60376 (length 10053)
P003_WA08/P003_WA08:k141_33029 (length 30315)
P003_WA08/P003_WA08:k141_40568 (length 18441)
P003_WA08/P003_WA08:k141_91385 (length 67397)

DiscRep_ALL:MOLTYPE_NOT_MRNA::4 molecule types are not set as mRNA.
P003_WA08/P003_WA08:k141_60376 (length 10053)
P003_WA08/P003_WA08:k141_33029 (length 30315)
P003_WA08/P003_WA08:k141_40568 (length 18441)
P003_WA08/P003_WA08:k141_91385 (length 67397)

DiscRep_ALL:TECHNIQUE_NOT_TSA::4 technique are not set as TSA
P003_WA08/P003_WA08:k141_60376 (length 10053)
P003_WA08/P003_WA08:k141_33029 (length 30315)
P003_WA08/P003_WA08:k141_40568 (length 18441)
P003_WA08/P003_WA08:k141_91385 (length 67397)

DiscRep_ALL:MISSING_STRUCTURED_COMMENT::4 sequences do not include structured comments.
P003_WA08/P003_WA08:k141_60376 (length 10053)
P003_WA08/P003_WA08:k141_33029 (length 30315)
P003_WA08/P003_WA08:k141_40568 (length 18441)
P003_WA08/P003_WA08:k141_91385 (length 67397)

DiscRep_ALL:MISSING_PROJECT::92 sequences do not include project.
P003_WA08/P003_WA08:k141_60376 (length 10053)
P003_WA08/P003_WA08:k141_60376_1 (length 92)
P003_WA08/P003_WA08:k141_60376_2 (length 154)
P003_WA08/P003_WA08:k141_60376_3 (length 218)
P003_WA08/P003_WA08:k141_60376_4 (length 119)
P003_WA08/P003_WA08:k141_60376_5 (length 159)
P003_WA08/P003_WA08:k141_60376_6 (length 134)
P003_WA08/P003_WA08:k141_60376_7 (length 77)
P003_WA08/P003_WA08:k141_60376_8 (length 100)
P003_WA08/P003_WA08:k141_60376_9 (length 136)
P003_WA08/P003_WA08:k141_60376_10 (length 335)
P003_WA08/P003_WA08:k141_60376_11 (length 174)
P003_WA08/P003_WA08:k141_60376_12 (length 42)
P003_WA08/P003_WA08:k141_60376_13 (length 162)
P003_WA08/P003_WA08:k141_60376_14 (length 79)
P003_WA08/P003_WA08:k141_33029 (length 30315)
P003_WA08/P003_WA08:k141_33029_1 (length 82)
P003_WA08/P003_WA08:k141_33029_2 (length 37)
P003_WA08/P003_WA08:k141_33029_3 (length 71)
P003_WA08/P003_WA08:k141_33029_4 (length 116)
P003_WA08/P003_WA08:k141_33029_5 (length 43)
P003_WA08/P003_WA08:k141_33029_6 (length 155)
P003_WA08/P003_WA08:k141_33029_7 (length 264)
P003_WA08/P003_WA08:k141_33029_8 (length 36)
P003_WA08/P003_WA08:k141_33029_9 (length 260)
P003_WA08/P003_WA08:k141_33029_10 (length 83)
P003_WA08/P003_WA08:k141_33029_11 (length 2222)
P003_WA08/P003_WA08:k141_33029_12 (length 93)
P003_WA08/P003_WA08:k141_33029_13 (length 133)
P003_WA08/P003_WA08:k141_33029_14 (length 165)
P003_WA08/P003_WA08:k141_33029_15 (length 353)
P003_WA08/P003_WA08:k141_33029_16 (length 503)
P003_WA08/P003_WA08:k141_33029_17 (length 93)
P003_WA08/P003_WA08:k141_33029_18 (length 145)
P003_WA08/P003_WA08:k141_40568 (length 18441)
P003_WA08/P003_WA08:k141_40568_1 (length 1531)
P003_WA08/P003_WA08:k141_40568_2 (length 92)
P003_WA08/P003_WA08:k141_40568_3 (length 410)
P003_WA08/P003_WA08:k141_40568_4 (length 188)
P003_WA08/P003_WA08:k141_40568_5 (length 156)
P003_WA08/P003_WA08:k141_40568_6 (length 166)
P003_WA08/P003_WA08:k141_40568_7 (length 176)
P003_WA08/P003_WA08:k141_40568_8 (length 101)
P003_WA08/P003_WA08:k141_40568_9 (length 81)
P003_WA08/P003_WA08:k141_40568_10 (length 521)
P003_WA08/P003_WA08:k141_40568_11 (length 322)
P003_WA08/P003_WA08:k141_40568_12 (length 741)
P003_WA08/P003_WA08:k141_91385 (length 67397)
P003_WA08/P003_WA08:k141_91385_1 (length 508)
P003_WA08/P003_WA08:k141_91385_2 (length 174)
P003_WA08/P003_WA08:k141_91385_3 (length 73)
P003_WA08/P003_WA08:k141_91385_4 (length 120)
P003_WA08/P003_WA08:k141_91385_5 (length 101)
P003_WA08/P003_WA08:k141_91385_6 (length 44)
P003_WA08/P003_WA08:k141_91385_7 (length 83)
P003_WA08/P003_WA08:k141_91385_8 (length 39)
P003_WA08/P003_WA08:k141_91385_9 (length 40)
P003_WA08/P003_WA08:k141_91385_10 (length 320)
P003_WA08/P003_WA08:k141_91385_11 (length 229)
P003_WA08/P003_WA08:k141_91385_12 (length 184)
P003_WA08/P003_WA08:k141_91385_13 (length 36)
P003_WA08/P003_WA08:k141_91385_14 (length 479)
P003_WA08/P003_WA08:k141_91385_15 (length 485)
P003_WA08/P003_WA08:k141_91385_16 (length 498)
P003_WA08/P003_WA08:k141_91385_17 (length 133)
P003_WA08/P003_WA08:k141_91385_18 (length 120)
P003_WA08/P003_WA08:k141_91385_19 (length 225)
P003_WA08/P003_WA08:k141_91385_20 (length 158)
P003_WA08/P003_WA08:k141_91385_21 (length 201)
P003_WA08/P003_WA08:k141_91385_22 (length 103)
P003_WA08/P003_WA08:k141_91385_23 (length 82)
P003_WA08/P003_WA08:k141_91385_24 (length 750)
P003_WA08/P003_WA08:k141_91385_25 (length 734)
P003_WA08/P003_WA08:k141_91385_26 (length 109)
P003_WA08/P003_WA08:k141_91385_27 (length 62)
P003_WA08/P003_WA08:k141_91385_28 (length 461)
P003_WA08/P003_WA08:k141_91385_29 (length 353)
P003_WA08/P003_WA08:k141_91385_30 (length 89)
P003_WA08/P003_WA08:k141_91385_31 (length 508)
P003_WA08/P003_WA08:k141_91385_32 (length 124)
P003_WA08/P003_WA08:k141_91385_33 (length 56)
P003_WA08/P003_WA08:k141_91385_34 (length 81)
P003_WA08/P003_WA08:k141_91385_35 (length 247)
P003_WA08/P003_WA08:k141_91385_36 (length 236)
P003_WA08/P003_WA08:k141_91385_37 (length 1376)
P003_WA08/P003_WA08:k141_91385_38 (length 498)
P003_WA08/P003_WA08:k141_91385_39 (length 152)
P003_WA08/P003_WA08:k141_91385_40 (length 1060)
P003_WA08/P003_WA08:k141_91385_41 (length 50)
P003_WA08/P003_WA08:k141_91385_42 (length 29)
P003_WA08/P003_WA08:k141_91385_43 (length 36)
P003_WA08/P003_WA08:k141_91385_44 (length 62)

DiscRep_ALL:DISC_INCONSISTENT_MOLINFO_TECH::Molinfo Technique Report (some missing, all same)
DiscRep_SUB:DISC_INCONSISTENT_MOLINFO_TECH::technique (all missing)
DiscRep_SUB:DISC_INCONSISTENT_MOLINFO_TECH::4 Molinfos are missing field technique
P003_WA08/P003_WA08:k141_33029 (length 30315)
P003_WA08/P003_WA08:k141_40568 (length 18441)
P003_WA08/P003_WA08:k141_60376 (length 10053)
P003_WA08/P003_WA08:k141_91385 (length 67397)

