Discrepancy Report Results

Summary
FATAL: MISSING_PROTEIN_ID:98 proteins have invalid IDs.
DISC_SOURCE_QUALS_ASNDISC:strain (all present, all same)
DISC_SOURCE_QUALS_ASNDISC:taxname (all present, all same)
DISC_FEATURE_COUNT:CDS: 98 present
DISC_FEATURE_COUNT:tRNA: 26 present
DISC_FEATURE_COUNT:rRNA: 4 present
DISC_COUNT_NUCLEOTIDES:12 nucleotide Bioseqs are present
FEATURE_LOCATION_CONFLICT:128 features have inconsistent gene locations.
SUSPECT_PRODUCT_NAMES:2 product_names contain suspect phrase or characters
	May contain database identifier more appropriate in note; remove from product name
		2 features contains three or more numbers together that may be identifiers more appropriate in note
DISC_QUALITY_SCORES:Quality scores are missing on all sequences.
FATAL: DISC_SUSPECT_RRNA_PRODUCTS:3 rRNA product names contain suspect phrase
FATAL: DISC_SHORT_RRNA:2 rRNA features are too short
ONCALLER_COMMENT_PRESENT:12 comment descriptors were found (all same)
SHORT_PROT_SEQUENCES:9 protein sequences are shorter than 50 aa.
MISSING_GENOMEASSEMBLY_COMMENTS:12 bioseqs are missing GenomeAssembly structured comments
MOLTYPE_NOT_MRNA:12 molecule types are not set as mRNA.
TECHNIQUE_NOT_TSA:12 technique are not set as TSA
MISSING_STRUCTURED_COMMENT:12 sequences do not include structured comments.
MISSING_PROJECT:110 sequences do not include project.
FATAL: RRNA_NAME_CONFLICTS:3 rRNA product names are not standard. Correct the names to the standard format, eg "16S ribosomal RNA"
DISC_INCONSISTENT_MOLINFO_TECH:Molinfo Technique Report (some missing, all same)


Detailed Report

FATAL: DiscRep_ALL:MISSING_PROTEIN_ID::98 proteins have invalid IDs.
P003_WH05/P003_WH05:k141_157963_1 (length 99)
P003_WH05/P003_WH05:k141_157963_2 (length 56)
P003_WH05/P003_WH05:k141_157963_3 (length 145)
P003_WH05/P003_WH05:k141_157963_4 (length 353)
P003_WH05/P003_WH05:k141_157963_5 (length 461)
P003_WH05/P003_WH05:k141_157963_6 (length 43)
P003_WH05/P003_WH05:k141_157963_7 (length 70)
P003_WH05/P003_WH05:k141_157963_8 (length 67)
P003_WH05/P003_WH05:k141_157963_9 (length 734)
P003_WH05/P003_WH05:k141_157963_10 (length 750)
P003_WH05/P003_WH05:k141_36364_1 (length 107)
P003_WH05/P003_WH05:k141_36364_2 (length 61)
P003_WH05/P003_WH05:k141_36364_3 (length 303)
P003_WH05/P003_WH05:k141_36364_4 (length 74)
P003_WH05/P003_WH05:k141_36364_5 (length 501)
P003_WH05/P003_WH05:k141_36364_6 (length 124)
P003_WH05/P003_WH05:k141_36364_7 (length 67)
P003_WH05/P003_WH05:k141_36364_8 (length 56)
P003_WH05/P003_WH05:k141_36364_9 (length 106)
P003_WH05/P003_WH05:k141_36364_10 (length 73)
P003_WH05/P003_WH05:k141_36364_11 (length 126)
P003_WH05/P003_WH05:k141_36364_12 (length 165)
P003_WH05/P003_WH05:k141_36364_13 (length 93)
P003_WH05/P003_WH05:k141_36364_14 (length 184)
P003_WH05/P003_WH05:k141_36364_15 (length 233)
P003_WH05/P003_WH05:k141_36364_16 (length 126)
P003_WH05/P003_WH05:k141_36364_17 (length 122)
P003_WH05/P003_WH05:k141_36364_18 (length 130)
P003_WH05/P003_WH05:k141_36364_19 (length 131)
P003_WH05/P003_WH05:k141_36364_20 (length 337)
P003_WH05/P003_WH05:k141_36364_21 (length 152)
P003_WH05/P003_WH05:k141_36364_22 (length 162)
P003_WH05/P003_WH05:k141_36364_23 (length 63)
P003_WH05/P003_WH05:k141_36364_24 (length 73)
P003_WH05/P003_WH05:k141_36364_25 (length 449)
P003_WH05/P003_WH05:k141_1712_1 (length 158)
P003_WH05/P003_WH05:k141_1712_2 (length 224)
P003_WH05/P003_WH05:k141_1712_3 (length 120)
P003_WH05/P003_WH05:k141_158815_1 (length 176)
P003_WH05/P003_WH05:k141_158815_2 (length 187)
P003_WH05/P003_WH05:k141_158815_3 (length 156)
P003_WH05/P003_WH05:k141_158815_4 (length 39)
P003_WH05/P003_WH05:k141_158815_5 (length 188)
P003_WH05/P003_WH05:k141_158815_6 (length 393)
P003_WH05/P003_WH05:k141_158815_7 (length 109)
P003_WH05/P003_WH05:k141_2748_1 (length 2539)
P003_WH05/P003_WH05:k141_2748_2 (length 260)
P003_WH05/P003_WH05:k141_2748_3 (length 303)
P003_WH05/P003_WH05:k141_2748_4 (length 155)
P003_WH05/P003_WH05:k141_2748_5 (length 75)
P003_WH05/P003_WH05:k141_2748_6 (length 247)
P003_WH05/P003_WH05:k141_2748_7 (length 251)
P003_WH05/P003_WH05:k141_2748_8 (length 1426)
P003_WH05/P003_WH05:k141_2748_9 (length 560)
P003_WH05/P003_WH05:k141_2748_10 (length 145)
P003_WH05/P003_WH05:k141_2748_11 (length 1070)
P003_WH05/P003_WH05:k141_2748_12 (length 82)
P003_WH05/P003_WH05:k141_2748_13 (length 112)
P003_WH05/P003_WH05:k141_91795_1 (length 41)
P003_WH05/P003_WH05:k141_91795_2 (length 71)
P003_WH05/P003_WH05:k141_5752_1 (length 353)
P003_WH05/P003_WH05:k141_5752_2 (length 510)
P003_WH05/P003_WH05:k141_5752_3 (length 47)
P003_WH05/P003_WH05:k141_5752_4 (length 173)
P003_WH05/P003_WH05:k141_5752_5 (length 73)
P003_WH05/P003_WH05:k141_5752_6 (length 61)
P003_WH05/P003_WH05:k141_5752_7 (length 36)
P003_WH05/P003_WH05:k141_59669_1 (length 62)
P003_WH05/P003_WH05:k141_59669_2 (length 66)
P003_WH05/P003_WH05:k141_59669_3 (length 79)
P003_WH05/P003_WH05:k141_59669_4 (length 37)
P003_WH05/P003_WH05:k141_59669_5 (length 87)
P003_WH05/P003_WH05:k141_164021_1 (length 72)
P003_WH05/P003_WH05:k141_164021_2 (length 163)
P003_WH05/P003_WH05:k141_164021_3 (length 111)
P003_WH05/P003_WH05:k141_164021_4 (length 44)
P003_WH05/P003_WH05:k141_164021_5 (length 78)
P003_WH05/P003_WH05:k141_164021_6 (length 83)
P003_WH05/P003_WH05:k141_164021_7 (length 40)
P003_WH05/P003_WH05:k141_85986_1 (length 40)
P003_WH05/P003_WH05:k141_85986_2 (length 262)
P003_WH05/P003_WH05:k141_85986_3 (length 210)
P003_WH05/P003_WH05:k141_85986_4 (length 320)
P003_WH05/P003_WH05:k141_85986_5 (length 229)
P003_WH05/P003_WH05:k141_85986_6 (length 213)
P003_WH05/P003_WH05:k141_85986_7 (length 133)
P003_WH05/P003_WH05:k141_85986_8 (length 498)
P003_WH05/P003_WH05:k141_85986_9 (length 475)
P003_WH05/P003_WH05:k141_85986_10 (length 78)
P003_WH05/P003_WH05:k141_85986_11 (length 119)
P003_WH05/P003_WH05:k141_85986_12 (length 57)
P003_WH05/P003_WH05:k141_25026_1 (length 741)
P003_WH05/P003_WH05:k141_25026_2 (length 312)
P003_WH05/P003_WH05:k141_25026_3 (length 81)
P003_WH05/P003_WH05:k141_25026_4 (length 316)
P003_WH05/P003_WH05:k141_25026_5 (length 491)
P003_WH05/P003_WH05:k141_25026_6 (length 81)
P003_WH05/P003_WH05:k141_25026_7 (length 93)

DiscRep_ALL:DISC_SOURCE_QUALS_ASNDISC::strain (all present, all same)
DiscRep_SUB:DISC_SOURCE_QUALS_ASNDISC::12 sources have 'strain' for strain
DiscRep_ALL:DISC_SOURCE_QUALS_ASNDISC::taxname (all present, all same)
DiscRep_SUB:DISC_SOURCE_QUALS_ASNDISC::12 sources have 'Genus species' for taxname
DiscRep_ALL:DISC_FEATURE_COUNT::CDS: 98 present
DiscRep_ALL:DISC_FEATURE_COUNT::tRNA: 26 present
DiscRep_ALL:DISC_FEATURE_COUNT::rRNA: 4 present
DiscRep_ALL:DISC_COUNT_NUCLEOTIDES::12 nucleotide Bioseqs are present
P003_WH05/P003_WH05:k141_157963 (length 13936)
P003_WH05/P003_WH05:k141_36364 (length 21485)
P003_WH05/P003_WH05:k141_1712 (length 5268)
P003_WH05/P003_WH05:k141_158815 (length 6082)
P003_WH05/P003_WH05:k141_2748 (length 29965)
P003_WH05/P003_WH05:k141_91795 (length 2869)
P003_WH05/P003_WH05:k141_84144 (length 2328)
P003_WH05/P003_WH05:k141_5752 (length 8689)
P003_WH05/P003_WH05:k141_59669 (length 6079)
P003_WH05/P003_WH05:k141_164021 (length 5627)
P003_WH05/P003_WH05:k141_85986 (length 18028)
P003_WH05/P003_WH05:k141_25026 (length 8898)

DiscRep_ALL:FEATURE_LOCATION_CONFLICT::128 features have inconsistent gene locations.
DiscRep_SUB:FEATURE_LOCATION_CONFLICT::Coding region xref gene does not exist
P003_WH05/P003_WH05:CDS	hypothetical protein	k141_157963:c487-188	P003_WH05_00001

DiscRep_SUB:FEATURE_LOCATION_CONFLICT::Coding region xref gene does not exist
P003_WH05/P003_WH05:CDS	hypothetical protein	k141_157963:1772-1942	P003_WH05_00005

DiscRep_SUB:FEATURE_LOCATION_CONFLICT::Coding region xref gene does not exist
P003_WH05/P003_WH05:CDS	hypothetical protein	k141_157963:c3162-2725	P003_WH05_00006

DiscRep_SUB:FEATURE_LOCATION_CONFLICT::Coding region xref gene does not exist
P003_WH05/P003_WH05:CDS	photosystem II protein D2	k141_157963:3423-4484	P003_WH05_00007

DiscRep_SUB:FEATURE_LOCATION_CONFLICT::Coding region xref gene does not exist
P003_WH05/P003_WH05:CDS	photosystem II CP43 chlorophyll apoprotein	k141_157963:4468-5853	P003_WH05_00008

DiscRep_SUB:FEATURE_LOCATION_CONFLICT::Coding region xref gene does not exist
P003_WH05/P003_WH05:CDS	hypothetical protein	k141_157963:c6346-6215	P003_WH05_00010

DiscRep_SUB:FEATURE_LOCATION_CONFLICT::Coding region xref gene does not exist
P003_WH05/P003_WH05:CDS	hypothetical protein	k141_157963:c6625-6413	P003_WH05_00011

DiscRep_SUB:FEATURE_LOCATION_CONFLICT::Coding region xref gene does not exist
P003_WH05/P003_WH05:CDS	hypothetical protein	k141_157963:c7546-7343	P003_WH05_00014

DiscRep_SUB:FEATURE_LOCATION_CONFLICT::Coding region xref gene does not exist
P003_WH05/P003_WH05:CDS	photosystem I P700 apoprotein A2	k141_157963:c10001-7797	P003_WH05_00015

DiscRep_SUB:FEATURE_LOCATION_CONFLICT::Coding region xref gene does not exist
P003_WH05/P003_WH05:CDS	photosystem I P700 apoprotein A1	k141_157963:c12279-10027	P003_WH05_00016

DiscRep_SUB:FEATURE_LOCATION_CONFLICT::RNA feature xref gene does not exist
P003_WH05/P003_WH05:tRNA	Asp	k141_157963:c983-907	P003_WH05_00002

DiscRep_SUB:FEATURE_LOCATION_CONFLICT::RNA feature xref gene does not exist
P003_WH05/P003_WH05:tRNA	Tyr	k141_157963:c1166-1080	P003_WH05_00003

DiscRep_SUB:FEATURE_LOCATION_CONFLICT::RNA feature xref gene does not exist
P003_WH05/P003_WH05:tRNA	Glu	k141_157963:c1297-1225	P003_WH05_00004

DiscRep_SUB:FEATURE_LOCATION_CONFLICT::RNA feature xref gene does not exist
P003_WH05/P003_WH05:tRNA	Ser	k141_157963:c6125-6033	P003_WH05_00009

DiscRep_SUB:FEATURE_LOCATION_CONFLICT::RNA feature xref gene does not exist
P003_WH05/P003_WH05:tRNA	Gly	k141_157963:6887-6958	P003_WH05_00012

DiscRep_SUB:FEATURE_LOCATION_CONFLICT::RNA feature xref gene does not exist
P003_WH05/P003_WH05:tRNA	Met	k141_157963:c7208-7133	P003_WH05_00013

DiscRep_SUB:FEATURE_LOCATION_CONFLICT::RNA feature xref gene does not exist
P003_WH05/P003_WH05:tRNA	Met	k141_157963:12775-12849	P003_WH05_00017

DiscRep_SUB:FEATURE_LOCATION_CONFLICT::RNA feature xref gene does not exist
P003_WH05/P003_WH05:tRNA	Met	k141_157963:c13083-13011	P003_WH05_00018

DiscRep_SUB:FEATURE_LOCATION_CONFLICT::Coding region xref gene does not exist
P003_WH05/P003_WH05:CDS	hypothetical protein	k141_36364:20-343	P003_WH05_00019

DiscRep_SUB:FEATURE_LOCATION_CONFLICT::Coding region xref gene does not exist
P003_WH05/P003_WH05:CDS	hypothetical protein	k141_36364:c588-403	P003_WH05_00020

DiscRep_SUB:FEATURE_LOCATION_CONFLICT::Coding region xref gene does not exist
P003_WH05/P003_WH05:CDS	hypothetical protein	k141_36364:959-1870	P003_WH05_00021

DiscRep_SUB:FEATURE_LOCATION_CONFLICT::Coding region xref gene does not exist
P003_WH05/P003_WH05:CDS	hypothetical protein	k141_36364:c3214-2990	P003_WH05_00022

DiscRep_SUB:FEATURE_LOCATION_CONFLICT::Coding region xref gene does not exist
P003_WH05/P003_WH05:CDS	ATP synthase CF1 alpha subunit	k141_36364:c5010-3505	P003_WH05_00024

DiscRep_SUB:FEATURE_LOCATION_CONFLICT::Coding region xref gene does not exist
P003_WH05/P003_WH05:CDS	ATP synthase CF0 subunit I	k141_36364:c5451-5077	P003_WH05_00025

DiscRep_SUB:FEATURE_LOCATION_CONFLICT::Coding region xref gene does not exist
P003_WH05/P003_WH05:CDS	hypothetical protein	k141_36364:5487-5690	P003_WH05_00026

DiscRep_SUB:FEATURE_LOCATION_CONFLICT::Coding region xref gene does not exist
P003_WH05/P003_WH05:CDS	ATP synthase CF0 subunit I	k141_36364:c6375-6205	P003_WH05_00027

DiscRep_SUB:FEATURE_LOCATION_CONFLICT::Coding region xref gene does not exist
P003_WH05/P003_WH05:CDS	ATP synthase subunit c	k141_36364:c7117-6797	P003_WH05_00028

DiscRep_SUB:FEATURE_LOCATION_CONFLICT::Coding region xref gene does not exist
P003_WH05/P003_WH05:CDS	hypothetical protein	k141_36364:7996-8217	P003_WH05_00029

DiscRep_SUB:FEATURE_LOCATION_CONFLICT::Coding region xref gene does not exist
P003_WH05/P003_WH05:CDS	ribosomal protein L2	k141_36364:8335-8715	P003_WH05_00030

DiscRep_SUB:FEATURE_LOCATION_CONFLICT::Coding region xref gene does not exist
P003_WH05/P003_WH05:CDS	ribosomal protein L2	k141_36364:9305-9802	P003_WH05_00031

DiscRep_SUB:FEATURE_LOCATION_CONFLICT::Coding region xref gene does not exist
P003_WH05/P003_WH05:CDS	ribosomal protein S19	k141_36364:9859-10140	P003_WH05_00032

DiscRep_SUB:FEATURE_LOCATION_CONFLICT::Coding region xref gene does not exist
P003_WH05/P003_WH05:CDS	ribosomal protein L22	k141_36364:10195-10749	P003_WH05_00033

DiscRep_SUB:FEATURE_LOCATION_CONFLICT::Coding region xref gene does not exist
P003_WH05/P003_WH05:CDS	ribosomal protein S3	k141_36364:10734-11435	P003_WH05_00034

DiscRep_SUB:FEATURE_LOCATION_CONFLICT::Coding region xref gene does not exist
P003_WH05/P003_WH05:CDS	ribosomal protein L16	k141_36364:12668-13048	P003_WH05_00035

DiscRep_SUB:FEATURE_LOCATION_CONFLICT::Coding region xref gene does not exist
P003_WH05/P003_WH05:CDS	ribosomal protein L14	k141_36364:13165-13533	P003_WH05_00036

DiscRep_SUB:FEATURE_LOCATION_CONFLICT::Coding region xref gene does not exist
P003_WH05/P003_WH05:CDS	ribosomal protein S8	k141_36364:13723-14115	P003_WH05_00037

DiscRep_SUB:FEATURE_LOCATION_CONFLICT::Coding region xref gene does not exist
P003_WH05/P003_WH05:CDS	ribosomal protein S11	k141_36364:14834-15229	P003_WH05_00038

DiscRep_SUB:FEATURE_LOCATION_CONFLICT::Coding region xref gene does not exist
P003_WH05/P003_WH05:CDS	RNA polymerase alpha subunit	k141_36364:15310-16323	P003_WH05_00039

DiscRep_SUB:FEATURE_LOCATION_CONFLICT::Coding region xref gene does not exist
P003_WH05/P003_WH05:CDS	cytochrome b6/f complex subunit IV	k141_36364:c16937-16479	P003_WH05_00040

DiscRep_SUB:FEATURE_LOCATION_CONFLICT::Coding region xref gene does not exist
P003_WH05/P003_WH05:CDS	cytochrome b6	k141_36364:c18342-17854	P003_WH05_00041

DiscRep_SUB:FEATURE_LOCATION_CONFLICT::Coding region xref gene does not exist
P003_WH05/P003_WH05:CDS	hypothetical protein	k141_36364:c19024-18833	P003_WH05_00042

DiscRep_SUB:FEATURE_LOCATION_CONFLICT::Coding region xref gene does not exist
P003_WH05/P003_WH05:CDS	photosystem II phosphoprotein	k141_36364:c19507-19286	P003_WH05_00043

DiscRep_SUB:FEATURE_LOCATION_CONFLICT::Coding region xref gene does not exist
P003_WH05/P003_WH05:CDS	photosystem II CP47 chlorophyll apoprotein	k141_36364:c21470-20121	P003_WH05_00044

DiscRep_SUB:FEATURE_LOCATION_CONFLICT::RNA feature xref gene does not exist
P003_WH05/P003_WH05:tRNA	Arg	k141_36364:3326-3397	P003_WH05_00023

DiscRep_SUB:FEATURE_LOCATION_CONFLICT::Coding region xref gene does not exist
P003_WH05/P003_WH05:CDS	NADH-plastoquinone oxidoreductase subunit J	k141_1712:c3642-3166	P003_WH05_00047

DiscRep_SUB:FEATURE_LOCATION_CONFLICT::Coding region xref gene does not exist
P003_WH05/P003_WH05:CDS	NADH-plastoquinone oxidoreductase subunit K	k141_1712:c4430-3756	P003_WH05_00048

DiscRep_SUB:FEATURE_LOCATION_CONFLICT::Coding region xref gene does not exist
P003_WH05/P003_WH05:CDS	NADH-plastoquinone oxidoreductase subunit 3	k141_1712:c4842-4480	P003_WH05_00049

DiscRep_SUB:FEATURE_LOCATION_CONFLICT::RNA feature xref gene does not exist
P003_WH05/P003_WH05:tRNA	Thr	k141_1712:c787-713	P003_WH05_00045

DiscRep_SUB:FEATURE_LOCATION_CONFLICT::RNA feature xref gene does not exist
P003_WH05/P003_WH05:tRNA	Phe	k141_1712:2513-2586	P003_WH05_00046

DiscRep_SUB:FEATURE_LOCATION_CONFLICT::Coding region xref gene does not exist
P003_WH05/P003_WH05:CDS	NADH-plastoquinone oxidoreductase subunit 6	k141_158815:c916-386	P003_WH05_00050

DiscRep_SUB:FEATURE_LOCATION_CONFLICT::Coding region xref gene does not exist
P003_WH05/P003_WH05:CDS	NADH-plastoquinone oxidoreductase subunit I	k141_158815:c1880-1317	P003_WH05_00051

DiscRep_SUB:FEATURE_LOCATION_CONFLICT::Coding region xref gene does not exist
P003_WH05/P003_WH05:CDS	NADH-plastoquinone oxidoreductase subunit 1	k141_158815:c2373-1903	P003_WH05_00052

DiscRep_SUB:FEATURE_LOCATION_CONFLICT::Coding region xref gene does not exist
P003_WH05/P003_WH05:CDS	hypothetical protein	k141_158815:c3304-3185	P003_WH05_00053

DiscRep_SUB:FEATURE_LOCATION_CONFLICT::Coding region xref gene does not exist
P003_WH05/P003_WH05:CDS	NADH-plastoquinone oxidoreductase subunit 1	k141_158815:c4040-3474	P003_WH05_00054

DiscRep_SUB:FEATURE_LOCATION_CONFLICT::Coding region xref gene does not exist
P003_WH05/P003_WH05:CDS	NADH-plastoquinone oxidoreductase subunit 7	k141_158815:c5223-4042	P003_WH05_00055

DiscRep_SUB:FEATURE_LOCATION_CONFLICT::Coding region xref gene does not exist
P003_WH05/P003_WH05:CDS	hypothetical protein	k141_158815:c5647-5318	P003_WH05_00056

DiscRep_SUB:FEATURE_LOCATION_CONFLICT::Coding region xref gene does not exist
P003_WH05/P003_WH05:CDS	hypothetical protein	k141_2748:c7926-307	P003_WH05_00057

DiscRep_SUB:FEATURE_LOCATION_CONFLICT::Coding region xref gene does not exist
P003_WH05/P003_WH05:CDS	NADH-plastoquinone oxidoreductase subunit 2	k141_2748:c9608-8826	P003_WH05_00059

DiscRep_SUB:FEATURE_LOCATION_CONFLICT::Coding region xref gene does not exist
P003_WH05/P003_WH05:CDS	NAD(P)H-quinone oxidoreductase subunit 2, chloroplastic	k141_2748:c11030-10119	P003_WH05_00060

DiscRep_SUB:FEATURE_LOCATION_CONFLICT::Coding region xref gene does not exist
P003_WH05/P003_WH05:CDS	ribosomal protein S7	k141_2748:c11795-11328	P003_WH05_00061

DiscRep_SUB:FEATURE_LOCATION_CONFLICT::Coding region xref gene does not exist
P003_WH05/P003_WH05:CDS	hypothetical protein	k141_2748:12686-12913	P003_WH05_00062

DiscRep_SUB:FEATURE_LOCATION_CONFLICT::Coding region xref gene does not exist
P003_WH05/P003_WH05:CDS	ATP synthase CF0 subunit IV	k141_2748:c14332-13589	P003_WH05_00063

DiscRep_SUB:FEATURE_LOCATION_CONFLICT::Coding region xref gene does not exist
P003_WH05/P003_WH05:CDS	ribosomal protein S2	k141_2748:c15279-14524	P003_WH05_00064

DiscRep_SUB:FEATURE_LOCATION_CONFLICT::Coding region xref gene does not exist
P003_WH05/P003_WH05:CDS	RNA polymerase beta'' subunit	k141_2748:c19782-15502	P003_WH05_00065

DiscRep_SUB:FEATURE_LOCATION_CONFLICT::Coding region xref gene does not exist
P003_WH05/P003_WH05:CDS	RNA polymerase beta' subunit	k141_2748:c21525-19843	P003_WH05_00066

DiscRep_SUB:FEATURE_LOCATION_CONFLICT::Coding region xref gene does not exist
P003_WH05/P003_WH05:CDS	RNA polymerase beta' subunit	k141_2748:c22653-22216	P003_WH05_00067

DiscRep_SUB:FEATURE_LOCATION_CONFLICT::Coding region xref gene does not exist
P003_WH05/P003_WH05:CDS	RNA polymerase beta subunit	k141_2748:c25892-22680	P003_WH05_00068

DiscRep_SUB:FEATURE_LOCATION_CONFLICT::Coding region xref gene does not exist
P003_WH05/P003_WH05:CDS	putative chloroplast RF34	k141_2748:c28185-27937	P003_WH05_00069

DiscRep_SUB:FEATURE_LOCATION_CONFLICT::Coding region xref gene does not exist
P003_WH05/P003_WH05:CDS	hypothetical protein	k141_2748:c29946-29608	P003_WH05_00070

DiscRep_SUB:FEATURE_LOCATION_CONFLICT::RNA feature xref gene does not exist
P003_WH05/P003_WH05:tRNA	Met	k141_2748:8080-8154	P003_WH05_00058

DiscRep_SUB:FEATURE_LOCATION_CONFLICT::Coding region xref gene does not exist
P003_WH05/P003_WH05:CDS	hypothetical protein	k141_91795:2038-2163	P003_WH05_00073

DiscRep_SUB:FEATURE_LOCATION_CONFLICT::Coding region xref gene does not exist
P003_WH05/P003_WH05:CDS	hypothetical protein	k141_91795:2160-2375	P003_WH05_00074

DiscRep_SUB:FEATURE_LOCATION_CONFLICT::RNA feature xref gene does not exist
P003_WH05/P003_WH05:rRNA	23S ribosomal RNA (partial)	k141_91795:248-1551	P003_WH05_00071

DiscRep_SUB:FEATURE_LOCATION_CONFLICT::RNA feature xref gene does not exist
P003_WH05/P003_WH05:tRNA	Met	k141_91795:1902-1977	P003_WH05_00072

DiscRep_SUB:FEATURE_LOCATION_CONFLICT::RNA feature xref gene does not exist
P003_WH05/P003_WH05:rRNA	23S ribosomal RNA (partial)	k141_84144:1-1189	P003_WH05_00075

DiscRep_SUB:FEATURE_LOCATION_CONFLICT::RNA feature xref gene does not exist
P003_WH05/P003_WH05:tRNA	Arg	k141_84144:1753-1826	P003_WH05_00076

DiscRep_SUB:FEATURE_LOCATION_CONFLICT::RNA feature xref gene does not exist
P003_WH05/P003_WH05:tRNA	Asn	k141_84144:c2135-2062	P003_WH05_00077

DiscRep_SUB:FEATURE_LOCATION_CONFLICT::Coding region xref gene does not exist
P003_WH05/P003_WH05:CDS	photosystem II protein D1	k141_5752:c1742-681	P003_WH05_00079

DiscRep_SUB:FEATURE_LOCATION_CONFLICT::Coding region xref gene does not exist
P003_WH05/P003_WH05:CDS	maturase K	k141_5752:c3808-2276	P003_WH05_00080

DiscRep_SUB:FEATURE_LOCATION_CONFLICT::Coding region xref gene does not exist
P003_WH05/P003_WH05:CDS	hypothetical protein	k141_5752:4678-4821	P003_WH05_00081

DiscRep_SUB:FEATURE_LOCATION_CONFLICT::Coding region xref gene does not exist
P003_WH05/P003_WH05:CDS	hypothetical protein	k141_5752:c5874-5353	P003_WH05_00082

DiscRep_SUB:FEATURE_LOCATION_CONFLICT::Coding region xref gene does not exist
P003_WH05/P003_WH05:CDS	hypothetical protein	k141_5752:c6092-5871	P003_WH05_00083

DiscRep_SUB:FEATURE_LOCATION_CONFLICT::Coding region xref gene does not exist
P003_WH05/P003_WH05:CDS	photosystem II protein K	k141_5752:6984-7169	P003_WH05_00086

DiscRep_SUB:FEATURE_LOCATION_CONFLICT::Coding region xref gene does not exist
P003_WH05/P003_WH05:CDS	Photosystem II reaction center protein I	k141_5752:7610-7720	P003_WH05_00087

DiscRep_SUB:FEATURE_LOCATION_CONFLICT::RNA feature xref gene does not exist
P003_WH05/P003_WH05:tRNA	His	k141_5752:c337-264	P003_WH05_00078

DiscRep_SUB:FEATURE_LOCATION_CONFLICT::RNA feature xref gene does not exist
P003_WH05/P003_WH05:tRNA	Gln	k141_5752:c6387-6314	P003_WH05_00084

DiscRep_SUB:FEATURE_LOCATION_CONFLICT::RNA feature xref gene does not exist
P003_WH05/P003_WH05:tRNA	Gln	k141_5752:c6593-6522	P003_WH05_00085

DiscRep_SUB:FEATURE_LOCATION_CONFLICT::RNA feature xref gene does not exist
P003_WH05/P003_WH05:tRNA	Ser	k141_5752:c7946-7859	P003_WH05_00088

DiscRep_SUB:FEATURE_LOCATION_CONFLICT::Coding region xref gene does not exist
P003_WH05/P003_WH05:CDS	hypothetical protein	k141_59669:308-496	P003_WH05_00090

DiscRep_SUB:FEATURE_LOCATION_CONFLICT::Coding region xref gene does not exist
P003_WH05/P003_WH05:CDS	hypothetical protein	k141_59669:444-644	P003_WH05_00091

DiscRep_SUB:FEATURE_LOCATION_CONFLICT::Coding region xref gene does not exist
P003_WH05/P003_WH05:CDS	hypothetical protein	k141_59669:c2683-2444	P003_WH05_00093

DiscRep_SUB:FEATURE_LOCATION_CONFLICT::Coding region xref gene does not exist
P003_WH05/P003_WH05:CDS	hypothetical protein	k141_59669:3121-3234	P003_WH05_00094

DiscRep_SUB:FEATURE_LOCATION_CONFLICT::Coding region xref gene does not exist
P003_WH05/P003_WH05:CDS	hypothetical protein	k141_59669:3198-3461	P003_WH05_00095

DiscRep_SUB:FEATURE_LOCATION_CONFLICT::RNA feature xref gene does not exist
P003_WH05/P003_WH05:tRNA	Leu	k141_59669:c256-174	P003_WH05_00089

DiscRep_SUB:FEATURE_LOCATION_CONFLICT::RNA feature xref gene does not exist
P003_WH05/P003_WH05:rRNA	16S ribosomal RNA	k141_59669:827-2306	P003_WH05_00092

DiscRep_SUB:FEATURE_LOCATION_CONFLICT::RNA feature xref gene does not exist
P003_WH05/P003_WH05:rRNA	23S ribosomal RNA (partial)	k141_59669:4006-6079	P003_WH05_00096

DiscRep_SUB:FEATURE_LOCATION_CONFLICT::Coding region xref gene does not exist
P003_WH05/P003_WH05:CDS	hypothetical protein	k141_164021:78-296	P003_WH05_00097

DiscRep_SUB:FEATURE_LOCATION_CONFLICT::Coding region xref gene does not exist
P003_WH05/P003_WH05:CDS	hypothetical protein	k141_164021:644-1135	P003_WH05_00098

DiscRep_SUB:FEATURE_LOCATION_CONFLICT::Coding region xref gene does not exist
P003_WH05/P003_WH05:CDS	ribosomal protein S18	k141_164021:c1785-1450	P003_WH05_00099

DiscRep_SUB:FEATURE_LOCATION_CONFLICT::Coding region xref gene does not exist
P003_WH05/P003_WH05:CDS	photosystem I subunit IX	k141_164021:c2690-2556	P003_WH05_00100

DiscRep_SUB:FEATURE_LOCATION_CONFLICT::Coding region xref gene does not exist
P003_WH05/P003_WH05:CDS	hypothetical protein	k141_164021:c4320-4084	P003_WH05_00103

DiscRep_SUB:FEATURE_LOCATION_CONFLICT::Coding region xref gene does not exist
P003_WH05/P003_WH05:CDS	photosystem II cytochrome b559 alpha subunit	k141_164021:4730-4981	P003_WH05_00104

DiscRep_SUB:FEATURE_LOCATION_CONFLICT::Coding region xref gene does not exist
P003_WH05/P003_WH05:CDS	photosystem II protein J	k141_164021:5390-5512	P003_WH05_00105

DiscRep_SUB:FEATURE_LOCATION_CONFLICT::RNA feature xref gene does not exist
P003_WH05/P003_WH05:tRNA	Pro	k141_164021:3100-3173	P003_WH05_00101

DiscRep_SUB:FEATURE_LOCATION_CONFLICT::RNA feature xref gene does not exist
P003_WH05/P003_WH05:tRNA	Trp	k141_164021:3221-3294	P003_WH05_00102

DiscRep_SUB:FEATURE_LOCATION_CONFLICT::Coding region xref gene does not exist
P003_WH05/P003_WH05:CDS	photosystem II protein J	k141_85986:c238-116	P003_WH05_00106

DiscRep_SUB:FEATURE_LOCATION_CONFLICT::Coding region xref gene does not exist
P003_WH05/P003_WH05:CDS	hypothetical protein	k141_85986:c1036-248	P003_WH05_00107

DiscRep_SUB:FEATURE_LOCATION_CONFLICT::Coding region xref gene does not exist
P003_WH05/P003_WH05:CDS	ribosomal protein S4	k141_85986:c3396-2764	P003_WH05_00110

DiscRep_SUB:FEATURE_LOCATION_CONFLICT::Coding region xref gene does not exist
P003_WH05/P003_WH05:CDS	cytochrome f	k141_85986:c5212-4250	P003_WH05_00111

DiscRep_SUB:FEATURE_LOCATION_CONFLICT::Coding region xref gene does not exist
P003_WH05/P003_WH05:CDS	envelope membrane protein	k141_85986:c6105-5416	P003_WH05_00112

DiscRep_SUB:FEATURE_LOCATION_CONFLICT::Coding region xref gene does not exist
P003_WH05/P003_WH05:CDS	photosystem I assembly protein Ycf4	k141_85986:c7396-6755	P003_WH05_00113

DiscRep_SUB:FEATURE_LOCATION_CONFLICT::Coding region xref gene does not exist
P003_WH05/P003_WH05:CDS	ATP synthase CF1 epsilon subunit	k141_85986:c8528-8127	P003_WH05_00114

DiscRep_SUB:FEATURE_LOCATION_CONFLICT::Coding region xref gene does not exist
P003_WH05/P003_WH05:CDS	ATP synthase CF1 beta subunit	k141_85986:c10021-8525	P003_WH05_00115

DiscRep_SUB:FEATURE_LOCATION_CONFLICT::Coding region xref gene does not exist
P003_WH05/P003_WH05:CDS	ribulose-1,5-bisphosphate carboxylase/oxygenase large subunit	k141_85986:10822-12249	P003_WH05_00116

DiscRep_SUB:FEATURE_LOCATION_CONFLICT::Coding region xref gene does not exist
P003_WH05/P003_WH05:CDS	hypothetical protein	k141_85986:c13081-12845	P003_WH05_00117

DiscRep_SUB:FEATURE_LOCATION_CONFLICT::Coding region xref gene does not exist
P003_WH05/P003_WH05:CDS	hypothetical protein	k141_85986:16929-17288	P003_WH05_00119

DiscRep_SUB:FEATURE_LOCATION_CONFLICT::Coding region xref gene does not exist
P003_WH05/P003_WH05:CDS	hypothetical protein	k141_85986:c17727-17554	P003_WH05_00120

DiscRep_SUB:FEATURE_LOCATION_CONFLICT::RNA feature xref gene does not exist
P003_WH05/P003_WH05:tRNA	Val	k141_85986:c1264-1193	P003_WH05_00108

DiscRep_SUB:FEATURE_LOCATION_CONFLICT::RNA feature xref gene does not exist
P003_WH05/P003_WH05:tRNA	Ser	k141_85986:2372-2458	P003_WH05_00109

DiscRep_SUB:FEATURE_LOCATION_CONFLICT::RNA feature xref gene does not exist
P003_WH05/P003_WH05:tRNA	Cys	k141_85986:13711-13781	P003_WH05_00118

DiscRep_SUB:FEATURE_LOCATION_CONFLICT::Coding region xref gene does not exist
P003_WH05/P003_WH05:CDS	NADH-plastoquinone oxidoreductase subunit 5	k141_25026:c2495-270	P003_WH05_00121

DiscRep_SUB:FEATURE_LOCATION_CONFLICT::Coding region xref gene does not exist
P003_WH05/P003_WH05:CDS	hypothetical protein	k141_25026:2850-3788	P003_WH05_00122

DiscRep_SUB:FEATURE_LOCATION_CONFLICT::Coding region xref gene does not exist
P003_WH05/P003_WH05:CDS	hypothetical protein	k141_25026:4136-4381	P003_WH05_00123

DiscRep_SUB:FEATURE_LOCATION_CONFLICT::Coding region xref gene does not exist
P003_WH05/P003_WH05:CDS	cytochrome c heme attachment protein	k141_25026:5198-6148	P003_WH05_00125

DiscRep_SUB:FEATURE_LOCATION_CONFLICT::Coding region xref gene does not exist
P003_WH05/P003_WH05:CDS	NADH-plastoquinone oxidoreductase subunit 4	k141_25026:c7924-6449	P003_WH05_00126

DiscRep_SUB:FEATURE_LOCATION_CONFLICT::Coding region xref gene does not exist
P003_WH05/P003_WH05:CDS	photosystem I subunit VII	k141_25026:c8333-8088	P003_WH05_00127

DiscRep_SUB:FEATURE_LOCATION_CONFLICT::Coding region xref gene does not exist
P003_WH05/P003_WH05:CDS	NADH-plastoquinone oxidoreductase subunit 4L	k141_25026:c8894-8613	P003_WH05_00128

DiscRep_SUB:FEATURE_LOCATION_CONFLICT::RNA feature xref gene does not exist
P003_WH05/P003_WH05:tRNA	Leu	k141_25026:5017-5096	P003_WH05_00124

DiscRep_ALL:SUSPECT_PRODUCT_NAMES::2 product_names contain suspect phrase or characters
DiscRep_SUB:SUSPECT_PRODUCT_NAMES::May contain database identifier more appropriate in note; remove from product name
DiscRep_SUB:SUSPECT_PRODUCT_NAMES::2 features contains three or more numbers together that may be identifiers more appropriate in note
P003_WH05/P003_WH05:CDS	photosystem I P700 apoprotein A2	k141_157963:c10001-7797	P003_WH05_00015
P003_WH05/P003_WH05:CDS	photosystem I P700 apoprotein A1	k141_157963:c12279-10027	P003_WH05_00016

DiscRep_ALL:DISC_QUALITY_SCORES::Quality scores are missing on all sequences.

FATAL: DiscRep_ALL:DISC_SUSPECT_RRNA_PRODUCTS::3 rRNA product names contain suspect phrase
FATAL: DiscRep_SUB:DISC_SUSPECT_RRNA_PRODUCTS::3 rRNA product names contains 'partial'
P003_WH05/P003_WH05:rRNA	23S ribosomal RNA (partial)	k141_91795:248-1551	P003_WH05_00071
P003_WH05/P003_WH05:rRNA	23S ribosomal RNA (partial)	k141_84144:1-1189	P003_WH05_00075
P003_WH05/P003_WH05:rRNA	23S ribosomal RNA (partial)	k141_59669:4006-6079	P003_WH05_00096

FATAL: DiscRep_ALL:DISC_SHORT_RRNA::2 rRNA features are too short
P003_WH05/P003_WH05:rRNA	23S ribosomal RNA (partial)	k141_91795:248-1551	P003_WH05_00071
P003_WH05/P003_WH05:rRNA	23S ribosomal RNA (partial)	k141_84144:1-1189	P003_WH05_00075

DiscRep_ALL:ONCALLER_COMMENT_PRESENT::12 comment descriptors were found (all same)
P003_WH05/P003_WH05:k141_157963:Annotated using prokka 1.14.5 from https://github.com/tseemann/prokka
P003_WH05/P003_WH05:k141_36364:Annotated using prokka 1.14.5 from https://github.com/tseemann/prokka
P003_WH05/P003_WH05:k141_1712:Annotated using prokka 1.14.5 from https://github.com/tseemann/prokka
P003_WH05/P003_WH05:k141_158815:Annotated using prokka 1.14.5 from https://github.com/tseemann/prokka
P003_WH05/P003_WH05:k141_2748:Annotated using prokka 1.14.5 from https://github.com/tseemann/prokka
P003_WH05/P003_WH05:k141_91795:Annotated using prokka 1.14.5 from https://github.com/tseemann/prokka
P003_WH05/P003_WH05:k141_84144:Annotated using prokka 1.14.5 from https://github.com/tseemann/prokka
P003_WH05/P003_WH05:k141_5752:Annotated using prokka 1.14.5 from https://github.com/tseemann/prokka
P003_WH05/P003_WH05:k141_59669:Annotated using prokka 1.14.5 from https://github.com/tseemann/prokka
P003_WH05/P003_WH05:k141_164021:Annotated using prokka 1.14.5 from https://github.com/tseemann/prokka
P003_WH05/P003_WH05:k141_85986:Annotated using prokka 1.14.5 from https://github.com/tseemann/prokka
P003_WH05/P003_WH05:k141_25026:Annotated using prokka 1.14.5 from https://github.com/tseemann/prokka

DiscRep_ALL:SHORT_PROT_SEQUENCES::9 protein sequences are shorter than 50 aa.
P003_WH05/P003_WH05:k141_157963_6 (length 43)
P003_WH05/P003_WH05:k141_158815_4 (length 39)
P003_WH05/P003_WH05:k141_91795_1 (length 41)
P003_WH05/P003_WH05:k141_5752_3 (length 47)
P003_WH05/P003_WH05:k141_5752_7 (length 36)
P003_WH05/P003_WH05:k141_59669_4 (length 37)
P003_WH05/P003_WH05:k141_164021_4 (length 44)
P003_WH05/P003_WH05:k141_164021_7 (length 40)
P003_WH05/P003_WH05:k141_85986_1 (length 40)

DiscRep_ALL:MISSING_GENOMEASSEMBLY_COMMENTS::12 bioseqs are missing GenomeAssembly structured comments
P003_WH05/P003_WH05:k141_157963 (length 13936)
P003_WH05/P003_WH05:k141_36364 (length 21485)
P003_WH05/P003_WH05:k141_1712 (length 5268)
P003_WH05/P003_WH05:k141_158815 (length 6082)
P003_WH05/P003_WH05:k141_2748 (length 29965)
P003_WH05/P003_WH05:k141_91795 (length 2869)
P003_WH05/P003_WH05:k141_84144 (length 2328)
P003_WH05/P003_WH05:k141_5752 (length 8689)
P003_WH05/P003_WH05:k141_59669 (length 6079)
P003_WH05/P003_WH05:k141_164021 (length 5627)
P003_WH05/P003_WH05:k141_85986 (length 18028)
P003_WH05/P003_WH05:k141_25026 (length 8898)

DiscRep_ALL:MOLTYPE_NOT_MRNA::12 molecule types are not set as mRNA.
P003_WH05/P003_WH05:k141_157963 (length 13936)
P003_WH05/P003_WH05:k141_36364 (length 21485)
P003_WH05/P003_WH05:k141_1712 (length 5268)
P003_WH05/P003_WH05:k141_158815 (length 6082)
P003_WH05/P003_WH05:k141_2748 (length 29965)
P003_WH05/P003_WH05:k141_91795 (length 2869)
P003_WH05/P003_WH05:k141_84144 (length 2328)
P003_WH05/P003_WH05:k141_5752 (length 8689)
P003_WH05/P003_WH05:k141_59669 (length 6079)
P003_WH05/P003_WH05:k141_164021 (length 5627)
P003_WH05/P003_WH05:k141_85986 (length 18028)
P003_WH05/P003_WH05:k141_25026 (length 8898)

DiscRep_ALL:TECHNIQUE_NOT_TSA::12 technique are not set as TSA
P003_WH05/P003_WH05:k141_157963 (length 13936)
P003_WH05/P003_WH05:k141_36364 (length 21485)
P003_WH05/P003_WH05:k141_1712 (length 5268)
P003_WH05/P003_WH05:k141_158815 (length 6082)
P003_WH05/P003_WH05:k141_2748 (length 29965)
P003_WH05/P003_WH05:k141_91795 (length 2869)
P003_WH05/P003_WH05:k141_84144 (length 2328)
P003_WH05/P003_WH05:k141_5752 (length 8689)
P003_WH05/P003_WH05:k141_59669 (length 6079)
P003_WH05/P003_WH05:k141_164021 (length 5627)
P003_WH05/P003_WH05:k141_85986 (length 18028)
P003_WH05/P003_WH05:k141_25026 (length 8898)

DiscRep_ALL:MISSING_STRUCTURED_COMMENT::12 sequences do not include structured comments.
P003_WH05/P003_WH05:k141_157963 (length 13936)
P003_WH05/P003_WH05:k141_36364 (length 21485)
P003_WH05/P003_WH05:k141_1712 (length 5268)
P003_WH05/P003_WH05:k141_158815 (length 6082)
P003_WH05/P003_WH05:k141_2748 (length 29965)
P003_WH05/P003_WH05:k141_91795 (length 2869)
P003_WH05/P003_WH05:k141_84144 (length 2328)
P003_WH05/P003_WH05:k141_5752 (length 8689)
P003_WH05/P003_WH05:k141_59669 (length 6079)
P003_WH05/P003_WH05:k141_164021 (length 5627)
P003_WH05/P003_WH05:k141_85986 (length 18028)
P003_WH05/P003_WH05:k141_25026 (length 8898)

DiscRep_ALL:MISSING_PROJECT::110 sequences do not include project.
P003_WH05/P003_WH05:k141_157963 (length 13936)
P003_WH05/P003_WH05:k141_157963_1 (length 99)
P003_WH05/P003_WH05:k141_157963_2 (length 56)
P003_WH05/P003_WH05:k141_157963_3 (length 145)
P003_WH05/P003_WH05:k141_157963_4 (length 353)
P003_WH05/P003_WH05:k141_157963_5 (length 461)
P003_WH05/P003_WH05:k141_157963_6 (length 43)
P003_WH05/P003_WH05:k141_157963_7 (length 70)
P003_WH05/P003_WH05:k141_157963_8 (length 67)
P003_WH05/P003_WH05:k141_157963_9 (length 734)
P003_WH05/P003_WH05:k141_157963_10 (length 750)
P003_WH05/P003_WH05:k141_36364 (length 21485)
P003_WH05/P003_WH05:k141_36364_1 (length 107)
P003_WH05/P003_WH05:k141_36364_2 (length 61)
P003_WH05/P003_WH05:k141_36364_3 (length 303)
P003_WH05/P003_WH05:k141_36364_4 (length 74)
P003_WH05/P003_WH05:k141_36364_5 (length 501)
P003_WH05/P003_WH05:k141_36364_6 (length 124)
P003_WH05/P003_WH05:k141_36364_7 (length 67)
P003_WH05/P003_WH05:k141_36364_8 (length 56)
P003_WH05/P003_WH05:k141_36364_9 (length 106)
P003_WH05/P003_WH05:k141_36364_10 (length 73)
P003_WH05/P003_WH05:k141_36364_11 (length 126)
P003_WH05/P003_WH05:k141_36364_12 (length 165)
P003_WH05/P003_WH05:k141_36364_13 (length 93)
P003_WH05/P003_WH05:k141_36364_14 (length 184)
P003_WH05/P003_WH05:k141_36364_15 (length 233)
P003_WH05/P003_WH05:k141_36364_16 (length 126)
P003_WH05/P003_WH05:k141_36364_17 (length 122)
P003_WH05/P003_WH05:k141_36364_18 (length 130)
P003_WH05/P003_WH05:k141_36364_19 (length 131)
P003_WH05/P003_WH05:k141_36364_20 (length 337)
P003_WH05/P003_WH05:k141_36364_21 (length 152)
P003_WH05/P003_WH05:k141_36364_22 (length 162)
P003_WH05/P003_WH05:k141_36364_23 (length 63)
P003_WH05/P003_WH05:k141_36364_24 (length 73)
P003_WH05/P003_WH05:k141_36364_25 (length 449)
P003_WH05/P003_WH05:k141_1712 (length 5268)
P003_WH05/P003_WH05:k141_1712_1 (length 158)
P003_WH05/P003_WH05:k141_1712_2 (length 224)
P003_WH05/P003_WH05:k141_1712_3 (length 120)
P003_WH05/P003_WH05:k141_158815 (length 6082)
P003_WH05/P003_WH05:k141_158815_1 (length 176)
P003_WH05/P003_WH05:k141_158815_2 (length 187)
P003_WH05/P003_WH05:k141_158815_3 (length 156)
P003_WH05/P003_WH05:k141_158815_4 (length 39)
P003_WH05/P003_WH05:k141_158815_5 (length 188)
P003_WH05/P003_WH05:k141_158815_6 (length 393)
P003_WH05/P003_WH05:k141_158815_7 (length 109)
P003_WH05/P003_WH05:k141_2748 (length 29965)
P003_WH05/P003_WH05:k141_2748_1 (length 2539)
P003_WH05/P003_WH05:k141_2748_2 (length 260)
P003_WH05/P003_WH05:k141_2748_3 (length 303)
P003_WH05/P003_WH05:k141_2748_4 (length 155)
P003_WH05/P003_WH05:k141_2748_5 (length 75)
P003_WH05/P003_WH05:k141_2748_6 (length 247)
P003_WH05/P003_WH05:k141_2748_7 (length 251)
P003_WH05/P003_WH05:k141_2748_8 (length 1426)
P003_WH05/P003_WH05:k141_2748_9 (length 560)
P003_WH05/P003_WH05:k141_2748_10 (length 145)
P003_WH05/P003_WH05:k141_2748_11 (length 1070)
P003_WH05/P003_WH05:k141_2748_12 (length 82)
P003_WH05/P003_WH05:k141_2748_13 (length 112)
P003_WH05/P003_WH05:k141_91795 (length 2869)
P003_WH05/P003_WH05:k141_91795_1 (length 41)
P003_WH05/P003_WH05:k141_91795_2 (length 71)
P003_WH05/P003_WH05:k141_84144 (length 2328)
P003_WH05/P003_WH05:k141_5752 (length 8689)
P003_WH05/P003_WH05:k141_5752_1 (length 353)
P003_WH05/P003_WH05:k141_5752_2 (length 510)
P003_WH05/P003_WH05:k141_5752_3 (length 47)
P003_WH05/P003_WH05:k141_5752_4 (length 173)
P003_WH05/P003_WH05:k141_5752_5 (length 73)
P003_WH05/P003_WH05:k141_5752_6 (length 61)
P003_WH05/P003_WH05:k141_5752_7 (length 36)
P003_WH05/P003_WH05:k141_59669 (length 6079)
P003_WH05/P003_WH05:k141_59669_1 (length 62)
P003_WH05/P003_WH05:k141_59669_2 (length 66)
P003_WH05/P003_WH05:k141_59669_3 (length 79)
P003_WH05/P003_WH05:k141_59669_4 (length 37)
P003_WH05/P003_WH05:k141_59669_5 (length 87)
P003_WH05/P003_WH05:k141_164021 (length 5627)
P003_WH05/P003_WH05:k141_164021_1 (length 72)
P003_WH05/P003_WH05:k141_164021_2 (length 163)
P003_WH05/P003_WH05:k141_164021_3 (length 111)
P003_WH05/P003_WH05:k141_164021_4 (length 44)
P003_WH05/P003_WH05:k141_164021_5 (length 78)
P003_WH05/P003_WH05:k141_164021_6 (length 83)
P003_WH05/P003_WH05:k141_164021_7 (length 40)
P003_WH05/P003_WH05:k141_85986 (length 18028)
P003_WH05/P003_WH05:k141_85986_1 (length 40)
P003_WH05/P003_WH05:k141_85986_2 (length 262)
P003_WH05/P003_WH05:k141_85986_3 (length 210)
P003_WH05/P003_WH05:k141_85986_4 (length 320)
P003_WH05/P003_WH05:k141_85986_5 (length 229)
P003_WH05/P003_WH05:k141_85986_6 (length 213)
P003_WH05/P003_WH05:k141_85986_7 (length 133)
P003_WH05/P003_WH05:k141_85986_8 (length 498)
P003_WH05/P003_WH05:k141_85986_9 (length 475)
P003_WH05/P003_WH05:k141_85986_10 (length 78)
P003_WH05/P003_WH05:k141_85986_11 (length 119)
P003_WH05/P003_WH05:k141_85986_12 (length 57)
P003_WH05/P003_WH05:k141_25026 (length 8898)
P003_WH05/P003_WH05:k141_25026_1 (length 741)
P003_WH05/P003_WH05:k141_25026_2 (length 312)
P003_WH05/P003_WH05:k141_25026_3 (length 81)
P003_WH05/P003_WH05:k141_25026_4 (length 316)
P003_WH05/P003_WH05:k141_25026_5 (length 491)
P003_WH05/P003_WH05:k141_25026_6 (length 81)
P003_WH05/P003_WH05:k141_25026_7 (length 93)

FATAL: DiscRep_ALL:RRNA_NAME_CONFLICTS::3 rRNA product names are not standard. Correct the names to the standard format, eg "16S ribosomal RNA"
P003_WH05/P003_WH05:rRNA	23S ribosomal RNA (partial)	k141_91795:248-1551	P003_WH05_00071
P003_WH05/P003_WH05:rRNA	23S ribosomal RNA (partial)	k141_84144:1-1189	P003_WH05_00075
P003_WH05/P003_WH05:rRNA	23S ribosomal RNA (partial)	k141_59669:4006-6079	P003_WH05_00096

DiscRep_ALL:DISC_INCONSISTENT_MOLINFO_TECH::Molinfo Technique Report (some missing, all same)
DiscRep_SUB:DISC_INCONSISTENT_MOLINFO_TECH::technique (all missing)
DiscRep_SUB:DISC_INCONSISTENT_MOLINFO_TECH::12 Molinfos are missing field technique
P003_WH05/P003_WH05:k141_1712 (length 5268)
P003_WH05/P003_WH05:k141_2748 (length 29965)
P003_WH05/P003_WH05:k141_5752 (length 8689)
P003_WH05/P003_WH05:k141_25026 (length 8898)
P003_WH05/P003_WH05:k141_36364 (length 21485)
P003_WH05/P003_WH05:k141_59669 (length 6079)
P003_WH05/P003_WH05:k141_84144 (length 2328)
P003_WH05/P003_WH05:k141_85986 (length 18028)
P003_WH05/P003_WH05:k141_91795 (length 2869)
P003_WH05/P003_WH05:k141_157963 (length 13936)
P003_WH05/P003_WH05:k141_158815 (length 6082)
P003_WH05/P003_WH05:k141_164021 (length 5627)

