Discrepancy Report Results

Summary
FATAL: MISSING_PROTEIN_ID:85 proteins have invalid IDs.
DISC_SOURCE_QUALS_ASNDISC:strain (all present, all same)
DISC_SOURCE_QUALS_ASNDISC:taxname (all present, all same)
DISC_FEATURE_COUNT:CDS: 85 present
DISC_FEATURE_COUNT:tRNA: 20 present
DISC_FEATURE_COUNT:rRNA: 2 present
DISC_COUNT_NUCLEOTIDES:2 nucleotide Bioseqs are present
FEATURE_LOCATION_CONFLICT:107 features have inconsistent gene locations.
SUSPECT_PRODUCT_NAMES:2 product_names contain suspect phrase or characters
	May contain database identifier more appropriate in note; remove from product name
		2 features contains three or more numbers together that may be identifiers more appropriate in note
DISC_QUALITY_SCORES:Quality scores are missing on all sequences.
ONCALLER_COMMENT_PRESENT:2 comment descriptors were found (all same)
SHORT_PROT_SEQUENCES:8 protein sequences are shorter than 50 aa.
MISSING_GENOMEASSEMBLY_COMMENTS:2 bioseqs are missing GenomeAssembly structured comments
MOLTYPE_NOT_MRNA:2 molecule types are not set as mRNA.
TECHNIQUE_NOT_TSA:2 technique are not set as TSA
MISSING_STRUCTURED_COMMENT:2 sequences do not include structured comments.
MISSING_PROJECT:87 sequences do not include project.
DISC_INCONSISTENT_MOLINFO_TECH:Molinfo Technique Report (some missing, all same)


Detailed Report

FATAL: DiscRep_ALL:MISSING_PROTEIN_ID::85 proteins have invalid IDs.
P003_WA03/P003_WA03:k141_47497_1 (length 87)
P003_WA03/P003_WA03:k141_47497_2 (length 393)
P003_WA03/P003_WA03:k141_47497_3 (length 188)
P003_WA03/P003_WA03:k141_47497_4 (length 156)
P003_WA03/P003_WA03:k141_47497_5 (length 170)
P003_WA03/P003_WA03:k141_47497_6 (length 176)
P003_WA03/P003_WA03:k141_47497_7 (length 101)
P003_WA03/P003_WA03:k141_47497_8 (length 81)
P003_WA03/P003_WA03:k141_47497_9 (length 506)
P003_WA03/P003_WA03:k141_47497_10 (length 321)
P003_WA03/P003_WA03:k141_47497_11 (length 127)
P003_WA03/P003_WA03:k141_47497_12 (length 747)
P003_WA03/P003_WA03:k141_21212_1 (length 1875)
P003_WA03/P003_WA03:k141_21212_2 (length 43)
P003_WA03/P003_WA03:k141_21212_3 (length 72)
P003_WA03/P003_WA03:k141_21212_4 (length 98)
P003_WA03/P003_WA03:k141_21212_5 (length 155)
P003_WA03/P003_WA03:k141_21212_6 (length 303)
P003_WA03/P003_WA03:k141_21212_7 (length 260)
P003_WA03/P003_WA03:k141_21212_8 (length 81)
P003_WA03/P003_WA03:k141_21212_9 (length 2087)
P003_WA03/P003_WA03:k141_21212_10 (length 102)
P003_WA03/P003_WA03:k141_21212_11 (length 133)
P003_WA03/P003_WA03:k141_21212_12 (length 165)
P003_WA03/P003_WA03:k141_21212_13 (length 92)
P003_WA03/P003_WA03:k141_21212_14 (length 149)
P003_WA03/P003_WA03:k141_21212_15 (length 218)
P003_WA03/P003_WA03:k141_21212_16 (length 36)
P003_WA03/P003_WA03:k141_21212_17 (length 119)
P003_WA03/P003_WA03:k141_21212_18 (length 122)
P003_WA03/P003_WA03:k141_21212_19 (length 134)
P003_WA03/P003_WA03:k141_21212_20 (length 77)
P003_WA03/P003_WA03:k141_21212_21 (length 62)
P003_WA03/P003_WA03:k141_21212_22 (length 51)
P003_WA03/P003_WA03:k141_21212_23 (length 334)
P003_WA03/P003_WA03:k141_21212_24 (length 152)
P003_WA03/P003_WA03:k141_21212_25 (length 162)
P003_WA03/P003_WA03:k141_21212_26 (length 73)
P003_WA03/P003_WA03:k141_21212_27 (length 33)
P003_WA03/P003_WA03:k141_21212_28 (length 508)
P003_WA03/P003_WA03:k141_21212_29 (length 80)
P003_WA03/P003_WA03:k141_21212_30 (length 86)
P003_WA03/P003_WA03:k141_21212_31 (length 64)
P003_WA03/P003_WA03:k141_21212_32 (length 39)
P003_WA03/P003_WA03:k141_21212_33 (length 91)
P003_WA03/P003_WA03:k141_21212_34 (length 88)
P003_WA03/P003_WA03:k141_21212_35 (length 75)
P003_WA03/P003_WA03:k141_21212_36 (length 130)
P003_WA03/P003_WA03:k141_21212_37 (length 104)
P003_WA03/P003_WA03:k141_21212_38 (length 64)
P003_WA03/P003_WA03:k141_21212_39 (length 47)
P003_WA03/P003_WA03:k141_21212_40 (length 93)
P003_WA03/P003_WA03:k141_21212_41 (length 320)
P003_WA03/P003_WA03:k141_21212_42 (length 268)
P003_WA03/P003_WA03:k141_21212_43 (length 184)
P003_WA03/P003_WA03:k141_21212_44 (length 490)
P003_WA03/P003_WA03:k141_21212_45 (length 475)
P003_WA03/P003_WA03:k141_21212_46 (length 498)
P003_WA03/P003_WA03:k141_21212_47 (length 134)
P003_WA03/P003_WA03:k141_21212_48 (length 70)
P003_WA03/P003_WA03:k141_21212_49 (length 120)
P003_WA03/P003_WA03:k141_21212_50 (length 246)
P003_WA03/P003_WA03:k141_21212_51 (length 185)
P003_WA03/P003_WA03:k141_21212_52 (length 47)
P003_WA03/P003_WA03:k141_21212_53 (length 198)
P003_WA03/P003_WA03:k141_21212_54 (length 51)
P003_WA03/P003_WA03:k141_21212_55 (length 49)
P003_WA03/P003_WA03:k141_21212_56 (length 82)
P003_WA03/P003_WA03:k141_21212_57 (length 96)
P003_WA03/P003_WA03:k141_21212_58 (length 765)
P003_WA03/P003_WA03:k141_21212_59 (length 734)
P003_WA03/P003_WA03:k141_21212_60 (length 71)
P003_WA03/P003_WA03:k141_21212_61 (length 473)
P003_WA03/P003_WA03:k141_21212_62 (length 353)
P003_WA03/P003_WA03:k141_21212_63 (length 53)
P003_WA03/P003_WA03:k141_21212_64 (length 53)
P003_WA03/P003_WA03:k141_21212_65 (length 1076)
P003_WA03/P003_WA03:k141_21212_66 (length 145)
P003_WA03/P003_WA03:k141_21212_67 (length 31)
P003_WA03/P003_WA03:k141_21212_68 (length 475)
P003_WA03/P003_WA03:k141_21212_69 (length 1359)
P003_WA03/P003_WA03:k141_21212_70 (length 223)
P003_WA03/P003_WA03:k141_21212_71 (length 247)
P003_WA03/P003_WA03:k141_21212_72 (length 106)
P003_WA03/P003_WA03:k141_21212_73 (length 56)

DiscRep_ALL:DISC_SOURCE_QUALS_ASNDISC::strain (all present, all same)
DiscRep_SUB:DISC_SOURCE_QUALS_ASNDISC::2 sources have 'strain' for strain
DiscRep_ALL:DISC_SOURCE_QUALS_ASNDISC::taxname (all present, all same)
DiscRep_SUB:DISC_SOURCE_QUALS_ASNDISC::2 sources have 'Genus species' for taxname
DiscRep_ALL:DISC_FEATURE_COUNT::CDS: 85 present
DiscRep_ALL:DISC_FEATURE_COUNT::tRNA: 20 present
DiscRep_ALL:DISC_FEATURE_COUNT::rRNA: 2 present
DiscRep_ALL:DISC_COUNT_NUCLEOTIDES::2 nucleotide Bioseqs are present
P003_WA03/P003_WA03:k141_47497 (length 13443)
P003_WA03/P003_WA03:k141_21212 (length 103150)

DiscRep_ALL:FEATURE_LOCATION_CONFLICT::107 features have inconsistent gene locations.
DiscRep_SUB:FEATURE_LOCATION_CONFLICT::Coding region xref gene does not exist
P003_WA03/P003_WA03:CDS	ribosomal protein S15	k141_47497:180-443	P003_WA03_00001

DiscRep_SUB:FEATURE_LOCATION_CONFLICT::Coding region xref gene does not exist
P003_WA03/P003_WA03:CDS	NADH-plastoquinone oxidoreductase subunit 7	k141_47497:538-1719	P003_WA03_00002

DiscRep_SUB:FEATURE_LOCATION_CONFLICT::Coding region xref gene does not exist
P003_WA03/P003_WA03:CDS	NADH-plastoquinone oxidoreductase subunit 1	k141_47497:1721-2287	P003_WA03_00003

DiscRep_SUB:FEATURE_LOCATION_CONFLICT::Coding region xref gene does not exist
P003_WA03/P003_WA03:CDS	NADH-plastoquinone oxidoreductase subunit 1	k141_47497:3378-3848	P003_WA03_00004

DiscRep_SUB:FEATURE_LOCATION_CONFLICT::Coding region xref gene does not exist
P003_WA03/P003_WA03:CDS	NADH-plastoquinone oxidoreductase subunit I	k141_47497:3950-4462	P003_WA03_00005

DiscRep_SUB:FEATURE_LOCATION_CONFLICT::Coding region xref gene does not exist
P003_WA03/P003_WA03:CDS	NADH-plastoquinone oxidoreductase subunit 6	k141_47497:4786-5316	P003_WA03_00006

DiscRep_SUB:FEATURE_LOCATION_CONFLICT::Coding region xref gene does not exist
P003_WA03/P003_WA03:CDS	NADH-plastoquinone oxidoreductase subunit 4L	k141_47497:5533-5838	P003_WA03_00007

DiscRep_SUB:FEATURE_LOCATION_CONFLICT::Coding region xref gene does not exist
P003_WA03/P003_WA03:CDS	photosystem I subunit VII	k141_47497:6078-6323	P003_WA03_00008

DiscRep_SUB:FEATURE_LOCATION_CONFLICT::Coding region xref gene does not exist
P003_WA03/P003_WA03:CDS	NADH-plastoquinone oxidoreductase subunit 4	k141_47497:6451-7971	P003_WA03_00009

DiscRep_SUB:FEATURE_LOCATION_CONFLICT::Coding region xref gene does not exist
P003_WA03/P003_WA03:CDS	cytochrome c heme attachment protein	k141_47497:c9095-8130	P003_WA03_00010

DiscRep_SUB:FEATURE_LOCATION_CONFLICT::Coding region xref gene does not exist
P003_WA03/P003_WA03:CDS	hypothetical protein	k141_47497:9965-10348	P003_WA03_00012

DiscRep_SUB:FEATURE_LOCATION_CONFLICT::Coding region xref gene does not exist
P003_WA03/P003_WA03:CDS	NADH-plastoquinone oxidoreductase subunit 5	k141_47497:11120-13363	P003_WA03_00013

DiscRep_SUB:FEATURE_LOCATION_CONFLICT::RNA feature xref gene does not exist
P003_WA03/P003_WA03:tRNA	Leu	k141_47497:c9298-9218	P003_WA03_00011

DiscRep_SUB:FEATURE_LOCATION_CONFLICT::Coding region xref gene does not exist
P003_WA03/P003_WA03:CDS	hypothetical protein	k141_21212:c5884-257	P003_WA03_00014

DiscRep_SUB:FEATURE_LOCATION_CONFLICT::Coding region xref gene does not exist
P003_WA03/P003_WA03:CDS	hypothetical protein	k141_21212:c6620-6489	P003_WA03_00016

DiscRep_SUB:FEATURE_LOCATION_CONFLICT::Coding region xref gene does not exist
P003_WA03/P003_WA03:CDS	hypothetical protein	k141_21212:c12097-11879	P003_WA03_00019

DiscRep_SUB:FEATURE_LOCATION_CONFLICT::Coding region xref gene does not exist
P003_WA03/P003_WA03:CDS	hypothetical protein	k141_21212:c13107-12811	P003_WA03_00020

DiscRep_SUB:FEATURE_LOCATION_CONFLICT::Coding region xref gene does not exist
P003_WA03/P003_WA03:CDS	ribosomal protein S7	k141_21212:17610-18077	P003_WA03_00023

DiscRep_SUB:FEATURE_LOCATION_CONFLICT::Coding region xref gene does not exist
P003_WA03/P003_WA03:CDS	NAD(P)H-quinone oxidoreductase subunit 2, chloroplastic	k141_21212:18404-19315	P003_WA03_00024

DiscRep_SUB:FEATURE_LOCATION_CONFLICT::Coding region xref gene does not exist
P003_WA03/P003_WA03:CDS	NADH-plastoquinone oxidoreductase subunit 2	k141_21212:19833-20615	P003_WA03_00025

DiscRep_SUB:FEATURE_LOCATION_CONFLICT::Coding region xref gene does not exist
P003_WA03/P003_WA03:CDS	hypothetical protein	k141_21212:c22098-21853	P003_WA03_00027

DiscRep_SUB:FEATURE_LOCATION_CONFLICT::Coding region xref gene does not exist
P003_WA03/P003_WA03:CDS	hypothetical protein	k141_21212:c28406-22143	P003_WA03_00028

DiscRep_SUB:FEATURE_LOCATION_CONFLICT::Coding region xref gene does not exist
P003_WA03/P003_WA03:CDS	ribosomal protein L23	k141_21212:28930-29238	P003_WA03_00030

DiscRep_SUB:FEATURE_LOCATION_CONFLICT::Coding region xref gene does not exist
P003_WA03/P003_WA03:CDS	ribosomal protein L2	k141_21212:29257-29658	P003_WA03_00031

DiscRep_SUB:FEATURE_LOCATION_CONFLICT::Coding region xref gene does not exist
P003_WA03/P003_WA03:CDS	ribosomal protein L2	k141_21212:30250-30747	P003_WA03_00032

DiscRep_SUB:FEATURE_LOCATION_CONFLICT::Coding region xref gene does not exist
P003_WA03/P003_WA03:CDS	ribosomal protein S19	k141_21212:30805-31083	P003_WA03_00033

DiscRep_SUB:FEATURE_LOCATION_CONFLICT::Coding region xref gene does not exist
P003_WA03/P003_WA03:CDS	ribosomal protein L22	k141_21212:31152-31601	P003_WA03_00034

DiscRep_SUB:FEATURE_LOCATION_CONFLICT::Coding region xref gene does not exist
P003_WA03/P003_WA03:CDS	ribosomal protein S3	k141_21212:31586-32242	P003_WA03_00035

DiscRep_SUB:FEATURE_LOCATION_CONFLICT::Coding region xref gene does not exist
P003_WA03/P003_WA03:CDS	hypothetical protein	k141_21212:33270-33380	P003_WA03_00036

DiscRep_SUB:FEATURE_LOCATION_CONFLICT::Coding region xref gene does not exist
P003_WA03/P003_WA03:CDS	ribosomal protein L16	k141_21212:33377-33736	P003_WA03_00037

DiscRep_SUB:FEATURE_LOCATION_CONFLICT::Coding region xref gene does not exist
P003_WA03/P003_WA03:CDS	ribosomal protein L14	k141_21212:33843-34211	P003_WA03_00038

DiscRep_SUB:FEATURE_LOCATION_CONFLICT::Coding region xref gene does not exist
P003_WA03/P003_WA03:CDS	ribosomal protein S8	k141_21212:34366-34770	P003_WA03_00039

DiscRep_SUB:FEATURE_LOCATION_CONFLICT::Coding region xref gene does not exist
P003_WA03/P003_WA03:CDS	translational initiation factor 1	k141_21212:34889-35122	P003_WA03_00040

DiscRep_SUB:FEATURE_LOCATION_CONFLICT::Coding region xref gene does not exist
P003_WA03/P003_WA03:CDS	hypothetical protein	k141_21212:c35486-35298	P003_WA03_00041

DiscRep_SUB:FEATURE_LOCATION_CONFLICT::Coding region xref gene does not exist
P003_WA03/P003_WA03:CDS	ribosomal protein S11	k141_21212:35734-35889	P003_WA03_00042

DiscRep_SUB:FEATURE_LOCATION_CONFLICT::Coding region xref gene does not exist
P003_WA03/P003_WA03:CDS	RNA polymerase alpha subunit	k141_21212:35961-36965	P003_WA03_00043

DiscRep_SUB:FEATURE_LOCATION_CONFLICT::Coding region xref gene does not exist
P003_WA03/P003_WA03:CDS	cytochrome b6/f complex subunit IV	k141_21212:c37598-37140	P003_WA03_00044

DiscRep_SUB:FEATURE_LOCATION_CONFLICT::Coding region xref gene does not exist
P003_WA03/P003_WA03:CDS	cytochrome b6	k141_21212:c39081-38593	P003_WA03_00045

DiscRep_SUB:FEATURE_LOCATION_CONFLICT::Coding region xref gene does not exist
P003_WA03/P003_WA03:CDS	photosystem II phosphoprotein	k141_21212:c40310-40089	P003_WA03_00046

DiscRep_SUB:FEATURE_LOCATION_CONFLICT::Coding region xref gene does not exist
P003_WA03/P003_WA03:CDS	photosystem II protein T	k141_21212:c40723-40622	P003_WA03_00047

DiscRep_SUB:FEATURE_LOCATION_CONFLICT::Coding region xref gene does not exist
P003_WA03/P003_WA03:CDS	photosystem II CP47 chlorophyll apoprotein	k141_21212:c42426-40900	P003_WA03_00048

DiscRep_SUB:FEATURE_LOCATION_CONFLICT::Coding region xref gene does not exist
P003_WA03/P003_WA03:CDS	hypothetical protein	k141_21212:c43503-43261	P003_WA03_00049

DiscRep_SUB:FEATURE_LOCATION_CONFLICT::Coding region xref gene does not exist
P003_WA03/P003_WA03:CDS	hypothetical protein	k141_21212:43622-43882	P003_WA03_00050

DiscRep_SUB:FEATURE_LOCATION_CONFLICT::Coding region xref gene does not exist
P003_WA03/P003_WA03:CDS	ATP-dependent Clp protease proteolytic subunit	k141_21212:44055-44249	P003_WA03_00051

DiscRep_SUB:FEATURE_LOCATION_CONFLICT::Coding region xref gene does not exist
P003_WA03/P003_WA03:CDS	hypothetical protein	k141_21212:c44322-44203	P003_WA03_00052

DiscRep_SUB:FEATURE_LOCATION_CONFLICT::Coding region xref gene does not exist
P003_WA03/P003_WA03:CDS	hypothetical protein	k141_21212:c44821-44546	P003_WA03_00053

DiscRep_SUB:FEATURE_LOCATION_CONFLICT::Coding region xref gene does not exist
P003_WA03/P003_WA03:CDS	ATP-dependent Clp protease proteolytic subunit	k141_21212:44863-45129	P003_WA03_00054

DiscRep_SUB:FEATURE_LOCATION_CONFLICT::Coding region xref gene does not exist
P003_WA03/P003_WA03:CDS	hypothetical protein	k141_21212:45209-45436	P003_WA03_00055

DiscRep_SUB:FEATURE_LOCATION_CONFLICT::Coding region xref gene does not exist
P003_WA03/P003_WA03:CDS	ribosomal protein L20	k141_21212:45977-46369	P003_WA03_00056

DiscRep_SUB:FEATURE_LOCATION_CONFLICT::Coding region xref gene does not exist
P003_WA03/P003_WA03:CDS	ribosomal protein S18	k141_21212:c46871-46557	P003_WA03_00057

DiscRep_SUB:FEATURE_LOCATION_CONFLICT::Coding region xref gene does not exist
P003_WA03/P003_WA03:CDS	Photosystem I reaction center subunit IX	k141_21212:c48151-47957	P003_WA03_00058

DiscRep_SUB:FEATURE_LOCATION_CONFLICT::Coding region xref gene does not exist
P003_WA03/P003_WA03:CDS	hypothetical protein	k141_21212:49404-49547	P003_WA03_00061

DiscRep_SUB:FEATURE_LOCATION_CONFLICT::Coding region xref gene does not exist
P003_WA03/P003_WA03:CDS	photosystem II cytochrome b559 alpha subunit	k141_21212:49927-50208	P003_WA03_00062

DiscRep_SUB:FEATURE_LOCATION_CONFLICT::Coding region xref gene does not exist
P003_WA03/P003_WA03:CDS	cytochrome f	k141_21212:c52472-51510	P003_WA03_00063

DiscRep_SUB:FEATURE_LOCATION_CONFLICT::Coding region xref gene does not exist
P003_WA03/P003_WA03:CDS	envelope membrane protein	k141_21212:c53481-52675	P003_WA03_00064

DiscRep_SUB:FEATURE_LOCATION_CONFLICT::Coding region xref gene does not exist
P003_WA03/P003_WA03:CDS	photosystem I assembly protein Ycf4	k141_21212:c54840-54286	P003_WA03_00065

DiscRep_SUB:FEATURE_LOCATION_CONFLICT::Coding region xref gene does not exist
P003_WA03/P003_WA03:CDS	Acetyl-coenzyme A carboxylase carboxyl transferase subunit beta, chloroplastic	k141_21212:c57045-55573	P003_WA03_00066

DiscRep_SUB:FEATURE_LOCATION_CONFLICT::Coding region xref gene does not exist
P003_WA03/P003_WA03:CDS	ribulose-1,5-bisphosphate carboxylase/oxygenase large subunit	k141_21212:c58926-57499	P003_WA03_00067

DiscRep_SUB:FEATURE_LOCATION_CONFLICT::Coding region xref gene does not exist
P003_WA03/P003_WA03:CDS	ATP synthase CF1 beta subunit	k141_21212:59578-61074	P003_WA03_00068

DiscRep_SUB:FEATURE_LOCATION_CONFLICT::Coding region xref gene does not exist
P003_WA03/P003_WA03:CDS	ATP synthase CF1 epsilon subunit	k141_21212:61071-61475	P003_WA03_00069

DiscRep_SUB:FEATURE_LOCATION_CONFLICT::Coding region xref gene does not exist
P003_WA03/P003_WA03:CDS	hypothetical protein	k141_21212:c62774-62562	P003_WA03_00071

DiscRep_SUB:FEATURE_LOCATION_CONFLICT::Coding region xref gene does not exist
P003_WA03/P003_WA03:CDS	NADH-plastoquinone oxidoreductase subunit 3	k141_21212:63401-63763	P003_WA03_00072

DiscRep_SUB:FEATURE_LOCATION_CONFLICT::Coding region xref gene does not exist
P003_WA03/P003_WA03:CDS	NADH-plastoquinone oxidoreductase subunit K	k141_21212:63754-64494	P003_WA03_00073

DiscRep_SUB:FEATURE_LOCATION_CONFLICT::Coding region xref gene does not exist
P003_WA03/P003_WA03:CDS	NADH-plastoquinone oxidoreductase subunit J	k141_21212:64509-65066	P003_WA03_00074

DiscRep_SUB:FEATURE_LOCATION_CONFLICT::Coding region xref gene does not exist
P003_WA03/P003_WA03:CDS	hypothetical protein	k141_21212:c66427-66284	P003_WA03_00076

DiscRep_SUB:FEATURE_LOCATION_CONFLICT::Coding region xref gene does not exist
P003_WA03/P003_WA03:CDS	ribosomal protein S4	k141_21212:68300-68896	P003_WA03_00078

DiscRep_SUB:FEATURE_LOCATION_CONFLICT::Coding region xref gene does not exist
P003_WA03/P003_WA03:CDS	hypothetical protein	k141_21212:c69821-69666	P003_WA03_00080

DiscRep_SUB:FEATURE_LOCATION_CONFLICT::Coding region xref gene does not exist
P003_WA03/P003_WA03:CDS	hypothetical protein	k141_21212:70577-70726	P003_WA03_00081

DiscRep_SUB:FEATURE_LOCATION_CONFLICT::Coding region xref gene does not exist
P003_WA03/P003_WA03:CDS	putative chloroplast RF34	k141_21212:70790-71038	P003_WA03_00082

DiscRep_SUB:FEATURE_LOCATION_CONFLICT::Coding region xref gene does not exist
P003_WA03/P003_WA03:CDS	hypothetical protein	k141_21212:c71279-70989	P003_WA03_00083

DiscRep_SUB:FEATURE_LOCATION_CONFLICT::Coding region xref gene does not exist
P003_WA03/P003_WA03:CDS	photosystem I P700 apoprotein A1	k141_21212:72370-74667	P003_WA03_00084

DiscRep_SUB:FEATURE_LOCATION_CONFLICT::Coding region xref gene does not exist
P003_WA03/P003_WA03:CDS	photosystem I P700 apoprotein A2	k141_21212:74693-76897	P003_WA03_00085

DiscRep_SUB:FEATURE_LOCATION_CONFLICT::Coding region xref gene does not exist
P003_WA03/P003_WA03:CDS	photosystem II protein Z	k141_21212:c78275-78060	P003_WA03_00088

DiscRep_SUB:FEATURE_LOCATION_CONFLICT::Coding region xref gene does not exist
P003_WA03/P003_WA03:CDS	photosystem II CP43 chlorophyll apoprotein	k141_21212:c80399-78978	P003_WA03_00090

DiscRep_SUB:FEATURE_LOCATION_CONFLICT::Coding region xref gene does not exist
P003_WA03/P003_WA03:CDS	photosystem II protein D2	k141_21212:c81408-80347	P003_WA03_00091

DiscRep_SUB:FEATURE_LOCATION_CONFLICT::Coding region xref gene does not exist
P003_WA03/P003_WA03:CDS	hypothetical protein	k141_21212:c85772-85611	P003_WA03_00096

DiscRep_SUB:FEATURE_LOCATION_CONFLICT::Coding region xref gene does not exist
P003_WA03/P003_WA03:CDS	hypothetical protein	k141_21212:c87378-87217	P003_WA03_00098

DiscRep_SUB:FEATURE_LOCATION_CONFLICT::Coding region xref gene does not exist
P003_WA03/P003_WA03:CDS	RNA polymerase beta subunit	k141_21212:88420-91650	P003_WA03_00099

DiscRep_SUB:FEATURE_LOCATION_CONFLICT::Coding region xref gene does not exist
P003_WA03/P003_WA03:CDS	RNA polymerase beta' subunit	k141_21212:91677-92114	P003_WA03_00100

DiscRep_SUB:FEATURE_LOCATION_CONFLICT::Coding region xref gene does not exist
P003_WA03/P003_WA03:CDS	hypothetical protein	k141_21212:92275-92370	P003_WA03_00101

DiscRep_SUB:FEATURE_LOCATION_CONFLICT::Coding region xref gene does not exist
P003_WA03/P003_WA03:CDS	RNA polymerase beta' subunit	k141_21212:93073-94500	P003_WA03_00102

DiscRep_SUB:FEATURE_LOCATION_CONFLICT::Coding region xref gene does not exist
P003_WA03/P003_WA03:CDS	RNA polymerase beta'' subunit	k141_21212:94668-98747	P003_WA03_00103

DiscRep_SUB:FEATURE_LOCATION_CONFLICT::Coding region xref gene does not exist
P003_WA03/P003_WA03:CDS	ribosomal protein S2	k141_21212:99023-99694	P003_WA03_00104

DiscRep_SUB:FEATURE_LOCATION_CONFLICT::Coding region xref gene does not exist
P003_WA03/P003_WA03:CDS	ATP synthase CF0 subunit IV	k141_21212:99915-100658	P003_WA03_00105

DiscRep_SUB:FEATURE_LOCATION_CONFLICT::Coding region xref gene does not exist
P003_WA03/P003_WA03:CDS	ATP synthase subunit c	k141_21212:101297-101617	P003_WA03_00106

DiscRep_SUB:FEATURE_LOCATION_CONFLICT::Coding region xref gene does not exist
P003_WA03/P003_WA03:CDS	ATP synthase CF0 subunit I	k141_21212:102031-102201	P003_WA03_00107

DiscRep_SUB:FEATURE_LOCATION_CONFLICT::RNA feature xref gene does not exist
P003_WA03/P003_WA03:tRNA	Asn	k141_21212:6388-6461	P003_WA03_00015

DiscRep_SUB:FEATURE_LOCATION_CONFLICT::RNA feature xref gene does not exist
P003_WA03/P003_WA03:tRNA	Arg	k141_21212:c7071-6997	P003_WA03_00017

DiscRep_SUB:FEATURE_LOCATION_CONFLICT::RNA feature xref gene does not exist
P003_WA03/P003_WA03:rRNA	23S ribosomal RNA	k141_21212:c10700-7689	P003_WA03_00018

DiscRep_SUB:FEATURE_LOCATION_CONFLICT::RNA feature xref gene does not exist
P003_WA03/P003_WA03:rRNA	16S ribosomal RNA	k141_21212:c14607-13121	P003_WA03_00021

DiscRep_SUB:FEATURE_LOCATION_CONFLICT::RNA feature xref gene does not exist
P003_WA03/P003_WA03:tRNA	Val	k141_21212:c14917-14846	P003_WA03_00022

DiscRep_SUB:FEATURE_LOCATION_CONFLICT::RNA feature xref gene does not exist
P003_WA03/P003_WA03:tRNA	Leu	k141_21212:21183-21265	P003_WA03_00026

DiscRep_SUB:FEATURE_LOCATION_CONFLICT::RNA feature xref gene does not exist
P003_WA03/P003_WA03:tRNA	Met	k141_21212:28725-28799	P003_WA03_00029

DiscRep_SUB:FEATURE_LOCATION_CONFLICT::RNA feature xref gene does not exist
P003_WA03/P003_WA03:tRNA	Pro	k141_21212:48498-48573	P003_WA03_00059

DiscRep_SUB:FEATURE_LOCATION_CONFLICT::RNA feature xref gene does not exist
P003_WA03/P003_WA03:tRNA	Trp	k141_21212:48786-48859	P003_WA03_00060

DiscRep_SUB:FEATURE_LOCATION_CONFLICT::RNA feature xref gene does not exist
P003_WA03/P003_WA03:tRNA	Met	k141_21212:c61790-61718	P003_WA03_00070

DiscRep_SUB:FEATURE_LOCATION_CONFLICT::RNA feature xref gene does not exist
P003_WA03/P003_WA03:tRNA	Phe	k141_21212:c65872-65799	P003_WA03_00075

DiscRep_SUB:FEATURE_LOCATION_CONFLICT::RNA feature xref gene does not exist
P003_WA03/P003_WA03:tRNA	Thr	k141_21212:67749-67823	P003_WA03_00077

DiscRep_SUB:FEATURE_LOCATION_CONFLICT::RNA feature xref gene does not exist
P003_WA03/P003_WA03:tRNA	Ser	k141_21212:c69304-69218	P003_WA03_00079

DiscRep_SUB:FEATURE_LOCATION_CONFLICT::RNA feature xref gene does not exist
P003_WA03/P003_WA03:tRNA	Met	k141_21212:77475-77550	P003_WA03_00086

DiscRep_SUB:FEATURE_LOCATION_CONFLICT::RNA feature xref gene does not exist
P003_WA03/P003_WA03:tRNA	Gly	k141_21212:c77740-77669	P003_WA03_00087

DiscRep_SUB:FEATURE_LOCATION_CONFLICT::RNA feature xref gene does not exist
P003_WA03/P003_WA03:tRNA	Ser	k141_21212:78594-78681	P003_WA03_00089

DiscRep_SUB:FEATURE_LOCATION_CONFLICT::RNA feature xref gene does not exist
P003_WA03/P003_WA03:tRNA	Thr	k141_21212:c82762-82689	P003_WA03_00092

DiscRep_SUB:FEATURE_LOCATION_CONFLICT::RNA feature xref gene does not exist
P003_WA03/P003_WA03:tRNA	Glu	k141_21212:83549-83623	P003_WA03_00093

DiscRep_SUB:FEATURE_LOCATION_CONFLICT::RNA feature xref gene does not exist
P003_WA03/P003_WA03:tRNA	Tyr	k141_21212:83693-83778	P003_WA03_00094

DiscRep_SUB:FEATURE_LOCATION_CONFLICT::RNA feature xref gene does not exist
P003_WA03/P003_WA03:tRNA	Asp	k141_21212:84073-84149	P003_WA03_00095

DiscRep_SUB:FEATURE_LOCATION_CONFLICT::RNA feature xref gene does not exist
P003_WA03/P003_WA03:tRNA	Cys	k141_21212:c87124-87053	P003_WA03_00097

DiscRep_ALL:SUSPECT_PRODUCT_NAMES::2 product_names contain suspect phrase or characters
DiscRep_SUB:SUSPECT_PRODUCT_NAMES::May contain database identifier more appropriate in note; remove from product name
DiscRep_SUB:SUSPECT_PRODUCT_NAMES::2 features contains three or more numbers together that may be identifiers more appropriate in note
P003_WA03/P003_WA03:CDS	photosystem I P700 apoprotein A1	k141_21212:72370-74667	P003_WA03_00084
P003_WA03/P003_WA03:CDS	photosystem I P700 apoprotein A2	k141_21212:74693-76897	P003_WA03_00085

DiscRep_ALL:DISC_QUALITY_SCORES::Quality scores are missing on all sequences.

DiscRep_ALL:ONCALLER_COMMENT_PRESENT::2 comment descriptors were found (all same)
P003_WA03/P003_WA03:k141_47497:Annotated using prokka 1.14.5 from https://github.com/tseemann/prokka
P003_WA03/P003_WA03:k141_21212:Annotated using prokka 1.14.5 from https://github.com/tseemann/prokka

DiscRep_ALL:SHORT_PROT_SEQUENCES::8 protein sequences are shorter than 50 aa.
P003_WA03/P003_WA03:k141_21212_2 (length 43)
P003_WA03/P003_WA03:k141_21212_16 (length 36)
P003_WA03/P003_WA03:k141_21212_27 (length 33)
P003_WA03/P003_WA03:k141_21212_32 (length 39)
P003_WA03/P003_WA03:k141_21212_39 (length 47)
P003_WA03/P003_WA03:k141_21212_52 (length 47)
P003_WA03/P003_WA03:k141_21212_55 (length 49)
P003_WA03/P003_WA03:k141_21212_67 (length 31)

DiscRep_ALL:MISSING_GENOMEASSEMBLY_COMMENTS::2 bioseqs are missing GenomeAssembly structured comments
P003_WA03/P003_WA03:k141_47497 (length 13443)
P003_WA03/P003_WA03:k141_21212 (length 103150)

DiscRep_ALL:MOLTYPE_NOT_MRNA::2 molecule types are not set as mRNA.
P003_WA03/P003_WA03:k141_47497 (length 13443)
P003_WA03/P003_WA03:k141_21212 (length 103150)

DiscRep_ALL:TECHNIQUE_NOT_TSA::2 technique are not set as TSA
P003_WA03/P003_WA03:k141_47497 (length 13443)
P003_WA03/P003_WA03:k141_21212 (length 103150)

DiscRep_ALL:MISSING_STRUCTURED_COMMENT::2 sequences do not include structured comments.
P003_WA03/P003_WA03:k141_47497 (length 13443)
P003_WA03/P003_WA03:k141_21212 (length 103150)

DiscRep_ALL:MISSING_PROJECT::87 sequences do not include project.
P003_WA03/P003_WA03:k141_47497 (length 13443)
P003_WA03/P003_WA03:k141_47497_1 (length 87)
P003_WA03/P003_WA03:k141_47497_2 (length 393)
P003_WA03/P003_WA03:k141_47497_3 (length 188)
P003_WA03/P003_WA03:k141_47497_4 (length 156)
P003_WA03/P003_WA03:k141_47497_5 (length 170)
P003_WA03/P003_WA03:k141_47497_6 (length 176)
P003_WA03/P003_WA03:k141_47497_7 (length 101)
P003_WA03/P003_WA03:k141_47497_8 (length 81)
P003_WA03/P003_WA03:k141_47497_9 (length 506)
P003_WA03/P003_WA03:k141_47497_10 (length 321)
P003_WA03/P003_WA03:k141_47497_11 (length 127)
P003_WA03/P003_WA03:k141_47497_12 (length 747)
P003_WA03/P003_WA03:k141_21212 (length 103150)
P003_WA03/P003_WA03:k141_21212_1 (length 1875)
P003_WA03/P003_WA03:k141_21212_2 (length 43)
P003_WA03/P003_WA03:k141_21212_3 (length 72)
P003_WA03/P003_WA03:k141_21212_4 (length 98)
P003_WA03/P003_WA03:k141_21212_5 (length 155)
P003_WA03/P003_WA03:k141_21212_6 (length 303)
P003_WA03/P003_WA03:k141_21212_7 (length 260)
P003_WA03/P003_WA03:k141_21212_8 (length 81)
P003_WA03/P003_WA03:k141_21212_9 (length 2087)
P003_WA03/P003_WA03:k141_21212_10 (length 102)
P003_WA03/P003_WA03:k141_21212_11 (length 133)
P003_WA03/P003_WA03:k141_21212_12 (length 165)
P003_WA03/P003_WA03:k141_21212_13 (length 92)
P003_WA03/P003_WA03:k141_21212_14 (length 149)
P003_WA03/P003_WA03:k141_21212_15 (length 218)
P003_WA03/P003_WA03:k141_21212_16 (length 36)
P003_WA03/P003_WA03:k141_21212_17 (length 119)
P003_WA03/P003_WA03:k141_21212_18 (length 122)
P003_WA03/P003_WA03:k141_21212_19 (length 134)
P003_WA03/P003_WA03:k141_21212_20 (length 77)
P003_WA03/P003_WA03:k141_21212_21 (length 62)
P003_WA03/P003_WA03:k141_21212_22 (length 51)
P003_WA03/P003_WA03:k141_21212_23 (length 334)
P003_WA03/P003_WA03:k141_21212_24 (length 152)
P003_WA03/P003_WA03:k141_21212_25 (length 162)
P003_WA03/P003_WA03:k141_21212_26 (length 73)
P003_WA03/P003_WA03:k141_21212_27 (length 33)
P003_WA03/P003_WA03:k141_21212_28 (length 508)
P003_WA03/P003_WA03:k141_21212_29 (length 80)
P003_WA03/P003_WA03:k141_21212_30 (length 86)
P003_WA03/P003_WA03:k141_21212_31 (length 64)
P003_WA03/P003_WA03:k141_21212_32 (length 39)
P003_WA03/P003_WA03:k141_21212_33 (length 91)
P003_WA03/P003_WA03:k141_21212_34 (length 88)
P003_WA03/P003_WA03:k141_21212_35 (length 75)
P003_WA03/P003_WA03:k141_21212_36 (length 130)
P003_WA03/P003_WA03:k141_21212_37 (length 104)
P003_WA03/P003_WA03:k141_21212_38 (length 64)
P003_WA03/P003_WA03:k141_21212_39 (length 47)
P003_WA03/P003_WA03:k141_21212_40 (length 93)
P003_WA03/P003_WA03:k141_21212_41 (length 320)
P003_WA03/P003_WA03:k141_21212_42 (length 268)
P003_WA03/P003_WA03:k141_21212_43 (length 184)
P003_WA03/P003_WA03:k141_21212_44 (length 490)
P003_WA03/P003_WA03:k141_21212_45 (length 475)
P003_WA03/P003_WA03:k141_21212_46 (length 498)
P003_WA03/P003_WA03:k141_21212_47 (length 134)
P003_WA03/P003_WA03:k141_21212_48 (length 70)
P003_WA03/P003_WA03:k141_21212_49 (length 120)
P003_WA03/P003_WA03:k141_21212_50 (length 246)
P003_WA03/P003_WA03:k141_21212_51 (length 185)
P003_WA03/P003_WA03:k141_21212_52 (length 47)
P003_WA03/P003_WA03:k141_21212_53 (length 198)
P003_WA03/P003_WA03:k141_21212_54 (length 51)
P003_WA03/P003_WA03:k141_21212_55 (length 49)
P003_WA03/P003_WA03:k141_21212_56 (length 82)
P003_WA03/P003_WA03:k141_21212_57 (length 96)
P003_WA03/P003_WA03:k141_21212_58 (length 765)
P003_WA03/P003_WA03:k141_21212_59 (length 734)
P003_WA03/P003_WA03:k141_21212_60 (length 71)
P003_WA03/P003_WA03:k141_21212_61 (length 473)
P003_WA03/P003_WA03:k141_21212_62 (length 353)
P003_WA03/P003_WA03:k141_21212_63 (length 53)
P003_WA03/P003_WA03:k141_21212_64 (length 53)
P003_WA03/P003_WA03:k141_21212_65 (length 1076)
P003_WA03/P003_WA03:k141_21212_66 (length 145)
P003_WA03/P003_WA03:k141_21212_67 (length 31)
P003_WA03/P003_WA03:k141_21212_68 (length 475)
P003_WA03/P003_WA03:k141_21212_69 (length 1359)
P003_WA03/P003_WA03:k141_21212_70 (length 223)
P003_WA03/P003_WA03:k141_21212_71 (length 247)
P003_WA03/P003_WA03:k141_21212_72 (length 106)
P003_WA03/P003_WA03:k141_21212_73 (length 56)

DiscRep_ALL:DISC_INCONSISTENT_MOLINFO_TECH::Molinfo Technique Report (some missing, all same)
DiscRep_SUB:DISC_INCONSISTENT_MOLINFO_TECH::technique (all missing)
DiscRep_SUB:DISC_INCONSISTENT_MOLINFO_TECH::2 Molinfos are missing field technique
P003_WA03/P003_WA03:k141_21212 (length 103150)
P003_WA03/P003_WA03:k141_47497 (length 13443)

