[16:11:01] This is prokka 1.14.5
[16:11:01] Written by Torsten Seemann <torsten.seemann@gmail.com>
[16:11:01] Homepage is https://github.com/tseemann/prokka
[16:11:01] Local time is Fri Nov 26 16:11:01 2021
[16:11:01] You are ruud
[16:11:01] Operating system is linux
[16:11:01] You have BioPerl 1.7.8
[16:11:01] System has 40 cores.
[16:11:01] Will use maximum of 40 cores.
[16:11:01] Annotating as >>> Bacteria <<<
[16:11:01] Creating new output folder: P001_WA03
[16:11:01] Running: mkdir -p P001_WA03
[16:11:01] Using filename prefix: P001_WA03.XXX
[16:11:01] Setting HMMER_NCPU=1
[16:11:01] Writing log to: P001_WA03/P001_WA03.log
[16:11:01] Command: /usr/local/packages/prokka-1.14.5/bin/prokka --cpus 40 --prefix P001_WA03 --Kingdom Bacteria --locustag P001_WA03 --proteins vaccinium.gb ../02_Blast/chloroplast_contigs_rapid_genomics_run2/P001_WA03_chloroplast_contigs.fa
[16:11:01] Appending to PATH: /home/local/packages/prokka-1.14.5/bin/../binaries/linux
[16:11:01] Appending to PATH: /home/local/packages/prokka-1.14.5/bin/../binaries/linux/../common
[16:11:01] Appending to PATH: /home/local/packages/prokka-1.14.5/bin
[16:11:01] Looking for 'aragorn' - found /usr/local/packages/Anaconda3-2019.10/bin/aragorn
[16:11:01] Determined aragorn version is 001002 from 'ARAGORN v1.2.38 Dean Laslett'
[16:11:01] Looking for 'barrnap' - found /usr/local/packages/Anaconda3-2019.10/bin/barrnap
[16:11:01] Determined barrnap version is 000009 from 'barrnap 0.9'
[16:11:01] Looking for 'blastp' - found /usr/local/packages/Anaconda3-2019.10/bin/blastp
[16:11:02] Determined blastp version is 002011 from 'blastp: 2.11.0+'
[16:11:02] Looking for 'cmpress' - found /usr/local/packages/Anaconda3-2019.10/bin/cmpress
[16:11:02] Determined cmpress version is 001001 from '# INFERNAL 1.1.2 (July 2016)'
[16:11:02] Looking for 'cmscan' - found /usr/local/packages/Anaconda3-2019.10/bin/cmscan
[16:11:02] Determined cmscan version is 001001 from '# INFERNAL 1.1.2 (July 2016)'
[16:11:02] Looking for 'egrep' - found /bin/egrep
[16:11:02] Looking for 'find' - found /bin/find
[16:11:02] Looking for 'grep' - found /bin/grep
[16:11:02] Looking for 'hmmpress' - found /usr/local/packages/Anaconda3-2019.10/bin/hmmpress
[16:11:02] Determined hmmpress version is 003003 from '# HMMER 3.3.2 (Nov 2020); http://hmmer.org/'
[16:11:02] Looking for 'hmmscan' - found /usr/local/packages/Anaconda3-2019.10/bin/hmmscan
[16:11:02] Determined hmmscan version is 003003 from '# HMMER 3.3.2 (Nov 2020); http://hmmer.org/'
[16:11:02] Looking for 'java' - found /usr/local/packages/jdk1.8.0_191/bin/java
[16:11:02] Looking for 'makeblastdb' - found /usr/local/packages/Anaconda3-2019.10/bin/makeblastdb
[16:11:04] Determined makeblastdb version is 002011 from 'makeblastdb: 2.11.0+'
[16:11:04] Looking for 'minced' - found /usr/local/packages/Anaconda3-2019.10/bin/minced
[16:11:04] Determined minced version is 004002 from 'minced 0.4.2'
[16:11:04] Looking for 'parallel' - found /usr/local/packages/Anaconda3-2019.10/bin/parallel
[16:11:04] Determined parallel version is 20210822 from 'GNU parallel 20210822'
[16:11:04] Looking for 'prodigal' - found /usr/local/packages/Anaconda3-2019.10/bin/prodigal
[16:11:04] Determined prodigal version is 002006 from 'Prodigal V2.6.3: February, 2016'
[16:11:04] Looking for 'prokka-genbank_to_fasta_db' - found /usr/local/packages/prokka-1.14.5/bin/prokka-genbank_to_fasta_db
[16:11:04] Looking for 'sed' - found /bin/sed
[16:11:04] Looking for 'tbl2asn' - found /usr/local/packages/Anaconda3-2019.10/bin/tbl2asn
[16:11:04] Determined tbl2asn version is 025008 from 'tbl2asn 25.8   arguments:'
[16:11:04] Using genetic code table 11.
[16:11:04] Loading and checking input file: ../02_Blast/chloroplast_contigs_rapid_genomics_run2/P001_WA03_chloroplast_contigs.fa
[16:11:04] Wrote 27 contigs totalling 146559 bp.
[16:11:04] Predicting tRNAs and tmRNAs
[16:11:04] Running: aragorn -l -gc11  -w P001_WA03\/P001_WA03\.fna
[16:11:04] 1 tRNA-Ser c[6909,6995] 35 (gga)
[16:11:04] 1 tRNA-Leu [5320,5400] 35 (tag)
[16:11:04] 1 tRNA-Thr [1341,1415] 35 (tgt)
[16:11:04] 2 tRNA-Leu c[2223,2305] 35 (caa)
[16:11:04] 1 tRNA-Met [221,298] 36 (cat)
[16:11:04] 2 tRNA-Gly c[435,506] 33 (gcc)
[16:11:04] 3 tRNA-Ser [1291,1378] 35 (tga)
[16:11:04] 4 tRNA-Thr c[5317,5389] 33 (agt)
[16:11:04] 5 tRNA-Glu [6340,6411] 34 (ttc)
[16:11:04] 6 tRNA-Tyr [6523,6606] 35 (gta)
[16:11:04] 7 tRNA-Asp [6978,7053] 36 (gtc)
[16:11:04] 8 tRNA-Cys c[9170,9240] 33 (gca)
[16:11:04] 1 tRNA-Val c[228,299] 33 (gac)
[16:11:04] 2 tRNA-Met c[4729,4803] 35 (cat)
[16:11:04] 3 tRNA-Phe c[8495,8567] 34 (gaa)
[16:11:04] 4 tRNA-Thr [10004,10078] 35 (agt)
[16:11:04] 1 tRNA-Arg c[6388,6459] 34 (tct)
[16:11:04] 1 tRNA-Gln [852,925] 33 (ttg)
[16:11:04] 2 tRNA-Trp c[10292,10365] 35 (cca)
[16:11:04] 3 tRNA-Pro c[10464,10539] 35 (tgg)
[16:11:04] 1 tRNA-His [374,448] 35 (gtg)
[16:11:04] 2 tRNA-Met c[2843,2917] 34 (cat)
[16:11:04] 1 tRNA-Arg [7954,8028] 36 (acg)
[16:11:04] 2 tRNA-Asn c[8246,8319] 34 (gtt)
[16:11:04] 1 tRNA-Ser [931,1019] 35 (gct)
[16:11:04] Found 25 tRNAs
[16:11:04] Predicting Ribosomal RNAs
[16:11:04] Running Barrnap with 40 threads
[16:11:06] 1 k141_11356 578 23S ribosomal RNA (partial)
[16:11:06] 2 k141_12145 14 16S ribosomal RNA
[16:11:06] 3 k141_12145 3908 23S ribosomal RNA
[16:11:06] 4 k141_20447 1 23S ribosomal RNA (partial)
[16:11:06] Found 4 rRNAs
[16:11:06] Skipping ncRNA search, enable with --rfam if desired.
[16:11:06] Total of 29 tRNA + rRNA features
[16:11:06] Searching for CRISPR repeats
[16:11:06] Found 0 CRISPRs
[16:11:06] Predicting coding sequences
[16:11:06] Contigs total 146559 bp, so using single mode
[16:11:06] Running: prodigal -i P001_WA03\/P001_WA03\.fna -c -m -g 11 -p single -f sco -q
[16:11:06] Excluding CDS which overlaps existing RNA (tRNA) at k141_12389:6908..7054 on + strand
[16:11:06] Excluding CDS which overlaps existing RNA (tRNA) at k141_6559:2189..2329 on - strand
[16:11:06] Excluding CDS which overlaps existing RNA (tRNA) at k141_11820:358..570 on - strand
[16:11:06] Excluding CDS which overlaps existing RNA (tRNA) at k141_11820:1305..1526 on + strand
[16:11:06] Excluding CDS which overlaps existing RNA (tRNA) at k141_10958:2687..2911 on - strand
[16:11:06] Excluding CDS which overlaps existing RNA (rRNA) at k141_12145:391..786 on - strand
[16:11:06] Excluding CDS which overlaps existing RNA (rRNA) at k141_12145:3836..4132 on + strand
[16:11:06] Excluding CDS which overlaps existing RNA (rRNA) at k141_12145:4332..4604 on - strand
[16:11:06] Excluding CDS which overlaps existing RNA (rRNA) at k141_12145:5161..5367 on + strand
[16:11:06] Excluding CDS which overlaps existing RNA (rRNA) at k141_12145:6467..6643 on - strand
[16:11:06] Found 121 CDS
[16:11:06] Connecting features back to sequences
[16:11:06] Not using genus-specific database. Try --usegenus to enable it.
[16:11:06] Preparing user-supplied primary BLAST annotation source: vaccinium.gb
[16:11:06] Guessed source was in genbank format.
[16:11:06] Converting genbank 'vaccinium.gb' into Prokka FASTA 'P001_WA03/proteins.faa'
[16:11:06] Running: prokka-genbank_to_fasta_db --format genbank vaccinium\.gb > P001_WA03\/proteins\.faa 2> /dev/null
[16:11:06] Running: makeblastdb -dbtype prot -in P001_WA03\/proteins\.faa -out P001_WA03\/proteins -logfile /dev/null
[16:11:07] Using /inference source as 'vaccinium.gb'
[16:11:07] Annotating CDS, please be patient.
[16:11:07] Will use 40 CPUs for similarity searching.
[16:11:07] There are still 121 unannotated CDS left (started with 121)
[16:11:07] Will use blast to search against P001_WA03/proteins with 40 CPUs
[16:11:07] Running: cat P001_WA03\/P001_WA03\.proteins\.tmp\.30264\.faa | parallel --gnu --plain -j 40 --block 296 --recstart '>' --pipe blastp -query - -db P001_WA03/proteins -evalue 1e-09 -qcov_hsp_perc 80 -num_threads 1 -num_descriptions 1 -num_alignments 1 -seg no > P001_WA03\/P001_WA03\.proteins\.tmp\.30264\.blast 2> /dev/null
[16:11:09] Deleting unwanted file: P001_WA03/P001_WA03.proteins.tmp.30264.faa
[16:11:09] Deleting unwanted file: P001_WA03/P001_WA03.proteins.tmp.30264.blast
[16:11:09] There are still 58 unannotated CDS left (started with 121)
[16:11:09] Will use blast to search against /home/local/packages/prokka-1.14.5/db/kingdom/Bacteria/IS with 40 CPUs
[16:11:09] Running: cat P001_WA03\/P001_WA03\.IS\.tmp\.30264\.faa | parallel --gnu --plain -j 40 --block 101 --recstart '>' --pipe blastp -query - -db /home/local/packages/prokka-1.14.5/db/kingdom/Bacteria/IS -evalue 1e-30 -qcov_hsp_perc 90 -num_threads 1 -num_descriptions 1 -num_alignments 1 -seg no > P001_WA03\/P001_WA03\.IS\.tmp\.30264\.blast 2> /dev/null
[16:11:10] Deleting unwanted file: P001_WA03/P001_WA03.IS.tmp.30264.faa
[16:11:10] Deleting unwanted file: P001_WA03/P001_WA03.IS.tmp.30264.blast
[16:11:10] There are still 58 unannotated CDS left (started with 121)
[16:11:10] Will use blast to search against /home/local/packages/prokka-1.14.5/db/kingdom/Bacteria/AMR with 40 CPUs
[16:11:10] Running: cat P001_WA03\/P001_WA03\.AMR\.tmp\.30264\.faa | parallel --gnu --plain -j 40 --block 101 --recstart '>' --pipe blastp -query - -db /home/local/packages/prokka-1.14.5/db/kingdom/Bacteria/AMR -evalue 1e-300 -qcov_hsp_perc 90 -num_threads 1 -num_descriptions 1 -num_alignments 1 -seg no > P001_WA03\/P001_WA03\.AMR\.tmp\.30264\.blast 2> /dev/null
[16:11:12] Deleting unwanted file: P001_WA03/P001_WA03.AMR.tmp.30264.faa
[16:11:12] Deleting unwanted file: P001_WA03/P001_WA03.AMR.tmp.30264.blast
[16:11:12] There are still 58 unannotated CDS left (started with 121)
[16:11:12] Will use blast to search against /home/local/packages/prokka-1.14.5/db/kingdom/Bacteria/sprot with 40 CPUs
[16:11:12] Running: cat P001_WA03\/P001_WA03\.sprot\.tmp\.30264\.faa | parallel --gnu --plain -j 40 --block 101 --recstart '>' --pipe blastp -query - -db /home/local/packages/prokka-1.14.5/db/kingdom/Bacteria/sprot -evalue 1e-09 -qcov_hsp_perc 80 -num_threads 1 -num_descriptions 1 -num_alignments 1 -seg no > P001_WA03\/P001_WA03\.sprot\.tmp\.30264\.blast 2> /dev/null
[16:11:13] Deleting unwanted file: P001_WA03/P001_WA03.sprot.tmp.30264.faa
[16:11:13] Deleting unwanted file: P001_WA03/P001_WA03.sprot.tmp.30264.blast
[16:11:13] There are still 53 unannotated CDS left (started with 121)
[16:11:13] Will use hmmer3 to search against /home/local/packages/prokka-1.14.5/db/hmm/HAMAP.hmm with 40 CPUs
[16:11:13] Running: cat P001_WA03\/P001_WA03\.HAMAP\.hmm\.tmp\.30264\.faa | parallel --gnu --plain -j 40 --block 89 --recstart '>' --pipe hmmscan --noali --notextw --acc -E 1e-09 --cpu 1 /home/local/packages/prokka-1.14.5/db/hmm/HAMAP.hmm /dev/stdin > P001_WA03\/P001_WA03\.HAMAP\.hmm\.tmp\.30264\.hmmer3 2> /dev/null
[16:11:16] Deleting unwanted file: P001_WA03/P001_WA03.HAMAP.hmm.tmp.30264.faa
[16:11:16] Deleting unwanted file: P001_WA03/P001_WA03.HAMAP.hmm.tmp.30264.hmmer3
[16:11:16] Deleting unwanted file: P001_WA03/proteins.psq
[16:11:16] Deleting unwanted file: P001_WA03/proteins.phr
[16:11:16] Deleting unwanted file: P001_WA03/proteins.pin
[16:11:16] Labelling remaining 47 proteins as 'hypothetical protein'
[16:11:16] Possible /pseudo 'NADH-plastoquinone oxidoreductase subunit 2' at k141_6559 position 4167
[16:11:16] Possible /pseudo 'RNA polymerase beta' subunit' at k141_20169 position 4387
[16:11:16] Found 64 unique /gene codes.
[16:11:16] Fixed 2 duplicate /gene - ndhA_1 ndhA_2
[16:11:16] Fixed 2 duplicate /gene - ndhB_1 ndhB_2
[16:11:16] Fixed 2 duplicate /gene - atpF_1 atpF_2
[16:11:16] Fixed 2 duplicate /gene - rpl2_1 rpl2_2
[16:11:16] Fixed 2 duplicate /gene - rpoA_1 rpoA_2
[16:11:16] Fixed 2 duplicate /gene - rpoC1_1 rpoC1_2
[16:11:16] Fixed 5 duplicate /gene - clpP_1 clpP_2 clpP_3 clpP_4 clpP_5
[16:11:16] Fixed 7 colliding /gene names.
[16:11:16] Adding /locus_tag identifiers
[16:11:16] Assigned 150 locus_tags to CDS and RNA features.
[16:11:16] Writing outputs to P001_WA03/
[16:11:16] Generating annotation statistics file
[16:11:16] Generating Genbank and Sequin files
[16:11:16] Running: tbl2asn -V b -a r10k -l paired-ends -M n -N 1 -y 'Annotated using prokka 1.14.5 from https://github.com/tseemann/prokka' -Z P001_WA03\/P001_WA03\.err -i P001_WA03\/P001_WA03\.fsa 2> /dev/null
[16:11:16] Deleting unwanted file: P001_WA03/errorsummary.val
[16:11:16] Deleting unwanted file: P001_WA03/P001_WA03.dr
[16:11:16] Deleting unwanted file: P001_WA03/P001_WA03.fixedproducts
[16:11:16] Deleting unwanted file: P001_WA03/P001_WA03.ecn
[16:11:16] Deleting unwanted file: P001_WA03/P001_WA03.val
[16:11:16] Repairing broken .GBK output that tbl2asn produces...
[16:11:16] Running: sed 's/COORDINATES: profile/COORDINATES:profile/' < P001_WA03\/P001_WA03\.gbf > P001_WA03\/P001_WA03\.gbk
[16:11:16] Deleting unwanted file: P001_WA03/P001_WA03.gbf
[16:11:16] Output files:
[16:11:16] P001_WA03/P001_WA03.gff
[16:11:16] P001_WA03/P001_WA03.tsv
[16:11:16] P001_WA03/P001_WA03.log
[16:11:16] P001_WA03/P001_WA03.gbk
[16:11:16] P001_WA03/P001_WA03.tbl
[16:11:16] P001_WA03/P001_WA03.sqn
[16:11:16] P001_WA03/P001_WA03.txt
[16:11:16] P001_WA03/P001_WA03.fna
[16:11:16] P001_WA03/P001_WA03.ffn
[16:11:16] P001_WA03/P001_WA03.err
[16:11:16] P001_WA03/P001_WA03.faa
[16:11:16] P001_WA03/P001_WA03.fsa
[16:11:16] Annotation finished successfully.
[16:11:16] Walltime used: 0.25 minutes
[16:11:16] If you use this result please cite the Prokka paper:
[16:11:16] Seemann T (2014) Prokka: rapid prokaryotic genome annotation. Bioinformatics. 30(14):2068-9.
[16:11:16] Type 'prokka --citation' for more details.
[16:11:16] Share and enjoy!
