Discrepancy Report Results

Summary
FATAL: MISSING_PROTEIN_ID:116 proteins have invalid IDs.
DISC_SOURCE_QUALS_ASNDISC:strain (all present, all same)
DISC_SOURCE_QUALS_ASNDISC:taxname (all present, all same)
DISC_FEATURE_COUNT:CDS: 116 present
DISC_FEATURE_COUNT:tRNA: 24 present
DISC_FEATURE_COUNT:rRNA: 2 present
DISC_COUNT_NUCLEOTIDES:6 nucleotide Bioseqs are present
FEATURE_LOCATION_CONFLICT:142 features have inconsistent gene locations.
SUSPECT_PRODUCT_NAMES:2 product_names contain suspect phrase or characters
	May contain database identifier more appropriate in note; remove from product name
		2 features contains three or more numbers together that may be identifiers more appropriate in note
DISC_QUALITY_SCORES:Quality scores are missing on all sequences.
ONCALLER_COMMENT_PRESENT:6 comment descriptors were found (all same)
SHORT_PROT_SEQUENCES:13 protein sequences are shorter than 50 aa.
MISSING_GENOMEASSEMBLY_COMMENTS:6 bioseqs are missing GenomeAssembly structured comments
MOLTYPE_NOT_MRNA:6 molecule types are not set as mRNA.
TECHNIQUE_NOT_TSA:6 technique are not set as TSA
MISSING_STRUCTURED_COMMENT:6 sequences do not include structured comments.
MISSING_PROJECT:122 sequences do not include project.
DISC_INCONSISTENT_MOLINFO_TECH:Molinfo Technique Report (some missing, all same)


Detailed Report

FATAL: DiscRep_ALL:MISSING_PROTEIN_ID::116 proteins have invalid IDs.
P002_WA11/P002_WA11:k141_66102_1 (length 165)
P002_WA11/P002_WA11:k141_66102_2 (length 104)
P002_WA11/P002_WA11:k141_66102_3 (length 79)
P002_WA11/P002_WA11:k141_66102_4 (length 206)
P002_WA11/P002_WA11:k141_277121_1 (length 51)
P002_WA11/P002_WA11:k141_277121_2 (length 56)
P002_WA11/P002_WA11:k141_277121_3 (length 739)
P002_WA11/P002_WA11:k141_277121_4 (length 54)
P002_WA11/P002_WA11:k141_277121_5 (length 319)
P002_WA11/P002_WA11:k141_277121_6 (length 500)
P002_WA11/P002_WA11:k141_277121_7 (length 81)
P002_WA11/P002_WA11:k141_277121_8 (length 100)
P002_WA11/P002_WA11:k141_277121_9 (length 176)
P002_WA11/P002_WA11:k141_277121_10 (length 177)
P002_WA11/P002_WA11:k141_277121_11 (length 141)
P002_WA11/P002_WA11:k141_277121_12 (length 187)
P002_WA11/P002_WA11:k141_277121_13 (length 379)
P002_WA11/P002_WA11:k141_452400_1 (length 47)
P002_WA11/P002_WA11:k141_452400_2 (length 82)
P002_WA11/P002_WA11:k141_452400_3 (length 201)
P002_WA11/P002_WA11:k141_452400_4 (length 39)
P002_WA11/P002_WA11:k141_452400_5 (length 188)
P002_WA11/P002_WA11:k141_452400_6 (length 225)
P002_WA11/P002_WA11:k141_452400_7 (length 120)
P002_WA11/P002_WA11:k141_452400_8 (length 137)
P002_WA11/P002_WA11:k141_452400_9 (length 524)
P002_WA11/P002_WA11:k141_452400_10 (length 480)
P002_WA11/P002_WA11:k141_452400_11 (length 80)
P002_WA11/P002_WA11:k141_452400_12 (length 71)
P002_WA11/P002_WA11:k141_452400_13 (length 36)
P002_WA11/P002_WA11:k141_452400_14 (length 185)
P002_WA11/P002_WA11:k141_452400_15 (length 230)
P002_WA11/P002_WA11:k141_452400_16 (length 322)
P002_WA11/P002_WA11:k141_452400_17 (length 78)
P002_WA11/P002_WA11:k141_452400_18 (length 47)
P002_WA11/P002_WA11:k141_452400_19 (length 38)
P002_WA11/P002_WA11:k141_452400_20 (length 50)
P002_WA11/P002_WA11:k141_452400_21 (length 83)
P002_WA11/P002_WA11:k141_452400_22 (length 169)
P002_WA11/P002_WA11:k141_452400_23 (length 119)
P002_WA11/P002_WA11:k141_452400_24 (length 49)
P002_WA11/P002_WA11:k141_452400_25 (length 216)
P002_WA11/P002_WA11:k141_452400_26 (length 508)
P002_WA11/P002_WA11:k141_452400_27 (length 38)
P002_WA11/P002_WA11:k141_452400_28 (length 91)
P002_WA11/P002_WA11:k141_452400_29 (length 72)
P002_WA11/P002_WA11:k141_452400_30 (length 58)
P002_WA11/P002_WA11:k141_452400_31 (length 240)
P002_WA11/P002_WA11:k141_452400_32 (length 60)
P002_WA11/P002_WA11:k141_452400_33 (length 174)
P002_WA11/P002_WA11:k141_452400_34 (length 339)
P002_WA11/P002_WA11:k141_452400_35 (length 143)
P002_WA11/P002_WA11:k141_452400_36 (length 107)
P002_WA11/P002_WA11:k141_452400_37 (length 136)
P002_WA11/P002_WA11:k141_452400_38 (length 123)
P002_WA11/P002_WA11:k141_452400_39 (length 33)
P002_WA11/P002_WA11:k141_452400_40 (length 120)
P002_WA11/P002_WA11:k141_452400_41 (length 53)
P002_WA11/P002_WA11:k141_452400_42 (length 239)
P002_WA11/P002_WA11:k141_452400_43 (length 149)
P002_WA11/P002_WA11:k141_452563_1 (length 227)
P002_WA11/P002_WA11:k141_452563_2 (length 1480)
P002_WA11/P002_WA11:k141_452563_3 (length 682)
P002_WA11/P002_WA11:k141_452563_4 (length 1076)
P002_WA11/P002_WA11:k141_452563_5 (length 34)
P002_WA11/P002_WA11:k141_452563_6 (length 58)
P002_WA11/P002_WA11:k141_452563_7 (length 119)
P002_WA11/P002_WA11:k141_452563_8 (length 62)
P002_WA11/P002_WA11:k141_452563_9 (length 473)
P002_WA11/P002_WA11:k141_452563_10 (length 353)
P002_WA11/P002_WA11:k141_452563_11 (length 36)
P002_WA11/P002_WA11:k141_452563_12 (length 65)
P002_WA11/P002_WA11:k141_452563_13 (length 56)
P002_WA11/P002_WA11:k141_452563_14 (length 63)
P002_WA11/P002_WA11:k141_452563_15 (length 79)
P002_WA11/P002_WA11:k141_452563_16 (length 511)
P002_WA11/P002_WA11:k141_452563_17 (length 353)
P002_WA11/P002_WA11:k141_52292_1 (length 200)
P002_WA11/P002_WA11:k141_52292_2 (length 90)
P002_WA11/P002_WA11:k141_52292_3 (length 90)
P002_WA11/P002_WA11:k141_52292_4 (length 68)
P002_WA11/P002_WA11:k141_52292_5 (length 83)
P002_WA11/P002_WA11:k141_52292_6 (length 59)
P002_WA11/P002_WA11:k141_52292_7 (length 85)
P002_WA11/P002_WA11:k141_52292_8 (length 55)
P002_WA11/P002_WA11:k141_52292_9 (length 80)
P002_WA11/P002_WA11:k141_52292_10 (length 94)
P002_WA11/P002_WA11:k141_52292_11 (length 49)
P002_WA11/P002_WA11:k141_52292_12 (length 117)
P002_WA11/P002_WA11:k141_52292_13 (length 74)
P002_WA11/P002_WA11:k141_52292_14 (length 118)
P002_WA11/P002_WA11:k141_52292_15 (length 90)
P002_WA11/P002_WA11:k141_52292_16 (length 90)
P002_WA11/P002_WA11:k141_52292_17 (length 69)
P002_WA11/P002_WA11:k141_52292_18 (length 203)
P002_WA11/P002_WA11:k141_52292_19 (length 92)
P002_WA11/P002_WA11:k141_52292_20 (length 96)
P002_WA11/P002_WA11:k141_52292_21 (length 204)
P002_WA11/P002_WA11:k141_52292_22 (length 39)
P002_WA11/P002_WA11:k141_52292_23 (length 282)
P002_WA11/P002_WA11:k141_52292_24 (length 156)
P002_WA11/P002_WA11:k141_52292_25 (length 52)
P002_WA11/P002_WA11:k141_52292_26 (length 112)
P002_WA11/P002_WA11:k141_52292_27 (length 74)
P002_WA11/P002_WA11:k141_52292_28 (length 78)
P002_WA11/P002_WA11:k141_52292_29 (length 37)
P002_WA11/P002_WA11:k141_52292_30 (length 90)
P002_WA11/P002_WA11:k141_435818_1 (length 581)
P002_WA11/P002_WA11:k141_435818_2 (length 734)
P002_WA11/P002_WA11:k141_435818_3 (length 103)
P002_WA11/P002_WA11:k141_435818_4 (length 532)
P002_WA11/P002_WA11:k141_435818_5 (length 123)
P002_WA11/P002_WA11:k141_435818_6 (length 81)
P002_WA11/P002_WA11:k141_435818_7 (length 55)
P002_WA11/P002_WA11:k141_435818_8 (length 65)
P002_WA11/P002_WA11:k141_435818_9 (length 198)

DiscRep_ALL:DISC_SOURCE_QUALS_ASNDISC::strain (all present, all same)
DiscRep_SUB:DISC_SOURCE_QUALS_ASNDISC::6 sources have 'strain' for strain
DiscRep_ALL:DISC_SOURCE_QUALS_ASNDISC::taxname (all present, all same)
DiscRep_SUB:DISC_SOURCE_QUALS_ASNDISC::6 sources have 'Genus species' for taxname
DiscRep_ALL:DISC_FEATURE_COUNT::CDS: 116 present
DiscRep_ALL:DISC_FEATURE_COUNT::tRNA: 24 present
DiscRep_ALL:DISC_FEATURE_COUNT::rRNA: 2 present
DiscRep_ALL:DISC_COUNT_NUCLEOTIDES::6 nucleotide Bioseqs are present
P002_WA11/P002_WA11:k141_66102 (length 5342)
P002_WA11/P002_WA11:k141_277121 (length 12960)
P002_WA11/P002_WA11:k141_452400 (length 40375)
P002_WA11/P002_WA11:k141_452563 (length 30796)
P002_WA11/P002_WA11:k141_52292 (length 31452)
P002_WA11/P002_WA11:k141_435818 (length 10065)

DiscRep_ALL:FEATURE_LOCATION_CONFLICT::142 features have inconsistent gene locations.
DiscRep_SUB:FEATURE_LOCATION_CONFLICT::Coding region xref gene does not exist
P002_WA11/P002_WA11:CDS	ribosomal protein L2	k141_66102:c642-145	P002_WA11_00002

DiscRep_SUB:FEATURE_LOCATION_CONFLICT::Coding region xref gene does not exist
P002_WA11/P002_WA11:CDS	ribosomal protein L2	k141_66102:c1542-1228	P002_WA11_00003

DiscRep_SUB:FEATURE_LOCATION_CONFLICT::Coding region xref gene does not exist
P002_WA11/P002_WA11:CDS	hypothetical protein	k141_66102:2584-2823	P002_WA11_00004

DiscRep_SUB:FEATURE_LOCATION_CONFLICT::Coding region xref gene does not exist
P002_WA11/P002_WA11:CDS	hypothetical protein	k141_66102:4480-5100	P002_WA11_00005

DiscRep_SUB:FEATURE_LOCATION_CONFLICT::RNA feature xref gene does not exist
P002_WA11/P002_WA11:tRNA	His	k141_66102:16-90	P002_WA11_00001

DiscRep_SUB:FEATURE_LOCATION_CONFLICT::Coding region xref gene does not exist
P002_WA11/P002_WA11:CDS	NADH-plastoquinone oxidoreductase subunit 7	k141_277121:3-158	P002_WA11_00006

DiscRep_SUB:FEATURE_LOCATION_CONFLICT::Coding region xref gene does not exist
P002_WA11/P002_WA11:CDS	hypothetical protein	k141_277121:c269-99	P002_WA11_00007

DiscRep_SUB:FEATURE_LOCATION_CONFLICT::Coding region xref gene does not exist
P002_WA11/P002_WA11:CDS	NADH-plastoquinone oxidoreductase subunit 5	k141_277121:c2454-235	P002_WA11_00008

DiscRep_SUB:FEATURE_LOCATION_CONFLICT::Coding region xref gene does not exist
P002_WA11/P002_WA11:CDS	hypothetical protein	k141_277121:2922-3086	P002_WA11_00009

DiscRep_SUB:FEATURE_LOCATION_CONFLICT::Coding region xref gene does not exist
P002_WA11/P002_WA11:CDS	cytochrome c heme attachment protein	k141_277121:4315-5274	P002_WA11_00011

DiscRep_SUB:FEATURE_LOCATION_CONFLICT::Coding region xref gene does not exist
P002_WA11/P002_WA11:CDS	NADH-plastoquinone oxidoreductase subunit 4	k141_277121:c6936-5434	P002_WA11_00012

DiscRep_SUB:FEATURE_LOCATION_CONFLICT::Coding region xref gene does not exist
P002_WA11/P002_WA11:CDS	photosystem I subunit VII	k141_277121:c7305-7060	P002_WA11_00013

DiscRep_SUB:FEATURE_LOCATION_CONFLICT::Coding region xref gene does not exist
P002_WA11/P002_WA11:CDS	NADH-plastoquinone oxidoreductase subunit 4L	k141_277121:c8068-7766	P002_WA11_00014

DiscRep_SUB:FEATURE_LOCATION_CONFLICT::Coding region xref gene does not exist
P002_WA11/P002_WA11:CDS	NADH-plastoquinone oxidoreductase subunit 6	k141_277121:c8814-8284	P002_WA11_00015

DiscRep_SUB:FEATURE_LOCATION_CONFLICT::Coding region xref gene does not exist
P002_WA11/P002_WA11:CDS	NADH-plastoquinone oxidoreductase subunit I	k141_277121:c9598-9065	P002_WA11_00016

DiscRep_SUB:FEATURE_LOCATION_CONFLICT::Coding region xref gene does not exist
P002_WA11/P002_WA11:CDS	NADH-plastoquinone oxidoreductase subunit 1	k141_277121:c10130-9705	P002_WA11_00017

DiscRep_SUB:FEATURE_LOCATION_CONFLICT::Coding region xref gene does not exist
P002_WA11/P002_WA11:CDS	NADH-plastoquinone oxidoreductase subunit 1	k141_277121:c11817-11254	P002_WA11_00018

DiscRep_SUB:FEATURE_LOCATION_CONFLICT::Coding region xref gene does not exist
P002_WA11/P002_WA11:CDS	NADH-plastoquinone oxidoreductase subunit 7	k141_277121:c12958-11819	P002_WA11_00019

DiscRep_SUB:FEATURE_LOCATION_CONFLICT::RNA feature xref gene does not exist
P002_WA11/P002_WA11:tRNA	Leu	k141_277121:4158-4237	P002_WA11_00010

DiscRep_SUB:FEATURE_LOCATION_CONFLICT::Coding region xref gene does not exist
P002_WA11/P002_WA11:CDS	hypothetical protein	k141_452400:c1734-1591	P002_WA11_00020

DiscRep_SUB:FEATURE_LOCATION_CONFLICT::Coding region xref gene does not exist
P002_WA11/P002_WA11:CDS	putative chloroplast RF34	k141_452400:c2361-2113	P002_WA11_00021

DiscRep_SUB:FEATURE_LOCATION_CONFLICT::Coding region xref gene does not exist
P002_WA11/P002_WA11:CDS	ribosomal protein S4	k141_452400:c4817-4212	P002_WA11_00023

DiscRep_SUB:FEATURE_LOCATION_CONFLICT::Coding region xref gene does not exist
P002_WA11/P002_WA11:CDS	hypothetical protein	k141_452400:7119-7238	P002_WA11_00026

DiscRep_SUB:FEATURE_LOCATION_CONFLICT::Coding region xref gene does not exist
P002_WA11/P002_WA11:CDS	NADH-plastoquinone oxidoreductase subunit J	k141_452400:c8085-7519	P002_WA11_00027

DiscRep_SUB:FEATURE_LOCATION_CONFLICT::Coding region xref gene does not exist
P002_WA11/P002_WA11:CDS	NADH-plastoquinone oxidoreductase subunit K	k141_452400:c8779-8102	P002_WA11_00028

DiscRep_SUB:FEATURE_LOCATION_CONFLICT::Coding region xref gene does not exist
P002_WA11/P002_WA11:CDS	NADH-plastoquinone oxidoreductase subunit 3	k141_452400:c9196-8834	P002_WA11_00029

DiscRep_SUB:FEATURE_LOCATION_CONFLICT::Coding region xref gene does not exist
P002_WA11/P002_WA11:CDS	ATP synthase CF1 epsilon subunit	k141_452400:c11567-11154	P002_WA11_00031

DiscRep_SUB:FEATURE_LOCATION_CONFLICT::Coding region xref gene does not exist
P002_WA11/P002_WA11:CDS	ATP synthase CF1 beta subunit	k141_452400:c13138-11564	P002_WA11_00032

DiscRep_SUB:FEATURE_LOCATION_CONFLICT::Coding region xref gene does not exist
P002_WA11/P002_WA11:CDS	ribulose-1,5-bisphosphate carboxylase/oxygenase large subunit	k141_452400:13851-15293	P002_WA11_00033

DiscRep_SUB:FEATURE_LOCATION_CONFLICT::Coding region xref gene does not exist
P002_WA11/P002_WA11:CDS	ribosomal protein L23	k141_452400:15623-15865	P002_WA11_00034

DiscRep_SUB:FEATURE_LOCATION_CONFLICT::Coding region xref gene does not exist
P002_WA11/P002_WA11:CDS	hypothetical protein	k141_452400:c16284-16069	P002_WA11_00035

DiscRep_SUB:FEATURE_LOCATION_CONFLICT::Coding region xref gene does not exist
P002_WA11/P002_WA11:CDS	photosystem I subunit VIII	k141_452400:16958-17068	P002_WA11_00036

DiscRep_SUB:FEATURE_LOCATION_CONFLICT::Coding region xref gene does not exist
P002_WA11/P002_WA11:CDS	photosystem I assembly protein Ycf4	k141_452400:17404-17961	P002_WA11_00037

DiscRep_SUB:FEATURE_LOCATION_CONFLICT::Coding region xref gene does not exist
P002_WA11/P002_WA11:CDS	envelope membrane protein	k141_452400:18418-19110	P002_WA11_00038

DiscRep_SUB:FEATURE_LOCATION_CONFLICT::Coding region xref gene does not exist
P002_WA11/P002_WA11:CDS	cytochrome f	k141_452400:19330-20298	P002_WA11_00039

DiscRep_SUB:FEATURE_LOCATION_CONFLICT::Coding region xref gene does not exist
P002_WA11/P002_WA11:CDS	hypothetical protein	k141_452400:c20764-20528	P002_WA11_00040

DiscRep_SUB:FEATURE_LOCATION_CONFLICT::Coding region xref gene does not exist
P002_WA11/P002_WA11:CDS	photosystem II protein J	k141_452400:c21245-21102	P002_WA11_00041

DiscRep_SUB:FEATURE_LOCATION_CONFLICT::Coding region xref gene does not exist
P002_WA11/P002_WA11:CDS	photosystem II protein L	k141_452400:c21466-21350	P002_WA11_00042

DiscRep_SUB:FEATURE_LOCATION_CONFLICT::Coding region xref gene does not exist
P002_WA11/P002_WA11:CDS	Cytochrome b559 subunit beta	k141_452400:c21641-21489	P002_WA11_00043

DiscRep_SUB:FEATURE_LOCATION_CONFLICT::Coding region xref gene does not exist
P002_WA11/P002_WA11:CDS	photosystem II cytochrome b559 alpha subunit	k141_452400:c21870-21619	P002_WA11_00044

DiscRep_SUB:FEATURE_LOCATION_CONFLICT::Coding region xref gene does not exist
P002_WA11/P002_WA11:CDS	hypothetical protein	k141_452400:25356-25865	P002_WA11_00047

DiscRep_SUB:FEATURE_LOCATION_CONFLICT::Coding region xref gene does not exist
P002_WA11/P002_WA11:CDS	ribosomal protein L20	k141_452400:c26381-26022	P002_WA11_00048

DiscRep_SUB:FEATURE_LOCATION_CONFLICT::Coding region xref gene does not exist
P002_WA11/P002_WA11:CDS	hypothetical protein	k141_452400:c27189-27040	P002_WA11_00049

DiscRep_SUB:FEATURE_LOCATION_CONFLICT::Coding region xref gene does not exist
P002_WA11/P002_WA11:CDS	ATP-dependent Clp protease proteolytic subunit	k141_452400:c27986-27336	P002_WA11_00050

DiscRep_SUB:FEATURE_LOCATION_CONFLICT::Coding region xref gene does not exist
P002_WA11/P002_WA11:CDS	photosystem II CP47 chlorophyll apoprotein	k141_452400:28527-30053	P002_WA11_00051

DiscRep_SUB:FEATURE_LOCATION_CONFLICT::Coding region xref gene does not exist
P002_WA11/P002_WA11:CDS	photosystem II protein T	k141_452400:30217-30333	P002_WA11_00052

DiscRep_SUB:FEATURE_LOCATION_CONFLICT::Coding region xref gene does not exist
P002_WA11/P002_WA11:CDS	hypothetical protein	k141_452400:c30628-30353	P002_WA11_00053

DiscRep_SUB:FEATURE_LOCATION_CONFLICT::Coding region xref gene does not exist
P002_WA11/P002_WA11:CDS	hypothetical protein	k141_452400:c30786-30568	P002_WA11_00054

DiscRep_SUB:FEATURE_LOCATION_CONFLICT::Coding region xref gene does not exist
P002_WA11/P002_WA11:CDS	hypothetical protein	k141_452400:c31536-31360	P002_WA11_00055

DiscRep_SUB:FEATURE_LOCATION_CONFLICT::Coding region xref gene does not exist
P002_WA11/P002_WA11:CDS	cytochrome b6	k141_452400:31655-32377	P002_WA11_00056

DiscRep_SUB:FEATURE_LOCATION_CONFLICT::Coding region xref gene does not exist
P002_WA11/P002_WA11:CDS	hypothetical protein	k141_452400:c33193-33011	P002_WA11_00057

DiscRep_SUB:FEATURE_LOCATION_CONFLICT::Coding region xref gene does not exist
P002_WA11/P002_WA11:CDS	cytochrome b6/f complex subunit IV	k141_452400:33264-33788	P002_WA11_00058

DiscRep_SUB:FEATURE_LOCATION_CONFLICT::Coding region xref gene does not exist
P002_WA11/P002_WA11:CDS	DNA-directed RNA polymerase subunit alpha	k141_452400:c35016-33997	P002_WA11_00059

DiscRep_SUB:FEATURE_LOCATION_CONFLICT::Coding region xref gene does not exist
P002_WA11/P002_WA11:CDS	ribosomal protein S11	k141_452400:c35512-35081	P002_WA11_00060

DiscRep_SUB:FEATURE_LOCATION_CONFLICT::Coding region xref gene does not exist
P002_WA11/P002_WA11:CDS	Translation initiation factor IF-1	k141_452400:c36235-35912	P002_WA11_00061

DiscRep_SUB:FEATURE_LOCATION_CONFLICT::Coding region xref gene does not exist
P002_WA11/P002_WA11:CDS	ribosomal protein S8	k141_452400:c36726-36316	P002_WA11_00062

DiscRep_SUB:FEATURE_LOCATION_CONFLICT::Coding region xref gene does not exist
P002_WA11/P002_WA11:CDS	ribosomal protein L14	k141_452400:c37241-36870	P002_WA11_00063

DiscRep_SUB:FEATURE_LOCATION_CONFLICT::Coding region xref gene does not exist
P002_WA11/P002_WA11:CDS	hypothetical protein	k141_452400:37280-37381	P002_WA11_00064

DiscRep_SUB:FEATURE_LOCATION_CONFLICT::Coding region xref gene does not exist
P002_WA11/P002_WA11:CDS	ribosomal protein L16	k141_452400:c37724-37362	P002_WA11_00065

DiscRep_SUB:FEATURE_LOCATION_CONFLICT::Coding region xref gene does not exist
P002_WA11/P002_WA11:CDS	hypothetical protein	k141_452400:c37882-37721	P002_WA11_00066

DiscRep_SUB:FEATURE_LOCATION_CONFLICT::Coding region xref gene does not exist
P002_WA11/P002_WA11:CDS	ribosomal protein S3	k141_452400:c39685-38966	P002_WA11_00067

DiscRep_SUB:FEATURE_LOCATION_CONFLICT::Coding region xref gene does not exist
P002_WA11/P002_WA11:CDS	hypothetical protein	k141_452400:c40192-39743	P002_WA11_00068

DiscRep_SUB:FEATURE_LOCATION_CONFLICT::RNA feature xref gene does not exist
P002_WA11/P002_WA11:tRNA	Ser	k141_452400:3841-3927	P002_WA11_00022

DiscRep_SUB:FEATURE_LOCATION_CONFLICT::RNA feature xref gene does not exist
P002_WA11/P002_WA11:tRNA	Thr	k141_452400:c5193-5119	P002_WA11_00024

DiscRep_SUB:FEATURE_LOCATION_CONFLICT::RNA feature xref gene does not exist
P002_WA11/P002_WA11:tRNA	Phe	k141_452400:6866-6938	P002_WA11_00025

DiscRep_SUB:FEATURE_LOCATION_CONFLICT::RNA feature xref gene does not exist
P002_WA11/P002_WA11:tRNA	Met	k141_452400:10966-11040	P002_WA11_00030

DiscRep_SUB:FEATURE_LOCATION_CONFLICT::RNA feature xref gene does not exist
P002_WA11/P002_WA11:tRNA	Trp	k141_452400:c23761-23688	P002_WA11_00045

DiscRep_SUB:FEATURE_LOCATION_CONFLICT::RNA feature xref gene does not exist
P002_WA11/P002_WA11:tRNA	Pro	k141_452400:c23979-23904	P002_WA11_00046

DiscRep_SUB:FEATURE_LOCATION_CONFLICT::Coding region xref gene does not exist
P002_WA11/P002_WA11:CDS	ribosomal protein S2	k141_452563:c1089-406	P002_WA11_00069

DiscRep_SUB:FEATURE_LOCATION_CONFLICT::Coding region xref gene does not exist
P002_WA11/P002_WA11:CDS	DNA-directed RNA polymerase subunit beta'	k141_452563:c5868-1426	P002_WA11_00070

DiscRep_SUB:FEATURE_LOCATION_CONFLICT::Coding region xref gene does not exist
P002_WA11/P002_WA11:CDS	RNA polymerase beta' subunit	k141_452563:c8120-6072	P002_WA11_00071

DiscRep_SUB:FEATURE_LOCATION_CONFLICT::Coding region xref gene does not exist
P002_WA11/P002_WA11:CDS	RNA polymerase beta subunit	k141_452563:c11393-8163	P002_WA11_00072

DiscRep_SUB:FEATURE_LOCATION_CONFLICT::Coding region xref gene does not exist
P002_WA11/P002_WA11:CDS	photosystem II protein M	k141_452563:c14001-13897	P002_WA11_00074

DiscRep_SUB:FEATURE_LOCATION_CONFLICT::Coding region xref gene does not exist
P002_WA11/P002_WA11:CDS	hypothetical protein	k141_452563:16011-16187	P002_WA11_00079

DiscRep_SUB:FEATURE_LOCATION_CONFLICT::Coding region xref gene does not exist
P002_WA11/P002_WA11:CDS	hypothetical protein	k141_452563:c17511-17152	P002_WA11_00080

DiscRep_SUB:FEATURE_LOCATION_CONFLICT::Coding region xref gene does not exist
P002_WA11/P002_WA11:CDS	photosystem II protein Z	k141_452563:c18979-18791	P002_WA11_00083

DiscRep_SUB:FEATURE_LOCATION_CONFLICT::Coding region xref gene does not exist
P002_WA11/P002_WA11:CDS	photosystem II CP43 chlorophyll apoprotein	k141_452563:c21006-19585	P002_WA11_00085

DiscRep_SUB:FEATURE_LOCATION_CONFLICT::Coding region xref gene does not exist
P002_WA11/P002_WA11:CDS	photosystem II protein D2	k141_452563:c22015-20954	P002_WA11_00086

DiscRep_SUB:FEATURE_LOCATION_CONFLICT::Coding region xref gene does not exist
P002_WA11/P002_WA11:CDS	Photosystem II reaction center protein I	k141_452563:c23300-23190	P002_WA11_00088

DiscRep_SUB:FEATURE_LOCATION_CONFLICT::Coding region xref gene does not exist
P002_WA11/P002_WA11:CDS	photosystem II protein K	k141_452563:c23900-23703	P002_WA11_00089

DiscRep_SUB:FEATURE_LOCATION_CONFLICT::Coding region xref gene does not exist
P002_WA11/P002_WA11:CDS	hypothetical protein	k141_452563:24464-24634	P002_WA11_00091

DiscRep_SUB:FEATURE_LOCATION_CONFLICT::Coding region xref gene does not exist
P002_WA11/P002_WA11:CDS	hypothetical protein	k141_452563:c25208-25017	P002_WA11_00092

DiscRep_SUB:FEATURE_LOCATION_CONFLICT::Coding region xref gene does not exist
P002_WA11/P002_WA11:CDS	hypothetical protein	k141_452563:c25844-25605	P002_WA11_00093

DiscRep_SUB:FEATURE_LOCATION_CONFLICT::Coding region xref gene does not exist
P002_WA11/P002_WA11:CDS	maturase K	k141_452563:27430-28965	P002_WA11_00094

DiscRep_SUB:FEATURE_LOCATION_CONFLICT::Coding region xref gene does not exist
P002_WA11/P002_WA11:CDS	photosystem II protein D1	k141_452563:29508-30569	P002_WA11_00095

DiscRep_SUB:FEATURE_LOCATION_CONFLICT::RNA feature xref gene does not exist
P002_WA11/P002_WA11:tRNA	Cys	k141_452563:12551-12621	P002_WA11_00073

DiscRep_SUB:FEATURE_LOCATION_CONFLICT::RNA feature xref gene does not exist
P002_WA11/P002_WA11:tRNA	Asp	k141_452563:c14770-14697	P002_WA11_00075

DiscRep_SUB:FEATURE_LOCATION_CONFLICT::RNA feature xref gene does not exist
P002_WA11/P002_WA11:tRNA	Tyr	k141_452563:c15128-15043	P002_WA11_00076

DiscRep_SUB:FEATURE_LOCATION_CONFLICT::RNA feature xref gene does not exist
P002_WA11/P002_WA11:tRNA	Glu	k141_452563:c15262-15188	P002_WA11_00077

DiscRep_SUB:FEATURE_LOCATION_CONFLICT::RNA feature xref gene does not exist
P002_WA11/P002_WA11:tRNA	Thr	k141_452563:c15869-15796	P002_WA11_00078

DiscRep_SUB:FEATURE_LOCATION_CONFLICT::RNA feature xref gene does not exist
P002_WA11/P002_WA11:tRNA	Met	k141_452563:17915-17990	P002_WA11_00081

DiscRep_SUB:FEATURE_LOCATION_CONFLICT::RNA feature xref gene does not exist
P002_WA11/P002_WA11:tRNA	Gly	k141_452563:c18499-18427	P002_WA11_00082

DiscRep_SUB:FEATURE_LOCATION_CONFLICT::RNA feature xref gene does not exist
P002_WA11/P002_WA11:tRNA	Ser	k141_452563:19340-19427	P002_WA11_00084

DiscRep_SUB:FEATURE_LOCATION_CONFLICT::RNA feature xref gene does not exist
P002_WA11/P002_WA11:tRNA	Ser	k141_452563:22982-23070	P002_WA11_00087

DiscRep_SUB:FEATURE_LOCATION_CONFLICT::RNA feature xref gene does not exist
P002_WA11/P002_WA11:tRNA	Gln	k141_452563:24230-24301	P002_WA11_00090

DiscRep_SUB:FEATURE_LOCATION_CONFLICT::Coding region xref gene does not exist
P002_WA11/P002_WA11:CDS	hypothetical protein	k141_52292:137-739	P002_WA11_00096

DiscRep_SUB:FEATURE_LOCATION_CONFLICT::Coding region xref gene does not exist
P002_WA11/P002_WA11:CDS	NADH-quinone oxidoreductase subunit K	k141_52292:849-1121	P002_WA11_00097

DiscRep_SUB:FEATURE_LOCATION_CONFLICT::Coding region xref gene does not exist
P002_WA11/P002_WA11:CDS	hypothetical protein	k141_52292:1257-1529	P002_WA11_00098

DiscRep_SUB:FEATURE_LOCATION_CONFLICT::Coding region xref gene does not exist
P002_WA11/P002_WA11:CDS	hypothetical protein	k141_52292:c2305-2099	P002_WA11_00099

DiscRep_SUB:FEATURE_LOCATION_CONFLICT::Coding region xref gene does not exist
P002_WA11/P002_WA11:CDS	hypothetical protein	k141_52292:2597-2848	P002_WA11_00100

DiscRep_SUB:FEATURE_LOCATION_CONFLICT::Coding region xref gene does not exist
P002_WA11/P002_WA11:CDS	hypothetical protein	k141_52292:c3141-2962	P002_WA11_00101

DiscRep_SUB:FEATURE_LOCATION_CONFLICT::Coding region xref gene does not exist
P002_WA11/P002_WA11:CDS	hypothetical protein	k141_52292:c4122-3865	P002_WA11_00102

DiscRep_SUB:FEATURE_LOCATION_CONFLICT::Coding region xref gene does not exist
P002_WA11/P002_WA11:CDS	NADH-plastoquinone oxidoreductase subunit 4	k141_52292:4532-4699	P002_WA11_00103

DiscRep_SUB:FEATURE_LOCATION_CONFLICT::Coding region xref gene does not exist
P002_WA11/P002_WA11:CDS	hypothetical protein	k141_52292:4814-5056	P002_WA11_00104

DiscRep_SUB:FEATURE_LOCATION_CONFLICT::Coding region xref gene does not exist
P002_WA11/P002_WA11:CDS	hypothetical protein	k141_52292:5053-5337	P002_WA11_00105

DiscRep_SUB:FEATURE_LOCATION_CONFLICT::Coding region xref gene does not exist
P002_WA11/P002_WA11:CDS	hypothetical protein	k141_52292:5636-5785	P002_WA11_00106

DiscRep_SUB:FEATURE_LOCATION_CONFLICT::Coding region xref gene does not exist
P002_WA11/P002_WA11:CDS	hypothetical protein	k141_52292:6141-6494	P002_WA11_00107

DiscRep_SUB:FEATURE_LOCATION_CONFLICT::Coding region xref gene does not exist
P002_WA11/P002_WA11:CDS	hypothetical protein	k141_52292:c7365-7141	P002_WA11_00108

DiscRep_SUB:FEATURE_LOCATION_CONFLICT::Coding region xref gene does not exist
P002_WA11/P002_WA11:CDS	hypothetical protein	k141_52292:8111-8467	P002_WA11_00109

DiscRep_SUB:FEATURE_LOCATION_CONFLICT::Coding region xref gene does not exist
P002_WA11/P002_WA11:CDS	hypothetical protein	k141_52292:8701-8973	P002_WA11_00110

DiscRep_SUB:FEATURE_LOCATION_CONFLICT::Coding region xref gene does not exist
P002_WA11/P002_WA11:CDS	hypothetical protein	k141_52292:10687-10959	P002_WA11_00111

DiscRep_SUB:FEATURE_LOCATION_CONFLICT::Coding region xref gene does not exist
P002_WA11/P002_WA11:CDS	hypothetical protein	k141_52292:11153-11362	P002_WA11_00112

DiscRep_SUB:FEATURE_LOCATION_CONFLICT::Coding region xref gene does not exist
P002_WA11/P002_WA11:CDS	hypothetical protein	k141_52292:12728-13339	P002_WA11_00114

DiscRep_SUB:FEATURE_LOCATION_CONFLICT::Coding region xref gene does not exist
P002_WA11/P002_WA11:CDS	hypothetical protein	k141_52292:13388-13666	P002_WA11_00115

DiscRep_SUB:FEATURE_LOCATION_CONFLICT::Coding region xref gene does not exist
P002_WA11/P002_WA11:CDS	hypothetical protein	k141_52292:14156-14446	P002_WA11_00116

DiscRep_SUB:FEATURE_LOCATION_CONFLICT::Coding region xref gene does not exist
P002_WA11/P002_WA11:CDS	NADH-plastoquinone oxidoreductase subunit 2	k141_52292:c16171-15557	P002_WA11_00118

DiscRep_SUB:FEATURE_LOCATION_CONFLICT::Coding region xref gene does not exist
P002_WA11/P002_WA11:CDS	hypothetical protein	k141_52292:c16468-16349	P002_WA11_00119

DiscRep_SUB:FEATURE_LOCATION_CONFLICT::Coding region xref gene does not exist
P002_WA11/P002_WA11:CDS	NADH-plastoquinone oxidoreductase subunit 2	k141_52292:c17801-16953	P002_WA11_00120

DiscRep_SUB:FEATURE_LOCATION_CONFLICT::Coding region xref gene does not exist
P002_WA11/P002_WA11:CDS	ribosomal protein S7	k141_52292:c18571-18101	P002_WA11_00121

DiscRep_SUB:FEATURE_LOCATION_CONFLICT::Coding region xref gene does not exist
P002_WA11/P002_WA11:CDS	hypothetical protein	k141_52292:c19068-18910	P002_WA11_00122

DiscRep_SUB:FEATURE_LOCATION_CONFLICT::Coding region xref gene does not exist
P002_WA11/P002_WA11:CDS	hypothetical protein	k141_52292:c20741-20403	P002_WA11_00123

DiscRep_SUB:FEATURE_LOCATION_CONFLICT::Coding region xref gene does not exist
P002_WA11/P002_WA11:CDS	hypothetical protein	k141_52292:c23512-23288	P002_WA11_00126

DiscRep_SUB:FEATURE_LOCATION_CONFLICT::Coding region xref gene does not exist
P002_WA11/P002_WA11:CDS	hypothetical protein	k141_52292:c24376-24140	P002_WA11_00127

DiscRep_SUB:FEATURE_LOCATION_CONFLICT::Coding region xref gene does not exist
P002_WA11/P002_WA11:CDS	hypothetical protein	k141_52292:c30315-30202	P002_WA11_00131

DiscRep_SUB:FEATURE_LOCATION_CONFLICT::Coding region xref gene does not exist
P002_WA11/P002_WA11:CDS	ribosomal protein S15	k141_52292:30862-31134	P002_WA11_00132

DiscRep_SUB:FEATURE_LOCATION_CONFLICT::RNA feature xref gene does not exist
P002_WA11/P002_WA11:tRNA	Met	k141_52292:c12423-12349	P002_WA11_00113

DiscRep_SUB:FEATURE_LOCATION_CONFLICT::RNA feature xref gene does not exist
P002_WA11/P002_WA11:tRNA	Leu	k141_52292:c14985-14903	P002_WA11_00117

DiscRep_SUB:FEATURE_LOCATION_CONFLICT::RNA feature xref gene does not exist
P002_WA11/P002_WA11:tRNA	Val	k141_52292:21181-21252	P002_WA11_00124

DiscRep_SUB:FEATURE_LOCATION_CONFLICT::RNA feature xref gene does not exist
P002_WA11/P002_WA11:rRNA	16S ribosomal RNA	k141_52292:21487-22973	P002_WA11_00125

DiscRep_SUB:FEATURE_LOCATION_CONFLICT::RNA feature xref gene does not exist
P002_WA11/P002_WA11:rRNA	23S ribosomal RNA	k141_52292:25255-28330	P002_WA11_00128

DiscRep_SUB:FEATURE_LOCATION_CONFLICT::RNA feature xref gene does not exist
P002_WA11/P002_WA11:tRNA	Arg	k141_52292:28908-28982	P002_WA11_00129

DiscRep_SUB:FEATURE_LOCATION_CONFLICT::RNA feature xref gene does not exist
P002_WA11/P002_WA11:tRNA	Asn	k141_52292:c29313-29240	P002_WA11_00130

DiscRep_SUB:FEATURE_LOCATION_CONFLICT::Coding region xref gene does not exist
P002_WA11/P002_WA11:CDS	photosystem I P700 apoprotein A1	k141_435818:78-1823	P002_WA11_00133

DiscRep_SUB:FEATURE_LOCATION_CONFLICT::Coding region xref gene does not exist
P002_WA11/P002_WA11:CDS	photosystem I P700 apoprotein A2	k141_435818:1849-4053	P002_WA11_00134

DiscRep_SUB:FEATURE_LOCATION_CONFLICT::Coding region xref gene does not exist
P002_WA11/P002_WA11:CDS	ribosomal protein S14	k141_435818:4217-4528	P002_WA11_00135

DiscRep_SUB:FEATURE_LOCATION_CONFLICT::Coding region xref gene does not exist
P002_WA11/P002_WA11:CDS	ATP synthase CF1 alpha subunit	k141_435818:c6677-5079	P002_WA11_00137

DiscRep_SUB:FEATURE_LOCATION_CONFLICT::Coding region xref gene does not exist
P002_WA11/P002_WA11:CDS	ATP synthase CF0 subunit I	k141_435818:c7065-6694	P002_WA11_00138

DiscRep_SUB:FEATURE_LOCATION_CONFLICT::Coding region xref gene does not exist
P002_WA11/P002_WA11:CDS	ATP synthase CF0 subunit III	k141_435818:c8774-8529	P002_WA11_00139

DiscRep_SUB:FEATURE_LOCATION_CONFLICT::Coding region xref gene does not exist
P002_WA11/P002_WA11:CDS	hypothetical protein	k141_435818:c9049-8882	P002_WA11_00140

DiscRep_SUB:FEATURE_LOCATION_CONFLICT::Coding region xref gene does not exist
P002_WA11/P002_WA11:CDS	hypothetical protein	k141_435818:c9243-9046	P002_WA11_00141

DiscRep_SUB:FEATURE_LOCATION_CONFLICT::Coding region xref gene does not exist
P002_WA11/P002_WA11:CDS	ATP synthase CF0 subunit IV	k141_435818:c9939-9343	P002_WA11_00142

DiscRep_SUB:FEATURE_LOCATION_CONFLICT::RNA feature xref gene does not exist
P002_WA11/P002_WA11:tRNA	Arg	k141_435818:4875-4946	P002_WA11_00136

DiscRep_ALL:SUSPECT_PRODUCT_NAMES::2 product_names contain suspect phrase or characters
DiscRep_SUB:SUSPECT_PRODUCT_NAMES::May contain database identifier more appropriate in note; remove from product name
DiscRep_SUB:SUSPECT_PRODUCT_NAMES::2 features contains three or more numbers together that may be identifiers more appropriate in note
P002_WA11/P002_WA11:CDS	photosystem I P700 apoprotein A1	k141_435818:78-1823	P002_WA11_00133
P002_WA11/P002_WA11:CDS	photosystem I P700 apoprotein A2	k141_435818:1849-4053	P002_WA11_00134

DiscRep_ALL:DISC_QUALITY_SCORES::Quality scores are missing on all sequences.

DiscRep_ALL:ONCALLER_COMMENT_PRESENT::6 comment descriptors were found (all same)
P002_WA11/P002_WA11:k141_66102:Annotated using prokka 1.14.5 from https://github.com/tseemann/prokka
P002_WA11/P002_WA11:k141_277121:Annotated using prokka 1.14.5 from https://github.com/tseemann/prokka
P002_WA11/P002_WA11:k141_452400:Annotated using prokka 1.14.5 from https://github.com/tseemann/prokka
P002_WA11/P002_WA11:k141_452563:Annotated using prokka 1.14.5 from https://github.com/tseemann/prokka
P002_WA11/P002_WA11:k141_52292:Annotated using prokka 1.14.5 from https://github.com/tseemann/prokka
P002_WA11/P002_WA11:k141_435818:Annotated using prokka 1.14.5 from https://github.com/tseemann/prokka

DiscRep_ALL:SHORT_PROT_SEQUENCES::13 protein sequences are shorter than 50 aa.
P002_WA11/P002_WA11:k141_452400_1 (length 47)
P002_WA11/P002_WA11:k141_452400_4 (length 39)
P002_WA11/P002_WA11:k141_452400_13 (length 36)
P002_WA11/P002_WA11:k141_452400_18 (length 47)
P002_WA11/P002_WA11:k141_452400_19 (length 38)
P002_WA11/P002_WA11:k141_452400_24 (length 49)
P002_WA11/P002_WA11:k141_452400_27 (length 38)
P002_WA11/P002_WA11:k141_452400_39 (length 33)
P002_WA11/P002_WA11:k141_452563_5 (length 34)
P002_WA11/P002_WA11:k141_452563_11 (length 36)
P002_WA11/P002_WA11:k141_52292_11 (length 49)
P002_WA11/P002_WA11:k141_52292_22 (length 39)
P002_WA11/P002_WA11:k141_52292_29 (length 37)

DiscRep_ALL:MISSING_GENOMEASSEMBLY_COMMENTS::6 bioseqs are missing GenomeAssembly structured comments
P002_WA11/P002_WA11:k141_66102 (length 5342)
P002_WA11/P002_WA11:k141_277121 (length 12960)
P002_WA11/P002_WA11:k141_452400 (length 40375)
P002_WA11/P002_WA11:k141_452563 (length 30796)
P002_WA11/P002_WA11:k141_52292 (length 31452)
P002_WA11/P002_WA11:k141_435818 (length 10065)

DiscRep_ALL:MOLTYPE_NOT_MRNA::6 molecule types are not set as mRNA.
P002_WA11/P002_WA11:k141_66102 (length 5342)
P002_WA11/P002_WA11:k141_277121 (length 12960)
P002_WA11/P002_WA11:k141_452400 (length 40375)
P002_WA11/P002_WA11:k141_452563 (length 30796)
P002_WA11/P002_WA11:k141_52292 (length 31452)
P002_WA11/P002_WA11:k141_435818 (length 10065)

DiscRep_ALL:TECHNIQUE_NOT_TSA::6 technique are not set as TSA
P002_WA11/P002_WA11:k141_66102 (length 5342)
P002_WA11/P002_WA11:k141_277121 (length 12960)
P002_WA11/P002_WA11:k141_452400 (length 40375)
P002_WA11/P002_WA11:k141_452563 (length 30796)
P002_WA11/P002_WA11:k141_52292 (length 31452)
P002_WA11/P002_WA11:k141_435818 (length 10065)

DiscRep_ALL:MISSING_STRUCTURED_COMMENT::6 sequences do not include structured comments.
P002_WA11/P002_WA11:k141_66102 (length 5342)
P002_WA11/P002_WA11:k141_277121 (length 12960)
P002_WA11/P002_WA11:k141_452400 (length 40375)
P002_WA11/P002_WA11:k141_452563 (length 30796)
P002_WA11/P002_WA11:k141_52292 (length 31452)
P002_WA11/P002_WA11:k141_435818 (length 10065)

DiscRep_ALL:MISSING_PROJECT::122 sequences do not include project.
P002_WA11/P002_WA11:k141_66102 (length 5342)
P002_WA11/P002_WA11:k141_66102_1 (length 165)
P002_WA11/P002_WA11:k141_66102_2 (length 104)
P002_WA11/P002_WA11:k141_66102_3 (length 79)
P002_WA11/P002_WA11:k141_66102_4 (length 206)
P002_WA11/P002_WA11:k141_277121 (length 12960)
P002_WA11/P002_WA11:k141_277121_1 (length 51)
P002_WA11/P002_WA11:k141_277121_2 (length 56)
P002_WA11/P002_WA11:k141_277121_3 (length 739)
P002_WA11/P002_WA11:k141_277121_4 (length 54)
P002_WA11/P002_WA11:k141_277121_5 (length 319)
P002_WA11/P002_WA11:k141_277121_6 (length 500)
P002_WA11/P002_WA11:k141_277121_7 (length 81)
P002_WA11/P002_WA11:k141_277121_8 (length 100)
P002_WA11/P002_WA11:k141_277121_9 (length 176)
P002_WA11/P002_WA11:k141_277121_10 (length 177)
P002_WA11/P002_WA11:k141_277121_11 (length 141)
P002_WA11/P002_WA11:k141_277121_12 (length 187)
P002_WA11/P002_WA11:k141_277121_13 (length 379)
P002_WA11/P002_WA11:k141_452400 (length 40375)
P002_WA11/P002_WA11:k141_452400_1 (length 47)
P002_WA11/P002_WA11:k141_452400_2 (length 82)
P002_WA11/P002_WA11:k141_452400_3 (length 201)
P002_WA11/P002_WA11:k141_452400_4 (length 39)
P002_WA11/P002_WA11:k141_452400_5 (length 188)
P002_WA11/P002_WA11:k141_452400_6 (length 225)
P002_WA11/P002_WA11:k141_452400_7 (length 120)
P002_WA11/P002_WA11:k141_452400_8 (length 137)
P002_WA11/P002_WA11:k141_452400_9 (length 524)
P002_WA11/P002_WA11:k141_452400_10 (length 480)
P002_WA11/P002_WA11:k141_452400_11 (length 80)
P002_WA11/P002_WA11:k141_452400_12 (length 71)
P002_WA11/P002_WA11:k141_452400_13 (length 36)
P002_WA11/P002_WA11:k141_452400_14 (length 185)
P002_WA11/P002_WA11:k141_452400_15 (length 230)
P002_WA11/P002_WA11:k141_452400_16 (length 322)
P002_WA11/P002_WA11:k141_452400_17 (length 78)
P002_WA11/P002_WA11:k141_452400_18 (length 47)
P002_WA11/P002_WA11:k141_452400_19 (length 38)
P002_WA11/P002_WA11:k141_452400_20 (length 50)
P002_WA11/P002_WA11:k141_452400_21 (length 83)
P002_WA11/P002_WA11:k141_452400_22 (length 169)
P002_WA11/P002_WA11:k141_452400_23 (length 119)
P002_WA11/P002_WA11:k141_452400_24 (length 49)
P002_WA11/P002_WA11:k141_452400_25 (length 216)
P002_WA11/P002_WA11:k141_452400_26 (length 508)
P002_WA11/P002_WA11:k141_452400_27 (length 38)
P002_WA11/P002_WA11:k141_452400_28 (length 91)
P002_WA11/P002_WA11:k141_452400_29 (length 72)
P002_WA11/P002_WA11:k141_452400_30 (length 58)
P002_WA11/P002_WA11:k141_452400_31 (length 240)
P002_WA11/P002_WA11:k141_452400_32 (length 60)
P002_WA11/P002_WA11:k141_452400_33 (length 174)
P002_WA11/P002_WA11:k141_452400_34 (length 339)
P002_WA11/P002_WA11:k141_452400_35 (length 143)
P002_WA11/P002_WA11:k141_452400_36 (length 107)
P002_WA11/P002_WA11:k141_452400_37 (length 136)
P002_WA11/P002_WA11:k141_452400_38 (length 123)
P002_WA11/P002_WA11:k141_452400_39 (length 33)
P002_WA11/P002_WA11:k141_452400_40 (length 120)
P002_WA11/P002_WA11:k141_452400_41 (length 53)
P002_WA11/P002_WA11:k141_452400_42 (length 239)
P002_WA11/P002_WA11:k141_452400_43 (length 149)
P002_WA11/P002_WA11:k141_452563 (length 30796)
P002_WA11/P002_WA11:k141_452563_1 (length 227)
P002_WA11/P002_WA11:k141_452563_2 (length 1480)
P002_WA11/P002_WA11:k141_452563_3 (length 682)
P002_WA11/P002_WA11:k141_452563_4 (length 1076)
P002_WA11/P002_WA11:k141_452563_5 (length 34)
P002_WA11/P002_WA11:k141_452563_6 (length 58)
P002_WA11/P002_WA11:k141_452563_7 (length 119)
P002_WA11/P002_WA11:k141_452563_8 (length 62)
P002_WA11/P002_WA11:k141_452563_9 (length 473)
P002_WA11/P002_WA11:k141_452563_10 (length 353)
P002_WA11/P002_WA11:k141_452563_11 (length 36)
P002_WA11/P002_WA11:k141_452563_12 (length 65)
P002_WA11/P002_WA11:k141_452563_13 (length 56)
P002_WA11/P002_WA11:k141_452563_14 (length 63)
P002_WA11/P002_WA11:k141_452563_15 (length 79)
P002_WA11/P002_WA11:k141_452563_16 (length 511)
P002_WA11/P002_WA11:k141_452563_17 (length 353)
P002_WA11/P002_WA11:k141_52292 (length 31452)
P002_WA11/P002_WA11:k141_52292_1 (length 200)
P002_WA11/P002_WA11:k141_52292_2 (length 90)
P002_WA11/P002_WA11:k141_52292_3 (length 90)
P002_WA11/P002_WA11:k141_52292_4 (length 68)
P002_WA11/P002_WA11:k141_52292_5 (length 83)
P002_WA11/P002_WA11:k141_52292_6 (length 59)
P002_WA11/P002_WA11:k141_52292_7 (length 85)
P002_WA11/P002_WA11:k141_52292_8 (length 55)
P002_WA11/P002_WA11:k141_52292_9 (length 80)
P002_WA11/P002_WA11:k141_52292_10 (length 94)
P002_WA11/P002_WA11:k141_52292_11 (length 49)
P002_WA11/P002_WA11:k141_52292_12 (length 117)
P002_WA11/P002_WA11:k141_52292_13 (length 74)
P002_WA11/P002_WA11:k141_52292_14 (length 118)
P002_WA11/P002_WA11:k141_52292_15 (length 90)
P002_WA11/P002_WA11:k141_52292_16 (length 90)
P002_WA11/P002_WA11:k141_52292_17 (length 69)
P002_WA11/P002_WA11:k141_52292_18 (length 203)
P002_WA11/P002_WA11:k141_52292_19 (length 92)
P002_WA11/P002_WA11:k141_52292_20 (length 96)
P002_WA11/P002_WA11:k141_52292_21 (length 204)
P002_WA11/P002_WA11:k141_52292_22 (length 39)
P002_WA11/P002_WA11:k141_52292_23 (length 282)
P002_WA11/P002_WA11:k141_52292_24 (length 156)
P002_WA11/P002_WA11:k141_52292_25 (length 52)
P002_WA11/P002_WA11:k141_52292_26 (length 112)
P002_WA11/P002_WA11:k141_52292_27 (length 74)
P002_WA11/P002_WA11:k141_52292_28 (length 78)
P002_WA11/P002_WA11:k141_52292_29 (length 37)
P002_WA11/P002_WA11:k141_52292_30 (length 90)
P002_WA11/P002_WA11:k141_435818 (length 10065)
P002_WA11/P002_WA11:k141_435818_1 (length 581)
P002_WA11/P002_WA11:k141_435818_2 (length 734)
P002_WA11/P002_WA11:k141_435818_3 (length 103)
P002_WA11/P002_WA11:k141_435818_4 (length 532)
P002_WA11/P002_WA11:k141_435818_5 (length 123)
P002_WA11/P002_WA11:k141_435818_6 (length 81)
P002_WA11/P002_WA11:k141_435818_7 (length 55)
P002_WA11/P002_WA11:k141_435818_8 (length 65)
P002_WA11/P002_WA11:k141_435818_9 (length 198)

DiscRep_ALL:DISC_INCONSISTENT_MOLINFO_TECH::Molinfo Technique Report (some missing, all same)
DiscRep_SUB:DISC_INCONSISTENT_MOLINFO_TECH::technique (all missing)
DiscRep_SUB:DISC_INCONSISTENT_MOLINFO_TECH::6 Molinfos are missing field technique
P002_WA11/P002_WA11:k141_52292 (length 31452)
P002_WA11/P002_WA11:k141_66102 (length 5342)
P002_WA11/P002_WA11:k141_277121 (length 12960)
P002_WA11/P002_WA11:k141_435818 (length 10065)
P002_WA11/P002_WA11:k141_452400 (length 40375)
P002_WA11/P002_WA11:k141_452563 (length 30796)

