Discrepancy Report Results

Summary
FATAL: MISSING_PROTEIN_ID:97 proteins have invalid IDs.
DISC_SOURCE_QUALS_ASNDISC:strain (all present, all same)
DISC_SOURCE_QUALS_ASNDISC:taxname (all present, all same)
DISC_FEATURE_COUNT:CDS: 97 present
DISC_FEATURE_COUNT:tRNA: 24 present
DISC_FEATURE_COUNT:rRNA: 2 present
DISC_COUNT_NUCLEOTIDES:5 nucleotide Bioseqs are present
FEATURE_LOCATION_CONFLICT:123 features have inconsistent gene locations.
SUSPECT_PRODUCT_NAMES:2 product_names contain suspect phrase or characters
	May contain database identifier more appropriate in note; remove from product name
		2 features contains three or more numbers together that may be identifiers more appropriate in note
DISC_QUALITY_SCORES:Quality scores are missing on all sequences.
ONCALLER_COMMENT_PRESENT:5 comment descriptors were found (all same)
SHORT_PROT_SEQUENCES:9 protein sequences are shorter than 50 aa.
MISSING_GENOMEASSEMBLY_COMMENTS:5 bioseqs are missing GenomeAssembly structured comments
MOLTYPE_NOT_MRNA:5 molecule types are not set as mRNA.
TECHNIQUE_NOT_TSA:5 technique are not set as TSA
MISSING_STRUCTURED_COMMENT:5 sequences do not include structured comments.
MISSING_PROJECT:102 sequences do not include project.
DISC_INCONSISTENT_MOLINFO_TECH:Molinfo Technique Report (some missing, all same)


Detailed Report

FATAL: DiscRep_ALL:MISSING_PROTEIN_ID::97 proteins have invalid IDs.
P002_WA06/P002_WA06:k141_42156_1 (length 1203)
P002_WA06/P002_WA06:k141_42156_2 (length 90)
P002_WA06/P002_WA06:k141_42156_3 (length 411)
P002_WA06/P002_WA06:k141_42156_4 (length 188)
P002_WA06/P002_WA06:k141_42156_5 (length 47)
P002_WA06/P002_WA06:k141_42156_6 (length 156)
P002_WA06/P002_WA06:k141_42156_7 (length 167)
P002_WA06/P002_WA06:k141_42156_8 (length 176)
P002_WA06/P002_WA06:k141_42156_9 (length 101)
P002_WA06/P002_WA06:k141_42156_10 (length 81)
P002_WA06/P002_WA06:k141_42156_11 (length 488)
P002_WA06/P002_WA06:k141_42156_12 (length 324)
P002_WA06/P002_WA06:k141_42156_13 (length 68)
P002_WA06/P002_WA06:k141_269_1 (length 165)
P002_WA06/P002_WA06:k141_269_2 (length 133)
P002_WA06/P002_WA06:k141_269_3 (length 93)
P002_WA06/P002_WA06:k141_52162_1 (length 92)
P002_WA06/P002_WA06:k141_52162_2 (length 164)
P002_WA06/P002_WA06:k141_52162_3 (length 218)
P002_WA06/P002_WA06:k141_52162_4 (length 119)
P002_WA06/P002_WA06:k141_52162_5 (length 122)
P002_WA06/P002_WA06:k141_52162_6 (length 134)
P002_WA06/P002_WA06:k141_52162_7 (length 77)
P002_WA06/P002_WA06:k141_52162_8 (length 37)
P002_WA06/P002_WA06:k141_52162_9 (length 43)
P002_WA06/P002_WA06:k141_52162_10 (length 138)
P002_WA06/P002_WA06:k141_52162_11 (length 353)
P002_WA06/P002_WA06:k141_52162_12 (length 174)
P002_WA06/P002_WA06:k141_52162_13 (length 162)
P002_WA06/P002_WA06:k141_52162_14 (length 87)
P002_WA06/P002_WA06:k141_52162_15 (length 80)
P002_WA06/P002_WA06:k141_52162_16 (length 73)
P002_WA06/P002_WA06:k141_52162_17 (length 508)
P002_WA06/P002_WA06:k141_52162_18 (length 91)
P002_WA06/P002_WA06:k141_52162_19 (length 125)
P002_WA06/P002_WA06:k141_52162_20 (length 91)
P002_WA06/P002_WA06:k141_52162_21 (length 74)
P002_WA06/P002_WA06:k141_52162_22 (length 128)
P002_WA06/P002_WA06:k141_52162_23 (length 101)
P002_WA06/P002_WA06:k141_52162_24 (length 42)
P002_WA06/P002_WA06:k141_52162_25 (length 37)
P002_WA06/P002_WA06:k141_52162_26 (length 145)
P002_WA06/P002_WA06:k141_52162_27 (length 39)
P002_WA06/P002_WA06:k141_52162_28 (length 40)
P002_WA06/P002_WA06:k141_52162_29 (length 320)
P002_WA06/P002_WA06:k141_52162_30 (length 254)
P002_WA06/P002_WA06:k141_52162_31 (length 184)
P002_WA06/P002_WA06:k141_52162_32 (length 105)
P002_WA06/P002_WA06:k141_52162_33 (length 489)
P002_WA06/P002_WA06:k141_52162_34 (length 475)
P002_WA06/P002_WA06:k141_52162_35 (length 92)
P002_WA06/P002_WA06:k141_52162_36 (length 498)
P002_WA06/P002_WA06:k141_52162_37 (length 140)
P002_WA06/P002_WA06:k141_52162_38 (length 75)
P002_WA06/P002_WA06:k141_52162_39 (length 105)
P002_WA06/P002_WA06:k141_52162_40 (length 120)
P002_WA06/P002_WA06:k141_52162_41 (length 225)
P002_WA06/P002_WA06:k141_52162_42 (length 158)
P002_WA06/P002_WA06:k141_52162_43 (length 62)
P002_WA06/P002_WA06:k141_52162_44 (length 107)
P002_WA06/P002_WA06:k141_52162_45 (length 201)
P002_WA06/P002_WA06:k141_52162_46 (length 53)
P002_WA06/P002_WA06:k141_52162_47 (length 82)
P002_WA06/P002_WA06:k141_52162_48 (length 750)
P002_WA06/P002_WA06:k141_52162_49 (length 734)
P002_WA06/P002_WA06:k141_52162_50 (length 100)
P002_WA06/P002_WA06:k141_52162_51 (length 62)
P002_WA06/P002_WA06:k141_52162_52 (length 461)
P002_WA06/P002_WA06:k141_52162_53 (length 353)
P002_WA06/P002_WA06:k141_52162_54 (length 55)
P002_WA06/P002_WA06:k141_52162_55 (length 1114)
P002_WA06/P002_WA06:k141_52162_56 (length 152)
P002_WA06/P002_WA06:k141_52162_57 (length 516)
P002_WA06/P002_WA06:k141_52162_58 (length 50)
P002_WA06/P002_WA06:k141_52162_59 (length 1386)
P002_WA06/P002_WA06:k141_52162_60 (length 235)
P002_WA06/P002_WA06:k141_52162_61 (length 247)
P002_WA06/P002_WA06:k141_52162_62 (length 81)
P002_WA06/P002_WA06:k141_52162_63 (length 56)
P002_WA06/P002_WA06:k141_52162_64 (length 159)
P002_WA06/P002_WA06:k141_52162_65 (length 507)
P002_WA06/P002_WA06:k141_52162_66 (length 57)
P002_WA06/P002_WA06:k141_52162_67 (length 61)
P002_WA06/P002_WA06:k141_52162_68 (length 505)
P002_WA06/P002_WA06:k141_52162_69 (length 353)
P002_WA06/P002_WA06:k141_52162_70 (length 47)
P002_WA06/P002_WA06:k141_52162_71 (length 56)
P002_WA06/P002_WA06:k141_5069_1 (length 165)
P002_WA06/P002_WA06:k141_5069_2 (length 120)
P002_WA06/P002_WA06:k141_5069_3 (length 260)
P002_WA06/P002_WA06:k141_5069_4 (length 285)
P002_WA06/P002_WA06:k141_5069_5 (length 155)
P002_WA06/P002_WA06:k141_5069_6 (length 114)
P002_WA06/P002_WA06:k141_5069_7 (length 87)
P002_WA06/P002_WA06:k141_5069_8 (length 71)
P002_WA06/P002_WA06:k141_5069_9 (length 34)
P002_WA06/P002_WA06:k141_56603_1 (length 748)

DiscRep_ALL:DISC_SOURCE_QUALS_ASNDISC::strain (all present, all same)
DiscRep_SUB:DISC_SOURCE_QUALS_ASNDISC::5 sources have 'strain' for strain
DiscRep_ALL:DISC_SOURCE_QUALS_ASNDISC::taxname (all present, all same)
DiscRep_SUB:DISC_SOURCE_QUALS_ASNDISC::5 sources have 'Genus species' for taxname
DiscRep_ALL:DISC_FEATURE_COUNT::CDS: 97 present
DiscRep_ALL:DISC_FEATURE_COUNT::tRNA: 24 present
DiscRep_ALL:DISC_FEATURE_COUNT::rRNA: 2 present
DiscRep_ALL:DISC_COUNT_NUCLEOTIDES::5 nucleotide Bioseqs are present
P002_WA06/P002_WA06:k141_42156 (length 14490)
P002_WA06/P002_WA06:k141_269 (length 8021)
P002_WA06/P002_WA06:k141_52162 (length 85849)
P002_WA06/P002_WA06:k141_5069 (length 18105)
P002_WA06/P002_WA06:k141_56603 (length 3222)

DiscRep_ALL:FEATURE_LOCATION_CONFLICT::123 features have inconsistent gene locations.
DiscRep_SUB:FEATURE_LOCATION_CONFLICT::Coding region xref gene does not exist
P002_WA06/P002_WA06:CDS	hypothetical protein	k141_42156:54-3665	P002_WA06_00001

DiscRep_SUB:FEATURE_LOCATION_CONFLICT::Coding region xref gene does not exist
P002_WA06/P002_WA06:CDS	ribosomal protein S15	k141_42156:4021-4293	P002_WA06_00002

DiscRep_SUB:FEATURE_LOCATION_CONFLICT::Coding region xref gene does not exist
P002_WA06/P002_WA06:CDS	NADH-plastoquinone oxidoreductase subunit 7	k141_42156:4330-5565	P002_WA06_00003

DiscRep_SUB:FEATURE_LOCATION_CONFLICT::Coding region xref gene does not exist
P002_WA06/P002_WA06:CDS	NADH-plastoquinone oxidoreductase subunit 1	k141_42156:5567-6133	P002_WA06_00004

DiscRep_SUB:FEATURE_LOCATION_CONFLICT::Coding region xref gene does not exist
P002_WA06/P002_WA06:CDS	hypothetical protein	k141_42156:6815-6958	P002_WA06_00005

DiscRep_SUB:FEATURE_LOCATION_CONFLICT::Coding region xref gene does not exist
P002_WA06/P002_WA06:CDS	NADH-plastoquinone oxidoreductase subunit 1	k141_42156:7259-7729	P002_WA06_00006

DiscRep_SUB:FEATURE_LOCATION_CONFLICT::Coding region xref gene does not exist
P002_WA06/P002_WA06:CDS	NADH-plastoquinone oxidoreductase subunit I	k141_42156:7823-8326	P002_WA06_00007

DiscRep_SUB:FEATURE_LOCATION_CONFLICT::Coding region xref gene does not exist
P002_WA06/P002_WA06:CDS	NADH-plastoquinone oxidoreductase subunit 6	k141_42156:8688-9218	P002_WA06_00008

DiscRep_SUB:FEATURE_LOCATION_CONFLICT::Coding region xref gene does not exist
P002_WA06/P002_WA06:CDS	NADH-plastoquinone oxidoreductase subunit 4L	k141_42156:9442-9747	P002_WA06_00009

DiscRep_SUB:FEATURE_LOCATION_CONFLICT::Coding region xref gene does not exist
P002_WA06/P002_WA06:CDS	photosystem I subunit VII	k141_42156:10014-10259	P002_WA06_00010

DiscRep_SUB:FEATURE_LOCATION_CONFLICT::Coding region xref gene does not exist
P002_WA06/P002_WA06:CDS	NADH-plastoquinone oxidoreductase subunit 4	k141_42156:10411-11877	P002_WA06_00011

DiscRep_SUB:FEATURE_LOCATION_CONFLICT::Coding region xref gene does not exist
P002_WA06/P002_WA06:CDS	cytochrome c heme attachment protein	k141_42156:c13081-12107	P002_WA06_00012

DiscRep_SUB:FEATURE_LOCATION_CONFLICT::Coding region xref gene does not exist
P002_WA06/P002_WA06:CDS	hypothetical protein	k141_42156:14152-14358	P002_WA06_00014

DiscRep_SUB:FEATURE_LOCATION_CONFLICT::RNA feature xref gene does not exist
P002_WA06/P002_WA06:tRNA	Leu	k141_42156:c13257-13178	P002_WA06_00013

DiscRep_SUB:FEATURE_LOCATION_CONFLICT::Coding region xref gene does not exist
P002_WA06/P002_WA06:CDS	ribosomal protein L2	k141_269:c545-48	P002_WA06_00015

DiscRep_SUB:FEATURE_LOCATION_CONFLICT::Coding region xref gene does not exist
P002_WA06/P002_WA06:CDS	ribosomal protein L2	k141_269:c1523-1122	P002_WA06_00016

DiscRep_SUB:FEATURE_LOCATION_CONFLICT::Coding region xref gene does not exist
P002_WA06/P002_WA06:CDS	ribosomal protein L23	k141_269:c1823-1542	P002_WA06_00017

DiscRep_SUB:FEATURE_LOCATION_CONFLICT::RNA feature xref gene does not exist
P002_WA06/P002_WA06:tRNA	Met	k141_269:c2062-1988	P002_WA06_00018

DiscRep_SUB:FEATURE_LOCATION_CONFLICT::Coding region xref gene does not exist
P002_WA06/P002_WA06:CDS	ribosomal protein S19	k141_52162:157-435	P002_WA06_00019

DiscRep_SUB:FEATURE_LOCATION_CONFLICT::Coding region xref gene does not exist
P002_WA06/P002_WA06:CDS	ribosomal protein L22	k141_52162:502-996	P002_WA06_00020

DiscRep_SUB:FEATURE_LOCATION_CONFLICT::Coding region xref gene does not exist
P002_WA06/P002_WA06:CDS	ribosomal protein S3	k141_52162:981-1637	P002_WA06_00021

DiscRep_SUB:FEATURE_LOCATION_CONFLICT::Coding region xref gene does not exist
P002_WA06/P002_WA06:CDS	ribosomal protein L16	k141_52162:2794-3153	P002_WA06_00022

DiscRep_SUB:FEATURE_LOCATION_CONFLICT::Coding region xref gene does not exist
P002_WA06/P002_WA06:CDS	ribosomal protein L14	k141_52162:3289-3657	P002_WA06_00023

DiscRep_SUB:FEATURE_LOCATION_CONFLICT::Coding region xref gene does not exist
P002_WA06/P002_WA06:CDS	ribosomal protein S8	k141_52162:3850-4254	P002_WA06_00024

DiscRep_SUB:FEATURE_LOCATION_CONFLICT::Coding region xref gene does not exist
P002_WA06/P002_WA06:CDS	translational initiation factor 1	k141_52162:4376-4609	P002_WA06_00025

DiscRep_SUB:FEATURE_LOCATION_CONFLICT::Coding region xref gene does not exist
P002_WA06/P002_WA06:CDS	ribosomal protein L36	k141_52162:4726-4839	P002_WA06_00026

DiscRep_SUB:FEATURE_LOCATION_CONFLICT::Coding region xref gene does not exist
P002_WA06/P002_WA06:CDS	hypothetical protein	k141_52162:c4924-4793	P002_WA06_00027

DiscRep_SUB:FEATURE_LOCATION_CONFLICT::Coding region xref gene does not exist
P002_WA06/P002_WA06:CDS	ribosomal protein S11	k141_52162:4957-5373	P002_WA06_00028

DiscRep_SUB:FEATURE_LOCATION_CONFLICT::Coding region xref gene does not exist
P002_WA06/P002_WA06:CDS	DNA-directed RNA polymerase subunit alpha	k141_52162:5441-6502	P002_WA06_00029

DiscRep_SUB:FEATURE_LOCATION_CONFLICT::Coding region xref gene does not exist
P002_WA06/P002_WA06:CDS	cytochrome b6/f complex subunit IV	k141_52162:c7167-6643	P002_WA06_00030

DiscRep_SUB:FEATURE_LOCATION_CONFLICT::Coding region xref gene does not exist
P002_WA06/P002_WA06:CDS	cytochrome b6	k141_52162:c8536-8048	P002_WA06_00031

DiscRep_SUB:FEATURE_LOCATION_CONFLICT::Coding region xref gene does not exist
P002_WA06/P002_WA06:CDS	hypothetical protein	k141_52162:8727-8990	P002_WA06_00032

DiscRep_SUB:FEATURE_LOCATION_CONFLICT::Coding region xref gene does not exist
P002_WA06/P002_WA06:CDS	hypothetical protein	k141_52162:c9301-9059	P002_WA06_00033

DiscRep_SUB:FEATURE_LOCATION_CONFLICT::Coding region xref gene does not exist
P002_WA06/P002_WA06:CDS	photosystem II phosphoprotein	k141_52162:c9799-9578	P002_WA06_00034

DiscRep_SUB:FEATURE_LOCATION_CONFLICT::Coding region xref gene does not exist
P002_WA06/P002_WA06:CDS	photosystem II CP47 chlorophyll apoprotein	k141_52162:c11949-10423	P002_WA06_00035

DiscRep_SUB:FEATURE_LOCATION_CONFLICT::Coding region xref gene does not exist
P002_WA06/P002_WA06:CDS	hypothetical protein	k141_52162:c12769-12494	P002_WA06_00036

DiscRep_SUB:FEATURE_LOCATION_CONFLICT::Coding region xref gene does not exist
P002_WA06/P002_WA06:CDS	ATP-dependent Clp protease proteolytic subunit	k141_52162:13246-13623	P002_WA06_00037

DiscRep_SUB:FEATURE_LOCATION_CONFLICT::Coding region xref gene does not exist
P002_WA06/P002_WA06:CDS	hypothetical protein	k141_52162:c14127-13852	P002_WA06_00038

DiscRep_SUB:FEATURE_LOCATION_CONFLICT::Coding region xref gene does not exist
P002_WA06/P002_WA06:CDS	ATP-dependent Clp protease proteolytic subunit	k141_52162:14249-14473	P002_WA06_00039

DiscRep_SUB:FEATURE_LOCATION_CONFLICT::Coding region xref gene does not exist
P002_WA06/P002_WA06:CDS	ribosomal protein L20	k141_52162:15511-15897	P002_WA06_00040

DiscRep_SUB:FEATURE_LOCATION_CONFLICT::Coding region xref gene does not exist
P002_WA06/P002_WA06:CDS	ribosomal protein S18	k141_52162:c16435-16130	P002_WA06_00041

DiscRep_SUB:FEATURE_LOCATION_CONFLICT::Coding region xref gene does not exist
P002_WA06/P002_WA06:CDS	photosystem I subunit IX	k141_52162:c17406-17278	P002_WA06_00042

DiscRep_SUB:FEATURE_LOCATION_CONFLICT::Coding region xref gene does not exist
P002_WA06/P002_WA06:CDS	hypothetical protein	k141_52162:c18782-18669	P002_WA06_00045

DiscRep_SUB:FEATURE_LOCATION_CONFLICT::Coding region xref gene does not exist
P002_WA06/P002_WA06:CDS	Cytochrome b559 subunit alpha	k141_52162:19390-19827	P002_WA06_00046

DiscRep_SUB:FEATURE_LOCATION_CONFLICT::Coding region xref gene does not exist
P002_WA06/P002_WA06:CDS	photosystem II cytochrome b559 beta subunit	k141_52162:19837-19956	P002_WA06_00047

DiscRep_SUB:FEATURE_LOCATION_CONFLICT::Coding region xref gene does not exist
P002_WA06/P002_WA06:CDS	photosystem II protein J	k141_52162:20234-20356	P002_WA06_00048

DiscRep_SUB:FEATURE_LOCATION_CONFLICT::Coding region xref gene does not exist
P002_WA06/P002_WA06:CDS	cytochrome f	k141_52162:c22276-21314	P002_WA06_00049

DiscRep_SUB:FEATURE_LOCATION_CONFLICT::Coding region xref gene does not exist
P002_WA06/P002_WA06:CDS	envelope membrane protein	k141_52162:c23286-22522	P002_WA06_00050

DiscRep_SUB:FEATURE_LOCATION_CONFLICT::Coding region xref gene does not exist
P002_WA06/P002_WA06:CDS	photosystem I assembly protein Ycf4	k141_52162:c24037-23483	P002_WA06_00051

DiscRep_SUB:FEATURE_LOCATION_CONFLICT::Coding region xref gene does not exist
P002_WA06/P002_WA06:CDS	hypothetical protein	k141_52162:24385-24702	P002_WA06_00052

DiscRep_SUB:FEATURE_LOCATION_CONFLICT::Coding region xref gene does not exist
P002_WA06/P002_WA06:CDS	Acetyl-coenzyme A carboxylase carboxyl transferase subunit beta, chloroplastic	k141_52162:c26447-24978	P002_WA06_00053

DiscRep_SUB:FEATURE_LOCATION_CONFLICT::Coding region xref gene does not exist
P002_WA06/P002_WA06:CDS	ribulose-1,5-bisphosphate carboxylase/oxygenase large subunit	k141_52162:c28483-27056	P002_WA06_00054

DiscRep_SUB:FEATURE_LOCATION_CONFLICT::Coding region xref gene does not exist
P002_WA06/P002_WA06:CDS	hypothetical protein	k141_52162:c29073-28795	P002_WA06_00055

DiscRep_SUB:FEATURE_LOCATION_CONFLICT::Coding region xref gene does not exist
P002_WA06/P002_WA06:CDS	ATP synthase CF1 beta subunit	k141_52162:29250-30746	P002_WA06_00056

DiscRep_SUB:FEATURE_LOCATION_CONFLICT::Coding region xref gene does not exist
P002_WA06/P002_WA06:CDS	ATP synthase CF1 epsilon subunit	k141_52162:30743-31165	P002_WA06_00057

DiscRep_SUB:FEATURE_LOCATION_CONFLICT::Coding region xref gene does not exist
P002_WA06/P002_WA06:CDS	hypothetical protein	k141_52162:c31917-31690	P002_WA06_00059

DiscRep_SUB:FEATURE_LOCATION_CONFLICT::Coding region xref gene does not exist
P002_WA06/P002_WA06:CDS	hypothetical protein	k141_52162:32571-32888	P002_WA06_00060

DiscRep_SUB:FEATURE_LOCATION_CONFLICT::Coding region xref gene does not exist
P002_WA06/P002_WA06:CDS	NADH-plastoquinone oxidoreductase subunit 3	k141_52162:33322-33684	P002_WA06_00061

DiscRep_SUB:FEATURE_LOCATION_CONFLICT::Coding region xref gene does not exist
P002_WA06/P002_WA06:CDS	NADH-plastoquinone oxidoreductase subunit K	k141_52162:33734-34411	P002_WA06_00062

DiscRep_SUB:FEATURE_LOCATION_CONFLICT::Coding region xref gene does not exist
P002_WA06/P002_WA06:CDS	NADH-plastoquinone oxidoreductase subunit J	k141_52162:34528-35004	P002_WA06_00063

DiscRep_SUB:FEATURE_LOCATION_CONFLICT::Coding region xref gene does not exist
P002_WA06/P002_WA06:CDS	hypothetical protein	k141_52162:35525-35713	P002_WA06_00065

DiscRep_SUB:FEATURE_LOCATION_CONFLICT::Coding region xref gene does not exist
P002_WA06/P002_WA06:CDS	hypothetical protein	k141_52162:36040-36363	P002_WA06_00066

DiscRep_SUB:FEATURE_LOCATION_CONFLICT::Coding region xref gene does not exist
P002_WA06/P002_WA06:CDS	ribosomal protein S4	k141_52162:37648-38253	P002_WA06_00068

DiscRep_SUB:FEATURE_LOCATION_CONFLICT::Coding region xref gene does not exist
P002_WA06/P002_WA06:CDS	hypothetical protein	k141_52162:c39734-39573	P002_WA06_00070

DiscRep_SUB:FEATURE_LOCATION_CONFLICT::Coding region xref gene does not exist
P002_WA06/P002_WA06:CDS	putative chloroplast RF34	k141_52162:40301-40549	P002_WA06_00071

DiscRep_SUB:FEATURE_LOCATION_CONFLICT::Coding region xref gene does not exist
P002_WA06/P002_WA06:CDS	photosystem I P700 apoprotein A1	k141_52162:42169-44421	P002_WA06_00072

DiscRep_SUB:FEATURE_LOCATION_CONFLICT::Coding region xref gene does not exist
P002_WA06/P002_WA06:CDS	photosystem I P700 apoprotein A2	k141_52162:44447-46651	P002_WA06_00073

DiscRep_SUB:FEATURE_LOCATION_CONFLICT::Coding region xref gene does not exist
P002_WA06/P002_WA06:CDS	ribosomal protein S14	k141_52162:46775-47077	P002_WA06_00074

DiscRep_SUB:FEATURE_LOCATION_CONFLICT::Coding region xref gene does not exist
P002_WA06/P002_WA06:CDS	photosystem II protein Z	k141_52162:c48048-47860	P002_WA06_00077

DiscRep_SUB:FEATURE_LOCATION_CONFLICT::Coding region xref gene does not exist
P002_WA06/P002_WA06:CDS	photosystem II CP43 chlorophyll apoprotein	k141_52162:c50106-48721	P002_WA06_00079

DiscRep_SUB:FEATURE_LOCATION_CONFLICT::Coding region xref gene does not exist
P002_WA06/P002_WA06:CDS	photosystem II protein D2	k141_52162:c51151-50090	P002_WA06_00080

DiscRep_SUB:FEATURE_LOCATION_CONFLICT::Coding region xref gene does not exist
P002_WA06/P002_WA06:CDS	hypothetical protein	k141_52162:51624-51791	P002_WA06_00081

DiscRep_SUB:FEATURE_LOCATION_CONFLICT::Coding region xref gene does not exist
P002_WA06/P002_WA06:CDS	RNA polymerase beta subunit	k141_52162:57739-61083	P002_WA06_00087

DiscRep_SUB:FEATURE_LOCATION_CONFLICT::Coding region xref gene does not exist
P002_WA06/P002_WA06:CDS	RNA polymerase beta' subunit	k141_52162:61089-61547	P002_WA06_00088

DiscRep_SUB:FEATURE_LOCATION_CONFLICT::Coding region xref gene does not exist
P002_WA06/P002_WA06:CDS	RNA polymerase beta' subunit	k141_52162:62352-63902	P002_WA06_00089

DiscRep_SUB:FEATURE_LOCATION_CONFLICT::Coding region xref gene does not exist
P002_WA06/P002_WA06:CDS	hypothetical protein	k141_52162:c64090-63938	P002_WA06_00090

DiscRep_SUB:FEATURE_LOCATION_CONFLICT::Coding region xref gene does not exist
P002_WA06/P002_WA06:CDS	RNA polymerase beta'' subunit	k141_52162:64126-68286	P002_WA06_00091

DiscRep_SUB:FEATURE_LOCATION_CONFLICT::Coding region xref gene does not exist
P002_WA06/P002_WA06:CDS	ribosomal protein S2	k141_52162:68498-69205	P002_WA06_00092

DiscRep_SUB:FEATURE_LOCATION_CONFLICT::Coding region xref gene does not exist
P002_WA06/P002_WA06:CDS	ATP synthase CF0 subunit IV	k141_52162:69446-70189	P002_WA06_00093

DiscRep_SUB:FEATURE_LOCATION_CONFLICT::Coding region xref gene does not exist
P002_WA06/P002_WA06:CDS	ATP synthase CF0 subunit III	k141_52162:71334-71579	P002_WA06_00094

DiscRep_SUB:FEATURE_LOCATION_CONFLICT::Coding region xref gene does not exist
P002_WA06/P002_WA06:CDS	ATP synthase CF0 subunit I	k141_52162:71878-72048	P002_WA06_00095

DiscRep_SUB:FEATURE_LOCATION_CONFLICT::Coding region xref gene does not exist
P002_WA06/P002_WA06:CDS	ATP synthase CF0 subunit I	k141_52162:72654-73133	P002_WA06_00096

DiscRep_SUB:FEATURE_LOCATION_CONFLICT::Coding region xref gene does not exist
P002_WA06/P002_WA06:CDS	ATP synthase CF1 alpha subunit	k141_52162:73184-74707	P002_WA06_00097

DiscRep_SUB:FEATURE_LOCATION_CONFLICT::Coding region xref gene does not exist
P002_WA06/P002_WA06:CDS	Photosystem II reaction center protein I	k141_52162:c76778-76605	P002_WA06_00100

DiscRep_SUB:FEATURE_LOCATION_CONFLICT::Coding region xref gene does not exist
P002_WA06/P002_WA06:CDS	photosystem II protein K	k141_52162:c77188-77003	P002_WA06_00101

DiscRep_SUB:FEATURE_LOCATION_CONFLICT::Coding region xref gene does not exist
P002_WA06/P002_WA06:CDS	maturase K	k141_52162:81438-82955	P002_WA06_00103

DiscRep_SUB:FEATURE_LOCATION_CONFLICT::Coding region xref gene does not exist
P002_WA06/P002_WA06:CDS	photosystem II protein D1	k141_52162:83455-84516	P002_WA06_00104

DiscRep_SUB:FEATURE_LOCATION_CONFLICT::Coding region xref gene does not exist
P002_WA06/P002_WA06:CDS	hypothetical protein	k141_52162:85074-85217	P002_WA06_00106

DiscRep_SUB:FEATURE_LOCATION_CONFLICT::Coding region xref gene does not exist
P002_WA06/P002_WA06:CDS	hypothetical protein	k141_52162:c85371-85201	P002_WA06_00107

DiscRep_SUB:FEATURE_LOCATION_CONFLICT::RNA feature xref gene does not exist
P002_WA06/P002_WA06:tRNA	Pro	k141_52162:17786-17861	P002_WA06_00043

DiscRep_SUB:FEATURE_LOCATION_CONFLICT::RNA feature xref gene does not exist
P002_WA06/P002_WA06:tRNA	Trp	k141_52162:18003-18076	P002_WA06_00044

DiscRep_SUB:FEATURE_LOCATION_CONFLICT::RNA feature xref gene does not exist
P002_WA06/P002_WA06:tRNA	Met	k141_52162:c31425-31353	P002_WA06_00058

DiscRep_SUB:FEATURE_LOCATION_CONFLICT::RNA feature xref gene does not exist
P002_WA06/P002_WA06:tRNA	Phe	k141_52162:c35474-35401	P002_WA06_00064

DiscRep_SUB:FEATURE_LOCATION_CONFLICT::RNA feature xref gene does not exist
P002_WA06/P002_WA06:tRNA	Thr	k141_52162:37221-37295	P002_WA06_00067

DiscRep_SUB:FEATURE_LOCATION_CONFLICT::RNA feature xref gene does not exist
P002_WA06/P002_WA06:tRNA	Ser	k141_52162:c38644-38558	P002_WA06_00069

DiscRep_SUB:FEATURE_LOCATION_CONFLICT::RNA feature xref gene does not exist
P002_WA06/P002_WA06:tRNA	Met	k141_52162:47242-47315	P002_WA06_00075

DiscRep_SUB:FEATURE_LOCATION_CONFLICT::RNA feature xref gene does not exist
P002_WA06/P002_WA06:tRNA	Gly	k141_52162:c47569-47499	P002_WA06_00076

DiscRep_SUB:FEATURE_LOCATION_CONFLICT::RNA feature xref gene does not exist
P002_WA06/P002_WA06:tRNA	Ser	k141_52162:48396-48488	P002_WA06_00078

DiscRep_SUB:FEATURE_LOCATION_CONFLICT::RNA feature xref gene does not exist
P002_WA06/P002_WA06:tRNA	Thr	k141_52162:c52650-52577	P002_WA06_00082

DiscRep_SUB:FEATURE_LOCATION_CONFLICT::RNA feature xref gene does not exist
P002_WA06/P002_WA06:tRNA	Glu	k141_52162:53407-53479	P002_WA06_00083

DiscRep_SUB:FEATURE_LOCATION_CONFLICT::RNA feature xref gene does not exist
P002_WA06/P002_WA06:tRNA	Tyr	k141_52162:53554-53640	P002_WA06_00084

DiscRep_SUB:FEATURE_LOCATION_CONFLICT::RNA feature xref gene does not exist
P002_WA06/P002_WA06:tRNA	Asp	k141_52162:53758-53834	P002_WA06_00085

DiscRep_SUB:FEATURE_LOCATION_CONFLICT::RNA feature xref gene does not exist
P002_WA06/P002_WA06:tRNA	Cys	k141_52162:c56652-56582	P002_WA06_00086

DiscRep_SUB:FEATURE_LOCATION_CONFLICT::RNA feature xref gene does not exist
P002_WA06/P002_WA06:tRNA	Arg	k141_52162:c74889-74818	P002_WA06_00098

DiscRep_SUB:FEATURE_LOCATION_CONFLICT::RNA feature xref gene does not exist
P002_WA06/P002_WA06:tRNA	Ser	k141_52162:76372-76459	P002_WA06_00099

DiscRep_SUB:FEATURE_LOCATION_CONFLICT::RNA feature xref gene does not exist
P002_WA06/P002_WA06:tRNA	Gln	k141_52162:77539-77610	P002_WA06_00102

DiscRep_SUB:FEATURE_LOCATION_CONFLICT::RNA feature xref gene does not exist
P002_WA06/P002_WA06:tRNA	His	k141_52162:84726-84800	P002_WA06_00105

DiscRep_SUB:FEATURE_LOCATION_CONFLICT::Coding region xref gene does not exist
P002_WA06/P002_WA06:CDS	hypothetical protein	k141_5069:64-561	P002_WA06_00108

DiscRep_SUB:FEATURE_LOCATION_CONFLICT::Coding region xref gene does not exist
P002_WA06/P002_WA06:CDS	hypothetical protein	k141_5069:c798-436	P002_WA06_00109

DiscRep_SUB:FEATURE_LOCATION_CONFLICT::Coding region xref gene does not exist
P002_WA06/P002_WA06:CDS	NADH-plastoquinone oxidoreductase subunit 2	k141_5069:c2337-1555	P002_WA06_00111

DiscRep_SUB:FEATURE_LOCATION_CONFLICT::Coding region xref gene does not exist
P002_WA06/P002_WA06:CDS	NADH-plastoquinone oxidoreductase subunit 2	k141_5069:c3715-2858	P002_WA06_00112

DiscRep_SUB:FEATURE_LOCATION_CONFLICT::Coding region xref gene does not exist
P002_WA06/P002_WA06:CDS	ribosomal protein S7	k141_5069:c4535-4068	P002_WA06_00113

DiscRep_SUB:FEATURE_LOCATION_CONFLICT::Coding region xref gene does not exist
P002_WA06/P002_WA06:CDS	hypothetical protein	k141_5069:c6961-6617	P002_WA06_00114

DiscRep_SUB:FEATURE_LOCATION_CONFLICT::Coding region xref gene does not exist
P002_WA06/P002_WA06:CDS	hypothetical protein	k141_5069:9676-9939	P002_WA06_00117

DiscRep_SUB:FEATURE_LOCATION_CONFLICT::Coding region xref gene does not exist
P002_WA06/P002_WA06:CDS	hypothetical protein	k141_5069:10039-10254	P002_WA06_00118

DiscRep_SUB:FEATURE_LOCATION_CONFLICT::Coding region xref gene does not exist
P002_WA06/P002_WA06:CDS	hypothetical protein	k141_5069:10550-10654	P002_WA06_00119

DiscRep_SUB:FEATURE_LOCATION_CONFLICT::RNA feature xref gene does not exist
P002_WA06/P002_WA06:tRNA	Leu	k141_5069:c982-900	P002_WA06_00110

DiscRep_SUB:FEATURE_LOCATION_CONFLICT::RNA feature xref gene does not exist
P002_WA06/P002_WA06:tRNA	Val	k141_5069:7224-7295	P002_WA06_00115

DiscRep_SUB:FEATURE_LOCATION_CONFLICT::RNA feature xref gene does not exist
P002_WA06/P002_WA06:rRNA	16S ribosomal RNA	k141_5069:7527-9013	P002_WA06_00116

DiscRep_SUB:FEATURE_LOCATION_CONFLICT::RNA feature xref gene does not exist
P002_WA06/P002_WA06:rRNA	23S ribosomal RNA	k141_5069:11440-14454	P002_WA06_00120

DiscRep_SUB:FEATURE_LOCATION_CONFLICT::RNA feature xref gene does not exist
P002_WA06/P002_WA06:tRNA	Arg	k141_5069:15090-15164	P002_WA06_00121

DiscRep_SUB:FEATURE_LOCATION_CONFLICT::RNA feature xref gene does not exist
P002_WA06/P002_WA06:tRNA	Asn	k141_5069:c15820-15747	P002_WA06_00122

DiscRep_SUB:FEATURE_LOCATION_CONFLICT::Coding region xref gene does not exist
P002_WA06/P002_WA06:CDS	NADH-plastoquinone oxidoreductase subunit 5	k141_56603:c2383-137	P002_WA06_00123

DiscRep_ALL:SUSPECT_PRODUCT_NAMES::2 product_names contain suspect phrase or characters
DiscRep_SUB:SUSPECT_PRODUCT_NAMES::May contain database identifier more appropriate in note; remove from product name
DiscRep_SUB:SUSPECT_PRODUCT_NAMES::2 features contains three or more numbers together that may be identifiers more appropriate in note
P002_WA06/P002_WA06:CDS	photosystem I P700 apoprotein A1	k141_52162:42169-44421	P002_WA06_00072
P002_WA06/P002_WA06:CDS	photosystem I P700 apoprotein A2	k141_52162:44447-46651	P002_WA06_00073

DiscRep_ALL:DISC_QUALITY_SCORES::Quality scores are missing on all sequences.

DiscRep_ALL:ONCALLER_COMMENT_PRESENT::5 comment descriptors were found (all same)
P002_WA06/P002_WA06:k141_42156:Annotated using prokka 1.14.5 from https://github.com/tseemann/prokka
P002_WA06/P002_WA06:k141_269:Annotated using prokka 1.14.5 from https://github.com/tseemann/prokka
P002_WA06/P002_WA06:k141_52162:Annotated using prokka 1.14.5 from https://github.com/tseemann/prokka
P002_WA06/P002_WA06:k141_5069:Annotated using prokka 1.14.5 from https://github.com/tseemann/prokka
P002_WA06/P002_WA06:k141_56603:Annotated using prokka 1.14.5 from https://github.com/tseemann/prokka

DiscRep_ALL:SHORT_PROT_SEQUENCES::9 protein sequences are shorter than 50 aa.
P002_WA06/P002_WA06:k141_42156_5 (length 47)
P002_WA06/P002_WA06:k141_52162_8 (length 37)
P002_WA06/P002_WA06:k141_52162_9 (length 43)
P002_WA06/P002_WA06:k141_52162_24 (length 42)
P002_WA06/P002_WA06:k141_52162_25 (length 37)
P002_WA06/P002_WA06:k141_52162_27 (length 39)
P002_WA06/P002_WA06:k141_52162_28 (length 40)
P002_WA06/P002_WA06:k141_52162_70 (length 47)
P002_WA06/P002_WA06:k141_5069_9 (length 34)

DiscRep_ALL:MISSING_GENOMEASSEMBLY_COMMENTS::5 bioseqs are missing GenomeAssembly structured comments
P002_WA06/P002_WA06:k141_42156 (length 14490)
P002_WA06/P002_WA06:k141_269 (length 8021)
P002_WA06/P002_WA06:k141_52162 (length 85849)
P002_WA06/P002_WA06:k141_5069 (length 18105)
P002_WA06/P002_WA06:k141_56603 (length 3222)

DiscRep_ALL:MOLTYPE_NOT_MRNA::5 molecule types are not set as mRNA.
P002_WA06/P002_WA06:k141_42156 (length 14490)
P002_WA06/P002_WA06:k141_269 (length 8021)
P002_WA06/P002_WA06:k141_52162 (length 85849)
P002_WA06/P002_WA06:k141_5069 (length 18105)
P002_WA06/P002_WA06:k141_56603 (length 3222)

DiscRep_ALL:TECHNIQUE_NOT_TSA::5 technique are not set as TSA
P002_WA06/P002_WA06:k141_42156 (length 14490)
P002_WA06/P002_WA06:k141_269 (length 8021)
P002_WA06/P002_WA06:k141_52162 (length 85849)
P002_WA06/P002_WA06:k141_5069 (length 18105)
P002_WA06/P002_WA06:k141_56603 (length 3222)

DiscRep_ALL:MISSING_STRUCTURED_COMMENT::5 sequences do not include structured comments.
P002_WA06/P002_WA06:k141_42156 (length 14490)
P002_WA06/P002_WA06:k141_269 (length 8021)
P002_WA06/P002_WA06:k141_52162 (length 85849)
P002_WA06/P002_WA06:k141_5069 (length 18105)
P002_WA06/P002_WA06:k141_56603 (length 3222)

DiscRep_ALL:MISSING_PROJECT::102 sequences do not include project.
P002_WA06/P002_WA06:k141_42156 (length 14490)
P002_WA06/P002_WA06:k141_42156_1 (length 1203)
P002_WA06/P002_WA06:k141_42156_2 (length 90)
P002_WA06/P002_WA06:k141_42156_3 (length 411)
P002_WA06/P002_WA06:k141_42156_4 (length 188)
P002_WA06/P002_WA06:k141_42156_5 (length 47)
P002_WA06/P002_WA06:k141_42156_6 (length 156)
P002_WA06/P002_WA06:k141_42156_7 (length 167)
P002_WA06/P002_WA06:k141_42156_8 (length 176)
P002_WA06/P002_WA06:k141_42156_9 (length 101)
P002_WA06/P002_WA06:k141_42156_10 (length 81)
P002_WA06/P002_WA06:k141_42156_11 (length 488)
P002_WA06/P002_WA06:k141_42156_12 (length 324)
P002_WA06/P002_WA06:k141_42156_13 (length 68)
P002_WA06/P002_WA06:k141_269 (length 8021)
P002_WA06/P002_WA06:k141_269_1 (length 165)
P002_WA06/P002_WA06:k141_269_2 (length 133)
P002_WA06/P002_WA06:k141_269_3 (length 93)
P002_WA06/P002_WA06:k141_52162 (length 85849)
P002_WA06/P002_WA06:k141_52162_1 (length 92)
P002_WA06/P002_WA06:k141_52162_2 (length 164)
P002_WA06/P002_WA06:k141_52162_3 (length 218)
P002_WA06/P002_WA06:k141_52162_4 (length 119)
P002_WA06/P002_WA06:k141_52162_5 (length 122)
P002_WA06/P002_WA06:k141_52162_6 (length 134)
P002_WA06/P002_WA06:k141_52162_7 (length 77)
P002_WA06/P002_WA06:k141_52162_8 (length 37)
P002_WA06/P002_WA06:k141_52162_9 (length 43)
P002_WA06/P002_WA06:k141_52162_10 (length 138)
P002_WA06/P002_WA06:k141_52162_11 (length 353)
P002_WA06/P002_WA06:k141_52162_12 (length 174)
P002_WA06/P002_WA06:k141_52162_13 (length 162)
P002_WA06/P002_WA06:k141_52162_14 (length 87)
P002_WA06/P002_WA06:k141_52162_15 (length 80)
P002_WA06/P002_WA06:k141_52162_16 (length 73)
P002_WA06/P002_WA06:k141_52162_17 (length 508)
P002_WA06/P002_WA06:k141_52162_18 (length 91)
P002_WA06/P002_WA06:k141_52162_19 (length 125)
P002_WA06/P002_WA06:k141_52162_20 (length 91)
P002_WA06/P002_WA06:k141_52162_21 (length 74)
P002_WA06/P002_WA06:k141_52162_22 (length 128)
P002_WA06/P002_WA06:k141_52162_23 (length 101)
P002_WA06/P002_WA06:k141_52162_24 (length 42)
P002_WA06/P002_WA06:k141_52162_25 (length 37)
P002_WA06/P002_WA06:k141_52162_26 (length 145)
P002_WA06/P002_WA06:k141_52162_27 (length 39)
P002_WA06/P002_WA06:k141_52162_28 (length 40)
P002_WA06/P002_WA06:k141_52162_29 (length 320)
P002_WA06/P002_WA06:k141_52162_30 (length 254)
P002_WA06/P002_WA06:k141_52162_31 (length 184)
P002_WA06/P002_WA06:k141_52162_32 (length 105)
P002_WA06/P002_WA06:k141_52162_33 (length 489)
P002_WA06/P002_WA06:k141_52162_34 (length 475)
P002_WA06/P002_WA06:k141_52162_35 (length 92)
P002_WA06/P002_WA06:k141_52162_36 (length 498)
P002_WA06/P002_WA06:k141_52162_37 (length 140)
P002_WA06/P002_WA06:k141_52162_38 (length 75)
P002_WA06/P002_WA06:k141_52162_39 (length 105)
P002_WA06/P002_WA06:k141_52162_40 (length 120)
P002_WA06/P002_WA06:k141_52162_41 (length 225)
P002_WA06/P002_WA06:k141_52162_42 (length 158)
P002_WA06/P002_WA06:k141_52162_43 (length 62)
P002_WA06/P002_WA06:k141_52162_44 (length 107)
P002_WA06/P002_WA06:k141_52162_45 (length 201)
P002_WA06/P002_WA06:k141_52162_46 (length 53)
P002_WA06/P002_WA06:k141_52162_47 (length 82)
P002_WA06/P002_WA06:k141_52162_48 (length 750)
P002_WA06/P002_WA06:k141_52162_49 (length 734)
P002_WA06/P002_WA06:k141_52162_50 (length 100)
P002_WA06/P002_WA06:k141_52162_51 (length 62)
P002_WA06/P002_WA06:k141_52162_52 (length 461)
P002_WA06/P002_WA06:k141_52162_53 (length 353)
P002_WA06/P002_WA06:k141_52162_54 (length 55)
P002_WA06/P002_WA06:k141_52162_55 (length 1114)
P002_WA06/P002_WA06:k141_52162_56 (length 152)
P002_WA06/P002_WA06:k141_52162_57 (length 516)
P002_WA06/P002_WA06:k141_52162_58 (length 50)
P002_WA06/P002_WA06:k141_52162_59 (length 1386)
P002_WA06/P002_WA06:k141_52162_60 (length 235)
P002_WA06/P002_WA06:k141_52162_61 (length 247)
P002_WA06/P002_WA06:k141_52162_62 (length 81)
P002_WA06/P002_WA06:k141_52162_63 (length 56)
P002_WA06/P002_WA06:k141_52162_64 (length 159)
P002_WA06/P002_WA06:k141_52162_65 (length 507)
P002_WA06/P002_WA06:k141_52162_66 (length 57)
P002_WA06/P002_WA06:k141_52162_67 (length 61)
P002_WA06/P002_WA06:k141_52162_68 (length 505)
P002_WA06/P002_WA06:k141_52162_69 (length 353)
P002_WA06/P002_WA06:k141_52162_70 (length 47)
P002_WA06/P002_WA06:k141_52162_71 (length 56)
P002_WA06/P002_WA06:k141_5069 (length 18105)
P002_WA06/P002_WA06:k141_5069_1 (length 165)
P002_WA06/P002_WA06:k141_5069_2 (length 120)
P002_WA06/P002_WA06:k141_5069_3 (length 260)
P002_WA06/P002_WA06:k141_5069_4 (length 285)
P002_WA06/P002_WA06:k141_5069_5 (length 155)
P002_WA06/P002_WA06:k141_5069_6 (length 114)
P002_WA06/P002_WA06:k141_5069_7 (length 87)
P002_WA06/P002_WA06:k141_5069_8 (length 71)
P002_WA06/P002_WA06:k141_5069_9 (length 34)
P002_WA06/P002_WA06:k141_56603 (length 3222)
P002_WA06/P002_WA06:k141_56603_1 (length 748)

DiscRep_ALL:DISC_INCONSISTENT_MOLINFO_TECH::Molinfo Technique Report (some missing, all same)
DiscRep_SUB:DISC_INCONSISTENT_MOLINFO_TECH::technique (all missing)
DiscRep_SUB:DISC_INCONSISTENT_MOLINFO_TECH::5 Molinfos are missing field technique
P002_WA06/P002_WA06:k141_269 (length 8021)
P002_WA06/P002_WA06:k141_5069 (length 18105)
P002_WA06/P002_WA06:k141_42156 (length 14490)
P002_WA06/P002_WA06:k141_52162 (length 85849)
P002_WA06/P002_WA06:k141_56603 (length 3222)

