[17:14:51] This is prokka 1.14.5
[17:14:51] Written by Torsten Seemann <torsten.seemann@gmail.com>
[17:14:51] Homepage is https://github.com/tseemann/prokka
[17:14:51] Local time is Fri Nov 26 17:14:51 2021
[17:14:51] You are ruud
[17:14:51] Operating system is linux
[17:14:51] You have BioPerl 1.7.8
[17:14:51] System has 40 cores.
[17:14:51] Will use maximum of 40 cores.
[17:14:51] Annotating as >>> Bacteria <<<
[17:14:51] Creating new output folder: P003_WH01
[17:14:51] Running: mkdir -p P003_WH01
[17:14:51] Using filename prefix: P003_WH01.XXX
[17:14:51] Setting HMMER_NCPU=1
[17:14:51] Writing log to: P003_WH01/P003_WH01.log
[17:14:51] Command: /usr/local/packages/prokka-1.14.5/bin/prokka --cpus 40 --prefix P003_WH01 --Kingdom Bacteria --locustag P003_WH01 --proteins vaccinium.gb ../02_Blast/chloroplast_contigs_rapid_genomics_run2/P003_WH01_chloroplast_contigs.fa
[17:14:51] Appending to PATH: /home/local/packages/prokka-1.14.5/bin/../binaries/linux
[17:14:51] Appending to PATH: /home/local/packages/prokka-1.14.5/bin/../binaries/linux/../common
[17:14:51] Appending to PATH: /home/local/packages/prokka-1.14.5/bin
[17:14:51] Looking for 'aragorn' - found /usr/local/packages/Anaconda3-2019.10/bin/aragorn
[17:14:51] Determined aragorn version is 001002 from 'ARAGORN v1.2.38 Dean Laslett'
[17:14:51] Looking for 'barrnap' - found /usr/local/packages/Anaconda3-2019.10/bin/barrnap
[17:14:51] Determined barrnap version is 000009 from 'barrnap 0.9'
[17:14:51] Looking for 'blastp' - found /usr/local/packages/Anaconda3-2019.10/bin/blastp
[17:14:52] Determined blastp version is 002011 from 'blastp: 2.11.0+'
[17:14:52] Looking for 'cmpress' - found /usr/local/packages/Anaconda3-2019.10/bin/cmpress
[17:14:52] Determined cmpress version is 001001 from '# INFERNAL 1.1.2 (July 2016)'
[17:14:52] Looking for 'cmscan' - found /usr/local/packages/Anaconda3-2019.10/bin/cmscan
[17:14:52] Determined cmscan version is 001001 from '# INFERNAL 1.1.2 (July 2016)'
[17:14:52] Looking for 'egrep' - found /bin/egrep
[17:14:52] Looking for 'find' - found /bin/find
[17:14:52] Looking for 'grep' - found /bin/grep
[17:14:52] Looking for 'hmmpress' - found /usr/local/packages/Anaconda3-2019.10/bin/hmmpress
[17:14:52] Determined hmmpress version is 003003 from '# HMMER 3.3.2 (Nov 2020); http://hmmer.org/'
[17:14:52] Looking for 'hmmscan' - found /usr/local/packages/Anaconda3-2019.10/bin/hmmscan
[17:14:52] Determined hmmscan version is 003003 from '# HMMER 3.3.2 (Nov 2020); http://hmmer.org/'
[17:14:52] Looking for 'java' - found /usr/local/packages/jdk1.8.0_191/bin/java
[17:14:52] Looking for 'makeblastdb' - found /usr/local/packages/Anaconda3-2019.10/bin/makeblastdb
[17:14:53] Determined makeblastdb version is 002011 from 'makeblastdb: 2.11.0+'
[17:14:53] Looking for 'minced' - found /usr/local/packages/Anaconda3-2019.10/bin/minced
[17:14:53] Determined minced version is 004002 from 'minced 0.4.2'
[17:14:53] Looking for 'parallel' - found /usr/local/packages/Anaconda3-2019.10/bin/parallel
[17:14:53] Determined parallel version is 20210822 from 'GNU parallel 20210822'
[17:14:53] Looking for 'prodigal' - found /usr/local/packages/Anaconda3-2019.10/bin/prodigal
[17:14:53] Determined prodigal version is 002006 from 'Prodigal V2.6.3: February, 2016'
[17:14:53] Looking for 'prokka-genbank_to_fasta_db' - found /usr/local/packages/prokka-1.14.5/bin/prokka-genbank_to_fasta_db
[17:14:53] Looking for 'sed' - found /bin/sed
[17:14:53] Looking for 'tbl2asn' - found /usr/local/packages/Anaconda3-2019.10/bin/tbl2asn
[17:14:53] Determined tbl2asn version is 025008 from 'tbl2asn 25.8   arguments:'
[17:14:53] Using genetic code table 11.
[17:14:53] Loading and checking input file: ../02_Blast/chloroplast_contigs_rapid_genomics_run2/P003_WH01_chloroplast_contigs.fa
[17:14:53] Wrote 7 contigs totalling 124085 bp.
[17:14:53] Predicting tRNAs and tmRNAs
[17:14:53] Running: aragorn -l -gc11  -w P003_WH01\/P003_WH01\.fna
[17:14:53] 1 tRNA-Ser [4096,4182] 35 (gga)
[17:14:53] 2 tRNA-Thr c[5380,5454] 35 (tgt)
[17:14:53] 3 tRNA-Phe [7082,7155] 34 (gaa)
[17:14:53] 4 tRNA-Met [11116,11189] 34 (cat)
[17:14:53] 1 tRNA-His c[148,222] 35 (gtg)
[17:14:53] 2 tRNA-Gln c[6959,7031] 33 (ttg)
[17:14:53] 3 tRNA-Ser c[8207,8296] 36 (gct)
[17:14:53] 4 tRNA-Arg [9910,9981] 34 (tct)
[17:14:53] 5 tRNA-Cys [27867,27937] 33 (gca)
[17:14:53] 6 tRNA-Asp c[30380,30456] 36 (gtc)
[17:14:53] 7 tRNA-Tyr c[30562,30647] 36 (gta)
[17:14:53] 8 tRNA-Glu c[30706,30778] 35 (ttc)
[17:14:53] 9 tRNA-Thr [31376,31449] 34 (ggt)
[17:14:53] 10 tRNA-Ser c[34981,35073] 35 (tga)
[17:14:53] 1 tRNA-Asn [350,423] 34 (gtt)
[17:14:53] 2 tRNA-Arg c[996,1070] 35 (acg)
[17:14:53] 3 tRNA-Val c[8868,8939] 33 (gac)
[17:14:53] 4 tRNA-Leu [14857,14939] 35 (caa)
[17:14:53] 5 tRNA-Met [22553,22627] 34 (cat)
[17:14:53] 1 tRNA-Pro [17177,17252] 35 (tgg)
[17:14:53] 2 tRNA-Trp [17412,17485] 35 (cca)
[17:14:53] 1 tRNA-Leu c[14717,14796] 35 (tag)
[17:14:53] Found 22 tRNAs
[17:14:53] Predicting Ribosomal RNAs
[17:14:53] Running Barrnap with 40 threads
[17:14:54] 1 k141_129725 1680 23S ribosomal RNA
[17:14:54] 2 k141_129725 7150 16S ribosomal RNA
[17:14:54] Found 2 rRNAs
[17:14:54] Skipping ncRNA search, enable with --rfam if desired.
[17:14:54] Total of 24 tRNA + rRNA features
[17:14:54] Searching for CRISPR repeats
[17:14:54] Found 0 CRISPRs
[17:14:54] Predicting coding sequences
[17:14:54] Contigs total 124085 bp, so using single mode
[17:14:54] Running: prodigal -i P003_WH01\/P003_WH01\.fna -c -m -g 11 -p single -f sco -q
[17:14:54] Excluding CDS which overlaps existing RNA (tRNA) at k141_118943:11025..11222 on + strand
[17:14:54] Excluding CDS which overlaps existing RNA (tRNA) at k141_97284:6926..7093 on + strand
[17:14:55] Excluding CDS which overlaps existing RNA (tRNA) at k141_129725:329..457 on + strand
[17:14:55] Excluding CDS which overlaps existing RNA (rRNA) at k141_129725:1627..2022 on + strand
[17:14:55] Excluding CDS which overlaps existing RNA (rRNA) at k141_129725:2061..2237 on + strand
[17:14:55] Excluding CDS which overlaps existing RNA (rRNA) at k141_129725:3395..3565 on + strand
[17:14:55] Excluding CDS which overlaps existing RNA (rRNA) at k141_129725:7791..8186 on + strand
[17:14:55] Excluding CDS which overlaps existing RNA (rRNA) at k141_129725:8589..8786 on - strand
[17:14:55] Found 107 CDS
[17:14:55] Connecting features back to sequences
[17:14:55] Not using genus-specific database. Try --usegenus to enable it.
[17:14:55] Preparing user-supplied primary BLAST annotation source: vaccinium.gb
[17:14:55] Guessed source was in genbank format.
[17:14:55] Converting genbank 'vaccinium.gb' into Prokka FASTA 'P003_WH01/proteins.faa'
[17:14:55] Running: prokka-genbank_to_fasta_db --format genbank vaccinium\.gb > P003_WH01\/proteins\.faa 2> /dev/null
[17:14:55] Running: makeblastdb -dbtype prot -in P003_WH01\/proteins\.faa -out P003_WH01\/proteins -logfile /dev/null
[17:14:56] Using /inference source as 'vaccinium.gb'
[17:14:56] Annotating CDS, please be patient.
[17:14:56] Will use 40 CPUs for similarity searching.
[17:14:56] There are still 107 unannotated CDS left (started with 107)
[17:14:56] Will use blast to search against P003_WH01/proteins with 40 CPUs
[17:14:56] Running: cat P003_WH01\/P003_WH01\.proteins\.tmp\.6060\.faa | parallel --gnu --plain -j 40 --block 285 --recstart '>' --pipe blastp -query - -db P003_WH01/proteins -evalue 1e-09 -qcov_hsp_perc 80 -num_threads 1 -num_descriptions 1 -num_alignments 1 -seg no > P003_WH01\/P003_WH01\.proteins\.tmp\.6060\.blast 2> /dev/null
[17:14:57] Deleting unwanted file: P003_WH01/P003_WH01.proteins.tmp.6060.faa
[17:14:57] Deleting unwanted file: P003_WH01/P003_WH01.proteins.tmp.6060.blast
[17:14:57] There are still 43 unannotated CDS left (started with 107)
[17:14:57] Will use blast to search against /home/local/packages/prokka-1.14.5/db/kingdom/Bacteria/IS with 40 CPUs
[17:14:57] Running: cat P003_WH01\/P003_WH01\.IS\.tmp\.6060\.faa | parallel --gnu --plain -j 40 --block 95 --recstart '>' --pipe blastp -query - -db /home/local/packages/prokka-1.14.5/db/kingdom/Bacteria/IS -evalue 1e-30 -qcov_hsp_perc 90 -num_threads 1 -num_descriptions 1 -num_alignments 1 -seg no > P003_WH01\/P003_WH01\.IS\.tmp\.6060\.blast 2> /dev/null
[17:14:58] Deleting unwanted file: P003_WH01/P003_WH01.IS.tmp.6060.faa
[17:14:58] Deleting unwanted file: P003_WH01/P003_WH01.IS.tmp.6060.blast
[17:14:58] There are still 43 unannotated CDS left (started with 107)
[17:14:58] Will use blast to search against /home/local/packages/prokka-1.14.5/db/kingdom/Bacteria/AMR with 40 CPUs
[17:14:58] Running: cat P003_WH01\/P003_WH01\.AMR\.tmp\.6060\.faa | parallel --gnu --plain -j 40 --block 95 --recstart '>' --pipe blastp -query - -db /home/local/packages/prokka-1.14.5/db/kingdom/Bacteria/AMR -evalue 1e-300 -qcov_hsp_perc 90 -num_threads 1 -num_descriptions 1 -num_alignments 1 -seg no > P003_WH01\/P003_WH01\.AMR\.tmp\.6060\.blast 2> /dev/null
[17:15:00] Deleting unwanted file: P003_WH01/P003_WH01.AMR.tmp.6060.faa
[17:15:00] Deleting unwanted file: P003_WH01/P003_WH01.AMR.tmp.6060.blast
[17:15:00] There are still 43 unannotated CDS left (started with 107)
[17:15:00] Will use blast to search against /home/local/packages/prokka-1.14.5/db/kingdom/Bacteria/sprot with 40 CPUs
[17:15:00] Running: cat P003_WH01\/P003_WH01\.sprot\.tmp\.6060\.faa | parallel --gnu --plain -j 40 --block 95 --recstart '>' --pipe blastp -query - -db /home/local/packages/prokka-1.14.5/db/kingdom/Bacteria/sprot -evalue 1e-09 -qcov_hsp_perc 80 -num_threads 1 -num_descriptions 1 -num_alignments 1 -seg no > P003_WH01\/P003_WH01\.sprot\.tmp\.6060\.blast 2> /dev/null
[17:15:02] Deleting unwanted file: P003_WH01/P003_WH01.sprot.tmp.6060.faa
[17:15:02] Deleting unwanted file: P003_WH01/P003_WH01.sprot.tmp.6060.blast
[17:15:02] There are still 42 unannotated CDS left (started with 107)
[17:15:02] Will use hmmer3 to search against /home/local/packages/prokka-1.14.5/db/hmm/HAMAP.hmm with 40 CPUs
[17:15:02] Running: cat P003_WH01\/P003_WH01\.HAMAP\.hmm\.tmp\.6060\.faa | parallel --gnu --plain -j 40 --block 95 --recstart '>' --pipe hmmscan --noali --notextw --acc -E 1e-09 --cpu 1 /home/local/packages/prokka-1.14.5/db/hmm/HAMAP.hmm /dev/stdin > P003_WH01\/P003_WH01\.HAMAP\.hmm\.tmp\.6060\.hmmer3 2> /dev/null
[17:15:03] Deleting unwanted file: P003_WH01/P003_WH01.HAMAP.hmm.tmp.6060.faa
[17:15:03] Deleting unwanted file: P003_WH01/P003_WH01.HAMAP.hmm.tmp.6060.hmmer3
[17:15:03] Deleting unwanted file: P003_WH01/proteins.psq
[17:15:03] Deleting unwanted file: P003_WH01/proteins.phr
[17:15:03] Deleting unwanted file: P003_WH01/proteins.pin
[17:15:03] Labelling remaining 33 proteins as 'hypothetical protein'
[17:15:03] Possible /pseudo 'ATP-dependent Clp protease proteolytic subunit' at k141_72781 position 13762
[17:15:03] Possible /pseudo 'NADH-plastoquinone oxidoreductase subunit I' at k141_131718 position 9814
[17:15:03] Possible /pseudo 'cytochrome c heme attachment protein' at k141_131718 position 14319
[17:15:03] Found 65 unique /gene codes.
[17:15:03] Fixed 2 duplicate /gene - ndhA_1 ndhA_2
[17:15:03] Fixed 2 duplicate /gene - ccsA_1 ccsA_2
[17:15:03] Fixed 2 duplicate /gene - ndhB_1 ndhB_2
[17:15:03] Fixed 2 duplicate /gene - rpoC1_1 rpoC1_2
[17:15:03] Fixed 2 duplicate /gene - rpl2_1 rpl2_2
[17:15:03] Fixed 2 duplicate /gene - ycf3_1 ycf3_2
[17:15:03] Fixed 2 duplicate /gene - ndhI_1 ndhI_2
[17:15:03] Fixed 2 duplicate /gene - clpP_1 clpP_2
[17:15:03] Fixed 2 duplicate /gene - atpF_1 atpF_2
[17:15:03] Fixed 9 colliding /gene names.
[17:15:03] Adding /locus_tag identifiers
[17:15:03] Assigned 131 locus_tags to CDS and RNA features.
[17:15:03] Writing outputs to P003_WH01/
[17:15:03] Generating annotation statistics file
[17:15:03] Generating Genbank and Sequin files
[17:15:03] Running: tbl2asn -V b -a r10k -l paired-ends -M n -N 1 -y 'Annotated using prokka 1.14.5 from https://github.com/tseemann/prokka' -Z P003_WH01\/P003_WH01\.err -i P003_WH01\/P003_WH01\.fsa 2> /dev/null
[17:15:03] Deleting unwanted file: P003_WH01/errorsummary.val
[17:15:03] Deleting unwanted file: P003_WH01/P003_WH01.dr
[17:15:03] Deleting unwanted file: P003_WH01/P003_WH01.fixedproducts
[17:15:03] Deleting unwanted file: P003_WH01/P003_WH01.ecn
[17:15:03] Deleting unwanted file: P003_WH01/P003_WH01.val
[17:15:03] Repairing broken .GBK output that tbl2asn produces...
[17:15:03] Running: sed 's/COORDINATES: profile/COORDINATES:profile/' < P003_WH01\/P003_WH01\.gbf > P003_WH01\/P003_WH01\.gbk
[17:15:03] Deleting unwanted file: P003_WH01/P003_WH01.gbf
[17:15:03] Output files:
[17:15:03] P003_WH01/P003_WH01.log
[17:15:03] P003_WH01/P003_WH01.fsa
[17:15:03] P003_WH01/P003_WH01.sqn
[17:15:03] P003_WH01/P003_WH01.ffn
[17:15:03] P003_WH01/P003_WH01.err
[17:15:03] P003_WH01/P003_WH01.fna
[17:15:03] P003_WH01/P003_WH01.gbk
[17:15:03] P003_WH01/P003_WH01.txt
[17:15:03] P003_WH01/P003_WH01.faa
[17:15:03] P003_WH01/P003_WH01.tbl
[17:15:03] P003_WH01/P003_WH01.gff
[17:15:03] P003_WH01/P003_WH01.tsv
[17:15:03] Annotation finished successfully.
[17:15:03] Walltime used: 0.20 minutes
[17:15:03] If you use this result please cite the Prokka paper:
[17:15:03] Seemann T (2014) Prokka: rapid prokaryotic genome annotation. Bioinformatics. 30(14):2068-9.
[17:15:03] Type 'prokka --citation' for more details.
[17:15:03] Thank you, come again.
