[16:46:37] This is prokka 1.14.5
[16:46:37] Written by Torsten Seemann <torsten.seemann@gmail.com>
[16:46:37] Homepage is https://github.com/tseemann/prokka
[16:46:37] Local time is Fri Nov 26 16:46:37 2021
[16:46:37] You are ruud
[16:46:37] Operating system is linux
[16:46:37] You have BioPerl 1.7.8
[16:46:37] System has 40 cores.
[16:46:37] Will use maximum of 40 cores.
[16:46:37] Annotating as >>> Bacteria <<<
[16:46:37] Creating new output folder: P002_WE11
[16:46:37] Running: mkdir -p P002_WE11
[16:46:37] Using filename prefix: P002_WE11.XXX
[16:46:37] Setting HMMER_NCPU=1
[16:46:37] Writing log to: P002_WE11/P002_WE11.log
[16:46:37] Command: /usr/local/packages/prokka-1.14.5/bin/prokka --cpus 40 --prefix P002_WE11 --Kingdom Bacteria --locustag P002_WE11 --proteins vaccinium.gb ../02_Blast/chloroplast_contigs_rapid_genomics_run2/P002_WE11_chloroplast_contigs.fa
[16:46:37] Appending to PATH: /home/local/packages/prokka-1.14.5/bin/../binaries/linux
[16:46:37] Appending to PATH: /home/local/packages/prokka-1.14.5/bin/../binaries/linux/../common
[16:46:37] Appending to PATH: /home/local/packages/prokka-1.14.5/bin
[16:46:37] Looking for 'aragorn' - found /usr/local/packages/Anaconda3-2019.10/bin/aragorn
[16:46:37] Determined aragorn version is 001002 from 'ARAGORN v1.2.38 Dean Laslett'
[16:46:37] Looking for 'barrnap' - found /usr/local/packages/Anaconda3-2019.10/bin/barrnap
[16:46:38] Determined barrnap version is 000009 from 'barrnap 0.9'
[16:46:38] Looking for 'blastp' - found /usr/local/packages/Anaconda3-2019.10/bin/blastp
[16:46:38] Determined blastp version is 002011 from 'blastp: 2.11.0+'
[16:46:38] Looking for 'cmpress' - found /usr/local/packages/Anaconda3-2019.10/bin/cmpress
[16:46:38] Determined cmpress version is 001001 from '# INFERNAL 1.1.2 (July 2016)'
[16:46:38] Looking for 'cmscan' - found /usr/local/packages/Anaconda3-2019.10/bin/cmscan
[16:46:38] Determined cmscan version is 001001 from '# INFERNAL 1.1.2 (July 2016)'
[16:46:38] Looking for 'egrep' - found /bin/egrep
[16:46:38] Looking for 'find' - found /bin/find
[16:46:38] Looking for 'grep' - found /bin/grep
[16:46:38] Looking for 'hmmpress' - found /usr/local/packages/Anaconda3-2019.10/bin/hmmpress
[16:46:38] Determined hmmpress version is 003003 from '# HMMER 3.3.2 (Nov 2020); http://hmmer.org/'
[16:46:38] Looking for 'hmmscan' - found /usr/local/packages/Anaconda3-2019.10/bin/hmmscan
[16:46:38] Determined hmmscan version is 003003 from '# HMMER 3.3.2 (Nov 2020); http://hmmer.org/'
[16:46:38] Looking for 'java' - found /usr/local/packages/jdk1.8.0_191/bin/java
[16:46:38] Looking for 'makeblastdb' - found /usr/local/packages/Anaconda3-2019.10/bin/makeblastdb
[16:46:42] Determined makeblastdb version is 002011 from 'makeblastdb: 2.11.0+'
[16:46:42] Looking for 'minced' - found /usr/local/packages/Anaconda3-2019.10/bin/minced
[16:46:42] Determined minced version is 004002 from 'minced 0.4.2'
[16:46:42] Looking for 'parallel' - found /usr/local/packages/Anaconda3-2019.10/bin/parallel
[16:46:42] Determined parallel version is 20210822 from 'GNU parallel 20210822'
[16:46:42] Looking for 'prodigal' - found /usr/local/packages/Anaconda3-2019.10/bin/prodigal
[16:46:42] Determined prodigal version is 002006 from 'Prodigal V2.6.3: February, 2016'
[16:46:42] Looking for 'prokka-genbank_to_fasta_db' - found /usr/local/packages/prokka-1.14.5/bin/prokka-genbank_to_fasta_db
[16:46:42] Looking for 'sed' - found /bin/sed
[16:46:42] Looking for 'tbl2asn' - found /usr/local/packages/Anaconda3-2019.10/bin/tbl2asn
[16:46:43] Determined tbl2asn version is 025008 from 'tbl2asn 25.8   arguments:'
[16:46:43] Using genetic code table 11.
[16:46:43] Loading and checking input file: ../02_Blast/chloroplast_contigs_rapid_genomics_run2/P002_WE11_chloroplast_contigs.fa
[16:46:43] Wrote 8 contigs totalling 121206 bp.
[16:46:43] Predicting tRNAs and tmRNAs
[16:46:43] Running: aragorn -l -gc11  -w P002_WE11\/P002_WE11\.fna
[16:46:43] 1 tRNA-Leu [3484,3566] 35 (caa)
[16:46:43] 2 tRNA-Met [6019,6093] 34 (cat)
[16:46:43] 1 tRNA-Trp c[7927,8000] 35 (cca)
[16:46:43] 2 tRNA-Pro c[8139,8214] 35 (tgg)
[16:46:43] 1 tRNA-Val [2785,2856] 33 (gac)
[16:46:43] 2 tRNA-Arg [10522,10596] 35 (acg)
[16:46:43] 3 tRNA-Asn c[10854,10927] 34 (gtt)
[16:46:43] 1 tRNA-Gln c[6550,6621] 33 (ttg)
[16:46:43] 2 tRNA-Ser c[7785,7873] 35 (gct)
[16:46:43] 3 tRNA-Ser c[11427,11514] 35 (tga)
[16:46:43] 4 tRNA-Gly [12335,12406] 33 (gcc)
[16:46:43] 5 tRNA-Met c[12855,12930] 36 (cat)
[16:46:43] 6 tRNA-Thr [14947,15020] 34 (ggt)
[16:46:43] 7 tRNA-Glu [15554,15628] 36 (ttc)
[16:46:43] 8 tRNA-Tyr [15688,15773] 36 (gta)
[16:46:43] 9 tRNA-Asp [16126,16199] 35 (gtc)
[16:46:43] 10 tRNA-Cys c[18275,18345] 33 (gca)
[16:46:43] 11 tRNA-Arg c[35675,35746] 34 (tct)
[16:46:43] 12 tRNA-Ser [44344,44430] 35 (gga)
[16:46:43] 13 tRNA-Thr c[45593,45667] 35 (tgt)
[16:46:43] 14 tRNA-Phe [47456,47528] 34 (gaa)
[16:46:43] 15 tRNA-Met [51493,51567] 35 (cat)
[16:46:43] 1 tRNA-His c[1690,1764] 35 (gtg)
[16:46:43] 1 tRNA-Leu c[8740,8819] 35 (tag)
[16:46:43] Found 24 tRNAs
[16:46:43] Predicting Ribosomal RNAs
[16:46:43] Running Barrnap with 40 threads
[16:46:44] 1 k141_34028 167 23S ribosomal RNA (partial)
[16:46:44] 2 k141_89023 3091 16S ribosomal RNA
[16:46:44] 3 k141_89023 6865 23S ribosomal RNA
[16:46:44] 4 k141_91856 728 16S ribosomal RNA (partial)
[16:46:44] 5 k141_91856 2254 16S ribosomal RNA (partial)
[16:46:44] Found 5 rRNAs
[16:46:44] Skipping ncRNA search, enable with --rfam if desired.
[16:46:44] Total of 29 tRNA + rRNA features
[16:46:44] Searching for CRISPR repeats
[16:46:44] Found 0 CRISPRs
[16:46:44] Predicting coding sequences
[16:46:44] Contigs total 121206 bp, so using single mode
[16:46:44] Running: prodigal -i P002_WE11\/P002_WE11\.fna -c -m -g 11 -p single -f sco -q
[16:46:45] Excluding CDS which overlaps existing RNA (tRNA) at k141_17759:3499..3714 on + strand
[16:46:45] Excluding CDS which overlaps existing RNA (tRNA) at k141_30050:8092..8316 on - strand
[16:46:45] Excluding CDS which overlaps existing RNA (rRNA) at k141_89023:6793..7053 on + strand
[16:46:45] Excluding CDS which overlaps existing RNA (tRNA) at k141_20057:12632..12913 on - strand
[16:46:45] Excluding CDS which overlaps existing RNA (tRNA) at k141_20057:47170..47490 on + strand
[16:46:45] Excluding CDS which overlaps existing RNA (rRNA) at k141_91856:1268..1531 on - strand
[16:46:45] Excluding CDS which overlaps existing RNA (rRNA) at k141_91856:1890..2648 on + strand
[16:46:45] Excluding CDS which overlaps existing RNA (rRNA) at k141_34028:1748..2101 on - strand
[16:46:45] Found 94 CDS
[16:46:45] Connecting features back to sequences
[16:46:45] Not using genus-specific database. Try --usegenus to enable it.
[16:46:45] Preparing user-supplied primary BLAST annotation source: vaccinium.gb
[16:46:45] Guessed source was in genbank format.
[16:46:45] Converting genbank 'vaccinium.gb' into Prokka FASTA 'P002_WE11/proteins.faa'
[16:46:45] Running: prokka-genbank_to_fasta_db --format genbank vaccinium\.gb > P002_WE11\/proteins\.faa 2> /dev/null
[16:46:45] Running: makeblastdb -dbtype prot -in P002_WE11\/proteins\.faa -out P002_WE11\/proteins -logfile /dev/null
[16:46:46] Using /inference source as 'vaccinium.gb'
[16:46:46] Annotating CDS, please be patient.
[16:46:46] Will use 40 CPUs for similarity searching.
[16:46:46] There are still 94 unannotated CDS left (started with 94)
[16:46:46] Will use blast to search against P002_WE11/proteins with 40 CPUs
[16:46:46] Running: cat P002_WE11\/P002_WE11\.proteins\.tmp\.11507\.faa | parallel --gnu --plain -j 40 --block 252 --recstart '>' --pipe blastp -query - -db P002_WE11/proteins -evalue 1e-09 -qcov_hsp_perc 80 -num_threads 1 -num_descriptions 1 -num_alignments 1 -seg no > P002_WE11\/P002_WE11\.proteins\.tmp\.11507\.blast 2> /dev/null
[16:46:47] Deleting unwanted file: P002_WE11/P002_WE11.proteins.tmp.11507.faa
[16:46:47] Deleting unwanted file: P002_WE11/P002_WE11.proteins.tmp.11507.blast
[16:46:47] There are still 38 unannotated CDS left (started with 94)
[16:46:47] Will use blast to search against /home/local/packages/prokka-1.14.5/db/kingdom/Bacteria/IS with 40 CPUs
[16:46:47] Running: cat P002_WE11\/P002_WE11\.IS\.tmp\.11507\.faa | parallel --gnu --plain -j 40 --block 61 --recstart '>' --pipe blastp -query - -db /home/local/packages/prokka-1.14.5/db/kingdom/Bacteria/IS -evalue 1e-30 -qcov_hsp_perc 90 -num_threads 1 -num_descriptions 1 -num_alignments 1 -seg no > P002_WE11\/P002_WE11\.IS\.tmp\.11507\.blast 2> /dev/null
[16:46:49] Deleting unwanted file: P002_WE11/P002_WE11.IS.tmp.11507.faa
[16:46:49] Deleting unwanted file: P002_WE11/P002_WE11.IS.tmp.11507.blast
[16:46:49] There are still 38 unannotated CDS left (started with 94)
[16:46:49] Will use blast to search against /home/local/packages/prokka-1.14.5/db/kingdom/Bacteria/AMR with 40 CPUs
[16:46:49] Running: cat P002_WE11\/P002_WE11\.AMR\.tmp\.11507\.faa | parallel --gnu --plain -j 40 --block 61 --recstart '>' --pipe blastp -query - -db /home/local/packages/prokka-1.14.5/db/kingdom/Bacteria/AMR -evalue 1e-300 -qcov_hsp_perc 90 -num_threads 1 -num_descriptions 1 -num_alignments 1 -seg no > P002_WE11\/P002_WE11\.AMR\.tmp\.11507\.blast 2> /dev/null
[16:46:50] Deleting unwanted file: P002_WE11/P002_WE11.AMR.tmp.11507.faa
[16:46:50] Deleting unwanted file: P002_WE11/P002_WE11.AMR.tmp.11507.blast
[16:46:50] There are still 38 unannotated CDS left (started with 94)
[16:46:50] Will use blast to search against /home/local/packages/prokka-1.14.5/db/kingdom/Bacteria/sprot with 40 CPUs
[16:46:50] Running: cat P002_WE11\/P002_WE11\.sprot\.tmp\.11507\.faa | parallel --gnu --plain -j 40 --block 61 --recstart '>' --pipe blastp -query - -db /home/local/packages/prokka-1.14.5/db/kingdom/Bacteria/sprot -evalue 1e-09 -qcov_hsp_perc 80 -num_threads 1 -num_descriptions 1 -num_alignments 1 -seg no > P002_WE11\/P002_WE11\.sprot\.tmp\.11507\.blast 2> /dev/null
[16:46:52] Deleting unwanted file: P002_WE11/P002_WE11.sprot.tmp.11507.faa
[16:46:52] Deleting unwanted file: P002_WE11/P002_WE11.sprot.tmp.11507.blast
[16:46:52] There are still 36 unannotated CDS left (started with 94)
[16:46:52] Will use hmmer3 to search against /home/local/packages/prokka-1.14.5/db/hmm/HAMAP.hmm with 40 CPUs
[16:46:52] Running: cat P002_WE11\/P002_WE11\.HAMAP\.hmm\.tmp\.11507\.faa | parallel --gnu --plain -j 40 --block 54 --recstart '>' --pipe hmmscan --noali --notextw --acc -E 1e-09 --cpu 1 /home/local/packages/prokka-1.14.5/db/hmm/HAMAP.hmm /dev/stdin > P002_WE11\/P002_WE11\.HAMAP\.hmm\.tmp\.11507\.hmmer3 2> /dev/null
[16:46:53] Deleting unwanted file: P002_WE11/P002_WE11.HAMAP.hmm.tmp.11507.faa
[16:46:53] Deleting unwanted file: P002_WE11/P002_WE11.HAMAP.hmm.tmp.11507.hmmer3
[16:46:53] Deleting unwanted file: P002_WE11/proteins.psq
[16:46:53] Deleting unwanted file: P002_WE11/proteins.phr
[16:46:53] Deleting unwanted file: P002_WE11/proteins.pin
[16:46:53] Labelling remaining 31 proteins as 'hypothetical protein'
[16:46:53] Possible /pseudo 'NADH-plastoquinone oxidoreductase subunit 2' at k141_17759 position 2294
[16:46:53] Possible /pseudo 'ribosomal protein L2' at k141_40376 position 1138
[16:46:53] Possible /pseudo 'NADH-plastoquinone oxidoreductase subunit 1' at k141_40926 position 2816
[16:46:53] Found 59 unique /gene codes.
[16:46:53] Fixed 2 duplicate /gene - rpl2_1 rpl2_2
[16:46:53] Fixed 2 duplicate /gene - ndhB_1 ndhB_2
[16:46:53] Fixed 2 duplicate /gene - ndhA_1 ndhA_2
[16:46:53] Fixed 2 duplicate /gene - ndhH_1 ndhH_2
[16:46:53] Fixed 4 colliding /gene names.
[16:46:53] Adding /locus_tag identifiers
[16:46:53] Assigned 123 locus_tags to CDS and RNA features.
[16:46:53] Writing outputs to P002_WE11/
[16:46:53] Generating annotation statistics file
[16:46:53] Generating Genbank and Sequin files
[16:46:53] Running: tbl2asn -V b -a r10k -l paired-ends -M n -N 1 -y 'Annotated using prokka 1.14.5 from https://github.com/tseemann/prokka' -Z P002_WE11\/P002_WE11\.err -i P002_WE11\/P002_WE11\.fsa 2> /dev/null
[16:46:53] Deleting unwanted file: P002_WE11/errorsummary.val
[16:46:53] Deleting unwanted file: P002_WE11/P002_WE11.dr
[16:46:53] Deleting unwanted file: P002_WE11/P002_WE11.fixedproducts
[16:46:53] Deleting unwanted file: P002_WE11/P002_WE11.ecn
[16:46:53] Deleting unwanted file: P002_WE11/P002_WE11.val
[16:46:53] Repairing broken .GBK output that tbl2asn produces...
[16:46:53] Running: sed 's/COORDINATES: profile/COORDINATES:profile/' < P002_WE11\/P002_WE11\.gbf > P002_WE11\/P002_WE11\.gbk
[16:46:53] Deleting unwanted file: P002_WE11/P002_WE11.gbf
[16:46:53] Output files:
[16:46:53] P002_WE11/P002_WE11.txt
[16:46:53] P002_WE11/P002_WE11.err
[16:46:53] P002_WE11/P002_WE11.fsa
[16:46:53] P002_WE11/P002_WE11.gbk
[16:46:53] P002_WE11/P002_WE11.tbl
[16:46:53] P002_WE11/P002_WE11.gff
[16:46:53] P002_WE11/P002_WE11.sqn
[16:46:53] P002_WE11/P002_WE11.faa
[16:46:53] P002_WE11/P002_WE11.fna
[16:46:53] P002_WE11/P002_WE11.log
[16:46:53] P002_WE11/P002_WE11.ffn
[16:46:53] P002_WE11/P002_WE11.tsv
[16:46:53] Annotation finished successfully.
[16:46:53] Walltime used: 0.27 minutes
[16:46:53] If you use this result please cite the Prokka paper:
[16:46:53] Seemann T (2014) Prokka: rapid prokaryotic genome annotation. Bioinformatics. 30(14):2068-9.
[16:46:53] Type 'prokka --citation' for more details.
[16:46:53] Thank you, come again.
