Discrepancy Report Results

Summary
FATAL: MISSING_PROTEIN_ID:100 proteins have invalid IDs.
DISC_SOURCE_QUALS_ASNDISC:strain (all present, all same)
DISC_SOURCE_QUALS_ASNDISC:taxname (all present, all same)
DISC_FEATURE_COUNT:CDS: 100 present
DISC_FEATURE_COUNT:tRNA: 26 present
DISC_FEATURE_COUNT:rRNA: 2 present
DISC_COUNT_NUCLEOTIDES:3 nucleotide Bioseqs are present
FEATURE_LOCATION_CONFLICT:128 features have inconsistent gene locations.
SUSPECT_PRODUCT_NAMES:2 product_names contain suspect phrase or characters
	May contain database identifier more appropriate in note; remove from product name
		2 features contains three or more numbers together that may be identifiers more appropriate in note
FIND_BADLEN_TRNAS:1 tRNAs are too long
DISC_QUALITY_SCORES:Quality scores are missing on all sequences.
ONCALLER_COMMENT_PRESENT:3 comment descriptors were found (all same)
SHORT_PROT_SEQUENCES:10 protein sequences are shorter than 50 aa.
MISSING_GENOMEASSEMBLY_COMMENTS:3 bioseqs are missing GenomeAssembly structured comments
MOLTYPE_NOT_MRNA:3 molecule types are not set as mRNA.
TECHNIQUE_NOT_TSA:3 technique are not set as TSA
MISSING_STRUCTURED_COMMENT:3 sequences do not include structured comments.
MISSING_PROJECT:103 sequences do not include project.
DISC_INCONSISTENT_MOLINFO_TECH:Molinfo Technique Report (some missing, all same)


Detailed Report

FATAL: DiscRep_ALL:MISSING_PROTEIN_ID::100 proteins have invalid IDs.
P003_WD05/P003_WD05:k141_50541_1 (length 207)
P003_WD05/P003_WD05:k141_50541_2 (length 1270)
P003_WD05/P003_WD05:k141_50541_3 (length 411)
P003_WD05/P003_WD05:k141_50541_4 (length 198)
P003_WD05/P003_WD05:k141_50541_5 (length 72)
P003_WD05/P003_WD05:k141_50541_6 (length 61)
P003_WD05/P003_WD05:k141_50541_7 (length 180)
P003_WD05/P003_WD05:k141_50541_8 (length 176)
P003_WD05/P003_WD05:k141_50541_9 (length 101)
P003_WD05/P003_WD05:k141_50541_10 (length 90)
P003_WD05/P003_WD05:k141_50541_11 (length 488)
P003_WD05/P003_WD05:k141_50541_12 (length 322)
P003_WD05/P003_WD05:k141_50541_13 (length 47)
P003_WD05/P003_WD05:k141_50541_14 (length 62)
P003_WD05/P003_WD05:k141_50541_15 (length 739)
P003_WD05/P003_WD05:k141_50541_16 (length 113)
P003_WD05/P003_WD05:k141_50541_17 (length 123)
P003_WD05/P003_WD05:k141_29770_1 (length 92)
P003_WD05/P003_WD05:k141_29770_2 (length 179)
P003_WD05/P003_WD05:k141_29770_3 (length 218)
P003_WD05/P003_WD05:k141_29770_4 (length 64)
P003_WD05/P003_WD05:k141_29770_5 (length 82)
P003_WD05/P003_WD05:k141_29770_6 (length 122)
P003_WD05/P003_WD05:k141_29770_7 (length 132)
P003_WD05/P003_WD05:k141_29770_8 (length 95)
P003_WD05/P003_WD05:k141_29770_9 (length 138)
P003_WD05/P003_WD05:k141_29770_10 (length 344)
P003_WD05/P003_WD05:k141_29770_11 (length 174)
P003_WD05/P003_WD05:k141_29770_12 (length 162)
P003_WD05/P003_WD05:k141_29770_13 (length 73)
P003_WD05/P003_WD05:k141_29770_14 (length 42)
P003_WD05/P003_WD05:k141_29770_15 (length 506)
P003_WD05/P003_WD05:k141_29770_16 (length 54)
P003_WD05/P003_WD05:k141_29770_17 (length 98)
P003_WD05/P003_WD05:k141_29770_18 (length 125)
P003_WD05/P003_WD05:k141_29770_19 (length 79)
P003_WD05/P003_WD05:k141_29770_20 (length 81)
P003_WD05/P003_WD05:k141_29770_21 (length 117)
P003_WD05/P003_WD05:k141_29770_22 (length 95)
P003_WD05/P003_WD05:k141_29770_23 (length 44)
P003_WD05/P003_WD05:k141_29770_24 (length 83)
P003_WD05/P003_WD05:k141_29770_25 (length 39)
P003_WD05/P003_WD05:k141_29770_26 (length 320)
P003_WD05/P003_WD05:k141_29770_27 (length 239)
P003_WD05/P003_WD05:k141_29770_28 (length 89)
P003_WD05/P003_WD05:k141_29770_29 (length 184)
P003_WD05/P003_WD05:k141_29770_30 (length 36)
P003_WD05/P003_WD05:k141_29770_31 (length 55)
P003_WD05/P003_WD05:k141_29770_32 (length 482)
P003_WD05/P003_WD05:k141_29770_33 (length 42)
P003_WD05/P003_WD05:k141_29770_34 (length 482)
P003_WD05/P003_WD05:k141_29770_35 (length 543)
P003_WD05/P003_WD05:k141_29770_36 (length 133)
P003_WD05/P003_WD05:k141_29770_37 (length 120)
P003_WD05/P003_WD05:k141_29770_38 (length 250)
P003_WD05/P003_WD05:k141_29770_39 (length 158)
P003_WD05/P003_WD05:k141_29770_40 (length 83)
P003_WD05/P003_WD05:k141_29770_41 (length 91)
P003_WD05/P003_WD05:k141_29770_42 (length 201)
P003_WD05/P003_WD05:k141_29770_43 (length 82)
P003_WD05/P003_WD05:k141_29770_44 (length 750)
P003_WD05/P003_WD05:k141_29770_45 (length 734)
P003_WD05/P003_WD05:k141_29770_46 (length 100)
P003_WD05/P003_WD05:k141_29770_47 (length 82)
P003_WD05/P003_WD05:k141_29770_48 (length 138)
P003_WD05/P003_WD05:k141_29770_49 (length 461)
P003_WD05/P003_WD05:k141_29770_50 (length 353)
P003_WD05/P003_WD05:k141_29770_51 (length 79)
P003_WD05/P003_WD05:k141_29770_52 (length 53)
P003_WD05/P003_WD05:k141_29770_53 (length 29)
P003_WD05/P003_WD05:k141_29770_54 (length 1070)
P003_WD05/P003_WD05:k141_29770_55 (length 152)
P003_WD05/P003_WD05:k141_29770_56 (length 475)
P003_WD05/P003_WD05:k141_29770_57 (length 1385)
P003_WD05/P003_WD05:k141_29770_58 (length 236)
P003_WD05/P003_WD05:k141_29770_59 (length 247)
P003_WD05/P003_WD05:k141_29770_60 (length 81)
P003_WD05/P003_WD05:k141_29770_61 (length 124)
P003_WD05/P003_WD05:k141_29770_62 (length 56)
P003_WD05/P003_WD05:k141_29770_63 (length 60)
P003_WD05/P003_WD05:k141_29770_64 (length 124)
P003_WD05/P003_WD05:k141_29770_65 (length 507)
P003_WD05/P003_WD05:k141_29770_66 (length 41)
P003_WD05/P003_WD05:k141_29770_67 (length 52)
P003_WD05/P003_WD05:k141_29770_68 (length 61)
P003_WD05/P003_WD05:k141_29770_69 (length 90)
P003_WD05/P003_WD05:k141_29770_70 (length 508)
P003_WD05/P003_WD05:k141_29770_71 (length 353)
P003_WD05/P003_WD05:k141_95306_1 (length 165)
P003_WD05/P003_WD05:k141_95306_2 (length 38)
P003_WD05/P003_WD05:k141_95306_3 (length 112)
P003_WD05/P003_WD05:k141_95306_4 (length 92)
P003_WD05/P003_WD05:k141_95306_5 (length 2284)
P003_WD05/P003_WD05:k141_95306_6 (length 94)
P003_WD05/P003_WD05:k141_95306_7 (length 260)
P003_WD05/P003_WD05:k141_95306_8 (length 264)
P003_WD05/P003_WD05:k141_95306_9 (length 155)
P003_WD05/P003_WD05:k141_95306_10 (length 212)
P003_WD05/P003_WD05:k141_95306_11 (length 88)
P003_WD05/P003_WD05:k141_95306_12 (length 34)

DiscRep_ALL:DISC_SOURCE_QUALS_ASNDISC::strain (all present, all same)
DiscRep_SUB:DISC_SOURCE_QUALS_ASNDISC::3 sources have 'strain' for strain
DiscRep_ALL:DISC_SOURCE_QUALS_ASNDISC::taxname (all present, all same)
DiscRep_SUB:DISC_SOURCE_QUALS_ASNDISC::3 sources have 'Genus species' for taxname
DiscRep_ALL:DISC_FEATURE_COUNT::CDS: 100 present
DiscRep_ALL:DISC_FEATURE_COUNT::tRNA: 26 present
DiscRep_ALL:DISC_FEATURE_COUNT::rRNA: 2 present
DiscRep_ALL:DISC_COUNT_NUCLEOTIDES::3 nucleotide Bioseqs are present
P003_WD05/P003_WD05:k141_50541 (length 19105)
P003_WD05/P003_WD05:k141_29770 (length 83889)
P003_WD05/P003_WD05:k141_95306 (length 25691)

DiscRep_ALL:FEATURE_LOCATION_CONFLICT::128 features have inconsistent gene locations.
DiscRep_SUB:FEATURE_LOCATION_CONFLICT::Coding region xref gene does not exist
P003_WD05/P003_WD05:CDS	hypothetical protein	k141_50541:85-708	P003_WD05_00001

DiscRep_SUB:FEATURE_LOCATION_CONFLICT::Coding region xref gene does not exist
P003_WD05/P003_WD05:CDS	hypothetical protein	k141_50541:884-4696	P003_WD05_00002

DiscRep_SUB:FEATURE_LOCATION_CONFLICT::Coding region xref gene does not exist
P003_WD05/P003_WD05:CDS	NADH-plastoquinone oxidoreductase subunit 7	k141_50541:5419-6654	P003_WD05_00003

DiscRep_SUB:FEATURE_LOCATION_CONFLICT::Coding region xref gene does not exist
P003_WD05/P003_WD05:CDS	NADH-plastoquinone oxidoreductase subunit 1	k141_50541:6656-7252	P003_WD05_00004

DiscRep_SUB:FEATURE_LOCATION_CONFLICT::Coding region xref gene does not exist
P003_WD05/P003_WD05:CDS	hypothetical protein	k141_50541:c7645-7427	P003_WD05_00005

DiscRep_SUB:FEATURE_LOCATION_CONFLICT::Coding region xref gene does not exist
P003_WD05/P003_WD05:CDS	NAD(P)H-quinone oxidoreductase subunit 1	k141_50541:8487-8672	P003_WD05_00006

DiscRep_SUB:FEATURE_LOCATION_CONFLICT::Coding region xref gene does not exist
P003_WD05/P003_WD05:CDS	NADH-plastoquinone oxidoreductase subunit I	k141_50541:8756-9298	P003_WD05_00007

DiscRep_SUB:FEATURE_LOCATION_CONFLICT::Coding region xref gene does not exist
P003_WD05/P003_WD05:CDS	NADH-plastoquinone oxidoreductase subunit 6	k141_50541:9631-10161	P003_WD05_00008

DiscRep_SUB:FEATURE_LOCATION_CONFLICT::Coding region xref gene does not exist
P003_WD05/P003_WD05:CDS	NADH-plastoquinone oxidoreductase subunit 4L	k141_50541:10393-10698	P003_WD05_00009

DiscRep_SUB:FEATURE_LOCATION_CONFLICT::Coding region xref gene does not exist
P003_WD05/P003_WD05:CDS	photosystem I subunit VII	k141_50541:10940-11212	P003_WD05_00010

DiscRep_SUB:FEATURE_LOCATION_CONFLICT::Coding region xref gene does not exist
P003_WD05/P003_WD05:CDS	NADH-plastoquinone oxidoreductase subunit 4	k141_50541:11375-12841	P003_WD05_00011

DiscRep_SUB:FEATURE_LOCATION_CONFLICT::Coding region xref gene does not exist
P003_WD05/P003_WD05:CDS	cytochrome c heme attachment protein	k141_50541:c14052-13084	P003_WD05_00012

DiscRep_SUB:FEATURE_LOCATION_CONFLICT::Coding region xref gene does not exist
P003_WD05/P003_WD05:CDS	hypothetical protein	k141_50541:c14564-14421	P003_WD05_00014

DiscRep_SUB:FEATURE_LOCATION_CONFLICT::Coding region xref gene does not exist
P003_WD05/P003_WD05:CDS	hypothetical protein	k141_50541:14805-14993	P003_WD05_00015

DiscRep_SUB:FEATURE_LOCATION_CONFLICT::Coding region xref gene does not exist
P003_WD05/P003_WD05:CDS	NADH-plastoquinone oxidoreductase subunit 5	k141_50541:16031-18250	P003_WD05_00016

DiscRep_SUB:FEATURE_LOCATION_CONFLICT::Coding region xref gene does not exist
P003_WD05/P003_WD05:CDS	hypothetical protein	k141_50541:c18708-18367	P003_WD05_00017

DiscRep_SUB:FEATURE_LOCATION_CONFLICT::Coding region xref gene does not exist
P003_WD05/P003_WD05:CDS	hypothetical protein	k141_50541:c19021-18650	P003_WD05_00018

DiscRep_SUB:FEATURE_LOCATION_CONFLICT::RNA feature xref gene does not exist
P003_WD05/P003_WD05:tRNA	Leu	k141_50541:c14232-14153	P003_WD05_00013

DiscRep_SUB:FEATURE_LOCATION_CONFLICT::Coding region xref gene does not exist
P003_WD05/P003_WD05:CDS	ribosomal protein S19	k141_29770:68-346	P003_WD05_00019

DiscRep_SUB:FEATURE_LOCATION_CONFLICT::Coding region xref gene does not exist
P003_WD05/P003_WD05:CDS	ribosomal protein L22	k141_29770:373-912	P003_WD05_00020

DiscRep_SUB:FEATURE_LOCATION_CONFLICT::Coding region xref gene does not exist
P003_WD05/P003_WD05:CDS	ribosomal protein S3	k141_29770:897-1553	P003_WD05_00021

DiscRep_SUB:FEATURE_LOCATION_CONFLICT::Coding region xref gene does not exist
P003_WD05/P003_WD05:CDS	hypothetical protein	k141_29770:c2037-1843	P003_WD05_00022

DiscRep_SUB:FEATURE_LOCATION_CONFLICT::Coding region xref gene does not exist
P003_WD05/P003_WD05:CDS	ribosomal protein L16	k141_29770:2844-3092	P003_WD05_00023

DiscRep_SUB:FEATURE_LOCATION_CONFLICT::Coding region xref gene does not exist
P003_WD05/P003_WD05:CDS	ribosomal protein L14	k141_29770:3226-3594	P003_WD05_00024

DiscRep_SUB:FEATURE_LOCATION_CONFLICT::Coding region xref gene does not exist
P003_WD05/P003_WD05:CDS	ribosomal protein S8	k141_29770:3783-4181	P003_WD05_00025

DiscRep_SUB:FEATURE_LOCATION_CONFLICT::Coding region xref gene does not exist
P003_WD05/P003_WD05:CDS	Translation initiation factor IF-1	k141_29770:4250-4537	P003_WD05_00026

DiscRep_SUB:FEATURE_LOCATION_CONFLICT::Coding region xref gene does not exist
P003_WD05/P003_WD05:CDS	ribosomal protein S11	k141_29770:4873-5289	P003_WD05_00027

DiscRep_SUB:FEATURE_LOCATION_CONFLICT::Coding region xref gene does not exist
P003_WD05/P003_WD05:CDS	DNA-directed RNA polymerase subunit alpha	k141_29770:5352-6386	P003_WD05_00028

DiscRep_SUB:FEATURE_LOCATION_CONFLICT::Coding region xref gene does not exist
P003_WD05/P003_WD05:CDS	cytochrome b6/f complex subunit IV	k141_29770:c7091-6567	P003_WD05_00029

DiscRep_SUB:FEATURE_LOCATION_CONFLICT::Coding region xref gene does not exist
P003_WD05/P003_WD05:CDS	cytochrome b6	k141_29770:c8429-7941	P003_WD05_00030

DiscRep_SUB:FEATURE_LOCATION_CONFLICT::Coding region xref gene does not exist
P003_WD05/P003_WD05:CDS	photosystem II phosphoprotein	k141_29770:c9636-9415	P003_WD05_00031

DiscRep_SUB:FEATURE_LOCATION_CONFLICT::Coding region xref gene does not exist
P003_WD05/P003_WD05:CDS	hypothetical protein	k141_29770:c9707-9579	P003_WD05_00032

DiscRep_SUB:FEATURE_LOCATION_CONFLICT::Coding region xref gene does not exist
P003_WD05/P003_WD05:CDS	photosystem II CP47 chlorophyll apoprotein	k141_29770:c11748-10228	P003_WD05_00033

DiscRep_SUB:FEATURE_LOCATION_CONFLICT::Coding region xref gene does not exist
P003_WD05/P003_WD05:CDS	hypothetical protein	k141_29770:11753-11917	P003_WD05_00034

DiscRep_SUB:FEATURE_LOCATION_CONFLICT::Coding region xref gene does not exist
P003_WD05/P003_WD05:CDS	hypothetical protein	k141_29770:c12785-12489	P003_WD05_00035

DiscRep_SUB:FEATURE_LOCATION_CONFLICT::Coding region xref gene does not exist
P003_WD05/P003_WD05:CDS	ATP-dependent Clp protease proteolytic subunit	k141_29770:12972-13349	P003_WD05_00036

DiscRep_SUB:FEATURE_LOCATION_CONFLICT::Coding region xref gene does not exist
P003_WD05/P003_WD05:CDS	ATP-dependent Clp protease proteolytic subunit	k141_29770:13944-14183	P003_WD05_00037

DiscRep_SUB:FEATURE_LOCATION_CONFLICT::Coding region xref gene does not exist
P003_WD05/P003_WD05:CDS	hypothetical protein	k141_29770:c14560-14315	P003_WD05_00038

DiscRep_SUB:FEATURE_LOCATION_CONFLICT::Coding region xref gene does not exist
P003_WD05/P003_WD05:CDS	ribosomal protein L20	k141_29770:15182-15535	P003_WD05_00039

DiscRep_SUB:FEATURE_LOCATION_CONFLICT::Coding region xref gene does not exist
P003_WD05/P003_WD05:CDS	hypothetical protein	k141_29770:15727-16014	P003_WD05_00040

DiscRep_SUB:FEATURE_LOCATION_CONFLICT::Coding region xref gene does not exist
P003_WD05/P003_WD05:CDS	photosystem I subunit IX	k141_29770:c16973-16839	P003_WD05_00041

DiscRep_SUB:FEATURE_LOCATION_CONFLICT::Coding region xref gene does not exist
P003_WD05/P003_WD05:CDS	photosystem II cytochrome b559 alpha subunit	k141_29770:19345-19596	P003_WD05_00044

DiscRep_SUB:FEATURE_LOCATION_CONFLICT::Coding region xref gene does not exist
P003_WD05/P003_WD05:CDS	photosystem II cytochrome b559 beta subunit	k141_29770:19606-19725	P003_WD05_00045

DiscRep_SUB:FEATURE_LOCATION_CONFLICT::Coding region xref gene does not exist
P003_WD05/P003_WD05:CDS	cytochrome f	k141_29770:c22161-21199	P003_WD05_00046

DiscRep_SUB:FEATURE_LOCATION_CONFLICT::Coding region xref gene does not exist
P003_WD05/P003_WD05:CDS	envelope membrane protein	k141_29770:c23114-22395	P003_WD05_00047

DiscRep_SUB:FEATURE_LOCATION_CONFLICT::Coding region xref gene does not exist
P003_WD05/P003_WD05:CDS	hypothetical protein	k141_29770:c23604-23335	P003_WD05_00048

DiscRep_SUB:FEATURE_LOCATION_CONFLICT::Coding region xref gene does not exist
P003_WD05/P003_WD05:CDS	photosystem I assembly protein Ycf4	k141_29770:c24183-23629	P003_WD05_00049

DiscRep_SUB:FEATURE_LOCATION_CONFLICT::Coding region xref gene does not exist
P003_WD05/P003_WD05:CDS	photosystem I subunit VIII	k141_29770:c24461-24351	P003_WD05_00050

DiscRep_SUB:FEATURE_LOCATION_CONFLICT::Coding region xref gene does not exist
P003_WD05/P003_WD05:CDS	hypothetical protein	k141_29770:24666-24833	P003_WD05_00051

DiscRep_SUB:FEATURE_LOCATION_CONFLICT::Coding region xref gene does not exist
P003_WD05/P003_WD05:CDS	Acetyl-coenzyme A carboxylase carboxyl transferase subunit beta, chloroplastic	k141_29770:c26388-24940	P003_WD05_00052

DiscRep_SUB:FEATURE_LOCATION_CONFLICT::Coding region xref gene does not exist
P003_WD05/P003_WD05:CDS	hypothetical protein	k141_29770:c26509-26381	P003_WD05_00053

DiscRep_SUB:FEATURE_LOCATION_CONFLICT::Coding region xref gene does not exist
P003_WD05/P003_WD05:CDS	ribulose-1,5-bisphosphate carboxylase/oxygenase large subunit	k141_29770:c28530-27082	P003_WD05_00054

DiscRep_SUB:FEATURE_LOCATION_CONFLICT::Coding region xref gene does not exist
P003_WD05/P003_WD05:CDS	ATP synthase CF1 beta subunit	k141_29770:29108-30739	P003_WD05_00055

DiscRep_SUB:FEATURE_LOCATION_CONFLICT::Coding region xref gene does not exist
P003_WD05/P003_WD05:CDS	ATP synthase CF1 epsilon subunit	k141_29770:30736-31137	P003_WD05_00056

DiscRep_SUB:FEATURE_LOCATION_CONFLICT::Coding region xref gene does not exist
P003_WD05/P003_WD05:CDS	NADH-plastoquinone oxidoreductase subunit 3	k141_29770:33597-33959	P003_WD05_00059

DiscRep_SUB:FEATURE_LOCATION_CONFLICT::Coding region xref gene does not exist
P003_WD05/P003_WD05:CDS	NADH-plastoquinone oxidoreductase subunit K	k141_29770:33950-34702	P003_WD05_00060

DiscRep_SUB:FEATURE_LOCATION_CONFLICT::Coding region xref gene does not exist
P003_WD05/P003_WD05:CDS	NADH-plastoquinone oxidoreductase subunit J	k141_29770:34813-35289	P003_WD05_00061

DiscRep_SUB:FEATURE_LOCATION_CONFLICT::Coding region xref gene does not exist
P003_WD05/P003_WD05:CDS	hypothetical protein	k141_29770:c35795-35544	P003_WD05_00062

DiscRep_SUB:FEATURE_LOCATION_CONFLICT::Coding region xref gene does not exist
P003_WD05/P003_WD05:CDS	hypothetical protein	k141_29770:c36650-36375	P003_WD05_00065

DiscRep_SUB:FEATURE_LOCATION_CONFLICT::Coding region xref gene does not exist
P003_WD05/P003_WD05:CDS	ribosomal protein S4	k141_29770:38212-38817	P003_WD05_00067

DiscRep_SUB:FEATURE_LOCATION_CONFLICT::Coding region xref gene does not exist
P003_WD05/P003_WD05:CDS	putative chloroplast RF34	k141_29770:40374-40622	P003_WD05_00069

DiscRep_SUB:FEATURE_LOCATION_CONFLICT::Coding region xref gene does not exist
P003_WD05/P003_WD05:CDS	photosystem I P700 apoprotein A1	k141_29770:42083-44335	P003_WD05_00070

DiscRep_SUB:FEATURE_LOCATION_CONFLICT::Coding region xref gene does not exist
P003_WD05/P003_WD05:CDS	photosystem I P700 apoprotein A2	k141_29770:44361-46565	P003_WD05_00071

DiscRep_SUB:FEATURE_LOCATION_CONFLICT::Coding region xref gene does not exist
P003_WD05/P003_WD05:CDS	ribosomal protein S14	k141_29770:46693-46995	P003_WD05_00072

DiscRep_SUB:FEATURE_LOCATION_CONFLICT::Coding region xref gene does not exist
P003_WD05/P003_WD05:CDS	hypothetical protein	k141_29770:47518-47766	P003_WD05_00075

DiscRep_SUB:FEATURE_LOCATION_CONFLICT::Coding region xref gene does not exist
P003_WD05/P003_WD05:CDS	hypothetical protein	k141_29770:47763-48179	P003_WD05_00076

DiscRep_SUB:FEATURE_LOCATION_CONFLICT::Coding region xref gene does not exist
P003_WD05/P003_WD05:CDS	photosystem II CP43 chlorophyll apoprotein	k141_29770:c49904-48519	P003_WD05_00078

DiscRep_SUB:FEATURE_LOCATION_CONFLICT::Coding region xref gene does not exist
P003_WD05/P003_WD05:CDS	photosystem II protein D2	k141_29770:c50949-49888	P003_WD05_00079

DiscRep_SUB:FEATURE_LOCATION_CONFLICT::Coding region xref gene does not exist
P003_WD05/P003_WD05:CDS	hypothetical protein	k141_29770:c51608-51369	P003_WD05_00080

DiscRep_SUB:FEATURE_LOCATION_CONFLICT::Coding region xref gene does not exist
P003_WD05/P003_WD05:CDS	hypothetical protein	k141_29770:52473-52634	P003_WD05_00082

DiscRep_SUB:FEATURE_LOCATION_CONFLICT::Coding region xref gene does not exist
P003_WD05/P003_WD05:CDS	cytochrome b6/f complex subunit VII	k141_29770:c55149-55060	P003_WD05_00086

DiscRep_SUB:FEATURE_LOCATION_CONFLICT::Coding region xref gene does not exist
P003_WD05/P003_WD05:CDS	RNA polymerase beta subunit	k141_29770:56893-60105	P003_WD05_00088

DiscRep_SUB:FEATURE_LOCATION_CONFLICT::Coding region xref gene does not exist
P003_WD05/P003_WD05:CDS	RNA polymerase beta' subunit	k141_29770:60111-60569	P003_WD05_00089

DiscRep_SUB:FEATURE_LOCATION_CONFLICT::Coding region xref gene does not exist
P003_WD05/P003_WD05:CDS	RNA polymerase beta' subunit	k141_29770:61426-62853	P003_WD05_00090

DiscRep_SUB:FEATURE_LOCATION_CONFLICT::Coding region xref gene does not exist
P003_WD05/P003_WD05:CDS	RNA polymerase beta'' subunit	k141_29770:63016-67173	P003_WD05_00091

DiscRep_SUB:FEATURE_LOCATION_CONFLICT::Coding region xref gene does not exist
P003_WD05/P003_WD05:CDS	ribosomal protein S2	k141_29770:67360-68070	P003_WD05_00092

DiscRep_SUB:FEATURE_LOCATION_CONFLICT::Coding region xref gene does not exist
P003_WD05/P003_WD05:CDS	ATP synthase CF0 subunit IV	k141_29770:68280-69023	P003_WD05_00093

DiscRep_SUB:FEATURE_LOCATION_CONFLICT::Coding region xref gene does not exist
P003_WD05/P003_WD05:CDS	ATP synthase CF0 subunit III	k141_29770:69983-70228	P003_WD05_00094

DiscRep_SUB:FEATURE_LOCATION_CONFLICT::Coding region xref gene does not exist
P003_WD05/P003_WD05:CDS	hypothetical protein	k141_29770:c70532-70158	P003_WD05_00095

DiscRep_SUB:FEATURE_LOCATION_CONFLICT::Coding region xref gene does not exist
P003_WD05/P003_WD05:CDS	ATP synthase CF0 subunit I	k141_29770:70659-70829	P003_WD05_00096

DiscRep_SUB:FEATURE_LOCATION_CONFLICT::Coding region xref gene does not exist
P003_WD05/P003_WD05:CDS	hypothetical protein	k141_29770:c71056-70874	P003_WD05_00097

DiscRep_SUB:FEATURE_LOCATION_CONFLICT::Coding region xref gene does not exist
P003_WD05/P003_WD05:CDS	ATP synthase CF0 subunit I	k141_29770:71539-71913	P003_WD05_00098

DiscRep_SUB:FEATURE_LOCATION_CONFLICT::Coding region xref gene does not exist
P003_WD05/P003_WD05:CDS	ATP synthase CF1 alpha subunit	k141_29770:71971-73494	P003_WD05_00099

DiscRep_SUB:FEATURE_LOCATION_CONFLICT::Coding region xref gene does not exist
P003_WD05/P003_WD05:CDS	hypothetical protein	k141_29770:73774-73899	P003_WD05_00101

DiscRep_SUB:FEATURE_LOCATION_CONFLICT::Coding region xref gene does not exist
P003_WD05/P003_WD05:CDS	hypothetical protein	k141_29770:74171-74329	P003_WD05_00102

DiscRep_SUB:FEATURE_LOCATION_CONFLICT::Coding region xref gene does not exist
P003_WD05/P003_WD05:CDS	photosystem II protein K	k141_29770:c76353-76168	P003_WD05_00104

DiscRep_SUB:FEATURE_LOCATION_CONFLICT::Coding region xref gene does not exist
P003_WD05/P003_WD05:CDS	hypothetical protein	k141_29770:c77815-77543	P003_WD05_00106

DiscRep_SUB:FEATURE_LOCATION_CONFLICT::Coding region xref gene does not exist
P003_WD05/P003_WD05:CDS	maturase K	k141_29770:80295-81821	P003_WD05_00107

DiscRep_SUB:FEATURE_LOCATION_CONFLICT::Coding region xref gene does not exist
P003_WD05/P003_WD05:CDS	photosystem II protein D1	k141_29770:82327-83388	P003_WD05_00108

DiscRep_SUB:FEATURE_LOCATION_CONFLICT::RNA feature xref gene does not exist
P003_WD05/P003_WD05:tRNA	Pro	k141_29770:17324-17399	P003_WD05_00042

DiscRep_SUB:FEATURE_LOCATION_CONFLICT::RNA feature xref gene does not exist
P003_WD05/P003_WD05:tRNA	Trp	k141_29770:17533-17606	P003_WD05_00043

DiscRep_SUB:FEATURE_LOCATION_CONFLICT::RNA feature xref gene does not exist
P003_WD05/P003_WD05:tRNA	Met	k141_29770:c31368-31296	P003_WD05_00057

DiscRep_SUB:FEATURE_LOCATION_CONFLICT::RNA feature xref gene does not exist
P003_WD05/P003_WD05:tRNA	Ile	k141_29770:32096-32187	P003_WD05_00058

DiscRep_SUB:FEATURE_LOCATION_CONFLICT::RNA feature xref gene does not exist
P003_WD05/P003_WD05:tRNA	Phe	k141_29770:c36113-36040	P003_WD05_00063

DiscRep_SUB:FEATURE_LOCATION_CONFLICT::RNA feature xref gene does not exist
P003_WD05/P003_WD05:tRNA	Phe	k141_29770:c36193-36121	P003_WD05_00064

DiscRep_SUB:FEATURE_LOCATION_CONFLICT::RNA feature xref gene does not exist
P003_WD05/P003_WD05:tRNA	Thr	k141_29770:37788-37862	P003_WD05_00066

DiscRep_SUB:FEATURE_LOCATION_CONFLICT::RNA feature xref gene does not exist
P003_WD05/P003_WD05:tRNA	Ser	k141_29770:c39194-39106	P003_WD05_00068

DiscRep_SUB:FEATURE_LOCATION_CONFLICT::RNA feature xref gene does not exist
P003_WD05/P003_WD05:tRNA	Met	k141_29770:47157-47230	P003_WD05_00073

DiscRep_SUB:FEATURE_LOCATION_CONFLICT::RNA feature xref gene does not exist
P003_WD05/P003_WD05:tRNA	Gly	k141_29770:c47462-47392	P003_WD05_00074

DiscRep_SUB:FEATURE_LOCATION_CONFLICT::RNA feature xref gene does not exist
P003_WD05/P003_WD05:tRNA	Ser	k141_29770:48247-48335	P003_WD05_00077

DiscRep_SUB:FEATURE_LOCATION_CONFLICT::RNA feature xref gene does not exist
P003_WD05/P003_WD05:tRNA	Thr	k141_29770:c52321-52250	P003_WD05_00081

DiscRep_SUB:FEATURE_LOCATION_CONFLICT::RNA feature xref gene does not exist
P003_WD05/P003_WD05:tRNA	Glu	k141_29770:52772-52846	P003_WD05_00083

DiscRep_SUB:FEATURE_LOCATION_CONFLICT::RNA feature xref gene does not exist
P003_WD05/P003_WD05:tRNA	Tyr	k141_29770:52911-52996	P003_WD05_00084

DiscRep_SUB:FEATURE_LOCATION_CONFLICT::RNA feature xref gene does not exist
P003_WD05/P003_WD05:tRNA	Asp	k141_29770:53364-53441	P003_WD05_00085

DiscRep_SUB:FEATURE_LOCATION_CONFLICT::RNA feature xref gene does not exist
P003_WD05/P003_WD05:tRNA	Cys	k141_29770:c55896-55825	P003_WD05_00087

DiscRep_SUB:FEATURE_LOCATION_CONFLICT::RNA feature xref gene does not exist
P003_WD05/P003_WD05:tRNA	Arg	k141_29770:c73670-73599	P003_WD05_00100

DiscRep_SUB:FEATURE_LOCATION_CONFLICT::RNA feature xref gene does not exist
P003_WD05/P003_WD05:tRNA	Ser	k141_29770:75442-75529	P003_WD05_00103

DiscRep_SUB:FEATURE_LOCATION_CONFLICT::RNA feature xref gene does not exist
P003_WD05/P003_WD05:tRNA	Gln	k141_29770:76688-76759	P003_WD05_00105

DiscRep_SUB:FEATURE_LOCATION_CONFLICT::RNA feature xref gene does not exist
P003_WD05/P003_WD05:tRNA	His	k141_29770:83632-83705	P003_WD05_00109

DiscRep_SUB:FEATURE_LOCATION_CONFLICT::Coding region xref gene does not exist
P003_WD05/P003_WD05:CDS	ribosomal protein L2	k141_95306:c636-139	P003_WD05_00110

DiscRep_SUB:FEATURE_LOCATION_CONFLICT::Coding region xref gene does not exist
P003_WD05/P003_WD05:CDS	hypothetical protein	k141_95306:c1036-920	P003_WD05_00111

DiscRep_SUB:FEATURE_LOCATION_CONFLICT::Coding region xref gene does not exist
P003_WD05/P003_WD05:CDS	ribosomal protein L2	k141_95306:c1559-1221	P003_WD05_00112

DiscRep_SUB:FEATURE_LOCATION_CONFLICT::Coding region xref gene does not exist
P003_WD05/P003_WD05:CDS	ribosomal protein L23	k141_95306:c1921-1643	P003_WD05_00113

DiscRep_SUB:FEATURE_LOCATION_CONFLICT::Coding region xref gene does not exist
P003_WD05/P003_WD05:CDS	hypothetical protein	k141_95306:2229-9083	P003_WD05_00115

DiscRep_SUB:FEATURE_LOCATION_CONFLICT::Coding region xref gene does not exist
P003_WD05/P003_WD05:CDS	hypothetical protein	k141_95306:9148-9432	P003_WD05_00116

DiscRep_SUB:FEATURE_LOCATION_CONFLICT::Coding region xref gene does not exist
P003_WD05/P003_WD05:CDS	NADH-plastoquinone oxidoreductase subunit 2	k141_95306:c11528-10746	P003_WD05_00118

DiscRep_SUB:FEATURE_LOCATION_CONFLICT::Coding region xref gene does not exist
P003_WD05/P003_WD05:CDS	NADH-plastoquinone oxidoreductase subunit 2	k141_95306:c12981-12187	P003_WD05_00119

DiscRep_SUB:FEATURE_LOCATION_CONFLICT::Coding region xref gene does not exist
P003_WD05/P003_WD05:CDS	ribosomal protein S7	k141_95306:c13713-13246	P003_WD05_00120

DiscRep_SUB:FEATURE_LOCATION_CONFLICT::Coding region xref gene does not exist
P003_WD05/P003_WD05:CDS	hypothetical protein	k141_95306:c16004-15366	P003_WD05_00121

DiscRep_SUB:FEATURE_LOCATION_CONFLICT::Coding region xref gene does not exist
P003_WD05/P003_WD05:CDS	hypothetical protein	k141_95306:18810-19076	P003_WD05_00124

DiscRep_SUB:FEATURE_LOCATION_CONFLICT::Coding region xref gene does not exist
P003_WD05/P003_WD05:CDS	hypothetical protein	k141_95306:19372-19476	P003_WD05_00125

DiscRep_SUB:FEATURE_LOCATION_CONFLICT::RNA feature xref gene does not exist
P003_WD05/P003_WD05:tRNA	Met	k141_95306:c2160-2087	P003_WD05_00114

DiscRep_SUB:FEATURE_LOCATION_CONFLICT::RNA feature xref gene does not exist
P003_WD05/P003_WD05:tRNA	Leu	k141_95306:c10185-10103	P003_WD05_00117

DiscRep_SUB:FEATURE_LOCATION_CONFLICT::RNA feature xref gene does not exist
P003_WD05/P003_WD05:tRNA	Val	k141_95306:16294-16365	P003_WD05_00122

DiscRep_SUB:FEATURE_LOCATION_CONFLICT::RNA feature xref gene does not exist
P003_WD05/P003_WD05:rRNA	16S ribosomal RNA	k141_95306:16597-18083	P003_WD05_00123

DiscRep_SUB:FEATURE_LOCATION_CONFLICT::RNA feature xref gene does not exist
P003_WD05/P003_WD05:rRNA	23S ribosomal RNA	k141_95306:20245-23244	P003_WD05_00126

DiscRep_SUB:FEATURE_LOCATION_CONFLICT::RNA feature xref gene does not exist
P003_WD05/P003_WD05:tRNA	Arg	k141_95306:23860-23934	P003_WD05_00127

DiscRep_SUB:FEATURE_LOCATION_CONFLICT::RNA feature xref gene does not exist
P003_WD05/P003_WD05:tRNA	Asn	k141_95306:c24554-24481	P003_WD05_00128

DiscRep_ALL:SUSPECT_PRODUCT_NAMES::2 product_names contain suspect phrase or characters
DiscRep_SUB:SUSPECT_PRODUCT_NAMES::May contain database identifier more appropriate in note; remove from product name
DiscRep_SUB:SUSPECT_PRODUCT_NAMES::2 features contains three or more numbers together that may be identifiers more appropriate in note
P003_WD05/P003_WD05:CDS	photosystem I P700 apoprotein A1	k141_29770:42083-44335	P003_WD05_00070
P003_WD05/P003_WD05:CDS	photosystem I P700 apoprotein A2	k141_29770:44361-46565	P003_WD05_00071

DiscRep_ALL:FIND_BADLEN_TRNAS::1 tRNAs are too long
P003_WD05/P003_WD05:tRNA	Ile	k141_29770:32096-32187	P003_WD05_00058

DiscRep_ALL:DISC_QUALITY_SCORES::Quality scores are missing on all sequences.

DiscRep_ALL:ONCALLER_COMMENT_PRESENT::3 comment descriptors were found (all same)
P003_WD05/P003_WD05:k141_50541:Annotated using prokka 1.14.5 from https://github.com/tseemann/prokka
P003_WD05/P003_WD05:k141_29770:Annotated using prokka 1.14.5 from https://github.com/tseemann/prokka
P003_WD05/P003_WD05:k141_95306:Annotated using prokka 1.14.5 from https://github.com/tseemann/prokka

DiscRep_ALL:SHORT_PROT_SEQUENCES::10 protein sequences are shorter than 50 aa.
P003_WD05/P003_WD05:k141_50541_13 (length 47)
P003_WD05/P003_WD05:k141_29770_14 (length 42)
P003_WD05/P003_WD05:k141_29770_23 (length 44)
P003_WD05/P003_WD05:k141_29770_25 (length 39)
P003_WD05/P003_WD05:k141_29770_30 (length 36)
P003_WD05/P003_WD05:k141_29770_33 (length 42)
P003_WD05/P003_WD05:k141_29770_53 (length 29)
P003_WD05/P003_WD05:k141_29770_66 (length 41)
P003_WD05/P003_WD05:k141_95306_2 (length 38)
P003_WD05/P003_WD05:k141_95306_12 (length 34)

DiscRep_ALL:MISSING_GENOMEASSEMBLY_COMMENTS::3 bioseqs are missing GenomeAssembly structured comments
P003_WD05/P003_WD05:k141_50541 (length 19105)
P003_WD05/P003_WD05:k141_29770 (length 83889)
P003_WD05/P003_WD05:k141_95306 (length 25691)

DiscRep_ALL:MOLTYPE_NOT_MRNA::3 molecule types are not set as mRNA.
P003_WD05/P003_WD05:k141_50541 (length 19105)
P003_WD05/P003_WD05:k141_29770 (length 83889)
P003_WD05/P003_WD05:k141_95306 (length 25691)

DiscRep_ALL:TECHNIQUE_NOT_TSA::3 technique are not set as TSA
P003_WD05/P003_WD05:k141_50541 (length 19105)
P003_WD05/P003_WD05:k141_29770 (length 83889)
P003_WD05/P003_WD05:k141_95306 (length 25691)

DiscRep_ALL:MISSING_STRUCTURED_COMMENT::3 sequences do not include structured comments.
P003_WD05/P003_WD05:k141_50541 (length 19105)
P003_WD05/P003_WD05:k141_29770 (length 83889)
P003_WD05/P003_WD05:k141_95306 (length 25691)

DiscRep_ALL:MISSING_PROJECT::103 sequences do not include project.
P003_WD05/P003_WD05:k141_50541 (length 19105)
P003_WD05/P003_WD05:k141_50541_1 (length 207)
P003_WD05/P003_WD05:k141_50541_2 (length 1270)
P003_WD05/P003_WD05:k141_50541_3 (length 411)
P003_WD05/P003_WD05:k141_50541_4 (length 198)
P003_WD05/P003_WD05:k141_50541_5 (length 72)
P003_WD05/P003_WD05:k141_50541_6 (length 61)
P003_WD05/P003_WD05:k141_50541_7 (length 180)
P003_WD05/P003_WD05:k141_50541_8 (length 176)
P003_WD05/P003_WD05:k141_50541_9 (length 101)
P003_WD05/P003_WD05:k141_50541_10 (length 90)
P003_WD05/P003_WD05:k141_50541_11 (length 488)
P003_WD05/P003_WD05:k141_50541_12 (length 322)
P003_WD05/P003_WD05:k141_50541_13 (length 47)
P003_WD05/P003_WD05:k141_50541_14 (length 62)
P003_WD05/P003_WD05:k141_50541_15 (length 739)
P003_WD05/P003_WD05:k141_50541_16 (length 113)
P003_WD05/P003_WD05:k141_50541_17 (length 123)
P003_WD05/P003_WD05:k141_29770 (length 83889)
P003_WD05/P003_WD05:k141_29770_1 (length 92)
P003_WD05/P003_WD05:k141_29770_2 (length 179)
P003_WD05/P003_WD05:k141_29770_3 (length 218)
P003_WD05/P003_WD05:k141_29770_4 (length 64)
P003_WD05/P003_WD05:k141_29770_5 (length 82)
P003_WD05/P003_WD05:k141_29770_6 (length 122)
P003_WD05/P003_WD05:k141_29770_7 (length 132)
P003_WD05/P003_WD05:k141_29770_8 (length 95)
P003_WD05/P003_WD05:k141_29770_9 (length 138)
P003_WD05/P003_WD05:k141_29770_10 (length 344)
P003_WD05/P003_WD05:k141_29770_11 (length 174)
P003_WD05/P003_WD05:k141_29770_12 (length 162)
P003_WD05/P003_WD05:k141_29770_13 (length 73)
P003_WD05/P003_WD05:k141_29770_14 (length 42)
P003_WD05/P003_WD05:k141_29770_15 (length 506)
P003_WD05/P003_WD05:k141_29770_16 (length 54)
P003_WD05/P003_WD05:k141_29770_17 (length 98)
P003_WD05/P003_WD05:k141_29770_18 (length 125)
P003_WD05/P003_WD05:k141_29770_19 (length 79)
P003_WD05/P003_WD05:k141_29770_20 (length 81)
P003_WD05/P003_WD05:k141_29770_21 (length 117)
P003_WD05/P003_WD05:k141_29770_22 (length 95)
P003_WD05/P003_WD05:k141_29770_23 (length 44)
P003_WD05/P003_WD05:k141_29770_24 (length 83)
P003_WD05/P003_WD05:k141_29770_25 (length 39)
P003_WD05/P003_WD05:k141_29770_26 (length 320)
P003_WD05/P003_WD05:k141_29770_27 (length 239)
P003_WD05/P003_WD05:k141_29770_28 (length 89)
P003_WD05/P003_WD05:k141_29770_29 (length 184)
P003_WD05/P003_WD05:k141_29770_30 (length 36)
P003_WD05/P003_WD05:k141_29770_31 (length 55)
P003_WD05/P003_WD05:k141_29770_32 (length 482)
P003_WD05/P003_WD05:k141_29770_33 (length 42)
P003_WD05/P003_WD05:k141_29770_34 (length 482)
P003_WD05/P003_WD05:k141_29770_35 (length 543)
P003_WD05/P003_WD05:k141_29770_36 (length 133)
P003_WD05/P003_WD05:k141_29770_37 (length 120)
P003_WD05/P003_WD05:k141_29770_38 (length 250)
P003_WD05/P003_WD05:k141_29770_39 (length 158)
P003_WD05/P003_WD05:k141_29770_40 (length 83)
P003_WD05/P003_WD05:k141_29770_41 (length 91)
P003_WD05/P003_WD05:k141_29770_42 (length 201)
P003_WD05/P003_WD05:k141_29770_43 (length 82)
P003_WD05/P003_WD05:k141_29770_44 (length 750)
P003_WD05/P003_WD05:k141_29770_45 (length 734)
P003_WD05/P003_WD05:k141_29770_46 (length 100)
P003_WD05/P003_WD05:k141_29770_47 (length 82)
P003_WD05/P003_WD05:k141_29770_48 (length 138)
P003_WD05/P003_WD05:k141_29770_49 (length 461)
P003_WD05/P003_WD05:k141_29770_50 (length 353)
P003_WD05/P003_WD05:k141_29770_51 (length 79)
P003_WD05/P003_WD05:k141_29770_52 (length 53)
P003_WD05/P003_WD05:k141_29770_53 (length 29)
P003_WD05/P003_WD05:k141_29770_54 (length 1070)
P003_WD05/P003_WD05:k141_29770_55 (length 152)
P003_WD05/P003_WD05:k141_29770_56 (length 475)
P003_WD05/P003_WD05:k141_29770_57 (length 1385)
P003_WD05/P003_WD05:k141_29770_58 (length 236)
P003_WD05/P003_WD05:k141_29770_59 (length 247)
P003_WD05/P003_WD05:k141_29770_60 (length 81)
P003_WD05/P003_WD05:k141_29770_61 (length 124)
P003_WD05/P003_WD05:k141_29770_62 (length 56)
P003_WD05/P003_WD05:k141_29770_63 (length 60)
P003_WD05/P003_WD05:k141_29770_64 (length 124)
P003_WD05/P003_WD05:k141_29770_65 (length 507)
P003_WD05/P003_WD05:k141_29770_66 (length 41)
P003_WD05/P003_WD05:k141_29770_67 (length 52)
P003_WD05/P003_WD05:k141_29770_68 (length 61)
P003_WD05/P003_WD05:k141_29770_69 (length 90)
P003_WD05/P003_WD05:k141_29770_70 (length 508)
P003_WD05/P003_WD05:k141_29770_71 (length 353)
P003_WD05/P003_WD05:k141_95306 (length 25691)
P003_WD05/P003_WD05:k141_95306_1 (length 165)
P003_WD05/P003_WD05:k141_95306_2 (length 38)
P003_WD05/P003_WD05:k141_95306_3 (length 112)
P003_WD05/P003_WD05:k141_95306_4 (length 92)
P003_WD05/P003_WD05:k141_95306_5 (length 2284)
P003_WD05/P003_WD05:k141_95306_6 (length 94)
P003_WD05/P003_WD05:k141_95306_7 (length 260)
P003_WD05/P003_WD05:k141_95306_8 (length 264)
P003_WD05/P003_WD05:k141_95306_9 (length 155)
P003_WD05/P003_WD05:k141_95306_10 (length 212)
P003_WD05/P003_WD05:k141_95306_11 (length 88)
P003_WD05/P003_WD05:k141_95306_12 (length 34)

DiscRep_ALL:DISC_INCONSISTENT_MOLINFO_TECH::Molinfo Technique Report (some missing, all same)
DiscRep_SUB:DISC_INCONSISTENT_MOLINFO_TECH::technique (all missing)
DiscRep_SUB:DISC_INCONSISTENT_MOLINFO_TECH::3 Molinfos are missing field technique
P003_WD05/P003_WD05:k141_29770 (length 83889)
P003_WD05/P003_WD05:k141_50541 (length 19105)
P003_WD05/P003_WD05:k141_95306 (length 25691)

