Discrepancy Report Results

Summary
FATAL: MISSING_PROTEIN_ID:123 proteins have invalid IDs.
DISC_SOURCE_QUALS_ASNDISC:strain (all present, all same)
DISC_SOURCE_QUALS_ASNDISC:taxname (all present, all same)
DISC_FEATURE_COUNT:CDS: 123 present
DISC_FEATURE_COUNT:tRNA: 29 present
DISC_FEATURE_COUNT:rRNA: 3 present
DISC_COUNT_NUCLEOTIDES:19 nucleotide Bioseqs are present
FEATURE_LOCATION_CONFLICT:155 features have inconsistent gene locations.
SUSPECT_PRODUCT_NAMES:2 product_names contain suspect phrase or characters
	May contain database identifier more appropriate in note; remove from product name
		2 features contains three or more numbers together that may be identifiers more appropriate in note
NO_ANNOTATION:1 bioseqs have no features
DISC_QUALITY_SCORES:Quality scores are missing on all sequences.
FATAL: DISC_SUSPECT_RRNA_PRODUCTS:1 rRNA product names contain suspect phrase
FATAL: DISC_SHORT_RRNA:1 rRNA features are too short
ONCALLER_COMMENT_PRESENT:19 comment descriptors were found (all same)
SHORT_PROT_SEQUENCES:4 protein sequences are shorter than 50 aa.
MISSING_GENOMEASSEMBLY_COMMENTS:19 bioseqs are missing GenomeAssembly structured comments
MOLTYPE_NOT_MRNA:19 molecule types are not set as mRNA.
TECHNIQUE_NOT_TSA:19 technique are not set as TSA
MISSING_STRUCTURED_COMMENT:19 sequences do not include structured comments.
MISSING_PROJECT:142 sequences do not include project.
FATAL: RRNA_NAME_CONFLICTS:1 rRNA product names are not standard. Correct the names to the standard format, eg "16S ribosomal RNA"
DISC_INCONSISTENT_MOLINFO_TECH:Molinfo Technique Report (some missing, all same)


Detailed Report

FATAL: DiscRep_ALL:MISSING_PROTEIN_ID::123 proteins have invalid IDs.
P001_WF12/P001_WF12:k141_371_1 (length 302)
P001_WF12/P001_WF12:k141_371_2 (length 127)
P001_WF12/P001_WF12:k141_371_3 (length 137)
P001_WF12/P001_WF12:k141_371_4 (length 128)
P001_WF12/P001_WF12:k141_371_5 (length 60)
P001_WF12/P001_WF12:k141_371_6 (length 58)
P001_WF12/P001_WF12:k141_371_7 (length 189)
P001_WF12/P001_WF12:k141_371_8 (length 39)
P001_WF12/P001_WF12:k141_371_9 (length 320)
P001_WF12/P001_WF12:k141_371_10 (length 235)
P001_WF12/P001_WF12:k141_371_11 (length 184)
P001_WF12/P001_WF12:k141_371_12 (length 67)
P001_WF12/P001_WF12:k141_371_13 (length 1063)
P001_WF12/P001_WF12:k141_371_14 (length 139)
P001_WF12/P001_WF12:k141_371_15 (length 475)
P001_WF12/P001_WF12:k141_371_16 (length 95)
P001_WF12/P001_WF12:k141_371_17 (length 498)
P001_WF12/P001_WF12:k141_371_18 (length 132)
P001_WF12/P001_WF12:k141_371_19 (length 65)
P001_WF12/P001_WF12:k141_101790_1 (length 58)
P001_WF12/P001_WF12:k141_101790_2 (length 68)
P001_WF12/P001_WF12:k141_18141_1 (length 1120)
P001_WF12/P001_WF12:k141_18141_2 (length 145)
P001_WF12/P001_WF12:k141_18141_3 (length 500)
P001_WF12/P001_WF12:k141_18141_4 (length 1556)
P001_WF12/P001_WF12:k141_18141_5 (length 241)
P001_WF12/P001_WF12:k141_18141_6 (length 248)
P001_WF12/P001_WF12:k141_18141_7 (length 135)
P001_WF12/P001_WF12:k141_18141_8 (length 59)
P001_WF12/P001_WF12:k141_18141_9 (length 133)
P001_WF12/P001_WF12:k141_18141_10 (length 185)
P001_WF12/P001_WF12:k141_18141_11 (length 95)
P001_WF12/P001_WF12:k141_18141_12 (length 138)
P001_WF12/P001_WF12:k141_18141_13 (length 219)
P001_WF12/P001_WF12:k141_18141_14 (length 175)
P001_WF12/P001_WF12:k141_18141_15 (length 69)
P001_WF12/P001_WF12:k141_18141_16 (length 87)
P001_WF12/P001_WF12:k141_18141_17 (length 102)
P001_WF12/P001_WF12:k141_95948_1 (length 100)
P001_WF12/P001_WF12:k141_95948_2 (length 81)
P001_WF12/P001_WF12:k141_95948_3 (length 56)
P001_WF12/P001_WF12:k141_95948_4 (length 124)
P001_WF12/P001_WF12:k141_95948_5 (length 510)
P001_WF12/P001_WF12:k141_95948_6 (length 88)
P001_WF12/P001_WF12:k141_95948_7 (length 87)
P001_WF12/P001_WF12:k141_95948_8 (length 61)
P001_WF12/P001_WF12:k141_18195_1 (length 124)
P001_WF12/P001_WF12:k141_18195_2 (length 90)
P001_WF12/P001_WF12:k141_18195_3 (length 83)
P001_WF12/P001_WF12:k141_66382_1 (length 353)
P001_WF12/P001_WF12:k141_66382_2 (length 69)
P001_WF12/P001_WF12:k141_66382_3 (length 734)
P001_WF12/P001_WF12:k141_66382_4 (length 765)
P001_WF12/P001_WF12:k141_66382_5 (length 70)
P001_WF12/P001_WF12:k141_66382_6 (length 56)
P001_WF12/P001_WF12:k141_66382_7 (length 73)
P001_WF12/P001_WF12:k141_66382_8 (length 82)
P001_WF12/P001_WF12:k141_66382_9 (length 72)
P001_WF12/P001_WF12:k141_66382_10 (length 73)
P001_WF12/P001_WF12:k141_66382_11 (length 211)
P001_WF12/P001_WF12:k141_66382_12 (length 130)
P001_WF12/P001_WF12:k141_66382_13 (length 41)
P001_WF12/P001_WF12:k141_66382_14 (length 84)
P001_WF12/P001_WF12:k141_66382_15 (length 158)
P001_WF12/P001_WF12:k141_66382_16 (length 225)
P001_WF12/P001_WF12:k141_66382_17 (length 145)
P001_WF12/P001_WF12:k141_6950_1 (length 34)
P001_WF12/P001_WF12:k141_6950_2 (length 29)
P001_WF12/P001_WF12:k141_6950_3 (length 67)
P001_WF12/P001_WF12:k141_7110_1 (length 744)
P001_WF12/P001_WF12:k141_7110_2 (length 101)
P001_WF12/P001_WF12:k141_7110_3 (length 165)
P001_WF12/P001_WF12:k141_7110_4 (length 90)
P001_WF12/P001_WF12:k141_7110_5 (length 393)
P001_WF12/P001_WF12:k141_7110_6 (length 188)
P001_WF12/P001_WF12:k141_7110_7 (length 156)
P001_WF12/P001_WF12:k141_7110_8 (length 170)
P001_WF12/P001_WF12:k141_7110_9 (length 176)
P001_WF12/P001_WF12:k141_7110_10 (length 100)
P001_WF12/P001_WF12:k141_7110_11 (length 81)
P001_WF12/P001_WF12:k141_7110_12 (length 515)
P001_WF12/P001_WF12:k141_7110_13 (length 319)
P001_WF12/P001_WF12:k141_7110_14 (length 69)
P001_WF12/P001_WF12:k141_7110_15 (length 120)
P001_WF12/P001_WF12:k141_7110_16 (length 56)
P001_WF12/P001_WF12:k141_7110_17 (length 81)
P001_WF12/P001_WF12:k141_7110_18 (length 71)
P001_WF12/P001_WF12:k141_7110_19 (length 77)
P001_WF12/P001_WF12:k141_7110_20 (length 106)
P001_WF12/P001_WF12:k141_7110_21 (length 117)
P001_WF12/P001_WF12:k141_7110_22 (length 155)
P001_WF12/P001_WF12:k141_7110_23 (length 313)
P001_WF12/P001_WF12:k141_7110_24 (length 122)
P001_WF12/P001_WF12:k141_7110_25 (length 83)
P001_WF12/P001_WF12:k141_7110_26 (length 260)
P001_WF12/P001_WF12:k141_7110_27 (length 246)
P001_WF12/P001_WF12:k141_7110_28 (length 156)
P001_WF12/P001_WF12:k141_7110_29 (length 82)
P001_WF12/P001_WF12:k141_7110_30 (length 99)
P001_WF12/P001_WF12:k141_7110_31 (length 508)
P001_WF12/P001_WF12:k141_7110_32 (length 73)
P001_WF12/P001_WF12:k141_7110_33 (length 59)
P001_WF12/P001_WF12:k141_7110_34 (length 162)
P001_WF12/P001_WF12:k141_7110_35 (length 174)
P001_WF12/P001_WF12:k141_7110_36 (length 340)
P001_WF12/P001_WF12:k141_7110_37 (length 141)
P001_WF12/P001_WF12:k141_79172_1 (length 84)
P001_WF12/P001_WF12:k141_79172_2 (length 141)
P001_WF12/P001_WF12:k141_79172_3 (length 116)
P001_WF12/P001_WF12:k141_26512_1 (length 112)
P001_WF12/P001_WF12:k141_26512_2 (length 93)
P001_WF12/P001_WF12:k141_26512_3 (length 90)
P001_WF12/P001_WF12:k141_45032_1 (length 62)
P001_WF12/P001_WF12:k141_45032_2 (length 473)
P001_WF12/P001_WF12:k141_92804_1 (length 113)
P001_WF12/P001_WF12:k141_92804_2 (length 132)
P001_WF12/P001_WF12:k141_65298_1 (length 58)
P001_WF12/P001_WF12:k141_94542_1 (length 353)
P001_WF12/P001_WF12:k141_94542_2 (length 505)
P001_WF12/P001_WF12:k141_94542_3 (length 134)
P001_WF12/P001_WF12:k141_5847_1 (length 60)
P001_WF12/P001_WF12:k141_101083_1 (length 184)
P001_WF12/P001_WF12:k141_119173_1 (length 173)

DiscRep_ALL:DISC_SOURCE_QUALS_ASNDISC::strain (all present, all same)
DiscRep_SUB:DISC_SOURCE_QUALS_ASNDISC::19 sources have 'strain' for strain
DiscRep_ALL:DISC_SOURCE_QUALS_ASNDISC::taxname (all present, all same)
DiscRep_SUB:DISC_SOURCE_QUALS_ASNDISC::19 sources have 'Genus species' for taxname
DiscRep_ALL:DISC_FEATURE_COUNT::CDS: 123 present
DiscRep_ALL:DISC_FEATURE_COUNT::tRNA: 29 present
DiscRep_ALL:DISC_FEATURE_COUNT::rRNA: 3 present
DiscRep_ALL:DISC_COUNT_NUCLEOTIDES::19 nucleotide Bioseqs are present
P001_WF12/P001_WF12:k141_371 (length 21991)
P001_WF12/P001_WF12:k141_101790 (length 1085)
P001_WF12/P001_WF12:k141_18141 (length 21079)
P001_WF12/P001_WF12:k141_95948 (length 7667)
P001_WF12/P001_WF12:k141_18195 (length 1451)
P001_WF12/P001_WF12:k141_66382 (length 17724)
P001_WF12/P001_WF12:k141_6950 (length 4984)
P001_WF12/P001_WF12:k141_7110 (length 39946)
P001_WF12/P001_WF12:k141_79172 (length 3926)
P001_WF12/P001_WF12:k141_50292 (length 1115)
P001_WF12/P001_WF12:k141_26512 (length 2337)
P001_WF12/P001_WF12:k141_45032 (length 3309)
P001_WF12/P001_WF12:k141_92804 (length 1194)
P001_WF12/P001_WF12:k141_40474 (length 1294)
P001_WF12/P001_WF12:k141_65298 (length 1283)
P001_WF12/P001_WF12:k141_94542 (length 4513)
P001_WF12/P001_WF12:k141_5847 (length 1022)
P001_WF12/P001_WF12:k141_101083 (length 1042)
P001_WF12/P001_WF12:k141_119173 (length 1163)

DiscRep_ALL:FEATURE_LOCATION_CONFLICT::155 features have inconsistent gene locations.
DiscRep_SUB:FEATURE_LOCATION_CONFLICT::Coding region xref gene does not exist
P001_WF12/P001_WF12:CDS	ATP-dependent Clp protease proteolytic subunit	k141_371:410-1318	P001_WF12_00002

DiscRep_SUB:FEATURE_LOCATION_CONFLICT::Coding region xref gene does not exist
P001_WF12/P001_WF12:CDS	hypothetical protein	k141_371:2443-2826	P001_WF12_00003

DiscRep_SUB:FEATURE_LOCATION_CONFLICT::Coding region xref gene does not exist
P001_WF12/P001_WF12:CDS	hypothetical protein	k141_371:c3511-3098	P001_WF12_00004

DiscRep_SUB:FEATURE_LOCATION_CONFLICT::Coding region xref gene does not exist
P001_WF12/P001_WF12:CDS	hypothetical protein	k141_371:c4143-3757	P001_WF12_00005

DiscRep_SUB:FEATURE_LOCATION_CONFLICT::Coding region xref gene does not exist
P001_WF12/P001_WF12:CDS	Photosystem I reaction center subunit IX	k141_371:c4661-4479	P001_WF12_00006

DiscRep_SUB:FEATURE_LOCATION_CONFLICT::Coding region xref gene does not exist
P001_WF12/P001_WF12:CDS	Cytochrome b6-f complex subunit 5	k141_371:c5779-5603	P001_WF12_00009

DiscRep_SUB:FEATURE_LOCATION_CONFLICT::Coding region xref gene does not exist
P001_WF12/P001_WF12:CDS	Cytochrome b559 subunit alpha	k141_371:6561-7130	P001_WF12_00010

DiscRep_SUB:FEATURE_LOCATION_CONFLICT::Coding region xref gene does not exist
P001_WF12/P001_WF12:CDS	photosystem II cytochrome b559 beta subunit	k141_371:7144-7263	P001_WF12_00011

DiscRep_SUB:FEATURE_LOCATION_CONFLICT::Coding region xref gene does not exist
P001_WF12/P001_WF12:CDS	cytochrome f	k141_371:c9844-8882	P001_WF12_00012

DiscRep_SUB:FEATURE_LOCATION_CONFLICT::Coding region xref gene does not exist
P001_WF12/P001_WF12:CDS	envelope membrane protein	k141_371:c10765-10058	P001_WF12_00013

DiscRep_SUB:FEATURE_LOCATION_CONFLICT::Coding region xref gene does not exist
P001_WF12/P001_WF12:CDS	photosystem I assembly protein Ycf4	k141_371:c11871-11317	P001_WF12_00014

DiscRep_SUB:FEATURE_LOCATION_CONFLICT::Coding region xref gene does not exist
P001_WF12/P001_WF12:CDS	hypothetical protein	k141_371:12431-12634	P001_WF12_00015

DiscRep_SUB:FEATURE_LOCATION_CONFLICT::Coding region xref gene does not exist
P001_WF12/P001_WF12:CDS	Acetyl-coenzyme A carboxylase carboxyl transferase subunit beta, chloroplastic	k141_371:c15988-12797	P001_WF12_00016

DiscRep_SUB:FEATURE_LOCATION_CONFLICT::Coding region xref gene does not exist
P001_WF12/P001_WF12:CDS	hypothetical protein	k141_371:c16602-16183	P001_WF12_00017

DiscRep_SUB:FEATURE_LOCATION_CONFLICT::Coding region xref gene does not exist
P001_WF12/P001_WF12:CDS	ribulose-1,5-bisphosphate carboxylase/oxygenase large subunit	k141_371:c18237-16810	P001_WF12_00018

DiscRep_SUB:FEATURE_LOCATION_CONFLICT::Coding region xref gene does not exist
P001_WF12/P001_WF12:CDS	hypothetical protein	k141_371:18593-18880	P001_WF12_00019

DiscRep_SUB:FEATURE_LOCATION_CONFLICT::Coding region xref gene does not exist
P001_WF12/P001_WF12:CDS	ATP synthase CF1 beta subunit	k141_371:19069-20565	P001_WF12_00020

DiscRep_SUB:FEATURE_LOCATION_CONFLICT::Coding region xref gene does not exist
P001_WF12/P001_WF12:CDS	ATP synthase CF1 epsilon subunit	k141_371:20562-20960	P001_WF12_00021

DiscRep_SUB:FEATURE_LOCATION_CONFLICT::Coding region xref gene does not exist
P001_WF12/P001_WF12:CDS	hypothetical protein	k141_371:21719-21916	P001_WF12_00023

DiscRep_SUB:FEATURE_LOCATION_CONFLICT::RNA feature xref gene does not exist
P001_WF12/P001_WF12:tRNA	Met	k141_371:c82-8	P001_WF12_00001

DiscRep_SUB:FEATURE_LOCATION_CONFLICT::RNA feature xref gene does not exist
P001_WF12/P001_WF12:tRNA	Pro	k141_371:5171-5244	P001_WF12_00007

DiscRep_SUB:FEATURE_LOCATION_CONFLICT::RNA feature xref gene does not exist
P001_WF12/P001_WF12:tRNA	Trp	k141_371:5419-5492	P001_WF12_00008

DiscRep_SUB:FEATURE_LOCATION_CONFLICT::RNA feature xref gene does not exist
P001_WF12/P001_WF12:tRNA	Met	k141_371:c21318-21246	P001_WF12_00022

DiscRep_SUB:FEATURE_LOCATION_CONFLICT::Coding region xref gene does not exist
P001_WF12/P001_WF12:CDS	hypothetical protein	k141_101790:c259-83	P001_WF12_00024

DiscRep_SUB:FEATURE_LOCATION_CONFLICT::Coding region xref gene does not exist
P001_WF12/P001_WF12:CDS	hypothetical protein	k141_101790:341-547	P001_WF12_00025

DiscRep_SUB:FEATURE_LOCATION_CONFLICT::RNA feature xref gene does not exist
P001_WF12/P001_WF12:tRNA	Val	k141_101790:811-882	P001_WF12_00026

DiscRep_SUB:FEATURE_LOCATION_CONFLICT::Coding region xref gene does not exist
P001_WF12/P001_WF12:CDS	RNA polymerase beta subunit	k141_18141:307-3669	P001_WF12_00027

DiscRep_SUB:FEATURE_LOCATION_CONFLICT::Coding region xref gene does not exist
P001_WF12/P001_WF12:CDS	RNA polymerase beta' subunit	k141_18141:3707-4144	P001_WF12_00028

DiscRep_SUB:FEATURE_LOCATION_CONFLICT::Coding region xref gene does not exist
P001_WF12/P001_WF12:CDS	RNA polymerase beta' subunit	k141_18141:5031-6533	P001_WF12_00029

DiscRep_SUB:FEATURE_LOCATION_CONFLICT::Coding region xref gene does not exist
P001_WF12/P001_WF12:CDS	DNA-directed RNA polymerase subunit beta'	k141_18141:6696-11366	P001_WF12_00030

DiscRep_SUB:FEATURE_LOCATION_CONFLICT::Coding region xref gene does not exist
P001_WF12/P001_WF12:CDS	ribosomal protein S2	k141_18141:11607-12332	P001_WF12_00031

DiscRep_SUB:FEATURE_LOCATION_CONFLICT::Coding region xref gene does not exist
P001_WF12/P001_WF12:CDS	ATP synthase CF0 subunit IV	k141_18141:12562-13308	P001_WF12_00032

DiscRep_SUB:FEATURE_LOCATION_CONFLICT::Coding region xref gene does not exist
P001_WF12/P001_WF12:CDS	hypothetical protein	k141_18141:13614-14021	P001_WF12_00033

DiscRep_SUB:FEATURE_LOCATION_CONFLICT::Coding region xref gene does not exist
P001_WF12/P001_WF12:CDS	hypothetical protein	k141_18141:14077-14256	P001_WF12_00034

DiscRep_SUB:FEATURE_LOCATION_CONFLICT::Coding region xref gene does not exist
P001_WF12/P001_WF12:CDS	ribosomal protein L2	k141_18141:14335-14736	P001_WF12_00035

DiscRep_SUB:FEATURE_LOCATION_CONFLICT::Coding region xref gene does not exist
P001_WF12/P001_WF12:CDS	hypothetical protein	k141_18141:15291-15848	P001_WF12_00036

DiscRep_SUB:FEATURE_LOCATION_CONFLICT::Coding region xref gene does not exist
P001_WF12/P001_WF12:CDS	ribosomal protein S19	k141_18141:15984-16271	P001_WF12_00037

DiscRep_SUB:FEATURE_LOCATION_CONFLICT::Coding region xref gene does not exist
P001_WF12/P001_WF12:CDS	ribosomal protein L22	k141_18141:16332-16748	P001_WF12_00038

DiscRep_SUB:FEATURE_LOCATION_CONFLICT::Coding region xref gene does not exist
P001_WF12/P001_WF12:CDS	ribosomal protein S3	k141_18141:16840-17499	P001_WF12_00039

DiscRep_SUB:FEATURE_LOCATION_CONFLICT::Coding region xref gene does not exist
P001_WF12/P001_WF12:CDS	hypothetical protein	k141_18141:17681-18208	P001_WF12_00040

DiscRep_SUB:FEATURE_LOCATION_CONFLICT::Coding region xref gene does not exist
P001_WF12/P001_WF12:CDS	hypothetical protein	k141_18141:18534-18743	P001_WF12_00041

DiscRep_SUB:FEATURE_LOCATION_CONFLICT::Coding region xref gene does not exist
P001_WF12/P001_WF12:CDS	hypothetical protein	k141_18141:18944-19207	P001_WF12_00042

DiscRep_SUB:FEATURE_LOCATION_CONFLICT::Coding region xref gene does not exist
P001_WF12/P001_WF12:CDS	hypothetical protein	k141_18141:c21059-20751	P001_WF12_00045

DiscRep_SUB:FEATURE_LOCATION_CONFLICT::RNA feature xref gene does not exist
P001_WF12/P001_WF12:tRNA	Gln	k141_18141:20272-20342	P001_WF12_00043

DiscRep_SUB:FEATURE_LOCATION_CONFLICT::RNA feature xref gene does not exist
P001_WF12/P001_WF12:tRNA	Val	k141_18141:20525-20596	P001_WF12_00044

DiscRep_SUB:FEATURE_LOCATION_CONFLICT::Coding region xref gene does not exist
P001_WF12/P001_WF12:CDS	hypothetical protein	k141_95948:315-617	P001_WF12_00047

DiscRep_SUB:FEATURE_LOCATION_CONFLICT::Coding region xref gene does not exist
P001_WF12/P001_WF12:CDS	ATP synthase CF0 subunit III	k141_95948:655-900	P001_WF12_00048

DiscRep_SUB:FEATURE_LOCATION_CONFLICT::Coding region xref gene does not exist
P001_WF12/P001_WF12:CDS	ATP synthase CF0 subunit I	k141_95948:1435-1605	P001_WF12_00049

DiscRep_SUB:FEATURE_LOCATION_CONFLICT::Coding region xref gene does not exist
P001_WF12/P001_WF12:CDS	ATP synthase CF0 subunit I	k141_95948:2356-2730	P001_WF12_00050

DiscRep_SUB:FEATURE_LOCATION_CONFLICT::Coding region xref gene does not exist
P001_WF12/P001_WF12:CDS	ATP synthase CF1 alpha subunit	k141_95948:2791-4323	P001_WF12_00051

DiscRep_SUB:FEATURE_LOCATION_CONFLICT::Coding region xref gene does not exist
P001_WF12/P001_WF12:CDS	hypothetical protein	k141_95948:c6401-6135	P001_WF12_00053

DiscRep_SUB:FEATURE_LOCATION_CONFLICT::Coding region xref gene does not exist
P001_WF12/P001_WF12:CDS	hypothetical protein	k141_95948:c7228-6965	P001_WF12_00055

DiscRep_SUB:FEATURE_LOCATION_CONFLICT::Coding region xref gene does not exist
P001_WF12/P001_WF12:CDS	photosystem II protein K	k141_95948:c7528-7343	P001_WF12_00056

DiscRep_SUB:FEATURE_LOCATION_CONFLICT::RNA feature xref gene does not exist
P001_WF12/P001_WF12:tRNA	Met	k141_95948:60-134	P001_WF12_00046

DiscRep_SUB:FEATURE_LOCATION_CONFLICT::RNA feature xref gene does not exist
P001_WF12/P001_WF12:tRNA	Arg	k141_95948:c4764-4693	P001_WF12_00052

DiscRep_SUB:FEATURE_LOCATION_CONFLICT::RNA feature xref gene does not exist
P001_WF12/P001_WF12:tRNA	Ser	k141_95948:6587-6676	P001_WF12_00054

DiscRep_SUB:FEATURE_LOCATION_CONFLICT::Coding region xref gene does not exist
P001_WF12/P001_WF12:CDS	hypothetical protein	k141_18195:21-395	P001_WF12_00057

DiscRep_SUB:FEATURE_LOCATION_CONFLICT::Coding region xref gene does not exist
P001_WF12/P001_WF12:CDS	hypothetical protein	k141_18195:c1004-732	P001_WF12_00058

DiscRep_SUB:FEATURE_LOCATION_CONFLICT::Coding region xref gene does not exist
P001_WF12/P001_WF12:CDS	hypothetical protein	k141_18195:1032-1283	P001_WF12_00059

DiscRep_SUB:FEATURE_LOCATION_CONFLICT::RNA feature xref gene does not exist
P001_WF12/P001_WF12:tRNA	Gln	k141_18195:c1451-1380	P001_WF12_00060

DiscRep_SUB:FEATURE_LOCATION_CONFLICT::Coding region xref gene does not exist
P001_WF12/P001_WF12:CDS	photosystem II protein D2	k141_66382:c1113-52	P001_WF12_00061

DiscRep_SUB:FEATURE_LOCATION_CONFLICT::Coding region xref gene does not exist
P001_WF12/P001_WF12:CDS	hypothetical protein	k141_66382:c2902-2693	P001_WF12_00064

DiscRep_SUB:FEATURE_LOCATION_CONFLICT::Coding region xref gene does not exist
P001_WF12/P001_WF12:CDS	photosystem I P700 apoprotein A2	k141_66382:c5371-3167	P001_WF12_00065

DiscRep_SUB:FEATURE_LOCATION_CONFLICT::Coding region xref gene does not exist
P001_WF12/P001_WF12:CDS	photosystem I P700 apoprotein A1	k141_66382:c7694-5397	P001_WF12_00066

DiscRep_SUB:FEATURE_LOCATION_CONFLICT::Coding region xref gene does not exist
P001_WF12/P001_WF12:CDS	hypothetical protein	k141_66382:7898-8110	P001_WF12_00067

DiscRep_SUB:FEATURE_LOCATION_CONFLICT::Coding region xref gene does not exist
P001_WF12/P001_WF12:CDS	hypothetical protein	k141_66382:8820-8990	P001_WF12_00068

DiscRep_SUB:FEATURE_LOCATION_CONFLICT::Coding region xref gene does not exist
P001_WF12/P001_WF12:CDS	hypothetical protein	k141_66382:8987-9208	P001_WF12_00069

DiscRep_SUB:FEATURE_LOCATION_CONFLICT::Coding region xref gene does not exist
P001_WF12/P001_WF12:CDS	putative chloroplast RF34	k141_66382:c9716-9468	P001_WF12_00070

DiscRep_SUB:FEATURE_LOCATION_CONFLICT::Coding region xref gene does not exist
P001_WF12/P001_WF12:CDS	hypothetical protein	k141_66382:c10248-10030	P001_WF12_00071

DiscRep_SUB:FEATURE_LOCATION_CONFLICT::Coding region xref gene does not exist
P001_WF12/P001_WF12:CDS	hypothetical protein	k141_66382:10541-10762	P001_WF12_00072

DiscRep_SUB:FEATURE_LOCATION_CONFLICT::Coding region xref gene does not exist
P001_WF12/P001_WF12:CDS	ribosomal protein S4	k141_66382:c12492-11857	P001_WF12_00074

DiscRep_SUB:FEATURE_LOCATION_CONFLICT::Coding region xref gene does not exist
P001_WF12/P001_WF12:CDS	hypothetical protein	k141_66382:c14178-13786	P001_WF12_00076

DiscRep_SUB:FEATURE_LOCATION_CONFLICT::Coding region xref gene does not exist
P001_WF12/P001_WF12:CDS	hypothetical protein	k141_66382:14180-14305	P001_WF12_00077

DiscRep_SUB:FEATURE_LOCATION_CONFLICT::Coding region xref gene does not exist
P001_WF12/P001_WF12:CDS	hypothetical protein	k141_66382:14766-15020	P001_WF12_00078

DiscRep_SUB:FEATURE_LOCATION_CONFLICT::Coding region xref gene does not exist
P001_WF12/P001_WF12:CDS	NADH-plastoquinone oxidoreductase subunit J	k141_66382:c16196-15720	P001_WF12_00080

DiscRep_SUB:FEATURE_LOCATION_CONFLICT::Coding region xref gene does not exist
P001_WF12/P001_WF12:CDS	NADH-plastoquinone oxidoreductase subunit K	k141_66382:c16983-16306	P001_WF12_00081

DiscRep_SUB:FEATURE_LOCATION_CONFLICT::Coding region xref gene does not exist
P001_WF12/P001_WF12:CDS	NADH-plastoquinone oxidoreductase subunit 3	k141_66382:c17485-17048	P001_WF12_00082

DiscRep_SUB:FEATURE_LOCATION_CONFLICT::RNA feature xref gene does not exist
P001_WF12/P001_WF12:tRNA	Met	k141_66382:c2344-2265	P001_WF12_00062

DiscRep_SUB:FEATURE_LOCATION_CONFLICT::RNA feature xref gene does not exist
P001_WF12/P001_WF12:tRNA	Met	k141_66382:c2565-2487	P001_WF12_00063

DiscRep_SUB:FEATURE_LOCATION_CONFLICT::RNA feature xref gene does not exist
P001_WF12/P001_WF12:tRNA	Ser	k141_66382:11479-11566	P001_WF12_00073

DiscRep_SUB:FEATURE_LOCATION_CONFLICT::RNA feature xref gene does not exist
P001_WF12/P001_WF12:tRNA	Thr	k141_66382:c12911-12837	P001_WF12_00075

DiscRep_SUB:FEATURE_LOCATION_CONFLICT::RNA feature xref gene does not exist
P001_WF12/P001_WF12:tRNA	Phe	k141_66382:15194-15266	P001_WF12_00079

DiscRep_SUB:FEATURE_LOCATION_CONFLICT::Coding region xref gene does not exist
P001_WF12/P001_WF12:CDS	photosystem II protein M	k141_6950:2674-2778	P001_WF12_00086

DiscRep_SUB:FEATURE_LOCATION_CONFLICT::Coding region xref gene does not exist
P001_WF12/P001_WF12:CDS	cytochrome b6/f complex subunit VII	k141_6950:c3574-3485	P001_WF12_00087

DiscRep_SUB:FEATURE_LOCATION_CONFLICT::Coding region xref gene does not exist
P001_WF12/P001_WF12:CDS	hypothetical protein	k141_6950:c4591-4388	P001_WF12_00089

DiscRep_SUB:FEATURE_LOCATION_CONFLICT::RNA feature xref gene does not exist
P001_WF12/P001_WF12:tRNA	Glu	k141_6950:770-844	P001_WF12_00083

DiscRep_SUB:FEATURE_LOCATION_CONFLICT::RNA feature xref gene does not exist
P001_WF12/P001_WF12:tRNA	Tyr	k141_6950:902-987	P001_WF12_00084

DiscRep_SUB:FEATURE_LOCATION_CONFLICT::RNA feature xref gene does not exist
P001_WF12/P001_WF12:tRNA	Asp	k141_6950:1364-1437	P001_WF12_00085

DiscRep_SUB:FEATURE_LOCATION_CONFLICT::RNA feature xref gene does not exist
P001_WF12/P001_WF12:tRNA	Cys	k141_6950:c3905-3835	P001_WF12_00088

DiscRep_SUB:FEATURE_LOCATION_CONFLICT::Coding region xref gene does not exist
P001_WF12/P001_WF12:CDS	NADH-plastoquinone oxidoreductase subunit 5	k141_7110:c6809-4575	P001_WF12_00093

DiscRep_SUB:FEATURE_LOCATION_CONFLICT::Coding region xref gene does not exist
P001_WF12/P001_WF12:CDS	hypothetical protein	k141_7110:c7473-7168	P001_WF12_00094

DiscRep_SUB:FEATURE_LOCATION_CONFLICT::Coding region xref gene does not exist
P001_WF12/P001_WF12:CDS	hypothetical protein	k141_7110:7894-8391	P001_WF12_00095

DiscRep_SUB:FEATURE_LOCATION_CONFLICT::Coding region xref gene does not exist
P001_WF12/P001_WF12:CDS	ribosomal protein S15	k141_7110:8496-8768	P001_WF12_00096

DiscRep_SUB:FEATURE_LOCATION_CONFLICT::Coding region xref gene does not exist
P001_WF12/P001_WF12:CDS	NADH-plastoquinone oxidoreductase subunit 7	k141_7110:8938-10119	P001_WF12_00097

DiscRep_SUB:FEATURE_LOCATION_CONFLICT::Coding region xref gene does not exist
P001_WF12/P001_WF12:CDS	NADH-plastoquinone oxidoreductase subunit 1	k141_7110:10121-10687	P001_WF12_00098

DiscRep_SUB:FEATURE_LOCATION_CONFLICT::Coding region xref gene does not exist
P001_WF12/P001_WF12:CDS	NADH-plastoquinone oxidoreductase subunit 1	k141_7110:11843-12313	P001_WF12_00099

DiscRep_SUB:FEATURE_LOCATION_CONFLICT::Coding region xref gene does not exist
P001_WF12/P001_WF12:CDS	NADH-plastoquinone oxidoreductase subunit I	k141_7110:12417-12929	P001_WF12_00100

DiscRep_SUB:FEATURE_LOCATION_CONFLICT::Coding region xref gene does not exist
P001_WF12/P001_WF12:CDS	NADH-plastoquinone oxidoreductase subunit 6	k141_7110:13254-13784	P001_WF12_00101

DiscRep_SUB:FEATURE_LOCATION_CONFLICT::Coding region xref gene does not exist
P001_WF12/P001_WF12:CDS	NADH-plastoquinone oxidoreductase subunit 4L	k141_7110:14111-14413	P001_WF12_00102

DiscRep_SUB:FEATURE_LOCATION_CONFLICT::Coding region xref gene does not exist
P001_WF12/P001_WF12:CDS	photosystem I subunit VII	k141_7110:14678-14923	P001_WF12_00103

DiscRep_SUB:FEATURE_LOCATION_CONFLICT::Coding region xref gene does not exist
P001_WF12/P001_WF12:CDS	NADH-plastoquinone oxidoreductase subunit 4	k141_7110:15037-16584	P001_WF12_00104

DiscRep_SUB:FEATURE_LOCATION_CONFLICT::Coding region xref gene does not exist
P001_WF12/P001_WF12:CDS	cytochrome c heme attachment protein	k141_7110:c17825-16866	P001_WF12_00105

DiscRep_SUB:FEATURE_LOCATION_CONFLICT::Coding region xref gene does not exist
P001_WF12/P001_WF12:CDS	hypothetical protein	k141_7110:c18640-18431	P001_WF12_00107

DiscRep_SUB:FEATURE_LOCATION_CONFLICT::Coding region xref gene does not exist
P001_WF12/P001_WF12:CDS	hypothetical protein	k141_7110:18644-19006	P001_WF12_00108

DiscRep_SUB:FEATURE_LOCATION_CONFLICT::Coding region xref gene does not exist
P001_WF12/P001_WF12:CDS	ATP synthase CF0 subunit I	k141_7110:19211-19381	P001_WF12_00109

DiscRep_SUB:FEATURE_LOCATION_CONFLICT::Coding region xref gene does not exist
P001_WF12/P001_WF12:CDS	hypothetical protein	k141_7110:19524-19769	P001_WF12_00110

DiscRep_SUB:FEATURE_LOCATION_CONFLICT::Coding region xref gene does not exist
P001_WF12/P001_WF12:CDS	hypothetical protein	k141_7110:19766-19981	P001_WF12_00111

DiscRep_SUB:FEATURE_LOCATION_CONFLICT::Coding region xref gene does not exist
P001_WF12/P001_WF12:CDS	hypothetical protein	k141_7110:c20146-19913	P001_WF12_00112

DiscRep_SUB:FEATURE_LOCATION_CONFLICT::Coding region xref gene does not exist
P001_WF12/P001_WF12:CDS	hypothetical protein	k141_7110:20873-21193	P001_WF12_00113

DiscRep_SUB:FEATURE_LOCATION_CONFLICT::Coding region xref gene does not exist
P001_WF12/P001_WF12:CDS	hypothetical protein	k141_7110:21728-22081	P001_WF12_00114

DiscRep_SUB:FEATURE_LOCATION_CONFLICT::Coding region xref gene does not exist
P001_WF12/P001_WF12:CDS	hypothetical protein	k141_7110:22180-22647	P001_WF12_00115

DiscRep_SUB:FEATURE_LOCATION_CONFLICT::Coding region xref gene does not exist
P001_WF12/P001_WF12:CDS	hypothetical protein	k141_7110:22666-23607	P001_WF12_00116

DiscRep_SUB:FEATURE_LOCATION_CONFLICT::Coding region xref gene does not exist
P001_WF12/P001_WF12:CDS	hypothetical protein	k141_7110:24038-24406	P001_WF12_00117

DiscRep_SUB:FEATURE_LOCATION_CONFLICT::Coding region xref gene does not exist
P001_WF12/P001_WF12:CDS	hypothetical protein	k141_7110:c26137-25886	P001_WF12_00119

DiscRep_SUB:FEATURE_LOCATION_CONFLICT::Coding region xref gene does not exist
P001_WF12/P001_WF12:CDS	NADH-plastoquinone oxidoreductase subunit 2	k141_7110:c27068-26286	P001_WF12_00120

DiscRep_SUB:FEATURE_LOCATION_CONFLICT::Coding region xref gene does not exist
P001_WF12/P001_WF12:CDS	NADH-plastoquinone oxidoreductase subunit 2	k141_7110:c28443-27703	P001_WF12_00121

DiscRep_SUB:FEATURE_LOCATION_CONFLICT::Coding region xref gene does not exist
P001_WF12/P001_WF12:CDS	ribosomal protein S7	k141_7110:c29306-28836	P001_WF12_00122

DiscRep_SUB:FEATURE_LOCATION_CONFLICT::Coding region xref gene does not exist
P001_WF12/P001_WF12:CDS	hypothetical protein	k141_7110:c30865-30617	P001_WF12_00123

DiscRep_SUB:FEATURE_LOCATION_CONFLICT::Coding region xref gene does not exist
P001_WF12/P001_WF12:CDS	ribosomal protein L23	k141_7110:c31161-30862	P001_WF12_00124

DiscRep_SUB:FEATURE_LOCATION_CONFLICT::Coding region xref gene does not exist
P001_WF12/P001_WF12:CDS	photosystem II CP47 chlorophyll apoprotein	k141_7110:32486-34012	P001_WF12_00125

DiscRep_SUB:FEATURE_LOCATION_CONFLICT::Coding region xref gene does not exist
P001_WF12/P001_WF12:CDS	photosystem II phosphoprotein	k141_7110:34695-34916	P001_WF12_00126

DiscRep_SUB:FEATURE_LOCATION_CONFLICT::Coding region xref gene does not exist
P001_WF12/P001_WF12:CDS	hypothetical protein	k141_7110:35637-35816	P001_WF12_00127

DiscRep_SUB:FEATURE_LOCATION_CONFLICT::Coding region xref gene does not exist
P001_WF12/P001_WF12:CDS	cytochrome b6	k141_7110:36104-36592	P001_WF12_00128

DiscRep_SUB:FEATURE_LOCATION_CONFLICT::Coding region xref gene does not exist
P001_WF12/P001_WF12:CDS	cytochrome b6/f complex subunit IV	k141_7110:37501-38025	P001_WF12_00129

DiscRep_SUB:FEATURE_LOCATION_CONFLICT::Coding region xref gene does not exist
P001_WF12/P001_WF12:CDS	DNA-directed RNA polymerase subunit alpha	k141_7110:c39276-38254	P001_WF12_00130

DiscRep_SUB:FEATURE_LOCATION_CONFLICT::Coding region xref gene does not exist
P001_WF12/P001_WF12:CDS	ribosomal protein S11	k141_7110:c39742-39317	P001_WF12_00131

DiscRep_SUB:FEATURE_LOCATION_CONFLICT::RNA feature xref gene does not exist
P001_WF12/P001_WF12:rRNA	23S ribosomal RNA	k141_7110:50-3121	P001_WF12_00090

DiscRep_SUB:FEATURE_LOCATION_CONFLICT::RNA feature xref gene does not exist
P001_WF12/P001_WF12:tRNA	Arg	k141_7110:3743-3817	P001_WF12_00091

DiscRep_SUB:FEATURE_LOCATION_CONFLICT::RNA feature xref gene does not exist
P001_WF12/P001_WF12:tRNA	Asn	k141_7110:c4220-4147	P001_WF12_00092

DiscRep_SUB:FEATURE_LOCATION_CONFLICT::RNA feature xref gene does not exist
P001_WF12/P001_WF12:tRNA	Leu	k141_7110:c18118-18039	P001_WF12_00106

DiscRep_SUB:FEATURE_LOCATION_CONFLICT::RNA feature xref gene does not exist
P001_WF12/P001_WF12:tRNA	Leu	k141_7110:c25692-25610	P001_WF12_00118

DiscRep_SUB:FEATURE_LOCATION_CONFLICT::Coding region xref gene does not exist
P001_WF12/P001_WF12:CDS	hypothetical protein	k141_79172:2594-2848	P001_WF12_00133

DiscRep_SUB:FEATURE_LOCATION_CONFLICT::Coding region xref gene does not exist
P001_WF12/P001_WF12:CDS	hypothetical protein	k141_79172:2971-3396	P001_WF12_00134

DiscRep_SUB:FEATURE_LOCATION_CONFLICT::Coding region xref gene does not exist
P001_WF12/P001_WF12:CDS	hypothetical protein	k141_79172:3389-3739	P001_WF12_00135

DiscRep_SUB:FEATURE_LOCATION_CONFLICT::RNA feature xref gene does not exist
P001_WF12/P001_WF12:rRNA	16S ribosomal RNA	k141_79172:1-1574	P001_WF12_00132

DiscRep_SUB:FEATURE_LOCATION_CONFLICT::Coding region xref gene does not exist
P001_WF12/P001_WF12:CDS	ribosomal protein L2	k141_26512:c953-615	P001_WF12_00136

DiscRep_SUB:FEATURE_LOCATION_CONFLICT::Coding region xref gene does not exist
P001_WF12/P001_WF12:CDS	ribosomal protein L23	k141_26512:c1316-1035	P001_WF12_00137

DiscRep_SUB:FEATURE_LOCATION_CONFLICT::Coding region xref gene does not exist
P001_WF12/P001_WF12:CDS	hypothetical protein	k141_26512:1734-2006	P001_WF12_00139

DiscRep_SUB:FEATURE_LOCATION_CONFLICT::RNA feature xref gene does not exist
P001_WF12/P001_WF12:tRNA	Met	k141_26512:c1564-1490	P001_WF12_00138

DiscRep_SUB:FEATURE_LOCATION_CONFLICT::Coding region xref gene does not exist
P001_WF12/P001_WF12:CDS	photosystem II protein Z	k141_45032:c1128-940	P001_WF12_00141

DiscRep_SUB:FEATURE_LOCATION_CONFLICT::Coding region xref gene does not exist
P001_WF12/P001_WF12:CDS	photosystem II CP43 chlorophyll apoprotein	k141_45032:c3272-1851	P001_WF12_00143

DiscRep_SUB:FEATURE_LOCATION_CONFLICT::RNA feature xref gene does not exist
P001_WF12/P001_WF12:tRNA	Gly	k141_45032:121-192	P001_WF12_00140

DiscRep_SUB:FEATURE_LOCATION_CONFLICT::RNA feature xref gene does not exist
P001_WF12/P001_WF12:tRNA	Ser	k141_45032:1516-1608	P001_WF12_00142

DiscRep_SUB:FEATURE_LOCATION_CONFLICT::Coding region xref gene does not exist
P001_WF12/P001_WF12:CDS	hypothetical protein	k141_92804:c365-24	P001_WF12_00144

DiscRep_SUB:FEATURE_LOCATION_CONFLICT::Coding region xref gene does not exist
P001_WF12/P001_WF12:CDS	ribosomal protein L14	k141_92804:c923-525	P001_WF12_00145

DiscRep_SUB:FEATURE_LOCATION_CONFLICT::RNA feature xref gene does not exist
P001_WF12/P001_WF12:rRNA	23S ribosomal RNA (partial)	k141_40474:2-1294	P001_WF12_00146

DiscRep_SUB:FEATURE_LOCATION_CONFLICT::Coding region xref gene does not exist
P001_WF12/P001_WF12:CDS	hypothetical protein	k141_65298:c248-72	P001_WF12_00147

DiscRep_SUB:FEATURE_LOCATION_CONFLICT::Coding region xref gene does not exist
P001_WF12/P001_WF12:CDS	photosystem II protein D1	k141_94542:c1704-643	P001_WF12_00149

DiscRep_SUB:FEATURE_LOCATION_CONFLICT::Coding region xref gene does not exist
P001_WF12/P001_WF12:CDS	maturase K	k141_94542:c3875-2358	P001_WF12_00150

DiscRep_SUB:FEATURE_LOCATION_CONFLICT::Coding region xref gene does not exist
P001_WF12/P001_WF12:CDS	hypothetical protein	k141_94542:c4483-4079	P001_WF12_00151

DiscRep_SUB:FEATURE_LOCATION_CONFLICT::RNA feature xref gene does not exist
P001_WF12/P001_WF12:tRNA	His	k141_94542:c331-257	P001_WF12_00148

DiscRep_SUB:FEATURE_LOCATION_CONFLICT::Coding region xref gene does not exist
P001_WF12/P001_WF12:CDS	hypothetical protein	k141_5847:298-480	P001_WF12_00153

DiscRep_SUB:FEATURE_LOCATION_CONFLICT::RNA feature xref gene does not exist
P001_WF12/P001_WF12:tRNA	Val	k141_5847:c264-193	P001_WF12_00152

DiscRep_SUB:FEATURE_LOCATION_CONFLICT::Coding region xref gene does not exist
P001_WF12/P001_WF12:CDS	photosystem I assembly protein Ycf4	k141_101083:390-944	P001_WF12_00154

DiscRep_SUB:FEATURE_LOCATION_CONFLICT::Coding region xref gene does not exist
P001_WF12/P001_WF12:CDS	Translation initiation factor IF-1	k141_119173:159-680	P001_WF12_00155

DiscRep_ALL:SUSPECT_PRODUCT_NAMES::2 product_names contain suspect phrase or characters
DiscRep_SUB:SUSPECT_PRODUCT_NAMES::May contain database identifier more appropriate in note; remove from product name
DiscRep_SUB:SUSPECT_PRODUCT_NAMES::2 features contains three or more numbers together that may be identifiers more appropriate in note
P001_WF12/P001_WF12:CDS	photosystem I P700 apoprotein A2	k141_66382:c5371-3167	P001_WF12_00065
P001_WF12/P001_WF12:CDS	photosystem I P700 apoprotein A1	k141_66382:c7694-5397	P001_WF12_00066

DiscRep_ALL:NO_ANNOTATION::1 bioseqs have no features
P001_WF12/P001_WF12:k141_50292 (length 1115)

DiscRep_ALL:DISC_QUALITY_SCORES::Quality scores are missing on all sequences.

FATAL: DiscRep_ALL:DISC_SUSPECT_RRNA_PRODUCTS::1 rRNA product names contain suspect phrase
FATAL: DiscRep_SUB:DISC_SUSPECT_RRNA_PRODUCTS::1 rRNA product names contains 'partial'
P001_WF12/P001_WF12:rRNA	23S ribosomal RNA (partial)	k141_40474:2-1294	P001_WF12_00146

FATAL: DiscRep_ALL:DISC_SHORT_RRNA::1 rRNA features are too short
P001_WF12/P001_WF12:rRNA	23S ribosomal RNA (partial)	k141_40474:2-1294	P001_WF12_00146

DiscRep_ALL:ONCALLER_COMMENT_PRESENT::19 comment descriptors were found (all same)
P001_WF12/P001_WF12:k141_371:Annotated using prokka 1.14.5 from https://github.com/tseemann/prokka
P001_WF12/P001_WF12:k141_101790:Annotated using prokka 1.14.5 from https://github.com/tseemann/prokka
P001_WF12/P001_WF12:k141_18141:Annotated using prokka 1.14.5 from https://github.com/tseemann/prokka
P001_WF12/P001_WF12:k141_95948:Annotated using prokka 1.14.5 from https://github.com/tseemann/prokka
P001_WF12/P001_WF12:k141_18195:Annotated using prokka 1.14.5 from https://github.com/tseemann/prokka
P001_WF12/P001_WF12:k141_66382:Annotated using prokka 1.14.5 from https://github.com/tseemann/prokka
P001_WF12/P001_WF12:k141_6950:Annotated using prokka 1.14.5 from https://github.com/tseemann/prokka
P001_WF12/P001_WF12:k141_7110:Annotated using prokka 1.14.5 from https://github.com/tseemann/prokka
P001_WF12/P001_WF12:k141_79172:Annotated using prokka 1.14.5 from https://github.com/tseemann/prokka
P001_WF12/P001_WF12:k141_50292:Annotated using prokka 1.14.5 from https://github.com/tseemann/prokka
P001_WF12/P001_WF12:k141_26512:Annotated using prokka 1.14.5 from https://github.com/tseemann/prokka
P001_WF12/P001_WF12:k141_45032:Annotated using prokka 1.14.5 from https://github.com/tseemann/prokka
P001_WF12/P001_WF12:k141_92804:Annotated using prokka 1.14.5 from https://github.com/tseemann/prokka
P001_WF12/P001_WF12:k141_40474:Annotated using prokka 1.14.5 from https://github.com/tseemann/prokka
P001_WF12/P001_WF12:k141_65298:Annotated using prokka 1.14.5 from https://github.com/tseemann/prokka
P001_WF12/P001_WF12:k141_94542:Annotated using prokka 1.14.5 from https://github.com/tseemann/prokka
P001_WF12/P001_WF12:k141_5847:Annotated using prokka 1.14.5 from https://github.com/tseemann/prokka
P001_WF12/P001_WF12:k141_101083:Annotated using prokka 1.14.5 from https://github.com/tseemann/prokka
P001_WF12/P001_WF12:k141_119173:Annotated using prokka 1.14.5 from https://github.com/tseemann/prokka

DiscRep_ALL:SHORT_PROT_SEQUENCES::4 protein sequences are shorter than 50 aa.
P001_WF12/P001_WF12:k141_371_8 (length 39)
P001_WF12/P001_WF12:k141_66382_13 (length 41)
P001_WF12/P001_WF12:k141_6950_1 (length 34)
P001_WF12/P001_WF12:k141_6950_2 (length 29)

DiscRep_ALL:MISSING_GENOMEASSEMBLY_COMMENTS::19 bioseqs are missing GenomeAssembly structured comments
P001_WF12/P001_WF12:k141_371 (length 21991)
P001_WF12/P001_WF12:k141_101790 (length 1085)
P001_WF12/P001_WF12:k141_18141 (length 21079)
P001_WF12/P001_WF12:k141_95948 (length 7667)
P001_WF12/P001_WF12:k141_18195 (length 1451)
P001_WF12/P001_WF12:k141_66382 (length 17724)
P001_WF12/P001_WF12:k141_6950 (length 4984)
P001_WF12/P001_WF12:k141_7110 (length 39946)
P001_WF12/P001_WF12:k141_79172 (length 3926)
P001_WF12/P001_WF12:k141_50292 (length 1115)
P001_WF12/P001_WF12:k141_26512 (length 2337)
P001_WF12/P001_WF12:k141_45032 (length 3309)
P001_WF12/P001_WF12:k141_92804 (length 1194)
P001_WF12/P001_WF12:k141_40474 (length 1294)
P001_WF12/P001_WF12:k141_65298 (length 1283)
P001_WF12/P001_WF12:k141_94542 (length 4513)
P001_WF12/P001_WF12:k141_5847 (length 1022)
P001_WF12/P001_WF12:k141_101083 (length 1042)
P001_WF12/P001_WF12:k141_119173 (length 1163)

DiscRep_ALL:MOLTYPE_NOT_MRNA::19 molecule types are not set as mRNA.
P001_WF12/P001_WF12:k141_371 (length 21991)
P001_WF12/P001_WF12:k141_101790 (length 1085)
P001_WF12/P001_WF12:k141_18141 (length 21079)
P001_WF12/P001_WF12:k141_95948 (length 7667)
P001_WF12/P001_WF12:k141_18195 (length 1451)
P001_WF12/P001_WF12:k141_66382 (length 17724)
P001_WF12/P001_WF12:k141_6950 (length 4984)
P001_WF12/P001_WF12:k141_7110 (length 39946)
P001_WF12/P001_WF12:k141_79172 (length 3926)
P001_WF12/P001_WF12:k141_50292 (length 1115)
P001_WF12/P001_WF12:k141_26512 (length 2337)
P001_WF12/P001_WF12:k141_45032 (length 3309)
P001_WF12/P001_WF12:k141_92804 (length 1194)
P001_WF12/P001_WF12:k141_40474 (length 1294)
P001_WF12/P001_WF12:k141_65298 (length 1283)
P001_WF12/P001_WF12:k141_94542 (length 4513)
P001_WF12/P001_WF12:k141_5847 (length 1022)
P001_WF12/P001_WF12:k141_101083 (length 1042)
P001_WF12/P001_WF12:k141_119173 (length 1163)

DiscRep_ALL:TECHNIQUE_NOT_TSA::19 technique are not set as TSA
P001_WF12/P001_WF12:k141_371 (length 21991)
P001_WF12/P001_WF12:k141_101790 (length 1085)
P001_WF12/P001_WF12:k141_18141 (length 21079)
P001_WF12/P001_WF12:k141_95948 (length 7667)
P001_WF12/P001_WF12:k141_18195 (length 1451)
P001_WF12/P001_WF12:k141_66382 (length 17724)
P001_WF12/P001_WF12:k141_6950 (length 4984)
P001_WF12/P001_WF12:k141_7110 (length 39946)
P001_WF12/P001_WF12:k141_79172 (length 3926)
P001_WF12/P001_WF12:k141_50292 (length 1115)
P001_WF12/P001_WF12:k141_26512 (length 2337)
P001_WF12/P001_WF12:k141_45032 (length 3309)
P001_WF12/P001_WF12:k141_92804 (length 1194)
P001_WF12/P001_WF12:k141_40474 (length 1294)
P001_WF12/P001_WF12:k141_65298 (length 1283)
P001_WF12/P001_WF12:k141_94542 (length 4513)
P001_WF12/P001_WF12:k141_5847 (length 1022)
P001_WF12/P001_WF12:k141_101083 (length 1042)
P001_WF12/P001_WF12:k141_119173 (length 1163)

DiscRep_ALL:MISSING_STRUCTURED_COMMENT::19 sequences do not include structured comments.
P001_WF12/P001_WF12:k141_371 (length 21991)
P001_WF12/P001_WF12:k141_101790 (length 1085)
P001_WF12/P001_WF12:k141_18141 (length 21079)
P001_WF12/P001_WF12:k141_95948 (length 7667)
P001_WF12/P001_WF12:k141_18195 (length 1451)
P001_WF12/P001_WF12:k141_66382 (length 17724)
P001_WF12/P001_WF12:k141_6950 (length 4984)
P001_WF12/P001_WF12:k141_7110 (length 39946)
P001_WF12/P001_WF12:k141_79172 (length 3926)
P001_WF12/P001_WF12:k141_50292 (length 1115)
P001_WF12/P001_WF12:k141_26512 (length 2337)
P001_WF12/P001_WF12:k141_45032 (length 3309)
P001_WF12/P001_WF12:k141_92804 (length 1194)
P001_WF12/P001_WF12:k141_40474 (length 1294)
P001_WF12/P001_WF12:k141_65298 (length 1283)
P001_WF12/P001_WF12:k141_94542 (length 4513)
P001_WF12/P001_WF12:k141_5847 (length 1022)
P001_WF12/P001_WF12:k141_101083 (length 1042)
P001_WF12/P001_WF12:k141_119173 (length 1163)

DiscRep_ALL:MISSING_PROJECT::142 sequences do not include project.
P001_WF12/P001_WF12:k141_371 (length 21991)
P001_WF12/P001_WF12:k141_371_1 (length 302)
P001_WF12/P001_WF12:k141_371_2 (length 127)
P001_WF12/P001_WF12:k141_371_3 (length 137)
P001_WF12/P001_WF12:k141_371_4 (length 128)
P001_WF12/P001_WF12:k141_371_5 (length 60)
P001_WF12/P001_WF12:k141_371_6 (length 58)
P001_WF12/P001_WF12:k141_371_7 (length 189)
P001_WF12/P001_WF12:k141_371_8 (length 39)
P001_WF12/P001_WF12:k141_371_9 (length 320)
P001_WF12/P001_WF12:k141_371_10 (length 235)
P001_WF12/P001_WF12:k141_371_11 (length 184)
P001_WF12/P001_WF12:k141_371_12 (length 67)
P001_WF12/P001_WF12:k141_371_13 (length 1063)
P001_WF12/P001_WF12:k141_371_14 (length 139)
P001_WF12/P001_WF12:k141_371_15 (length 475)
P001_WF12/P001_WF12:k141_371_16 (length 95)
P001_WF12/P001_WF12:k141_371_17 (length 498)
P001_WF12/P001_WF12:k141_371_18 (length 132)
P001_WF12/P001_WF12:k141_371_19 (length 65)
P001_WF12/P001_WF12:k141_101790 (length 1085)
P001_WF12/P001_WF12:k141_101790_1 (length 58)
P001_WF12/P001_WF12:k141_101790_2 (length 68)
P001_WF12/P001_WF12:k141_18141 (length 21079)
P001_WF12/P001_WF12:k141_18141_1 (length 1120)
P001_WF12/P001_WF12:k141_18141_2 (length 145)
P001_WF12/P001_WF12:k141_18141_3 (length 500)
P001_WF12/P001_WF12:k141_18141_4 (length 1556)
P001_WF12/P001_WF12:k141_18141_5 (length 241)
P001_WF12/P001_WF12:k141_18141_6 (length 248)
P001_WF12/P001_WF12:k141_18141_7 (length 135)
P001_WF12/P001_WF12:k141_18141_8 (length 59)
P001_WF12/P001_WF12:k141_18141_9 (length 133)
P001_WF12/P001_WF12:k141_18141_10 (length 185)
P001_WF12/P001_WF12:k141_18141_11 (length 95)
P001_WF12/P001_WF12:k141_18141_12 (length 138)
P001_WF12/P001_WF12:k141_18141_13 (length 219)
P001_WF12/P001_WF12:k141_18141_14 (length 175)
P001_WF12/P001_WF12:k141_18141_15 (length 69)
P001_WF12/P001_WF12:k141_18141_16 (length 87)
P001_WF12/P001_WF12:k141_18141_17 (length 102)
P001_WF12/P001_WF12:k141_95948 (length 7667)
P001_WF12/P001_WF12:k141_95948_1 (length 100)
P001_WF12/P001_WF12:k141_95948_2 (length 81)
P001_WF12/P001_WF12:k141_95948_3 (length 56)
P001_WF12/P001_WF12:k141_95948_4 (length 124)
P001_WF12/P001_WF12:k141_95948_5 (length 510)
P001_WF12/P001_WF12:k141_95948_6 (length 88)
P001_WF12/P001_WF12:k141_95948_7 (length 87)
P001_WF12/P001_WF12:k141_95948_8 (length 61)
P001_WF12/P001_WF12:k141_18195 (length 1451)
P001_WF12/P001_WF12:k141_18195_1 (length 124)
P001_WF12/P001_WF12:k141_18195_2 (length 90)
P001_WF12/P001_WF12:k141_18195_3 (length 83)
P001_WF12/P001_WF12:k141_66382 (length 17724)
P001_WF12/P001_WF12:k141_66382_1 (length 353)
P001_WF12/P001_WF12:k141_66382_2 (length 69)
P001_WF12/P001_WF12:k141_66382_3 (length 734)
P001_WF12/P001_WF12:k141_66382_4 (length 765)
P001_WF12/P001_WF12:k141_66382_5 (length 70)
P001_WF12/P001_WF12:k141_66382_6 (length 56)
P001_WF12/P001_WF12:k141_66382_7 (length 73)
P001_WF12/P001_WF12:k141_66382_8 (length 82)
P001_WF12/P001_WF12:k141_66382_9 (length 72)
P001_WF12/P001_WF12:k141_66382_10 (length 73)
P001_WF12/P001_WF12:k141_66382_11 (length 211)
P001_WF12/P001_WF12:k141_66382_12 (length 130)
P001_WF12/P001_WF12:k141_66382_13 (length 41)
P001_WF12/P001_WF12:k141_66382_14 (length 84)
P001_WF12/P001_WF12:k141_66382_15 (length 158)
P001_WF12/P001_WF12:k141_66382_16 (length 225)
P001_WF12/P001_WF12:k141_66382_17 (length 145)
P001_WF12/P001_WF12:k141_6950 (length 4984)
P001_WF12/P001_WF12:k141_6950_1 (length 34)
P001_WF12/P001_WF12:k141_6950_2 (length 29)
P001_WF12/P001_WF12:k141_6950_3 (length 67)
P001_WF12/P001_WF12:k141_7110 (length 39946)
P001_WF12/P001_WF12:k141_7110_1 (length 744)
P001_WF12/P001_WF12:k141_7110_2 (length 101)
P001_WF12/P001_WF12:k141_7110_3 (length 165)
P001_WF12/P001_WF12:k141_7110_4 (length 90)
P001_WF12/P001_WF12:k141_7110_5 (length 393)
P001_WF12/P001_WF12:k141_7110_6 (length 188)
P001_WF12/P001_WF12:k141_7110_7 (length 156)
P001_WF12/P001_WF12:k141_7110_8 (length 170)
P001_WF12/P001_WF12:k141_7110_9 (length 176)
P001_WF12/P001_WF12:k141_7110_10 (length 100)
P001_WF12/P001_WF12:k141_7110_11 (length 81)
P001_WF12/P001_WF12:k141_7110_12 (length 515)
P001_WF12/P001_WF12:k141_7110_13 (length 319)
P001_WF12/P001_WF12:k141_7110_14 (length 69)
P001_WF12/P001_WF12:k141_7110_15 (length 120)
P001_WF12/P001_WF12:k141_7110_16 (length 56)
P001_WF12/P001_WF12:k141_7110_17 (length 81)
P001_WF12/P001_WF12:k141_7110_18 (length 71)
P001_WF12/P001_WF12:k141_7110_19 (length 77)
P001_WF12/P001_WF12:k141_7110_20 (length 106)
P001_WF12/P001_WF12:k141_7110_21 (length 117)
P001_WF12/P001_WF12:k141_7110_22 (length 155)
P001_WF12/P001_WF12:k141_7110_23 (length 313)
P001_WF12/P001_WF12:k141_7110_24 (length 122)
P001_WF12/P001_WF12:k141_7110_25 (length 83)
P001_WF12/P001_WF12:k141_7110_26 (length 260)
P001_WF12/P001_WF12:k141_7110_27 (length 246)
P001_WF12/P001_WF12:k141_7110_28 (length 156)
P001_WF12/P001_WF12:k141_7110_29 (length 82)
P001_WF12/P001_WF12:k141_7110_30 (length 99)
P001_WF12/P001_WF12:k141_7110_31 (length 508)
P001_WF12/P001_WF12:k141_7110_32 (length 73)
P001_WF12/P001_WF12:k141_7110_33 (length 59)
P001_WF12/P001_WF12:k141_7110_34 (length 162)
P001_WF12/P001_WF12:k141_7110_35 (length 174)
P001_WF12/P001_WF12:k141_7110_36 (length 340)
P001_WF12/P001_WF12:k141_7110_37 (length 141)
P001_WF12/P001_WF12:k141_79172 (length 3926)
P001_WF12/P001_WF12:k141_79172_1 (length 84)
P001_WF12/P001_WF12:k141_79172_2 (length 141)
P001_WF12/P001_WF12:k141_79172_3 (length 116)
P001_WF12/P001_WF12:k141_50292 (length 1115)
P001_WF12/P001_WF12:k141_26512 (length 2337)
P001_WF12/P001_WF12:k141_26512_1 (length 112)
P001_WF12/P001_WF12:k141_26512_2 (length 93)
P001_WF12/P001_WF12:k141_26512_3 (length 90)
P001_WF12/P001_WF12:k141_45032 (length 3309)
P001_WF12/P001_WF12:k141_45032_1 (length 62)
P001_WF12/P001_WF12:k141_45032_2 (length 473)
P001_WF12/P001_WF12:k141_92804 (length 1194)
P001_WF12/P001_WF12:k141_92804_1 (length 113)
P001_WF12/P001_WF12:k141_92804_2 (length 132)
P001_WF12/P001_WF12:k141_40474 (length 1294)
P001_WF12/P001_WF12:k141_65298 (length 1283)
P001_WF12/P001_WF12:k141_65298_1 (length 58)
P001_WF12/P001_WF12:k141_94542 (length 4513)
P001_WF12/P001_WF12:k141_94542_1 (length 353)
P001_WF12/P001_WF12:k141_94542_2 (length 505)
P001_WF12/P001_WF12:k141_94542_3 (length 134)
P001_WF12/P001_WF12:k141_5847 (length 1022)
P001_WF12/P001_WF12:k141_5847_1 (length 60)
P001_WF12/P001_WF12:k141_101083 (length 1042)
P001_WF12/P001_WF12:k141_101083_1 (length 184)
P001_WF12/P001_WF12:k141_119173 (length 1163)
P001_WF12/P001_WF12:k141_119173_1 (length 173)

FATAL: DiscRep_ALL:RRNA_NAME_CONFLICTS::1 rRNA product names are not standard. Correct the names to the standard format, eg "16S ribosomal RNA"
P001_WF12/P001_WF12:rRNA	23S ribosomal RNA (partial)	k141_40474:2-1294	P001_WF12_00146

DiscRep_ALL:DISC_INCONSISTENT_MOLINFO_TECH::Molinfo Technique Report (some missing, all same)
DiscRep_SUB:DISC_INCONSISTENT_MOLINFO_TECH::technique (all missing)
DiscRep_SUB:DISC_INCONSISTENT_MOLINFO_TECH::19 Molinfos are missing field technique
P001_WF12/P001_WF12:k141_371 (length 21991)
P001_WF12/P001_WF12:k141_5847 (length 1022)
P001_WF12/P001_WF12:k141_6950 (length 4984)
P001_WF12/P001_WF12:k141_7110 (length 39946)
P001_WF12/P001_WF12:k141_18141 (length 21079)
P001_WF12/P001_WF12:k141_18195 (length 1451)
P001_WF12/P001_WF12:k141_26512 (length 2337)
P001_WF12/P001_WF12:k141_40474 (length 1294)
P001_WF12/P001_WF12:k141_45032 (length 3309)
P001_WF12/P001_WF12:k141_50292 (length 1115)
P001_WF12/P001_WF12:k141_65298 (length 1283)
P001_WF12/P001_WF12:k141_66382 (length 17724)
P001_WF12/P001_WF12:k141_79172 (length 3926)
P001_WF12/P001_WF12:k141_92804 (length 1194)
P001_WF12/P001_WF12:k141_94542 (length 4513)
P001_WF12/P001_WF12:k141_95948 (length 7667)
P001_WF12/P001_WF12:k141_101083 (length 1042)
P001_WF12/P001_WF12:k141_101790 (length 1085)
P001_WF12/P001_WF12:k141_119173 (length 1163)

