[16:28:12] This is prokka 1.14.5
[16:28:12] Written by Torsten Seemann <torsten.seemann@gmail.com>
[16:28:12] Homepage is https://github.com/tseemann/prokka
[16:28:12] Local time is Fri Nov 26 16:28:12 2021
[16:28:12] You are ruud
[16:28:12] Operating system is linux
[16:28:12] You have BioPerl 1.7.8
[16:28:12] System has 40 cores.
[16:28:12] Will use maximum of 40 cores.
[16:28:12] Annotating as >>> Bacteria <<<
[16:28:12] Creating new output folder: P001_WG04
[16:28:12] Running: mkdir -p P001_WG04
[16:28:12] Using filename prefix: P001_WG04.XXX
[16:28:12] Setting HMMER_NCPU=1
[16:28:12] Writing log to: P001_WG04/P001_WG04.log
[16:28:12] Command: /usr/local/packages/prokka-1.14.5/bin/prokka --cpus 40 --prefix P001_WG04 --Kingdom Bacteria --locustag P001_WG04 --proteins vaccinium.gb ../02_Blast/chloroplast_contigs_rapid_genomics_run2/P001_WG04_chloroplast_contigs.fa
[16:28:12] Appending to PATH: /home/local/packages/prokka-1.14.5/bin/../binaries/linux
[16:28:12] Appending to PATH: /home/local/packages/prokka-1.14.5/bin/../binaries/linux/../common
[16:28:12] Appending to PATH: /home/local/packages/prokka-1.14.5/bin
[16:28:12] Looking for 'aragorn' - found /usr/local/packages/Anaconda3-2019.10/bin/aragorn
[16:28:12] Determined aragorn version is 001002 from 'ARAGORN v1.2.38 Dean Laslett'
[16:28:12] Looking for 'barrnap' - found /usr/local/packages/Anaconda3-2019.10/bin/barrnap
[16:28:13] Determined barrnap version is 000009 from 'barrnap 0.9'
[16:28:13] Looking for 'blastp' - found /usr/local/packages/Anaconda3-2019.10/bin/blastp
[16:28:13] Determined blastp version is 002011 from 'blastp: 2.11.0+'
[16:28:13] Looking for 'cmpress' - found /usr/local/packages/Anaconda3-2019.10/bin/cmpress
[16:28:13] Determined cmpress version is 001001 from '# INFERNAL 1.1.2 (July 2016)'
[16:28:13] Looking for 'cmscan' - found /usr/local/packages/Anaconda3-2019.10/bin/cmscan
[16:28:13] Determined cmscan version is 001001 from '# INFERNAL 1.1.2 (July 2016)'
[16:28:13] Looking for 'egrep' - found /bin/egrep
[16:28:13] Looking for 'find' - found /bin/find
[16:28:13] Looking for 'grep' - found /bin/grep
[16:28:13] Looking for 'hmmpress' - found /usr/local/packages/Anaconda3-2019.10/bin/hmmpress
[16:28:13] Determined hmmpress version is 003003 from '# HMMER 3.3.2 (Nov 2020); http://hmmer.org/'
[16:28:13] Looking for 'hmmscan' - found /usr/local/packages/Anaconda3-2019.10/bin/hmmscan
[16:28:13] Determined hmmscan version is 003003 from '# HMMER 3.3.2 (Nov 2020); http://hmmer.org/'
[16:28:13] Looking for 'java' - found /usr/local/packages/jdk1.8.0_191/bin/java
[16:28:13] Looking for 'makeblastdb' - found /usr/local/packages/Anaconda3-2019.10/bin/makeblastdb
[16:28:14] Determined makeblastdb version is 002011 from 'makeblastdb: 2.11.0+'
[16:28:14] Looking for 'minced' - found /usr/local/packages/Anaconda3-2019.10/bin/minced
[16:28:14] Determined minced version is 004002 from 'minced 0.4.2'
[16:28:14] Looking for 'parallel' - found /usr/local/packages/Anaconda3-2019.10/bin/parallel
[16:28:14] Determined parallel version is 20210822 from 'GNU parallel 20210822'
[16:28:14] Looking for 'prodigal' - found /usr/local/packages/Anaconda3-2019.10/bin/prodigal
[16:28:14] Determined prodigal version is 002006 from 'Prodigal V2.6.3: February, 2016'
[16:28:14] Looking for 'prokka-genbank_to_fasta_db' - found /usr/local/packages/prokka-1.14.5/bin/prokka-genbank_to_fasta_db
[16:28:14] Looking for 'sed' - found /bin/sed
[16:28:14] Looking for 'tbl2asn' - found /usr/local/packages/Anaconda3-2019.10/bin/tbl2asn
[16:28:14] Determined tbl2asn version is 025008 from 'tbl2asn 25.8   arguments:'
[16:28:14] Using genetic code table 11.
[16:28:14] Loading and checking input file: ../02_Blast/chloroplast_contigs_rapid_genomics_run2/P001_WG04_chloroplast_contigs.fa
[16:28:14] Wrote 27 contigs totalling 139691 bp.
[16:28:14] Predicting tRNAs and tmRNAs
[16:28:14] Running: aragorn -l -gc11  -w P001_WG04\/P001_WG04\.fna
[16:28:14] 1 tRNA-Gln [613,686] 33 (ttg)
[16:28:14] 2 tRNA-Trp c[9673,9746] 35 (cca)
[16:28:14] 3 tRNA-Pro c[9845,9920] 35 (tgg)
[16:28:14] 1 tRNA-Met [335,412] 36 (cat)
[16:28:14] 2 tRNA-Gly c[549,620] 33 (gcc)
[16:28:14] 3 tRNA-Ser [1388,1475] 35 (tga)
[16:28:14] 4 tRNA-Thr c[5413,5484] 33 (agt)
[16:28:14] 5 tRNA-Glu [6457,6528] 34 (ttc)
[16:28:14] 6 tRNA-Tyr [6645,6728] 35 (gta)
[16:28:14] 7 tRNA-Asp [7112,7187] 36 (gtc)
[16:28:14] 8 tRNA-Cys c[9301,9371] 33 (gca)
[16:28:14] 1 tRNA-Leu [2649,2731] 35 (caa)
[16:28:14] 2 tRNA-Thr c[3592,3666] 35 (tgt)
[16:28:14] 1 tRNA-His [2077,2151] 35 (gtg)
[16:28:14] 2 tRNA-Met c[4423,4497] 34 (cat)
[16:28:14] 1 tRNA-Ser c[6176,6262] 35 (gga)
[16:28:14] 1 tRNA-Phe c[2802,2874] 34 (gaa)
[16:28:14] 2 tRNA-Arg c[11668,11739] 34 (tct)
[16:28:14] 3 tRNA-Ser [15154,15243] 36 (gct)
[16:28:14] 1 tRNA-Val c[276,347] 33 (gac)
[16:28:14] 2 tRNA-Met c[4764,4838] 35 (cat)
[16:28:14] 1 tRNA-Asn [382,455] 34 (gtt)
[16:28:14] 2 tRNA-Arg c[673,747] 36 (acg)
[16:28:14] 1 tRNA-Leu [1574,1654] 35 (tag)
[16:28:14] 1 tRNA-Arg [5668,5739] 34 (tct)
[16:28:14] Found 25 tRNAs
[16:28:14] Predicting Ribosomal RNAs
[16:28:14] Running Barrnap with 40 threads
[16:28:16] 1 k141_26333 260 23S ribosomal RNA
[16:28:16] 2 k141_26333 6156 16S ribosomal RNA
[16:28:16] Found 2 rRNAs
[16:28:16] Skipping ncRNA search, enable with --rfam if desired.
[16:28:16] Total of 27 tRNA + rRNA features
[16:28:16] Searching for CRISPR repeats
[16:28:16] Found 0 CRISPRs
[16:28:16] Predicting coding sequences
[16:28:16] Contigs total 139691 bp, so using single mode
[16:28:16] Running: prodigal -i P001_WG04\/P001_WG04\.fna -c -m -g 11 -p single -f sco -q
[16:28:16] Excluding CDS which overlaps existing RNA (tRNA) at k141_48783:526..684 on - strand
[16:28:16] Excluding CDS which overlaps existing RNA (tRNA) at k141_48783:9127..9477 on - strand
[16:28:16] Excluding CDS which overlaps existing RNA (tRNA) at k141_1020:2625..2765 on + strand
[16:28:16] Excluding CDS which overlaps existing RNA (tRNA) at k141_1031:1986..2153 on - strand
[16:28:16] Excluding CDS which overlaps existing RNA (tRNA) at k141_1031:4267..4491 on - strand
[16:28:16] Excluding CDS which overlaps existing RNA (tRNA) at k141_1031:4494..4733 on + strand
[16:28:16] Excluding CDS which overlaps existing RNA (rRNA) at k141_26333:90..368 on + strand
[16:28:16] Excluding CDS which overlaps existing RNA (rRNA) at k141_26333:675..851 on + strand
[16:28:16] Excluding CDS which overlaps existing RNA (rRNA) at k141_26333:6623..6868 on + strand
[16:28:16] Excluding CDS which overlaps existing RNA (rRNA) at k141_26333:6829..7224 on + strand
[16:28:16] Excluding CDS which overlaps existing RNA (rRNA) at k141_26333:7396..7632 on + strand
[16:28:16] Found 121 CDS
[16:28:16] Connecting features back to sequences
[16:28:16] Not using genus-specific database. Try --usegenus to enable it.
[16:28:16] Preparing user-supplied primary BLAST annotation source: vaccinium.gb
[16:28:16] Guessed source was in genbank format.
[16:28:16] Converting genbank 'vaccinium.gb' into Prokka FASTA 'P001_WG04/proteins.faa'
[16:28:16] Running: prokka-genbank_to_fasta_db --format genbank vaccinium\.gb > P001_WG04\/proteins\.faa 2> /dev/null
[16:28:17] Running: makeblastdb -dbtype prot -in P001_WG04\/proteins\.faa -out P001_WG04\/proteins -logfile /dev/null
[16:28:18] Using /inference source as 'vaccinium.gb'
[16:28:18] Annotating CDS, please be patient.
[16:28:18] Will use 40 CPUs for similarity searching.
[16:28:18] There are still 121 unannotated CDS left (started with 121)
[16:28:18] Will use blast to search against P001_WG04/proteins with 40 CPUs
[16:28:18] Running: cat P001_WG04\/P001_WG04\.proteins\.tmp\.18194\.faa | parallel --gnu --plain -j 40 --block 291 --recstart '>' --pipe blastp -query - -db P001_WG04/proteins -evalue 1e-09 -qcov_hsp_perc 80 -num_threads 1 -num_descriptions 1 -num_alignments 1 -seg no > P001_WG04\/P001_WG04\.proteins\.tmp\.18194\.blast 2> /dev/null
[16:28:19] Deleting unwanted file: P001_WG04/P001_WG04.proteins.tmp.18194.faa
[16:28:19] Deleting unwanted file: P001_WG04/P001_WG04.proteins.tmp.18194.blast
[16:28:19] There are still 62 unannotated CDS left (started with 121)
[16:28:19] Will use blast to search against /home/local/packages/prokka-1.14.5/db/kingdom/Bacteria/IS with 40 CPUs
[16:28:19] Running: cat P001_WG04\/P001_WG04\.IS\.tmp\.18194\.faa | parallel --gnu --plain -j 40 --block 101 --recstart '>' --pipe blastp -query - -db /home/local/packages/prokka-1.14.5/db/kingdom/Bacteria/IS -evalue 1e-30 -qcov_hsp_perc 90 -num_threads 1 -num_descriptions 1 -num_alignments 1 -seg no > P001_WG04\/P001_WG04\.IS\.tmp\.18194\.blast 2> /dev/null
[16:28:20] Deleting unwanted file: P001_WG04/P001_WG04.IS.tmp.18194.faa
[16:28:20] Deleting unwanted file: P001_WG04/P001_WG04.IS.tmp.18194.blast
[16:28:20] There are still 62 unannotated CDS left (started with 121)
[16:28:20] Will use blast to search against /home/local/packages/prokka-1.14.5/db/kingdom/Bacteria/AMR with 40 CPUs
[16:28:20] Running: cat P001_WG04\/P001_WG04\.AMR\.tmp\.18194\.faa | parallel --gnu --plain -j 40 --block 101 --recstart '>' --pipe blastp -query - -db /home/local/packages/prokka-1.14.5/db/kingdom/Bacteria/AMR -evalue 1e-300 -qcov_hsp_perc 90 -num_threads 1 -num_descriptions 1 -num_alignments 1 -seg no > P001_WG04\/P001_WG04\.AMR\.tmp\.18194\.blast 2> /dev/null
[16:28:22] Deleting unwanted file: P001_WG04/P001_WG04.AMR.tmp.18194.faa
[16:28:22] Deleting unwanted file: P001_WG04/P001_WG04.AMR.tmp.18194.blast
[16:28:22] There are still 62 unannotated CDS left (started with 121)
[16:28:22] Will use blast to search against /home/local/packages/prokka-1.14.5/db/kingdom/Bacteria/sprot with 40 CPUs
[16:28:22] Running: cat P001_WG04\/P001_WG04\.sprot\.tmp\.18194\.faa | parallel --gnu --plain -j 40 --block 101 --recstart '>' --pipe blastp -query - -db /home/local/packages/prokka-1.14.5/db/kingdom/Bacteria/sprot -evalue 1e-09 -qcov_hsp_perc 80 -num_threads 1 -num_descriptions 1 -num_alignments 1 -seg no > P001_WG04\/P001_WG04\.sprot\.tmp\.18194\.blast 2> /dev/null
[16:28:24] Deleting unwanted file: P001_WG04/P001_WG04.sprot.tmp.18194.faa
[16:28:24] Deleting unwanted file: P001_WG04/P001_WG04.sprot.tmp.18194.blast
[16:28:24] There are still 56 unannotated CDS left (started with 121)
[16:28:24] Will use hmmer3 to search against /home/local/packages/prokka-1.14.5/db/hmm/HAMAP.hmm with 40 CPUs
[16:28:24] Running: cat P001_WG04\/P001_WG04\.HAMAP\.hmm\.tmp\.18194\.faa | parallel --gnu --plain -j 40 --block 92 --recstart '>' --pipe hmmscan --noali --notextw --acc -E 1e-09 --cpu 1 /home/local/packages/prokka-1.14.5/db/hmm/HAMAP.hmm /dev/stdin > P001_WG04\/P001_WG04\.HAMAP\.hmm\.tmp\.18194\.hmmer3 2> /dev/null
[16:28:25] Deleting unwanted file: P001_WG04/P001_WG04.HAMAP.hmm.tmp.18194.faa
[16:28:25] Deleting unwanted file: P001_WG04/P001_WG04.HAMAP.hmm.tmp.18194.hmmer3
[16:28:25] Deleting unwanted file: P001_WG04/proteins.psq
[16:28:25] Deleting unwanted file: P001_WG04/proteins.phr
[16:28:25] Deleting unwanted file: P001_WG04/proteins.pin
[16:28:25] Labelling remaining 48 proteins as 'hypothetical protein'
[16:28:25] Possible /pseudo 'ribosomal protein L2' at k141_1031 position 3254
[16:28:25] Possible /pseudo 'NADH-plastoquinone oxidoreductase subunit 1' at k141_59798 position 6598
[16:28:25] Possible /pseudo 'RNA polymerase beta' subunit' at k141_76225 position 8817
[16:28:25] Found 62 unique /gene codes.
[16:28:25] Fixed 2 duplicate /gene - accD_1 accD_2
[16:28:25] Fixed 2 duplicate /gene - ndhB_1 ndhB_2
[16:28:25] Fixed 2 duplicate /gene - rpoC1_1 rpoC1_2
[16:28:25] Fixed 3 duplicate /gene - rpl2_1 rpl2_2 rpl2_3
[16:28:25] Fixed 4 duplicate /gene - clpP_1 clpP_2 clpP_3 clpP_4
[16:28:25] Fixed 2 duplicate /gene - rpl16_1 rpl16_2
[16:28:25] Fixed 2 duplicate /gene - rpoA_1 rpoA_2
[16:28:25] Fixed 2 duplicate /gene - ndhA_1 ndhA_2
[16:28:25] Fixed 8 colliding /gene names.
[16:28:25] Adding /locus_tag identifiers
[16:28:25] Assigned 148 locus_tags to CDS and RNA features.
[16:28:25] Writing outputs to P001_WG04/
[16:28:25] Generating annotation statistics file
[16:28:25] Generating Genbank and Sequin files
[16:28:25] Running: tbl2asn -V b -a r10k -l paired-ends -M n -N 1 -y 'Annotated using prokka 1.14.5 from https://github.com/tseemann/prokka' -Z P001_WG04\/P001_WG04\.err -i P001_WG04\/P001_WG04\.fsa 2> /dev/null
[16:28:25] Deleting unwanted file: P001_WG04/errorsummary.val
[16:28:25] Deleting unwanted file: P001_WG04/P001_WG04.dr
[16:28:25] Deleting unwanted file: P001_WG04/P001_WG04.fixedproducts
[16:28:25] Deleting unwanted file: P001_WG04/P001_WG04.ecn
[16:28:25] Deleting unwanted file: P001_WG04/P001_WG04.val
[16:28:25] Repairing broken .GBK output that tbl2asn produces...
[16:28:25] Running: sed 's/COORDINATES: profile/COORDINATES:profile/' < P001_WG04\/P001_WG04\.gbf > P001_WG04\/P001_WG04\.gbk
[16:28:25] Deleting unwanted file: P001_WG04/P001_WG04.gbf
[16:28:25] Output files:
[16:28:25] P001_WG04/P001_WG04.err
[16:28:25] P001_WG04/P001_WG04.fna
[16:28:25] P001_WG04/P001_WG04.txt
[16:28:25] P001_WG04/P001_WG04.ffn
[16:28:25] P001_WG04/P001_WG04.tbl
[16:28:25] P001_WG04/P001_WG04.fsa
[16:28:25] P001_WG04/P001_WG04.gbk
[16:28:25] P001_WG04/P001_WG04.tsv
[16:28:25] P001_WG04/P001_WG04.gff
[16:28:25] P001_WG04/P001_WG04.sqn
[16:28:25] P001_WG04/P001_WG04.log
[16:28:25] P001_WG04/P001_WG04.faa
[16:28:25] Annotation finished successfully.
[16:28:25] Walltime used: 0.22 minutes
[16:28:25] If you use this result please cite the Prokka paper:
[16:28:25] Seemann T (2014) Prokka: rapid prokaryotic genome annotation. Bioinformatics. 30(14):2068-9.
[16:28:25] Type 'prokka --citation' for more details.
[16:28:25] Share and enjoy!
