[17:16:41] This is prokka 1.14.5
[17:16:41] Written by Torsten Seemann <torsten.seemann@gmail.com>
[17:16:41] Homepage is https://github.com/tseemann/prokka
[17:16:41] Local time is Fri Nov 26 17:16:41 2021
[17:16:41] You are ruud
[17:16:41] Operating system is linux
[17:16:41] You have BioPerl 1.7.8
[17:16:41] System has 40 cores.
[17:16:41] Will use maximum of 40 cores.
[17:16:41] Annotating as >>> Bacteria <<<
[17:16:41] Creating new output folder: P003_WH08
[17:16:41] Running: mkdir -p P003_WH08
[17:16:41] Using filename prefix: P003_WH08.XXX
[17:16:41] Setting HMMER_NCPU=1
[17:16:41] Writing log to: P003_WH08/P003_WH08.log
[17:16:41] Command: /usr/local/packages/prokka-1.14.5/bin/prokka --cpus 40 --prefix P003_WH08 --Kingdom Bacteria --locustag P003_WH08 --proteins vaccinium.gb ../02_Blast/chloroplast_contigs_rapid_genomics_run2/P003_WH08_chloroplast_contigs.fa
[17:16:41] Appending to PATH: /home/local/packages/prokka-1.14.5/bin/../binaries/linux
[17:16:41] Appending to PATH: /home/local/packages/prokka-1.14.5/bin/../binaries/linux/../common
[17:16:41] Appending to PATH: /home/local/packages/prokka-1.14.5/bin
[17:16:41] Looking for 'aragorn' - found /usr/local/packages/Anaconda3-2019.10/bin/aragorn
[17:16:41] Determined aragorn version is 001002 from 'ARAGORN v1.2.38 Dean Laslett'
[17:16:41] Looking for 'barrnap' - found /usr/local/packages/Anaconda3-2019.10/bin/barrnap
[17:16:41] Determined barrnap version is 000009 from 'barrnap 0.9'
[17:16:41] Looking for 'blastp' - found /usr/local/packages/Anaconda3-2019.10/bin/blastp
[17:16:42] Determined blastp version is 002011 from 'blastp: 2.11.0+'
[17:16:42] Looking for 'cmpress' - found /usr/local/packages/Anaconda3-2019.10/bin/cmpress
[17:16:42] Determined cmpress version is 001001 from '# INFERNAL 1.1.2 (July 2016)'
[17:16:42] Looking for 'cmscan' - found /usr/local/packages/Anaconda3-2019.10/bin/cmscan
[17:16:42] Determined cmscan version is 001001 from '# INFERNAL 1.1.2 (July 2016)'
[17:16:42] Looking for 'egrep' - found /bin/egrep
[17:16:42] Looking for 'find' - found /bin/find
[17:16:42] Looking for 'grep' - found /bin/grep
[17:16:42] Looking for 'hmmpress' - found /usr/local/packages/Anaconda3-2019.10/bin/hmmpress
[17:16:42] Determined hmmpress version is 003003 from '# HMMER 3.3.2 (Nov 2020); http://hmmer.org/'
[17:16:42] Looking for 'hmmscan' - found /usr/local/packages/Anaconda3-2019.10/bin/hmmscan
[17:16:42] Determined hmmscan version is 003003 from '# HMMER 3.3.2 (Nov 2020); http://hmmer.org/'
[17:16:42] Looking for 'java' - found /usr/local/packages/jdk1.8.0_191/bin/java
[17:16:42] Looking for 'makeblastdb' - found /usr/local/packages/Anaconda3-2019.10/bin/makeblastdb
[17:16:42] Determined makeblastdb version is 002011 from 'makeblastdb: 2.11.0+'
[17:16:42] Looking for 'minced' - found /usr/local/packages/Anaconda3-2019.10/bin/minced
[17:16:42] Determined minced version is 004002 from 'minced 0.4.2'
[17:16:42] Looking for 'parallel' - found /usr/local/packages/Anaconda3-2019.10/bin/parallel
[17:16:43] Determined parallel version is 20210822 from 'GNU parallel 20210822'
[17:16:43] Looking for 'prodigal' - found /usr/local/packages/Anaconda3-2019.10/bin/prodigal
[17:16:43] Determined prodigal version is 002006 from 'Prodigal V2.6.3: February, 2016'
[17:16:43] Looking for 'prokka-genbank_to_fasta_db' - found /usr/local/packages/prokka-1.14.5/bin/prokka-genbank_to_fasta_db
[17:16:43] Looking for 'sed' - found /bin/sed
[17:16:43] Looking for 'tbl2asn' - found /usr/local/packages/Anaconda3-2019.10/bin/tbl2asn
[17:16:43] Determined tbl2asn version is 025008 from 'tbl2asn 25.8   arguments:'
[17:16:43] Using genetic code table 11.
[17:16:43] Loading and checking input file: ../02_Blast/chloroplast_contigs_rapid_genomics_run2/P003_WH08_chloroplast_contigs.fa
[17:16:43] Wrote 3 contigs totalling 128619 bp.
[17:16:43] Predicting tRNAs and tmRNAs
[17:16:43] Running: aragorn -l -gc11  -w P003_WH08\/P003_WH08\.fna
[17:16:43] 1 tRNA-Pro [17344,17419] 35 (tgg)
[17:16:43] 2 tRNA-Trp [17553,17626] 35 (cca)
[17:16:43] 3 tRNA-Met c[31321,31393] 34 (cat)
[17:16:43] 4 tRNA-Ile [32121,32212] 33 (aat)
[17:16:43] 5 tRNA-Phe c[36060,36132] 34 (gaa)
[17:16:43] 6 tRNA-Thr [37727,37801] 35 (tgt)
[17:16:43] 7 tRNA-Ser c[39051,39139] 36 (gga)
[17:16:43] 8 tRNA-Met [47099,47172] 35 (cat)
[17:16:43] 9 tRNA-Gly c[47334,47404] 33 (gcc)
[17:16:43] 10 tRNA-Ser [48189,48277] 35 (tga)
[17:16:43] 11 tRNA-Thr c[52200,52271] 33 (ggt)
[17:16:43] 12 tRNA-Glu [52729,52803] 36 (ttc)
[17:16:43] 13 tRNA-Tyr [52868,52953] 36 (gta)
[17:16:43] 14 tRNA-Asp [53320,53397] 36 (gtc)
[17:16:43] 15 tRNA-Cys c[55781,55852] 33 (gca)
[17:16:43] 16 tRNA-Arg c[73560,73631] 34 (tct)
[17:16:43] 17 tRNA-Ser [75399,75486] 35 (gct)
[17:16:43] 18 tRNA-Gln [76646,76717] 33 (ttg)
[17:16:43] 19 tRNA-His [83591,83664] 34 (gtg)
[17:16:43] 1 tRNA-Met c[2087,2160] 34 (cat)
[17:16:43] 2 tRNA-Leu c[10082,10164] 35 (caa)
[17:16:43] 3 tRNA-Val [16273,16344] 33 (gac)
[17:16:43] 4 tRNA-Arg [23841,23915] 35 (acg)
[17:16:43] 5 tRNA-Asn c[24462,24535] 34 (gtt)
[17:16:43] 1 tRNA-Leu c[14146,14225] 35 (tag)
[17:16:43] Found 25 tRNAs
[17:16:43] Predicting Ribosomal RNAs
[17:16:43] Running Barrnap with 40 threads
[17:16:44] 1 k141_3237 16576 16S ribosomal RNA
[17:16:44] 2 k141_3237 20224 23S ribosomal RNA
[17:16:44] Found 2 rRNAs
[17:16:44] Skipping ncRNA search, enable with --rfam if desired.
[17:16:44] Total of 27 tRNA + rRNA features
[17:16:44] Searching for CRISPR repeats
[17:16:44] Found 0 CRISPRs
[17:16:44] Predicting coding sequences
[17:16:44] Contigs total 128619 bp, so using single mode
[17:16:44] Running: prodigal -i P003_WH08\/P003_WH08\.fna -c -m -g 11 -p single -f sco -q
[17:16:45] Excluding CDS which overlaps existing RNA (tRNA) at k141_59285:52701..52979 on + strand
[17:16:45] Excluding CDS which overlaps existing RNA (tRNA) at k141_59285:76564..76800 on - strand
[17:16:45] Excluding CDS which overlaps existing RNA (tRNA) at k141_3237:16284..16577 on - strand
[17:16:45] Excluding CDS which overlaps existing RNA (rRNA) at k141_3237:17026..17421 on - strand
[17:16:45] Excluding CDS which overlaps existing RNA (rRNA) at k141_3237:19970..20401 on + strand
[17:16:45] Excluding CDS which overlaps existing RNA (rRNA) at k141_3237:22881..23276 on - strand
[17:16:45] Found 97 CDS
[17:16:45] Connecting features back to sequences
[17:16:45] Not using genus-specific database. Try --usegenus to enable it.
[17:16:45] Preparing user-supplied primary BLAST annotation source: vaccinium.gb
[17:16:45] Guessed source was in genbank format.
[17:16:45] Converting genbank 'vaccinium.gb' into Prokka FASTA 'P003_WH08/proteins.faa'
[17:16:45] Running: prokka-genbank_to_fasta_db --format genbank vaccinium\.gb > P003_WH08\/proteins\.faa 2> /dev/null
[17:16:45] Running: makeblastdb -dbtype prot -in P003_WH08\/proteins\.faa -out P003_WH08\/proteins -logfile /dev/null
[17:16:46] Using /inference source as 'vaccinium.gb'
[17:16:46] Annotating CDS, please be patient.
[17:16:46] Will use 40 CPUs for similarity searching.
[17:16:46] There are still 97 unannotated CDS left (started with 97)
[17:16:46] Will use blast to search against P003_WH08/proteins with 40 CPUs
[17:16:46] Running: cat P003_WH08\/P003_WH08\.proteins\.tmp\.12435\.faa | parallel --gnu --plain -j 40 --block 297 --recstart '>' --pipe blastp -query - -db P003_WH08/proteins -evalue 1e-09 -qcov_hsp_perc 80 -num_threads 1 -num_descriptions 1 -num_alignments 1 -seg no > P003_WH08\/P003_WH08\.proteins\.tmp\.12435\.blast 2> /dev/null
[17:16:47] Deleting unwanted file: P003_WH08/P003_WH08.proteins.tmp.12435.faa
[17:16:47] Deleting unwanted file: P003_WH08/P003_WH08.proteins.tmp.12435.blast
[17:16:47] There are still 36 unannotated CDS left (started with 97)
[17:16:47] Will use blast to search against /home/local/packages/prokka-1.14.5/db/kingdom/Bacteria/IS with 40 CPUs
[17:16:47] Running: cat P003_WH08\/P003_WH08\.IS\.tmp\.12435\.faa | parallel --gnu --plain -j 40 --block 89 --recstart '>' --pipe blastp -query - -db /home/local/packages/prokka-1.14.5/db/kingdom/Bacteria/IS -evalue 1e-30 -qcov_hsp_perc 90 -num_threads 1 -num_descriptions 1 -num_alignments 1 -seg no > P003_WH08\/P003_WH08\.IS\.tmp\.12435\.blast 2> /dev/null
[17:16:49] Deleting unwanted file: P003_WH08/P003_WH08.IS.tmp.12435.faa
[17:16:49] Deleting unwanted file: P003_WH08/P003_WH08.IS.tmp.12435.blast
[17:16:49] There are still 36 unannotated CDS left (started with 97)
[17:16:49] Will use blast to search against /home/local/packages/prokka-1.14.5/db/kingdom/Bacteria/AMR with 40 CPUs
[17:16:49] Running: cat P003_WH08\/P003_WH08\.AMR\.tmp\.12435\.faa | parallel --gnu --plain -j 40 --block 89 --recstart '>' --pipe blastp -query - -db /home/local/packages/prokka-1.14.5/db/kingdom/Bacteria/AMR -evalue 1e-300 -qcov_hsp_perc 90 -num_threads 1 -num_descriptions 1 -num_alignments 1 -seg no > P003_WH08\/P003_WH08\.AMR\.tmp\.12435\.blast 2> /dev/null
[17:16:50] Deleting unwanted file: P003_WH08/P003_WH08.AMR.tmp.12435.faa
[17:16:50] Deleting unwanted file: P003_WH08/P003_WH08.AMR.tmp.12435.blast
[17:16:50] There are still 36 unannotated CDS left (started with 97)
[17:16:50] Will use blast to search against /home/local/packages/prokka-1.14.5/db/kingdom/Bacteria/sprot with 40 CPUs
[17:16:50] Running: cat P003_WH08\/P003_WH08\.sprot\.tmp\.12435\.faa | parallel --gnu --plain -j 40 --block 89 --recstart '>' --pipe blastp -query - -db /home/local/packages/prokka-1.14.5/db/kingdom/Bacteria/sprot -evalue 1e-09 -qcov_hsp_perc 80 -num_threads 1 -num_descriptions 1 -num_alignments 1 -seg no > P003_WH08\/P003_WH08\.sprot\.tmp\.12435\.blast 2> /dev/null
[17:16:52] Deleting unwanted file: P003_WH08/P003_WH08.sprot.tmp.12435.faa
[17:16:52] Deleting unwanted file: P003_WH08/P003_WH08.sprot.tmp.12435.blast
[17:16:52] There are still 32 unannotated CDS left (started with 97)
[17:16:52] Will use hmmer3 to search against /home/local/packages/prokka-1.14.5/db/hmm/HAMAP.hmm with 40 CPUs
[17:16:52] Running: cat P003_WH08\/P003_WH08\.HAMAP\.hmm\.tmp\.12435\.faa | parallel --gnu --plain -j 40 --block 83 --recstart '>' --pipe hmmscan --noali --notextw --acc -E 1e-09 --cpu 1 /home/local/packages/prokka-1.14.5/db/hmm/HAMAP.hmm /dev/stdin > P003_WH08\/P003_WH08\.HAMAP\.hmm\.tmp\.12435\.hmmer3 2> /dev/null
[17:16:53] Deleting unwanted file: P003_WH08/P003_WH08.HAMAP.hmm.tmp.12435.faa
[17:16:53] Deleting unwanted file: P003_WH08/P003_WH08.HAMAP.hmm.tmp.12435.hmmer3
[17:16:53] Deleting unwanted file: P003_WH08/proteins.psq
[17:16:53] Deleting unwanted file: P003_WH08/proteins.phr
[17:16:53] Deleting unwanted file: P003_WH08/proteins.pin
[17:16:53] Labelling remaining 29 proteins as 'hypothetical protein'
[17:16:53] Possible /pseudo 'ATP-dependent Clp protease proteolytic subunit' at k141_59285 position 13964
[17:16:53] Possible /pseudo 'RNA polymerase beta' subunit' at k141_59285 position 61382
[17:16:53] Possible /pseudo 'NADH-plastoquinone oxidoreductase subunit 2' at k141_3237 position 12166
[17:16:53] Found 62 unique /gene codes.
[17:16:53] Fixed 2 duplicate /gene - ndhA_1 ndhA_2
[17:16:53] Fixed 2 duplicate /gene - ndhB_1 ndhB_2
[17:16:53] Fixed 2 duplicate /gene - clpP_1 clpP_2
[17:16:53] Fixed 2 duplicate /gene - atpF_1 atpF_2
[17:16:53] Fixed 2 duplicate /gene - rpoC1_1 rpoC1_2
[17:16:53] Fixed 2 duplicate /gene - rpl2_1 rpl2_2
[17:16:53] Fixed 6 colliding /gene names.
[17:16:53] Adding /locus_tag identifiers
[17:16:53] Assigned 124 locus_tags to CDS and RNA features.
[17:16:53] Writing outputs to P003_WH08/
[17:16:53] Generating annotation statistics file
[17:16:53] Generating Genbank and Sequin files
[17:16:53] Running: tbl2asn -V b -a r10k -l paired-ends -M n -N 1 -y 'Annotated using prokka 1.14.5 from https://github.com/tseemann/prokka' -Z P003_WH08\/P003_WH08\.err -i P003_WH08\/P003_WH08\.fsa 2> /dev/null
[17:16:54] Deleting unwanted file: P003_WH08/errorsummary.val
[17:16:54] Deleting unwanted file: P003_WH08/P003_WH08.dr
[17:16:54] Deleting unwanted file: P003_WH08/P003_WH08.fixedproducts
[17:16:54] Deleting unwanted file: P003_WH08/P003_WH08.ecn
[17:16:54] Deleting unwanted file: P003_WH08/P003_WH08.val
[17:16:54] Repairing broken .GBK output that tbl2asn produces...
[17:16:54] Running: sed 's/COORDINATES: profile/COORDINATES:profile/' < P003_WH08\/P003_WH08\.gbf > P003_WH08\/P003_WH08\.gbk
[17:16:54] Deleting unwanted file: P003_WH08/P003_WH08.gbf
[17:16:54] Output files:
[17:16:54] P003_WH08/P003_WH08.err
[17:16:54] P003_WH08/P003_WH08.sqn
[17:16:54] P003_WH08/P003_WH08.fsa
[17:16:54] P003_WH08/P003_WH08.faa
[17:16:54] P003_WH08/P003_WH08.gff
[17:16:54] P003_WH08/P003_WH08.fna
[17:16:54] P003_WH08/P003_WH08.log
[17:16:54] P003_WH08/P003_WH08.tsv
[17:16:54] P003_WH08/P003_WH08.txt
[17:16:54] P003_WH08/P003_WH08.ffn
[17:16:54] P003_WH08/P003_WH08.gbk
[17:16:54] P003_WH08/P003_WH08.tbl
[17:16:54] Annotation finished successfully.
[17:16:54] Walltime used: 0.22 minutes
[17:16:54] If you use this result please cite the Prokka paper:
[17:16:54] Seemann T (2014) Prokka: rapid prokaryotic genome annotation. Bioinformatics. 30(14):2068-9.
[17:16:54] Type 'prokka --citation' for more details.
[17:16:54] Share and enjoy!
