[16:15:04] This is prokka 1.14.5
[16:15:04] Written by Torsten Seemann <torsten.seemann@gmail.com>
[16:15:04] Homepage is https://github.com/tseemann/prokka
[16:15:04] Local time is Fri Nov 26 16:15:04 2021
[16:15:04] You are ruud
[16:15:04] Operating system is linux
[16:15:04] You have BioPerl 1.7.8
[16:15:04] System has 40 cores.
[16:15:04] Will use maximum of 40 cores.
[16:15:04] Annotating as >>> Bacteria <<<
[16:15:04] Creating new output folder: P001_WB07
[16:15:04] Running: mkdir -p P001_WB07
[16:15:04] Using filename prefix: P001_WB07.XXX
[16:15:04] Setting HMMER_NCPU=1
[16:15:04] Writing log to: P001_WB07/P001_WB07.log
[16:15:04] Command: /usr/local/packages/prokka-1.14.5/bin/prokka --cpus 40 --prefix P001_WB07 --Kingdom Bacteria --locustag P001_WB07 --proteins vaccinium.gb ../02_Blast/chloroplast_contigs_rapid_genomics_run2/P001_WB07_chloroplast_contigs.fa
[16:15:04] Appending to PATH: /home/local/packages/prokka-1.14.5/bin/../binaries/linux
[16:15:04] Appending to PATH: /home/local/packages/prokka-1.14.5/bin/../binaries/linux/../common
[16:15:04] Appending to PATH: /home/local/packages/prokka-1.14.5/bin
[16:15:04] Looking for 'aragorn' - found /usr/local/packages/Anaconda3-2019.10/bin/aragorn
[16:15:04] Determined aragorn version is 001002 from 'ARAGORN v1.2.38 Dean Laslett'
[16:15:04] Looking for 'barrnap' - found /usr/local/packages/Anaconda3-2019.10/bin/barrnap
[16:15:04] Determined barrnap version is 000009 from 'barrnap 0.9'
[16:15:04] Looking for 'blastp' - found /usr/local/packages/Anaconda3-2019.10/bin/blastp
[16:15:05] Determined blastp version is 002011 from 'blastp: 2.11.0+'
[16:15:05] Looking for 'cmpress' - found /usr/local/packages/Anaconda3-2019.10/bin/cmpress
[16:15:05] Determined cmpress version is 001001 from '# INFERNAL 1.1.2 (July 2016)'
[16:15:05] Looking for 'cmscan' - found /usr/local/packages/Anaconda3-2019.10/bin/cmscan
[16:15:05] Determined cmscan version is 001001 from '# INFERNAL 1.1.2 (July 2016)'
[16:15:05] Looking for 'egrep' - found /bin/egrep
[16:15:05] Looking for 'find' - found /bin/find
[16:15:05] Looking for 'grep' - found /bin/grep
[16:15:05] Looking for 'hmmpress' - found /usr/local/packages/Anaconda3-2019.10/bin/hmmpress
[16:15:05] Determined hmmpress version is 003003 from '# HMMER 3.3.2 (Nov 2020); http://hmmer.org/'
[16:15:05] Looking for 'hmmscan' - found /usr/local/packages/Anaconda3-2019.10/bin/hmmscan
[16:15:05] Determined hmmscan version is 003003 from '# HMMER 3.3.2 (Nov 2020); http://hmmer.org/'
[16:15:05] Looking for 'java' - found /usr/local/packages/jdk1.8.0_191/bin/java
[16:15:05] Looking for 'makeblastdb' - found /usr/local/packages/Anaconda3-2019.10/bin/makeblastdb
[16:15:06] Determined makeblastdb version is 002011 from 'makeblastdb: 2.11.0+'
[16:15:06] Looking for 'minced' - found /usr/local/packages/Anaconda3-2019.10/bin/minced
[16:15:06] Determined minced version is 004002 from 'minced 0.4.2'
[16:15:06] Looking for 'parallel' - found /usr/local/packages/Anaconda3-2019.10/bin/parallel
[16:15:06] Determined parallel version is 20210822 from 'GNU parallel 20210822'
[16:15:06] Looking for 'prodigal' - found /usr/local/packages/Anaconda3-2019.10/bin/prodigal
[16:15:06] Determined prodigal version is 002006 from 'Prodigal V2.6.3: February, 2016'
[16:15:06] Looking for 'prokka-genbank_to_fasta_db' - found /usr/local/packages/prokka-1.14.5/bin/prokka-genbank_to_fasta_db
[16:15:06] Looking for 'sed' - found /bin/sed
[16:15:06] Looking for 'tbl2asn' - found /usr/local/packages/Anaconda3-2019.10/bin/tbl2asn
[16:15:06] Determined tbl2asn version is 025008 from 'tbl2asn 25.8   arguments:'
[16:15:06] Using genetic code table 11.
[16:15:06] Loading and checking input file: ../02_Blast/chloroplast_contigs_rapid_genomics_run2/P001_WB07_chloroplast_contigs.fa
[16:15:06] Wrote 2 contigs totalling 124596 bp.
[16:15:06] Predicting tRNAs and tmRNAs
[16:15:06] Running: aragorn -l -gc11  -w P001_WB07\/P001_WB07\.fna
[16:15:06] 1 tRNA-Leu c[3514,3594] 34 (caa)
[16:15:06] 2 tRNA-Val [9024,9095] 33 (gac)
[16:15:06] 3 tRNA-Arg [16676,16750] 35 (acg)
[16:15:06] 4 tRNA-Asn c[17180,17251] 33 (gtt)
[16:15:06] 5 tRNA-Leu c[32690,32769] 35 (tag)
[16:15:06] 6 tRNA-His c[36684,36758] 35 (gtg)
[16:15:06] 7 tRNA-Met c[46132,46204] 34 (cat)
[16:15:06] 8 tRNA-Phe c[49815,49887] 34 (gaa)
[16:15:06] 9 tRNA-Thr [51780,51854] 35 (tgt)
[16:15:06] 10 tRNA-Ser c[52899,52987] 35 (gga)
[16:15:06] 11 tRNA-Met [61209,61283] 35 (cat)
[16:15:06] 12 tRNA-Gly c[61383,61455] 33 (gcc)
[16:15:06] 13 tRNA-Ser [62482,62570] 35 (tga)
[16:15:06] 14 tRNA-Thr c[66560,66633] 34 (ggt)
[16:15:06] 15 tRNA-Glu [67091,67165] 36 (ttc)
[16:15:06] 16 tRNA-Tyr [67229,67315] 36 (gta)
[16:15:06] 17 tRNA-Asp [67727,67802] 36 (gtc)
[16:15:06] 18 tRNA-Cys c[70205,70275] 33 (gca)
[16:15:06] 19 tRNA-Arg c[87174,87245] 34 (tct)
[16:15:06] 20 tRNA-Ser [88867,88955] 36 (gct)
[16:15:06] 21 tRNA-Gln [90321,90392] 33 (ttg)
[16:15:06] 22 tRNA-Trp c[99519,99592] 35 (cca)
[16:15:06] 23 tRNA-Pro c[99778,99851] 35 (tgg)
[16:15:06] 24 tRNA-Met c[119620,119694] 34 (cat)
[16:15:06] Found 24 tRNAs
[16:15:06] Predicting Ribosomal RNAs
[16:15:06] Running Barrnap with 40 threads
[16:15:07] 1 k141_3592 611 16S ribosomal RNA (partial)
[16:15:07] 2 k141_48354 9341 16S ribosomal RNA
[16:15:07] 3 k141_48354 13084 23S ribosomal RNA
[16:15:07] Found 3 rRNAs
[16:15:07] Skipping ncRNA search, enable with --rfam if desired.
[16:15:07] Total of 27 tRNA + rRNA features
[16:15:07] Searching for CRISPR repeats
[16:15:08] Found 0 CRISPRs
[16:15:08] Predicting coding sequences
[16:15:08] Contigs total 124596 bp, so using single mode
[16:15:08] Running: prodigal -i P001_WB07\/P001_WB07\.fna -c -m -g 11 -p single -f sco -q
[16:15:08] Excluding CDS which overlaps existing RNA (rRNA) at k141_3592:581..1177 on - strand
[16:15:08] Excluding CDS which overlaps existing RNA (rRNA) at k141_48354:14228..14434 on + strand
[16:15:08] Excluding CDS which overlaps existing RNA (tRNA) at k141_48354:66434..66745 on + strand
[16:15:08] Found 88 CDS
[16:15:08] Connecting features back to sequences
[16:15:08] Not using genus-specific database. Try --usegenus to enable it.
[16:15:08] Preparing user-supplied primary BLAST annotation source: vaccinium.gb
[16:15:08] Guessed source was in genbank format.
[16:15:08] Converting genbank 'vaccinium.gb' into Prokka FASTA 'P001_WB07/proteins.faa'
[16:15:08] Running: prokka-genbank_to_fasta_db --format genbank vaccinium\.gb > P001_WB07\/proteins\.faa 2> /dev/null
[16:15:08] Running: makeblastdb -dbtype prot -in P001_WB07\/proteins\.faa -out P001_WB07\/proteins -logfile /dev/null
[16:15:09] Using /inference source as 'vaccinium.gb'
[16:15:09] Annotating CDS, please be patient.
[16:15:09] Will use 40 CPUs for similarity searching.
[16:15:10] There are still 88 unannotated CDS left (started with 88)
[16:15:10] Will use blast to search against P001_WB07/proteins with 40 CPUs
[16:15:10] Running: cat P001_WB07\/P001_WB07\.proteins\.tmp\.5840\.faa | parallel --gnu --plain -j 40 --block 277 --recstart '>' --pipe blastp -query - -db P001_WB07/proteins -evalue 1e-09 -qcov_hsp_perc 80 -num_threads 1 -num_descriptions 1 -num_alignments 1 -seg no > P001_WB07\/P001_WB07\.proteins\.tmp\.5840\.blast 2> /dev/null
[16:15:11] Deleting unwanted file: P001_WB07/P001_WB07.proteins.tmp.5840.faa
[16:15:11] Deleting unwanted file: P001_WB07/P001_WB07.proteins.tmp.5840.blast
[16:15:11] There are still 25 unannotated CDS left (started with 88)
[16:15:11] Will use blast to search against /home/local/packages/prokka-1.14.5/db/kingdom/Bacteria/IS with 40 CPUs
[16:15:11] Running: cat P001_WB07\/P001_WB07\.IS\.tmp\.5840\.faa | parallel --gnu --plain -j 40 --block 66 --recstart '>' --pipe blastp -query - -db /home/local/packages/prokka-1.14.5/db/kingdom/Bacteria/IS -evalue 1e-30 -qcov_hsp_perc 90 -num_threads 1 -num_descriptions 1 -num_alignments 1 -seg no > P001_WB07\/P001_WB07\.IS\.tmp\.5840\.blast 2> /dev/null
[16:15:12] Deleting unwanted file: P001_WB07/P001_WB07.IS.tmp.5840.faa
[16:15:12] Deleting unwanted file: P001_WB07/P001_WB07.IS.tmp.5840.blast
[16:15:13] There are still 25 unannotated CDS left (started with 88)
[16:15:13] Will use blast to search against /home/local/packages/prokka-1.14.5/db/kingdom/Bacteria/AMR with 40 CPUs
[16:15:13] Running: cat P001_WB07\/P001_WB07\.AMR\.tmp\.5840\.faa | parallel --gnu --plain -j 40 --block 66 --recstart '>' --pipe blastp -query - -db /home/local/packages/prokka-1.14.5/db/kingdom/Bacteria/AMR -evalue 1e-300 -qcov_hsp_perc 90 -num_threads 1 -num_descriptions 1 -num_alignments 1 -seg no > P001_WB07\/P001_WB07\.AMR\.tmp\.5840\.blast 2> /dev/null
[16:15:14] Deleting unwanted file: P001_WB07/P001_WB07.AMR.tmp.5840.faa
[16:15:14] Deleting unwanted file: P001_WB07/P001_WB07.AMR.tmp.5840.blast
[16:15:14] There are still 25 unannotated CDS left (started with 88)
[16:15:14] Will use blast to search against /home/local/packages/prokka-1.14.5/db/kingdom/Bacteria/sprot with 40 CPUs
[16:15:14] Running: cat P001_WB07\/P001_WB07\.sprot\.tmp\.5840\.faa | parallel --gnu --plain -j 40 --block 66 --recstart '>' --pipe blastp -query - -db /home/local/packages/prokka-1.14.5/db/kingdom/Bacteria/sprot -evalue 1e-09 -qcov_hsp_perc 80 -num_threads 1 -num_descriptions 1 -num_alignments 1 -seg no > P001_WB07\/P001_WB07\.sprot\.tmp\.5840\.blast 2> /dev/null
[16:15:16] Deleting unwanted file: P001_WB07/P001_WB07.sprot.tmp.5840.faa
[16:15:16] Deleting unwanted file: P001_WB07/P001_WB07.sprot.tmp.5840.blast
[16:15:16] There are still 23 unannotated CDS left (started with 88)
[16:15:16] Will use hmmer3 to search against /home/local/packages/prokka-1.14.5/db/hmm/HAMAP.hmm with 40 CPUs
[16:15:16] Running: cat P001_WB07\/P001_WB07\.HAMAP\.hmm\.tmp\.5840\.faa | parallel --gnu --plain -j 40 --block 61 --recstart '>' --pipe hmmscan --noali --notextw --acc -E 1e-09 --cpu 1 /home/local/packages/prokka-1.14.5/db/hmm/HAMAP.hmm /dev/stdin > P001_WB07\/P001_WB07\.HAMAP\.hmm\.tmp\.5840\.hmmer3 2> /dev/null
[16:15:17] Deleting unwanted file: P001_WB07/P001_WB07.HAMAP.hmm.tmp.5840.faa
[16:15:17] Deleting unwanted file: P001_WB07/P001_WB07.HAMAP.hmm.tmp.5840.hmmer3
[16:15:17] Deleting unwanted file: P001_WB07/proteins.psq
[16:15:17] Deleting unwanted file: P001_WB07/proteins.phr
[16:15:17] Deleting unwanted file: P001_WB07/proteins.pin
[16:15:17] Labelling remaining 18 proteins as 'hypothetical protein'
[16:15:17] Possible /pseudo 'NADH-plastoquinone oxidoreductase subunit 2' at k141_48354 position 5572
[16:15:17] Possible /pseudo 'NADH-plastoquinone oxidoreductase subunit 1' at k141_48354 position 26743
[16:15:17] Possible /pseudo 'RNA polymerase beta' subunit' at k141_48354 position 75907
[16:15:17] Possible /pseudo 'ATP-dependent Clp protease proteolytic subunit' at k141_48354 position 104367
[16:15:17] Possible /pseudo 'ribosomal protein L2' at k141_48354 position 118376
[16:15:17] Found 64 unique /gene codes.
[16:15:17] Fixed 2 duplicate /gene - rpoC1_1 rpoC1_2
[16:15:17] Fixed 2 duplicate /gene - ndhA_1 ndhA_2
[16:15:17] Fixed 2 duplicate /gene - ycf3_1 ycf3_2
[16:15:17] Fixed 2 duplicate /gene - clpP_1 clpP_2
[16:15:17] Fixed 2 duplicate /gene - rpl2_1 rpl2_2
[16:15:17] Fixed 2 duplicate /gene - ndhB_1 ndhB_2
[16:15:17] Fixed 6 colliding /gene names.
[16:15:17] Adding /locus_tag identifiers
[16:15:17] Assigned 115 locus_tags to CDS and RNA features.
[16:15:17] Writing outputs to P001_WB07/
[16:15:17] Generating annotation statistics file
[16:15:17] Generating Genbank and Sequin files
[16:15:17] Running: tbl2asn -V b -a r10k -l paired-ends -M n -N 1 -y 'Annotated using prokka 1.14.5 from https://github.com/tseemann/prokka' -Z P001_WB07\/P001_WB07\.err -i P001_WB07\/P001_WB07\.fsa 2> /dev/null
[16:15:18] Deleting unwanted file: P001_WB07/errorsummary.val
[16:15:18] Deleting unwanted file: P001_WB07/P001_WB07.dr
[16:15:18] Deleting unwanted file: P001_WB07/P001_WB07.fixedproducts
[16:15:18] Deleting unwanted file: P001_WB07/P001_WB07.ecn
[16:15:18] Deleting unwanted file: P001_WB07/P001_WB07.val
[16:15:18] Repairing broken .GBK output that tbl2asn produces...
[16:15:18] Running: sed 's/COORDINATES: profile/COORDINATES:profile/' < P001_WB07\/P001_WB07\.gbf > P001_WB07\/P001_WB07\.gbk
[16:15:18] Deleting unwanted file: P001_WB07/P001_WB07.gbf
[16:15:18] Output files:
[16:15:18] P001_WB07/P001_WB07.err
[16:15:18] P001_WB07/P001_WB07.faa
[16:15:18] P001_WB07/P001_WB07.fsa
[16:15:18] P001_WB07/P001_WB07.gff
[16:15:18] P001_WB07/P001_WB07.gbk
[16:15:18] P001_WB07/P001_WB07.tsv
[16:15:18] P001_WB07/P001_WB07.tbl
[16:15:18] P001_WB07/P001_WB07.ffn
[16:15:18] P001_WB07/P001_WB07.fna
[16:15:18] P001_WB07/P001_WB07.sqn
[16:15:18] P001_WB07/P001_WB07.log
[16:15:18] P001_WB07/P001_WB07.txt
[16:15:18] Annotation finished successfully.
[16:15:18] Walltime used: 0.23 minutes
[16:15:18] If you use this result please cite the Prokka paper:
[16:15:18] Seemann T (2014) Prokka: rapid prokaryotic genome annotation. Bioinformatics. 30(14):2068-9.
[16:15:18] Type 'prokka --citation' for more details.
[16:15:18] Thank you, come again.
