Discrepancy Report Results

Summary
FATAL: MISSING_PROTEIN_ID:99 proteins have invalid IDs.
DISC_SOURCE_QUALS_ASNDISC:strain (all present, all same)
DISC_SOURCE_QUALS_ASNDISC:taxname (all present, all same)
DISC_FEATURE_COUNT:CDS: 99 present
DISC_FEATURE_COUNT:tRNA: 24 present
DISC_FEATURE_COUNT:rRNA: 4 present
DISC_COUNT_NUCLEOTIDES:5 nucleotide Bioseqs are present
FEATURE_LOCATION_CONFLICT:127 features have inconsistent gene locations.
SUSPECT_PRODUCT_NAMES:2 product_names contain suspect phrase or characters
	May contain database identifier more appropriate in note; remove from product name
		2 features contains three or more numbers together that may be identifiers more appropriate in note
DISC_QUALITY_SCORES:Quality scores are missing on all sequences.
FATAL: DISC_SUSPECT_RRNA_PRODUCTS:2 rRNA product names contain suspect phrase
FATAL: DISC_SHORT_RRNA:2 rRNA features are too short
ONCALLER_COMMENT_PRESENT:5 comment descriptors were found (all same)
SHORT_PROT_SEQUENCES:13 protein sequences are shorter than 50 aa.
MISSING_GENOMEASSEMBLY_COMMENTS:5 bioseqs are missing GenomeAssembly structured comments
MOLTYPE_NOT_MRNA:5 molecule types are not set as mRNA.
TECHNIQUE_NOT_TSA:5 technique are not set as TSA
MISSING_STRUCTURED_COMMENT:5 sequences do not include structured comments.
MISSING_PROJECT:104 sequences do not include project.
FATAL: RRNA_NAME_CONFLICTS:2 rRNA product names are not standard. Correct the names to the standard format, eg "16S ribosomal RNA"
DISC_INCONSISTENT_MOLINFO_TECH:Molinfo Technique Report (some missing, all same)


Detailed Report

FATAL: DiscRep_ALL:MISSING_PROTEIN_ID::99 proteins have invalid IDs.
P002_WF08/P002_WF08:k141_11449_1 (length 113)
P002_WF08/P002_WF08:k141_11449_2 (length 117)
P002_WF08/P002_WF08:k141_17573_1 (length 29)
P002_WF08/P002_WF08:k141_17573_2 (length 353)
P002_WF08/P002_WF08:k141_17573_3 (length 511)
P002_WF08/P002_WF08:k141_17573_4 (length 79)
P002_WF08/P002_WF08:k141_17573_5 (length 118)
P002_WF08/P002_WF08:k141_17573_6 (length 94)
P002_WF08/P002_WF08:k141_17573_7 (length 353)
P002_WF08/P002_WF08:k141_17573_8 (length 473)
P002_WF08/P002_WF08:k141_17573_9 (length 51)
P002_WF08/P002_WF08:k141_17573_10 (length 70)
P002_WF08/P002_WF08:k141_17573_11 (length 44)
P002_WF08/P002_WF08:k141_17573_12 (length 70)
P002_WF08/P002_WF08:k141_17573_13 (length 1076)
P002_WF08/P002_WF08:k141_17573_14 (length 676)
P002_WF08/P002_WF08:k141_17573_15 (length 1493)
P002_WF08/P002_WF08:k141_17573_16 (length 227)
P002_WF08/P002_WF08:k141_17573_17 (length 286)
P002_WF08/P002_WF08:k141_17573_18 (length 81)
P002_WF08/P002_WF08:k141_17573_19 (length 123)
P002_WF08/P002_WF08:k141_17573_20 (length 532)
P002_WF08/P002_WF08:k141_17573_21 (length 103)
P002_WF08/P002_WF08:k141_17573_22 (length 734)
P002_WF08/P002_WF08:k141_17573_23 (length 765)
P002_WF08/P002_WF08:k141_17573_24 (length 48)
P002_WF08/P002_WF08:k141_17573_25 (length 82)
P002_WF08/P002_WF08:k141_17573_26 (length 44)
P002_WF08/P002_WF08:k141_17573_27 (length 55)
P002_WF08/P002_WF08:k141_17573_28 (length 201)
P002_WF08/P002_WF08:k141_17573_29 (length 184)
P002_WF08/P002_WF08:k141_17573_30 (length 225)
P002_WF08/P002_WF08:k141_17573_31 (length 120)
P002_WF08/P002_WF08:k141_17573_32 (length 137)
P002_WF08/P002_WF08:k141_17573_33 (length 528)
P002_WF08/P002_WF08:k141_17573_34 (length 477)
P002_WF08/P002_WF08:k141_17573_35 (length 35)
P002_WF08/P002_WF08:k141_17573_36 (length 77)
P002_WF08/P002_WF08:k141_17573_37 (length 36)
P002_WF08/P002_WF08:k141_17573_38 (length 185)
P002_WF08/P002_WF08:k141_17573_39 (length 230)
P002_WF08/P002_WF08:k141_17573_40 (length 307)
P002_WF08/P002_WF08:k141_17573_41 (length 80)
P002_WF08/P002_WF08:k141_17573_42 (length 47)
P002_WF08/P002_WF08:k141_17573_43 (length 50)
P002_WF08/P002_WF08:k141_17573_44 (length 83)
P002_WF08/P002_WF08:k141_17573_45 (length 37)
P002_WF08/P002_WF08:k141_17573_46 (length 52)
P002_WF08/P002_WF08:k141_17573_47 (length 170)
P002_WF08/P002_WF08:k141_17573_48 (length 119)
P002_WF08/P002_WF08:k141_17573_49 (length 216)
P002_WF08/P002_WF08:k141_17573_50 (length 36)
P002_WF08/P002_WF08:k141_17573_51 (length 508)
P002_WF08/P002_WF08:k141_17573_52 (length 38)
P002_WF08/P002_WF08:k141_17573_53 (length 118)
P002_WF08/P002_WF08:k141_17573_54 (length 57)
P002_WF08/P002_WF08:k141_17573_55 (length 232)
P002_WF08/P002_WF08:k141_17573_56 (length 60)
P002_WF08/P002_WF08:k141_17573_57 (length 174)
P002_WF08/P002_WF08:k141_17573_58 (length 341)
P002_WF08/P002_WF08:k141_17573_59 (length 143)
P002_WF08/P002_WF08:k141_17573_60 (length 64)
P002_WF08/P002_WF08:k141_17573_61 (length 113)
P002_WF08/P002_WF08:k141_17573_62 (length 136)
P002_WF08/P002_WF08:k141_17573_63 (length 123)
P002_WF08/P002_WF08:k141_17573_64 (length 120)
P002_WF08/P002_WF08:k141_17573_65 (length 239)
P002_WF08/P002_WF08:k141_17573_66 (length 147)
P002_WF08/P002_WF08:k141_17573_67 (length 29)
P002_WF08/P002_WF08:k141_25689_1 (length 105)
P002_WF08/P002_WF08:k141_20454_1 (length 379)
P002_WF08/P002_WF08:k141_20454_2 (length 187)
P002_WF08/P002_WF08:k141_20454_3 (length 148)
P002_WF08/P002_WF08:k141_20454_4 (length 180)
P002_WF08/P002_WF08:k141_20454_5 (length 176)
P002_WF08/P002_WF08:k141_20454_6 (length 100)
P002_WF08/P002_WF08:k141_20454_7 (length 81)
P002_WF08/P002_WF08:k141_20454_8 (length 500)
P002_WF08/P002_WF08:k141_20454_9 (length 309)
P002_WF08/P002_WF08:k141_20454_10 (length 43)
P002_WF08/P002_WF08:k141_20454_11 (length 739)
P002_WF08/P002_WF08:k141_20454_12 (length 66)
P002_WF08/P002_WF08:k141_11302_1 (length 90)
P002_WF08/P002_WF08:k141_11302_2 (length 58)
P002_WF08/P002_WF08:k141_11302_3 (length 92)
P002_WF08/P002_WF08:k141_11302_4 (length 74)
P002_WF08/P002_WF08:k141_11302_5 (length 171)
P002_WF08/P002_WF08:k141_11302_6 (length 62)
P002_WF08/P002_WF08:k141_11302_7 (length 115)
P002_WF08/P002_WF08:k141_11302_8 (length 45)
P002_WF08/P002_WF08:k141_11302_9 (length 52)
P002_WF08/P002_WF08:k141_11302_10 (length 156)
P002_WF08/P002_WF08:k141_11302_11 (length 282)
P002_WF08/P002_WF08:k141_11302_12 (length 204)
P002_WF08/P002_WF08:k141_11302_13 (length 99)
P002_WF08/P002_WF08:k141_11302_14 (length 284)
P002_WF08/P002_WF08:k141_11302_15 (length 93)
P002_WF08/P002_WF08:k141_11302_16 (length 104)
P002_WF08/P002_WF08:k141_11302_17 (length 165)

DiscRep_ALL:DISC_SOURCE_QUALS_ASNDISC::strain (all present, all same)
DiscRep_SUB:DISC_SOURCE_QUALS_ASNDISC::5 sources have 'strain' for strain
DiscRep_ALL:DISC_SOURCE_QUALS_ASNDISC::taxname (all present, all same)
DiscRep_SUB:DISC_SOURCE_QUALS_ASNDISC::5 sources have 'Genus species' for taxname
DiscRep_ALL:DISC_FEATURE_COUNT::CDS: 99 present
DiscRep_ALL:DISC_FEATURE_COUNT::tRNA: 24 present
DiscRep_ALL:DISC_FEATURE_COUNT::rRNA: 4 present
DiscRep_ALL:DISC_COUNT_NUCLEOTIDES::5 nucleotide Bioseqs are present
P002_WF08/P002_WF08:k141_11449 (length 1771)
P002_WF08/P002_WF08:k141_17573 (length 80858)
P002_WF08/P002_WF08:k141_25689 (length 3180)
P002_WF08/P002_WF08:k141_20454 (length 13161)
P002_WF08/P002_WF08:k141_11302 (length 21525)

DiscRep_ALL:FEATURE_LOCATION_CONFLICT::127 features have inconsistent gene locations.
DiscRep_SUB:FEATURE_LOCATION_CONFLICT::Coding region xref gene does not exist
P002_WF08/P002_WF08:CDS	hypothetical protein	k141_11449:240-581	P002_WF08_00001

DiscRep_SUB:FEATURE_LOCATION_CONFLICT::Coding region xref gene does not exist
P002_WF08/P002_WF08:CDS	hypothetical protein	k141_11449:674-1027	P002_WF08_00002

DiscRep_SUB:FEATURE_LOCATION_CONFLICT::Coding region xref gene does not exist
P002_WF08/P002_WF08:CDS	hypothetical protein	k141_17573:16-105	P002_WF08_00003

DiscRep_SUB:FEATURE_LOCATION_CONFLICT::Coding region xref gene does not exist
P002_WF08/P002_WF08:CDS	photosystem II protein D1	k141_17573:c1289-228	P002_WF08_00004

DiscRep_SUB:FEATURE_LOCATION_CONFLICT::Coding region xref gene does not exist
P002_WF08/P002_WF08:CDS	maturase K	k141_17573:c3369-1834	P002_WF08_00005

DiscRep_SUB:FEATURE_LOCATION_CONFLICT::Coding region xref gene does not exist
P002_WF08/P002_WF08:CDS	hypothetical protein	k141_17573:4991-5230	P002_WF08_00006

DiscRep_SUB:FEATURE_LOCATION_CONFLICT::Coding region xref gene does not exist
P002_WF08/P002_WF08:CDS	Photosystem II reaction center protein K	k141_17573:6809-7165	P002_WF08_00008

DiscRep_SUB:FEATURE_LOCATION_CONFLICT::Coding region xref gene does not exist
P002_WF08/P002_WF08:CDS	hypothetical protein	k141_17573:8023-8307	P002_WF08_00010

DiscRep_SUB:FEATURE_LOCATION_CONFLICT::Coding region xref gene does not exist
P002_WF08/P002_WF08:CDS	photosystem II protein D2	k141_17573:8855-9916	P002_WF08_00011

DiscRep_SUB:FEATURE_LOCATION_CONFLICT::Coding region xref gene does not exist
P002_WF08/P002_WF08:CDS	photosystem II CP43 chlorophyll apoprotein	k141_17573:9864-11285	P002_WF08_00012

DiscRep_SUB:FEATURE_LOCATION_CONFLICT::Coding region xref gene does not exist
P002_WF08/P002_WF08:CDS	hypothetical protein	k141_17573:c11702-11547	P002_WF08_00014

DiscRep_SUB:FEATURE_LOCATION_CONFLICT::Coding region xref gene does not exist
P002_WF08/P002_WF08:CDS	photosystem II protein Z	k141_17573:11847-12059	P002_WF08_00015

DiscRep_SUB:FEATURE_LOCATION_CONFLICT::Coding region xref gene does not exist
P002_WF08/P002_WF08:CDS	hypothetical protein	k141_17573:13541-13675	P002_WF08_00018

DiscRep_SUB:FEATURE_LOCATION_CONFLICT::Coding region xref gene does not exist
P002_WF08/P002_WF08:CDS	hypothetical protein	k141_17573:c14968-14756	P002_WF08_00019

DiscRep_SUB:FEATURE_LOCATION_CONFLICT::Coding region xref gene does not exist
P002_WF08/P002_WF08:CDS	RNA polymerase beta subunit	k141_17573:19662-22892	P002_WF08_00025

DiscRep_SUB:FEATURE_LOCATION_CONFLICT::Coding region xref gene does not exist
P002_WF08/P002_WF08:CDS	RNA polymerase beta' subunit	k141_17573:22930-24960	P002_WF08_00026

DiscRep_SUB:FEATURE_LOCATION_CONFLICT::Coding region xref gene does not exist
P002_WF08/P002_WF08:CDS	DNA-directed RNA polymerase subunit beta'	k141_17573:25104-29585	P002_WF08_00027

DiscRep_SUB:FEATURE_LOCATION_CONFLICT::Coding region xref gene does not exist
P002_WF08/P002_WF08:CDS	ribosomal protein S2	k141_17573:29906-30589	P002_WF08_00028

DiscRep_SUB:FEATURE_LOCATION_CONFLICT::Coding region xref gene does not exist
P002_WF08/P002_WF08:CDS	ATP synthase CF0 subunit IV	k141_17573:30723-31583	P002_WF08_00029

DiscRep_SUB:FEATURE_LOCATION_CONFLICT::Coding region xref gene does not exist
P002_WF08/P002_WF08:CDS	ATP synthase CF0 subunit III	k141_17573:32152-32397	P002_WF08_00030

DiscRep_SUB:FEATURE_LOCATION_CONFLICT::Coding region xref gene does not exist
P002_WF08/P002_WF08:CDS	ATP synthase CF0 subunit I	k141_17573:33639-34010	P002_WF08_00031

DiscRep_SUB:FEATURE_LOCATION_CONFLICT::Coding region xref gene does not exist
P002_WF08/P002_WF08:CDS	ATP synthase CF1 alpha subunit	k141_17573:34027-35625	P002_WF08_00032

DiscRep_SUB:FEATURE_LOCATION_CONFLICT::Coding region xref gene does not exist
P002_WF08/P002_WF08:CDS	ribosomal protein S14	k141_17573:c36523-36212	P002_WF08_00034

DiscRep_SUB:FEATURE_LOCATION_CONFLICT::Coding region xref gene does not exist
P002_WF08/P002_WF08:CDS	photosystem I P700 apoprotein A2	k141_17573:c38888-36684	P002_WF08_00035

DiscRep_SUB:FEATURE_LOCATION_CONFLICT::Coding region xref gene does not exist
P002_WF08/P002_WF08:CDS	photosystem I P700 apoprotein A1	k141_17573:c41211-38914	P002_WF08_00036

DiscRep_SUB:FEATURE_LOCATION_CONFLICT::Coding region xref gene does not exist
P002_WF08/P002_WF08:CDS	hypothetical protein	k141_17573:c42305-42159	P002_WF08_00037

DiscRep_SUB:FEATURE_LOCATION_CONFLICT::Coding region xref gene does not exist
P002_WF08/P002_WF08:CDS	putative chloroplast RF34	k141_17573:c42923-42675	P002_WF08_00038

DiscRep_SUB:FEATURE_LOCATION_CONFLICT::Coding region xref gene does not exist
P002_WF08/P002_WF08:CDS	putative chloroplast RF34	k141_17573:c43804-43670	P002_WF08_00039

DiscRep_SUB:FEATURE_LOCATION_CONFLICT::Coding region xref gene does not exist
P002_WF08/P002_WF08:CDS	hypothetical protein	k141_17573:c43917-43750	P002_WF08_00040

DiscRep_SUB:FEATURE_LOCATION_CONFLICT::Coding region xref gene does not exist
P002_WF08/P002_WF08:CDS	ribosomal protein S4	k141_17573:c45369-44764	P002_WF08_00042

DiscRep_SUB:FEATURE_LOCATION_CONFLICT::Coding region xref gene does not exist
P002_WF08/P002_WF08:CDS	NADH-plastoquinone oxidoreductase subunit J	k141_17573:c48720-48166	P002_WF08_00045

DiscRep_SUB:FEATURE_LOCATION_CONFLICT::Coding region xref gene does not exist
P002_WF08/P002_WF08:CDS	NADH-plastoquinone oxidoreductase subunit K	k141_17573:c49426-48749	P002_WF08_00046

DiscRep_SUB:FEATURE_LOCATION_CONFLICT::Coding region xref gene does not exist
P002_WF08/P002_WF08:CDS	NADH-plastoquinone oxidoreductase subunit 3	k141_17573:c49842-49480	P002_WF08_00047

DiscRep_SUB:FEATURE_LOCATION_CONFLICT::Coding region xref gene does not exist
P002_WF08/P002_WF08:CDS	ATP synthase CF1 epsilon subunit	k141_17573:c52152-51739	P002_WF08_00049

DiscRep_SUB:FEATURE_LOCATION_CONFLICT::Coding region xref gene does not exist
P002_WF08/P002_WF08:CDS	ATP synthase CF1 beta subunit	k141_17573:c53735-52149	P002_WF08_00050

DiscRep_SUB:FEATURE_LOCATION_CONFLICT::Coding region xref gene does not exist
P002_WF08/P002_WF08:CDS	ribulose-1,5-bisphosphate carboxylase/oxygenase large subunit	k141_17573:54436-55869	P002_WF08_00051

DiscRep_SUB:FEATURE_LOCATION_CONFLICT::Coding region xref gene does not exist
P002_WF08/P002_WF08:CDS	hypothetical protein	k141_17573:56146-56253	P002_WF08_00052

DiscRep_SUB:FEATURE_LOCATION_CONFLICT::Coding region xref gene does not exist
P002_WF08/P002_WF08:CDS	ribosomal protein L23	k141_17573:56196-56429	P002_WF08_00053

DiscRep_SUB:FEATURE_LOCATION_CONFLICT::Coding region xref gene does not exist
P002_WF08/P002_WF08:CDS	photosystem I subunit VIII	k141_17573:57526-57636	P002_WF08_00054

DiscRep_SUB:FEATURE_LOCATION_CONFLICT::Coding region xref gene does not exist
P002_WF08/P002_WF08:CDS	photosystem I assembly protein Ycf4	k141_17573:57968-58525	P002_WF08_00055

DiscRep_SUB:FEATURE_LOCATION_CONFLICT::Coding region xref gene does not exist
P002_WF08/P002_WF08:CDS	envelope membrane protein	k141_17573:58971-59663	P002_WF08_00056

DiscRep_SUB:FEATURE_LOCATION_CONFLICT::Coding region xref gene does not exist
P002_WF08/P002_WF08:CDS	cytochrome f	k141_17573:59929-60852	P002_WF08_00057

DiscRep_SUB:FEATURE_LOCATION_CONFLICT::Coding region xref gene does not exist
P002_WF08/P002_WF08:CDS	hypothetical protein	k141_17573:c61350-61108	P002_WF08_00058

DiscRep_SUB:FEATURE_LOCATION_CONFLICT::Coding region xref gene does not exist
P002_WF08/P002_WF08:CDS	photosystem II protein J	k141_17573:c61843-61700	P002_WF08_00059

DiscRep_SUB:FEATURE_LOCATION_CONFLICT::Coding region xref gene does not exist
P002_WF08/P002_WF08:CDS	Cytochrome b559 subunit beta	k141_17573:c62239-62087	P002_WF08_00060

DiscRep_SUB:FEATURE_LOCATION_CONFLICT::Coding region xref gene does not exist
P002_WF08/P002_WF08:CDS	photosystem II cytochrome b559 alpha subunit	k141_17573:c62468-62217	P002_WF08_00061

DiscRep_SUB:FEATURE_LOCATION_CONFLICT::Coding region xref gene does not exist
P002_WF08/P002_WF08:CDS	cytochrome b6/f complex subunit V	k141_17573:64018-64131	P002_WF08_00062

DiscRep_SUB:FEATURE_LOCATION_CONFLICT::Coding region xref gene does not exist
P002_WF08/P002_WF08:CDS	photosystem I subunit IX	k141_17573:64852-65010	P002_WF08_00065

DiscRep_SUB:FEATURE_LOCATION_CONFLICT::Coding region xref gene does not exist
P002_WF08/P002_WF08:CDS	hypothetical protein	k141_17573:65912-66424	P002_WF08_00066

DiscRep_SUB:FEATURE_LOCATION_CONFLICT::Coding region xref gene does not exist
P002_WF08/P002_WF08:CDS	ribosomal protein L20	k141_17573:c66941-66582	P002_WF08_00067

DiscRep_SUB:FEATURE_LOCATION_CONFLICT::Coding region xref gene does not exist
P002_WF08/P002_WF08:CDS	ATP-dependent Clp protease proteolytic subunit	k141_17573:c68551-67901	P002_WF08_00068

DiscRep_SUB:FEATURE_LOCATION_CONFLICT::Coding region xref gene does not exist
P002_WF08/P002_WF08:CDS	hypothetical protein	k141_17573:68612-68722	P002_WF08_00069

DiscRep_SUB:FEATURE_LOCATION_CONFLICT::Coding region xref gene does not exist
P002_WF08/P002_WF08:CDS	photosystem II CP47 chlorophyll apoprotein	k141_17573:69092-70618	P002_WF08_00070

DiscRep_SUB:FEATURE_LOCATION_CONFLICT::Coding region xref gene does not exist
P002_WF08/P002_WF08:CDS	photosystem II protein T	k141_17573:70782-70898	P002_WF08_00071

DiscRep_SUB:FEATURE_LOCATION_CONFLICT::Coding region xref gene does not exist
P002_WF08/P002_WF08:CDS	Photosystem II reaction center protein H	k141_17573:71047-71403	P002_WF08_00072

DiscRep_SUB:FEATURE_LOCATION_CONFLICT::Coding region xref gene does not exist
P002_WF08/P002_WF08:CDS	hypothetical protein	k141_17573:c72098-71925	P002_WF08_00073

DiscRep_SUB:FEATURE_LOCATION_CONFLICT::Coding region xref gene does not exist
P002_WF08/P002_WF08:CDS	cytochrome b6	k141_17573:72246-72944	P002_WF08_00074

DiscRep_SUB:FEATURE_LOCATION_CONFLICT::Coding region xref gene does not exist
P002_WF08/P002_WF08:CDS	hypothetical protein	k141_17573:c73763-73581	P002_WF08_00075

DiscRep_SUB:FEATURE_LOCATION_CONFLICT::Coding region xref gene does not exist
P002_WF08/P002_WF08:CDS	cytochrome b6/f complex subunit IV	k141_17573:73834-74358	P002_WF08_00076

DiscRep_SUB:FEATURE_LOCATION_CONFLICT::Coding region xref gene does not exist
P002_WF08/P002_WF08:CDS	DNA-directed RNA polymerase subunit alpha	k141_17573:c75592-74567	P002_WF08_00077

DiscRep_SUB:FEATURE_LOCATION_CONFLICT::Coding region xref gene does not exist
P002_WF08/P002_WF08:CDS	ribosomal protein S11	k141_17573:c76088-75657	P002_WF08_00078

DiscRep_SUB:FEATURE_LOCATION_CONFLICT::Coding region xref gene does not exist
P002_WF08/P002_WF08:CDS	hypothetical protein	k141_17573:76305-76499	P002_WF08_00079

DiscRep_SUB:FEATURE_LOCATION_CONFLICT::Coding region xref gene does not exist
P002_WF08/P002_WF08:CDS	Translation initiation factor IF-1	k141_17573:c76829-76488	P002_WF08_00080

DiscRep_SUB:FEATURE_LOCATION_CONFLICT::Coding region xref gene does not exist
P002_WF08/P002_WF08:CDS	ribosomal protein S8	k141_17573:c77341-76931	P002_WF08_00081

DiscRep_SUB:FEATURE_LOCATION_CONFLICT::Coding region xref gene does not exist
P002_WF08/P002_WF08:CDS	ribosomal protein L14	k141_17573:c77856-77485	P002_WF08_00082

DiscRep_SUB:FEATURE_LOCATION_CONFLICT::Coding region xref gene does not exist
P002_WF08/P002_WF08:CDS	ribosomal protein L16	k141_17573:c78336-77974	P002_WF08_00083

DiscRep_SUB:FEATURE_LOCATION_CONFLICT::Coding region xref gene does not exist
P002_WF08/P002_WF08:CDS	ribosomal protein S3	k141_17573:c80151-79432	P002_WF08_00084

DiscRep_SUB:FEATURE_LOCATION_CONFLICT::Coding region xref gene does not exist
P002_WF08/P002_WF08:CDS	hypothetical protein	k141_17573:c80675-80232	P002_WF08_00085

DiscRep_SUB:FEATURE_LOCATION_CONFLICT::Coding region xref gene does not exist
P002_WF08/P002_WF08:CDS	hypothetical protein	k141_17573:c80843-80754	P002_WF08_00086

DiscRep_SUB:FEATURE_LOCATION_CONFLICT::RNA feature xref gene does not exist
P002_WF08/P002_WF08:tRNA	Gln	k141_17573:c6636-6565	P002_WF08_00007

DiscRep_SUB:FEATURE_LOCATION_CONFLICT::RNA feature xref gene does not exist
P002_WF08/P002_WF08:tRNA	Ser	k141_17573:c7889-7801	P002_WF08_00009

DiscRep_SUB:FEATURE_LOCATION_CONFLICT::RNA feature xref gene does not exist
P002_WF08/P002_WF08:tRNA	Ser	k141_17573:c11529-11442	P002_WF08_00013

DiscRep_SUB:FEATURE_LOCATION_CONFLICT::RNA feature xref gene does not exist
P002_WF08/P002_WF08:tRNA	Gly	k141_17573:12357-12428	P002_WF08_00016

DiscRep_SUB:FEATURE_LOCATION_CONFLICT::RNA feature xref gene does not exist
P002_WF08/P002_WF08:tRNA	Met	k141_17573:c12951-12876	P002_WF08_00017

DiscRep_SUB:FEATURE_LOCATION_CONFLICT::RNA feature xref gene does not exist
P002_WF08/P002_WF08:tRNA	Thr	k141_17573:15081-15154	P002_WF08_00020

DiscRep_SUB:FEATURE_LOCATION_CONFLICT::RNA feature xref gene does not exist
P002_WF08/P002_WF08:tRNA	Glu	k141_17573:15695-15769	P002_WF08_00021

DiscRep_SUB:FEATURE_LOCATION_CONFLICT::RNA feature xref gene does not exist
P002_WF08/P002_WF08:tRNA	Tyr	k141_17573:15829-15914	P002_WF08_00022

DiscRep_SUB:FEATURE_LOCATION_CONFLICT::RNA feature xref gene does not exist
P002_WF08/P002_WF08:tRNA	Asp	k141_17573:16262-16335	P002_WF08_00023

DiscRep_SUB:FEATURE_LOCATION_CONFLICT::RNA feature xref gene does not exist
P002_WF08/P002_WF08:tRNA	Cys	k141_17573:c18463-18393	P002_WF08_00024

DiscRep_SUB:FEATURE_LOCATION_CONFLICT::RNA feature xref gene does not exist
P002_WF08/P002_WF08:tRNA	Arg	k141_17573:c35833-35762	P002_WF08_00033

DiscRep_SUB:FEATURE_LOCATION_CONFLICT::RNA feature xref gene does not exist
P002_WF08/P002_WF08:tRNA	Ser	k141_17573:44421-44507	P002_WF08_00041

DiscRep_SUB:FEATURE_LOCATION_CONFLICT::RNA feature xref gene does not exist
P002_WF08/P002_WF08:tRNA	Thr	k141_17573:c45744-45670	P002_WF08_00043

DiscRep_SUB:FEATURE_LOCATION_CONFLICT::RNA feature xref gene does not exist
P002_WF08/P002_WF08:tRNA	Phe	k141_17573:47540-47612	P002_WF08_00044

DiscRep_SUB:FEATURE_LOCATION_CONFLICT::RNA feature xref gene does not exist
P002_WF08/P002_WF08:tRNA	Met	k141_17573:51551-51625	P002_WF08_00048

DiscRep_SUB:FEATURE_LOCATION_CONFLICT::RNA feature xref gene does not exist
P002_WF08/P002_WF08:tRNA	Trp	k141_17573:c64324-64251	P002_WF08_00063

DiscRep_SUB:FEATURE_LOCATION_CONFLICT::RNA feature xref gene does not exist
P002_WF08/P002_WF08:tRNA	Pro	k141_17573:c64544-64469	P002_WF08_00064

DiscRep_SUB:FEATURE_LOCATION_CONFLICT::Coding region xref gene does not exist
P002_WF08/P002_WF08:CDS	hypothetical protein	k141_25689:1634-1951	P002_WF08_00089

DiscRep_SUB:FEATURE_LOCATION_CONFLICT::RNA feature xref gene does not exist
P002_WF08/P002_WF08:rRNA	16S ribosomal RNA (partial)	k141_25689:2-827	P002_WF08_00087

DiscRep_SUB:FEATURE_LOCATION_CONFLICT::RNA feature xref gene does not exist
P002_WF08/P002_WF08:rRNA	16S ribosomal RNA (partial)	k141_25689:1166-1609	P002_WF08_00088

DiscRep_SUB:FEATURE_LOCATION_CONFLICT::Coding region xref gene does not exist
P002_WF08/P002_WF08:CDS	NADH-plastoquinone oxidoreductase subunit 7	k141_20454:9-1148	P002_WF08_00090

DiscRep_SUB:FEATURE_LOCATION_CONFLICT::Coding region xref gene does not exist
P002_WF08/P002_WF08:CDS	NADH-plastoquinone oxidoreductase subunit 1	k141_20454:1150-1713	P002_WF08_00091

DiscRep_SUB:FEATURE_LOCATION_CONFLICT::Coding region xref gene does not exist
P002_WF08/P002_WF08:CDS	NADH-plastoquinone oxidoreductase subunit 1	k141_20454:2814-3260	P002_WF08_00092

DiscRep_SUB:FEATURE_LOCATION_CONFLICT::Coding region xref gene does not exist
P002_WF08/P002_WF08:CDS	NADH-plastoquinone oxidoreductase subunit I	k141_20454:3358-3900	P002_WF08_00093

DiscRep_SUB:FEATURE_LOCATION_CONFLICT::Coding region xref gene does not exist
P002_WF08/P002_WF08:CDS	NADH-plastoquinone oxidoreductase subunit 6	k141_20454:4148-4678	P002_WF08_00094

DiscRep_SUB:FEATURE_LOCATION_CONFLICT::Coding region xref gene does not exist
P002_WF08/P002_WF08:CDS	NADH-plastoquinone oxidoreductase subunit 4L	k141_20454:4894-5196	P002_WF08_00095

DiscRep_SUB:FEATURE_LOCATION_CONFLICT::Coding region xref gene does not exist
P002_WF08/P002_WF08:CDS	photosystem I subunit VII	k141_20454:5747-5992	P002_WF08_00096

DiscRep_SUB:FEATURE_LOCATION_CONFLICT::Coding region xref gene does not exist
P002_WF08/P002_WF08:CDS	NADH-plastoquinone oxidoreductase subunit 4	k141_20454:6112-7614	P002_WF08_00097

DiscRep_SUB:FEATURE_LOCATION_CONFLICT::Coding region xref gene does not exist
P002_WF08/P002_WF08:CDS	cytochrome c heme attachment protein	k141_20454:c8692-7763	P002_WF08_00098

DiscRep_SUB:FEATURE_LOCATION_CONFLICT::Coding region xref gene does not exist
P002_WF08/P002_WF08:CDS	hypothetical protein	k141_20454:c10236-10105	P002_WF08_00100

DiscRep_SUB:FEATURE_LOCATION_CONFLICT::Coding region xref gene does not exist
P002_WF08/P002_WF08:CDS	NADH-plastoquinone oxidoreductase subunit 5	k141_20454:10700-12919	P002_WF08_00101

DiscRep_SUB:FEATURE_LOCATION_CONFLICT::Coding region xref gene does not exist
P002_WF08/P002_WF08:CDS	NAD(P)H-quinone oxidoreductase subunit H, chloroplastic	k141_20454:c13153-12953	P002_WF08_00102

DiscRep_SUB:FEATURE_LOCATION_CONFLICT::RNA feature xref gene does not exist
P002_WF08/P002_WF08:tRNA	Leu	k141_20454:c8849-8770	P002_WF08_00099

DiscRep_SUB:FEATURE_LOCATION_CONFLICT::Coding region xref gene does not exist
P002_WF08/P002_WF08:CDS	ribosomal protein S15	k141_11302:c585-313	P002_WF08_00103

DiscRep_SUB:FEATURE_LOCATION_CONFLICT::Coding region xref gene does not exist
P002_WF08/P002_WF08:CDS	hypothetical protein	k141_11302:1584-1760	P002_WF08_00104

DiscRep_SUB:FEATURE_LOCATION_CONFLICT::Coding region xref gene does not exist
P002_WF08/P002_WF08:CDS	hypothetical protein	k141_11302:7020-7298	P002_WF08_00108

DiscRep_SUB:FEATURE_LOCATION_CONFLICT::Coding region xref gene does not exist
P002_WF08/P002_WF08:CDS	hypothetical protein	k141_11302:7927-8151	P002_WF08_00109

DiscRep_SUB:FEATURE_LOCATION_CONFLICT::Coding region xref gene does not exist
P002_WF08/P002_WF08:CDS	hypothetical protein	k141_11302:10522-11037	P002_WF08_00112

DiscRep_SUB:FEATURE_LOCATION_CONFLICT::Coding region xref gene does not exist
P002_WF08/P002_WF08:CDS	hypothetical protein	k141_11302:c11263-11075	P002_WF08_00113

DiscRep_SUB:FEATURE_LOCATION_CONFLICT::Coding region xref gene does not exist
P002_WF08/P002_WF08:CDS	hypothetical protein	k141_11302:c11724-11377	P002_WF08_00114

DiscRep_SUB:FEATURE_LOCATION_CONFLICT::Coding region xref gene does not exist
P002_WF08/P002_WF08:CDS	hypothetical protein	k141_11302:11732-11869	P002_WF08_00115

DiscRep_SUB:FEATURE_LOCATION_CONFLICT::Coding region xref gene does not exist
P002_WF08/P002_WF08:CDS	hypothetical protein	k141_11302:12291-12449	P002_WF08_00116

DiscRep_SUB:FEATURE_LOCATION_CONFLICT::Coding region xref gene does not exist
P002_WF08/P002_WF08:CDS	ribosomal protein S7	k141_11302:12788-13258	P002_WF08_00117

DiscRep_SUB:FEATURE_LOCATION_CONFLICT::Coding region xref gene does not exist
P002_WF08/P002_WF08:CDS	NADH-plastoquinone oxidoreductase subunit 2	k141_11302:13562-14410	P002_WF08_00118

DiscRep_SUB:FEATURE_LOCATION_CONFLICT::Coding region xref gene does not exist
P002_WF08/P002_WF08:CDS	NADH-plastoquinone oxidoreductase subunit 2	k141_11302:15192-15806	P002_WF08_00119

DiscRep_SUB:FEATURE_LOCATION_CONFLICT::Coding region xref gene does not exist
P002_WF08/P002_WF08:CDS	hypothetical protein	k141_11302:c17177-16878	P002_WF08_00121

DiscRep_SUB:FEATURE_LOCATION_CONFLICT::Coding region xref gene does not exist
P002_WF08/P002_WF08:CDS	hypothetical protein	k141_11302:c18555-17701	P002_WF08_00122

DiscRep_SUB:FEATURE_LOCATION_CONFLICT::Coding region xref gene does not exist
P002_WF08/P002_WF08:CDS	ribosomal protein L23	k141_11302:19161-19442	P002_WF08_00124

DiscRep_SUB:FEATURE_LOCATION_CONFLICT::Coding region xref gene does not exist
P002_WF08/P002_WF08:CDS	ribosomal protein L2	k141_11302:19548-19862	P002_WF08_00125

DiscRep_SUB:FEATURE_LOCATION_CONFLICT::Coding region xref gene does not exist
P002_WF08/P002_WF08:CDS	ribosomal protein L2	k141_11302:20448-20945	P002_WF08_00126

DiscRep_SUB:FEATURE_LOCATION_CONFLICT::RNA feature xref gene does not exist
P002_WF08/P002_WF08:tRNA	Asn	k141_11302:2126-2199	P002_WF08_00105

DiscRep_SUB:FEATURE_LOCATION_CONFLICT::RNA feature xref gene does not exist
P002_WF08/P002_WF08:tRNA	Arg	k141_11302:c2531-2457	P002_WF08_00106

DiscRep_SUB:FEATURE_LOCATION_CONFLICT::RNA feature xref gene does not exist
P002_WF08/P002_WF08:rRNA	23S ribosomal RNA	k141_11302:c6183-3108	P002_WF08_00107

DiscRep_SUB:FEATURE_LOCATION_CONFLICT::RNA feature xref gene does not exist
P002_WF08/P002_WF08:rRNA	16S ribosomal RNA	k141_11302:c9957-8471	P002_WF08_00110

DiscRep_SUB:FEATURE_LOCATION_CONFLICT::RNA feature xref gene does not exist
P002_WF08/P002_WF08:tRNA	Val	k141_11302:c10263-10192	P002_WF08_00111

DiscRep_SUB:FEATURE_LOCATION_CONFLICT::RNA feature xref gene does not exist
P002_WF08/P002_WF08:tRNA	Leu	k141_11302:16382-16464	P002_WF08_00120

DiscRep_SUB:FEATURE_LOCATION_CONFLICT::RNA feature xref gene does not exist
P002_WF08/P002_WF08:tRNA	Met	k141_11302:18913-18987	P002_WF08_00123

DiscRep_SUB:FEATURE_LOCATION_CONFLICT::RNA feature xref gene does not exist
P002_WF08/P002_WF08:tRNA	His	k141_11302:c21074-21000	P002_WF08_00127

DiscRep_ALL:SUSPECT_PRODUCT_NAMES::2 product_names contain suspect phrase or characters
DiscRep_SUB:SUSPECT_PRODUCT_NAMES::May contain database identifier more appropriate in note; remove from product name
DiscRep_SUB:SUSPECT_PRODUCT_NAMES::2 features contains three or more numbers together that may be identifiers more appropriate in note
P002_WF08/P002_WF08:CDS	photosystem I P700 apoprotein A2	k141_17573:c38888-36684	P002_WF08_00035
P002_WF08/P002_WF08:CDS	photosystem I P700 apoprotein A1	k141_17573:c41211-38914	P002_WF08_00036

DiscRep_ALL:DISC_QUALITY_SCORES::Quality scores are missing on all sequences.

FATAL: DiscRep_ALL:DISC_SUSPECT_RRNA_PRODUCTS::2 rRNA product names contain suspect phrase
FATAL: DiscRep_SUB:DISC_SUSPECT_RRNA_PRODUCTS::2 rRNA product names contains 'partial'
P002_WF08/P002_WF08:rRNA	16S ribosomal RNA (partial)	k141_25689:2-827	P002_WF08_00087
P002_WF08/P002_WF08:rRNA	16S ribosomal RNA (partial)	k141_25689:1166-1609	P002_WF08_00088

FATAL: DiscRep_ALL:DISC_SHORT_RRNA::2 rRNA features are too short
P002_WF08/P002_WF08:rRNA	16S ribosomal RNA (partial)	k141_25689:2-827	P002_WF08_00087
P002_WF08/P002_WF08:rRNA	16S ribosomal RNA (partial)	k141_25689:1166-1609	P002_WF08_00088

DiscRep_ALL:ONCALLER_COMMENT_PRESENT::5 comment descriptors were found (all same)
P002_WF08/P002_WF08:k141_11449:Annotated using prokka 1.14.5 from https://github.com/tseemann/prokka
P002_WF08/P002_WF08:k141_17573:Annotated using prokka 1.14.5 from https://github.com/tseemann/prokka
P002_WF08/P002_WF08:k141_25689:Annotated using prokka 1.14.5 from https://github.com/tseemann/prokka
P002_WF08/P002_WF08:k141_20454:Annotated using prokka 1.14.5 from https://github.com/tseemann/prokka
P002_WF08/P002_WF08:k141_11302:Annotated using prokka 1.14.5 from https://github.com/tseemann/prokka

DiscRep_ALL:SHORT_PROT_SEQUENCES::13 protein sequences are shorter than 50 aa.
P002_WF08/P002_WF08:k141_17573_1 (length 29)
P002_WF08/P002_WF08:k141_17573_11 (length 44)
P002_WF08/P002_WF08:k141_17573_24 (length 48)
P002_WF08/P002_WF08:k141_17573_26 (length 44)
P002_WF08/P002_WF08:k141_17573_35 (length 35)
P002_WF08/P002_WF08:k141_17573_37 (length 36)
P002_WF08/P002_WF08:k141_17573_42 (length 47)
P002_WF08/P002_WF08:k141_17573_45 (length 37)
P002_WF08/P002_WF08:k141_17573_50 (length 36)
P002_WF08/P002_WF08:k141_17573_52 (length 38)
P002_WF08/P002_WF08:k141_17573_67 (length 29)
P002_WF08/P002_WF08:k141_20454_10 (length 43)
P002_WF08/P002_WF08:k141_11302_8 (length 45)

DiscRep_ALL:MISSING_GENOMEASSEMBLY_COMMENTS::5 bioseqs are missing GenomeAssembly structured comments
P002_WF08/P002_WF08:k141_11449 (length 1771)
P002_WF08/P002_WF08:k141_17573 (length 80858)
P002_WF08/P002_WF08:k141_25689 (length 3180)
P002_WF08/P002_WF08:k141_20454 (length 13161)
P002_WF08/P002_WF08:k141_11302 (length 21525)

DiscRep_ALL:MOLTYPE_NOT_MRNA::5 molecule types are not set as mRNA.
P002_WF08/P002_WF08:k141_11449 (length 1771)
P002_WF08/P002_WF08:k141_17573 (length 80858)
P002_WF08/P002_WF08:k141_25689 (length 3180)
P002_WF08/P002_WF08:k141_20454 (length 13161)
P002_WF08/P002_WF08:k141_11302 (length 21525)

DiscRep_ALL:TECHNIQUE_NOT_TSA::5 technique are not set as TSA
P002_WF08/P002_WF08:k141_11449 (length 1771)
P002_WF08/P002_WF08:k141_17573 (length 80858)
P002_WF08/P002_WF08:k141_25689 (length 3180)
P002_WF08/P002_WF08:k141_20454 (length 13161)
P002_WF08/P002_WF08:k141_11302 (length 21525)

DiscRep_ALL:MISSING_STRUCTURED_COMMENT::5 sequences do not include structured comments.
P002_WF08/P002_WF08:k141_11449 (length 1771)
P002_WF08/P002_WF08:k141_17573 (length 80858)
P002_WF08/P002_WF08:k141_25689 (length 3180)
P002_WF08/P002_WF08:k141_20454 (length 13161)
P002_WF08/P002_WF08:k141_11302 (length 21525)

DiscRep_ALL:MISSING_PROJECT::104 sequences do not include project.
P002_WF08/P002_WF08:k141_11449 (length 1771)
P002_WF08/P002_WF08:k141_11449_1 (length 113)
P002_WF08/P002_WF08:k141_11449_2 (length 117)
P002_WF08/P002_WF08:k141_17573 (length 80858)
P002_WF08/P002_WF08:k141_17573_1 (length 29)
P002_WF08/P002_WF08:k141_17573_2 (length 353)
P002_WF08/P002_WF08:k141_17573_3 (length 511)
P002_WF08/P002_WF08:k141_17573_4 (length 79)
P002_WF08/P002_WF08:k141_17573_5 (length 118)
P002_WF08/P002_WF08:k141_17573_6 (length 94)
P002_WF08/P002_WF08:k141_17573_7 (length 353)
P002_WF08/P002_WF08:k141_17573_8 (length 473)
P002_WF08/P002_WF08:k141_17573_9 (length 51)
P002_WF08/P002_WF08:k141_17573_10 (length 70)
P002_WF08/P002_WF08:k141_17573_11 (length 44)
P002_WF08/P002_WF08:k141_17573_12 (length 70)
P002_WF08/P002_WF08:k141_17573_13 (length 1076)
P002_WF08/P002_WF08:k141_17573_14 (length 676)
P002_WF08/P002_WF08:k141_17573_15 (length 1493)
P002_WF08/P002_WF08:k141_17573_16 (length 227)
P002_WF08/P002_WF08:k141_17573_17 (length 286)
P002_WF08/P002_WF08:k141_17573_18 (length 81)
P002_WF08/P002_WF08:k141_17573_19 (length 123)
P002_WF08/P002_WF08:k141_17573_20 (length 532)
P002_WF08/P002_WF08:k141_17573_21 (length 103)
P002_WF08/P002_WF08:k141_17573_22 (length 734)
P002_WF08/P002_WF08:k141_17573_23 (length 765)
P002_WF08/P002_WF08:k141_17573_24 (length 48)
P002_WF08/P002_WF08:k141_17573_25 (length 82)
P002_WF08/P002_WF08:k141_17573_26 (length 44)
P002_WF08/P002_WF08:k141_17573_27 (length 55)
P002_WF08/P002_WF08:k141_17573_28 (length 201)
P002_WF08/P002_WF08:k141_17573_29 (length 184)
P002_WF08/P002_WF08:k141_17573_30 (length 225)
P002_WF08/P002_WF08:k141_17573_31 (length 120)
P002_WF08/P002_WF08:k141_17573_32 (length 137)
P002_WF08/P002_WF08:k141_17573_33 (length 528)
P002_WF08/P002_WF08:k141_17573_34 (length 477)
P002_WF08/P002_WF08:k141_17573_35 (length 35)
P002_WF08/P002_WF08:k141_17573_36 (length 77)
P002_WF08/P002_WF08:k141_17573_37 (length 36)
P002_WF08/P002_WF08:k141_17573_38 (length 185)
P002_WF08/P002_WF08:k141_17573_39 (length 230)
P002_WF08/P002_WF08:k141_17573_40 (length 307)
P002_WF08/P002_WF08:k141_17573_41 (length 80)
P002_WF08/P002_WF08:k141_17573_42 (length 47)
P002_WF08/P002_WF08:k141_17573_43 (length 50)
P002_WF08/P002_WF08:k141_17573_44 (length 83)
P002_WF08/P002_WF08:k141_17573_45 (length 37)
P002_WF08/P002_WF08:k141_17573_46 (length 52)
P002_WF08/P002_WF08:k141_17573_47 (length 170)
P002_WF08/P002_WF08:k141_17573_48 (length 119)
P002_WF08/P002_WF08:k141_17573_49 (length 216)
P002_WF08/P002_WF08:k141_17573_50 (length 36)
P002_WF08/P002_WF08:k141_17573_51 (length 508)
P002_WF08/P002_WF08:k141_17573_52 (length 38)
P002_WF08/P002_WF08:k141_17573_53 (length 118)
P002_WF08/P002_WF08:k141_17573_54 (length 57)
P002_WF08/P002_WF08:k141_17573_55 (length 232)
P002_WF08/P002_WF08:k141_17573_56 (length 60)
P002_WF08/P002_WF08:k141_17573_57 (length 174)
P002_WF08/P002_WF08:k141_17573_58 (length 341)
P002_WF08/P002_WF08:k141_17573_59 (length 143)
P002_WF08/P002_WF08:k141_17573_60 (length 64)
P002_WF08/P002_WF08:k141_17573_61 (length 113)
P002_WF08/P002_WF08:k141_17573_62 (length 136)
P002_WF08/P002_WF08:k141_17573_63 (length 123)
P002_WF08/P002_WF08:k141_17573_64 (length 120)
P002_WF08/P002_WF08:k141_17573_65 (length 239)
P002_WF08/P002_WF08:k141_17573_66 (length 147)
P002_WF08/P002_WF08:k141_17573_67 (length 29)
P002_WF08/P002_WF08:k141_25689 (length 3180)
P002_WF08/P002_WF08:k141_25689_1 (length 105)
P002_WF08/P002_WF08:k141_20454 (length 13161)
P002_WF08/P002_WF08:k141_20454_1 (length 379)
P002_WF08/P002_WF08:k141_20454_2 (length 187)
P002_WF08/P002_WF08:k141_20454_3 (length 148)
P002_WF08/P002_WF08:k141_20454_4 (length 180)
P002_WF08/P002_WF08:k141_20454_5 (length 176)
P002_WF08/P002_WF08:k141_20454_6 (length 100)
P002_WF08/P002_WF08:k141_20454_7 (length 81)
P002_WF08/P002_WF08:k141_20454_8 (length 500)
P002_WF08/P002_WF08:k141_20454_9 (length 309)
P002_WF08/P002_WF08:k141_20454_10 (length 43)
P002_WF08/P002_WF08:k141_20454_11 (length 739)
P002_WF08/P002_WF08:k141_20454_12 (length 66)
P002_WF08/P002_WF08:k141_11302 (length 21525)
P002_WF08/P002_WF08:k141_11302_1 (length 90)
P002_WF08/P002_WF08:k141_11302_2 (length 58)
P002_WF08/P002_WF08:k141_11302_3 (length 92)
P002_WF08/P002_WF08:k141_11302_4 (length 74)
P002_WF08/P002_WF08:k141_11302_5 (length 171)
P002_WF08/P002_WF08:k141_11302_6 (length 62)
P002_WF08/P002_WF08:k141_11302_7 (length 115)
P002_WF08/P002_WF08:k141_11302_8 (length 45)
P002_WF08/P002_WF08:k141_11302_9 (length 52)
P002_WF08/P002_WF08:k141_11302_10 (length 156)
P002_WF08/P002_WF08:k141_11302_11 (length 282)
P002_WF08/P002_WF08:k141_11302_12 (length 204)
P002_WF08/P002_WF08:k141_11302_13 (length 99)
P002_WF08/P002_WF08:k141_11302_14 (length 284)
P002_WF08/P002_WF08:k141_11302_15 (length 93)
P002_WF08/P002_WF08:k141_11302_16 (length 104)
P002_WF08/P002_WF08:k141_11302_17 (length 165)

FATAL: DiscRep_ALL:RRNA_NAME_CONFLICTS::2 rRNA product names are not standard. Correct the names to the standard format, eg "16S ribosomal RNA"
P002_WF08/P002_WF08:rRNA	16S ribosomal RNA (partial)	k141_25689:2-827	P002_WF08_00087
P002_WF08/P002_WF08:rRNA	16S ribosomal RNA (partial)	k141_25689:1166-1609	P002_WF08_00088

DiscRep_ALL:DISC_INCONSISTENT_MOLINFO_TECH::Molinfo Technique Report (some missing, all same)
DiscRep_SUB:DISC_INCONSISTENT_MOLINFO_TECH::technique (all missing)
DiscRep_SUB:DISC_INCONSISTENT_MOLINFO_TECH::5 Molinfos are missing field technique
P002_WF08/P002_WF08:k141_11302 (length 21525)
P002_WF08/P002_WF08:k141_11449 (length 1771)
P002_WF08/P002_WF08:k141_17573 (length 80858)
P002_WF08/P002_WF08:k141_20454 (length 13161)
P002_WF08/P002_WF08:k141_25689 (length 3180)

