Discrepancy Report Results

Summary
FATAL: MISSING_PROTEIN_ID:210 proteins have invalid IDs.
DISC_SOURCE_QUALS_ASNDISC:strain (all present, all same)
DISC_SOURCE_QUALS_ASNDISC:taxname (all present, all same)
DISC_FEATURE_COUNT:CDS: 210 present
DISC_FEATURE_COUNT:tRNA: 49 present
DISC_FEATURE_COUNT:rRNA: 6 present
DISC_COUNT_NUCLEOTIDES:41 nucleotide Bioseqs are present
FEATURE_LOCATION_CONFLICT:265 features have inconsistent gene locations.
SUSPECT_PRODUCT_NAMES:2 product_names contain suspect phrase or characters
	May contain database identifier more appropriate in note; remove from product name
		2 features contains three or more numbers together that may be identifiers more appropriate in note
DISC_QUALITY_SCORES:Quality scores are missing on all sequences.
FATAL: DISC_SUSPECT_RRNA_PRODUCTS:3 rRNA product names contain suspect phrase
FATAL: DISC_SHORT_RRNA:1 rRNA features are too short
ONCALLER_COMMENT_PRESENT:41 comment descriptors were found (all same)
SHORT_PROT_SEQUENCES:18 protein sequences are shorter than 50 aa.
MISSING_GENOMEASSEMBLY_COMMENTS:41 bioseqs are missing GenomeAssembly structured comments
MOLTYPE_NOT_MRNA:41 molecule types are not set as mRNA.
TECHNIQUE_NOT_TSA:41 technique are not set as TSA
MISSING_STRUCTURED_COMMENT:41 sequences do not include structured comments.
MISSING_PROJECT:251 sequences do not include project.
FATAL: RRNA_NAME_CONFLICTS:3 rRNA product names are not standard. Correct the names to the standard format, eg "16S ribosomal RNA"
DISC_INCONSISTENT_MOLINFO_TECH:Molinfo Technique Report (some missing, all same)


Detailed Report

FATAL: DiscRep_ALL:MISSING_PROTEIN_ID::210 proteins have invalid IDs.
P003_WE11/P003_WE11:k141_100473_1 (length 72)
P003_WE11/P003_WE11:k141_100473_2 (length 78)
P003_WE11/P003_WE11:k141_100473_3 (length 63)
P003_WE11/P003_WE11:k141_100473_4 (length 310)
P003_WE11/P003_WE11:k141_100473_5 (length 63)
P003_WE11/P003_WE11:k141_100473_6 (length 81)
P003_WE11/P003_WE11:k141_100473_7 (length 64)
P003_WE11/P003_WE11:k141_47856_1 (length 168)
P003_WE11/P003_WE11:k141_47856_2 (length 39)
P003_WE11/P003_WE11:k141_95150_1 (length 734)
P003_WE11/P003_WE11:k141_95150_2 (length 151)
P003_WE11/P003_WE11:k141_95150_3 (length 63)
P003_WE11/P003_WE11:k141_95150_4 (length 316)
P003_WE11/P003_WE11:k141_95150_5 (length 502)
P003_WE11/P003_WE11:k141_95150_6 (length 81)
P003_WE11/P003_WE11:k141_95150_7 (length 100)
P003_WE11/P003_WE11:k141_89273_1 (length 102)
P003_WE11/P003_WE11:k141_89273_2 (length 45)
P003_WE11/P003_WE11:k141_89273_3 (length 112)
P003_WE11/P003_WE11:k141_89273_4 (length 65)
P003_WE11/P003_WE11:k141_89273_5 (length 40)
P003_WE11/P003_WE11:k141_89273_6 (length 83)
P003_WE11/P003_WE11:k141_89273_7 (length 39)
P003_WE11/P003_WE11:k141_89273_8 (length 64)
P003_WE11/P003_WE11:k141_89273_9 (length 322)
P003_WE11/P003_WE11:k141_89273_10 (length 229)
P003_WE11/P003_WE11:k141_89273_11 (length 188)
P003_WE11/P003_WE11:k141_89273_12 (length 36)
P003_WE11/P003_WE11:k141_89273_13 (length 205)
P003_WE11/P003_WE11:k141_89273_14 (length 42)
P003_WE11/P003_WE11:k141_89273_15 (length 96)
P003_WE11/P003_WE11:k141_59880_1 (length 191)
P003_WE11/P003_WE11:k141_59880_2 (length 180)
P003_WE11/P003_WE11:k141_59880_3 (length 135)
P003_WE11/P003_WE11:k141_59880_4 (length 54)
P003_WE11/P003_WE11:k141_59880_5 (length 197)
P003_WE11/P003_WE11:k141_59880_6 (length 393)
P003_WE11/P003_WE11:k141_59880_7 (length 87)
P003_WE11/P003_WE11:k141_107283_1 (length 353)
P003_WE11/P003_WE11:k141_107283_2 (length 282)
P003_WE11/P003_WE11:k141_107283_3 (length 519)
P003_WE11/P003_WE11:k141_112912_1 (length 479)
P003_WE11/P003_WE11:k141_112912_2 (length 486)
P003_WE11/P003_WE11:k141_112912_3 (length 133)
P003_WE11/P003_WE11:k141_112912_4 (length 45)
P003_WE11/P003_WE11:k141_112912_5 (length 120)
P003_WE11/P003_WE11:k141_112912_6 (length 242)
P003_WE11/P003_WE11:k141_112912_7 (length 163)
P003_WE11/P003_WE11:k141_112912_8 (length 51)
P003_WE11/P003_WE11:k141_112912_9 (length 53)
P003_WE11/P003_WE11:k141_112912_10 (length 57)
P003_WE11/P003_WE11:k141_112912_11 (length 260)
P003_WE11/P003_WE11:k141_112912_12 (length 82)
P003_WE11/P003_WE11:k141_112912_13 (length 291)
P003_WE11/P003_WE11:k141_48136_1 (length 141)
P003_WE11/P003_WE11:k141_48136_2 (length 131)
P003_WE11/P003_WE11:k141_48136_3 (length 110)
P003_WE11/P003_WE11:k141_48136_4 (length 80)
P003_WE11/P003_WE11:k141_48136_5 (length 121)
P003_WE11/P003_WE11:k141_48136_6 (length 284)
P003_WE11/P003_WE11:k141_66133_1 (length 247)
P003_WE11/P003_WE11:k141_66133_2 (length 285)
P003_WE11/P003_WE11:k141_66133_3 (length 89)
P003_WE11/P003_WE11:k141_66133_4 (length 178)
P003_WE11/P003_WE11:k141_66133_5 (length 520)
P003_WE11/P003_WE11:k141_66133_6 (length 66)
P003_WE11/P003_WE11:k141_66133_7 (length 59)
P003_WE11/P003_WE11:k141_66133_8 (length 95)
P003_WE11/P003_WE11:k141_66133_9 (length 353)
P003_WE11/P003_WE11:k141_101350_1 (length 108)
P003_WE11/P003_WE11:k141_101350_2 (length 81)
P003_WE11/P003_WE11:k141_101350_3 (length 111)
P003_WE11/P003_WE11:k141_101350_4 (length 69)
P003_WE11/P003_WE11:k141_101350_5 (length 96)
P003_WE11/P003_WE11:k141_101350_6 (length 510)
P003_WE11/P003_WE11:k141_78195_1 (length 69)
P003_WE11/P003_WE11:k141_78195_2 (length 186)
P003_WE11/P003_WE11:k141_78195_3 (length 303)
P003_WE11/P003_WE11:k141_102079_1 (length 230)
P003_WE11/P003_WE11:k141_55057_1 (length 76)
P003_WE11/P003_WE11:k141_55057_2 (length 70)
P003_WE11/P003_WE11:k141_55057_3 (length 139)
P003_WE11/P003_WE11:k141_55057_4 (length 180)
P003_WE11/P003_WE11:k141_8095_1 (length 62)
P003_WE11/P003_WE11:k141_8095_2 (length 473)
P003_WE11/P003_WE11:k141_8095_3 (length 353)
P003_WE11/P003_WE11:k141_8095_4 (length 71)
P003_WE11/P003_WE11:k141_8095_5 (length 34)
P003_WE11/P003_WE11:k141_8095_6 (length 29)
P003_WE11/P003_WE11:k141_8095_7 (length 73)
P003_WE11/P003_WE11:k141_8095_8 (length 115)
P003_WE11/P003_WE11:k141_8373_1 (length 79)
P003_WE11/P003_WE11:k141_2557_1 (length 271)
P003_WE11/P003_WE11:k141_2557_2 (length 84)
P003_WE11/P003_WE11:k141_26214_1 (length 114)
P003_WE11/P003_WE11:k141_62165_1 (length 271)
P003_WE11/P003_WE11:k141_62165_2 (length 70)
P003_WE11/P003_WE11:k141_62165_3 (length 58)
P003_WE11/P003_WE11:k141_109578_1 (length 133)
P003_WE11/P003_WE11:k141_109578_2 (length 492)
P003_WE11/P003_WE11:k141_109578_3 (length 479)
P003_WE11/P003_WE11:k141_62330_1 (length 62)
P003_WE11/P003_WE11:k141_68466_1 (length 285)
P003_WE11/P003_WE11:k141_97875_1 (length 183)
P003_WE11/P003_WE11:k141_97875_2 (length 127)
P003_WE11/P003_WE11:k141_97875_3 (length 92)
P003_WE11/P003_WE11:k141_3196_1 (length 72)
P003_WE11/P003_WE11:k141_3196_2 (length 166)
P003_WE11/P003_WE11:k141_3196_3 (length 104)
P003_WE11/P003_WE11:k141_3196_4 (length 164)
P003_WE11/P003_WE11:k141_3196_5 (length 102)
P003_WE11/P003_WE11:k141_3196_6 (length 164)
P003_WE11/P003_WE11:k141_3196_7 (length 275)
P003_WE11/P003_WE11:k141_3196_8 (length 59)
P003_WE11/P003_WE11:k141_3196_9 (length 125)
P003_WE11/P003_WE11:k141_3196_10 (length 127)
P003_WE11/P003_WE11:k141_3196_11 (length 134)
P003_WE11/P003_WE11:k141_3196_12 (length 189)
P003_WE11/P003_WE11:k141_74123_1 (length 734)
P003_WE11/P003_WE11:k141_80417_1 (length 98)
P003_WE11/P003_WE11:k141_80417_2 (length 59)
P003_WE11/P003_WE11:k141_80417_3 (length 145)
P003_WE11/P003_WE11:k141_80417_4 (length 64)
P003_WE11/P003_WE11:k141_80417_5 (length 52)
P003_WE11/P003_WE11:k141_80417_6 (length 82)
P003_WE11/P003_WE11:k141_80417_7 (length 73)
P003_WE11/P003_WE11:k141_80417_8 (length 53)
P003_WE11/P003_WE11:k141_3250_1 (length 124)
P003_WE11/P003_WE11:k141_3250_2 (length 139)
P003_WE11/P003_WE11:k141_39175_1 (length 1019)
P003_WE11/P003_WE11:k141_39175_2 (length 143)
P003_WE11/P003_WE11:k141_39175_3 (length 495)
P003_WE11/P003_WE11:k141_39175_4 (length 965)
P003_WE11/P003_WE11:k141_39175_5 (length 634)
P003_WE11/P003_WE11:k141_39175_6 (length 233)
P003_WE11/P003_WE11:k141_39175_7 (length 89)
P003_WE11/P003_WE11:k141_62990_1 (length 80)
P003_WE11/P003_WE11:k141_39216_1 (length 225)
P003_WE11/P003_WE11:k141_86591_1 (length 65)
P003_WE11/P003_WE11:k141_86591_2 (length 121)
P003_WE11/P003_WE11:k141_86591_3 (length 61)
P003_WE11/P003_WE11:k141_86591_4 (length 49)
P003_WE11/P003_WE11:k141_86625_1 (length 295)
P003_WE11/P003_WE11:k141_74623_1 (length 734)
P003_WE11/P003_WE11:k141_74623_2 (length 101)
P003_WE11/P003_WE11:k141_74623_3 (length 81)
P003_WE11/P003_WE11:k141_74623_4 (length 79)
P003_WE11/P003_WE11:k141_74623_5 (length 62)
P003_WE11/P003_WE11:k141_74623_6 (length 61)
P003_WE11/P003_WE11:k141_74623_7 (length 96)
P003_WE11/P003_WE11:k141_74623_8 (length 156)
P003_WE11/P003_WE11:k141_74623_9 (length 57)
P003_WE11/P003_WE11:k141_98829_1 (length 167)
P003_WE11/P003_WE11:k141_98829_2 (length 42)
P003_WE11/P003_WE11:k141_4077_1 (length 127)
P003_WE11/P003_WE11:k141_4077_2 (length 275)
P003_WE11/P003_WE11:k141_4077_3 (length 68)
P003_WE11/P003_WE11:k141_4077_4 (length 82)
P003_WE11/P003_WE11:k141_4077_5 (length 83)
P003_WE11/P003_WE11:k141_4077_6 (length 39)
P003_WE11/P003_WE11:k141_4077_7 (length 305)
P003_WE11/P003_WE11:k141_4077_8 (length 47)
P003_WE11/P003_WE11:k141_4077_9 (length 229)
P003_WE11/P003_WE11:k141_4077_10 (length 185)
P003_WE11/P003_WE11:k141_4077_11 (length 36)
P003_WE11/P003_WE11:k141_4077_12 (length 205)
P003_WE11/P003_WE11:k141_4077_13 (length 48)
P003_WE11/P003_WE11:k141_4077_14 (length 49)
P003_WE11/P003_WE11:k141_4077_15 (length 507)
P003_WE11/P003_WE11:k141_4077_16 (length 87)
P003_WE11/P003_WE11:k141_4077_17 (length 83)
P003_WE11/P003_WE11:k141_4077_18 (length 81)
P003_WE11/P003_WE11:k141_4077_19 (length 247)
P003_WE11/P003_WE11:k141_4077_20 (length 290)
P003_WE11/P003_WE11:k141_81603_1 (length 239)
P003_WE11/P003_WE11:k141_4665_1 (length 107)
P003_WE11/P003_WE11:k141_4665_2 (length 509)
P003_WE11/P003_WE11:k141_4665_3 (length 35)
P003_WE11/P003_WE11:k141_4665_4 (length 73)
P003_WE11/P003_WE11:k141_4665_5 (length 190)
P003_WE11/P003_WE11:k141_4665_6 (length 139)
P003_WE11/P003_WE11:k141_99505_1 (length 55)
P003_WE11/P003_WE11:k141_99505_2 (length 298)
P003_WE11/P003_WE11:k141_99505_3 (length 155)
P003_WE11/P003_WE11:k141_99505_4 (length 122)
P003_WE11/P003_WE11:k141_99505_5 (length 168)
P003_WE11/P003_WE11:k141_99505_6 (length 51)
P003_WE11/P003_WE11:k141_99505_7 (length 133)
P003_WE11/P003_WE11:k141_99505_8 (length 74)
P003_WE11/P003_WE11:k141_99505_9 (length 84)
P003_WE11/P003_WE11:k141_99505_10 (length 92)
P003_WE11/P003_WE11:k141_99505_11 (length 82)
P003_WE11/P003_WE11:k141_99505_12 (length 225)
P003_WE11/P003_WE11:k141_99505_13 (length 136)
P003_WE11/P003_WE11:k141_5559_1 (length 122)
P003_WE11/P003_WE11:k141_29402_1 (length 185)
P003_WE11/P003_WE11:k141_23526_1 (length 81)
P003_WE11/P003_WE11:k141_23526_2 (length 508)
P003_WE11/P003_WE11:k141_23526_3 (length 123)
P003_WE11/P003_WE11:k141_23526_4 (length 257)
P003_WE11/P003_WE11:k141_23526_5 (length 1864)
P003_WE11/P003_WE11:k141_23526_6 (length 689)
P003_WE11/P003_WE11:k141_23526_7 (length 1073)
P003_WE11/P003_WE11:k141_23526_8 (length 50)
P003_WE11/P003_WE11:k141_23526_9 (length 29)
P003_WE11/P003_WE11:k141_23526_10 (length 86)
P003_WE11/P003_WE11:k141_23526_11 (length 353)
P003_WE11/P003_WE11:k141_23526_12 (length 473)
P003_WE11/P003_WE11:k141_23526_13 (length 62)
P003_WE11/P003_WE11:k141_23526_14 (length 83)

DiscRep_ALL:DISC_SOURCE_QUALS_ASNDISC::strain (all present, all same)
DiscRep_SUB:DISC_SOURCE_QUALS_ASNDISC::41 sources have 'strain' for strain
DiscRep_ALL:DISC_SOURCE_QUALS_ASNDISC::taxname (all present, all same)
DiscRep_SUB:DISC_SOURCE_QUALS_ASNDISC::41 sources have 'Genus species' for taxname
DiscRep_ALL:DISC_FEATURE_COUNT::CDS: 210 present
DiscRep_ALL:DISC_FEATURE_COUNT::tRNA: 49 present
DiscRep_ALL:DISC_FEATURE_COUNT::rRNA: 6 present
DiscRep_ALL:DISC_COUNT_NUCLEOTIDES::41 nucleotide Bioseqs are present
P003_WE11/P003_WE11:k141_100473 (length 7061)
P003_WE11/P003_WE11:k141_47856 (length 1889)
P003_WE11/P003_WE11:k141_95150 (length 10402)
P003_WE11/P003_WE11:k141_89273 (length 15409)
P003_WE11/P003_WE11:k141_59880 (length 5468)
P003_WE11/P003_WE11:k141_107283 (length 6645)
P003_WE11/P003_WE11:k141_112912 (length 14148)
P003_WE11/P003_WE11:k141_48136 (length 6670)
P003_WE11/P003_WE11:k141_66133 (length 16512)
P003_WE11/P003_WE11:k141_101350 (length 6394)
P003_WE11/P003_WE11:k141_78195 (length 3009)
P003_WE11/P003_WE11:k141_102079 (length 1051)
P003_WE11/P003_WE11:k141_55057 (length 2945)
P003_WE11/P003_WE11:k141_90687 (length 1682)
P003_WE11/P003_WE11:k141_8095 (length 11039)
P003_WE11/P003_WE11:k141_8373 (length 6725)
P003_WE11/P003_WE11:k141_2557 (length 1412)
P003_WE11/P003_WE11:k141_26214 (length 1264)
P003_WE11/P003_WE11:k141_62165 (length 3353)
P003_WE11/P003_WE11:k141_109578 (length 5930)
P003_WE11/P003_WE11:k141_62330 (length 2673)
P003_WE11/P003_WE11:k141_68466 (length 1119)
P003_WE11/P003_WE11:k141_97875 (length 3344)
P003_WE11/P003_WE11:k141_3196 (length 9247)
P003_WE11/P003_WE11:k141_74123 (length 2683)
P003_WE11/P003_WE11:k141_80417 (length 6794)
P003_WE11/P003_WE11:k141_3250 (length 1176)
P003_WE11/P003_WE11:k141_39175 (length 12692)
P003_WE11/P003_WE11:k141_62990 (length 6733)
P003_WE11/P003_WE11:k141_39216 (length 1007)
P003_WE11/P003_WE11:k141_86591 (length 4618)
P003_WE11/P003_WE11:k141_86625 (length 1045)
P003_WE11/P003_WE11:k141_74623 (length 9473)
P003_WE11/P003_WE11:k141_98829 (length 1115)
P003_WE11/P003_WE11:k141_4077 (length 22117)
P003_WE11/P003_WE11:k141_81603 (length 1218)
P003_WE11/P003_WE11:k141_4665 (length 10010)
P003_WE11/P003_WE11:k141_99505 (length 11420)
P003_WE11/P003_WE11:k141_5559 (length 1613)
P003_WE11/P003_WE11:k141_29402 (length 2095)
P003_WE11/P003_WE11:k141_23526 (length 30938)

DiscRep_ALL:FEATURE_LOCATION_CONFLICT::265 features have inconsistent gene locations.
DiscRep_SUB:FEATURE_LOCATION_CONFLICT::Coding region xref gene does not exist
P003_WE11/P003_WE11:CDS	NAD(P)H-quinone oxidoreductase subunit H, chloroplastic	k141_100473:19-237	P003_WE11_00001

DiscRep_SUB:FEATURE_LOCATION_CONFLICT::Coding region xref gene does not exist
P003_WE11/P003_WE11:CDS	hypothetical protein	k141_100473:2264-2500	P003_WE11_00002

DiscRep_SUB:FEATURE_LOCATION_CONFLICT::Coding region xref gene does not exist
P003_WE11/P003_WE11:CDS	hypothetical protein	k141_100473:2442-2633	P003_WE11_00003

DiscRep_SUB:FEATURE_LOCATION_CONFLICT::Coding region xref gene does not exist
P003_WE11/P003_WE11:CDS	cytochrome c heme attachment protein	k141_100473:3207-4139	P003_WE11_00004

DiscRep_SUB:FEATURE_LOCATION_CONFLICT::Coding region xref gene does not exist
P003_WE11/P003_WE11:CDS	NADH-plastoquinone oxidoreductase subunit 4	k141_100473:c4927-4736	P003_WE11_00005

DiscRep_SUB:FEATURE_LOCATION_CONFLICT::Coding region xref gene does not exist
P003_WE11/P003_WE11:CDS	photosystem I subunit VII	k141_100473:c6085-5840	P003_WE11_00006

DiscRep_SUB:FEATURE_LOCATION_CONFLICT::Coding region xref gene does not exist
P003_WE11/P003_WE11:CDS	NAD(P)H-quinone oxidoreductase subunit H, chloroplastic	k141_100473:c7043-6849	P003_WE11_00007

DiscRep_SUB:FEATURE_LOCATION_CONFLICT::Coding region xref gene does not exist
P003_WE11/P003_WE11:CDS	hypothetical protein	k141_47856:c701-195	P003_WE11_00008

DiscRep_SUB:FEATURE_LOCATION_CONFLICT::Coding region xref gene does not exist
P003_WE11/P003_WE11:CDS	hypothetical protein	k141_47856:c875-756	P003_WE11_00009

DiscRep_SUB:FEATURE_LOCATION_CONFLICT::Coding region xref gene does not exist
P003_WE11/P003_WE11:CDS	NADH-plastoquinone oxidoreductase subunit 5	k141_95150:492-2696	P003_WE11_00010

DiscRep_SUB:FEATURE_LOCATION_CONFLICT::Coding region xref gene does not exist
P003_WE11/P003_WE11:CDS	ribosomal protein S11	k141_95150:3256-3711	P003_WE11_00011

DiscRep_SUB:FEATURE_LOCATION_CONFLICT::Coding region xref gene does not exist
P003_WE11/P003_WE11:CDS	ribosomal protein L32	k141_95150:4462-4653	P003_WE11_00012

DiscRep_SUB:FEATURE_LOCATION_CONFLICT::Coding region xref gene does not exist
P003_WE11/P003_WE11:CDS	cytochrome c heme attachment protein	k141_95150:6189-7139	P003_WE11_00014

DiscRep_SUB:FEATURE_LOCATION_CONFLICT::Coding region xref gene does not exist
P003_WE11/P003_WE11:CDS	NADH-plastoquinone oxidoreductase subunit 4	k141_95150:c8944-7436	P003_WE11_00015

DiscRep_SUB:FEATURE_LOCATION_CONFLICT::Coding region xref gene does not exist
P003_WE11/P003_WE11:CDS	photosystem I subunit VII	k141_95150:c9315-9070	P003_WE11_00016

DiscRep_SUB:FEATURE_LOCATION_CONFLICT::Coding region xref gene does not exist
P003_WE11/P003_WE11:CDS	NADH-plastoquinone oxidoreductase subunit 4L	k141_95150:c9997-9695	P003_WE11_00017

DiscRep_SUB:FEATURE_LOCATION_CONFLICT::RNA feature xref gene does not exist
P003_WE11/P003_WE11:tRNA	Leu	k141_95150:5311-5391	P003_WE11_00013

DiscRep_SUB:FEATURE_LOCATION_CONFLICT::Coding region xref gene does not exist
P003_WE11/P003_WE11:CDS	hypothetical protein	k141_89273:c398-90	P003_WE11_00018

DiscRep_SUB:FEATURE_LOCATION_CONFLICT::Coding region xref gene does not exist
P003_WE11/P003_WE11:CDS	hypothetical protein	k141_89273:1406-1543	P003_WE11_00019

DiscRep_SUB:FEATURE_LOCATION_CONFLICT::Coding region xref gene does not exist
P003_WE11/P003_WE11:CDS	hypothetical protein	k141_89273:1658-1996	P003_WE11_00020

DiscRep_SUB:FEATURE_LOCATION_CONFLICT::Coding region xref gene does not exist
P003_WE11/P003_WE11:CDS	NADH-plastoquinone oxidoreductase subunit K	k141_89273:2315-2512	P003_WE11_00021

DiscRep_SUB:FEATURE_LOCATION_CONFLICT::Coding region xref gene does not exist
P003_WE11/P003_WE11:CDS	hypothetical protein	k141_89273:2592-2714	P003_WE11_00022

DiscRep_SUB:FEATURE_LOCATION_CONFLICT::Coding region xref gene does not exist
P003_WE11/P003_WE11:CDS	photosystem II cytochrome b559 alpha subunit	k141_89273:5475-5726	P003_WE11_00024

DiscRep_SUB:FEATURE_LOCATION_CONFLICT::Coding region xref gene does not exist
P003_WE11/P003_WE11:CDS	photosystem II cytochrome b559 beta subunit	k141_89273:5737-5856	P003_WE11_00025

DiscRep_SUB:FEATURE_LOCATION_CONFLICT::Coding region xref gene does not exist
P003_WE11/P003_WE11:CDS	Photosystem II reaction center protein J	k141_89273:6083-6277	P003_WE11_00026

DiscRep_SUB:FEATURE_LOCATION_CONFLICT::Coding region xref gene does not exist
P003_WE11/P003_WE11:CDS	cytochrome f	k141_89273:c7693-6725	P003_WE11_00027

DiscRep_SUB:FEATURE_LOCATION_CONFLICT::Coding region xref gene does not exist
P003_WE11/P003_WE11:CDS	envelope membrane protein	k141_89273:c8609-7920	P003_WE11_00028

DiscRep_SUB:FEATURE_LOCATION_CONFLICT::Coding region xref gene does not exist
P003_WE11/P003_WE11:CDS	photosystem I assembly protein Ycf4	k141_89273:c9458-8892	P003_WE11_00029

DiscRep_SUB:FEATURE_LOCATION_CONFLICT::Coding region xref gene does not exist
P003_WE11/P003_WE11:CDS	photosystem I subunit VIII	k141_89273:c9816-9706	P003_WE11_00030

DiscRep_SUB:FEATURE_LOCATION_CONFLICT::Coding region xref gene does not exist
P003_WE11/P003_WE11:CDS	ribosomal protein S4	k141_89273:c11186-10569	P003_WE11_00031

DiscRep_SUB:FEATURE_LOCATION_CONFLICT::Coding region xref gene does not exist
P003_WE11/P003_WE11:CDS	photosystem I subunit IX	k141_89273:13047-13175	P003_WE11_00035

DiscRep_SUB:FEATURE_LOCATION_CONFLICT::Coding region xref gene does not exist
P003_WE11/P003_WE11:CDS	hypothetical protein	k141_89273:14497-14787	P003_WE11_00036

DiscRep_SUB:FEATURE_LOCATION_CONFLICT::RNA feature xref gene does not exist
P003_WE11/P003_WE11:tRNA	Phe	k141_89273:c3796-3724	P003_WE11_00023

DiscRep_SUB:FEATURE_LOCATION_CONFLICT::RNA feature xref gene does not exist
P003_WE11/P003_WE11:tRNA	Thr	k141_89273:c11616-11542	P003_WE11_00032

DiscRep_SUB:FEATURE_LOCATION_CONFLICT::RNA feature xref gene does not exist
P003_WE11/P003_WE11:tRNA	Trp	k141_89273:c12475-12402	P003_WE11_00033

DiscRep_SUB:FEATURE_LOCATION_CONFLICT::RNA feature xref gene does not exist
P003_WE11/P003_WE11:tRNA	Pro	k141_89273:c12665-12590	P003_WE11_00034

DiscRep_SUB:FEATURE_LOCATION_CONFLICT::Coding region xref gene does not exist
P003_WE11/P003_WE11:CDS	NADH-plastoquinone oxidoreductase subunit 6	k141_59880:c646-71	P003_WE11_00037

DiscRep_SUB:FEATURE_LOCATION_CONFLICT::Coding region xref gene does not exist
P003_WE11/P003_WE11:CDS	NADH-plastoquinone oxidoreductase subunit I	k141_59880:c1444-902	P003_WE11_00038

DiscRep_SUB:FEATURE_LOCATION_CONFLICT::Coding region xref gene does not exist
P003_WE11/P003_WE11:CDS	NADH-plastoquinone oxidoreductase subunit 1	k141_59880:c1940-1533	P003_WE11_00039

DiscRep_SUB:FEATURE_LOCATION_CONFLICT::Coding region xref gene does not exist
P003_WE11/P003_WE11:CDS	hypothetical protein	k141_59880:2394-2558	P003_WE11_00040

DiscRep_SUB:FEATURE_LOCATION_CONFLICT::Coding region xref gene does not exist
P003_WE11/P003_WE11:CDS	NADH-plastoquinone oxidoreductase subunit 1	k141_59880:c3664-3071	P003_WE11_00041

DiscRep_SUB:FEATURE_LOCATION_CONFLICT::Coding region xref gene does not exist
P003_WE11/P003_WE11:CDS	NADH-plastoquinone oxidoreductase subunit 7	k141_59880:c4847-3666	P003_WE11_00042

DiscRep_SUB:FEATURE_LOCATION_CONFLICT::Coding region xref gene does not exist
P003_WE11/P003_WE11:CDS	ribosomal protein S15	k141_59880:c5209-4946	P003_WE11_00043

DiscRep_SUB:FEATURE_LOCATION_CONFLICT::Coding region xref gene does not exist
P003_WE11/P003_WE11:CDS	photosystem II protein D1	k141_107283:c1621-560	P003_WE11_00044

DiscRep_SUB:FEATURE_LOCATION_CONFLICT::Coding region xref gene does not exist
P003_WE11/P003_WE11:CDS	hypothetical protein	k141_107283:c2757-1909	P003_WE11_00045

DiscRep_SUB:FEATURE_LOCATION_CONFLICT::Coding region xref gene does not exist
P003_WE11/P003_WE11:CDS	maturase K	k141_107283:c4924-3365	P003_WE11_00046

DiscRep_SUB:FEATURE_LOCATION_CONFLICT::Coding region xref gene does not exist
P003_WE11/P003_WE11:CDS	ribulose-1,5-bisphosphate carboxylase/oxygenase large subunit	k141_112912:c2235-796	P003_WE11_00048

DiscRep_SUB:FEATURE_LOCATION_CONFLICT::Coding region xref gene does not exist
P003_WE11/P003_WE11:CDS	ATP synthase CF1 beta subunit	k141_112912:2863-4323	P003_WE11_00049

DiscRep_SUB:FEATURE_LOCATION_CONFLICT::Coding region xref gene does not exist
P003_WE11/P003_WE11:CDS	ATP synthase CF1 epsilon subunit	k141_112912:4340-4741	P003_WE11_00050

DiscRep_SUB:FEATURE_LOCATION_CONFLICT::Coding region xref gene does not exist
P003_WE11/P003_WE11:CDS	hypothetical protein	k141_112912:c5840-5703	P003_WE11_00052

DiscRep_SUB:FEATURE_LOCATION_CONFLICT::Coding region xref gene does not exist
P003_WE11/P003_WE11:CDS	NADH-plastoquinone oxidoreductase subunit 3	k141_112912:6390-6752	P003_WE11_00053

DiscRep_SUB:FEATURE_LOCATION_CONFLICT::Coding region xref gene does not exist
P003_WE11/P003_WE11:CDS	NADH-plastoquinone oxidoreductase subunit K	k141_112912:6743-7471	P003_WE11_00054

DiscRep_SUB:FEATURE_LOCATION_CONFLICT::Coding region xref gene does not exist
P003_WE11/P003_WE11:CDS	NADH-plastoquinone oxidoreductase subunit J	k141_112912:7574-8065	P003_WE11_00055

DiscRep_SUB:FEATURE_LOCATION_CONFLICT::Coding region xref gene does not exist
P003_WE11/P003_WE11:CDS	hypothetical protein	k141_112912:8256-8411	P003_WE11_00056

DiscRep_SUB:FEATURE_LOCATION_CONFLICT::Coding region xref gene does not exist
P003_WE11/P003_WE11:CDS	hypothetical protein	k141_112912:c9850-9689	P003_WE11_00058

DiscRep_SUB:FEATURE_LOCATION_CONFLICT::Coding region xref gene does not exist
P003_WE11/P003_WE11:CDS	hypothetical protein	k141_112912:c10441-10268	P003_WE11_00060

DiscRep_SUB:FEATURE_LOCATION_CONFLICT::Coding region xref gene does not exist
P003_WE11/P003_WE11:CDS	NADH-plastoquinone oxidoreductase subunit 2	k141_112912:c12499-11717	P003_WE11_00062

DiscRep_SUB:FEATURE_LOCATION_CONFLICT::Coding region xref gene does not exist
P003_WE11/P003_WE11:CDS	hypothetical protein	k141_112912:c12798-12550	P003_WE11_00063

DiscRep_SUB:FEATURE_LOCATION_CONFLICT::Coding region xref gene does not exist
P003_WE11/P003_WE11:CDS	NADH-plastoquinone oxidoreductase subunit 2	k141_112912:c13881-13006	P003_WE11_00064

DiscRep_SUB:FEATURE_LOCATION_CONFLICT::RNA feature xref gene does not exist
P003_WE11/P003_WE11:tRNA	Val	k141_112912:c489-418	P003_WE11_00047

DiscRep_SUB:FEATURE_LOCATION_CONFLICT::RNA feature xref gene does not exist
P003_WE11/P003_WE11:tRNA	Met	k141_112912:c4987-4913	P003_WE11_00051

DiscRep_SUB:FEATURE_LOCATION_CONFLICT::RNA feature xref gene does not exist
P003_WE11/P003_WE11:tRNA	Phe	k141_112912:c8750-8678	P003_WE11_00057

DiscRep_SUB:FEATURE_LOCATION_CONFLICT::RNA feature xref gene does not exist
P003_WE11/P003_WE11:tRNA	Thr	k141_112912:10180-10254	P003_WE11_00059

DiscRep_SUB:FEATURE_LOCATION_CONFLICT::RNA feature xref gene does not exist
P003_WE11/P003_WE11:tRNA	Leu	k141_112912:c11144-11062	P003_WE11_00061

DiscRep_SUB:FEATURE_LOCATION_CONFLICT::Coding region xref gene does not exist
P003_WE11/P003_WE11:CDS	ribosomal protein L2	k141_48136:c916-491	P003_WE11_00066

DiscRep_SUB:FEATURE_LOCATION_CONFLICT::Coding region xref gene does not exist
P003_WE11/P003_WE11:CDS	ribosomal protein L2	k141_48136:c1946-1551	P003_WE11_00067

DiscRep_SUB:FEATURE_LOCATION_CONFLICT::Coding region xref gene does not exist
P003_WE11/P003_WE11:CDS	hypothetical protein	k141_48136:3403-3735	P003_WE11_00069

DiscRep_SUB:FEATURE_LOCATION_CONFLICT::Coding region xref gene does not exist
P003_WE11/P003_WE11:CDS	hypothetical protein	k141_48136:3882-4124	P003_WE11_00070

DiscRep_SUB:FEATURE_LOCATION_CONFLICT::Coding region xref gene does not exist
P003_WE11/P003_WE11:CDS	hypothetical protein	k141_48136:4121-4486	P003_WE11_00071

DiscRep_SUB:FEATURE_LOCATION_CONFLICT::Coding region xref gene does not exist
P003_WE11/P003_WE11:CDS	hypothetical protein	k141_48136:5557-6411	P003_WE11_00072

DiscRep_SUB:FEATURE_LOCATION_CONFLICT::RNA feature xref gene does not exist
P003_WE11/P003_WE11:tRNA	His	k141_48136:374-448	P003_WE11_00065

DiscRep_SUB:FEATURE_LOCATION_CONFLICT::RNA feature xref gene does not exist
P003_WE11/P003_WE11:tRNA	Met	k141_48136:c2917-2843	P003_WE11_00068

DiscRep_SUB:FEATURE_LOCATION_CONFLICT::Coding region xref gene does not exist
P003_WE11/P003_WE11:CDS	ATP synthase CF0 subunit IV	k141_66133:c834-91	P003_WE11_00073

DiscRep_SUB:FEATURE_LOCATION_CONFLICT::Coding region xref gene does not exist
P003_WE11/P003_WE11:CDS	hypothetical protein	k141_66133:c1956-1099	P003_WE11_00074

DiscRep_SUB:FEATURE_LOCATION_CONFLICT::Coding region xref gene does not exist
P003_WE11/P003_WE11:CDS	maturase K	k141_66133:c3643-3374	P003_WE11_00075

DiscRep_SUB:FEATURE_LOCATION_CONFLICT::Coding region xref gene does not exist
P003_WE11/P003_WE11:CDS	hypothetical protein	k141_66133:c4336-3800	P003_WE11_00076

DiscRep_SUB:FEATURE_LOCATION_CONFLICT::Coding region xref gene does not exist
P003_WE11/P003_WE11:CDS	maturase K	k141_66133:c6523-4961	P003_WE11_00077

DiscRep_SUB:FEATURE_LOCATION_CONFLICT::Coding region xref gene does not exist
P003_WE11/P003_WE11:CDS	ribosomal protein S16	k141_66133:c8331-8131	P003_WE11_00078

DiscRep_SUB:FEATURE_LOCATION_CONFLICT::Coding region xref gene does not exist
P003_WE11/P003_WE11:CDS	photosystem II protein K	k141_66133:10305-10484	P003_WE11_00080

DiscRep_SUB:FEATURE_LOCATION_CONFLICT::Coding region xref gene does not exist
P003_WE11/P003_WE11:CDS	hypothetical protein	k141_66133:13119-13406	P003_WE11_00082

DiscRep_SUB:FEATURE_LOCATION_CONFLICT::Coding region xref gene does not exist
P003_WE11/P003_WE11:CDS	photosystem II protein D1	k141_66133:14779-15840	P003_WE11_00083

DiscRep_SUB:FEATURE_LOCATION_CONFLICT::RNA feature xref gene does not exist
P003_WE11/P003_WE11:tRNA	Gln	k141_66133:c9602-9531	P003_WE11_00079

DiscRep_SUB:FEATURE_LOCATION_CONFLICT::RNA feature xref gene does not exist
P003_WE11/P003_WE11:tRNA	Ser	k141_66133:c11207-11118	P003_WE11_00081

DiscRep_SUB:FEATURE_LOCATION_CONFLICT::RNA feature xref gene does not exist
P003_WE11/P003_WE11:tRNA	His	k141_66133:16270-16344	P003_WE11_00084

DiscRep_SUB:FEATURE_LOCATION_CONFLICT::Coding region xref gene does not exist
P003_WE11/P003_WE11:CDS	hypothetical protein	k141_101350:51-377	P003_WE11_00085

DiscRep_SUB:FEATURE_LOCATION_CONFLICT::Coding region xref gene does not exist
P003_WE11/P003_WE11:CDS	ATP synthase CF0 subunit III	k141_101350:485-730	P003_WE11_00086

DiscRep_SUB:FEATURE_LOCATION_CONFLICT::Coding region xref gene does not exist
P003_WE11/P003_WE11:CDS	hypothetical protein	k141_101350:1035-1370	P003_WE11_00087

DiscRep_SUB:FEATURE_LOCATION_CONFLICT::Coding region xref gene does not exist
P003_WE11/P003_WE11:CDS	hypothetical protein	k141_101350:1688-1897	P003_WE11_00088

DiscRep_SUB:FEATURE_LOCATION_CONFLICT::Coding region xref gene does not exist
P003_WE11/P003_WE11:CDS	ATP synthase CF0 subunit I	k141_101350:2190-2480	P003_WE11_00089

DiscRep_SUB:FEATURE_LOCATION_CONFLICT::Coding region xref gene does not exist
P003_WE11/P003_WE11:CDS	ATP synthase CF1 alpha subunit	k141_101350:2581-4113	P003_WE11_00090

DiscRep_SUB:FEATURE_LOCATION_CONFLICT::RNA feature xref gene does not exist
P003_WE11/P003_WE11:tRNA	Arg	k141_101350:c4295-4224	P003_WE11_00091

DiscRep_SUB:FEATURE_LOCATION_CONFLICT::Coding region xref gene does not exist
P003_WE11/P003_WE11:CDS	ribosomal protein L33	k141_78195:114-323	P003_WE11_00092

DiscRep_SUB:FEATURE_LOCATION_CONFLICT::Coding region xref gene does not exist
P003_WE11/P003_WE11:CDS	ATP-dependent Clp protease proteolytic subunit	k141_78195:486-1046	P003_WE11_00093

DiscRep_SUB:FEATURE_LOCATION_CONFLICT::Coding region xref gene does not exist
P003_WE11/P003_WE11:CDS	hypothetical protein	k141_78195:1550-2461	P003_WE11_00094

DiscRep_SUB:FEATURE_LOCATION_CONFLICT::Coding region xref gene does not exist
P003_WE11/P003_WE11:CDS	ATP-dependent Clp protease proteolytic subunit	k141_102079:c884-192	P003_WE11_00095

DiscRep_SUB:FEATURE_LOCATION_CONFLICT::Coding region xref gene does not exist
P003_WE11/P003_WE11:CDS	RNA polymerase alpha subunit	k141_55057:48-278	P003_WE11_00096

DiscRep_SUB:FEATURE_LOCATION_CONFLICT::Coding region xref gene does not exist
P003_WE11/P003_WE11:CDS	hypothetical protein	k141_55057:c387-175	P003_WE11_00097

DiscRep_SUB:FEATURE_LOCATION_CONFLICT::Coding region xref gene does not exist
P003_WE11/P003_WE11:CDS	cytochrome b6/f complex subunit IV	k141_55057:c1294-875	P003_WE11_00098

DiscRep_SUB:FEATURE_LOCATION_CONFLICT::Coding region xref gene does not exist
P003_WE11/P003_WE11:CDS	cytochrome b6	k141_55057:c2864-2322	P003_WE11_00099

DiscRep_SUB:FEATURE_LOCATION_CONFLICT::RNA feature xref gene does not exist
P003_WE11/P003_WE11:rRNA	16S ribosomal RNA (partial)	k141_90687:4-1191	P003_WE11_00100

DiscRep_SUB:FEATURE_LOCATION_CONFLICT::RNA feature xref gene does not exist
P003_WE11/P003_WE11:rRNA	16S ribosomal RNA (partial)	k141_90687:1234-1676	P003_WE11_00101

DiscRep_SUB:FEATURE_LOCATION_CONFLICT::Coding region xref gene does not exist
P003_WE11/P003_WE11:CDS	photosystem II protein Z	k141_8095:c928-740	P003_WE11_00104

DiscRep_SUB:FEATURE_LOCATION_CONFLICT::Coding region xref gene does not exist
P003_WE11/P003_WE11:CDS	photosystem II CP43 chlorophyll apoprotein	k141_8095:c2922-1501	P003_WE11_00106

DiscRep_SUB:FEATURE_LOCATION_CONFLICT::Coding region xref gene does not exist
P003_WE11/P003_WE11:CDS	photosystem II protein D2	k141_8095:c3931-2870	P003_WE11_00107

DiscRep_SUB:FEATURE_LOCATION_CONFLICT::Coding region xref gene does not exist
P003_WE11/P003_WE11:CDS	hypothetical protein	k141_8095:5716-5931	P003_WE11_00109

DiscRep_SUB:FEATURE_LOCATION_CONFLICT::Coding region xref gene does not exist
P003_WE11/P003_WE11:CDS	photosystem II protein M	k141_8095:8121-8225	P003_WE11_00113

DiscRep_SUB:FEATURE_LOCATION_CONFLICT::Coding region xref gene does not exist
P003_WE11/P003_WE11:CDS	cytochrome b6/f complex subunit VII	k141_8095:c8626-8537	P003_WE11_00114

DiscRep_SUB:FEATURE_LOCATION_CONFLICT::Coding region xref gene does not exist
P003_WE11/P003_WE11:CDS	hypothetical protein	k141_8095:10304-10525	P003_WE11_00116

DiscRep_SUB:FEATURE_LOCATION_CONFLICT::Coding region xref gene does not exist
P003_WE11/P003_WE11:CDS	ribosomal protein L16	k141_8095:10564-10911	P003_WE11_00117

DiscRep_SUB:FEATURE_LOCATION_CONFLICT::RNA feature xref gene does not exist
P003_WE11/P003_WE11:tRNA	Met	k141_8095:233-307	P003_WE11_00102

DiscRep_SUB:FEATURE_LOCATION_CONFLICT::RNA feature xref gene does not exist
P003_WE11/P003_WE11:tRNA	Gly	k141_8095:c517-446	P003_WE11_00103

DiscRep_SUB:FEATURE_LOCATION_CONFLICT::RNA feature xref gene does not exist
P003_WE11/P003_WE11:tRNA	Ser	k141_8095:1285-1372	P003_WE11_00105

DiscRep_SUB:FEATURE_LOCATION_CONFLICT::RNA feature xref gene does not exist
P003_WE11/P003_WE11:tRNA	Thr	k141_8095:c5376-5304	P003_WE11_00108

DiscRep_SUB:FEATURE_LOCATION_CONFLICT::RNA feature xref gene does not exist
P003_WE11/P003_WE11:tRNA	Glu	k141_8095:6324-6395	P003_WE11_00110

DiscRep_SUB:FEATURE_LOCATION_CONFLICT::RNA feature xref gene does not exist
P003_WE11/P003_WE11:tRNA	Tyr	k141_8095:6507-6590	P003_WE11_00111

DiscRep_SUB:FEATURE_LOCATION_CONFLICT::RNA feature xref gene does not exist
P003_WE11/P003_WE11:tRNA	Asp	k141_8095:6959-7034	P003_WE11_00112

DiscRep_SUB:FEATURE_LOCATION_CONFLICT::RNA feature xref gene does not exist
P003_WE11/P003_WE11:tRNA	Cys	k141_8095:c9220-9150	P003_WE11_00115

DiscRep_SUB:FEATURE_LOCATION_CONFLICT::Coding region xref gene does not exist
P003_WE11/P003_WE11:CDS	hypothetical protein	k141_8373:3645-3884	P003_WE11_00119

DiscRep_SUB:FEATURE_LOCATION_CONFLICT::RNA feature xref gene does not exist
P003_WE11/P003_WE11:rRNA	16S ribosomal RNA	k141_8373:1-1468	P003_WE11_00118

DiscRep_SUB:FEATURE_LOCATION_CONFLICT::RNA feature xref gene does not exist
P003_WE11/P003_WE11:rRNA	23S ribosomal RNA (partial)	k141_8373:3917-6345	P003_WE11_00120

DiscRep_SUB:FEATURE_LOCATION_CONFLICT::Coding region xref gene does not exist
P003_WE11/P003_WE11:CDS	hypothetical protein	k141_2557:208-1023	P003_WE11_00121

DiscRep_SUB:FEATURE_LOCATION_CONFLICT::Coding region xref gene does not exist
P003_WE11/P003_WE11:CDS	hypothetical protein	k141_2557:c1339-1085	P003_WE11_00122

DiscRep_SUB:FEATURE_LOCATION_CONFLICT::Coding region xref gene does not exist
P003_WE11/P003_WE11:CDS	hypothetical protein	k141_26214:246-590	P003_WE11_00123

DiscRep_SUB:FEATURE_LOCATION_CONFLICT::Coding region xref gene does not exist
P003_WE11/P003_WE11:CDS	hypothetical protein	k141_62165:c966-151	P003_WE11_00124

DiscRep_SUB:FEATURE_LOCATION_CONFLICT::Coding region xref gene does not exist
P003_WE11/P003_WE11:CDS	hypothetical protein	k141_62165:c2410-2198	P003_WE11_00127

DiscRep_SUB:FEATURE_LOCATION_CONFLICT::Coding region xref gene does not exist
P003_WE11/P003_WE11:CDS	hypothetical protein	k141_62165:3124-3300	P003_WE11_00128

DiscRep_SUB:FEATURE_LOCATION_CONFLICT::RNA feature xref gene does not exist
P003_WE11/P003_WE11:tRNA	Asn	k141_62165:1428-1501	P003_WE11_00125

DiscRep_SUB:FEATURE_LOCATION_CONFLICT::RNA feature xref gene does not exist
P003_WE11/P003_WE11:tRNA	Arg	k141_62165:c1793-1719	P003_WE11_00126

DiscRep_SUB:FEATURE_LOCATION_CONFLICT::Coding region xref gene does not exist
P003_WE11/P003_WE11:CDS	ATP synthase CF1 epsilon subunit	k141_109578:c640-239	P003_WE11_00129

DiscRep_SUB:FEATURE_LOCATION_CONFLICT::Coding region xref gene does not exist
P003_WE11/P003_WE11:CDS	ATP synthase CF1 beta subunit	k141_109578:c2124-646	P003_WE11_00130

DiscRep_SUB:FEATURE_LOCATION_CONFLICT::Coding region xref gene does not exist
P003_WE11/P003_WE11:CDS	ribulose-1,5-bisphosphate carboxylase/oxygenase large subunit	k141_109578:2850-4289	P003_WE11_00131

DiscRep_SUB:FEATURE_LOCATION_CONFLICT::RNA feature xref gene does not exist
P003_WE11/P003_WE11:tRNA	Val	k141_109578:4605-4676	P003_WE11_00132

DiscRep_SUB:FEATURE_LOCATION_CONFLICT::Coding region xref gene does not exist
P003_WE11/P003_WE11:CDS	hypothetical protein	k141_62330:c807-619	P003_WE11_00133

DiscRep_SUB:FEATURE_LOCATION_CONFLICT::RNA feature xref gene does not exist
P003_WE11/P003_WE11:tRNA	Asn	k141_62330:c1090-1019	P003_WE11_00134

DiscRep_SUB:FEATURE_LOCATION_CONFLICT::RNA feature xref gene does not exist
P003_WE11/P003_WE11:tRNA	Arg	k141_62330:c1471-1397	P003_WE11_00135

DiscRep_SUB:FEATURE_LOCATION_CONFLICT::Coding region xref gene does not exist
P003_WE11/P003_WE11:CDS	Acetyl-coenzyme A carboxylase carboxyl transferase subunit beta, chloroplastic	k141_68466:108-965	P003_WE11_00136

DiscRep_SUB:FEATURE_LOCATION_CONFLICT::Coding region xref gene does not exist
P003_WE11/P003_WE11:CDS	NADH-plastoquinone oxidoreductase subunit 2	k141_97875:423-974	P003_WE11_00137

DiscRep_SUB:FEATURE_LOCATION_CONFLICT::Coding region xref gene does not exist
P003_WE11/P003_WE11:CDS	NADH-plastoquinone oxidoreductase subunit 2	k141_97875:1894-2277	P003_WE11_00138

DiscRep_SUB:FEATURE_LOCATION_CONFLICT::Coding region xref gene does not exist
P003_WE11/P003_WE11:CDS	hypothetical protein	k141_97875:2334-2612	P003_WE11_00139

DiscRep_SUB:FEATURE_LOCATION_CONFLICT::RNA feature xref gene does not exist
P003_WE11/P003_WE11:tRNA	Leu	k141_97875:3060-3140	P003_WE11_00140

DiscRep_SUB:FEATURE_LOCATION_CONFLICT::Coding region xref gene does not exist
P003_WE11/P003_WE11:CDS	hypothetical protein	k141_3196:c672-454	P003_WE11_00141

DiscRep_SUB:FEATURE_LOCATION_CONFLICT::Coding region xref gene does not exist
P003_WE11/P003_WE11:CDS	hypothetical protein	k141_3196:c1604-1104	P003_WE11_00142

DiscRep_SUB:FEATURE_LOCATION_CONFLICT::Coding region xref gene does not exist
P003_WE11/P003_WE11:CDS	ribosomal protein L2	k141_3196:2022-2336	P003_WE11_00143

DiscRep_SUB:FEATURE_LOCATION_CONFLICT::Coding region xref gene does not exist
P003_WE11/P003_WE11:CDS	ribosomal protein L2	k141_3196:2906-3400	P003_WE11_00144

DiscRep_SUB:FEATURE_LOCATION_CONFLICT::Coding region xref gene does not exist
P003_WE11/P003_WE11:CDS	ribosomal protein S19	k141_3196:3653-3961	P003_WE11_00146

DiscRep_SUB:FEATURE_LOCATION_CONFLICT::Coding region xref gene does not exist
P003_WE11/P003_WE11:CDS	ribosomal protein L22	k141_3196:3998-4492	P003_WE11_00147

DiscRep_SUB:FEATURE_LOCATION_CONFLICT::Coding region xref gene does not exist
P003_WE11/P003_WE11:CDS	ribosomal protein S3	k141_3196:4557-5384	P003_WE11_00148

DiscRep_SUB:FEATURE_LOCATION_CONFLICT::Coding region xref gene does not exist
P003_WE11/P003_WE11:CDS	hypothetical protein	k141_3196:6199-6378	P003_WE11_00149

DiscRep_SUB:FEATURE_LOCATION_CONFLICT::Coding region xref gene does not exist
P003_WE11/P003_WE11:CDS	ribosomal protein L16	k141_3196:6677-7054	P003_WE11_00150

DiscRep_SUB:FEATURE_LOCATION_CONFLICT::Coding region xref gene does not exist
P003_WE11/P003_WE11:CDS	ribosomal protein L14	k141_3196:7051-7434	P003_WE11_00151

DiscRep_SUB:FEATURE_LOCATION_CONFLICT::Coding region xref gene does not exist
P003_WE11/P003_WE11:CDS	ribosomal protein S8	k141_3196:7589-7993	P003_WE11_00152

DiscRep_SUB:FEATURE_LOCATION_CONFLICT::Coding region xref gene does not exist
P003_WE11/P003_WE11:CDS	Translation initiation factor IF-1	k141_3196:8002-8571	P003_WE11_00153

DiscRep_SUB:FEATURE_LOCATION_CONFLICT::RNA feature xref gene does not exist
P003_WE11/P003_WE11:tRNA	His	k141_3196:c3525-3451	P003_WE11_00145

DiscRep_SUB:FEATURE_LOCATION_CONFLICT::RNA feature xref gene does not exist
P003_WE11/P003_WE11:tRNA	Ser	k141_3196:c8907-8821	P003_WE11_00154

DiscRep_SUB:FEATURE_LOCATION_CONFLICT::Coding region xref gene does not exist
P003_WE11/P003_WE11:CDS	photosystem I P700 apoprotein A2	k141_74123:158-2362	P003_WE11_00155

DiscRep_SUB:FEATURE_LOCATION_CONFLICT::Coding region xref gene does not exist
P003_WE11/P003_WE11:CDS	hypothetical protein	k141_80417:c3032-2736	P003_WE11_00156

DiscRep_SUB:FEATURE_LOCATION_CONFLICT::Coding region xref gene does not exist
P003_WE11/P003_WE11:CDS	hypothetical protein	k141_80417:3135-3314	P003_WE11_00157

DiscRep_SUB:FEATURE_LOCATION_CONFLICT::Coding region xref gene does not exist
P003_WE11/P003_WE11:CDS	ATP-dependent Clp protease proteolytic subunit 1	k141_80417:c3797-3360	P003_WE11_00158

DiscRep_SUB:FEATURE_LOCATION_CONFLICT::Coding region xref gene does not exist
P003_WE11/P003_WE11:CDS	Photosystem I assembly protein Ycf3	k141_80417:c4241-4047	P003_WE11_00159

DiscRep_SUB:FEATURE_LOCATION_CONFLICT::Coding region xref gene does not exist
P003_WE11/P003_WE11:CDS	hypothetical protein	k141_80417:c4911-4753	P003_WE11_00160

DiscRep_SUB:FEATURE_LOCATION_CONFLICT::Coding region xref gene does not exist
P003_WE11/P003_WE11:CDS	putative chloroplast RF34	k141_80417:c5218-4970	P003_WE11_00161

DiscRep_SUB:FEATURE_LOCATION_CONFLICT::Coding region xref gene does not exist
P003_WE11/P003_WE11:CDS	hypothetical protein	k141_80417:c6525-6304	P003_WE11_00162

DiscRep_SUB:FEATURE_LOCATION_CONFLICT::Coding region xref gene does not exist
P003_WE11/P003_WE11:CDS	hypothetical protein	k141_80417:c6766-6605	P003_WE11_00163

DiscRep_SUB:FEATURE_LOCATION_CONFLICT::Coding region xref gene does not exist
P003_WE11/P003_WE11:CDS	DNA-directed RNA polymerase subunit alpha	k141_3250:c514-140	P003_WE11_00164

DiscRep_SUB:FEATURE_LOCATION_CONFLICT::Coding region xref gene does not exist
P003_WE11/P003_WE11:CDS	ribosomal protein S11	k141_3250:c982-563	P003_WE11_00165

DiscRep_SUB:FEATURE_LOCATION_CONFLICT::Coding region xref gene does not exist
P003_WE11/P003_WE11:CDS	RNA polymerase beta subunit	k141_39175:7-3066	P003_WE11_00166

DiscRep_SUB:FEATURE_LOCATION_CONFLICT::Coding region xref gene does not exist
P003_WE11/P003_WE11:CDS	RNA polymerase beta' subunit	k141_39175:3098-3529	P003_WE11_00167

DiscRep_SUB:FEATURE_LOCATION_CONFLICT::Coding region xref gene does not exist
P003_WE11/P003_WE11:CDS	RNA polymerase beta' subunit	k141_39175:4387-5874	P003_WE11_00168

DiscRep_SUB:FEATURE_LOCATION_CONFLICT::Coding region xref gene does not exist
P003_WE11/P003_WE11:CDS	DNA-directed RNA polymerase subunit beta'	k141_39175:6071-8968	P003_WE11_00169

DiscRep_SUB:FEATURE_LOCATION_CONFLICT::Coding region xref gene does not exist
P003_WE11/P003_WE11:CDS	RNA polymerase beta'' subunit	k141_39175:9033-10937	P003_WE11_00170

DiscRep_SUB:FEATURE_LOCATION_CONFLICT::Coding region xref gene does not exist
P003_WE11/P003_WE11:CDS	ribosomal protein S2	k141_39175:11258-11959	P003_WE11_00171

DiscRep_SUB:FEATURE_LOCATION_CONFLICT::Coding region xref gene does not exist
P003_WE11/P003_WE11:CDS	hypothetical protein	k141_39175:12201-12470	P003_WE11_00172

DiscRep_SUB:FEATURE_LOCATION_CONFLICT::Coding region xref gene does not exist
P003_WE11/P003_WE11:CDS	hypothetical protein	k141_62990:c3096-2854	P003_WE11_00174

DiscRep_SUB:FEATURE_LOCATION_CONFLICT::RNA feature xref gene does not exist
P003_WE11/P003_WE11:rRNA	23S ribosomal RNA	k141_62990:c2820-1	P003_WE11_00173

DiscRep_SUB:FEATURE_LOCATION_CONFLICT::RNA feature xref gene does not exist
P003_WE11/P003_WE11:rRNA	16S ribosomal RNA	k141_62990:c6503-4994	P003_WE11_00175

DiscRep_SUB:FEATURE_LOCATION_CONFLICT::Coding region xref gene does not exist
P003_WE11/P003_WE11:CDS	ATP-dependent Clp protease proteolytic subunit	k141_39216:168-845	P003_WE11_00176

DiscRep_SUB:FEATURE_LOCATION_CONFLICT::Coding region xref gene does not exist
P003_WE11/P003_WE11:CDS	hypothetical protein	k141_86591:329-526	P003_WE11_00177

DiscRep_SUB:FEATURE_LOCATION_CONFLICT::Coding region xref gene does not exist
P003_WE11/P003_WE11:CDS	DNA-directed RNA polymerase subunit alpha	k141_86591:986-1351	P003_WE11_00178

DiscRep_SUB:FEATURE_LOCATION_CONFLICT::Coding region xref gene does not exist
P003_WE11/P003_WE11:CDS	photosystem II protein K	k141_86591:c2832-2647	P003_WE11_00180

DiscRep_SUB:FEATURE_LOCATION_CONFLICT::Coding region xref gene does not exist
P003_WE11/P003_WE11:CDS	ribosomal protein S14	k141_86591:4102-4251	P003_WE11_00181

DiscRep_SUB:FEATURE_LOCATION_CONFLICT::RNA feature xref gene does not exist
P003_WE11/P003_WE11:tRNA	Ser	k141_86591:1980-2068	P003_WE11_00179

DiscRep_SUB:FEATURE_LOCATION_CONFLICT::Coding region xref gene does not exist
P003_WE11/P003_WE11:CDS	hypothetical protein	k141_86625:103-990	P003_WE11_00182

DiscRep_SUB:FEATURE_LOCATION_CONFLICT::Coding region xref gene does not exist
P003_WE11/P003_WE11:CDS	photosystem I P700 apoprotein A2	k141_74623:158-2362	P003_WE11_00183

DiscRep_SUB:FEATURE_LOCATION_CONFLICT::Coding region xref gene does not exist
P003_WE11/P003_WE11:CDS	ribosomal protein S14	k141_74623:2525-2830	P003_WE11_00184

DiscRep_SUB:FEATURE_LOCATION_CONFLICT::Coding region xref gene does not exist
P003_WE11/P003_WE11:CDS	hypothetical protein	k141_74623:3000-3245	P003_WE11_00185

DiscRep_SUB:FEATURE_LOCATION_CONFLICT::Coding region xref gene does not exist
P003_WE11/P003_WE11:CDS	hypothetical protein	k141_74623:3282-3521	P003_WE11_00186

DiscRep_SUB:FEATURE_LOCATION_CONFLICT::Coding region xref gene does not exist
P003_WE11/P003_WE11:CDS	hypothetical protein	k141_74623:4153-4341	P003_WE11_00187

DiscRep_SUB:FEATURE_LOCATION_CONFLICT::Coding region xref gene does not exist
P003_WE11/P003_WE11:CDS	hypothetical protein	k141_74623:5175-5360	P003_WE11_00188

DiscRep_SUB:FEATURE_LOCATION_CONFLICT::Coding region xref gene does not exist
P003_WE11/P003_WE11:CDS	hypothetical protein	k141_74623:c6402-6112	P003_WE11_00189

DiscRep_SUB:FEATURE_LOCATION_CONFLICT::Coding region xref gene does not exist
P003_WE11/P003_WE11:CDS	hypothetical protein	k141_74623:6795-7265	P003_WE11_00191

DiscRep_SUB:FEATURE_LOCATION_CONFLICT::Coding region xref gene does not exist
P003_WE11/P003_WE11:CDS	hypothetical protein	k141_74623:8057-8230	P003_WE11_00192

DiscRep_SUB:FEATURE_LOCATION_CONFLICT::RNA feature xref gene does not exist
P003_WE11/P003_WE11:tRNA	Met	k141_74623:c6578-6504	P003_WE11_00190

DiscRep_SUB:FEATURE_LOCATION_CONFLICT::RNA feature xref gene does not exist
P003_WE11/P003_WE11:tRNA	Glu	k141_74623:8665-8739	P003_WE11_00193

DiscRep_SUB:FEATURE_LOCATION_CONFLICT::Coding region xref gene does not exist
P003_WE11/P003_WE11:CDS	hypothetical protein	k141_98829:c914-411	P003_WE11_00194

DiscRep_SUB:FEATURE_LOCATION_CONFLICT::Coding region xref gene does not exist
P003_WE11/P003_WE11:CDS	hypothetical protein	k141_98829:c1059-931	P003_WE11_00195

DiscRep_SUB:FEATURE_LOCATION_CONFLICT::Coding region xref gene does not exist
P003_WE11/P003_WE11:CDS	ribosomal protein L20	k141_4077:386-769	P003_WE11_00196

DiscRep_SUB:FEATURE_LOCATION_CONFLICT::Coding region xref gene does not exist
P003_WE11/P003_WE11:CDS	hypothetical protein	k141_4077:c1892-1065	P003_WE11_00197

DiscRep_SUB:FEATURE_LOCATION_CONFLICT::Coding region xref gene does not exist
P003_WE11/P003_WE11:CDS	ribosomal protein L33	k141_4077:c2375-2169	P003_WE11_00198

DiscRep_SUB:FEATURE_LOCATION_CONFLICT::Coding region xref gene does not exist
P003_WE11/P003_WE11:CDS	hypothetical protein	k141_4077:2804-3052	P003_WE11_00199

DiscRep_SUB:FEATURE_LOCATION_CONFLICT::Coding region xref gene does not exist
P003_WE11/P003_WE11:CDS	photosystem II cytochrome b559 alpha subunit	k141_4077:5775-6026	P003_WE11_00202

DiscRep_SUB:FEATURE_LOCATION_CONFLICT::Coding region xref gene does not exist
P003_WE11/P003_WE11:CDS	photosystem II cytochrome b559 beta subunit	k141_4077:6037-6156	P003_WE11_00203

DiscRep_SUB:FEATURE_LOCATION_CONFLICT::Coding region xref gene does not exist
P003_WE11/P003_WE11:CDS	cytochrome f	k141_4077:c8443-7526	P003_WE11_00204

DiscRep_SUB:FEATURE_LOCATION_CONFLICT::Coding region xref gene does not exist
P003_WE11/P003_WE11:CDS	hypothetical protein	k141_4077:c8734-8591	P003_WE11_00205

DiscRep_SUB:FEATURE_LOCATION_CONFLICT::Coding region xref gene does not exist
P003_WE11/P003_WE11:CDS	envelope membrane protein	k141_4077:c9420-8731	P003_WE11_00206

DiscRep_SUB:FEATURE_LOCATION_CONFLICT::Coding region xref gene does not exist
P003_WE11/P003_WE11:CDS	photosystem I assembly protein Ycf4	k141_4077:c10772-10215	P003_WE11_00207

DiscRep_SUB:FEATURE_LOCATION_CONFLICT::Coding region xref gene does not exist
P003_WE11/P003_WE11:CDS	photosystem I subunit VIII	k141_4077:c11122-11012	P003_WE11_00208

DiscRep_SUB:FEATURE_LOCATION_CONFLICT::Coding region xref gene does not exist
P003_WE11/P003_WE11:CDS	ribosomal protein S4	k141_4077:c12352-11735	P003_WE11_00209

DiscRep_SUB:FEATURE_LOCATION_CONFLICT::Coding region xref gene does not exist
P003_WE11/P003_WE11:CDS	hypothetical protein	k141_4077:c12541-12395	P003_WE11_00210

DiscRep_SUB:FEATURE_LOCATION_CONFLICT::Coding region xref gene does not exist
P003_WE11/P003_WE11:CDS	hypothetical protein	k141_4077:c13367-13218	P003_WE11_00212

DiscRep_SUB:FEATURE_LOCATION_CONFLICT::Coding region xref gene does not exist
P003_WE11/P003_WE11:CDS	ATP synthase CF1 alpha subunit	k141_4077:c17159-15636	P003_WE11_00214

DiscRep_SUB:FEATURE_LOCATION_CONFLICT::Coding region xref gene does not exist
P003_WE11/P003_WE11:CDS	ATP synthase CF0 subunit I	k141_4077:c17519-17256	P003_WE11_00215

DiscRep_SUB:FEATURE_LOCATION_CONFLICT::Coding region xref gene does not exist
P003_WE11/P003_WE11:CDS	ATP synthase subunit b	k141_4077:c18637-18386	P003_WE11_00216

DiscRep_SUB:FEATURE_LOCATION_CONFLICT::Coding region xref gene does not exist
P003_WE11/P003_WE11:CDS	ATP synthase CF0 subunit III	k141_4077:c19264-19019	P003_WE11_00217

DiscRep_SUB:FEATURE_LOCATION_CONFLICT::Coding region xref gene does not exist
P003_WE11/P003_WE11:CDS	ATP synthase CF0 subunit IV	k141_4077:c20783-20040	P003_WE11_00218

DiscRep_SUB:FEATURE_LOCATION_CONFLICT::Coding region xref gene does not exist
P003_WE11/P003_WE11:CDS	hypothetical protein	k141_4077:c21852-20980	P003_WE11_00219

DiscRep_SUB:FEATURE_LOCATION_CONFLICT::RNA feature xref gene does not exist
P003_WE11/P003_WE11:tRNA	Pro	k141_4077:3354-3429	P003_WE11_00200

DiscRep_SUB:FEATURE_LOCATION_CONFLICT::RNA feature xref gene does not exist
P003_WE11/P003_WE11:tRNA	Trp	k141_4077:3528-3601	P003_WE11_00201

DiscRep_SUB:FEATURE_LOCATION_CONFLICT::RNA feature xref gene does not exist
P003_WE11/P003_WE11:tRNA	Gln	k141_4077:c13086-13013	P003_WE11_00211

DiscRep_SUB:FEATURE_LOCATION_CONFLICT::RNA feature xref gene does not exist
P003_WE11/P003_WE11:tRNA	Arg	k141_4077:15446-15517	P003_WE11_00213

DiscRep_SUB:FEATURE_LOCATION_CONFLICT::Coding region xref gene does not exist
P003_WE11/P003_WE11:CDS	ATP-dependent Clp protease proteolytic subunit	k141_81603:108-827	P003_WE11_00220

DiscRep_SUB:FEATURE_LOCATION_CONFLICT::Coding region xref gene does not exist
P003_WE11/P003_WE11:CDS	ATP-dependent Clp protease proteolytic subunit	k141_4665:c3653-3330	P003_WE11_00221

DiscRep_SUB:FEATURE_LOCATION_CONFLICT::Coding region xref gene does not exist
P003_WE11/P003_WE11:CDS	photosystem II CP47 chlorophyll apoprotein	k141_4665:4055-5584	P003_WE11_00222

DiscRep_SUB:FEATURE_LOCATION_CONFLICT::Coding region xref gene does not exist
P003_WE11/P003_WE11:CDS	photosystem II protein T	k141_4665:5761-5868	P003_WE11_00223

DiscRep_SUB:FEATURE_LOCATION_CONFLICT::Coding region xref gene does not exist
P003_WE11/P003_WE11:CDS	photosystem II phosphoprotein	k141_4665:6202-6423	P003_WE11_00224

DiscRep_SUB:FEATURE_LOCATION_CONFLICT::Coding region xref gene does not exist
P003_WE11/P003_WE11:CDS	cytochrome b6	k141_4665:7438-8010	P003_WE11_00225

DiscRep_SUB:FEATURE_LOCATION_CONFLICT::Coding region xref gene does not exist
P003_WE11/P003_WE11:CDS	cytochrome b6/f complex subunit IV	k141_4665:9038-9457	P003_WE11_00226

DiscRep_SUB:FEATURE_LOCATION_CONFLICT::Coding region xref gene does not exist
P003_WE11/P003_WE11:CDS	ribosomal protein L22	k141_99505:57-224	P003_WE11_00227

DiscRep_SUB:FEATURE_LOCATION_CONFLICT::Coding region xref gene does not exist
P003_WE11/P003_WE11:CDS	ribosomal protein S3	k141_99505:288-1184	P003_WE11_00228

DiscRep_SUB:FEATURE_LOCATION_CONFLICT::Coding region xref gene does not exist
P003_WE11/P003_WE11:CDS	ribosomal protein L16	k141_99505:2106-2573	P003_WE11_00229

DiscRep_SUB:FEATURE_LOCATION_CONFLICT::Coding region xref gene does not exist
P003_WE11/P003_WE11:CDS	ribosomal protein L14	k141_99505:2695-3063	P003_WE11_00230

DiscRep_SUB:FEATURE_LOCATION_CONFLICT::Coding region xref gene does not exist
P003_WE11/P003_WE11:CDS	ribosomal protein S8	k141_99505:3131-3637	P003_WE11_00231

DiscRep_SUB:FEATURE_LOCATION_CONFLICT::Coding region xref gene does not exist
P003_WE11/P003_WE11:CDS	hypothetical protein	k141_99505:3622-3777	P003_WE11_00232

DiscRep_SUB:FEATURE_LOCATION_CONFLICT::Coding region xref gene does not exist
P003_WE11/P003_WE11:CDS	Translation initiation factor IF-1	k141_99505:3774-4175	P003_WE11_00233

DiscRep_SUB:FEATURE_LOCATION_CONFLICT::Coding region xref gene does not exist
P003_WE11/P003_WE11:CDS	hypothetical protein	k141_99505:4490-4714	P003_WE11_00234

DiscRep_SUB:FEATURE_LOCATION_CONFLICT::Coding region xref gene does not exist
P003_WE11/P003_WE11:CDS	hypothetical protein	k141_99505:6251-6505	P003_WE11_00235

DiscRep_SUB:FEATURE_LOCATION_CONFLICT::Coding region xref gene does not exist
P003_WE11/P003_WE11:CDS	hypothetical protein	k141_99505:7830-8108	P003_WE11_00237

DiscRep_SUB:FEATURE_LOCATION_CONFLICT::Coding region xref gene does not exist
P003_WE11/P003_WE11:CDS	putative chloroplast RF34	k141_99505:8530-8778	P003_WE11_00238

DiscRep_SUB:FEATURE_LOCATION_CONFLICT::Coding region xref gene does not exist
P003_WE11/P003_WE11:CDS	ATP-dependent Clp protease proteolytic subunit	k141_99505:10045-10722	P003_WE11_00239

DiscRep_SUB:FEATURE_LOCATION_CONFLICT::Coding region xref gene does not exist
P003_WE11/P003_WE11:CDS	hypothetical protein	k141_99505:c11072-10662	P003_WE11_00240

DiscRep_SUB:FEATURE_LOCATION_CONFLICT::RNA feature xref gene does not exist
P003_WE11/P003_WE11:tRNA	Ser	k141_99505:c7012-6926	P003_WE11_00236

DiscRep_SUB:FEATURE_LOCATION_CONFLICT::Coding region xref gene does not exist
P003_WE11/P003_WE11:CDS	hypothetical protein	k141_5559:919-1287	P003_WE11_00242

DiscRep_SUB:FEATURE_LOCATION_CONFLICT::RNA feature xref gene does not exist
P003_WE11/P003_WE11:tRNA	Thr	k141_5559:c306-232	P003_WE11_00241

DiscRep_SUB:FEATURE_LOCATION_CONFLICT::Coding region xref gene does not exist
P003_WE11/P003_WE11:CDS	ribosomal protein S7	k141_29402:c725-168	P003_WE11_00243

DiscRep_SUB:FEATURE_LOCATION_CONFLICT::Coding region xref gene does not exist
P003_WE11/P003_WE11:CDS	hypothetical protein	k141_23526:1167-1412	P003_WE11_00244

DiscRep_SUB:FEATURE_LOCATION_CONFLICT::Coding region xref gene does not exist
P003_WE11/P003_WE11:CDS	photosystem II CP47 chlorophyll apoprotein	k141_23526:c3434-1908	P003_WE11_00245

DiscRep_SUB:FEATURE_LOCATION_CONFLICT::Coding region xref gene does not exist
P003_WE11/P003_WE11:CDS	ribosomal protein L20	k141_23526:c4362-3991	P003_WE11_00246

DiscRep_SUB:FEATURE_LOCATION_CONFLICT::Coding region xref gene does not exist
P003_WE11/P003_WE11:CDS	ribosomal protein S2	k141_23526:c7192-6419	P003_WE11_00247

DiscRep_SUB:FEATURE_LOCATION_CONFLICT::Coding region xref gene does not exist
P003_WE11/P003_WE11:CDS	DNA-directed RNA polymerase subunit beta'	k141_23526:c13038-7444	P003_WE11_00248

DiscRep_SUB:FEATURE_LOCATION_CONFLICT::Coding region xref gene does not exist
P003_WE11/P003_WE11:CDS	RNA polymerase beta' subunit	k141_23526:c15302-13233	P003_WE11_00249

DiscRep_SUB:FEATURE_LOCATION_CONFLICT::Coding region xref gene does not exist
P003_WE11/P003_WE11:CDS	RNA polymerase beta subunit	k141_23526:c18554-15333	P003_WE11_00250

DiscRep_SUB:FEATURE_LOCATION_CONFLICT::Coding region xref gene does not exist
P003_WE11/P003_WE11:CDS	hypothetical protein	k141_23526:c18861-18709	P003_WE11_00251

DiscRep_SUB:FEATURE_LOCATION_CONFLICT::Coding region xref gene does not exist
P003_WE11/P003_WE11:CDS	cytochrome b6/f complex subunit VII	k141_23526:20443-20532	P003_WE11_00253

DiscRep_SUB:FEATURE_LOCATION_CONFLICT::Coding region xref gene does not exist
P003_WE11/P003_WE11:CDS	Photosystem II reaction center protein M	k141_23526:c21966-21706	P003_WE11_00254

DiscRep_SUB:FEATURE_LOCATION_CONFLICT::Coding region xref gene does not exist
P003_WE11/P003_WE11:CDS	photosystem II protein D2	k141_23526:25045-26106	P003_WE11_00258

DiscRep_SUB:FEATURE_LOCATION_CONFLICT::Coding region xref gene does not exist
P003_WE11/P003_WE11:CDS	photosystem II CP43 chlorophyll apoprotein	k141_23526:26054-27475	P003_WE11_00259

DiscRep_SUB:FEATURE_LOCATION_CONFLICT::Coding region xref gene does not exist
P003_WE11/P003_WE11:CDS	photosystem II protein Z	k141_23526:28101-28289	P003_WE11_00261

DiscRep_SUB:FEATURE_LOCATION_CONFLICT::Coding region xref gene does not exist
P003_WE11/P003_WE11:CDS	hypothetical protein	k141_23526:c30354-30103	P003_WE11_00264

DiscRep_SUB:FEATURE_LOCATION_CONFLICT::RNA feature xref gene does not exist
P003_WE11/P003_WE11:tRNA	Cys	k141_23526:19655-19725	P003_WE11_00252

DiscRep_SUB:FEATURE_LOCATION_CONFLICT::RNA feature xref gene does not exist
P003_WE11/P003_WE11:tRNA	Asp	k141_23526:c22955-22880	P003_WE11_00255

DiscRep_SUB:FEATURE_LOCATION_CONFLICT::RNA feature xref gene does not exist
P003_WE11/P003_WE11:tRNA	Tyr	k141_23526:c23450-23365	P003_WE11_00256

DiscRep_SUB:FEATURE_LOCATION_CONFLICT::RNA feature xref gene does not exist
P003_WE11/P003_WE11:tRNA	Thr	k141_23526:23945-24017	P003_WE11_00257

DiscRep_SUB:FEATURE_LOCATION_CONFLICT::RNA feature xref gene does not exist
P003_WE11/P003_WE11:tRNA	Ser	k141_23526:c27717-27626	P003_WE11_00260

DiscRep_SUB:FEATURE_LOCATION_CONFLICT::RNA feature xref gene does not exist
P003_WE11/P003_WE11:tRNA	Gly	k141_23526:28589-28659	P003_WE11_00262

DiscRep_SUB:FEATURE_LOCATION_CONFLICT::RNA feature xref gene does not exist
P003_WE11/P003_WE11:tRNA	Leu	k141_23526:c29785-29705	P003_WE11_00263

DiscRep_SUB:FEATURE_LOCATION_CONFLICT::RNA feature xref gene does not exist
P003_WE11/P003_WE11:tRNA	Leu	k141_23526:c30740-30660	P003_WE11_00265

DiscRep_ALL:SUSPECT_PRODUCT_NAMES::2 product_names contain suspect phrase or characters
DiscRep_SUB:SUSPECT_PRODUCT_NAMES::May contain database identifier more appropriate in note; remove from product name
DiscRep_SUB:SUSPECT_PRODUCT_NAMES::2 features contains three or more numbers together that may be identifiers more appropriate in note
P003_WE11/P003_WE11:CDS	photosystem I P700 apoprotein A2	k141_74123:158-2362	P003_WE11_00155
P003_WE11/P003_WE11:CDS	photosystem I P700 apoprotein A2	k141_74623:158-2362	P003_WE11_00183

DiscRep_ALL:DISC_QUALITY_SCORES::Quality scores are missing on all sequences.

FATAL: DiscRep_ALL:DISC_SUSPECT_RRNA_PRODUCTS::3 rRNA product names contain suspect phrase
FATAL: DiscRep_SUB:DISC_SUSPECT_RRNA_PRODUCTS::3 rRNA product names contains 'partial'
P003_WE11/P003_WE11:rRNA	16S ribosomal RNA (partial)	k141_90687:4-1191	P003_WE11_00100
P003_WE11/P003_WE11:rRNA	16S ribosomal RNA (partial)	k141_90687:1234-1676	P003_WE11_00101
P003_WE11/P003_WE11:rRNA	23S ribosomal RNA (partial)	k141_8373:3917-6345	P003_WE11_00120

FATAL: DiscRep_ALL:DISC_SHORT_RRNA::1 rRNA features are too short
P003_WE11/P003_WE11:rRNA	16S ribosomal RNA (partial)	k141_90687:1234-1676	P003_WE11_00101

DiscRep_ALL:ONCALLER_COMMENT_PRESENT::41 comment descriptors were found (all same)
P003_WE11/P003_WE11:k141_100473:Annotated using prokka 1.14.5 from https://github.com/tseemann/prokka
P003_WE11/P003_WE11:k141_47856:Annotated using prokka 1.14.5 from https://github.com/tseemann/prokka
P003_WE11/P003_WE11:k141_95150:Annotated using prokka 1.14.5 from https://github.com/tseemann/prokka
P003_WE11/P003_WE11:k141_89273:Annotated using prokka 1.14.5 from https://github.com/tseemann/prokka
P003_WE11/P003_WE11:k141_59880:Annotated using prokka 1.14.5 from https://github.com/tseemann/prokka
P003_WE11/P003_WE11:k141_107283:Annotated using prokka 1.14.5 from https://github.com/tseemann/prokka
P003_WE11/P003_WE11:k141_112912:Annotated using prokka 1.14.5 from https://github.com/tseemann/prokka
P003_WE11/P003_WE11:k141_48136:Annotated using prokka 1.14.5 from https://github.com/tseemann/prokka
P003_WE11/P003_WE11:k141_66133:Annotated using prokka 1.14.5 from https://github.com/tseemann/prokka
P003_WE11/P003_WE11:k141_101350:Annotated using prokka 1.14.5 from https://github.com/tseemann/prokka
P003_WE11/P003_WE11:k141_78195:Annotated using prokka 1.14.5 from https://github.com/tseemann/prokka
P003_WE11/P003_WE11:k141_102079:Annotated using prokka 1.14.5 from https://github.com/tseemann/prokka
P003_WE11/P003_WE11:k141_55057:Annotated using prokka 1.14.5 from https://github.com/tseemann/prokka
P003_WE11/P003_WE11:k141_90687:Annotated using prokka 1.14.5 from https://github.com/tseemann/prokka
P003_WE11/P003_WE11:k141_8095:Annotated using prokka 1.14.5 from https://github.com/tseemann/prokka
P003_WE11/P003_WE11:k141_8373:Annotated using prokka 1.14.5 from https://github.com/tseemann/prokka
P003_WE11/P003_WE11:k141_2557:Annotated using prokka 1.14.5 from https://github.com/tseemann/prokka
P003_WE11/P003_WE11:k141_26214:Annotated using prokka 1.14.5 from https://github.com/tseemann/prokka
P003_WE11/P003_WE11:k141_62165:Annotated using prokka 1.14.5 from https://github.com/tseemann/prokka
P003_WE11/P003_WE11:k141_109578:Annotated using prokka 1.14.5 from https://github.com/tseemann/prokka
P003_WE11/P003_WE11:k141_62330:Annotated using prokka 1.14.5 from https://github.com/tseemann/prokka
P003_WE11/P003_WE11:k141_68466:Annotated using prokka 1.14.5 from https://github.com/tseemann/prokka
P003_WE11/P003_WE11:k141_97875:Annotated using prokka 1.14.5 from https://github.com/tseemann/prokka
P003_WE11/P003_WE11:k141_3196:Annotated using prokka 1.14.5 from https://github.com/tseemann/prokka
P003_WE11/P003_WE11:k141_74123:Annotated using prokka 1.14.5 from https://github.com/tseemann/prokka
P003_WE11/P003_WE11:k141_80417:Annotated using prokka 1.14.5 from https://github.com/tseemann/prokka
P003_WE11/P003_WE11:k141_3250:Annotated using prokka 1.14.5 from https://github.com/tseemann/prokka
P003_WE11/P003_WE11:k141_39175:Annotated using prokka 1.14.5 from https://github.com/tseemann/prokka
P003_WE11/P003_WE11:k141_62990:Annotated using prokka 1.14.5 from https://github.com/tseemann/prokka
P003_WE11/P003_WE11:k141_39216:Annotated using prokka 1.14.5 from https://github.com/tseemann/prokka
P003_WE11/P003_WE11:k141_86591:Annotated using prokka 1.14.5 from https://github.com/tseemann/prokka
P003_WE11/P003_WE11:k141_86625:Annotated using prokka 1.14.5 from https://github.com/tseemann/prokka
P003_WE11/P003_WE11:k141_74623:Annotated using prokka 1.14.5 from https://github.com/tseemann/prokka
P003_WE11/P003_WE11:k141_98829:Annotated using prokka 1.14.5 from https://github.com/tseemann/prokka
P003_WE11/P003_WE11:k141_4077:Annotated using prokka 1.14.5 from https://github.com/tseemann/prokka
P003_WE11/P003_WE11:k141_81603:Annotated using prokka 1.14.5 from https://github.com/tseemann/prokka
P003_WE11/P003_WE11:k141_4665:Annotated using prokka 1.14.5 from https://github.com/tseemann/prokka
P003_WE11/P003_WE11:k141_99505:Annotated using prokka 1.14.5 from https://github.com/tseemann/prokka
P003_WE11/P003_WE11:k141_5559:Annotated using prokka 1.14.5 from https://github.com/tseemann/prokka
P003_WE11/P003_WE11:k141_29402:Annotated using prokka 1.14.5 from https://github.com/tseemann/prokka
P003_WE11/P003_WE11:k141_23526:Annotated using prokka 1.14.5 from https://github.com/tseemann/prokka

DiscRep_ALL:SHORT_PROT_SEQUENCES::18 protein sequences are shorter than 50 aa.
P003_WE11/P003_WE11:k141_47856_2 (length 39)
P003_WE11/P003_WE11:k141_89273_2 (length 45)
P003_WE11/P003_WE11:k141_89273_5 (length 40)
P003_WE11/P003_WE11:k141_89273_7 (length 39)
P003_WE11/P003_WE11:k141_89273_12 (length 36)
P003_WE11/P003_WE11:k141_89273_14 (length 42)
P003_WE11/P003_WE11:k141_112912_4 (length 45)
P003_WE11/P003_WE11:k141_8095_5 (length 34)
P003_WE11/P003_WE11:k141_8095_6 (length 29)
P003_WE11/P003_WE11:k141_86591_4 (length 49)
P003_WE11/P003_WE11:k141_98829_2 (length 42)
P003_WE11/P003_WE11:k141_4077_6 (length 39)
P003_WE11/P003_WE11:k141_4077_8 (length 47)
P003_WE11/P003_WE11:k141_4077_11 (length 36)
P003_WE11/P003_WE11:k141_4077_13 (length 48)
P003_WE11/P003_WE11:k141_4077_14 (length 49)
P003_WE11/P003_WE11:k141_4665_3 (length 35)
P003_WE11/P003_WE11:k141_23526_9 (length 29)

DiscRep_ALL:MISSING_GENOMEASSEMBLY_COMMENTS::41 bioseqs are missing GenomeAssembly structured comments
P003_WE11/P003_WE11:k141_100473 (length 7061)
P003_WE11/P003_WE11:k141_47856 (length 1889)
P003_WE11/P003_WE11:k141_95150 (length 10402)
P003_WE11/P003_WE11:k141_89273 (length 15409)
P003_WE11/P003_WE11:k141_59880 (length 5468)
P003_WE11/P003_WE11:k141_107283 (length 6645)
P003_WE11/P003_WE11:k141_112912 (length 14148)
P003_WE11/P003_WE11:k141_48136 (length 6670)
P003_WE11/P003_WE11:k141_66133 (length 16512)
P003_WE11/P003_WE11:k141_101350 (length 6394)
P003_WE11/P003_WE11:k141_78195 (length 3009)
P003_WE11/P003_WE11:k141_102079 (length 1051)
P003_WE11/P003_WE11:k141_55057 (length 2945)
P003_WE11/P003_WE11:k141_90687 (length 1682)
P003_WE11/P003_WE11:k141_8095 (length 11039)
P003_WE11/P003_WE11:k141_8373 (length 6725)
P003_WE11/P003_WE11:k141_2557 (length 1412)
P003_WE11/P003_WE11:k141_26214 (length 1264)
P003_WE11/P003_WE11:k141_62165 (length 3353)
P003_WE11/P003_WE11:k141_109578 (length 5930)
P003_WE11/P003_WE11:k141_62330 (length 2673)
P003_WE11/P003_WE11:k141_68466 (length 1119)
P003_WE11/P003_WE11:k141_97875 (length 3344)
P003_WE11/P003_WE11:k141_3196 (length 9247)
P003_WE11/P003_WE11:k141_74123 (length 2683)
P003_WE11/P003_WE11:k141_80417 (length 6794)
P003_WE11/P003_WE11:k141_3250 (length 1176)
P003_WE11/P003_WE11:k141_39175 (length 12692)
P003_WE11/P003_WE11:k141_62990 (length 6733)
P003_WE11/P003_WE11:k141_39216 (length 1007)
P003_WE11/P003_WE11:k141_86591 (length 4618)
P003_WE11/P003_WE11:k141_86625 (length 1045)
P003_WE11/P003_WE11:k141_74623 (length 9473)
P003_WE11/P003_WE11:k141_98829 (length 1115)
P003_WE11/P003_WE11:k141_4077 (length 22117)
P003_WE11/P003_WE11:k141_81603 (length 1218)
P003_WE11/P003_WE11:k141_4665 (length 10010)
P003_WE11/P003_WE11:k141_99505 (length 11420)
P003_WE11/P003_WE11:k141_5559 (length 1613)
P003_WE11/P003_WE11:k141_29402 (length 2095)
P003_WE11/P003_WE11:k141_23526 (length 30938)

DiscRep_ALL:MOLTYPE_NOT_MRNA::41 molecule types are not set as mRNA.
P003_WE11/P003_WE11:k141_100473 (length 7061)
P003_WE11/P003_WE11:k141_47856 (length 1889)
P003_WE11/P003_WE11:k141_95150 (length 10402)
P003_WE11/P003_WE11:k141_89273 (length 15409)
P003_WE11/P003_WE11:k141_59880 (length 5468)
P003_WE11/P003_WE11:k141_107283 (length 6645)
P003_WE11/P003_WE11:k141_112912 (length 14148)
P003_WE11/P003_WE11:k141_48136 (length 6670)
P003_WE11/P003_WE11:k141_66133 (length 16512)
P003_WE11/P003_WE11:k141_101350 (length 6394)
P003_WE11/P003_WE11:k141_78195 (length 3009)
P003_WE11/P003_WE11:k141_102079 (length 1051)
P003_WE11/P003_WE11:k141_55057 (length 2945)
P003_WE11/P003_WE11:k141_90687 (length 1682)
P003_WE11/P003_WE11:k141_8095 (length 11039)
P003_WE11/P003_WE11:k141_8373 (length 6725)
P003_WE11/P003_WE11:k141_2557 (length 1412)
P003_WE11/P003_WE11:k141_26214 (length 1264)
P003_WE11/P003_WE11:k141_62165 (length 3353)
P003_WE11/P003_WE11:k141_109578 (length 5930)
P003_WE11/P003_WE11:k141_62330 (length 2673)
P003_WE11/P003_WE11:k141_68466 (length 1119)
P003_WE11/P003_WE11:k141_97875 (length 3344)
P003_WE11/P003_WE11:k141_3196 (length 9247)
P003_WE11/P003_WE11:k141_74123 (length 2683)
P003_WE11/P003_WE11:k141_80417 (length 6794)
P003_WE11/P003_WE11:k141_3250 (length 1176)
P003_WE11/P003_WE11:k141_39175 (length 12692)
P003_WE11/P003_WE11:k141_62990 (length 6733)
P003_WE11/P003_WE11:k141_39216 (length 1007)
P003_WE11/P003_WE11:k141_86591 (length 4618)
P003_WE11/P003_WE11:k141_86625 (length 1045)
P003_WE11/P003_WE11:k141_74623 (length 9473)
P003_WE11/P003_WE11:k141_98829 (length 1115)
P003_WE11/P003_WE11:k141_4077 (length 22117)
P003_WE11/P003_WE11:k141_81603 (length 1218)
P003_WE11/P003_WE11:k141_4665 (length 10010)
P003_WE11/P003_WE11:k141_99505 (length 11420)
P003_WE11/P003_WE11:k141_5559 (length 1613)
P003_WE11/P003_WE11:k141_29402 (length 2095)
P003_WE11/P003_WE11:k141_23526 (length 30938)

DiscRep_ALL:TECHNIQUE_NOT_TSA::41 technique are not set as TSA
P003_WE11/P003_WE11:k141_100473 (length 7061)
P003_WE11/P003_WE11:k141_47856 (length 1889)
P003_WE11/P003_WE11:k141_95150 (length 10402)
P003_WE11/P003_WE11:k141_89273 (length 15409)
P003_WE11/P003_WE11:k141_59880 (length 5468)
P003_WE11/P003_WE11:k141_107283 (length 6645)
P003_WE11/P003_WE11:k141_112912 (length 14148)
P003_WE11/P003_WE11:k141_48136 (length 6670)
P003_WE11/P003_WE11:k141_66133 (length 16512)
P003_WE11/P003_WE11:k141_101350 (length 6394)
P003_WE11/P003_WE11:k141_78195 (length 3009)
P003_WE11/P003_WE11:k141_102079 (length 1051)
P003_WE11/P003_WE11:k141_55057 (length 2945)
P003_WE11/P003_WE11:k141_90687 (length 1682)
P003_WE11/P003_WE11:k141_8095 (length 11039)
P003_WE11/P003_WE11:k141_8373 (length 6725)
P003_WE11/P003_WE11:k141_2557 (length 1412)
P003_WE11/P003_WE11:k141_26214 (length 1264)
P003_WE11/P003_WE11:k141_62165 (length 3353)
P003_WE11/P003_WE11:k141_109578 (length 5930)
P003_WE11/P003_WE11:k141_62330 (length 2673)
P003_WE11/P003_WE11:k141_68466 (length 1119)
P003_WE11/P003_WE11:k141_97875 (length 3344)
P003_WE11/P003_WE11:k141_3196 (length 9247)
P003_WE11/P003_WE11:k141_74123 (length 2683)
P003_WE11/P003_WE11:k141_80417 (length 6794)
P003_WE11/P003_WE11:k141_3250 (length 1176)
P003_WE11/P003_WE11:k141_39175 (length 12692)
P003_WE11/P003_WE11:k141_62990 (length 6733)
P003_WE11/P003_WE11:k141_39216 (length 1007)
P003_WE11/P003_WE11:k141_86591 (length 4618)
P003_WE11/P003_WE11:k141_86625 (length 1045)
P003_WE11/P003_WE11:k141_74623 (length 9473)
P003_WE11/P003_WE11:k141_98829 (length 1115)
P003_WE11/P003_WE11:k141_4077 (length 22117)
P003_WE11/P003_WE11:k141_81603 (length 1218)
P003_WE11/P003_WE11:k141_4665 (length 10010)
P003_WE11/P003_WE11:k141_99505 (length 11420)
P003_WE11/P003_WE11:k141_5559 (length 1613)
P003_WE11/P003_WE11:k141_29402 (length 2095)
P003_WE11/P003_WE11:k141_23526 (length 30938)

DiscRep_ALL:MISSING_STRUCTURED_COMMENT::41 sequences do not include structured comments.
P003_WE11/P003_WE11:k141_100473 (length 7061)
P003_WE11/P003_WE11:k141_47856 (length 1889)
P003_WE11/P003_WE11:k141_95150 (length 10402)
P003_WE11/P003_WE11:k141_89273 (length 15409)
P003_WE11/P003_WE11:k141_59880 (length 5468)
P003_WE11/P003_WE11:k141_107283 (length 6645)
P003_WE11/P003_WE11:k141_112912 (length 14148)
P003_WE11/P003_WE11:k141_48136 (length 6670)
P003_WE11/P003_WE11:k141_66133 (length 16512)
P003_WE11/P003_WE11:k141_101350 (length 6394)
P003_WE11/P003_WE11:k141_78195 (length 3009)
P003_WE11/P003_WE11:k141_102079 (length 1051)
P003_WE11/P003_WE11:k141_55057 (length 2945)
P003_WE11/P003_WE11:k141_90687 (length 1682)
P003_WE11/P003_WE11:k141_8095 (length 11039)
P003_WE11/P003_WE11:k141_8373 (length 6725)
P003_WE11/P003_WE11:k141_2557 (length 1412)
P003_WE11/P003_WE11:k141_26214 (length 1264)
P003_WE11/P003_WE11:k141_62165 (length 3353)
P003_WE11/P003_WE11:k141_109578 (length 5930)
P003_WE11/P003_WE11:k141_62330 (length 2673)
P003_WE11/P003_WE11:k141_68466 (length 1119)
P003_WE11/P003_WE11:k141_97875 (length 3344)
P003_WE11/P003_WE11:k141_3196 (length 9247)
P003_WE11/P003_WE11:k141_74123 (length 2683)
P003_WE11/P003_WE11:k141_80417 (length 6794)
P003_WE11/P003_WE11:k141_3250 (length 1176)
P003_WE11/P003_WE11:k141_39175 (length 12692)
P003_WE11/P003_WE11:k141_62990 (length 6733)
P003_WE11/P003_WE11:k141_39216 (length 1007)
P003_WE11/P003_WE11:k141_86591 (length 4618)
P003_WE11/P003_WE11:k141_86625 (length 1045)
P003_WE11/P003_WE11:k141_74623 (length 9473)
P003_WE11/P003_WE11:k141_98829 (length 1115)
P003_WE11/P003_WE11:k141_4077 (length 22117)
P003_WE11/P003_WE11:k141_81603 (length 1218)
P003_WE11/P003_WE11:k141_4665 (length 10010)
P003_WE11/P003_WE11:k141_99505 (length 11420)
P003_WE11/P003_WE11:k141_5559 (length 1613)
P003_WE11/P003_WE11:k141_29402 (length 2095)
P003_WE11/P003_WE11:k141_23526 (length 30938)

DiscRep_ALL:MISSING_PROJECT::251 sequences do not include project.
P003_WE11/P003_WE11:k141_100473 (length 7061)
P003_WE11/P003_WE11:k141_100473_1 (length 72)
P003_WE11/P003_WE11:k141_100473_2 (length 78)
P003_WE11/P003_WE11:k141_100473_3 (length 63)
P003_WE11/P003_WE11:k141_100473_4 (length 310)
P003_WE11/P003_WE11:k141_100473_5 (length 63)
P003_WE11/P003_WE11:k141_100473_6 (length 81)
P003_WE11/P003_WE11:k141_100473_7 (length 64)
P003_WE11/P003_WE11:k141_47856 (length 1889)
P003_WE11/P003_WE11:k141_47856_1 (length 168)
P003_WE11/P003_WE11:k141_47856_2 (length 39)
P003_WE11/P003_WE11:k141_95150 (length 10402)
P003_WE11/P003_WE11:k141_95150_1 (length 734)
P003_WE11/P003_WE11:k141_95150_2 (length 151)
P003_WE11/P003_WE11:k141_95150_3 (length 63)
P003_WE11/P003_WE11:k141_95150_4 (length 316)
P003_WE11/P003_WE11:k141_95150_5 (length 502)
P003_WE11/P003_WE11:k141_95150_6 (length 81)
P003_WE11/P003_WE11:k141_95150_7 (length 100)
P003_WE11/P003_WE11:k141_89273 (length 15409)
P003_WE11/P003_WE11:k141_89273_1 (length 102)
P003_WE11/P003_WE11:k141_89273_2 (length 45)
P003_WE11/P003_WE11:k141_89273_3 (length 112)
P003_WE11/P003_WE11:k141_89273_4 (length 65)
P003_WE11/P003_WE11:k141_89273_5 (length 40)
P003_WE11/P003_WE11:k141_89273_6 (length 83)
P003_WE11/P003_WE11:k141_89273_7 (length 39)
P003_WE11/P003_WE11:k141_89273_8 (length 64)
P003_WE11/P003_WE11:k141_89273_9 (length 322)
P003_WE11/P003_WE11:k141_89273_10 (length 229)
P003_WE11/P003_WE11:k141_89273_11 (length 188)
P003_WE11/P003_WE11:k141_89273_12 (length 36)
P003_WE11/P003_WE11:k141_89273_13 (length 205)
P003_WE11/P003_WE11:k141_89273_14 (length 42)
P003_WE11/P003_WE11:k141_89273_15 (length 96)
P003_WE11/P003_WE11:k141_59880 (length 5468)
P003_WE11/P003_WE11:k141_59880_1 (length 191)
P003_WE11/P003_WE11:k141_59880_2 (length 180)
P003_WE11/P003_WE11:k141_59880_3 (length 135)
P003_WE11/P003_WE11:k141_59880_4 (length 54)
P003_WE11/P003_WE11:k141_59880_5 (length 197)
P003_WE11/P003_WE11:k141_59880_6 (length 393)
P003_WE11/P003_WE11:k141_59880_7 (length 87)
P003_WE11/P003_WE11:k141_107283 (length 6645)
P003_WE11/P003_WE11:k141_107283_1 (length 353)
P003_WE11/P003_WE11:k141_107283_2 (length 282)
P003_WE11/P003_WE11:k141_107283_3 (length 519)
P003_WE11/P003_WE11:k141_112912 (length 14148)
P003_WE11/P003_WE11:k141_112912_1 (length 479)
P003_WE11/P003_WE11:k141_112912_2 (length 486)
P003_WE11/P003_WE11:k141_112912_3 (length 133)
P003_WE11/P003_WE11:k141_112912_4 (length 45)
P003_WE11/P003_WE11:k141_112912_5 (length 120)
P003_WE11/P003_WE11:k141_112912_6 (length 242)
P003_WE11/P003_WE11:k141_112912_7 (length 163)
P003_WE11/P003_WE11:k141_112912_8 (length 51)
P003_WE11/P003_WE11:k141_112912_9 (length 53)
P003_WE11/P003_WE11:k141_112912_10 (length 57)
P003_WE11/P003_WE11:k141_112912_11 (length 260)
P003_WE11/P003_WE11:k141_112912_12 (length 82)
P003_WE11/P003_WE11:k141_112912_13 (length 291)
P003_WE11/P003_WE11:k141_48136 (length 6670)
P003_WE11/P003_WE11:k141_48136_1 (length 141)
P003_WE11/P003_WE11:k141_48136_2 (length 131)
P003_WE11/P003_WE11:k141_48136_3 (length 110)
P003_WE11/P003_WE11:k141_48136_4 (length 80)
P003_WE11/P003_WE11:k141_48136_5 (length 121)
P003_WE11/P003_WE11:k141_48136_6 (length 284)
P003_WE11/P003_WE11:k141_66133 (length 16512)
P003_WE11/P003_WE11:k141_66133_1 (length 247)
P003_WE11/P003_WE11:k141_66133_2 (length 285)
P003_WE11/P003_WE11:k141_66133_3 (length 89)
P003_WE11/P003_WE11:k141_66133_4 (length 178)
P003_WE11/P003_WE11:k141_66133_5 (length 520)
P003_WE11/P003_WE11:k141_66133_6 (length 66)
P003_WE11/P003_WE11:k141_66133_7 (length 59)
P003_WE11/P003_WE11:k141_66133_8 (length 95)
P003_WE11/P003_WE11:k141_66133_9 (length 353)
P003_WE11/P003_WE11:k141_101350 (length 6394)
P003_WE11/P003_WE11:k141_101350_1 (length 108)
P003_WE11/P003_WE11:k141_101350_2 (length 81)
P003_WE11/P003_WE11:k141_101350_3 (length 111)
P003_WE11/P003_WE11:k141_101350_4 (length 69)
P003_WE11/P003_WE11:k141_101350_5 (length 96)
P003_WE11/P003_WE11:k141_101350_6 (length 510)
P003_WE11/P003_WE11:k141_78195 (length 3009)
P003_WE11/P003_WE11:k141_78195_1 (length 69)
P003_WE11/P003_WE11:k141_78195_2 (length 186)
P003_WE11/P003_WE11:k141_78195_3 (length 303)
P003_WE11/P003_WE11:k141_102079 (length 1051)
P003_WE11/P003_WE11:k141_102079_1 (length 230)
P003_WE11/P003_WE11:k141_55057 (length 2945)
P003_WE11/P003_WE11:k141_55057_1 (length 76)
P003_WE11/P003_WE11:k141_55057_2 (length 70)
P003_WE11/P003_WE11:k141_55057_3 (length 139)
P003_WE11/P003_WE11:k141_55057_4 (length 180)
P003_WE11/P003_WE11:k141_90687 (length 1682)
P003_WE11/P003_WE11:k141_8095 (length 11039)
P003_WE11/P003_WE11:k141_8095_1 (length 62)
P003_WE11/P003_WE11:k141_8095_2 (length 473)
P003_WE11/P003_WE11:k141_8095_3 (length 353)
P003_WE11/P003_WE11:k141_8095_4 (length 71)
P003_WE11/P003_WE11:k141_8095_5 (length 34)
P003_WE11/P003_WE11:k141_8095_6 (length 29)
P003_WE11/P003_WE11:k141_8095_7 (length 73)
P003_WE11/P003_WE11:k141_8095_8 (length 115)
P003_WE11/P003_WE11:k141_8373 (length 6725)
P003_WE11/P003_WE11:k141_8373_1 (length 79)
P003_WE11/P003_WE11:k141_2557 (length 1412)
P003_WE11/P003_WE11:k141_2557_1 (length 271)
P003_WE11/P003_WE11:k141_2557_2 (length 84)
P003_WE11/P003_WE11:k141_26214 (length 1264)
P003_WE11/P003_WE11:k141_26214_1 (length 114)
P003_WE11/P003_WE11:k141_62165 (length 3353)
P003_WE11/P003_WE11:k141_62165_1 (length 271)
P003_WE11/P003_WE11:k141_62165_2 (length 70)
P003_WE11/P003_WE11:k141_62165_3 (length 58)
P003_WE11/P003_WE11:k141_109578 (length 5930)
P003_WE11/P003_WE11:k141_109578_1 (length 133)
P003_WE11/P003_WE11:k141_109578_2 (length 492)
P003_WE11/P003_WE11:k141_109578_3 (length 479)
P003_WE11/P003_WE11:k141_62330 (length 2673)
P003_WE11/P003_WE11:k141_62330_1 (length 62)
P003_WE11/P003_WE11:k141_68466 (length 1119)
P003_WE11/P003_WE11:k141_68466_1 (length 285)
P003_WE11/P003_WE11:k141_97875 (length 3344)
P003_WE11/P003_WE11:k141_97875_1 (length 183)
P003_WE11/P003_WE11:k141_97875_2 (length 127)
P003_WE11/P003_WE11:k141_97875_3 (length 92)
P003_WE11/P003_WE11:k141_3196 (length 9247)
P003_WE11/P003_WE11:k141_3196_1 (length 72)
P003_WE11/P003_WE11:k141_3196_2 (length 166)
P003_WE11/P003_WE11:k141_3196_3 (length 104)
P003_WE11/P003_WE11:k141_3196_4 (length 164)
P003_WE11/P003_WE11:k141_3196_5 (length 102)
P003_WE11/P003_WE11:k141_3196_6 (length 164)
P003_WE11/P003_WE11:k141_3196_7 (length 275)
P003_WE11/P003_WE11:k141_3196_8 (length 59)
P003_WE11/P003_WE11:k141_3196_9 (length 125)
P003_WE11/P003_WE11:k141_3196_10 (length 127)
P003_WE11/P003_WE11:k141_3196_11 (length 134)
P003_WE11/P003_WE11:k141_3196_12 (length 189)
P003_WE11/P003_WE11:k141_74123 (length 2683)
P003_WE11/P003_WE11:k141_74123_1 (length 734)
P003_WE11/P003_WE11:k141_80417 (length 6794)
P003_WE11/P003_WE11:k141_80417_1 (length 98)
P003_WE11/P003_WE11:k141_80417_2 (length 59)
P003_WE11/P003_WE11:k141_80417_3 (length 145)
P003_WE11/P003_WE11:k141_80417_4 (length 64)
P003_WE11/P003_WE11:k141_80417_5 (length 52)
P003_WE11/P003_WE11:k141_80417_6 (length 82)
P003_WE11/P003_WE11:k141_80417_7 (length 73)
P003_WE11/P003_WE11:k141_80417_8 (length 53)
P003_WE11/P003_WE11:k141_3250 (length 1176)
P003_WE11/P003_WE11:k141_3250_1 (length 124)
P003_WE11/P003_WE11:k141_3250_2 (length 139)
P003_WE11/P003_WE11:k141_39175 (length 12692)
P003_WE11/P003_WE11:k141_39175_1 (length 1019)
P003_WE11/P003_WE11:k141_39175_2 (length 143)
P003_WE11/P003_WE11:k141_39175_3 (length 495)
P003_WE11/P003_WE11:k141_39175_4 (length 965)
P003_WE11/P003_WE11:k141_39175_5 (length 634)
P003_WE11/P003_WE11:k141_39175_6 (length 233)
P003_WE11/P003_WE11:k141_39175_7 (length 89)
P003_WE11/P003_WE11:k141_62990 (length 6733)
P003_WE11/P003_WE11:k141_62990_1 (length 80)
P003_WE11/P003_WE11:k141_39216 (length 1007)
P003_WE11/P003_WE11:k141_39216_1 (length 225)
P003_WE11/P003_WE11:k141_86591 (length 4618)
P003_WE11/P003_WE11:k141_86591_1 (length 65)
P003_WE11/P003_WE11:k141_86591_2 (length 121)
P003_WE11/P003_WE11:k141_86591_3 (length 61)
P003_WE11/P003_WE11:k141_86591_4 (length 49)
P003_WE11/P003_WE11:k141_86625 (length 1045)
P003_WE11/P003_WE11:k141_86625_1 (length 295)
P003_WE11/P003_WE11:k141_74623 (length 9473)
P003_WE11/P003_WE11:k141_74623_1 (length 734)
P003_WE11/P003_WE11:k141_74623_2 (length 101)
P003_WE11/P003_WE11:k141_74623_3 (length 81)
P003_WE11/P003_WE11:k141_74623_4 (length 79)
P003_WE11/P003_WE11:k141_74623_5 (length 62)
P003_WE11/P003_WE11:k141_74623_6 (length 61)
P003_WE11/P003_WE11:k141_74623_7 (length 96)
P003_WE11/P003_WE11:k141_74623_8 (length 156)
P003_WE11/P003_WE11:k141_74623_9 (length 57)
P003_WE11/P003_WE11:k141_98829 (length 1115)
P003_WE11/P003_WE11:k141_98829_1 (length 167)
P003_WE11/P003_WE11:k141_98829_2 (length 42)
P003_WE11/P003_WE11:k141_4077 (length 22117)
P003_WE11/P003_WE11:k141_4077_1 (length 127)
P003_WE11/P003_WE11:k141_4077_2 (length 275)
P003_WE11/P003_WE11:k141_4077_3 (length 68)
P003_WE11/P003_WE11:k141_4077_4 (length 82)
P003_WE11/P003_WE11:k141_4077_5 (length 83)
P003_WE11/P003_WE11:k141_4077_6 (length 39)
P003_WE11/P003_WE11:k141_4077_7 (length 305)
P003_WE11/P003_WE11:k141_4077_8 (length 47)
P003_WE11/P003_WE11:k141_4077_9 (length 229)
P003_WE11/P003_WE11:k141_4077_10 (length 185)
P003_WE11/P003_WE11:k141_4077_11 (length 36)
P003_WE11/P003_WE11:k141_4077_12 (length 205)
P003_WE11/P003_WE11:k141_4077_13 (length 48)
P003_WE11/P003_WE11:k141_4077_14 (length 49)
P003_WE11/P003_WE11:k141_4077_15 (length 507)
P003_WE11/P003_WE11:k141_4077_16 (length 87)
P003_WE11/P003_WE11:k141_4077_17 (length 83)
P003_WE11/P003_WE11:k141_4077_18 (length 81)
P003_WE11/P003_WE11:k141_4077_19 (length 247)
P003_WE11/P003_WE11:k141_4077_20 (length 290)
P003_WE11/P003_WE11:k141_81603 (length 1218)
P003_WE11/P003_WE11:k141_81603_1 (length 239)
P003_WE11/P003_WE11:k141_4665 (length 10010)
P003_WE11/P003_WE11:k141_4665_1 (length 107)
P003_WE11/P003_WE11:k141_4665_2 (length 509)
P003_WE11/P003_WE11:k141_4665_3 (length 35)
P003_WE11/P003_WE11:k141_4665_4 (length 73)
P003_WE11/P003_WE11:k141_4665_5 (length 190)
P003_WE11/P003_WE11:k141_4665_6 (length 139)
P003_WE11/P003_WE11:k141_99505 (length 11420)
P003_WE11/P003_WE11:k141_99505_1 (length 55)
P003_WE11/P003_WE11:k141_99505_2 (length 298)
P003_WE11/P003_WE11:k141_99505_3 (length 155)
P003_WE11/P003_WE11:k141_99505_4 (length 122)
P003_WE11/P003_WE11:k141_99505_5 (length 168)
P003_WE11/P003_WE11:k141_99505_6 (length 51)
P003_WE11/P003_WE11:k141_99505_7 (length 133)
P003_WE11/P003_WE11:k141_99505_8 (length 74)
P003_WE11/P003_WE11:k141_99505_9 (length 84)
P003_WE11/P003_WE11:k141_99505_10 (length 92)
P003_WE11/P003_WE11:k141_99505_11 (length 82)
P003_WE11/P003_WE11:k141_99505_12 (length 225)
P003_WE11/P003_WE11:k141_99505_13 (length 136)
P003_WE11/P003_WE11:k141_5559 (length 1613)
P003_WE11/P003_WE11:k141_5559_1 (length 122)
P003_WE11/P003_WE11:k141_29402 (length 2095)
P003_WE11/P003_WE11:k141_29402_1 (length 185)
P003_WE11/P003_WE11:k141_23526 (length 30938)
P003_WE11/P003_WE11:k141_23526_1 (length 81)
P003_WE11/P003_WE11:k141_23526_2 (length 508)
P003_WE11/P003_WE11:k141_23526_3 (length 123)
P003_WE11/P003_WE11:k141_23526_4 (length 257)
P003_WE11/P003_WE11:k141_23526_5 (length 1864)
P003_WE11/P003_WE11:k141_23526_6 (length 689)
P003_WE11/P003_WE11:k141_23526_7 (length 1073)
P003_WE11/P003_WE11:k141_23526_8 (length 50)
P003_WE11/P003_WE11:k141_23526_9 (length 29)
P003_WE11/P003_WE11:k141_23526_10 (length 86)
P003_WE11/P003_WE11:k141_23526_11 (length 353)
P003_WE11/P003_WE11:k141_23526_12 (length 473)
P003_WE11/P003_WE11:k141_23526_13 (length 62)
P003_WE11/P003_WE11:k141_23526_14 (length 83)

FATAL: DiscRep_ALL:RRNA_NAME_CONFLICTS::3 rRNA product names are not standard. Correct the names to the standard format, eg "16S ribosomal RNA"
P003_WE11/P003_WE11:rRNA	16S ribosomal RNA (partial)	k141_90687:4-1191	P003_WE11_00100
P003_WE11/P003_WE11:rRNA	16S ribosomal RNA (partial)	k141_90687:1234-1676	P003_WE11_00101
P003_WE11/P003_WE11:rRNA	23S ribosomal RNA (partial)	k141_8373:3917-6345	P003_WE11_00120

DiscRep_ALL:DISC_INCONSISTENT_MOLINFO_TECH::Molinfo Technique Report (some missing, all same)
DiscRep_SUB:DISC_INCONSISTENT_MOLINFO_TECH::technique (all missing)
DiscRep_SUB:DISC_INCONSISTENT_MOLINFO_TECH::41 Molinfos are missing field technique
P003_WE11/P003_WE11:k141_2557 (length 1412)
P003_WE11/P003_WE11:k141_3196 (length 9247)
P003_WE11/P003_WE11:k141_3250 (length 1176)
P003_WE11/P003_WE11:k141_4077 (length 22117)
P003_WE11/P003_WE11:k141_4665 (length 10010)
P003_WE11/P003_WE11:k141_5559 (length 1613)
P003_WE11/P003_WE11:k141_8095 (length 11039)
P003_WE11/P003_WE11:k141_8373 (length 6725)
P003_WE11/P003_WE11:k141_23526 (length 30938)
P003_WE11/P003_WE11:k141_26214 (length 1264)
P003_WE11/P003_WE11:k141_29402 (length 2095)
P003_WE11/P003_WE11:k141_39175 (length 12692)
P003_WE11/P003_WE11:k141_39216 (length 1007)
P003_WE11/P003_WE11:k141_47856 (length 1889)
P003_WE11/P003_WE11:k141_48136 (length 6670)
P003_WE11/P003_WE11:k141_55057 (length 2945)
P003_WE11/P003_WE11:k141_59880 (length 5468)
P003_WE11/P003_WE11:k141_62165 (length 3353)
P003_WE11/P003_WE11:k141_62330 (length 2673)
P003_WE11/P003_WE11:k141_62990 (length 6733)
P003_WE11/P003_WE11:k141_66133 (length 16512)
P003_WE11/P003_WE11:k141_68466 (length 1119)
P003_WE11/P003_WE11:k141_74123 (length 2683)
P003_WE11/P003_WE11:k141_74623 (length 9473)
P003_WE11/P003_WE11:k141_78195 (length 3009)
P003_WE11/P003_WE11:k141_80417 (length 6794)
P003_WE11/P003_WE11:k141_81603 (length 1218)
P003_WE11/P003_WE11:k141_86591 (length 4618)
P003_WE11/P003_WE11:k141_86625 (length 1045)
P003_WE11/P003_WE11:k141_89273 (length 15409)
P003_WE11/P003_WE11:k141_90687 (length 1682)
P003_WE11/P003_WE11:k141_95150 (length 10402)
P003_WE11/P003_WE11:k141_97875 (length 3344)
P003_WE11/P003_WE11:k141_98829 (length 1115)
P003_WE11/P003_WE11:k141_99505 (length 11420)
P003_WE11/P003_WE11:k141_100473 (length 7061)
P003_WE11/P003_WE11:k141_101350 (length 6394)
P003_WE11/P003_WE11:k141_102079 (length 1051)
P003_WE11/P003_WE11:k141_107283 (length 6645)
P003_WE11/P003_WE11:k141_109578 (length 5930)
P003_WE11/P003_WE11:k141_112912 (length 14148)

