[17:08:36] This is prokka 1.14.5
[17:08:36] Written by Torsten Seemann <torsten.seemann@gmail.com>
[17:08:36] Homepage is https://github.com/tseemann/prokka
[17:08:36] Local time is Fri Nov 26 17:08:36 2021
[17:08:36] You are ruud
[17:08:36] Operating system is linux
[17:08:36] You have BioPerl 1.7.8
[17:08:36] System has 40 cores.
[17:08:36] Will use maximum of 40 cores.
[17:08:36] Annotating as >>> Bacteria <<<
[17:08:36] Creating new output folder: P003_WE11
[17:08:36] Running: mkdir -p P003_WE11
[17:08:36] Using filename prefix: P003_WE11.XXX
[17:08:36] Setting HMMER_NCPU=1
[17:08:36] Writing log to: P003_WE11/P003_WE11.log
[17:08:36] Command: /usr/local/packages/prokka-1.14.5/bin/prokka --cpus 40 --prefix P003_WE11 --Kingdom Bacteria --locustag P003_WE11 --proteins vaccinium.gb ../02_Blast/chloroplast_contigs_rapid_genomics_run2/P003_WE11_chloroplast_contigs.fa
[17:08:36] Appending to PATH: /home/local/packages/prokka-1.14.5/bin/../binaries/linux
[17:08:36] Appending to PATH: /home/local/packages/prokka-1.14.5/bin/../binaries/linux/../common
[17:08:36] Appending to PATH: /home/local/packages/prokka-1.14.5/bin
[17:08:36] Looking for 'aragorn' - found /usr/local/packages/Anaconda3-2019.10/bin/aragorn
[17:08:36] Determined aragorn version is 001002 from 'ARAGORN v1.2.38 Dean Laslett'
[17:08:36] Looking for 'barrnap' - found /usr/local/packages/Anaconda3-2019.10/bin/barrnap
[17:08:36] Determined barrnap version is 000009 from 'barrnap 0.9'
[17:08:36] Looking for 'blastp' - found /usr/local/packages/Anaconda3-2019.10/bin/blastp
[17:08:37] Determined blastp version is 002011 from 'blastp: 2.11.0+'
[17:08:37] Looking for 'cmpress' - found /usr/local/packages/Anaconda3-2019.10/bin/cmpress
[17:08:37] Determined cmpress version is 001001 from '# INFERNAL 1.1.2 (July 2016)'
[17:08:37] Looking for 'cmscan' - found /usr/local/packages/Anaconda3-2019.10/bin/cmscan
[17:08:37] Determined cmscan version is 001001 from '# INFERNAL 1.1.2 (July 2016)'
[17:08:37] Looking for 'egrep' - found /bin/egrep
[17:08:37] Looking for 'find' - found /bin/find
[17:08:37] Looking for 'grep' - found /bin/grep
[17:08:37] Looking for 'hmmpress' - found /usr/local/packages/Anaconda3-2019.10/bin/hmmpress
[17:08:37] Determined hmmpress version is 003003 from '# HMMER 3.3.2 (Nov 2020); http://hmmer.org/'
[17:08:37] Looking for 'hmmscan' - found /usr/local/packages/Anaconda3-2019.10/bin/hmmscan
[17:08:37] Determined hmmscan version is 003003 from '# HMMER 3.3.2 (Nov 2020); http://hmmer.org/'
[17:08:37] Looking for 'java' - found /usr/local/packages/jdk1.8.0_191/bin/java
[17:08:37] Looking for 'makeblastdb' - found /usr/local/packages/Anaconda3-2019.10/bin/makeblastdb
[17:08:38] Determined makeblastdb version is 002011 from 'makeblastdb: 2.11.0+'
[17:08:38] Looking for 'minced' - found /usr/local/packages/Anaconda3-2019.10/bin/minced
[17:08:38] Determined minced version is 004002 from 'minced 0.4.2'
[17:08:38] Looking for 'parallel' - found /usr/local/packages/Anaconda3-2019.10/bin/parallel
[17:08:38] Determined parallel version is 20210822 from 'GNU parallel 20210822'
[17:08:38] Looking for 'prodigal' - found /usr/local/packages/Anaconda3-2019.10/bin/prodigal
[17:08:38] Determined prodigal version is 002006 from 'Prodigal V2.6.3: February, 2016'
[17:08:38] Looking for 'prokka-genbank_to_fasta_db' - found /usr/local/packages/prokka-1.14.5/bin/prokka-genbank_to_fasta_db
[17:08:38] Looking for 'sed' - found /bin/sed
[17:08:38] Looking for 'tbl2asn' - found /usr/local/packages/Anaconda3-2019.10/bin/tbl2asn
[17:08:38] Determined tbl2asn version is 025008 from 'tbl2asn 25.8   arguments:'
[17:08:38] Using genetic code table 11.
[17:08:38] Loading and checking input file: ../02_Blast/chloroplast_contigs_rapid_genomics_run2/P003_WE11_chloroplast_contigs.fa
[17:08:38] Wrote 41 contigs totalling 272138 bp.
[17:08:38] Predicting tRNAs and tmRNAs
[17:08:38] Running: aragorn -l -gc11  -w P003_WE11\/P003_WE11\.fna
[17:08:38] 1 tRNA-Leu [5311,5391] 35 (tag)
[17:08:38] 1 tRNA-Phe c[3724,3796] 34 (gaa)
[17:08:38] 2 tRNA-Thr c[11542,11616] 35 (tgt)
[17:08:38] 3 tRNA-Trp c[12402,12475] 35 (cca)
[17:08:38] 4 tRNA-Pro c[12590,12665] 35 (tgg)
[17:08:38] 1 tRNA-Val c[418,489] 33 (gac)
[17:08:38] 2 tRNA-Met c[4913,4987] 35 (cat)
[17:08:38] 3 tRNA-Phe c[8678,8750] 34 (gaa)
[17:08:38] 4 tRNA-Thr [10180,10254] 35 (agt)
[17:08:38] 5 tRNA-Leu c[11062,11144] 35 (caa)
[17:08:38] 1 tRNA-His [374,448] 35 (gtg)
[17:08:38] 2 tRNA-Met c[2843,2917] 34 (cat)
[17:08:38] 1 tRNA-Gln c[9531,9602] 33 (ttg)
[17:08:38] 2 tRNA-Ser c[11118,11207] 35 (gct)
[17:08:38] 3 tRNA-His [16270,16344] 35 (gtg)
[17:08:38] 1 tRNA-Arg c[4224,4295] 34 (tct)
[17:08:38] 1 tRNA-Met [233,307] 36 (cat)
[17:08:38] 2 tRNA-Gly c[446,517] 33 (gcc)
[17:08:38] 3 tRNA-Ser [1285,1372] 35 (tga)
[17:08:38] 4 tRNA-Thr c[5304,5376] 33 (agt)
[17:08:38] 5 tRNA-Glu [6324,6395] 34 (ttc)
[17:08:38] 6 tRNA-Tyr [6507,6590] 35 (gta)
[17:08:38] 7 tRNA-Asp [6959,7034] 36 (gtc)
[17:08:38] 8 tRNA-Cys c[9150,9220] 33 (gca)
[17:08:38] 1 tRNA-Asn [1428,1501] 34 (gtt)
[17:08:38] 2 tRNA-Arg c[1719,1793] 36 (acg)
[17:08:38] 1 tRNA-Val [4605,4676] 33 (gac)
[17:08:38] 1 tRNA-Asn c[1019,1090] 33 (gtt)
[17:08:38] 2 tRNA-Arg c[1397,1471] 36 (acg)
[17:08:38] 1 tRNA-Leu [3060,3140] 34 (caa)
[17:08:38] 1 tRNA-His c[3451,3525] 35 (gtg)
[17:08:38] 2 tRNA-Ser c[8821,8907] 35 (gga)
[17:08:38] 1 tRNA-Ser [1980,2068] 35 (gct)
[17:08:38] 1 tRNA-Met c[6504,6578] 34 (cat)
[17:08:38] 2 tRNA-Glu [8665,8739] 36 (ttc)
[17:08:38] 1 tRNA-Pro [3354,3429] 35 (tgg)
[17:08:38] 2 tRNA-Trp [3528,3601] 35 (cca)
[17:08:38] 3 tRNA-Gln c[13013,13086] 33 (ttg)
[17:08:38] 4 tRNA-Arg [15446,15517] 34 (tct)
[17:08:38] 1 tRNA-Ser c[6926,7012] 35 (gga)
[17:08:38] 1 tRNA-Thr c[232,306] 35 (tgt)
[17:08:38] 1 tRNA-Cys [19655,19725] 33 (gca)
[17:08:38] 2 tRNA-Asp c[22880,22955] 36 (gtc)
[17:08:38] 3 tRNA-Tyr c[23365,23450] 36 (gta)
[17:08:38] 4 tRNA-Thr [23945,24017] 33 (ggt)
[17:08:38] 5 tRNA-Ser c[27626,27717] 36 (tga)
[17:08:38] 6 tRNA-Gly [28589,28659] 33 (gcc)
[17:08:38] 7 tRNA-Leu c[29705,29785] 35 (tag)
[17:08:38] 8 tRNA-Leu c[30660,30740] 35 (tag)
[17:08:38] Found 49 tRNAs
[17:08:38] Predicting Ribosomal RNAs
[17:08:38] Running Barrnap with 40 threads
[17:08:40] 1 k141_62990 1 23S ribosomal RNA
[17:08:40] 2 k141_62990 4994 16S ribosomal RNA
[17:08:40] 3 k141_8373 1 16S ribosomal RNA
[17:08:40] 4 k141_8373 3917 23S ribosomal RNA (partial)
[17:08:40] 5 k141_90687 4 16S ribosomal RNA (partial)
[17:08:40] 6 k141_90687 1234 16S ribosomal RNA (partial)
[17:08:40] Found 6 rRNAs
[17:08:40] Skipping ncRNA search, enable with --rfam if desired.
[17:08:40] Total of 55 tRNA + rRNA features
[17:08:40] Searching for CRISPR repeats
[17:08:40] Found 0 CRISPRs
[17:08:40] Predicting coding sequences
[17:08:40] Contigs total 272138 bp, so using single mode
[17:08:40] Running: prodigal -i P003_WE11\/P003_WE11\.fna -c -m -g 11 -p single -f sco -q
[17:08:41] Excluding CDS which overlaps existing RNA (tRNA) at k141_112912:11028..11168 on - strand
[17:08:41] Excluding CDS which overlaps existing RNA (tRNA) at k141_48136:2687..2911 on - strand
[17:08:41] Excluding CDS which overlaps existing RNA (tRNA) at k141_8095:369..581 on - strand
[17:08:41] Excluding CDS which overlaps existing RNA (rRNA) at k141_8373:3899..4141 on + strand
[17:08:41] Excluding CDS which overlaps existing RNA (rRNA) at k141_8373:4341..4613 on - strand
[17:08:41] Excluding CDS which overlaps existing RNA (rRNA) at k141_8373:5170..5376 on + strand
[17:08:41] Excluding CDS which overlaps existing RNA (rRNA) at k141_8373:6201..6557 on + strand
[17:08:41] Excluding CDS which overlaps existing RNA (rRNA) at k141_62990:481..756 on + strand
[17:08:41] Excluding CDS which overlaps existing RNA (rRNA) at k141_62990:883..1011 on - strand
[17:08:41] Excluding CDS which overlaps existing RNA (rRNA) at k141_62990:1032..1211 on - strand
[17:08:41] Excluding CDS which overlaps existing RNA (rRNA) at k141_62990:1441..1608 on - strand
[17:08:41] Excluding CDS which overlaps existing RNA (rRNA) at k141_62990:6455..6571 on - strand
[17:08:41] Excluding CDS which overlaps existing RNA (tRNA) at k141_86591:1972..2160 on + strand
[17:08:41] Excluding CDS which overlaps existing RNA (tRNA) at k141_99505:6925..7074 on + strand
[17:08:41] Excluding CDS which overlaps existing RNA (tRNA) at k141_23526:23299..23394 on + strand
[17:08:41] Excluding CDS which overlaps existing RNA (tRNA) at k141_23526:27468..27776 on - strand
[17:08:41] Excluding CDS which overlaps existing RNA (tRNA) at k141_23526:30534..30734 on - strand
[17:08:41] Found 210 CDS
[17:08:41] Connecting features back to sequences
[17:08:41] Not using genus-specific database. Try --usegenus to enable it.
[17:08:41] Preparing user-supplied primary BLAST annotation source: vaccinium.gb
[17:08:41] Guessed source was in genbank format.
[17:08:41] Converting genbank 'vaccinium.gb' into Prokka FASTA 'P003_WE11/proteins.faa'
[17:08:41] Running: prokka-genbank_to_fasta_db --format genbank vaccinium\.gb > P003_WE11\/proteins\.faa 2> /dev/null
[17:08:41] Running: makeblastdb -dbtype prot -in P003_WE11\/proteins\.faa -out P003_WE11\/proteins -logfile /dev/null
[17:08:42] Using /inference source as 'vaccinium.gb'
[17:08:42] Annotating CDS, please be patient.
[17:08:42] Will use 40 CPUs for similarity searching.
[17:08:42] There are still 210 unannotated CDS left (started with 210)
[17:08:42] Will use blast to search against P003_WE11/proteins with 40 CPUs
[17:08:42] Running: cat P003_WE11\/P003_WE11\.proteins\.tmp\.21109\.faa | parallel --gnu --plain -j 40 --block 513 --recstart '>' --pipe blastp -query - -db P003_WE11/proteins -evalue 1e-09 -qcov_hsp_perc 80 -num_threads 1 -num_descriptions 1 -num_alignments 1 -seg no > P003_WE11\/P003_WE11\.proteins\.tmp\.21109\.blast 2> /dev/null
[17:08:44] Deleting unwanted file: P003_WE11/P003_WE11.proteins.tmp.21109.faa
[17:08:44] Deleting unwanted file: P003_WE11/P003_WE11.proteins.tmp.21109.blast
[17:08:44] There are still 95 unannotated CDS left (started with 210)
[17:08:44] Will use blast to search against /home/local/packages/prokka-1.14.5/db/kingdom/Bacteria/IS with 40 CPUs
[17:08:44] Running: cat P003_WE11\/P003_WE11\.IS\.tmp\.21109\.faa | parallel --gnu --plain -j 40 --block 173 --recstart '>' --pipe blastp -query - -db /home/local/packages/prokka-1.14.5/db/kingdom/Bacteria/IS -evalue 1e-30 -qcov_hsp_perc 90 -num_threads 1 -num_descriptions 1 -num_alignments 1 -seg no > P003_WE11\/P003_WE11\.IS\.tmp\.21109\.blast 2> /dev/null
[17:08:46] Deleting unwanted file: P003_WE11/P003_WE11.IS.tmp.21109.faa
[17:08:46] Deleting unwanted file: P003_WE11/P003_WE11.IS.tmp.21109.blast
[17:08:46] There are still 95 unannotated CDS left (started with 210)
[17:08:46] Will use blast to search against /home/local/packages/prokka-1.14.5/db/kingdom/Bacteria/AMR with 40 CPUs
[17:08:46] Running: cat P003_WE11\/P003_WE11\.AMR\.tmp\.21109\.faa | parallel --gnu --plain -j 40 --block 173 --recstart '>' --pipe blastp -query - -db /home/local/packages/prokka-1.14.5/db/kingdom/Bacteria/AMR -evalue 1e-300 -qcov_hsp_perc 90 -num_threads 1 -num_descriptions 1 -num_alignments 1 -seg no > P003_WE11\/P003_WE11\.AMR\.tmp\.21109\.blast 2> /dev/null
[17:08:48] Deleting unwanted file: P003_WE11/P003_WE11.AMR.tmp.21109.faa
[17:08:48] Deleting unwanted file: P003_WE11/P003_WE11.AMR.tmp.21109.blast
[17:08:48] There are still 95 unannotated CDS left (started with 210)
[17:08:48] Will use blast to search against /home/local/packages/prokka-1.14.5/db/kingdom/Bacteria/sprot with 40 CPUs
[17:08:48] Running: cat P003_WE11\/P003_WE11\.sprot\.tmp\.21109\.faa | parallel --gnu --plain -j 40 --block 173 --recstart '>' --pipe blastp -query - -db /home/local/packages/prokka-1.14.5/db/kingdom/Bacteria/sprot -evalue 1e-09 -qcov_hsp_perc 80 -num_threads 1 -num_descriptions 1 -num_alignments 1 -seg no > P003_WE11\/P003_WE11\.sprot\.tmp\.21109\.blast 2> /dev/null
[17:08:50] Deleting unwanted file: P003_WE11/P003_WE11.sprot.tmp.21109.faa
[17:08:50] Deleting unwanted file: P003_WE11/P003_WE11.sprot.tmp.21109.blast
[17:08:50] There are still 90 unannotated CDS left (started with 210)
[17:08:50] Will use hmmer3 to search against /home/local/packages/prokka-1.14.5/db/hmm/HAMAP.hmm with 40 CPUs
[17:08:50] Running: cat P003_WE11\/P003_WE11\.HAMAP\.hmm\.tmp\.21109\.faa | parallel --gnu --plain -j 40 --block 161 --recstart '>' --pipe hmmscan --noali --notextw --acc -E 1e-09 --cpu 1 /home/local/packages/prokka-1.14.5/db/hmm/HAMAP.hmm /dev/stdin > P003_WE11\/P003_WE11\.HAMAP\.hmm\.tmp\.21109\.hmmer3 2> /dev/null
[17:08:51] Deleting unwanted file: P003_WE11/P003_WE11.HAMAP.hmm.tmp.21109.faa
[17:08:51] Deleting unwanted file: P003_WE11/P003_WE11.HAMAP.hmm.tmp.21109.hmmer3
[17:08:51] Deleting unwanted file: P003_WE11/proteins.psq
[17:08:51] Deleting unwanted file: P003_WE11/proteins.phr
[17:08:51] Deleting unwanted file: P003_WE11/proteins.pin
[17:08:51] Labelling remaining 75 proteins as 'hypothetical protein'
[17:08:51] Possible /pseudo 'ribosomal protein L2' at k141_48136 position 1551
[17:08:51] Possible /pseudo 'NADH-plastoquinone oxidoreductase subunit 2' at k141_97875 position 1894
[17:08:51] Possible /pseudo 'ribosomal protein L2' at k141_3196 position 2906
[17:08:51] Possible /pseudo 'RNA polymerase beta' subunit' at k141_39175 position 4387
[17:08:51] Found 68 unique /gene codes.
[17:08:51] Fixed 2 duplicate /gene - ndhA_1 ndhA_2
[17:08:51] Fixed 2 duplicate /gene - psbA_1 psbA_2
[17:08:51] Fixed 2 duplicate /gene - petN_1 petN_2
[17:08:51] Fixed 2 duplicate /gene - psbE_1 psbE_2
[17:08:51] Fixed 2 duplicate /gene - ycf4_1 ycf4_2
[17:08:51] Fixed 3 duplicate /gene - rpoC1_1 rpoC1_2 rpoC1_3
[17:08:51] Fixed 2 duplicate /gene - rpl22_1 rpl22_2
[17:08:51] Fixed 2 duplicate /gene - psaB_1 psaB_2
[17:08:51] Fixed 2 duplicate /gene - atpH_1 atpH_2
[17:08:51] Fixed 2 duplicate /gene - petD_1 petD_2
[17:08:51] Fixed 2 duplicate /gene - rps3_1 rps3_2
[17:08:51] Fixed 3 duplicate /gene - atpF_1 atpF_2 atpF_3
[17:08:51] Fixed 2 duplicate /gene - psbM_1 psbM_2
[17:08:51] Fixed 2 duplicate /gene - psbK_1 psbK_2
[17:08:51] Fixed 2 duplicate /gene - ndhK_1 ndhK_2
[17:08:51] Fixed 2 duplicate /gene - infA_1 infA_2
[17:08:51] Fixed 2 duplicate /gene - psbB_1 psbB_2
[17:08:51] Fixed 4 duplicate /gene - ndhB_1 ndhB_2 ndhB_3 ndhB_4
[17:08:51] Fixed 3 duplicate /gene - rpl16_1 rpl16_2 rpl16_3
[17:08:51] Fixed 2 duplicate /gene - psbZ_1 psbZ_2
[17:08:51] Fixed 6 duplicate /gene - clpP_1 clpP_2 clpP_3 clpP_4 clpP_5 clpP_6
[17:08:51] Fixed 2 duplicate /gene - rps8_1 rps8_2
[17:08:51] Fixed 2 duplicate /gene - atpI_1 atpI_2
[17:08:51] Fixed 2 duplicate /gene - rpoB_1 rpoB_2
[17:08:51] Fixed 3 duplicate /gene - ndhH_1 ndhH_2 ndhH_3
[17:08:51] Fixed 2 duplicate /gene - rpl14_1 rpl14_2
[17:08:51] Fixed 2 duplicate /gene - ccsA_1 ccsA_2
[17:08:51] Fixed 2 duplicate /gene - petA_1 petA_2
[17:08:51] Fixed 2 duplicate /gene - psbF_1 psbF_2
[17:08:51] Fixed 2 duplicate /gene - psaI_1 psaI_2
[17:08:51] Fixed 2 duplicate /gene - psbD_1 psbD_2
[17:08:51] Fixed 2 duplicate /gene - ndhD_1 ndhD_2
[17:08:51] Fixed 2 duplicate /gene - atpA_1 atpA_2
[17:08:51] Fixed 2 duplicate /gene - rbcL_1 rbcL_2
[17:08:51] Fixed 2 duplicate /gene - atpE_1 atpE_2
[17:08:51] Fixed 2 duplicate /gene - psaC_1 psaC_2
[17:08:51] Fixed 2 duplicate /gene - rps2_1 rps2_2
[17:08:51] Fixed 3 duplicate /gene - ycf3_1 ycf3_2 ycf3_3
[17:08:51] Fixed 2 duplicate /gene - psbC_1 psbC_2
[17:08:51] Fixed 4 duplicate /gene - rpl2_1 rpl2_2 rpl2_3 rpl2_4
[17:08:51] Fixed 2 duplicate /gene - petB_1 petB_2
[17:08:51] Fixed 2 duplicate /gene - rpl20_1 rpl20_2
[17:08:51] Fixed 2 duplicate /gene - rps4_1 rps4_2
[17:08:51] Fixed 2 duplicate /gene - rps11_1 rps11_2
[17:08:51] Fixed 2 duplicate /gene - rpl33_1 rpl33_2
[17:08:51] Fixed 3 duplicate /gene - rpoA_1 rpoA_2 rpoA_3
[17:08:51] Fixed 3 duplicate /gene - matK_1 matK_2 matK_3
[17:08:51] Fixed 2 duplicate /gene - cemA_1 cemA_2
[17:08:51] Fixed 2 duplicate /gene - rps14_1 rps14_2
[17:08:51] Fixed 3 duplicate /gene - rpoC2_1 rpoC2_2 rpoC2_3
[17:08:51] Fixed 2 duplicate /gene - atpB_1 atpB_2
[17:08:51] Fixed 51 colliding /gene names.
[17:08:51] Adding /locus_tag identifiers
[17:08:51] Assigned 265 locus_tags to CDS and RNA features.
[17:08:51] Writing outputs to P003_WE11/
[17:08:52] Generating annotation statistics file
[17:08:52] Generating Genbank and Sequin files
[17:08:52] Running: tbl2asn -V b -a r10k -l paired-ends -M n -N 1 -y 'Annotated using prokka 1.14.5 from https://github.com/tseemann/prokka' -Z P003_WE11\/P003_WE11\.err -i P003_WE11\/P003_WE11\.fsa 2> /dev/null
[17:08:52] Deleting unwanted file: P003_WE11/errorsummary.val
[17:08:52] Deleting unwanted file: P003_WE11/P003_WE11.dr
[17:08:52] Deleting unwanted file: P003_WE11/P003_WE11.fixedproducts
[17:08:52] Deleting unwanted file: P003_WE11/P003_WE11.ecn
[17:08:52] Deleting unwanted file: P003_WE11/P003_WE11.val
[17:08:52] Repairing broken .GBK output that tbl2asn produces...
[17:08:52] Running: sed 's/COORDINATES: profile/COORDINATES:profile/' < P003_WE11\/P003_WE11\.gbf > P003_WE11\/P003_WE11\.gbk
[17:08:52] Deleting unwanted file: P003_WE11/P003_WE11.gbf
[17:08:52] Output files:
[17:08:52] P003_WE11/P003_WE11.fsa
[17:08:52] P003_WE11/P003_WE11.log
[17:08:52] P003_WE11/P003_WE11.ffn
[17:08:52] P003_WE11/P003_WE11.txt
[17:08:52] P003_WE11/P003_WE11.err
[17:08:52] P003_WE11/P003_WE11.tbl
[17:08:52] P003_WE11/P003_WE11.faa
[17:08:52] P003_WE11/P003_WE11.gff
[17:08:52] P003_WE11/P003_WE11.sqn
[17:08:52] P003_WE11/P003_WE11.fna
[17:08:52] P003_WE11/P003_WE11.tsv
[17:08:52] P003_WE11/P003_WE11.gbk
[17:08:52] Annotation finished successfully.
[17:08:52] Walltime used: 0.27 minutes
[17:08:52] If you use this result please cite the Prokka paper:
[17:08:52] Seemann T (2014) Prokka: rapid prokaryotic genome annotation. Bioinformatics. 30(14):2068-9.
[17:08:52] Type 'prokka --citation' for more details.
[17:08:52] Thank you, come again.
