[16:16:40] This is prokka 1.14.5
[16:16:40] Written by Torsten Seemann <torsten.seemann@gmail.com>
[16:16:40] Homepage is https://github.com/tseemann/prokka
[16:16:40] Local time is Fri Nov 26 16:16:40 2021
[16:16:40] You are ruud
[16:16:40] Operating system is linux
[16:16:40] You have BioPerl 1.7.8
[16:16:40] System has 40 cores.
[16:16:40] Will use maximum of 40 cores.
[16:16:40] Annotating as >>> Bacteria <<<
[16:16:40] Creating new output folder: P001_WC03
[16:16:40] Running: mkdir -p P001_WC03
[16:16:40] Using filename prefix: P001_WC03.XXX
[16:16:40] Setting HMMER_NCPU=1
[16:16:40] Writing log to: P001_WC03/P001_WC03.log
[16:16:40] Command: /usr/local/packages/prokka-1.14.5/bin/prokka --cpus 40 --prefix P001_WC03 --Kingdom Bacteria --locustag P001_WC03 --proteins vaccinium.gb ../02_Blast/chloroplast_contigs_rapid_genomics_run2/P001_WC03_chloroplast_contigs.fa
[16:16:40] Appending to PATH: /home/local/packages/prokka-1.14.5/bin/../binaries/linux
[16:16:40] Appending to PATH: /home/local/packages/prokka-1.14.5/bin/../binaries/linux/../common
[16:16:40] Appending to PATH: /home/local/packages/prokka-1.14.5/bin
[16:16:40] Looking for 'aragorn' - found /usr/local/packages/Anaconda3-2019.10/bin/aragorn
[16:16:40] Determined aragorn version is 001002 from 'ARAGORN v1.2.38 Dean Laslett'
[16:16:40] Looking for 'barrnap' - found /usr/local/packages/Anaconda3-2019.10/bin/barrnap
[16:16:40] Determined barrnap version is 000009 from 'barrnap 0.9'
[16:16:40] Looking for 'blastp' - found /usr/local/packages/Anaconda3-2019.10/bin/blastp
[16:16:40] Determined blastp version is 002011 from 'blastp: 2.11.0+'
[16:16:40] Looking for 'cmpress' - found /usr/local/packages/Anaconda3-2019.10/bin/cmpress
[16:16:40] Determined cmpress version is 001001 from '# INFERNAL 1.1.2 (July 2016)'
[16:16:40] Looking for 'cmscan' - found /usr/local/packages/Anaconda3-2019.10/bin/cmscan
[16:16:40] Determined cmscan version is 001001 from '# INFERNAL 1.1.2 (July 2016)'
[16:16:40] Looking for 'egrep' - found /bin/egrep
[16:16:40] Looking for 'find' - found /bin/find
[16:16:40] Looking for 'grep' - found /bin/grep
[16:16:40] Looking for 'hmmpress' - found /usr/local/packages/Anaconda3-2019.10/bin/hmmpress
[16:16:40] Determined hmmpress version is 003003 from '# HMMER 3.3.2 (Nov 2020); http://hmmer.org/'
[16:16:40] Looking for 'hmmscan' - found /usr/local/packages/Anaconda3-2019.10/bin/hmmscan
[16:16:40] Determined hmmscan version is 003003 from '# HMMER 3.3.2 (Nov 2020); http://hmmer.org/'
[16:16:40] Looking for 'java' - found /usr/local/packages/jdk1.8.0_191/bin/java
[16:16:40] Looking for 'makeblastdb' - found /usr/local/packages/Anaconda3-2019.10/bin/makeblastdb
[16:16:41] Determined makeblastdb version is 002011 from 'makeblastdb: 2.11.0+'
[16:16:41] Looking for 'minced' - found /usr/local/packages/Anaconda3-2019.10/bin/minced
[16:16:41] Determined minced version is 004002 from 'minced 0.4.2'
[16:16:41] Looking for 'parallel' - found /usr/local/packages/Anaconda3-2019.10/bin/parallel
[16:16:41] Determined parallel version is 20210822 from 'GNU parallel 20210822'
[16:16:41] Looking for 'prodigal' - found /usr/local/packages/Anaconda3-2019.10/bin/prodigal
[16:16:41] Determined prodigal version is 002006 from 'Prodigal V2.6.3: February, 2016'
[16:16:41] Looking for 'prokka-genbank_to_fasta_db' - found /usr/local/packages/prokka-1.14.5/bin/prokka-genbank_to_fasta_db
[16:16:41] Looking for 'sed' - found /bin/sed
[16:16:41] Looking for 'tbl2asn' - found /usr/local/packages/Anaconda3-2019.10/bin/tbl2asn
[16:16:41] Determined tbl2asn version is 025008 from 'tbl2asn 25.8   arguments:'
[16:16:41] Using genetic code table 11.
[16:16:41] Loading and checking input file: ../02_Blast/chloroplast_contigs_rapid_genomics_run2/P001_WC03_chloroplast_contigs.fa
[16:16:41] Wrote 5 contigs totalling 128376 bp.
[16:16:41] Predicting tRNAs and tmRNAs
[16:16:41] Running: aragorn -l -gc11  -w P001_WC03\/P001_WC03\.fna
[16:16:42] 1 tRNA-Arg [1552,1623] 34 (tct)
[16:16:42] 2 tRNA-Glu [19652,19723] 34 (ttc)
[16:16:42] 3 tRNA-Tyr [19844,19930] 36 (gta)
[16:16:42] 4 tRNA-Asp [20046,20122] 36 (gtc)
[16:16:42] 5 tRNA-Cys c[21950,22021] 33 (gca)
[16:16:42] 6 tRNA-Ser [22800,22887] 35 (gct)
[16:16:42] 7 tRNA-Gln [24098,24169] 33 (ttg)
[16:16:42] 8 tRNA-His [31270,31344] 35 (gtg)
[16:16:42] 1 tRNA-Pro [17958,18033] 35 (tgg)
[16:16:42] 2 tRNA-Trp [18198,18271] 35 (cca)
[16:16:42] 1 tRNA-Met c[2082,2156] 34 (cat)
[16:16:42] 2 tRNA-Leu c[9537,9619] 35 (caa)
[16:16:42] tRNA [15346,15417] is a pseudo/wacky gene - skipping.
[16:16:42] 4 tRNA-Val [15542,15613] 33 (gac)
[16:16:42] 5 tRNA-Arg [23194,23268] 35 (acg)
[16:16:42] 6 tRNA-Asn c[23732,23805] 34 (gtt)
[16:16:42] 1 tRNA-Leu c[14064,14143] 35 (tag)
[16:16:42] 1 tRNA-Met c[7047,7119] 34 (cat)
[16:16:42] 2 tRNA-Phe c[10979,11052] 34 (gaa)
[16:16:42] 3 tRNA-Thr [12614,12688] 35 (tgt)
[16:16:42] 4 tRNA-Ser c[13983,14071] 36 (gga)
[16:16:42] 5 tRNA-Met [22756,22829] 35 (cat)
[16:16:42] 6 tRNA-Gly c[23080,23151] 33 (gcc)
[16:16:42] 7 tRNA-Ser [24030,24112] 35 (tga)
[16:16:42] Found 23 tRNAs
[16:16:42] Predicting Ribosomal RNAs
[16:16:42] Running Barrnap with 40 threads
[16:16:43] 1 k141_31632 15844 16S ribosomal RNA
[16:16:43] 2 k141_31632 19585 23S ribosomal RNA
[16:16:43] Found 2 rRNAs
[16:16:43] Skipping ncRNA search, enable with --rfam if desired.
[16:16:43] Total of 25 tRNA + rRNA features
[16:16:43] Searching for CRISPR repeats
[16:16:43] Found 0 CRISPRs
[16:16:43] Predicting coding sequences
[16:16:43] Contigs total 128376 bp, so using single mode
[16:16:43] Running: prodigal -i P001_WC03\/P001_WC03\.fna -c -m -g 11 -p single -f sco -q
[16:16:43] Excluding CDS which overlaps existing RNA (tRNA) at k141_31632:15567..15845 on - strand
[16:16:43] Excluding CDS which overlaps existing RNA (rRNA) at k141_31632:16294..16689 on - strand
[16:16:43] Excluding CDS which overlaps existing RNA (rRNA) at k141_31632:17084..17371 on - strand
[16:16:43] Excluding CDS which overlaps existing RNA (rRNA) at k141_31632:19436..19708 on + strand
[16:16:43] Excluding CDS which overlaps existing RNA (rRNA) at k141_31632:22253..22648 on - strand
[16:16:43] Excluding CDS which overlaps existing RNA (tRNA) at k141_16742:13950..14168 on + strand
[16:16:43] Found 87 CDS
[16:16:43] Connecting features back to sequences
[16:16:43] Not using genus-specific database. Try --usegenus to enable it.
[16:16:43] Preparing user-supplied primary BLAST annotation source: vaccinium.gb
[16:16:43] Guessed source was in genbank format.
[16:16:43] Converting genbank 'vaccinium.gb' into Prokka FASTA 'P001_WC03/proteins.faa'
[16:16:43] Running: prokka-genbank_to_fasta_db --format genbank vaccinium\.gb > P001_WC03\/proteins\.faa 2> /dev/null
[16:16:44] Running: makeblastdb -dbtype prot -in P001_WC03\/proteins\.faa -out P001_WC03\/proteins -logfile /dev/null
[16:16:44] Using /inference source as 'vaccinium.gb'
[16:16:44] Annotating CDS, please be patient.
[16:16:44] Will use 40 CPUs for similarity searching.
[16:16:44] There are still 87 unannotated CDS left (started with 87)
[16:16:44] Will use blast to search against P001_WC03/proteins with 40 CPUs
[16:16:44] Running: cat P001_WC03\/P001_WC03\.proteins\.tmp\.12546\.faa | parallel --gnu --plain -j 40 --block 288 --recstart '>' --pipe blastp -query - -db P001_WC03/proteins -evalue 1e-09 -qcov_hsp_perc 80 -num_threads 1 -num_descriptions 1 -num_alignments 1 -seg no > P001_WC03\/P001_WC03\.proteins\.tmp\.12546\.blast 2> /dev/null
[16:16:46] Deleting unwanted file: P001_WC03/P001_WC03.proteins.tmp.12546.faa
[16:16:46] Deleting unwanted file: P001_WC03/P001_WC03.proteins.tmp.12546.blast
[16:16:46] There are still 22 unannotated CDS left (started with 87)
[16:16:46] Will use blast to search against /home/local/packages/prokka-1.14.5/db/kingdom/Bacteria/IS with 40 CPUs
[16:16:46] Running: cat P001_WC03\/P001_WC03\.IS\.tmp\.12546\.faa | parallel --gnu --plain -j 40 --block 76 --recstart '>' --pipe blastp -query - -db /home/local/packages/prokka-1.14.5/db/kingdom/Bacteria/IS -evalue 1e-30 -qcov_hsp_perc 90 -num_threads 1 -num_descriptions 1 -num_alignments 1 -seg no > P001_WC03\/P001_WC03\.IS\.tmp\.12546\.blast 2> /dev/null
[16:16:47] Deleting unwanted file: P001_WC03/P001_WC03.IS.tmp.12546.faa
[16:16:47] Deleting unwanted file: P001_WC03/P001_WC03.IS.tmp.12546.blast
[16:16:47] There are still 22 unannotated CDS left (started with 87)
[16:16:47] Will use blast to search against /home/local/packages/prokka-1.14.5/db/kingdom/Bacteria/AMR with 40 CPUs
[16:16:47] Running: cat P001_WC03\/P001_WC03\.AMR\.tmp\.12546\.faa | parallel --gnu --plain -j 40 --block 76 --recstart '>' --pipe blastp -query - -db /home/local/packages/prokka-1.14.5/db/kingdom/Bacteria/AMR -evalue 1e-300 -qcov_hsp_perc 90 -num_threads 1 -num_descriptions 1 -num_alignments 1 -seg no > P001_WC03\/P001_WC03\.AMR\.tmp\.12546\.blast 2> /dev/null
[16:16:49] Deleting unwanted file: P001_WC03/P001_WC03.AMR.tmp.12546.faa
[16:16:49] Deleting unwanted file: P001_WC03/P001_WC03.AMR.tmp.12546.blast
[16:16:49] There are still 22 unannotated CDS left (started with 87)
[16:16:49] Will use blast to search against /home/local/packages/prokka-1.14.5/db/kingdom/Bacteria/sprot with 40 CPUs
[16:16:49] Running: cat P001_WC03\/P001_WC03\.sprot\.tmp\.12546\.faa | parallel --gnu --plain -j 40 --block 76 --recstart '>' --pipe blastp -query - -db /home/local/packages/prokka-1.14.5/db/kingdom/Bacteria/sprot -evalue 1e-09 -qcov_hsp_perc 80 -num_threads 1 -num_descriptions 1 -num_alignments 1 -seg no > P001_WC03\/P001_WC03\.sprot\.tmp\.12546\.blast 2> /dev/null
[16:16:50] Deleting unwanted file: P001_WC03/P001_WC03.sprot.tmp.12546.faa
[16:16:50] Deleting unwanted file: P001_WC03/P001_WC03.sprot.tmp.12546.blast
[16:16:50] There are still 18 unannotated CDS left (started with 87)
[16:16:50] Will use hmmer3 to search against /home/local/packages/prokka-1.14.5/db/hmm/HAMAP.hmm with 40 CPUs
[16:16:50] Running: cat P001_WC03\/P001_WC03\.HAMAP\.hmm\.tmp\.12546\.faa | parallel --gnu --plain -j 40 --block 69 --recstart '>' --pipe hmmscan --noali --notextw --acc -E 1e-09 --cpu 1 /home/local/packages/prokka-1.14.5/db/hmm/HAMAP.hmm /dev/stdin > P001_WC03\/P001_WC03\.HAMAP\.hmm\.tmp\.12546\.hmmer3 2> /dev/null
[16:16:52] Deleting unwanted file: P001_WC03/P001_WC03.HAMAP.hmm.tmp.12546.faa
[16:16:52] Deleting unwanted file: P001_WC03/P001_WC03.HAMAP.hmm.tmp.12546.hmmer3
[16:16:52] Deleting unwanted file: P001_WC03/proteins.psq
[16:16:52] Deleting unwanted file: P001_WC03/proteins.phr
[16:16:52] Deleting unwanted file: P001_WC03/proteins.pin
[16:16:52] Labelling remaining 17 proteins as 'hypothetical protein'
[16:16:52] Possible /pseudo 'ATP synthase CF0 subunit I' at k141_66280 position 4442
[16:16:52] Possible /pseudo 'RNA polymerase beta' subunit' at k141_66280 position 14946
[16:16:52] Possible /pseudo 'ATP-dependent Clp protease proteolytic subunit' at k141_28050 position 14451
[16:16:52] Possible /pseudo 'NADH-plastoquinone oxidoreductase subunit 1' at k141_28486 position 8280
[16:16:52] Found 65 unique /gene codes.
[16:16:52] Fixed 2 duplicate /gene - rpoC1_1 rpoC1_2
[16:16:52] Fixed 2 duplicate /gene - atpF_1 atpF_2
[16:16:52] Fixed 2 duplicate /gene - clpP_1 clpP_2
[16:16:52] Fixed 2 duplicate /gene - ndhA_1 ndhA_2
[16:16:52] Fixed 2 duplicate /gene - ndhB_1 ndhB_2
[16:16:52] Fixed 5 colliding /gene names.
[16:16:52] Adding /locus_tag identifiers
[16:16:52] Assigned 112 locus_tags to CDS and RNA features.
[16:16:52] Writing outputs to P001_WC03/
[16:16:52] Generating annotation statistics file
[16:16:52] Generating Genbank and Sequin files
[16:16:52] Running: tbl2asn -V b -a r10k -l paired-ends -M n -N 1 -y 'Annotated using prokka 1.14.5 from https://github.com/tseemann/prokka' -Z P001_WC03\/P001_WC03\.err -i P001_WC03\/P001_WC03\.fsa 2> /dev/null
[16:16:52] Deleting unwanted file: P001_WC03/errorsummary.val
[16:16:52] Deleting unwanted file: P001_WC03/P001_WC03.dr
[16:16:52] Deleting unwanted file: P001_WC03/P001_WC03.fixedproducts
[16:16:52] Deleting unwanted file: P001_WC03/P001_WC03.ecn
[16:16:52] Deleting unwanted file: P001_WC03/P001_WC03.val
[16:16:52] Repairing broken .GBK output that tbl2asn produces...
[16:16:52] Running: sed 's/COORDINATES: profile/COORDINATES:profile/' < P001_WC03\/P001_WC03\.gbf > P001_WC03\/P001_WC03\.gbk
[16:16:52] Deleting unwanted file: P001_WC03/P001_WC03.gbf
[16:16:52] Output files:
[16:16:52] P001_WC03/P001_WC03.err
[16:16:52] P001_WC03/P001_WC03.tsv
[16:16:52] P001_WC03/P001_WC03.fsa
[16:16:52] P001_WC03/P001_WC03.sqn
[16:16:52] P001_WC03/P001_WC03.txt
[16:16:52] P001_WC03/P001_WC03.tbl
[16:16:52] P001_WC03/P001_WC03.log
[16:16:52] P001_WC03/P001_WC03.fna
[16:16:52] P001_WC03/P001_WC03.ffn
[16:16:52] P001_WC03/P001_WC03.gbk
[16:16:52] P001_WC03/P001_WC03.faa
[16:16:52] P001_WC03/P001_WC03.gff
[16:16:52] Annotation finished successfully.
[16:16:52] Walltime used: 0.20 minutes
[16:16:52] If you use this result please cite the Prokka paper:
[16:16:52] Seemann T (2014) Prokka: rapid prokaryotic genome annotation. Bioinformatics. 30(14):2068-9.
[16:16:52] Type 'prokka --citation' for more details.
[16:16:52] Thank you, come again.
