Discrepancy Report Results

Summary
FATAL: MISSING_PROTEIN_ID:87 proteins have invalid IDs.
DISC_SOURCE_QUALS_ASNDISC:strain (all present, all same)
DISC_SOURCE_QUALS_ASNDISC:taxname (all present, all same)
DISC_FEATURE_COUNT:CDS: 87 present
DISC_FEATURE_COUNT:tRNA: 24 present
DISC_FEATURE_COUNT:rRNA: 2 present
DISC_COUNT_NUCLEOTIDES:3 nucleotide Bioseqs are present
FEATURE_LOCATION_CONFLICT:113 features have inconsistent gene locations.
SUSPECT_PRODUCT_NAMES:2 product_names contain suspect phrase or characters
	May contain database identifier more appropriate in note; remove from product name
		2 features contains three or more numbers together that may be identifiers more appropriate in note
DISC_QUALITY_SCORES:Quality scores are missing on all sequences.
ONCALLER_COMMENT_PRESENT:3 comment descriptors were found (all same)
SHORT_PROT_SEQUENCES:8 protein sequences are shorter than 50 aa.
MISSING_GENOMEASSEMBLY_COMMENTS:3 bioseqs are missing GenomeAssembly structured comments
MOLTYPE_NOT_MRNA:3 molecule types are not set as mRNA.
TECHNIQUE_NOT_TSA:3 technique are not set as TSA
MISSING_STRUCTURED_COMMENT:3 sequences do not include structured comments.
MISSING_PROJECT:90 sequences do not include project.
DISC_INCONSISTENT_MOLINFO_TECH:Molinfo Technique Report (some missing, all same)


Detailed Report

FATAL: DiscRep_ALL:MISSING_PROTEIN_ID::87 proteins have invalid IDs.
P001_WF11/P001_WF11:k141_128527_1 (length 254)
P001_WF11/P001_WF11:k141_128527_2 (length 50)
P001_WF11/P001_WF11:k141_128527_3 (length 353)
P001_WF11/P001_WF11:k141_128527_4 (length 505)
P001_WF11/P001_WF11:k141_128527_5 (length 61)
P001_WF11/P001_WF11:k141_128527_6 (length 507)
P001_WF11/P001_WF11:k141_128527_7 (length 159)
P001_WF11/P001_WF11:k141_128527_8 (length 56)
P001_WF11/P001_WF11:k141_128527_9 (length 81)
P001_WF11/P001_WF11:k141_128527_10 (length 247)
P001_WF11/P001_WF11:k141_128527_11 (length 236)
P001_WF11/P001_WF11:k141_128527_12 (length 1386)
P001_WF11/P001_WF11:k141_128527_13 (length 50)
P001_WF11/P001_WF11:k141_128527_14 (length 516)
P001_WF11/P001_WF11:k141_128527_15 (length 152)
P001_WF11/P001_WF11:k141_128527_16 (length 1114)
P001_WF11/P001_WF11:k141_128527_17 (length 42)
P001_WF11/P001_WF11:k141_128527_18 (length 353)
P001_WF11/P001_WF11:k141_128527_19 (length 461)
P001_WF11/P001_WF11:k141_128527_20 (length 62)
P001_WF11/P001_WF11:k141_128527_21 (length 100)
P001_WF11/P001_WF11:k141_128527_22 (length 734)
P001_WF11/P001_WF11:k141_128527_23 (length 750)
P001_WF11/P001_WF11:k141_128527_24 (length 82)
P001_WF11/P001_WF11:k141_128527_25 (length 201)
P001_WF11/P001_WF11:k141_128527_26 (length 83)
P001_WF11/P001_WF11:k141_128527_27 (length 158)
P001_WF11/P001_WF11:k141_128527_28 (length 225)
P001_WF11/P001_WF11:k141_128527_29 (length 120)
P001_WF11/P001_WF11:k141_128527_30 (length 140)
P001_WF11/P001_WF11:k141_128527_31 (length 518)
P001_WF11/P001_WF11:k141_128527_32 (length 41)
P001_WF11/P001_WF11:k141_128527_33 (length 482)
P001_WF11/P001_WF11:k141_128527_34 (length 489)
P001_WF11/P001_WF11:k141_128527_35 (length 184)
P001_WF11/P001_WF11:k141_128527_36 (length 254)
P001_WF11/P001_WF11:k141_128527_37 (length 320)
P001_WF11/P001_WF11:k141_128527_38 (length 40)
P001_WF11/P001_WF11:k141_128527_39 (length 39)
P001_WF11/P001_WF11:k141_128527_40 (length 83)
P001_WF11/P001_WF11:k141_128527_41 (length 42)
P001_WF11/P001_WF11:k141_128527_42 (length 101)
P001_WF11/P001_WF11:k141_128527_43 (length 128)
P001_WF11/P001_WF11:k141_128527_44 (length 65)
P001_WF11/P001_WF11:k141_128527_45 (length 74)
P001_WF11/P001_WF11:k141_128527_46 (length 66)
P001_WF11/P001_WF11:k141_128527_47 (length 125)
P001_WF11/P001_WF11:k141_128527_48 (length 91)
P001_WF11/P001_WF11:k141_128527_49 (length 508)
P001_WF11/P001_WF11:k141_128527_50 (length 73)
P001_WF11/P001_WF11:k141_128527_51 (length 162)
P001_WF11/P001_WF11:k141_128527_52 (length 174)
P001_WF11/P001_WF11:k141_128527_53 (length 353)
P001_WF11/P001_WF11:k141_128527_54 (length 138)
P001_WF11/P001_WF11:k141_128527_55 (length 37)
P001_WF11/P001_WF11:k141_128527_56 (length 77)
P001_WF11/P001_WF11:k141_128527_57 (length 134)
P001_WF11/P001_WF11:k141_128527_58 (length 122)
P001_WF11/P001_WF11:k141_128527_59 (length 119)
P001_WF11/P001_WF11:k141_128527_60 (length 218)
P001_WF11/P001_WF11:k141_128527_61 (length 164)
P001_WF11/P001_WF11:k141_128527_62 (length 92)
P001_WF11/P001_WF11:k141_128527_63 (length 165)
P001_WF11/P001_WF11:k141_128527_64 (length 133)
P001_WF11/P001_WF11:k141_128527_65 (length 93)
P001_WF11/P001_WF11:k141_128527_66 (length 2094)
P001_WF11/P001_WF11:k141_128527_67 (length 260)
P001_WF11/P001_WF11:k141_128527_68 (length 285)
P001_WF11/P001_WF11:k141_128527_69 (length 155)
P001_WF11/P001_WF11:k141_128527_70 (length 130)
P001_WF11/P001_WF11:k141_22658_1 (length 39)
P001_WF11/P001_WF11:k141_22658_2 (length 71)
P001_WF11/P001_WF11:k141_22658_3 (length 34)
P001_WF11/P001_WF11:k141_93090_1 (length 1245)
P001_WF11/P001_WF11:k141_93090_2 (length 90)
P001_WF11/P001_WF11:k141_93090_3 (length 393)
P001_WF11/P001_WF11:k141_93090_4 (length 188)
P001_WF11/P001_WF11:k141_93090_5 (length 156)
P001_WF11/P001_WF11:k141_93090_6 (length 172)
P001_WF11/P001_WF11:k141_93090_7 (length 176)
P001_WF11/P001_WF11:k141_93090_8 (length 101)
P001_WF11/P001_WF11:k141_93090_9 (length 81)
P001_WF11/P001_WF11:k141_93090_10 (length 488)
P001_WF11/P001_WF11:k141_93090_11 (length 187)
P001_WF11/P001_WF11:k141_93090_12 (length 119)
P001_WF11/P001_WF11:k141_93090_13 (length 68)
P001_WF11/P001_WF11:k141_93090_14 (length 748)

DiscRep_ALL:DISC_SOURCE_QUALS_ASNDISC::strain (all present, all same)
DiscRep_SUB:DISC_SOURCE_QUALS_ASNDISC::3 sources have 'strain' for strain
DiscRep_ALL:DISC_SOURCE_QUALS_ASNDISC::taxname (all present, all same)
DiscRep_SUB:DISC_SOURCE_QUALS_ASNDISC::3 sources have 'Genus species' for taxname
DiscRep_ALL:DISC_FEATURE_COUNT::CDS: 87 present
DiscRep_ALL:DISC_FEATURE_COUNT::tRNA: 24 present
DiscRep_ALL:DISC_FEATURE_COUNT::rRNA: 2 present
DiscRep_ALL:DISC_COUNT_NUCLEOTIDES::3 nucleotide Bioseqs are present
P001_WF11/P001_WF11:k141_128527 (length 101993)
P001_WF11/P001_WF11:k141_22658 (length 10854)
P001_WF11/P001_WF11:k141_93090 (length 17926)

DiscRep_ALL:FEATURE_LOCATION_CONFLICT::113 features have inconsistent gene locations.
DiscRep_SUB:FEATURE_LOCATION_CONFLICT::Coding region xref gene does not exist
P001_WF11/P001_WF11:CDS	hypothetical protein	k141_128527:c899-135	P001_WF11_00001

DiscRep_SUB:FEATURE_LOCATION_CONFLICT::Coding region xref gene does not exist
P001_WF11/P001_WF11:CDS	hypothetical protein	k141_128527:c1066-914	P001_WF11_00002

DiscRep_SUB:FEATURE_LOCATION_CONFLICT::Coding region xref gene does not exist
P001_WF11/P001_WF11:CDS	photosystem II protein D1	k141_128527:c2517-1456	P001_WF11_00004

DiscRep_SUB:FEATURE_LOCATION_CONFLICT::Coding region xref gene does not exist
P001_WF11/P001_WF11:CDS	maturase K	k141_128527:c4521-3004	P001_WF11_00005

DiscRep_SUB:FEATURE_LOCATION_CONFLICT::Coding region xref gene does not exist
P001_WF11/P001_WF11:CDS	photosystem II protein K	k141_128527:8794-8979	P001_WF11_00007

DiscRep_SUB:FEATURE_LOCATION_CONFLICT::Coding region xref gene does not exist
P001_WF11/P001_WF11:CDS	ATP synthase CF1 alpha subunit	k141_128527:c12791-11268	P001_WF11_00010

DiscRep_SUB:FEATURE_LOCATION_CONFLICT::Coding region xref gene does not exist
P001_WF11/P001_WF11:CDS	ATP synthase CF0 subunit I	k141_128527:c13320-12841	P001_WF11_00011

DiscRep_SUB:FEATURE_LOCATION_CONFLICT::Coding region xref gene does not exist
P001_WF11/P001_WF11:CDS	ATP synthase CF0 subunit I	k141_128527:c14115-13945	P001_WF11_00012

DiscRep_SUB:FEATURE_LOCATION_CONFLICT::Coding region xref gene does not exist
P001_WF11/P001_WF11:CDS	ATP synthase CF0 subunit III	k141_128527:c14655-14410	P001_WF11_00013

DiscRep_SUB:FEATURE_LOCATION_CONFLICT::Coding region xref gene does not exist
P001_WF11/P001_WF11:CDS	ATP synthase CF0 subunit IV	k141_128527:c16557-15814	P001_WF11_00014

DiscRep_SUB:FEATURE_LOCATION_CONFLICT::Coding region xref gene does not exist
P001_WF11/P001_WF11:CDS	ribosomal protein S2	k141_128527:c17539-16829	P001_WF11_00015

DiscRep_SUB:FEATURE_LOCATION_CONFLICT::Coding region xref gene does not exist
P001_WF11/P001_WF11:CDS	RNA polymerase beta'' subunit	k141_128527:c21917-17757	P001_WF11_00016

DiscRep_SUB:FEATURE_LOCATION_CONFLICT::Coding region xref gene does not exist
P001_WF11/P001_WF11:CDS	hypothetical protein	k141_128527:21953-22105	P001_WF11_00017

DiscRep_SUB:FEATURE_LOCATION_CONFLICT::Coding region xref gene does not exist
P001_WF11/P001_WF11:CDS	RNA polymerase beta' subunit	k141_128527:c23691-22141	P001_WF11_00018

DiscRep_SUB:FEATURE_LOCATION_CONFLICT::Coding region xref gene does not exist
P001_WF11/P001_WF11:CDS	RNA polymerase beta' subunit	k141_128527:c24952-24494	P001_WF11_00019

DiscRep_SUB:FEATURE_LOCATION_CONFLICT::Coding region xref gene does not exist
P001_WF11/P001_WF11:CDS	RNA polymerase beta subunit	k141_128527:c28302-24958	P001_WF11_00020

DiscRep_SUB:FEATURE_LOCATION_CONFLICT::Coding region xref gene does not exist
P001_WF11/P001_WF11:CDS	hypothetical protein	k141_128527:c28641-28513	P001_WF11_00021

DiscRep_SUB:FEATURE_LOCATION_CONFLICT::Coding region xref gene does not exist
P001_WF11/P001_WF11:CDS	photosystem II protein D2	k141_128527:34853-35914	P001_WF11_00027

DiscRep_SUB:FEATURE_LOCATION_CONFLICT::Coding region xref gene does not exist
P001_WF11/P001_WF11:CDS	photosystem II CP43 chlorophyll apoprotein	k141_128527:35898-37283	P001_WF11_00028

DiscRep_SUB:FEATURE_LOCATION_CONFLICT::Coding region xref gene does not exist
P001_WF11/P001_WF11:CDS	photosystem II protein Z	k141_128527:37979-38167	P001_WF11_00030

DiscRep_SUB:FEATURE_LOCATION_CONFLICT::Coding region xref gene does not exist
P001_WF11/P001_WF11:CDS	ribosomal protein S14	k141_128527:c39259-38957	P001_WF11_00033

DiscRep_SUB:FEATURE_LOCATION_CONFLICT::Coding region xref gene does not exist
P001_WF11/P001_WF11:CDS	photosystem I P700 apoprotein A2	k141_128527:c41587-39383	P001_WF11_00034

DiscRep_SUB:FEATURE_LOCATION_CONFLICT::Coding region xref gene does not exist
P001_WF11/P001_WF11:CDS	photosystem I P700 apoprotein A1	k141_128527:c43865-41613	P001_WF11_00035

DiscRep_SUB:FEATURE_LOCATION_CONFLICT::Coding region xref gene does not exist
P001_WF11/P001_WF11:CDS	putative chloroplast RF34	k141_128527:c45726-45478	P001_WF11_00036

DiscRep_SUB:FEATURE_LOCATION_CONFLICT::Coding region xref gene does not exist
P001_WF11/P001_WF11:CDS	ribosomal protein S4	k141_128527:c48388-47783	P001_WF11_00038

DiscRep_SUB:FEATURE_LOCATION_CONFLICT::Coding region xref gene does not exist
P001_WF11/P001_WF11:CDS	hypothetical protein	k141_128527:49931-50182	P001_WF11_00040

DiscRep_SUB:FEATURE_LOCATION_CONFLICT::Coding region xref gene does not exist
P001_WF11/P001_WF11:CDS	NADH-plastoquinone oxidoreductase subunit J	k141_128527:c51572-51096	P001_WF11_00042

DiscRep_SUB:FEATURE_LOCATION_CONFLICT::Coding region xref gene does not exist
P001_WF11/P001_WF11:CDS	NADH-plastoquinone oxidoreductase subunit K	k141_128527:c52366-51689	P001_WF11_00043

DiscRep_SUB:FEATURE_LOCATION_CONFLICT::Coding region xref gene does not exist
P001_WF11/P001_WF11:CDS	NADH-plastoquinone oxidoreductase subunit 3	k141_128527:c52775-52413	P001_WF11_00044

DiscRep_SUB:FEATURE_LOCATION_CONFLICT::Coding region xref gene does not exist
P001_WF11/P001_WF11:CDS	ATP synthase CF1 epsilon subunit	k141_128527:c55361-54939	P001_WF11_00046

DiscRep_SUB:FEATURE_LOCATION_CONFLICT::Coding region xref gene does not exist
P001_WF11/P001_WF11:CDS	ATP synthase CF1 beta subunit	k141_128527:c56914-55358	P001_WF11_00047

DiscRep_SUB:FEATURE_LOCATION_CONFLICT::Coding region xref gene does not exist
P001_WF11/P001_WF11:CDS	hypothetical protein	k141_128527:c57314-57189	P001_WF11_00048

DiscRep_SUB:FEATURE_LOCATION_CONFLICT::Coding region xref gene does not exist
P001_WF11/P001_WF11:CDS	ribulose-1,5-bisphosphate carboxylase/oxygenase large subunit	k141_128527:57608-59056	P001_WF11_00049

DiscRep_SUB:FEATURE_LOCATION_CONFLICT::Coding region xref gene does not exist
P001_WF11/P001_WF11:CDS	Acetyl-coenzyme A carboxylase carboxyl transferase subunit beta, chloroplastic	k141_128527:59659-61128	P001_WF11_00050

DiscRep_SUB:FEATURE_LOCATION_CONFLICT::Coding region xref gene does not exist
P001_WF11/P001_WF11:CDS	photosystem I assembly protein Ycf4	k141_128527:62121-62675	P001_WF11_00051

DiscRep_SUB:FEATURE_LOCATION_CONFLICT::Coding region xref gene does not exist
P001_WF11/P001_WF11:CDS	envelope membrane protein	k141_128527:63295-64059	P001_WF11_00052

DiscRep_SUB:FEATURE_LOCATION_CONFLICT::Coding region xref gene does not exist
P001_WF11/P001_WF11:CDS	cytochrome f	k141_128527:64298-65260	P001_WF11_00053

DiscRep_SUB:FEATURE_LOCATION_CONFLICT::Coding region xref gene does not exist
P001_WF11/P001_WF11:CDS	photosystem II protein J	k141_128527:c66340-66218	P001_WF11_00054

DiscRep_SUB:FEATURE_LOCATION_CONFLICT::Coding region xref gene does not exist
P001_WF11/P001_WF11:CDS	photosystem II cytochrome b559 beta subunit	k141_128527:c66737-66618	P001_WF11_00055

DiscRep_SUB:FEATURE_LOCATION_CONFLICT::Coding region xref gene does not exist
P001_WF11/P001_WF11:CDS	photosystem II cytochrome b559 alpha subunit	k141_128527:c66998-66747	P001_WF11_00056

DiscRep_SUB:FEATURE_LOCATION_CONFLICT::Coding region xref gene does not exist
P001_WF11/P001_WF11:CDS	photosystem I subunit IX	k141_128527:69172-69300	P001_WF11_00059

DiscRep_SUB:FEATURE_LOCATION_CONFLICT::Coding region xref gene does not exist
P001_WF11/P001_WF11:CDS	ribosomal protein S18	k141_128527:70144-70449	P001_WF11_00060

DiscRep_SUB:FEATURE_LOCATION_CONFLICT::Coding region xref gene does not exist
P001_WF11/P001_WF11:CDS	ribosomal protein L20	k141_128527:c71068-70682	P001_WF11_00061

DiscRep_SUB:FEATURE_LOCATION_CONFLICT::Coding region xref gene does not exist
P001_WF11/P001_WF11:CDS	hypothetical protein	k141_128527:c71953-71756	P001_WF11_00062

DiscRep_SUB:FEATURE_LOCATION_CONFLICT::Coding region xref gene does not exist
P001_WF11/P001_WF11:CDS	ATP-dependent Clp protease proteolytic subunit	k141_128527:c72331-72107	P001_WF11_00063

DiscRep_SUB:FEATURE_LOCATION_CONFLICT::Coding region xref gene does not exist
P001_WF11/P001_WF11:CDS	hypothetical protein	k141_128527:72590-72790	P001_WF11_00064

DiscRep_SUB:FEATURE_LOCATION_CONFLICT::Coding region xref gene does not exist
P001_WF11/P001_WF11:CDS	ATP-dependent Clp protease proteolytic subunit	k141_128527:c73327-72950	P001_WF11_00065

DiscRep_SUB:FEATURE_LOCATION_CONFLICT::Coding region xref gene does not exist
P001_WF11/P001_WF11:CDS	hypothetical protein	k141_128527:73788-74063	P001_WF11_00066

DiscRep_SUB:FEATURE_LOCATION_CONFLICT::Coding region xref gene does not exist
P001_WF11/P001_WF11:CDS	photosystem II CP47 chlorophyll apoprotein	k141_128527:74609-76135	P001_WF11_00067

DiscRep_SUB:FEATURE_LOCATION_CONFLICT::Coding region xref gene does not exist
P001_WF11/P001_WF11:CDS	photosystem II phosphoprotein	k141_128527:76758-76979	P001_WF11_00068

DiscRep_SUB:FEATURE_LOCATION_CONFLICT::Coding region xref gene does not exist
P001_WF11/P001_WF11:CDS	cytochrome b6	k141_128527:78019-78507	P001_WF11_00069

DiscRep_SUB:FEATURE_LOCATION_CONFLICT::Coding region xref gene does not exist
P001_WF11/P001_WF11:CDS	cytochrome b6/f complex subunit IV	k141_128527:79390-79914	P001_WF11_00070

DiscRep_SUB:FEATURE_LOCATION_CONFLICT::Coding region xref gene does not exist
P001_WF11/P001_WF11:CDS	DNA-directed RNA polymerase subunit alpha	k141_128527:c81116-80055	P001_WF11_00071

DiscRep_SUB:FEATURE_LOCATION_CONFLICT::Coding region xref gene does not exist
P001_WF11/P001_WF11:CDS	ribosomal protein S11	k141_128527:c81600-81184	P001_WF11_00072

DiscRep_SUB:FEATURE_LOCATION_CONFLICT::Coding region xref gene does not exist
P001_WF11/P001_WF11:CDS	ribosomal protein L36	k141_128527:c81831-81718	P001_WF11_00073

DiscRep_SUB:FEATURE_LOCATION_CONFLICT::Coding region xref gene does not exist
P001_WF11/P001_WF11:CDS	translational initiation factor 1	k141_128527:c82181-81948	P001_WF11_00074

DiscRep_SUB:FEATURE_LOCATION_CONFLICT::Coding region xref gene does not exist
P001_WF11/P001_WF11:CDS	ribosomal protein S8	k141_128527:c82707-82303	P001_WF11_00075

DiscRep_SUB:FEATURE_LOCATION_CONFLICT::Coding region xref gene does not exist
P001_WF11/P001_WF11:CDS	ribosomal protein L14	k141_128527:c83273-82905	P001_WF11_00076

DiscRep_SUB:FEATURE_LOCATION_CONFLICT::Coding region xref gene does not exist
P001_WF11/P001_WF11:CDS	ribosomal protein L16	k141_128527:c83770-83411	P001_WF11_00077

DiscRep_SUB:FEATURE_LOCATION_CONFLICT::Coding region xref gene does not exist
P001_WF11/P001_WF11:CDS	ribosomal protein S3	k141_128527:c85584-84928	P001_WF11_00078

DiscRep_SUB:FEATURE_LOCATION_CONFLICT::Coding region xref gene does not exist
P001_WF11/P001_WF11:CDS	ribosomal protein L22	k141_128527:c86063-85569	P001_WF11_00079

DiscRep_SUB:FEATURE_LOCATION_CONFLICT::Coding region xref gene does not exist
P001_WF11/P001_WF11:CDS	ribosomal protein S19	k141_128527:c86408-86130	P001_WF11_00080

DiscRep_SUB:FEATURE_LOCATION_CONFLICT::Coding region xref gene does not exist
P001_WF11/P001_WF11:CDS	ribosomal protein L2	k141_128527:c86962-86465	P001_WF11_00081

DiscRep_SUB:FEATURE_LOCATION_CONFLICT::Coding region xref gene does not exist
P001_WF11/P001_WF11:CDS	ribosomal protein L2	k141_128527:c87940-87539	P001_WF11_00082

DiscRep_SUB:FEATURE_LOCATION_CONFLICT::Coding region xref gene does not exist
P001_WF11/P001_WF11:CDS	ribosomal protein L23	k141_128527:c88240-87959	P001_WF11_00083

DiscRep_SUB:FEATURE_LOCATION_CONFLICT::Coding region xref gene does not exist
P001_WF11/P001_WF11:CDS	hypothetical protein	k141_128527:88568-94852	P001_WF11_00085

DiscRep_SUB:FEATURE_LOCATION_CONFLICT::Coding region xref gene does not exist
P001_WF11/P001_WF11:CDS	NADH-plastoquinone oxidoreductase subunit 2	k141_128527:c96924-96142	P001_WF11_00087

DiscRep_SUB:FEATURE_LOCATION_CONFLICT::Coding region xref gene does not exist
P001_WF11/P001_WF11:CDS	NADH-plastoquinone oxidoreductase subunit 2	k141_128527:c98302-97445	P001_WF11_00088

DiscRep_SUB:FEATURE_LOCATION_CONFLICT::Coding region xref gene does not exist
P001_WF11/P001_WF11:CDS	ribosomal protein S7	k141_128527:c99122-98655	P001_WF11_00089

DiscRep_SUB:FEATURE_LOCATION_CONFLICT::Coding region xref gene does not exist
P001_WF11/P001_WF11:CDS	hypothetical protein	k141_128527:100771-101163	P001_WF11_00090

DiscRep_SUB:FEATURE_LOCATION_CONFLICT::RNA feature xref gene does not exist
P001_WF11/P001_WF11:tRNA	His	k141_128527:c1258-1184	P001_WF11_00003

DiscRep_SUB:FEATURE_LOCATION_CONFLICT::RNA feature xref gene does not exist
P001_WF11/P001_WF11:tRNA	Gln	k141_128527:c8443-8372	P001_WF11_00006

DiscRep_SUB:FEATURE_LOCATION_CONFLICT::RNA feature xref gene does not exist
P001_WF11/P001_WF11:tRNA	Ser	k141_128527:c9604-9517	P001_WF11_00008

DiscRep_SUB:FEATURE_LOCATION_CONFLICT::RNA feature xref gene does not exist
P001_WF11/P001_WF11:tRNA	Arg	k141_128527:11082-11153	P001_WF11_00009

DiscRep_SUB:FEATURE_LOCATION_CONFLICT::RNA feature xref gene does not exist
P001_WF11/P001_WF11:tRNA	Cys	k141_128527:29387-29457	P001_WF11_00022

DiscRep_SUB:FEATURE_LOCATION_CONFLICT::RNA feature xref gene does not exist
P001_WF11/P001_WF11:tRNA	Asp	k141_128527:c32269-32193	P001_WF11_00023

DiscRep_SUB:FEATURE_LOCATION_CONFLICT::RNA feature xref gene does not exist
P001_WF11/P001_WF11:tRNA	Tyr	k141_128527:c32473-32387	P001_WF11_00024

DiscRep_SUB:FEATURE_LOCATION_CONFLICT::RNA feature xref gene does not exist
P001_WF11/P001_WF11:tRNA	Glu	k141_128527:c32621-32547	P001_WF11_00025

DiscRep_SUB:FEATURE_LOCATION_CONFLICT::RNA feature xref gene does not exist
P001_WF11/P001_WF11:tRNA	Thr	k141_128527:33385-33458	P001_WF11_00026

DiscRep_SUB:FEATURE_LOCATION_CONFLICT::RNA feature xref gene does not exist
P001_WF11/P001_WF11:tRNA	Ser	k141_128527:c37609-37517	P001_WF11_00029

DiscRep_SUB:FEATURE_LOCATION_CONFLICT::RNA feature xref gene does not exist
P001_WF11/P001_WF11:tRNA	Gly	k141_128527:38466-38536	P001_WF11_00031

DiscRep_SUB:FEATURE_LOCATION_CONFLICT::RNA feature xref gene does not exist
P001_WF11/P001_WF11:tRNA	Met	k141_128527:c38792-38719	P001_WF11_00032

DiscRep_SUB:FEATURE_LOCATION_CONFLICT::RNA feature xref gene does not exist
P001_WF11/P001_WF11:tRNA	Ser	k141_128527:47393-47479	P001_WF11_00037

DiscRep_SUB:FEATURE_LOCATION_CONFLICT::RNA feature xref gene does not exist
P001_WF11/P001_WF11:tRNA	Thr	k141_128527:c48851-48777	P001_WF11_00039

DiscRep_SUB:FEATURE_LOCATION_CONFLICT::RNA feature xref gene does not exist
P001_WF11/P001_WF11:tRNA	Phe	k141_128527:50625-50698	P001_WF11_00041

DiscRep_SUB:FEATURE_LOCATION_CONFLICT::RNA feature xref gene does not exist
P001_WF11/P001_WF11:tRNA	Met	k141_128527:54673-54745	P001_WF11_00045

DiscRep_SUB:FEATURE_LOCATION_CONFLICT::RNA feature xref gene does not exist
P001_WF11/P001_WF11:tRNA	Trp	k141_128527:c68572-68499	P001_WF11_00057

DiscRep_SUB:FEATURE_LOCATION_CONFLICT::RNA feature xref gene does not exist
P001_WF11/P001_WF11:tRNA	Pro	k141_128527:c68792-68717	P001_WF11_00058

DiscRep_SUB:FEATURE_LOCATION_CONFLICT::RNA feature xref gene does not exist
P001_WF11/P001_WF11:tRNA	Met	k141_128527:c88479-88405	P001_WF11_00084

DiscRep_SUB:FEATURE_LOCATION_CONFLICT::RNA feature xref gene does not exist
P001_WF11/P001_WF11:tRNA	Leu	k141_128527:c95567-95485	P001_WF11_00086

DiscRep_SUB:FEATURE_LOCATION_CONFLICT::RNA feature xref gene does not exist
P001_WF11/P001_WF11:tRNA	Val	k141_128527:101839-101910	P001_WF11_00091

DiscRep_SUB:FEATURE_LOCATION_CONFLICT::Coding region xref gene does not exist
P001_WF11/P001_WF11:CDS	hypothetical protein	k141_22658:22-141	P001_WF11_00092

DiscRep_SUB:FEATURE_LOCATION_CONFLICT::Coding region xref gene does not exist
P001_WF11/P001_WF11:CDS	hypothetical protein	k141_22658:2864-3079	P001_WF11_00094

DiscRep_SUB:FEATURE_LOCATION_CONFLICT::Coding region xref gene does not exist
P001_WF11/P001_WF11:CDS	hypothetical protein	k141_22658:3375-3479	P001_WF11_00095

DiscRep_SUB:FEATURE_LOCATION_CONFLICT::RNA feature xref gene does not exist
P001_WF11/P001_WF11:rRNA	16S ribosomal RNA	k141_22658:357-1844	P001_WF11_00093

DiscRep_SUB:FEATURE_LOCATION_CONFLICT::RNA feature xref gene does not exist
P001_WF11/P001_WF11:rRNA	23S ribosomal RNA	k141_22658:4263-7277	P001_WF11_00096

DiscRep_SUB:FEATURE_LOCATION_CONFLICT::RNA feature xref gene does not exist
P001_WF11/P001_WF11:tRNA	Arg	k141_22658:7913-7987	P001_WF11_00097

DiscRep_SUB:FEATURE_LOCATION_CONFLICT::RNA feature xref gene does not exist
P001_WF11/P001_WF11:tRNA	Asn	k141_22658:c8642-8569	P001_WF11_00098

DiscRep_SUB:FEATURE_LOCATION_CONFLICT::Coding region xref gene does not exist
P001_WF11/P001_WF11:CDS	hypothetical protein	k141_93090:20-3757	P001_WF11_00099

DiscRep_SUB:FEATURE_LOCATION_CONFLICT::Coding region xref gene does not exist
P001_WF11/P001_WF11:CDS	ribosomal protein S15	k141_93090:4114-4386	P001_WF11_00100

DiscRep_SUB:FEATURE_LOCATION_CONFLICT::Coding region xref gene does not exist
P001_WF11/P001_WF11:CDS	NADH-plastoquinone oxidoreductase subunit 7	k141_93090:4478-5659	P001_WF11_00101

DiscRep_SUB:FEATURE_LOCATION_CONFLICT::Coding region xref gene does not exist
P001_WF11/P001_WF11:CDS	NADH-plastoquinone oxidoreductase subunit 1	k141_93090:5661-6227	P001_WF11_00102

DiscRep_SUB:FEATURE_LOCATION_CONFLICT::Coding region xref gene does not exist
P001_WF11/P001_WF11:CDS	NADH-plastoquinone oxidoreductase subunit 1	k141_93090:7349-7819	P001_WF11_00103

DiscRep_SUB:FEATURE_LOCATION_CONFLICT::Coding region xref gene does not exist
P001_WF11/P001_WF11:CDS	NADH-plastoquinone oxidoreductase subunit I	k141_93090:7920-8438	P001_WF11_00104

DiscRep_SUB:FEATURE_LOCATION_CONFLICT::Coding region xref gene does not exist
P001_WF11/P001_WF11:CDS	NADH-plastoquinone oxidoreductase subunit 6	k141_93090:8794-9324	P001_WF11_00105

DiscRep_SUB:FEATURE_LOCATION_CONFLICT::Coding region xref gene does not exist
P001_WF11/P001_WF11:CDS	NADH-plastoquinone oxidoreductase subunit 4L	k141_93090:9543-9848	P001_WF11_00106

DiscRep_SUB:FEATURE_LOCATION_CONFLICT::Coding region xref gene does not exist
P001_WF11/P001_WF11:CDS	photosystem I subunit VII	k141_93090:10115-10360	P001_WF11_00107

DiscRep_SUB:FEATURE_LOCATION_CONFLICT::Coding region xref gene does not exist
P001_WF11/P001_WF11:CDS	NADH-plastoquinone oxidoreductase subunit 4	k141_93090:10512-11978	P001_WF11_00108

DiscRep_SUB:FEATURE_LOCATION_CONFLICT::Coding region xref gene does not exist
P001_WF11/P001_WF11:CDS	cytochrome c heme attachment protein	k141_93090:c12769-12206	P001_WF11_00109

DiscRep_SUB:FEATURE_LOCATION_CONFLICT::Coding region xref gene does not exist
P001_WF11/P001_WF11:CDS	cytochrome c heme attachment protein	k141_93090:c13181-12822	P001_WF11_00110

DiscRep_SUB:FEATURE_LOCATION_CONFLICT::Coding region xref gene does not exist
P001_WF11/P001_WF11:CDS	hypothetical protein	k141_93090:14245-14451	P001_WF11_00112

DiscRep_SUB:FEATURE_LOCATION_CONFLICT::Coding region xref gene does not exist
P001_WF11/P001_WF11:CDS	NADH-plastoquinone oxidoreductase subunit 5	k141_93090:15498-17744	P001_WF11_00113

DiscRep_SUB:FEATURE_LOCATION_CONFLICT::RNA feature xref gene does not exist
P001_WF11/P001_WF11:tRNA	Leu	k141_93090:c13355-13276	P001_WF11_00111

DiscRep_ALL:SUSPECT_PRODUCT_NAMES::2 product_names contain suspect phrase or characters
DiscRep_SUB:SUSPECT_PRODUCT_NAMES::May contain database identifier more appropriate in note; remove from product name
DiscRep_SUB:SUSPECT_PRODUCT_NAMES::2 features contains three or more numbers together that may be identifiers more appropriate in note
P001_WF11/P001_WF11:CDS	photosystem I P700 apoprotein A2	k141_128527:c41587-39383	P001_WF11_00034
P001_WF11/P001_WF11:CDS	photosystem I P700 apoprotein A1	k141_128527:c43865-41613	P001_WF11_00035

DiscRep_ALL:DISC_QUALITY_SCORES::Quality scores are missing on all sequences.

DiscRep_ALL:ONCALLER_COMMENT_PRESENT::3 comment descriptors were found (all same)
P001_WF11/P001_WF11:k141_128527:Annotated using prokka 1.14.5 from https://github.com/tseemann/prokka
P001_WF11/P001_WF11:k141_22658:Annotated using prokka 1.14.5 from https://github.com/tseemann/prokka
P001_WF11/P001_WF11:k141_93090:Annotated using prokka 1.14.5 from https://github.com/tseemann/prokka

DiscRep_ALL:SHORT_PROT_SEQUENCES::8 protein sequences are shorter than 50 aa.
P001_WF11/P001_WF11:k141_128527_17 (length 42)
P001_WF11/P001_WF11:k141_128527_32 (length 41)
P001_WF11/P001_WF11:k141_128527_38 (length 40)
P001_WF11/P001_WF11:k141_128527_39 (length 39)
P001_WF11/P001_WF11:k141_128527_41 (length 42)
P001_WF11/P001_WF11:k141_128527_55 (length 37)
P001_WF11/P001_WF11:k141_22658_1 (length 39)
P001_WF11/P001_WF11:k141_22658_3 (length 34)

DiscRep_ALL:MISSING_GENOMEASSEMBLY_COMMENTS::3 bioseqs are missing GenomeAssembly structured comments
P001_WF11/P001_WF11:k141_128527 (length 101993)
P001_WF11/P001_WF11:k141_22658 (length 10854)
P001_WF11/P001_WF11:k141_93090 (length 17926)

DiscRep_ALL:MOLTYPE_NOT_MRNA::3 molecule types are not set as mRNA.
P001_WF11/P001_WF11:k141_128527 (length 101993)
P001_WF11/P001_WF11:k141_22658 (length 10854)
P001_WF11/P001_WF11:k141_93090 (length 17926)

DiscRep_ALL:TECHNIQUE_NOT_TSA::3 technique are not set as TSA
P001_WF11/P001_WF11:k141_128527 (length 101993)
P001_WF11/P001_WF11:k141_22658 (length 10854)
P001_WF11/P001_WF11:k141_93090 (length 17926)

DiscRep_ALL:MISSING_STRUCTURED_COMMENT::3 sequences do not include structured comments.
P001_WF11/P001_WF11:k141_128527 (length 101993)
P001_WF11/P001_WF11:k141_22658 (length 10854)
P001_WF11/P001_WF11:k141_93090 (length 17926)

DiscRep_ALL:MISSING_PROJECT::90 sequences do not include project.
P001_WF11/P001_WF11:k141_128527 (length 101993)
P001_WF11/P001_WF11:k141_128527_1 (length 254)
P001_WF11/P001_WF11:k141_128527_2 (length 50)
P001_WF11/P001_WF11:k141_128527_3 (length 353)
P001_WF11/P001_WF11:k141_128527_4 (length 505)
P001_WF11/P001_WF11:k141_128527_5 (length 61)
P001_WF11/P001_WF11:k141_128527_6 (length 507)
P001_WF11/P001_WF11:k141_128527_7 (length 159)
P001_WF11/P001_WF11:k141_128527_8 (length 56)
P001_WF11/P001_WF11:k141_128527_9 (length 81)
P001_WF11/P001_WF11:k141_128527_10 (length 247)
P001_WF11/P001_WF11:k141_128527_11 (length 236)
P001_WF11/P001_WF11:k141_128527_12 (length 1386)
P001_WF11/P001_WF11:k141_128527_13 (length 50)
P001_WF11/P001_WF11:k141_128527_14 (length 516)
P001_WF11/P001_WF11:k141_128527_15 (length 152)
P001_WF11/P001_WF11:k141_128527_16 (length 1114)
P001_WF11/P001_WF11:k141_128527_17 (length 42)
P001_WF11/P001_WF11:k141_128527_18 (length 353)
P001_WF11/P001_WF11:k141_128527_19 (length 461)
P001_WF11/P001_WF11:k141_128527_20 (length 62)
P001_WF11/P001_WF11:k141_128527_21 (length 100)
P001_WF11/P001_WF11:k141_128527_22 (length 734)
P001_WF11/P001_WF11:k141_128527_23 (length 750)
P001_WF11/P001_WF11:k141_128527_24 (length 82)
P001_WF11/P001_WF11:k141_128527_25 (length 201)
P001_WF11/P001_WF11:k141_128527_26 (length 83)
P001_WF11/P001_WF11:k141_128527_27 (length 158)
P001_WF11/P001_WF11:k141_128527_28 (length 225)
P001_WF11/P001_WF11:k141_128527_29 (length 120)
P001_WF11/P001_WF11:k141_128527_30 (length 140)
P001_WF11/P001_WF11:k141_128527_31 (length 518)
P001_WF11/P001_WF11:k141_128527_32 (length 41)
P001_WF11/P001_WF11:k141_128527_33 (length 482)
P001_WF11/P001_WF11:k141_128527_34 (length 489)
P001_WF11/P001_WF11:k141_128527_35 (length 184)
P001_WF11/P001_WF11:k141_128527_36 (length 254)
P001_WF11/P001_WF11:k141_128527_37 (length 320)
P001_WF11/P001_WF11:k141_128527_38 (length 40)
P001_WF11/P001_WF11:k141_128527_39 (length 39)
P001_WF11/P001_WF11:k141_128527_40 (length 83)
P001_WF11/P001_WF11:k141_128527_41 (length 42)
P001_WF11/P001_WF11:k141_128527_42 (length 101)
P001_WF11/P001_WF11:k141_128527_43 (length 128)
P001_WF11/P001_WF11:k141_128527_44 (length 65)
P001_WF11/P001_WF11:k141_128527_45 (length 74)
P001_WF11/P001_WF11:k141_128527_46 (length 66)
P001_WF11/P001_WF11:k141_128527_47 (length 125)
P001_WF11/P001_WF11:k141_128527_48 (length 91)
P001_WF11/P001_WF11:k141_128527_49 (length 508)
P001_WF11/P001_WF11:k141_128527_50 (length 73)
P001_WF11/P001_WF11:k141_128527_51 (length 162)
P001_WF11/P001_WF11:k141_128527_52 (length 174)
P001_WF11/P001_WF11:k141_128527_53 (length 353)
P001_WF11/P001_WF11:k141_128527_54 (length 138)
P001_WF11/P001_WF11:k141_128527_55 (length 37)
P001_WF11/P001_WF11:k141_128527_56 (length 77)
P001_WF11/P001_WF11:k141_128527_57 (length 134)
P001_WF11/P001_WF11:k141_128527_58 (length 122)
P001_WF11/P001_WF11:k141_128527_59 (length 119)
P001_WF11/P001_WF11:k141_128527_60 (length 218)
P001_WF11/P001_WF11:k141_128527_61 (length 164)
P001_WF11/P001_WF11:k141_128527_62 (length 92)
P001_WF11/P001_WF11:k141_128527_63 (length 165)
P001_WF11/P001_WF11:k141_128527_64 (length 133)
P001_WF11/P001_WF11:k141_128527_65 (length 93)
P001_WF11/P001_WF11:k141_128527_66 (length 2094)
P001_WF11/P001_WF11:k141_128527_67 (length 260)
P001_WF11/P001_WF11:k141_128527_68 (length 285)
P001_WF11/P001_WF11:k141_128527_69 (length 155)
P001_WF11/P001_WF11:k141_128527_70 (length 130)
P001_WF11/P001_WF11:k141_22658 (length 10854)
P001_WF11/P001_WF11:k141_22658_1 (length 39)
P001_WF11/P001_WF11:k141_22658_2 (length 71)
P001_WF11/P001_WF11:k141_22658_3 (length 34)
P001_WF11/P001_WF11:k141_93090 (length 17926)
P001_WF11/P001_WF11:k141_93090_1 (length 1245)
P001_WF11/P001_WF11:k141_93090_2 (length 90)
P001_WF11/P001_WF11:k141_93090_3 (length 393)
P001_WF11/P001_WF11:k141_93090_4 (length 188)
P001_WF11/P001_WF11:k141_93090_5 (length 156)
P001_WF11/P001_WF11:k141_93090_6 (length 172)
P001_WF11/P001_WF11:k141_93090_7 (length 176)
P001_WF11/P001_WF11:k141_93090_8 (length 101)
P001_WF11/P001_WF11:k141_93090_9 (length 81)
P001_WF11/P001_WF11:k141_93090_10 (length 488)
P001_WF11/P001_WF11:k141_93090_11 (length 187)
P001_WF11/P001_WF11:k141_93090_12 (length 119)
P001_WF11/P001_WF11:k141_93090_13 (length 68)
P001_WF11/P001_WF11:k141_93090_14 (length 748)

DiscRep_ALL:DISC_INCONSISTENT_MOLINFO_TECH::Molinfo Technique Report (some missing, all same)
DiscRep_SUB:DISC_INCONSISTENT_MOLINFO_TECH::technique (all missing)
DiscRep_SUB:DISC_INCONSISTENT_MOLINFO_TECH::3 Molinfos are missing field technique
P001_WF11/P001_WF11:k141_22658 (length 10854)
P001_WF11/P001_WF11:k141_93090 (length 17926)
P001_WF11/P001_WF11:k141_128527 (length 101993)

