Discrepancy Report Results

Summary
FATAL: MISSING_PROTEIN_ID:92 proteins have invalid IDs.
DISC_SOURCE_QUALS_ASNDISC:strain (all present, all same)
DISC_SOURCE_QUALS_ASNDISC:taxname (all present, all same)
DISC_FEATURE_COUNT:CDS: 92 present
DISC_FEATURE_COUNT:tRNA: 25 present
DISC_FEATURE_COUNT:rRNA: 8 present
DISC_COUNT_NUCLEOTIDES:10 nucleotide Bioseqs are present
FEATURE_LOCATION_CONFLICT:125 features have inconsistent gene locations.
SUSPECT_PRODUCT_NAMES:2 product_names contain suspect phrase or characters
	May contain database identifier more appropriate in note; remove from product name
		2 features contains three or more numbers together that may be identifiers more appropriate in note
DISC_QUALITY_SCORES:Quality scores are missing on all sequences.
FATAL: DISC_SUSPECT_RRNA_PRODUCTS:6 rRNA product names contain suspect phrase
FATAL: DISC_SHORT_RRNA:5 rRNA features are too short
ONCALLER_COMMENT_PRESENT:10 comment descriptors were found (all same)
SHORT_PROT_SEQUENCES:10 protein sequences are shorter than 50 aa.
MISSING_GENOMEASSEMBLY_COMMENTS:10 bioseqs are missing GenomeAssembly structured comments
MOLTYPE_NOT_MRNA:10 molecule types are not set as mRNA.
TECHNIQUE_NOT_TSA:10 technique are not set as TSA
MISSING_STRUCTURED_COMMENT:10 sequences do not include structured comments.
MISSING_PROJECT:102 sequences do not include project.
FATAL: RRNA_NAME_CONFLICTS:6 rRNA product names are not standard. Correct the names to the standard format, eg "16S ribosomal RNA"
DISC_INCONSISTENT_MOLINFO_TECH:Molinfo Technique Report (some missing, all same)


Detailed Report

FATAL: DiscRep_ALL:MISSING_PROTEIN_ID::92 proteins have invalid IDs.
P002_WB02/P002_WB02:k141_21931_1 (length 742)
P002_WB02/P002_WB02:k141_21931_2 (length 75)
P002_WB02/P002_WB02:k141_21931_3 (length 326)
P002_WB02/P002_WB02:k141_21931_4 (length 506)
P002_WB02/P002_WB02:k141_21931_5 (length 81)
P002_WB02/P002_WB02:k141_21931_6 (length 100)
P002_WB02/P002_WB02:k141_21931_7 (length 176)
P002_WB02/P002_WB02:k141_21931_8 (length 160)
P002_WB02/P002_WB02:k141_21931_9 (length 156)
P002_WB02/P002_WB02:k141_21931_10 (length 188)
P002_WB02/P002_WB02:k141_21931_11 (length 393)
P002_WB02/P002_WB02:k141_21931_12 (length 90)
P002_WB02/P002_WB02:k141_21931_13 (length 1494)
P002_WB02/P002_WB02:k141_15346_1 (length 129)
P002_WB02/P002_WB02:k141_16036_1 (length 71)
P002_WB02/P002_WB02:k141_16036_2 (length 82)
P002_WB02/P002_WB02:k141_16036_3 (length 30)
P002_WB02/P002_WB02:k141_16036_4 (length 68)
P002_WB02/P002_WB02:k141_16036_5 (length 112)
P002_WB02/P002_WB02:k141_16036_6 (length 155)
P002_WB02/P002_WB02:k141_16036_7 (length 264)
P002_WB02/P002_WB02:k141_16036_8 (length 260)
P002_WB02/P002_WB02:k141_16036_9 (length 63)
P002_WB02/P002_WB02:k141_16036_10 (length 68)
P002_WB02/P002_WB02:k141_16036_11 (length 50)
P002_WB02/P002_WB02:k141_16036_12 (length 93)
P002_WB02/P002_WB02:k141_16036_13 (length 2296)
P002_WB02/P002_WB02:k141_16036_14 (length 93)
P002_WB02/P002_WB02:k141_16036_15 (length 133)
P002_WB02/P002_WB02:k141_16036_16 (length 165)
P002_WB02/P002_WB02:k141_2132_1 (length 95)
P002_WB02/P002_WB02:k141_2132_2 (length 149)
P002_WB02/P002_WB02:k141_13099_1 (length 353)
P002_WB02/P002_WB02:k141_13099_2 (length 509)
P002_WB02/P002_WB02:k141_13099_3 (length 48)
P002_WB02/P002_WB02:k141_13099_4 (length 51)
P002_WB02/P002_WB02:k141_13099_5 (length 62)
P002_WB02/P002_WB02:k141_13099_6 (length 36)
P002_WB02/P002_WB02:k141_13099_7 (length 46)
P002_WB02/P002_WB02:k141_13099_8 (length 507)
P002_WB02/P002_WB02:k141_13099_9 (length 124)
P002_WB02/P002_WB02:k141_13099_10 (length 56)
P002_WB02/P002_WB02:k141_13099_11 (length 81)
P002_WB02/P002_WB02:k141_13099_12 (length 247)
P002_WB02/P002_WB02:k141_13099_13 (length 223)
P002_WB02/P002_WB02:k141_13099_14 (length 1393)
P002_WB02/P002_WB02:k141_13099_15 (length 482)
P002_WB02/P002_WB02:k141_13099_16 (length 152)
P002_WB02/P002_WB02:k141_13099_17 (length 1070)
P002_WB02/P002_WB02:k141_13099_18 (length 29)
P002_WB02/P002_WB02:k141_13099_19 (length 353)
P002_WB02/P002_WB02:k141_13099_20 (length 461)
P002_WB02/P002_WB02:k141_13099_21 (length 92)
P002_WB02/P002_WB02:k141_13099_22 (length 734)
P002_WB02/P002_WB02:k141_13099_23 (length 750)
P002_WB02/P002_WB02:k141_13099_24 (length 82)
P002_WB02/P002_WB02:k141_13099_25 (length 201)
P002_WB02/P002_WB02:k141_13099_26 (length 158)
P002_WB02/P002_WB02:k141_13099_27 (length 222)
P002_WB02/P002_WB02:k141_13099_28 (length 120)
P002_WB02/P002_WB02:k141_13099_29 (length 37)
P002_WB02/P002_WB02:k141_13099_30 (length 133)
P002_WB02/P002_WB02:k141_13099_31 (length 498)
P002_WB02/P002_WB02:k141_13099_32 (length 498)
P002_WB02/P002_WB02:k141_13099_33 (length 494)
P002_WB02/P002_WB02:k141_13099_34 (length 36)
P002_WB02/P002_WB02:k141_13099_35 (length 184)
P002_WB02/P002_WB02:k141_13099_36 (length 226)
P002_WB02/P002_WB02:k141_13099_37 (length 320)
P002_WB02/P002_WB02:k141_13099_38 (length 40)
P002_WB02/P002_WB02:k141_13099_39 (length 39)
P002_WB02/P002_WB02:k141_13099_40 (length 83)
P002_WB02/P002_WB02:k141_13099_41 (length 44)
P002_WB02/P002_WB02:k141_13099_42 (length 66)
P002_WB02/P002_WB02:k141_13099_43 (length 101)
P002_WB02/P002_WB02:k141_13099_44 (length 117)
P002_WB02/P002_WB02:k141_13099_45 (length 73)
P002_WB02/P002_WB02:k141_13099_46 (length 54)
P002_WB02/P002_WB02:k141_13099_47 (length 74)
P002_WB02/P002_WB02:k141_13099_48 (length 508)
P002_WB02/P002_WB02:k141_13099_49 (length 77)
P002_WB02/P002_WB02:k141_13099_50 (length 162)
P002_WB02/P002_WB02:k141_13099_51 (length 174)
P002_WB02/P002_WB02:k141_13099_52 (length 335)
P002_WB02/P002_WB02:k141_13099_53 (length 138)
P002_WB02/P002_WB02:k141_13099_54 (length 75)
P002_WB02/P002_WB02:k141_13099_55 (length 134)
P002_WB02/P002_WB02:k141_13099_56 (length 122)
P002_WB02/P002_WB02:k141_13099_57 (length 119)
P002_WB02/P002_WB02:k141_13099_58 (length 218)
P002_WB02/P002_WB02:k141_13099_59 (length 145)
P002_WB02/P002_WB02:k141_13099_60 (length 92)

DiscRep_ALL:DISC_SOURCE_QUALS_ASNDISC::strain (all present, all same)
DiscRep_SUB:DISC_SOURCE_QUALS_ASNDISC::10 sources have 'strain' for strain
DiscRep_ALL:DISC_SOURCE_QUALS_ASNDISC::taxname (all present, all same)
DiscRep_SUB:DISC_SOURCE_QUALS_ASNDISC::10 sources have 'Genus species' for taxname
DiscRep_ALL:DISC_FEATURE_COUNT::CDS: 92 present
DiscRep_ALL:DISC_FEATURE_COUNT::tRNA: 25 present
DiscRep_ALL:DISC_FEATURE_COUNT::rRNA: 8 present
DiscRep_ALL:DISC_COUNT_NUCLEOTIDES::10 nucleotide Bioseqs are present
P002_WB02/P002_WB02:k141_46740 (length 1259)
P002_WB02/P002_WB02:k141_29161 (length 1190)
P002_WB02/P002_WB02:k141_21931 (length 17902)
P002_WB02/P002_WB02:k141_65167 (length 1051)
P002_WB02/P002_WB02:k141_15346 (length 1784)
P002_WB02/P002_WB02:k141_8678 (length 2780)
P002_WB02/P002_WB02:k141_16036 (length 25856)
P002_WB02/P002_WB02:k141_2132 (length 1061)
P002_WB02/P002_WB02:k141_13099 (length 85312)
P002_WB02/P002_WB02:k141_13312 (length 1245)

DiscRep_ALL:FEATURE_LOCATION_CONFLICT::125 features have inconsistent gene locations.
DiscRep_SUB:FEATURE_LOCATION_CONFLICT::RNA feature xref gene does not exist
P002_WB02/P002_WB02:rRNA	16S ribosomal RNA (partial)	k141_46740:c938-2	P002_WB02_00001

DiscRep_SUB:FEATURE_LOCATION_CONFLICT::RNA feature xref gene does not exist
P002_WB02/P002_WB02:rRNA	23S ribosomal RNA (partial)	k141_29161:c1188-4	P002_WB02_00002

DiscRep_SUB:FEATURE_LOCATION_CONFLICT::Coding region xref gene does not exist
P002_WB02/P002_WB02:CDS	NADH-plastoquinone oxidoreductase subunit 5	k141_21931:c2363-135	P002_WB02_00003

DiscRep_SUB:FEATURE_LOCATION_CONFLICT::Coding region xref gene does not exist
P002_WB02/P002_WB02:CDS	hypothetical protein	k141_21931:c3516-3289	P002_WB02_00004

DiscRep_SUB:FEATURE_LOCATION_CONFLICT::Coding region xref gene does not exist
P002_WB02/P002_WB02:CDS	cytochrome c heme attachment protein	k141_21931:4063-5043	P002_WB02_00006

DiscRep_SUB:FEATURE_LOCATION_CONFLICT::Coding region xref gene does not exist
P002_WB02/P002_WB02:CDS	NADH-plastoquinone oxidoreductase subunit 4	k141_21931:c6807-5287	P002_WB02_00007

DiscRep_SUB:FEATURE_LOCATION_CONFLICT::Coding region xref gene does not exist
P002_WB02/P002_WB02:CDS	photosystem I subunit VII	k141_21931:c7165-6920	P002_WB02_00008

DiscRep_SUB:FEATURE_LOCATION_CONFLICT::Coding region xref gene does not exist
P002_WB02/P002_WB02:CDS	NADH-plastoquinone oxidoreductase subunit 4L	k141_21931:c7727-7425	P002_WB02_00009

DiscRep_SUB:FEATURE_LOCATION_CONFLICT::Coding region xref gene does not exist
P002_WB02/P002_WB02:CDS	NADH-plastoquinone oxidoreductase subunit 6	k141_21931:c8478-7948	P002_WB02_00010

DiscRep_SUB:FEATURE_LOCATION_CONFLICT::Coding region xref gene does not exist
P002_WB02/P002_WB02:CDS	NADH-plastoquinone oxidoreductase subunit I	k141_21931:c9243-8761	P002_WB02_00011

DiscRep_SUB:FEATURE_LOCATION_CONFLICT::Coding region xref gene does not exist
P002_WB02/P002_WB02:CDS	NADH-plastoquinone oxidoreductase subunit 1	k141_21931:c9798-9328	P002_WB02_00012

DiscRep_SUB:FEATURE_LOCATION_CONFLICT::Coding region xref gene does not exist
P002_WB02/P002_WB02:CDS	NADH-plastoquinone oxidoreductase subunit 1	k141_21931:c11521-10955	P002_WB02_00013

DiscRep_SUB:FEATURE_LOCATION_CONFLICT::Coding region xref gene does not exist
P002_WB02/P002_WB02:CDS	NADH-plastoquinone oxidoreductase subunit 7	k141_21931:c12704-11523	P002_WB02_00014

DiscRep_SUB:FEATURE_LOCATION_CONFLICT::Coding region xref gene does not exist
P002_WB02/P002_WB02:CDS	ribosomal protein S15	k141_21931:c13055-12783	P002_WB02_00015

DiscRep_SUB:FEATURE_LOCATION_CONFLICT::Coding region xref gene does not exist
P002_WB02/P002_WB02:CDS	hypothetical protein	k141_21931:c17833-13349	P002_WB02_00016

DiscRep_SUB:FEATURE_LOCATION_CONFLICT::RNA feature xref gene does not exist
P002_WB02/P002_WB02:tRNA	Leu	k141_21931:3889-3968	P002_WB02_00005

DiscRep_SUB:FEATURE_LOCATION_CONFLICT::RNA feature xref gene does not exist
P002_WB02/P002_WB02:rRNA	16S ribosomal RNA (partial)	k141_65167:5-952	P002_WB02_00017

DiscRep_SUB:FEATURE_LOCATION_CONFLICT::Coding region xref gene does not exist
P002_WB02/P002_WB02:CDS	hypothetical protein	k141_15346:658-1047	P002_WB02_00018

DiscRep_SUB:FEATURE_LOCATION_CONFLICT::RNA feature xref gene does not exist
P002_WB02/P002_WB02:tRNA	Met	k141_8678:c359-283	P002_WB02_00019

DiscRep_SUB:FEATURE_LOCATION_CONFLICT::RNA feature xref gene does not exist
P002_WB02/P002_WB02:rRNA	5S ribosomal RNA (partial)	k141_8678:c505-418	P002_WB02_00020

DiscRep_SUB:FEATURE_LOCATION_CONFLICT::RNA feature xref gene does not exist
P002_WB02/P002_WB02:rRNA	23S ribosomal RNA (partial)	k141_8678:c2778-681	P002_WB02_00021

DiscRep_SUB:FEATURE_LOCATION_CONFLICT::Coding region xref gene does not exist
P002_WB02/P002_WB02:CDS	hypothetical protein	k141_16036:c937-722	P002_WB02_00022

DiscRep_SUB:FEATURE_LOCATION_CONFLICT::Coding region xref gene does not exist
P002_WB02/P002_WB02:CDS	hypothetical protein	k141_16036:c6465-6217	P002_WB02_00026

DiscRep_SUB:FEATURE_LOCATION_CONFLICT::Coding region xref gene does not exist
P002_WB02/P002_WB02:CDS	hypothetical protein	k141_16036:c6721-6629	P002_WB02_00027

DiscRep_SUB:FEATURE_LOCATION_CONFLICT::Coding region xref gene does not exist
P002_WB02/P002_WB02:CDS	hypothetical protein	k141_16036:c7050-6844	P002_WB02_00028

DiscRep_SUB:FEATURE_LOCATION_CONFLICT::Coding region xref gene does not exist
P002_WB02/P002_WB02:CDS	hypothetical protein	k141_16036:c10759-10421	P002_WB02_00031

DiscRep_SUB:FEATURE_LOCATION_CONFLICT::Coding region xref gene does not exist
P002_WB02/P002_WB02:CDS	ribosomal protein S7	k141_16036:12357-12824	P002_WB02_00032

DiscRep_SUB:FEATURE_LOCATION_CONFLICT::Coding region xref gene does not exist
P002_WB02/P002_WB02:CDS	NADH-plastoquinone oxidoreductase subunit 2	k141_16036:13158-13952	P002_WB02_00033

DiscRep_SUB:FEATURE_LOCATION_CONFLICT::Coding region xref gene does not exist
P002_WB02/P002_WB02:CDS	NADH-plastoquinone oxidoreductase subunit 2	k141_16036:14594-15376	P002_WB02_00034

DiscRep_SUB:FEATURE_LOCATION_CONFLICT::Coding region xref gene does not exist
P002_WB02/P002_WB02:CDS	hypothetical protein	k141_16036:c15891-15700	P002_WB02_00035

DiscRep_SUB:FEATURE_LOCATION_CONFLICT::Coding region xref gene does not exist
P002_WB02/P002_WB02:CDS	hypothetical protein	k141_16036:16069-16275	P002_WB02_00037

DiscRep_SUB:FEATURE_LOCATION_CONFLICT::Coding region xref gene does not exist
P002_WB02/P002_WB02:CDS	hypothetical protein	k141_16036:16300-16452	P002_WB02_00038

DiscRep_SUB:FEATURE_LOCATION_CONFLICT::Coding region xref gene does not exist
P002_WB02/P002_WB02:CDS	hypothetical protein	k141_16036:c16705-16424	P002_WB02_00039

DiscRep_SUB:FEATURE_LOCATION_CONFLICT::Coding region xref gene does not exist
P002_WB02/P002_WB02:CDS	hypothetical protein	k141_16036:c23640-16750	P002_WB02_00040

DiscRep_SUB:FEATURE_LOCATION_CONFLICT::Coding region xref gene does not exist
P002_WB02/P002_WB02:CDS	ribosomal protein L23	k141_16036:23974-24255	P002_WB02_00042

DiscRep_SUB:FEATURE_LOCATION_CONFLICT::Coding region xref gene does not exist
P002_WB02/P002_WB02:CDS	ribosomal protein L2	k141_16036:24274-24675	P002_WB02_00043

DiscRep_SUB:FEATURE_LOCATION_CONFLICT::Coding region xref gene does not exist
P002_WB02/P002_WB02:CDS	ribosomal protein L2	k141_16036:25262-25759	P002_WB02_00044

DiscRep_SUB:FEATURE_LOCATION_CONFLICT::RNA feature xref gene does not exist
P002_WB02/P002_WB02:tRNA	Asn	k141_16036:1291-1364	P002_WB02_00023

DiscRep_SUB:FEATURE_LOCATION_CONFLICT::RNA feature xref gene does not exist
P002_WB02/P002_WB02:tRNA	Arg	k141_16036:c2019-1945	P002_WB02_00024

DiscRep_SUB:FEATURE_LOCATION_CONFLICT::RNA feature xref gene does not exist
P002_WB02/P002_WB02:rRNA	23S ribosomal RNA	k141_16036:c5659-2649	P002_WB02_00025

DiscRep_SUB:FEATURE_LOCATION_CONFLICT::RNA feature xref gene does not exist
P002_WB02/P002_WB02:rRNA	16S ribosomal RNA	k141_16036:c9359-7874	P002_WB02_00029

DiscRep_SUB:FEATURE_LOCATION_CONFLICT::RNA feature xref gene does not exist
P002_WB02/P002_WB02:tRNA	Val	k141_16036:c9663-9592	P002_WB02_00030

DiscRep_SUB:FEATURE_LOCATION_CONFLICT::RNA feature xref gene does not exist
P002_WB02/P002_WB02:tRNA	Leu	k141_16036:15965-16047	P002_WB02_00036

DiscRep_SUB:FEATURE_LOCATION_CONFLICT::RNA feature xref gene does not exist
P002_WB02/P002_WB02:tRNA	Met	k141_16036:23729-23803	P002_WB02_00041

DiscRep_SUB:FEATURE_LOCATION_CONFLICT::Coding region xref gene does not exist
P002_WB02/P002_WB02:CDS	hypothetical protein	k141_2132:66-353	P002_WB02_00045

DiscRep_SUB:FEATURE_LOCATION_CONFLICT::Coding region xref gene does not exist
P002_WB02/P002_WB02:CDS	hypothetical protein	k141_2132:c1030-581	P002_WB02_00046

DiscRep_SUB:FEATURE_LOCATION_CONFLICT::Coding region xref gene does not exist
P002_WB02/P002_WB02:CDS	photosystem II protein D1	k141_13099:c1740-679	P002_WB02_00048

DiscRep_SUB:FEATURE_LOCATION_CONFLICT::Coding region xref gene does not exist
P002_WB02/P002_WB02:CDS	maturase K	k141_13099:c3784-2255	P002_WB02_00049

DiscRep_SUB:FEATURE_LOCATION_CONFLICT::Coding region xref gene does not exist
P002_WB02/P002_WB02:CDS	hypothetical protein	k141_13099:c4915-4769	P002_WB02_00050

DiscRep_SUB:FEATURE_LOCATION_CONFLICT::Coding region xref gene does not exist
P002_WB02/P002_WB02:CDS	ribosomal protein S16	k141_13099:c5471-5316	P002_WB02_00051

DiscRep_SUB:FEATURE_LOCATION_CONFLICT::Coding region xref gene does not exist
P002_WB02/P002_WB02:CDS	photosystem II protein K	k141_13099:8163-8351	P002_WB02_00053

DiscRep_SUB:FEATURE_LOCATION_CONFLICT::Coding region xref gene does not exist
P002_WB02/P002_WB02:CDS	Photosystem II reaction center protein I	k141_13099:8780-8890	P002_WB02_00054

DiscRep_SUB:FEATURE_LOCATION_CONFLICT::Coding region xref gene does not exist
P002_WB02/P002_WB02:CDS	hypothetical protein	k141_13099:c9906-9766	P002_WB02_00056

DiscRep_SUB:FEATURE_LOCATION_CONFLICT::Coding region xref gene does not exist
P002_WB02/P002_WB02:CDS	ATP synthase CF1 alpha subunit	k141_13099:c12274-10751	P002_WB02_00058

DiscRep_SUB:FEATURE_LOCATION_CONFLICT::Coding region xref gene does not exist
P002_WB02/P002_WB02:CDS	ATP synthase CF0 subunit I	k141_13099:c12702-12328	P002_WB02_00059

DiscRep_SUB:FEATURE_LOCATION_CONFLICT::Coding region xref gene does not exist
P002_WB02/P002_WB02:CDS	ATP synthase CF0 subunit I	k141_13099:c13605-13435	P002_WB02_00060

DiscRep_SUB:FEATURE_LOCATION_CONFLICT::Coding region xref gene does not exist
P002_WB02/P002_WB02:CDS	ATP synthase CF0 subunit III	k141_13099:c14272-14027	P002_WB02_00061

DiscRep_SUB:FEATURE_LOCATION_CONFLICT::Coding region xref gene does not exist
P002_WB02/P002_WB02:CDS	ATP synthase CF0 subunit IV	k141_13099:c15755-15012	P002_WB02_00062

DiscRep_SUB:FEATURE_LOCATION_CONFLICT::Coding region xref gene does not exist
P002_WB02/P002_WB02:CDS	ribosomal protein S2	k141_13099:c16642-15971	P002_WB02_00063

DiscRep_SUB:FEATURE_LOCATION_CONFLICT::Coding region xref gene does not exist
P002_WB02/P002_WB02:CDS	RNA polymerase beta'' subunit	k141_13099:c21097-16916	P002_WB02_00064

DiscRep_SUB:FEATURE_LOCATION_CONFLICT::Coding region xref gene does not exist
P002_WB02/P002_WB02:CDS	RNA polymerase beta' subunit	k141_13099:c22713-21265	P002_WB02_00065

DiscRep_SUB:FEATURE_LOCATION_CONFLICT::Coding region xref gene does not exist
P002_WB02/P002_WB02:CDS	RNA polymerase beta' subunit	k141_13099:c24081-23623	P002_WB02_00066

DiscRep_SUB:FEATURE_LOCATION_CONFLICT::Coding region xref gene does not exist
P002_WB02/P002_WB02:CDS	RNA polymerase beta subunit	k141_13099:c27299-24087	P002_WB02_00067

DiscRep_SUB:FEATURE_LOCATION_CONFLICT::Coding region xref gene does not exist
P002_WB02/P002_WB02:CDS	cytochrome b6/f complex subunit VII	k141_13099:28861-28950	P002_WB02_00069

DiscRep_SUB:FEATURE_LOCATION_CONFLICT::Coding region xref gene does not exist
P002_WB02/P002_WB02:CDS	photosystem II protein D2	k141_13099:33515-34576	P002_WB02_00074

DiscRep_SUB:FEATURE_LOCATION_CONFLICT::Coding region xref gene does not exist
P002_WB02/P002_WB02:CDS	photosystem II CP43 chlorophyll apoprotein	k141_13099:34560-35945	P002_WB02_00075

DiscRep_SUB:FEATURE_LOCATION_CONFLICT::Coding region xref gene does not exist
P002_WB02/P002_WB02:CDS	Photosystem II reaction center protein Z	k141_13099:36535-36813	P002_WB02_00077

DiscRep_SUB:FEATURE_LOCATION_CONFLICT::Coding region xref gene does not exist
P002_WB02/P002_WB02:CDS	photosystem I P700 apoprotein A2	k141_13099:c40133-37929	P002_WB02_00080

DiscRep_SUB:FEATURE_LOCATION_CONFLICT::Coding region xref gene does not exist
P002_WB02/P002_WB02:CDS	photosystem I P700 apoprotein A1	k141_13099:c42411-40159	P002_WB02_00081

DiscRep_SUB:FEATURE_LOCATION_CONFLICT::Coding region xref gene does not exist
P002_WB02/P002_WB02:CDS	putative chloroplast RF34	k141_13099:c44119-43871	P002_WB02_00082

DiscRep_SUB:FEATURE_LOCATION_CONFLICT::Coding region xref gene does not exist
P002_WB02/P002_WB02:CDS	ribosomal protein S4	k141_13099:c46823-46218	P002_WB02_00084

DiscRep_SUB:FEATURE_LOCATION_CONFLICT::Coding region xref gene does not exist
P002_WB02/P002_WB02:CDS	NADH-plastoquinone oxidoreductase subunit J	k141_13099:c50184-49708	P002_WB02_00087

DiscRep_SUB:FEATURE_LOCATION_CONFLICT::Coding region xref gene does not exist
P002_WB02/P002_WB02:CDS	NADH-plastoquinone oxidoreductase subunit K	k141_13099:c50972-50304	P002_WB02_00088

DiscRep_SUB:FEATURE_LOCATION_CONFLICT::Coding region xref gene does not exist
P002_WB02/P002_WB02:CDS	NADH-plastoquinone oxidoreductase subunit 3	k141_13099:c51380-51018	P002_WB02_00089

DiscRep_SUB:FEATURE_LOCATION_CONFLICT::Coding region xref gene does not exist
P002_WB02/P002_WB02:CDS	hypothetical protein	k141_13099:c51451-51338	P002_WB02_00090

DiscRep_SUB:FEATURE_LOCATION_CONFLICT::Coding region xref gene does not exist
P002_WB02/P002_WB02:CDS	ATP synthase CF1 epsilon subunit	k141_13099:c53920-53519	P002_WB02_00092

DiscRep_SUB:FEATURE_LOCATION_CONFLICT::Coding region xref gene does not exist
P002_WB02/P002_WB02:CDS	ATP synthase CF1 beta subunit	k141_13099:c55413-53917	P002_WB02_00093

DiscRep_SUB:FEATURE_LOCATION_CONFLICT::Coding region xref gene does not exist
P002_WB02/P002_WB02:CDS	ribulose-1,5-bisphosphate carboxylase/oxygenase large subunit	k141_13099:56110-57606	P002_WB02_00094

DiscRep_SUB:FEATURE_LOCATION_CONFLICT::Coding region xref gene does not exist
P002_WB02/P002_WB02:CDS	Acetyl-coenzyme A carboxylase carboxyl transferase subunit beta, chloroplastic	k141_13099:58226-59710	P002_WB02_00095

DiscRep_SUB:FEATURE_LOCATION_CONFLICT::Coding region xref gene does not exist
P002_WB02/P002_WB02:CDS	photosystem I subunit VIII	k141_13099:60131-60241	P002_WB02_00096

DiscRep_SUB:FEATURE_LOCATION_CONFLICT::Coding region xref gene does not exist
P002_WB02/P002_WB02:CDS	photosystem I assembly protein Ycf4	k141_13099:60666-61220	P002_WB02_00097

DiscRep_SUB:FEATURE_LOCATION_CONFLICT::Coding region xref gene does not exist
P002_WB02/P002_WB02:CDS	envelope membrane protein	k141_13099:61910-62590	P002_WB02_00098

DiscRep_SUB:FEATURE_LOCATION_CONFLICT::Coding region xref gene does not exist
P002_WB02/P002_WB02:CDS	cytochrome f	k141_13099:62835-63797	P002_WB02_00099

DiscRep_SUB:FEATURE_LOCATION_CONFLICT::Coding region xref gene does not exist
P002_WB02/P002_WB02:CDS	photosystem II protein J	k141_13099:c64990-64868	P002_WB02_00100

DiscRep_SUB:FEATURE_LOCATION_CONFLICT::Coding region xref gene does not exist
P002_WB02/P002_WB02:CDS	photosystem II cytochrome b559 beta subunit	k141_13099:c65387-65268	P002_WB02_00101

DiscRep_SUB:FEATURE_LOCATION_CONFLICT::Coding region xref gene does not exist
P002_WB02/P002_WB02:CDS	photosystem II cytochrome b559 alpha subunit	k141_13099:c65648-65397	P002_WB02_00102

DiscRep_SUB:FEATURE_LOCATION_CONFLICT::Coding region xref gene does not exist
P002_WB02/P002_WB02:CDS	photosystem I subunit IX	k141_13099:68045-68179	P002_WB02_00105

DiscRep_SUB:FEATURE_LOCATION_CONFLICT::Coding region xref gene does not exist
P002_WB02/P002_WB02:CDS	ribosomal protein L33	k141_13099:68672-68872	P002_WB02_00106

DiscRep_SUB:FEATURE_LOCATION_CONFLICT::Coding region xref gene does not exist
P002_WB02/P002_WB02:CDS	ribosomal protein S18	k141_13099:69048-69353	P002_WB02_00107

DiscRep_SUB:FEATURE_LOCATION_CONFLICT::Coding region xref gene does not exist
P002_WB02/P002_WB02:CDS	ribosomal protein L20	k141_13099:c69979-69626	P002_WB02_00108

DiscRep_SUB:FEATURE_LOCATION_CONFLICT::Coding region xref gene does not exist
P002_WB02/P002_WB02:CDS	ATP-dependent Clp protease proteolytic subunit	k141_13099:c71249-71028	P002_WB02_00109

DiscRep_SUB:FEATURE_LOCATION_CONFLICT::Coding region xref gene does not exist
P002_WB02/P002_WB02:CDS	hypothetical protein	k141_13099:71442-71606	P002_WB02_00110

DiscRep_SUB:FEATURE_LOCATION_CONFLICT::Coding region xref gene does not exist
P002_WB02/P002_WB02:CDS	ATP-dependent Clp protease proteolytic subunit	k141_13099:c72140-71916	P002_WB02_00111

DiscRep_SUB:FEATURE_LOCATION_CONFLICT::Coding region xref gene does not exist
P002_WB02/P002_WB02:CDS	photosystem II CP47 chlorophyll apoprotein	k141_13099:73615-75141	P002_WB02_00112

DiscRep_SUB:FEATURE_LOCATION_CONFLICT::Coding region xref gene does not exist
P002_WB02/P002_WB02:CDS	photosystem II phosphoprotein	k141_13099:75738-75971	P002_WB02_00113

DiscRep_SUB:FEATURE_LOCATION_CONFLICT::Coding region xref gene does not exist
P002_WB02/P002_WB02:CDS	cytochrome b6	k141_13099:77066-77554	P002_WB02_00114

DiscRep_SUB:FEATURE_LOCATION_CONFLICT::Coding region xref gene does not exist
P002_WB02/P002_WB02:CDS	cytochrome b6/f complex subunit IV	k141_13099:78488-79012	P002_WB02_00115

DiscRep_SUB:FEATURE_LOCATION_CONFLICT::Coding region xref gene does not exist
P002_WB02/P002_WB02:CDS	DNA-directed RNA polymerase subunit alpha	k141_13099:c80226-79219	P002_WB02_00116

DiscRep_SUB:FEATURE_LOCATION_CONFLICT::Coding region xref gene does not exist
P002_WB02/P002_WB02:CDS	ribosomal protein S11	k141_13099:c80704-80288	P002_WB02_00117

DiscRep_SUB:FEATURE_LOCATION_CONFLICT::Coding region xref gene does not exist
P002_WB02/P002_WB02:CDS	hypothetical protein	k141_13099:80724-80951	P002_WB02_00118

DiscRep_SUB:FEATURE_LOCATION_CONFLICT::Coding region xref gene does not exist
P002_WB02/P002_WB02:CDS	ribosomal protein S8	k141_13099:c81507-81103	P002_WB02_00119

DiscRep_SUB:FEATURE_LOCATION_CONFLICT::Coding region xref gene does not exist
P002_WB02/P002_WB02:CDS	ribosomal protein L14	k141_13099:c82077-81709	P002_WB02_00120

DiscRep_SUB:FEATURE_LOCATION_CONFLICT::Coding region xref gene does not exist
P002_WB02/P002_WB02:CDS	ribosomal protein L16	k141_13099:c82566-82207	P002_WB02_00121

DiscRep_SUB:FEATURE_LOCATION_CONFLICT::Coding region xref gene does not exist
P002_WB02/P002_WB02:CDS	ribosomal protein S3	k141_13099:c84457-83801	P002_WB02_00122

DiscRep_SUB:FEATURE_LOCATION_CONFLICT::Coding region xref gene does not exist
P002_WB02/P002_WB02:CDS	ribosomal protein L22	k141_13099:c84879-84442	P002_WB02_00123

DiscRep_SUB:FEATURE_LOCATION_CONFLICT::Coding region xref gene does not exist
P002_WB02/P002_WB02:CDS	ribosomal protein S19	k141_13099:c85212-84934	P002_WB02_00124

DiscRep_SUB:FEATURE_LOCATION_CONFLICT::RNA feature xref gene does not exist
P002_WB02/P002_WB02:tRNA	His	k141_13099:c218-144	P002_WB02_00047

DiscRep_SUB:FEATURE_LOCATION_CONFLICT::RNA feature xref gene does not exist
P002_WB02/P002_WB02:tRNA	Gln	k141_13099:c7838-7766	P002_WB02_00052

DiscRep_SUB:FEATURE_LOCATION_CONFLICT::RNA feature xref gene does not exist
P002_WB02/P002_WB02:tRNA	Ser	k141_13099:c9043-8954	P002_WB02_00055

DiscRep_SUB:FEATURE_LOCATION_CONFLICT::RNA feature xref gene does not exist
P002_WB02/P002_WB02:tRNA	Arg	k141_13099:10561-10632	P002_WB02_00057

DiscRep_SUB:FEATURE_LOCATION_CONFLICT::RNA feature xref gene does not exist
P002_WB02/P002_WB02:tRNA	Cys	k141_13099:28455-28525	P002_WB02_00068

DiscRep_SUB:FEATURE_LOCATION_CONFLICT::RNA feature xref gene does not exist
P002_WB02/P002_WB02:tRNA	Asp	k141_13099:c31337-31261	P002_WB02_00070

DiscRep_SUB:FEATURE_LOCATION_CONFLICT::RNA feature xref gene does not exist
P002_WB02/P002_WB02:tRNA	Tyr	k141_13099:c31520-31435	P002_WB02_00071

DiscRep_SUB:FEATURE_LOCATION_CONFLICT::RNA feature xref gene does not exist
P002_WB02/P002_WB02:tRNA	Glu	k141_13099:c31652-31578	P002_WB02_00072

DiscRep_SUB:FEATURE_LOCATION_CONFLICT::RNA feature xref gene does not exist
P002_WB02/P002_WB02:tRNA	Thr	k141_13099:32144-32217	P002_WB02_00073

DiscRep_SUB:FEATURE_LOCATION_CONFLICT::RNA feature xref gene does not exist
P002_WB02/P002_WB02:tRNA	Ser	k141_13099:c36277-36185	P002_WB02_00076

DiscRep_SUB:FEATURE_LOCATION_CONFLICT::RNA feature xref gene does not exist
P002_WB02/P002_WB02:tRNA	Gly	k141_13099:37075-37145	P002_WB02_00078

DiscRep_SUB:FEATURE_LOCATION_CONFLICT::RNA feature xref gene does not exist
P002_WB02/P002_WB02:tRNA	Met	k141_13099:c37344-37270	P002_WB02_00079

DiscRep_SUB:FEATURE_LOCATION_CONFLICT::RNA feature xref gene does not exist
P002_WB02/P002_WB02:tRNA	Ser	k141_13099:45830-45918	P002_WB02_00083

DiscRep_SUB:FEATURE_LOCATION_CONFLICT::RNA feature xref gene does not exist
P002_WB02/P002_WB02:tRNA	Thr	k141_13099:c47249-47177	P002_WB02_00085

DiscRep_SUB:FEATURE_LOCATION_CONFLICT::RNA feature xref gene does not exist
P002_WB02/P002_WB02:tRNA	Phe	k141_13099:49039-49112	P002_WB02_00086

DiscRep_SUB:FEATURE_LOCATION_CONFLICT::RNA feature xref gene does not exist
P002_WB02/P002_WB02:tRNA	Met	k141_13099:53231-53303	P002_WB02_00091

DiscRep_SUB:FEATURE_LOCATION_CONFLICT::RNA feature xref gene does not exist
P002_WB02/P002_WB02:tRNA	Trp	k141_13099:c67401-67328	P002_WB02_00103

DiscRep_SUB:FEATURE_LOCATION_CONFLICT::RNA feature xref gene does not exist
P002_WB02/P002_WB02:tRNA	Pro	k141_13099:c67651-67576	P002_WB02_00104

DiscRep_SUB:FEATURE_LOCATION_CONFLICT::RNA feature xref gene does not exist
P002_WB02/P002_WB02:rRNA	23S ribosomal RNA (partial)	k141_13312:c1245-2	P002_WB02_00125

DiscRep_ALL:SUSPECT_PRODUCT_NAMES::2 product_names contain suspect phrase or characters
DiscRep_SUB:SUSPECT_PRODUCT_NAMES::May contain database identifier more appropriate in note; remove from product name
DiscRep_SUB:SUSPECT_PRODUCT_NAMES::2 features contains three or more numbers together that may be identifiers more appropriate in note
P002_WB02/P002_WB02:CDS	photosystem I P700 apoprotein A2	k141_13099:c40133-37929	P002_WB02_00080
P002_WB02/P002_WB02:CDS	photosystem I P700 apoprotein A1	k141_13099:c42411-40159	P002_WB02_00081

DiscRep_ALL:DISC_QUALITY_SCORES::Quality scores are missing on all sequences.

FATAL: DiscRep_ALL:DISC_SUSPECT_RRNA_PRODUCTS::6 rRNA product names contain suspect phrase
FATAL: DiscRep_SUB:DISC_SUSPECT_RRNA_PRODUCTS::6 rRNA product names contains 'partial'
P002_WB02/P002_WB02:rRNA	16S ribosomal RNA (partial)	k141_46740:c938-2	P002_WB02_00001
P002_WB02/P002_WB02:rRNA	23S ribosomal RNA (partial)	k141_29161:c1188-4	P002_WB02_00002
P002_WB02/P002_WB02:rRNA	16S ribosomal RNA (partial)	k141_65167:5-952	P002_WB02_00017
P002_WB02/P002_WB02:rRNA	5S ribosomal RNA (partial)	k141_8678:c505-418	P002_WB02_00020
P002_WB02/P002_WB02:rRNA	23S ribosomal RNA (partial)	k141_8678:c2778-681	P002_WB02_00021
P002_WB02/P002_WB02:rRNA	23S ribosomal RNA (partial)	k141_13312:c1245-2	P002_WB02_00125

FATAL: DiscRep_ALL:DISC_SHORT_RRNA::5 rRNA features are too short
P002_WB02/P002_WB02:rRNA	16S ribosomal RNA (partial)	k141_46740:c938-2	P002_WB02_00001
P002_WB02/P002_WB02:rRNA	23S ribosomal RNA (partial)	k141_29161:c1188-4	P002_WB02_00002
P002_WB02/P002_WB02:rRNA	16S ribosomal RNA (partial)	k141_65167:5-952	P002_WB02_00017
P002_WB02/P002_WB02:rRNA	5S ribosomal RNA (partial)	k141_8678:c505-418	P002_WB02_00020
P002_WB02/P002_WB02:rRNA	23S ribosomal RNA (partial)	k141_13312:c1245-2	P002_WB02_00125

DiscRep_ALL:ONCALLER_COMMENT_PRESENT::10 comment descriptors were found (all same)
P002_WB02/P002_WB02:k141_46740:Annotated using prokka 1.14.5 from https://github.com/tseemann/prokka
P002_WB02/P002_WB02:k141_29161:Annotated using prokka 1.14.5 from https://github.com/tseemann/prokka
P002_WB02/P002_WB02:k141_21931:Annotated using prokka 1.14.5 from https://github.com/tseemann/prokka
P002_WB02/P002_WB02:k141_65167:Annotated using prokka 1.14.5 from https://github.com/tseemann/prokka
P002_WB02/P002_WB02:k141_15346:Annotated using prokka 1.14.5 from https://github.com/tseemann/prokka
P002_WB02/P002_WB02:k141_8678:Annotated using prokka 1.14.5 from https://github.com/tseemann/prokka
P002_WB02/P002_WB02:k141_16036:Annotated using prokka 1.14.5 from https://github.com/tseemann/prokka
P002_WB02/P002_WB02:k141_2132:Annotated using prokka 1.14.5 from https://github.com/tseemann/prokka
P002_WB02/P002_WB02:k141_13099:Annotated using prokka 1.14.5 from https://github.com/tseemann/prokka
P002_WB02/P002_WB02:k141_13312:Annotated using prokka 1.14.5 from https://github.com/tseemann/prokka

DiscRep_ALL:SHORT_PROT_SEQUENCES::10 protein sequences are shorter than 50 aa.
P002_WB02/P002_WB02:k141_16036_3 (length 30)
P002_WB02/P002_WB02:k141_13099_3 (length 48)
P002_WB02/P002_WB02:k141_13099_6 (length 36)
P002_WB02/P002_WB02:k141_13099_7 (length 46)
P002_WB02/P002_WB02:k141_13099_18 (length 29)
P002_WB02/P002_WB02:k141_13099_29 (length 37)
P002_WB02/P002_WB02:k141_13099_34 (length 36)
P002_WB02/P002_WB02:k141_13099_38 (length 40)
P002_WB02/P002_WB02:k141_13099_39 (length 39)
P002_WB02/P002_WB02:k141_13099_41 (length 44)

DiscRep_ALL:MISSING_GENOMEASSEMBLY_COMMENTS::10 bioseqs are missing GenomeAssembly structured comments
P002_WB02/P002_WB02:k141_46740 (length 1259)
P002_WB02/P002_WB02:k141_29161 (length 1190)
P002_WB02/P002_WB02:k141_21931 (length 17902)
P002_WB02/P002_WB02:k141_65167 (length 1051)
P002_WB02/P002_WB02:k141_15346 (length 1784)
P002_WB02/P002_WB02:k141_8678 (length 2780)
P002_WB02/P002_WB02:k141_16036 (length 25856)
P002_WB02/P002_WB02:k141_2132 (length 1061)
P002_WB02/P002_WB02:k141_13099 (length 85312)
P002_WB02/P002_WB02:k141_13312 (length 1245)

DiscRep_ALL:MOLTYPE_NOT_MRNA::10 molecule types are not set as mRNA.
P002_WB02/P002_WB02:k141_46740 (length 1259)
P002_WB02/P002_WB02:k141_29161 (length 1190)
P002_WB02/P002_WB02:k141_21931 (length 17902)
P002_WB02/P002_WB02:k141_65167 (length 1051)
P002_WB02/P002_WB02:k141_15346 (length 1784)
P002_WB02/P002_WB02:k141_8678 (length 2780)
P002_WB02/P002_WB02:k141_16036 (length 25856)
P002_WB02/P002_WB02:k141_2132 (length 1061)
P002_WB02/P002_WB02:k141_13099 (length 85312)
P002_WB02/P002_WB02:k141_13312 (length 1245)

DiscRep_ALL:TECHNIQUE_NOT_TSA::10 technique are not set as TSA
P002_WB02/P002_WB02:k141_46740 (length 1259)
P002_WB02/P002_WB02:k141_29161 (length 1190)
P002_WB02/P002_WB02:k141_21931 (length 17902)
P002_WB02/P002_WB02:k141_65167 (length 1051)
P002_WB02/P002_WB02:k141_15346 (length 1784)
P002_WB02/P002_WB02:k141_8678 (length 2780)
P002_WB02/P002_WB02:k141_16036 (length 25856)
P002_WB02/P002_WB02:k141_2132 (length 1061)
P002_WB02/P002_WB02:k141_13099 (length 85312)
P002_WB02/P002_WB02:k141_13312 (length 1245)

DiscRep_ALL:MISSING_STRUCTURED_COMMENT::10 sequences do not include structured comments.
P002_WB02/P002_WB02:k141_46740 (length 1259)
P002_WB02/P002_WB02:k141_29161 (length 1190)
P002_WB02/P002_WB02:k141_21931 (length 17902)
P002_WB02/P002_WB02:k141_65167 (length 1051)
P002_WB02/P002_WB02:k141_15346 (length 1784)
P002_WB02/P002_WB02:k141_8678 (length 2780)
P002_WB02/P002_WB02:k141_16036 (length 25856)
P002_WB02/P002_WB02:k141_2132 (length 1061)
P002_WB02/P002_WB02:k141_13099 (length 85312)
P002_WB02/P002_WB02:k141_13312 (length 1245)

DiscRep_ALL:MISSING_PROJECT::102 sequences do not include project.
P002_WB02/P002_WB02:k141_46740 (length 1259)
P002_WB02/P002_WB02:k141_29161 (length 1190)
P002_WB02/P002_WB02:k141_21931 (length 17902)
P002_WB02/P002_WB02:k141_21931_1 (length 742)
P002_WB02/P002_WB02:k141_21931_2 (length 75)
P002_WB02/P002_WB02:k141_21931_3 (length 326)
P002_WB02/P002_WB02:k141_21931_4 (length 506)
P002_WB02/P002_WB02:k141_21931_5 (length 81)
P002_WB02/P002_WB02:k141_21931_6 (length 100)
P002_WB02/P002_WB02:k141_21931_7 (length 176)
P002_WB02/P002_WB02:k141_21931_8 (length 160)
P002_WB02/P002_WB02:k141_21931_9 (length 156)
P002_WB02/P002_WB02:k141_21931_10 (length 188)
P002_WB02/P002_WB02:k141_21931_11 (length 393)
P002_WB02/P002_WB02:k141_21931_12 (length 90)
P002_WB02/P002_WB02:k141_21931_13 (length 1494)
P002_WB02/P002_WB02:k141_65167 (length 1051)
P002_WB02/P002_WB02:k141_15346 (length 1784)
P002_WB02/P002_WB02:k141_15346_1 (length 129)
P002_WB02/P002_WB02:k141_8678 (length 2780)
P002_WB02/P002_WB02:k141_16036 (length 25856)
P002_WB02/P002_WB02:k141_16036_1 (length 71)
P002_WB02/P002_WB02:k141_16036_2 (length 82)
P002_WB02/P002_WB02:k141_16036_3 (length 30)
P002_WB02/P002_WB02:k141_16036_4 (length 68)
P002_WB02/P002_WB02:k141_16036_5 (length 112)
P002_WB02/P002_WB02:k141_16036_6 (length 155)
P002_WB02/P002_WB02:k141_16036_7 (length 264)
P002_WB02/P002_WB02:k141_16036_8 (length 260)
P002_WB02/P002_WB02:k141_16036_9 (length 63)
P002_WB02/P002_WB02:k141_16036_10 (length 68)
P002_WB02/P002_WB02:k141_16036_11 (length 50)
P002_WB02/P002_WB02:k141_16036_12 (length 93)
P002_WB02/P002_WB02:k141_16036_13 (length 2296)
P002_WB02/P002_WB02:k141_16036_14 (length 93)
P002_WB02/P002_WB02:k141_16036_15 (length 133)
P002_WB02/P002_WB02:k141_16036_16 (length 165)
P002_WB02/P002_WB02:k141_2132 (length 1061)
P002_WB02/P002_WB02:k141_2132_1 (length 95)
P002_WB02/P002_WB02:k141_2132_2 (length 149)
P002_WB02/P002_WB02:k141_13099 (length 85312)
P002_WB02/P002_WB02:k141_13099_1 (length 353)
P002_WB02/P002_WB02:k141_13099_2 (length 509)
P002_WB02/P002_WB02:k141_13099_3 (length 48)
P002_WB02/P002_WB02:k141_13099_4 (length 51)
P002_WB02/P002_WB02:k141_13099_5 (length 62)
P002_WB02/P002_WB02:k141_13099_6 (length 36)
P002_WB02/P002_WB02:k141_13099_7 (length 46)
P002_WB02/P002_WB02:k141_13099_8 (length 507)
P002_WB02/P002_WB02:k141_13099_9 (length 124)
P002_WB02/P002_WB02:k141_13099_10 (length 56)
P002_WB02/P002_WB02:k141_13099_11 (length 81)
P002_WB02/P002_WB02:k141_13099_12 (length 247)
P002_WB02/P002_WB02:k141_13099_13 (length 223)
P002_WB02/P002_WB02:k141_13099_14 (length 1393)
P002_WB02/P002_WB02:k141_13099_15 (length 482)
P002_WB02/P002_WB02:k141_13099_16 (length 152)
P002_WB02/P002_WB02:k141_13099_17 (length 1070)
P002_WB02/P002_WB02:k141_13099_18 (length 29)
P002_WB02/P002_WB02:k141_13099_19 (length 353)
P002_WB02/P002_WB02:k141_13099_20 (length 461)
P002_WB02/P002_WB02:k141_13099_21 (length 92)
P002_WB02/P002_WB02:k141_13099_22 (length 734)
P002_WB02/P002_WB02:k141_13099_23 (length 750)
P002_WB02/P002_WB02:k141_13099_24 (length 82)
P002_WB02/P002_WB02:k141_13099_25 (length 201)
P002_WB02/P002_WB02:k141_13099_26 (length 158)
P002_WB02/P002_WB02:k141_13099_27 (length 222)
P002_WB02/P002_WB02:k141_13099_28 (length 120)
P002_WB02/P002_WB02:k141_13099_29 (length 37)
P002_WB02/P002_WB02:k141_13099_30 (length 133)
P002_WB02/P002_WB02:k141_13099_31 (length 498)
P002_WB02/P002_WB02:k141_13099_32 (length 498)
P002_WB02/P002_WB02:k141_13099_33 (length 494)
P002_WB02/P002_WB02:k141_13099_34 (length 36)
P002_WB02/P002_WB02:k141_13099_35 (length 184)
P002_WB02/P002_WB02:k141_13099_36 (length 226)
P002_WB02/P002_WB02:k141_13099_37 (length 320)
P002_WB02/P002_WB02:k141_13099_38 (length 40)
P002_WB02/P002_WB02:k141_13099_39 (length 39)
P002_WB02/P002_WB02:k141_13099_40 (length 83)
P002_WB02/P002_WB02:k141_13099_41 (length 44)
P002_WB02/P002_WB02:k141_13099_42 (length 66)
P002_WB02/P002_WB02:k141_13099_43 (length 101)
P002_WB02/P002_WB02:k141_13099_44 (length 117)
P002_WB02/P002_WB02:k141_13099_45 (length 73)
P002_WB02/P002_WB02:k141_13099_46 (length 54)
P002_WB02/P002_WB02:k141_13099_47 (length 74)
P002_WB02/P002_WB02:k141_13099_48 (length 508)
P002_WB02/P002_WB02:k141_13099_49 (length 77)
P002_WB02/P002_WB02:k141_13099_50 (length 162)
P002_WB02/P002_WB02:k141_13099_51 (length 174)
P002_WB02/P002_WB02:k141_13099_52 (length 335)
P002_WB02/P002_WB02:k141_13099_53 (length 138)
P002_WB02/P002_WB02:k141_13099_54 (length 75)
P002_WB02/P002_WB02:k141_13099_55 (length 134)
P002_WB02/P002_WB02:k141_13099_56 (length 122)
P002_WB02/P002_WB02:k141_13099_57 (length 119)
P002_WB02/P002_WB02:k141_13099_58 (length 218)
P002_WB02/P002_WB02:k141_13099_59 (length 145)
P002_WB02/P002_WB02:k141_13099_60 (length 92)
P002_WB02/P002_WB02:k141_13312 (length 1245)

FATAL: DiscRep_ALL:RRNA_NAME_CONFLICTS::6 rRNA product names are not standard. Correct the names to the standard format, eg "16S ribosomal RNA"
P002_WB02/P002_WB02:rRNA	16S ribosomal RNA (partial)	k141_46740:c938-2	P002_WB02_00001
P002_WB02/P002_WB02:rRNA	23S ribosomal RNA (partial)	k141_29161:c1188-4	P002_WB02_00002
P002_WB02/P002_WB02:rRNA	16S ribosomal RNA (partial)	k141_65167:5-952	P002_WB02_00017
P002_WB02/P002_WB02:rRNA	5S ribosomal RNA (partial)	k141_8678:c505-418	P002_WB02_00020
P002_WB02/P002_WB02:rRNA	23S ribosomal RNA (partial)	k141_8678:c2778-681	P002_WB02_00021
P002_WB02/P002_WB02:rRNA	23S ribosomal RNA (partial)	k141_13312:c1245-2	P002_WB02_00125

DiscRep_ALL:DISC_INCONSISTENT_MOLINFO_TECH::Molinfo Technique Report (some missing, all same)
DiscRep_SUB:DISC_INCONSISTENT_MOLINFO_TECH::technique (all missing)
DiscRep_SUB:DISC_INCONSISTENT_MOLINFO_TECH::10 Molinfos are missing field technique
P002_WB02/P002_WB02:k141_2132 (length 1061)
P002_WB02/P002_WB02:k141_8678 (length 2780)
P002_WB02/P002_WB02:k141_13099 (length 85312)
P002_WB02/P002_WB02:k141_13312 (length 1245)
P002_WB02/P002_WB02:k141_15346 (length 1784)
P002_WB02/P002_WB02:k141_16036 (length 25856)
P002_WB02/P002_WB02:k141_21931 (length 17902)
P002_WB02/P002_WB02:k141_29161 (length 1190)
P002_WB02/P002_WB02:k141_46740 (length 1259)
P002_WB02/P002_WB02:k141_65167 (length 1051)

