[17:13:54] This is prokka 1.14.5
[17:13:54] Written by Torsten Seemann <torsten.seemann@gmail.com>
[17:13:54] Homepage is https://github.com/tseemann/prokka
[17:13:54] Local time is Fri Nov 26 17:13:54 2021
[17:13:54] You are ruud
[17:13:54] Operating system is linux
[17:13:54] You have BioPerl 1.7.8
[17:13:54] System has 40 cores.
[17:13:54] Will use maximum of 40 cores.
[17:13:54] Annotating as >>> Bacteria <<<
[17:13:54] Creating new output folder: P003_WG09
[17:13:54] Running: mkdir -p P003_WG09
[17:13:54] Using filename prefix: P003_WG09.XXX
[17:13:54] Setting HMMER_NCPU=1
[17:13:54] Writing log to: P003_WG09/P003_WG09.log
[17:13:54] Command: /usr/local/packages/prokka-1.14.5/bin/prokka --cpus 40 --prefix P003_WG09 --Kingdom Bacteria --locustag P003_WG09 --proteins vaccinium.gb ../02_Blast/chloroplast_contigs_rapid_genomics_run2/P003_WG09_chloroplast_contigs.fa
[17:13:54] Appending to PATH: /home/local/packages/prokka-1.14.5/bin/../binaries/linux
[17:13:54] Appending to PATH: /home/local/packages/prokka-1.14.5/bin/../binaries/linux/../common
[17:13:54] Appending to PATH: /home/local/packages/prokka-1.14.5/bin
[17:13:54] Looking for 'aragorn' - found /usr/local/packages/Anaconda3-2019.10/bin/aragorn
[17:13:54] Determined aragorn version is 001002 from 'ARAGORN v1.2.38 Dean Laslett'
[17:13:54] Looking for 'barrnap' - found /usr/local/packages/Anaconda3-2019.10/bin/barrnap
[17:13:54] Determined barrnap version is 000009 from 'barrnap 0.9'
[17:13:54] Looking for 'blastp' - found /usr/local/packages/Anaconda3-2019.10/bin/blastp
[17:13:55] Determined blastp version is 002011 from 'blastp: 2.11.0+'
[17:13:55] Looking for 'cmpress' - found /usr/local/packages/Anaconda3-2019.10/bin/cmpress
[17:13:55] Determined cmpress version is 001001 from '# INFERNAL 1.1.2 (July 2016)'
[17:13:55] Looking for 'cmscan' - found /usr/local/packages/Anaconda3-2019.10/bin/cmscan
[17:13:55] Determined cmscan version is 001001 from '# INFERNAL 1.1.2 (July 2016)'
[17:13:55] Looking for 'egrep' - found /bin/egrep
[17:13:55] Looking for 'find' - found /bin/find
[17:13:55] Looking for 'grep' - found /bin/grep
[17:13:55] Looking for 'hmmpress' - found /usr/local/packages/Anaconda3-2019.10/bin/hmmpress
[17:13:55] Determined hmmpress version is 003003 from '# HMMER 3.3.2 (Nov 2020); http://hmmer.org/'
[17:13:55] Looking for 'hmmscan' - found /usr/local/packages/Anaconda3-2019.10/bin/hmmscan
[17:13:55] Determined hmmscan version is 003003 from '# HMMER 3.3.2 (Nov 2020); http://hmmer.org/'
[17:13:55] Looking for 'java' - found /usr/local/packages/jdk1.8.0_191/bin/java
[17:13:55] Looking for 'makeblastdb' - found /usr/local/packages/Anaconda3-2019.10/bin/makeblastdb
[17:13:56] Determined makeblastdb version is 002011 from 'makeblastdb: 2.11.0+'
[17:13:56] Looking for 'minced' - found /usr/local/packages/Anaconda3-2019.10/bin/minced
[17:13:56] Determined minced version is 004002 from 'minced 0.4.2'
[17:13:56] Looking for 'parallel' - found /usr/local/packages/Anaconda3-2019.10/bin/parallel
[17:13:56] Determined parallel version is 20210822 from 'GNU parallel 20210822'
[17:13:56] Looking for 'prodigal' - found /usr/local/packages/Anaconda3-2019.10/bin/prodigal
[17:13:56] Determined prodigal version is 002006 from 'Prodigal V2.6.3: February, 2016'
[17:13:56] Looking for 'prokka-genbank_to_fasta_db' - found /usr/local/packages/prokka-1.14.5/bin/prokka-genbank_to_fasta_db
[17:13:56] Looking for 'sed' - found /bin/sed
[17:13:56] Looking for 'tbl2asn' - found /usr/local/packages/Anaconda3-2019.10/bin/tbl2asn
[17:13:56] Determined tbl2asn version is 025008 from 'tbl2asn 25.8   arguments:'
[17:13:56] Using genetic code table 11.
[17:13:56] Loading and checking input file: ../02_Blast/chloroplast_contigs_rapid_genomics_run2/P003_WG09_chloroplast_contigs.fa
[17:13:56] Wrote 5 contigs totalling 114811 bp.
[17:13:56] Predicting tRNAs and tmRNAs
[17:13:56] Running: aragorn -l -gc11  -w P003_WG09\/P003_WG09\.fna
[17:13:56] 1 tRNA-Gln c[6469,6540] 33 (ttg)
[17:13:56] 2 tRNA-Ser c[7703,7791] 35 (gct)
[17:13:56] 3 tRNA-Ser c[11264,11351] 35 (tga)
[17:13:56] 4 tRNA-Gly [12170,12241] 33 (gcc)
[17:13:56] 5 tRNA-Met c[12738,12813] 36 (cat)
[17:13:56] 6 tRNA-Thr [14691,14764] 34 (ggt)
[17:13:56] 7 tRNA-Glu [15297,15371] 36 (ttc)
[17:13:56] 8 tRNA-Tyr [15431,15516] 36 (gta)
[17:13:56] 9 tRNA-Asp [15865,15938] 35 (gtc)
[17:13:56] 10 tRNA-Cys c[18019,18089] 33 (gca)
[17:13:56] 11 tRNA-Arg c[35585,35656] 34 (tct)
[17:13:56] 12 tRNA-Ser [44246,44332] 35 (gga)
[17:13:56] 13 tRNA-Thr c[45512,45586] 35 (tgt)
[17:13:56] 14 tRNA-Phe [47463,47535] 34 (gaa)
[17:13:56] 15 tRNA-Met [51444,51518] 35 (cat)
[17:13:56] 1 tRNA-Met c[319,393] 34 (cat)
[17:13:56] 2 tRNA-Leu c[2832,2914] 35 (caa)
[17:13:56] 3 tRNA-Val [9040,9111] 33 (gac)
[17:13:56] 4 tRNA-Arg [16772,16846] 35 (acg)
[17:13:56] 5 tRNA-Asn c[17104,17177] 34 (gtt)
[17:13:56] 1 tRNA-His c[1704,1778] 35 (gtg)
[17:13:56] 1 tRNA-Leu c[8643,8722] 35 (tag)
[17:13:56] 1 tRNA-Trp c[7614,7687] 35 (cca)
[17:13:56] 2 tRNA-Pro c[7826,7901] 35 (tgg)
[17:13:56] Found 24 tRNAs
[17:13:56] Predicting Ribosomal RNAs
[17:13:56] Running Barrnap with 40 threads
[17:13:57] 1 k141_39228 9346 16S ribosomal RNA
[17:13:57] 2 k141_39228 13120 23S ribosomal RNA
[17:13:57] Found 2 rRNAs
[17:13:57] Skipping ncRNA search, enable with --rfam if desired.
[17:13:57] Total of 26 tRNA + rRNA features
[17:13:57] Searching for CRISPR repeats
[17:13:57] Found 0 CRISPRs
[17:13:57] Predicting coding sequences
[17:13:57] Contigs total 114811 bp, so using single mode
[17:13:57] Running: prodigal -i P003_WG09\/P003_WG09\.fna -c -m -g 11 -p single -f sco -q
[17:13:58] Excluding CDS which overlaps existing RNA (tRNA) at k141_123820:12539..12796 on - strand
[17:13:58] Excluding CDS which overlaps existing RNA (tRNA) at k141_123820:17877..18164 on + strand
[17:13:58] Excluding CDS which overlaps existing RNA (tRNA) at k141_39228:2684..2899 on - strand
[17:13:58] Excluding CDS which overlaps existing RNA (tRNA) at k141_39228:2907..3056 on - strand
[17:13:58] Excluding CDS which overlaps existing RNA (rRNA) at k141_39228:10286..10414 on + strand
[17:13:58] Excluding CDS which overlaps existing RNA (rRNA) at k141_39228:12943..13308 on + strand
[17:13:58] Excluding CDS which overlaps existing RNA (rRNA) at k141_39228:13556..13723 on - strand
[17:13:58] Excluding CDS which overlaps existing RNA (rRNA) at k141_39228:14284..14490 on + strand
[17:13:58] Excluding CDS which overlaps existing RNA (rRNA) at k141_39228:14986..15234 on - strand
[17:13:58] Excluding CDS which overlaps existing RNA (rRNA) at k141_39228:15651..15827 on - strand
[17:13:58] Excluding CDS which overlaps existing RNA (tRNA) at k141_40347:1702..1839 on + strand
[17:13:58] Found 105 CDS
[17:13:58] Connecting features back to sequences
[17:13:58] Not using genus-specific database. Try --usegenus to enable it.
[17:13:58] Preparing user-supplied primary BLAST annotation source: vaccinium.gb
[17:13:58] Guessed source was in genbank format.
[17:13:58] Converting genbank 'vaccinium.gb' into Prokka FASTA 'P003_WG09/proteins.faa'
[17:13:58] Running: prokka-genbank_to_fasta_db --format genbank vaccinium\.gb > P003_WG09\/proteins\.faa 2> /dev/null
[17:13:58] Running: makeblastdb -dbtype prot -in P003_WG09\/proteins\.faa -out P003_WG09\/proteins -logfile /dev/null
[17:13:59] Using /inference source as 'vaccinium.gb'
[17:13:59] Annotating CDS, please be patient.
[17:13:59] Will use 40 CPUs for similarity searching.
[17:13:59] There are still 105 unannotated CDS left (started with 105)
[17:13:59] Will use blast to search against P003_WG09/proteins with 40 CPUs
[17:13:59] Running: cat P003_WG09\/P003_WG09\.proteins\.tmp\.2001\.faa | parallel --gnu --plain -j 40 --block 260 --recstart '>' --pipe blastp -query - -db P003_WG09/proteins -evalue 1e-09 -qcov_hsp_perc 80 -num_threads 1 -num_descriptions 1 -num_alignments 1 -seg no > P003_WG09\/P003_WG09\.proteins\.tmp\.2001\.blast 2> /dev/null
[17:14:00] Deleting unwanted file: P003_WG09/P003_WG09.proteins.tmp.2001.faa
[17:14:00] Deleting unwanted file: P003_WG09/P003_WG09.proteins.tmp.2001.blast
[17:14:00] There are still 45 unannotated CDS left (started with 105)
[17:14:00] Will use blast to search against /home/local/packages/prokka-1.14.5/db/kingdom/Bacteria/IS with 40 CPUs
[17:14:00] Running: cat P003_WG09\/P003_WG09\.IS\.tmp\.2001\.faa | parallel --gnu --plain -j 40 --block 68 --recstart '>' --pipe blastp -query - -db /home/local/packages/prokka-1.14.5/db/kingdom/Bacteria/IS -evalue 1e-30 -qcov_hsp_perc 90 -num_threads 1 -num_descriptions 1 -num_alignments 1 -seg no > P003_WG09\/P003_WG09\.IS\.tmp\.2001\.blast 2> /dev/null
[17:14:02] Deleting unwanted file: P003_WG09/P003_WG09.IS.tmp.2001.faa
[17:14:02] Deleting unwanted file: P003_WG09/P003_WG09.IS.tmp.2001.blast
[17:14:02] There are still 45 unannotated CDS left (started with 105)
[17:14:02] Will use blast to search against /home/local/packages/prokka-1.14.5/db/kingdom/Bacteria/AMR with 40 CPUs
[17:14:02] Running: cat P003_WG09\/P003_WG09\.AMR\.tmp\.2001\.faa | parallel --gnu --plain -j 40 --block 68 --recstart '>' --pipe blastp -query - -db /home/local/packages/prokka-1.14.5/db/kingdom/Bacteria/AMR -evalue 1e-300 -qcov_hsp_perc 90 -num_threads 1 -num_descriptions 1 -num_alignments 1 -seg no > P003_WG09\/P003_WG09\.AMR\.tmp\.2001\.blast 2> /dev/null
[17:14:03] Deleting unwanted file: P003_WG09/P003_WG09.AMR.tmp.2001.faa
[17:14:03] Deleting unwanted file: P003_WG09/P003_WG09.AMR.tmp.2001.blast
[17:14:03] There are still 45 unannotated CDS left (started with 105)
[17:14:03] Will use blast to search against /home/local/packages/prokka-1.14.5/db/kingdom/Bacteria/sprot with 40 CPUs
[17:14:03] Running: cat P003_WG09\/P003_WG09\.sprot\.tmp\.2001\.faa | parallel --gnu --plain -j 40 --block 68 --recstart '>' --pipe blastp -query - -db /home/local/packages/prokka-1.14.5/db/kingdom/Bacteria/sprot -evalue 1e-09 -qcov_hsp_perc 80 -num_threads 1 -num_descriptions 1 -num_alignments 1 -seg no > P003_WG09\/P003_WG09\.sprot\.tmp\.2001\.blast 2> /dev/null
[17:14:05] Deleting unwanted file: P003_WG09/P003_WG09.sprot.tmp.2001.faa
[17:14:05] Deleting unwanted file: P003_WG09/P003_WG09.sprot.tmp.2001.blast
[17:14:05] There are still 43 unannotated CDS left (started with 105)
[17:14:05] Will use hmmer3 to search against /home/local/packages/prokka-1.14.5/db/hmm/HAMAP.hmm with 40 CPUs
[17:14:05] Running: cat P003_WG09\/P003_WG09\.HAMAP\.hmm\.tmp\.2001\.faa | parallel --gnu --plain -j 40 --block 61 --recstart '>' --pipe hmmscan --noali --notextw --acc -E 1e-09 --cpu 1 /home/local/packages/prokka-1.14.5/db/hmm/HAMAP.hmm /dev/stdin > P003_WG09\/P003_WG09\.HAMAP\.hmm\.tmp\.2001\.hmmer3 2> /dev/null
[17:14:07] Deleting unwanted file: P003_WG09/P003_WG09.HAMAP.hmm.tmp.2001.faa
[17:14:07] Deleting unwanted file: P003_WG09/P003_WG09.HAMAP.hmm.tmp.2001.hmmer3
[17:14:07] Deleting unwanted file: P003_WG09/proteins.psq
[17:14:07] Deleting unwanted file: P003_WG09/proteins.phr
[17:14:07] Deleting unwanted file: P003_WG09/proteins.pin
[17:14:07] Labelling remaining 38 proteins as 'hypothetical protein'
[17:14:07] Possible /pseudo 'NADH-plastoquinone oxidoreductase subunit 1' at k141_119877 position 2837
[17:14:07] Found 62 unique /gene codes.
[17:14:07] Fixed 2 duplicate /gene - ndhA_1 ndhA_2
[17:14:07] Fixed 2 duplicate /gene - atpF_1 atpF_2
[17:14:07] Fixed 2 duplicate /gene - ndhB_1 ndhB_2
[17:14:07] Fixed 2 duplicate /gene - rpl2_1 rpl2_2
[17:14:07] Fixed 2 duplicate /gene - ndhH_1 ndhH_2
[17:14:07] Fixed 5 colliding /gene names.
[17:14:07] Adding /locus_tag identifiers
[17:14:07] Assigned 131 locus_tags to CDS and RNA features.
[17:14:07] Writing outputs to P003_WG09/
[17:14:07] Generating annotation statistics file
[17:14:07] Generating Genbank and Sequin files
[17:14:07] Running: tbl2asn -V b -a r10k -l paired-ends -M n -N 1 -y 'Annotated using prokka 1.14.5 from https://github.com/tseemann/prokka' -Z P003_WG09\/P003_WG09\.err -i P003_WG09\/P003_WG09\.fsa 2> /dev/null
[17:14:07] Deleting unwanted file: P003_WG09/errorsummary.val
[17:14:07] Deleting unwanted file: P003_WG09/P003_WG09.dr
[17:14:07] Deleting unwanted file: P003_WG09/P003_WG09.fixedproducts
[17:14:07] Deleting unwanted file: P003_WG09/P003_WG09.ecn
[17:14:07] Deleting unwanted file: P003_WG09/P003_WG09.val
[17:14:07] Repairing broken .GBK output that tbl2asn produces...
[17:14:07] Running: sed 's/COORDINATES: profile/COORDINATES:profile/' < P003_WG09\/P003_WG09\.gbf > P003_WG09\/P003_WG09\.gbk
[17:14:07] Deleting unwanted file: P003_WG09/P003_WG09.gbf
[17:14:07] Output files:
[17:14:07] P003_WG09/P003_WG09.gbk
[17:14:07] P003_WG09/P003_WG09.tsv
[17:14:07] P003_WG09/P003_WG09.sqn
[17:14:07] P003_WG09/P003_WG09.err
[17:14:07] P003_WG09/P003_WG09.gff
[17:14:07] P003_WG09/P003_WG09.faa
[17:14:07] P003_WG09/P003_WG09.fsa
[17:14:07] P003_WG09/P003_WG09.txt
[17:14:07] P003_WG09/P003_WG09.fna
[17:14:07] P003_WG09/P003_WG09.log
[17:14:07] P003_WG09/P003_WG09.tbl
[17:14:07] P003_WG09/P003_WG09.ffn
[17:14:07] Annotation finished successfully.
[17:14:07] Walltime used: 0.22 minutes
[17:14:07] If you use this result please cite the Prokka paper:
[17:14:07] Seemann T (2014) Prokka: rapid prokaryotic genome annotation. Bioinformatics. 30(14):2068-9.
[17:14:07] Type 'prokka --citation' for more details.
[17:14:07] Share and enjoy!
