[17:17:36] This is prokka 1.14.5
[17:17:36] Written by Torsten Seemann <torsten.seemann@gmail.com>
[17:17:36] Homepage is https://github.com/tseemann/prokka
[17:17:36] Local time is Fri Nov 26 17:17:36 2021
[17:17:36] You are ruud
[17:17:36] Operating system is linux
[17:17:36] You have BioPerl 1.7.8
[17:17:36] System has 40 cores.
[17:17:36] Will use maximum of 40 cores.
[17:17:36] Annotating as >>> Bacteria <<<
[17:17:36] Creating new output folder: P003_WH12
[17:17:36] Running: mkdir -p P003_WH12
[17:17:36] Using filename prefix: P003_WH12.XXX
[17:17:36] Setting HMMER_NCPU=1
[17:17:36] Writing log to: P003_WH12/P003_WH12.log
[17:17:36] Command: /usr/local/packages/prokka-1.14.5/bin/prokka --cpus 40 --prefix P003_WH12 --Kingdom Bacteria --locustag P003_WH12 --proteins vaccinium.gb ../02_Blast/chloroplast_contigs_rapid_genomics_run2/P003_WH12_chloroplast_contigs.fa
[17:17:36] Appending to PATH: /home/local/packages/prokka-1.14.5/bin/../binaries/linux
[17:17:36] Appending to PATH: /home/local/packages/prokka-1.14.5/bin/../binaries/linux/../common
[17:17:36] Appending to PATH: /home/local/packages/prokka-1.14.5/bin
[17:17:36] Looking for 'aragorn' - found /usr/local/packages/Anaconda3-2019.10/bin/aragorn
[17:17:36] Determined aragorn version is 001002 from 'ARAGORN v1.2.38 Dean Laslett'
[17:17:36] Looking for 'barrnap' - found /usr/local/packages/Anaconda3-2019.10/bin/barrnap
[17:17:36] Determined barrnap version is 000009 from 'barrnap 0.9'
[17:17:36] Looking for 'blastp' - found /usr/local/packages/Anaconda3-2019.10/bin/blastp
[17:17:37] Determined blastp version is 002011 from 'blastp: 2.11.0+'
[17:17:37] Looking for 'cmpress' - found /usr/local/packages/Anaconda3-2019.10/bin/cmpress
[17:17:37] Determined cmpress version is 001001 from '# INFERNAL 1.1.2 (July 2016)'
[17:17:37] Looking for 'cmscan' - found /usr/local/packages/Anaconda3-2019.10/bin/cmscan
[17:17:37] Determined cmscan version is 001001 from '# INFERNAL 1.1.2 (July 2016)'
[17:17:37] Looking for 'egrep' - found /bin/egrep
[17:17:37] Looking for 'find' - found /bin/find
[17:17:37] Looking for 'grep' - found /bin/grep
[17:17:37] Looking for 'hmmpress' - found /usr/local/packages/Anaconda3-2019.10/bin/hmmpress
[17:17:37] Determined hmmpress version is 003003 from '# HMMER 3.3.2 (Nov 2020); http://hmmer.org/'
[17:17:37] Looking for 'hmmscan' - found /usr/local/packages/Anaconda3-2019.10/bin/hmmscan
[17:17:37] Determined hmmscan version is 003003 from '# HMMER 3.3.2 (Nov 2020); http://hmmer.org/'
[17:17:37] Looking for 'java' - found /usr/local/packages/jdk1.8.0_191/bin/java
[17:17:37] Looking for 'makeblastdb' - found /usr/local/packages/Anaconda3-2019.10/bin/makeblastdb
[17:17:37] Determined makeblastdb version is 002011 from 'makeblastdb: 2.11.0+'
[17:17:37] Looking for 'minced' - found /usr/local/packages/Anaconda3-2019.10/bin/minced
[17:17:37] Determined minced version is 004002 from 'minced 0.4.2'
[17:17:37] Looking for 'parallel' - found /usr/local/packages/Anaconda3-2019.10/bin/parallel
[17:17:38] Determined parallel version is 20210822 from 'GNU parallel 20210822'
[17:17:38] Looking for 'prodigal' - found /usr/local/packages/Anaconda3-2019.10/bin/prodigal
[17:17:38] Determined prodigal version is 002006 from 'Prodigal V2.6.3: February, 2016'
[17:17:38] Looking for 'prokka-genbank_to_fasta_db' - found /usr/local/packages/prokka-1.14.5/bin/prokka-genbank_to_fasta_db
[17:17:38] Looking for 'sed' - found /bin/sed
[17:17:38] Looking for 'tbl2asn' - found /usr/local/packages/Anaconda3-2019.10/bin/tbl2asn
[17:17:38] Determined tbl2asn version is 025008 from 'tbl2asn 25.8   arguments:'
[17:17:38] Using genetic code table 11.
[17:17:38] Loading and checking input file: ../02_Blast/chloroplast_contigs_rapid_genomics_run2/P003_WH12_chloroplast_contigs.fa
[17:17:38] Wrote 29 contigs totalling 154751 bp.
[17:17:38] Predicting tRNAs and tmRNAs
[17:17:38] Running: aragorn -l -gc11  -w P003_WH12\/P003_WH12\.fna
[17:17:38] 1 tRNA-Ser c[2987,3072] 35 (gct)
[17:17:38] 1 tRNA-Cys [2091,2161] 33 (gca)
[17:17:38] 2 tRNA-Asp c[4278,4353] 36 (gtc)
[17:17:38] 3 tRNA-Tyr c[4727,4810] 35 (gta)
[17:17:38] 4 tRNA-Glu c[4922,4993] 34 (ttc)
[17:17:38] 5 tRNA-Ser c[9940,10027] 35 (tga)
[17:17:38] 6 tRNA-Gly [10795,10866] 33 (gcc)
[17:17:38] 7 tRNA-Met c[11002,11079] 36 (cat)
[17:17:38] 1 tRNA-Pro [4658,4733] 35 (tgg)
[17:17:38] 2 tRNA-Trp [4847,4920] 35 (cca)
[17:17:38] 3 tRNA-Gln c[13875,13948] 33 (ttg)
[17:17:38] 1 tRNA-Ser c[6655,6741] 35 (gga)
[17:17:38] 1 tRNA-Leu [1011,1091] 35 (tag)
[17:17:38] 1 tRNA-Thr [1262,1336] 35 (tgt)
[17:17:38] 2 tRNA-Leu c[2032,2114] 35 (caa)
[17:17:38] 1 tRNA-Val c[158,229] 33 (gac)
[17:17:38] 2 tRNA-Met c[4647,4721] 35 (cat)
[17:17:38] 3 tRNA-Phe c[8423,8495] 34 (gaa)
[17:17:38] 4 tRNA-Thr [9920,9994] 35 (agt)
[17:17:38] 1 tRNA-Met [1036,1110] 34 (cat)
[17:17:38] 2 tRNA-His c[3498,3572] 35 (gtg)
[17:17:38] 1 tRNA-Arg [324,398] 36 (acg)
[17:17:38] 2 tRNA-Asn [653,726] 34 (gtt)
[17:17:38] 1 tRNA-Arg [1850,1921] 34 (tct)
[17:17:38] Found 24 tRNAs
[17:17:38] Predicting Ribosomal RNAs
[17:17:38] Running Barrnap with 40 threads
[17:17:39] 1 k141_144665 208 16S ribosomal RNA
[17:17:39] 2 k141_144665 4117 23S ribosomal RNA
[17:17:39] 3 k141_185972 90 23S ribosomal RNA
[17:17:39] Found 3 rRNAs
[17:17:39] Skipping ncRNA search, enable with --rfam if desired.
[17:17:39] Total of 27 tRNA + rRNA features
[17:17:39] Searching for CRISPR repeats
[17:17:40] Found 0 CRISPRs
[17:17:40] Predicting coding sequences
[17:17:40] Contigs total 154751 bp, so using single mode
[17:17:40] Running: prodigal -i P003_WH12\/P003_WH12\.fna -c -m -g 11 -p single -f sco -q
[17:17:40] Excluding CDS which overlaps existing RNA (tRNA) at k141_28468:10698..10943 on + strand
[17:17:40] Excluding CDS which overlaps existing RNA (rRNA) at k141_144665:252..488 on - strand
[17:17:40] Excluding CDS which overlaps existing RNA (rRNA) at k141_144665:660..1055 on - strand
[17:17:40] Excluding CDS which overlaps existing RNA (rRNA) at k141_144665:4045..4341 on + strand
[17:17:40] Excluding CDS which overlaps existing RNA (rRNA) at k141_144665:5376..5582 on + strand
[17:17:40] Excluding CDS which overlaps existing RNA (rRNA) at k141_144665:6659..6835 on - strand
[17:17:40] Excluding CDS which overlaps existing RNA (rRNA) at k141_144665:6978..7253 on - strand
[17:17:40] Excluding CDS which overlaps existing RNA (tRNA) at k141_42068:3496..3663 on + strand
[17:17:40] Excluding CDS which overlaps existing RNA (rRNA) at k141_185972:3157..3426 on - strand
[17:17:40] Found 124 CDS
[17:17:40] Connecting features back to sequences
[17:17:40] Not using genus-specific database. Try --usegenus to enable it.
[17:17:40] Preparing user-supplied primary BLAST annotation source: vaccinium.gb
[17:17:40] Guessed source was in genbank format.
[17:17:40] Converting genbank 'vaccinium.gb' into Prokka FASTA 'P003_WH12/proteins.faa'
[17:17:40] Running: prokka-genbank_to_fasta_db --format genbank vaccinium\.gb > P003_WH12\/proteins\.faa 2> /dev/null
[17:17:40] Running: makeblastdb -dbtype prot -in P003_WH12\/proteins\.faa -out P003_WH12\/proteins -logfile /dev/null
[17:17:41] Using /inference source as 'vaccinium.gb'
[17:17:41] Annotating CDS, please be patient.
[17:17:41] Will use 40 CPUs for similarity searching.
[17:17:41] There are still 124 unannotated CDS left (started with 124)
[17:17:41] Will use blast to search against P003_WH12/proteins with 40 CPUs
[17:17:41] Running: cat P003_WH12\/P003_WH12\.proteins\.tmp\.16178\.faa | parallel --gnu --plain -j 40 --block 295 --recstart '>' --pipe blastp -query - -db P003_WH12/proteins -evalue 1e-09 -qcov_hsp_perc 80 -num_threads 1 -num_descriptions 1 -num_alignments 1 -seg no > P003_WH12\/P003_WH12\.proteins\.tmp\.16178\.blast 2> /dev/null
[17:17:43] Deleting unwanted file: P003_WH12/P003_WH12.proteins.tmp.16178.faa
[17:17:43] Deleting unwanted file: P003_WH12/P003_WH12.proteins.tmp.16178.blast
[17:17:43] There are still 63 unannotated CDS left (started with 124)
[17:17:43] Will use blast to search against /home/local/packages/prokka-1.14.5/db/kingdom/Bacteria/IS with 40 CPUs
[17:17:43] Running: cat P003_WH12\/P003_WH12\.IS\.tmp\.16178\.faa | parallel --gnu --plain -j 40 --block 104 --recstart '>' --pipe blastp -query - -db /home/local/packages/prokka-1.14.5/db/kingdom/Bacteria/IS -evalue 1e-30 -qcov_hsp_perc 90 -num_threads 1 -num_descriptions 1 -num_alignments 1 -seg no > P003_WH12\/P003_WH12\.IS\.tmp\.16178\.blast 2> /dev/null
[17:17:44] Deleting unwanted file: P003_WH12/P003_WH12.IS.tmp.16178.faa
[17:17:44] Deleting unwanted file: P003_WH12/P003_WH12.IS.tmp.16178.blast
[17:17:44] There are still 63 unannotated CDS left (started with 124)
[17:17:44] Will use blast to search against /home/local/packages/prokka-1.14.5/db/kingdom/Bacteria/AMR with 40 CPUs
[17:17:44] Running: cat P003_WH12\/P003_WH12\.AMR\.tmp\.16178\.faa | parallel --gnu --plain -j 40 --block 104 --recstart '>' --pipe blastp -query - -db /home/local/packages/prokka-1.14.5/db/kingdom/Bacteria/AMR -evalue 1e-300 -qcov_hsp_perc 90 -num_threads 1 -num_descriptions 1 -num_alignments 1 -seg no > P003_WH12\/P003_WH12\.AMR\.tmp\.16178\.blast 2> /dev/null
[17:17:46] Deleting unwanted file: P003_WH12/P003_WH12.AMR.tmp.16178.faa
[17:17:46] Deleting unwanted file: P003_WH12/P003_WH12.AMR.tmp.16178.blast
[17:17:46] There are still 63 unannotated CDS left (started with 124)
[17:17:46] Will use blast to search against /home/local/packages/prokka-1.14.5/db/kingdom/Bacteria/sprot with 40 CPUs
[17:17:46] Running: cat P003_WH12\/P003_WH12\.sprot\.tmp\.16178\.faa | parallel --gnu --plain -j 40 --block 104 --recstart '>' --pipe blastp -query - -db /home/local/packages/prokka-1.14.5/db/kingdom/Bacteria/sprot -evalue 1e-09 -qcov_hsp_perc 80 -num_threads 1 -num_descriptions 1 -num_alignments 1 -seg no > P003_WH12\/P003_WH12\.sprot\.tmp\.16178\.blast 2> /dev/null
[17:17:48] Deleting unwanted file: P003_WH12/P003_WH12.sprot.tmp.16178.faa
[17:17:48] Deleting unwanted file: P003_WH12/P003_WH12.sprot.tmp.16178.blast
[17:17:48] There are still 56 unannotated CDS left (started with 124)
[17:17:48] Will use hmmer3 to search against /home/local/packages/prokka-1.14.5/db/hmm/HAMAP.hmm with 40 CPUs
[17:17:48] Running: cat P003_WH12\/P003_WH12\.HAMAP\.hmm\.tmp\.16178\.faa | parallel --gnu --plain -j 40 --block 91 --recstart '>' --pipe hmmscan --noali --notextw --acc -E 1e-09 --cpu 1 /home/local/packages/prokka-1.14.5/db/hmm/HAMAP.hmm /dev/stdin > P003_WH12\/P003_WH12\.HAMAP\.hmm\.tmp\.16178\.hmmer3 2> /dev/null
[17:17:50] Deleting unwanted file: P003_WH12/P003_WH12.HAMAP.hmm.tmp.16178.faa
[17:17:50] Deleting unwanted file: P003_WH12/P003_WH12.HAMAP.hmm.tmp.16178.hmmer3
[17:17:50] Deleting unwanted file: P003_WH12/proteins.psq
[17:17:50] Deleting unwanted file: P003_WH12/proteins.phr
[17:17:50] Deleting unwanted file: P003_WH12/proteins.pin
[17:17:50] Labelling remaining 49 proteins as 'hypothetical protein'
[17:17:50] Possible /pseudo 'RNA polymerase beta' subunit' at k141_104573 position 4672
[17:17:50] Possible /pseudo 'NADH-plastoquinone oxidoreductase subunit 2' at k141_97103 position 4082
[17:17:50] Possible /pseudo 'ribosomal protein L2' at k141_42068 position 3030
[17:17:50] Found 62 unique /gene codes.
[17:17:50] Fixed 2 duplicate /gene - rpoC1_1 rpoC1_2
[17:17:50] Fixed 2 duplicate /gene - rpl2_1 rpl2_2
[17:17:50] Fixed 3 duplicate /gene - accD_1 accD_2 accD_3
[17:17:50] Fixed 5 duplicate /gene - clpP_1 clpP_2 clpP_3 clpP_4 clpP_5
[17:17:50] Fixed 2 duplicate /gene - ndhA_1 ndhA_2
[17:17:50] Fixed 2 duplicate /gene - atpF_1 atpF_2
[17:17:50] Fixed 2 duplicate /gene - rpl16_1 rpl16_2
[17:17:50] Fixed 2 duplicate /gene - rpoA_1 rpoA_2
[17:17:50] Fixed 2 duplicate /gene - ndhB_1 ndhB_2
[17:17:50] Fixed 9 colliding /gene names.
[17:17:50] Adding /locus_tag identifiers
[17:17:50] Assigned 151 locus_tags to CDS and RNA features.
[17:17:50] Writing outputs to P003_WH12/
[17:17:50] Generating annotation statistics file
[17:17:50] Generating Genbank and Sequin files
[17:17:50] Running: tbl2asn -V b -a r10k -l paired-ends -M n -N 1 -y 'Annotated using prokka 1.14.5 from https://github.com/tseemann/prokka' -Z P003_WH12\/P003_WH12\.err -i P003_WH12\/P003_WH12\.fsa 2> /dev/null
[17:17:51] Deleting unwanted file: P003_WH12/errorsummary.val
[17:17:51] Deleting unwanted file: P003_WH12/P003_WH12.dr
[17:17:51] Deleting unwanted file: P003_WH12/P003_WH12.fixedproducts
[17:17:51] Deleting unwanted file: P003_WH12/P003_WH12.ecn
[17:17:51] Deleting unwanted file: P003_WH12/P003_WH12.val
[17:17:51] Repairing broken .GBK output that tbl2asn produces...
[17:17:51] Running: sed 's/COORDINATES: profile/COORDINATES:profile/' < P003_WH12\/P003_WH12\.gbf > P003_WH12\/P003_WH12\.gbk
[17:17:51] Deleting unwanted file: P003_WH12/P003_WH12.gbf
[17:17:51] Output files:
[17:17:51] P003_WH12/P003_WH12.ffn
[17:17:51] P003_WH12/P003_WH12.faa
[17:17:51] P003_WH12/P003_WH12.gbk
[17:17:51] P003_WH12/P003_WH12.fsa
[17:17:51] P003_WH12/P003_WH12.tbl
[17:17:51] P003_WH12/P003_WH12.err
[17:17:51] P003_WH12/P003_WH12.tsv
[17:17:51] P003_WH12/P003_WH12.gff
[17:17:51] P003_WH12/P003_WH12.sqn
[17:17:51] P003_WH12/P003_WH12.fna
[17:17:51] P003_WH12/P003_WH12.log
[17:17:51] P003_WH12/P003_WH12.txt
[17:17:51] Annotation finished successfully.
[17:17:51] Walltime used: 0.25 minutes
[17:17:51] If you use this result please cite the Prokka paper:
[17:17:51] Seemann T (2014) Prokka: rapid prokaryotic genome annotation. Bioinformatics. 30(14):2068-9.
[17:17:51] Type 'prokka --citation' for more details.
[17:17:51] Share and enjoy!
