Discrepancy Report Results

Summary
FATAL: MISSING_PROTEIN_ID:153 proteins have invalid IDs.
DISC_SOURCE_QUALS_ASNDISC:strain (all present, all same)
DISC_SOURCE_QUALS_ASNDISC:taxname (all present, all same)
DISC_FEATURE_COUNT:CDS: 153 present
DISC_FEATURE_COUNT:tRNA: 28 present
DISC_FEATURE_COUNT:rRNA: 2 present
DISC_COUNT_NUCLEOTIDES:47 nucleotide Bioseqs are present
FEATURE_LOCATION_CONFLICT:183 features have inconsistent gene locations.
SUSPECT_PRODUCT_NAMES:2 product_names contain suspect phrase or characters
	May contain database identifier more appropriate in note; remove from product name
		2 features contains three or more numbers together that may be identifiers more appropriate in note
NO_ANNOTATION:5 bioseqs have no features
DISC_QUALITY_SCORES:Quality scores are missing on all sequences.
ONCALLER_COMMENT_PRESENT:47 comment descriptors were found (all same)
SHORT_PROT_SEQUENCES:19 protein sequences are shorter than 50 aa.
MISSING_GENOMEASSEMBLY_COMMENTS:47 bioseqs are missing GenomeAssembly structured comments
MOLTYPE_NOT_MRNA:47 molecule types are not set as mRNA.
TECHNIQUE_NOT_TSA:47 technique are not set as TSA
MISSING_STRUCTURED_COMMENT:47 sequences do not include structured comments.
MISSING_PROJECT:200 sequences do not include project.
DISC_INCONSISTENT_MOLINFO_TECH:Molinfo Technique Report (some missing, all same)


Detailed Report

FATAL: DiscRep_ALL:MISSING_PROTEIN_ID::153 proteins have invalid IDs.
P003_WH02/P003_WH02:k141_38283_1 (length 165)
P003_WH02/P003_WH02:k141_38283_2 (length 38)
P003_WH02/P003_WH02:k141_38283_3 (length 133)
P003_WH02/P003_WH02:k141_38283_4 (length 93)
P003_WH02/P003_WH02:k141_38283_5 (length 2270)
P003_WH02/P003_WH02:k141_38283_6 (length 82)
P003_WH02/P003_WH02:k141_38283_7 (length 260)
P003_WH02/P003_WH02:k141_38283_8 (length 303)
P003_WH02/P003_WH02:k141_38283_9 (length 155)
P003_WH02/P003_WH02:k141_38283_10 (length 61)
P003_WH02/P003_WH02:k141_38283_11 (length 71)
P003_WH02/P003_WH02:k141_38283_12 (length 34)
P003_WH02/P003_WH02:k141_38283_13 (length 60)
P003_WH02/P003_WH02:k141_71761_1 (length 135)
P003_WH02/P003_WH02:k141_71761_2 (length 54)
P003_WH02/P003_WH02:k141_91406_1 (length 114)
P003_WH02/P003_WH02:k141_91406_2 (length 80)
P003_WH02/P003_WH02:k141_91406_3 (length 127)
P003_WH02/P003_WH02:k141_91406_4 (length 54)
P003_WH02/P003_WH02:k141_91406_5 (length 40)
P003_WH02/P003_WH02:k141_91406_6 (length 143)
P003_WH02/P003_WH02:k141_91563_1 (length 107)
P003_WH02/P003_WH02:k141_72448_1 (length 45)
P003_WH02/P003_WH02:k141_39142_1 (length 36)
P003_WH02/P003_WH02:k141_10694_1 (length 266)
P003_WH02/P003_WH02:k141_10694_2 (length 64)
P003_WH02/P003_WH02:k141_10694_3 (length 165)
P003_WH02/P003_WH02:k141_58255_1 (length 84)
P003_WH02/P003_WH02:k141_58255_2 (length 68)
P003_WH02/P003_WH02:k141_58255_3 (length 66)
P003_WH02/P003_WH02:k141_58255_4 (length 58)
P003_WH02/P003_WH02:k141_6095_1 (length 93)
P003_WH02/P003_WH02:k141_35120_1 (length 73)
P003_WH02/P003_WH02:k141_35120_2 (length 43)
P003_WH02/P003_WH02:k141_35120_3 (length 73)
P003_WH02/P003_WH02:k141_30576_1 (length 143)
P003_WH02/P003_WH02:k141_30576_2 (length 118)
P003_WH02/P003_WH02:k141_92637_1 (length 269)
P003_WH02/P003_WH02:k141_92637_2 (length 74)
P003_WH02/P003_WH02:k141_30664_1 (length 344)
P003_WH02/P003_WH02:k141_30664_2 (length 145)
P003_WH02/P003_WH02:k141_30664_3 (length 82)
P003_WH02/P003_WH02:k141_30664_4 (length 518)
P003_WH02/P003_WH02:k141_30664_5 (length 1385)
P003_WH02/P003_WH02:k141_30664_6 (length 236)
P003_WH02/P003_WH02:k141_30664_7 (length 247)
P003_WH02/P003_WH02:k141_30664_8 (length 81)
P003_WH02/P003_WH02:k141_30664_9 (length 56)
P003_WH02/P003_WH02:k141_30664_10 (length 124)
P003_WH02/P003_WH02:k141_30664_11 (length 507)
P003_WH02/P003_WH02:k141_30664_12 (length 110)
P003_WH02/P003_WH02:k141_30664_13 (length 36)
P003_WH02/P003_WH02:k141_30664_14 (length 62)
P003_WH02/P003_WH02:k141_30664_15 (length 510)
P003_WH02/P003_WH02:k141_16519_1 (length 133)
P003_WH02/P003_WH02:k141_16519_2 (length 89)
P003_WH02/P003_WH02:k141_49810_1 (length 208)
P003_WH02/P003_WH02:k141_49810_2 (length 74)
P003_WH02/P003_WH02:k141_88115_1 (length 383)
P003_WH02/P003_WH02:k141_88115_2 (length 62)
P003_WH02/P003_WH02:k141_88115_3 (length 67)
P003_WH02/P003_WH02:k141_78580_1 (length 247)
P003_WH02/P003_WH02:k141_45243_1 (length 40)
P003_WH02/P003_WH02:k141_45243_2 (length 320)
P003_WH02/P003_WH02:k141_45243_3 (length 228)
P003_WH02/P003_WH02:k141_45243_4 (length 184)
P003_WH02/P003_WH02:k141_45243_5 (length 490)
P003_WH02/P003_WH02:k141_45243_6 (length 477)
P003_WH02/P003_WH02:k141_45243_7 (length 498)
P003_WH02/P003_WH02:k141_45243_8 (length 133)
P003_WH02/P003_WH02:k141_45243_9 (length 40)
P003_WH02/P003_WH02:k141_12057_1 (length 83)
P003_WH02/P003_WH02:k141_12057_2 (length 99)
P003_WH02/P003_WH02:k141_12057_3 (length 173)
P003_WH02/P003_WH02:k141_12057_4 (length 39)
P003_WH02/P003_WH02:k141_12057_5 (length 165)
P003_WH02/P003_WH02:k141_31036_1 (length 176)
P003_WH02/P003_WH02:k141_59716_1 (length 353)
P003_WH02/P003_WH02:k141_64307_1 (length 34)
P003_WH02/P003_WH02:k141_2588_1 (length 64)
P003_WH02/P003_WH02:k141_2588_2 (length 73)
P003_WH02/P003_WH02:k141_93434_1 (length 334)
P003_WH02/P003_WH02:k141_45700_1 (length 157)
P003_WH02/P003_WH02:k141_64797_1 (length 240)
P003_WH02/P003_WH02:k141_74600_1 (length 178)
P003_WH02/P003_WH02:k141_93949_1 (length 75)
P003_WH02/P003_WH02:k141_89122_1 (length 92)
P003_WH02/P003_WH02:k141_89122_2 (length 154)
P003_WH02/P003_WH02:k141_89122_3 (length 220)
P003_WH02/P003_WH02:k141_89122_4 (length 59)
P003_WH02/P003_WH02:k141_89122_5 (length 74)
P003_WH02/P003_WH02:k141_89122_6 (length 119)
P003_WH02/P003_WH02:k141_89122_7 (length 122)
P003_WH02/P003_WH02:k141_89122_8 (length 134)
P003_WH02/P003_WH02:k141_89122_9 (length 77)
P003_WH02/P003_WH02:k141_89122_10 (length 84)
P003_WH02/P003_WH02:k141_89122_11 (length 138)
P003_WH02/P003_WH02:k141_89122_12 (length 273)
P003_WH02/P003_WH02:k141_89122_13 (length 174)
P003_WH02/P003_WH02:k141_89122_14 (length 162)
P003_WH02/P003_WH02:k141_89122_15 (length 73)
P003_WH02/P003_WH02:k141_89122_16 (length 61)
P003_WH02/P003_WH02:k141_89122_17 (length 508)
P003_WH02/P003_WH02:k141_89122_18 (length 129)
P003_WH02/P003_WH02:k141_89122_19 (length 72)
P003_WH02/P003_WH02:k141_89122_20 (length 127)
P003_WH02/P003_WH02:k141_89122_21 (length 128)
P003_WH02/P003_WH02:k141_89122_22 (length 101)
P003_WH02/P003_WH02:k141_89122_23 (length 66)
P003_WH02/P003_WH02:k141_89122_24 (length 44)
P003_WH02/P003_WH02:k141_89122_25 (length 83)
P003_WH02/P003_WH02:k141_89122_26 (length 39)
P003_WH02/P003_WH02:k141_65111_1 (length 202)
P003_WH02/P003_WH02:k141_65111_2 (length 69)
P003_WH02/P003_WH02:k141_65111_3 (length 36)
P003_WH02/P003_WH02:k141_84615_1 (length 154)
P003_WH02/P003_WH02:k141_13623_1 (length 40)
P003_WH02/P003_WH02:k141_13623_2 (length 120)
P003_WH02/P003_WH02:k141_13623_3 (length 246)
P003_WH02/P003_WH02:k141_13623_4 (length 158)
P003_WH02/P003_WH02:k141_13623_5 (length 50)
P003_WH02/P003_WH02:k141_13623_6 (length 201)
P003_WH02/P003_WH02:k141_13623_7 (length 40)
P003_WH02/P003_WH02:k141_8833_1 (length 353)
P003_WH02/P003_WH02:k141_42058_1 (length 400)
P003_WH02/P003_WH02:k141_42058_2 (length 87)
P003_WH02/P003_WH02:k141_46924_1 (length 82)
P003_WH02/P003_WH02:k141_46924_2 (length 93)
P003_WH02/P003_WH02:k141_46924_3 (length 750)
P003_WH02/P003_WH02:k141_42127_1 (length 151)
P003_WH02/P003_WH02:k141_65981_1 (length 251)
P003_WH02/P003_WH02:k141_90089_1 (length 52)
P003_WH02/P003_WH02:k141_90089_2 (length 50)
P003_WH02/P003_WH02:k141_23474_1 (length 31)
P003_WH02/P003_WH02:k141_23474_2 (length 78)
P003_WH02/P003_WH02:k141_95057_1 (length 745)
P003_WH02/P003_WH02:k141_95057_2 (length 73)
P003_WH02/P003_WH02:k141_95057_3 (length 319)
P003_WH02/P003_WH02:k141_95057_4 (length 39)
P003_WH02/P003_WH02:k141_95057_5 (length 464)
P003_WH02/P003_WH02:k141_95057_6 (length 81)
P003_WH02/P003_WH02:k141_95057_7 (length 101)
P003_WH02/P003_WH02:k141_95057_8 (length 176)
P003_WH02/P003_WH02:k141_95057_9 (length 171)
P003_WH02/P003_WH02:k141_95057_10 (length 135)
P003_WH02/P003_WH02:k141_95057_11 (length 188)
P003_WH02/P003_WH02:k141_95057_12 (length 403)
P003_WH02/P003_WH02:k141_95057_13 (length 90)
P003_WH02/P003_WH02:k141_95057_14 (length 1478)
P003_WH02/P003_WH02:k141_23802_1 (length 57)
P003_WH02/P003_WH02:k141_85581_1 (length 242)
P003_WH02/P003_WH02:k141_85581_2 (length 120)
P003_WH02/P003_WH02:k141_85581_3 (length 45)

DiscRep_ALL:DISC_SOURCE_QUALS_ASNDISC::strain (all present, all same)
DiscRep_SUB:DISC_SOURCE_QUALS_ASNDISC::47 sources have 'strain' for strain
DiscRep_ALL:DISC_SOURCE_QUALS_ASNDISC::taxname (all present, all same)
DiscRep_SUB:DISC_SOURCE_QUALS_ASNDISC::47 sources have 'Genus species' for taxname
DiscRep_ALL:DISC_FEATURE_COUNT::CDS: 153 present
DiscRep_ALL:DISC_FEATURE_COUNT::tRNA: 28 present
DiscRep_ALL:DISC_FEATURE_COUNT::rRNA: 2 present
DiscRep_ALL:DISC_COUNT_NUCLEOTIDES::47 nucleotide Bioseqs are present
P003_WH02/P003_WH02:k141_38283 (length 25731)
P003_WH02/P003_WH02:k141_71761 (length 2073)
P003_WH02/P003_WH02:k141_91406 (length 3375)
P003_WH02/P003_WH02:k141_91563 (length 1344)
P003_WH02/P003_WH02:k141_72448 (length 1070)
P003_WH02/P003_WH02:k141_39142 (length 1088)
P003_WH02/P003_WH02:k141_10694 (length 2353)
P003_WH02/P003_WH02:k141_58255 (length 7129)
P003_WH02/P003_WH02:k141_6095 (length 1603)
P003_WH02/P003_WH02:k141_77769 (length 1057)
P003_WH02/P003_WH02:k141_35120 (length 1521)
P003_WH02/P003_WH02:k141_30576 (length 2086)
P003_WH02/P003_WH02:k141_92637 (length 1239)
P003_WH02/P003_WH02:k141_30664 (length 23651)
P003_WH02/P003_WH02:k141_16519 (length 1156)
P003_WH02/P003_WH02:k141_49810 (length 2594)
P003_WH02/P003_WH02:k141_88115 (length 3324)
P003_WH02/P003_WH02:k141_78580 (length 1061)
P003_WH02/P003_WH02:k141_45243 (length 12564)
P003_WH02/P003_WH02:k141_12057 (length 2803)
P003_WH02/P003_WH02:k141_31036 (length 1469)
P003_WH02/P003_WH02:k141_83409 (length 1103)
P003_WH02/P003_WH02:k141_59716 (length 2590)
P003_WH02/P003_WH02:k141_64307 (length 1081)
P003_WH02/P003_WH02:k141_2588 (length 1091)
P003_WH02/P003_WH02:k141_93434 (length 1143)
P003_WH02/P003_WH02:k141_50385 (length 1068)
P003_WH02/P003_WH02:k141_45700 (length 1005)
P003_WH02/P003_WH02:k141_64797 (length 1326)
P003_WH02/P003_WH02:k141_74600 (length 1179)
P003_WH02/P003_WH02:k141_93949 (length 1102)
P003_WH02/P003_WH02:k141_84136 (length 1296)
P003_WH02/P003_WH02:k141_89122 (length 19526)
P003_WH02/P003_WH02:k141_65111 (length 2984)
P003_WH02/P003_WH02:k141_56255 (length 1769)
P003_WH02/P003_WH02:k141_84615 (length 1066)
P003_WH02/P003_WH02:k141_13623 (length 8468)
P003_WH02/P003_WH02:k141_8833 (length 1602)
P003_WH02/P003_WH02:k141_42058 (length 2348)
P003_WH02/P003_WH02:k141_46924 (length 5753)
P003_WH02/P003_WH02:k141_42127 (length 1538)
P003_WH02/P003_WH02:k141_65981 (length 1287)
P003_WH02/P003_WH02:k141_90089 (length 1055)
P003_WH02/P003_WH02:k141_23474 (length 1965)
P003_WH02/P003_WH02:k141_95057 (length 17650)
P003_WH02/P003_WH02:k141_23802 (length 1200)
P003_WH02/P003_WH02:k141_85581 (length 2715)

DiscRep_ALL:FEATURE_LOCATION_CONFLICT::183 features have inconsistent gene locations.
DiscRep_SUB:FEATURE_LOCATION_CONFLICT::Coding region xref gene does not exist
P003_WH02/P003_WH02:CDS	ribosomal protein L2	k141_38283:c619-122	P003_WH02_00001

DiscRep_SUB:FEATURE_LOCATION_CONFLICT::Coding region xref gene does not exist
P003_WH02/P003_WH02:CDS	hypothetical protein	k141_38283:c1027-911	P003_WH02_00002

DiscRep_SUB:FEATURE_LOCATION_CONFLICT::Coding region xref gene does not exist
P003_WH02/P003_WH02:CDS	ribosomal protein L2	k141_38283:c1614-1213	P003_WH02_00003

DiscRep_SUB:FEATURE_LOCATION_CONFLICT::Coding region xref gene does not exist
P003_WH02/P003_WH02:CDS	ribosomal protein L23	k141_38283:c1915-1634	P003_WH02_00004

DiscRep_SUB:FEATURE_LOCATION_CONFLICT::Coding region xref gene does not exist
P003_WH02/P003_WH02:CDS	hypothetical protein	k141_38283:2243-9055	P003_WH02_00006

DiscRep_SUB:FEATURE_LOCATION_CONFLICT::Coding region xref gene does not exist
P003_WH02/P003_WH02:CDS	hypothetical protein	k141_38283:9366-9614	P003_WH02_00007

DiscRep_SUB:FEATURE_LOCATION_CONFLICT::Coding region xref gene does not exist
P003_WH02/P003_WH02:CDS	NADH-plastoquinone oxidoreductase subunit 2	k141_38283:c11155-10373	P003_WH02_00009

DiscRep_SUB:FEATURE_LOCATION_CONFLICT::Coding region xref gene does not exist
P003_WH02/P003_WH02:CDS	NAD(P)H-quinone oxidoreductase subunit 2, chloroplastic	k141_38283:c12584-11673	P003_WH02_00010

DiscRep_SUB:FEATURE_LOCATION_CONFLICT::Coding region xref gene does not exist
P003_WH02/P003_WH02:CDS	ribosomal protein S7	k141_38283:c13322-12855	P003_WH02_00011

DiscRep_SUB:FEATURE_LOCATION_CONFLICT::Coding region xref gene does not exist
P003_WH02/P003_WH02:CDS	hypothetical protein	k141_38283:15382-15567	P003_WH02_00012

DiscRep_SUB:FEATURE_LOCATION_CONFLICT::Coding region xref gene does not exist
P003_WH02/P003_WH02:CDS	hypothetical protein	k141_38283:18540-18755	P003_WH02_00015

DiscRep_SUB:FEATURE_LOCATION_CONFLICT::Coding region xref gene does not exist
P003_WH02/P003_WH02:CDS	hypothetical protein	k141_38283:19051-19155	P003_WH02_00016

DiscRep_SUB:FEATURE_LOCATION_CONFLICT::Coding region xref gene does not exist
P003_WH02/P003_WH02:CDS	hypothetical protein	k141_38283:19145-19327	P003_WH02_00017

DiscRep_SUB:FEATURE_LOCATION_CONFLICT::RNA feature xref gene does not exist
P003_WH02/P003_WH02:tRNA	Met	k141_38283:c2154-2080	P003_WH02_00005

DiscRep_SUB:FEATURE_LOCATION_CONFLICT::RNA feature xref gene does not exist
P003_WH02/P003_WH02:tRNA	Leu	k141_38283:c9833-9751	P003_WH02_00008

DiscRep_SUB:FEATURE_LOCATION_CONFLICT::RNA feature xref gene does not exist
P003_WH02/P003_WH02:tRNA	Val	k141_38283:15715-15786	P003_WH02_00013

DiscRep_SUB:FEATURE_LOCATION_CONFLICT::RNA feature xref gene does not exist
P003_WH02/P003_WH02:rRNA	16S ribosomal RNA	k141_38283:16024-17510	P003_WH02_00014

DiscRep_SUB:FEATURE_LOCATION_CONFLICT::RNA feature xref gene does not exist
P003_WH02/P003_WH02:rRNA	23S ribosomal RNA	k141_38283:19949-22961	P003_WH02_00018

DiscRep_SUB:FEATURE_LOCATION_CONFLICT::RNA feature xref gene does not exist
P003_WH02/P003_WH02:tRNA	Arg	k141_38283:23591-23665	P003_WH02_00019

DiscRep_SUB:FEATURE_LOCATION_CONFLICT::RNA feature xref gene does not exist
P003_WH02/P003_WH02:tRNA	Asn	k141_38283:c24319-24246	P003_WH02_00020

DiscRep_SUB:FEATURE_LOCATION_CONFLICT::Coding region xref gene does not exist
P003_WH02/P003_WH02:CDS	NADH-plastoquinone oxidoreductase subunit 1	k141_71761:c875-468	P003_WH02_00021

DiscRep_SUB:FEATURE_LOCATION_CONFLICT::Coding region xref gene does not exist
P003_WH02/P003_WH02:CDS	hypothetical protein	k141_71761:1329-1493	P003_WH02_00022

DiscRep_SUB:FEATURE_LOCATION_CONFLICT::Coding region xref gene does not exist
P003_WH02/P003_WH02:CDS	hypothetical protein	k141_91406:107-451	P003_WH02_00023

DiscRep_SUB:FEATURE_LOCATION_CONFLICT::Coding region xref gene does not exist
P003_WH02/P003_WH02:CDS	hypothetical protein	k141_91406:586-828	P003_WH02_00024

DiscRep_SUB:FEATURE_LOCATION_CONFLICT::Coding region xref gene does not exist
P003_WH02/P003_WH02:CDS	hypothetical protein	k141_91406:825-1208	P003_WH02_00025

DiscRep_SUB:FEATURE_LOCATION_CONFLICT::Coding region xref gene does not exist
P003_WH02/P003_WH02:CDS	hypothetical protein	k141_91406:1747-1911	P003_WH02_00026

DiscRep_SUB:FEATURE_LOCATION_CONFLICT::Coding region xref gene does not exist
P003_WH02/P003_WH02:CDS	hypothetical protein	k141_91406:2161-2283	P003_WH02_00027

DiscRep_SUB:FEATURE_LOCATION_CONFLICT::Coding region xref gene does not exist
P003_WH02/P003_WH02:CDS	hypothetical protein	k141_91406:2357-2788	P003_WH02_00028

DiscRep_SUB:FEATURE_LOCATION_CONFLICT::Coding region xref gene does not exist
P003_WH02/P003_WH02:CDS	ATP-dependent Clp protease proteolytic subunit	k141_91563:447-770	P003_WH02_00029

DiscRep_SUB:FEATURE_LOCATION_CONFLICT::Coding region xref gene does not exist
P003_WH02/P003_WH02:CDS	hypothetical protein	k141_72448:c780-643	P003_WH02_00030

DiscRep_SUB:FEATURE_LOCATION_CONFLICT::Coding region xref gene does not exist
P003_WH02/P003_WH02:CDS	photosystem I subunit VIII	k141_39142:492-602	P003_WH02_00031

DiscRep_SUB:FEATURE_LOCATION_CONFLICT::Coding region xref gene does not exist
P003_WH02/P003_WH02:CDS	hypothetical protein	k141_10694:377-1177	P003_WH02_00032

DiscRep_SUB:FEATURE_LOCATION_CONFLICT::Coding region xref gene does not exist
P003_WH02/P003_WH02:CDS	hypothetical protein	k141_10694:c1329-1135	P003_WH02_00033

DiscRep_SUB:FEATURE_LOCATION_CONFLICT::Coding region xref gene does not exist
P003_WH02/P003_WH02:CDS	hypothetical protein	k141_10694:1369-1866	P003_WH02_00034

DiscRep_SUB:FEATURE_LOCATION_CONFLICT::Coding region xref gene does not exist
P003_WH02/P003_WH02:CDS	hypothetical protein	k141_58255:3013-3267	P003_WH02_00036

DiscRep_SUB:FEATURE_LOCATION_CONFLICT::Coding region xref gene does not exist
P003_WH02/P003_WH02:CDS	hypothetical protein	k141_58255:c3580-3374	P003_WH02_00037

DiscRep_SUB:FEATURE_LOCATION_CONFLICT::Coding region xref gene does not exist
P003_WH02/P003_WH02:CDS	hypothetical protein	k141_58255:4217-4417	P003_WH02_00038

DiscRep_SUB:FEATURE_LOCATION_CONFLICT::Coding region xref gene does not exist
P003_WH02/P003_WH02:CDS	hypothetical protein	k141_58255:5616-5792	P003_WH02_00042

DiscRep_SUB:FEATURE_LOCATION_CONFLICT::RNA feature xref gene does not exist
P003_WH02/P003_WH02:tRNA	Cys	k141_58255:2251-2321	P003_WH02_00035

DiscRep_SUB:FEATURE_LOCATION_CONFLICT::RNA feature xref gene does not exist
P003_WH02/P003_WH02:tRNA	Asp	k141_58255:c4929-4856	P003_WH02_00039

DiscRep_SUB:FEATURE_LOCATION_CONFLICT::RNA feature xref gene does not exist
P003_WH02/P003_WH02:tRNA	Tyr	k141_58255:c5127-5042	P003_WH02_00040

DiscRep_SUB:FEATURE_LOCATION_CONFLICT::RNA feature xref gene does not exist
P003_WH02/P003_WH02:tRNA	Glu	k141_58255:c5264-5192	P003_WH02_00041

DiscRep_SUB:FEATURE_LOCATION_CONFLICT::RNA feature xref gene does not exist
P003_WH02/P003_WH02:tRNA	Thr	k141_58255:5857-5930	P003_WH02_00043

DiscRep_SUB:FEATURE_LOCATION_CONFLICT::Coding region xref gene does not exist
P003_WH02/P003_WH02:CDS	hypothetical protein	k141_6095:205-486	P003_WH02_00044

DiscRep_SUB:FEATURE_LOCATION_CONFLICT::Coding region xref gene does not exist
P003_WH02/P003_WH02:CDS	photosystem II phosphoprotein	k141_35120:c592-371	P003_WH02_00045

DiscRep_SUB:FEATURE_LOCATION_CONFLICT::Coding region xref gene does not exist
P003_WH02/P003_WH02:CDS	photosystem II protein N	k141_35120:715-846	P003_WH02_00046

DiscRep_SUB:FEATURE_LOCATION_CONFLICT::Coding region xref gene does not exist
P003_WH02/P003_WH02:CDS	photosystem II CP47 chlorophyll apoprotein	k141_35120:c1430-1209	P003_WH02_00047

DiscRep_SUB:FEATURE_LOCATION_CONFLICT::Coding region xref gene does not exist
P003_WH02/P003_WH02:CDS	RNA polymerase beta' subunit	k141_30576:c1538-1107	P003_WH02_00048

DiscRep_SUB:FEATURE_LOCATION_CONFLICT::Coding region xref gene does not exist
P003_WH02/P003_WH02:CDS	RNA polymerase beta subunit	k141_30576:c1926-1570	P003_WH02_00049

DiscRep_SUB:FEATURE_LOCATION_CONFLICT::Coding region xref gene does not exist
P003_WH02/P003_WH02:CDS	hypothetical protein	k141_92637:220-1029	P003_WH02_00050

DiscRep_SUB:FEATURE_LOCATION_CONFLICT::Coding region xref gene does not exist
P003_WH02/P003_WH02:CDS	hypothetical protein	k141_92637:c1218-994	P003_WH02_00051

DiscRep_SUB:FEATURE_LOCATION_CONFLICT::Coding region xref gene does not exist
P003_WH02/P003_WH02:CDS	RNA polymerase beta subunit	k141_30664:72-1106	P003_WH02_00052

DiscRep_SUB:FEATURE_LOCATION_CONFLICT::Coding region xref gene does not exist
P003_WH02/P003_WH02:CDS	RNA polymerase beta' subunit	k141_30664:1133-1570	P003_WH02_00053

DiscRep_SUB:FEATURE_LOCATION_CONFLICT::Coding region xref gene does not exist
P003_WH02/P003_WH02:CDS	hypothetical protein	k141_30664:1563-1811	P003_WH02_00054

DiscRep_SUB:FEATURE_LOCATION_CONFLICT::Coding region xref gene does not exist
P003_WH02/P003_WH02:CDS	RNA polymerase beta' subunit	k141_30664:2392-3948	P003_WH02_00055

DiscRep_SUB:FEATURE_LOCATION_CONFLICT::Coding region xref gene does not exist
P003_WH02/P003_WH02:CDS	RNA polymerase beta'' subunit	k141_30664:4115-8272	P003_WH02_00056

DiscRep_SUB:FEATURE_LOCATION_CONFLICT::Coding region xref gene does not exist
P003_WH02/P003_WH02:CDS	ribosomal protein S2	k141_30664:8478-9188	P003_WH02_00057

DiscRep_SUB:FEATURE_LOCATION_CONFLICT::Coding region xref gene does not exist
P003_WH02/P003_WH02:CDS	ATP synthase CF0 subunit IV	k141_30664:9415-10158	P003_WH02_00058

DiscRep_SUB:FEATURE_LOCATION_CONFLICT::Coding region xref gene does not exist
P003_WH02/P003_WH02:CDS	ATP synthase CF0 subunit III	k141_30664:11143-11388	P003_WH02_00059

DiscRep_SUB:FEATURE_LOCATION_CONFLICT::Coding region xref gene does not exist
P003_WH02/P003_WH02:CDS	ATP synthase CF0 subunit I	k141_30664:11737-11907	P003_WH02_00060

DiscRep_SUB:FEATURE_LOCATION_CONFLICT::Coding region xref gene does not exist
P003_WH02/P003_WH02:CDS	ATP synthase CF0 subunit I	k141_30664:12605-12979	P003_WH02_00061

DiscRep_SUB:FEATURE_LOCATION_CONFLICT::Coding region xref gene does not exist
P003_WH02/P003_WH02:CDS	ATP synthase CF1 alpha subunit	k141_30664:13055-14578	P003_WH02_00062

DiscRep_SUB:FEATURE_LOCATION_CONFLICT::Coding region xref gene does not exist
P003_WH02/P003_WH02:CDS	hypothetical protein	k141_30664:c16067-15735	P003_WH02_00064

DiscRep_SUB:FEATURE_LOCATION_CONFLICT::Coding region xref gene does not exist
P003_WH02/P003_WH02:CDS	Photosystem II reaction center protein I	k141_30664:c16613-16503	P003_WH02_00066

DiscRep_SUB:FEATURE_LOCATION_CONFLICT::Coding region xref gene does not exist
P003_WH02/P003_WH02:CDS	photosystem II protein K	k141_30664:c17199-17011	P003_WH02_00067

DiscRep_SUB:FEATURE_LOCATION_CONFLICT::Coding region xref gene does not exist
P003_WH02/P003_WH02:CDS	maturase K	k141_30664:21497-23029	P003_WH02_00069

DiscRep_SUB:FEATURE_LOCATION_CONFLICT::RNA feature xref gene does not exist
P003_WH02/P003_WH02:tRNA	Arg	k141_30664:c14755-14684	P003_WH02_00063

DiscRep_SUB:FEATURE_LOCATION_CONFLICT::RNA feature xref gene does not exist
P003_WH02/P003_WH02:tRNA	Ser	k141_30664:16348-16435	P003_WH02_00065

DiscRep_SUB:FEATURE_LOCATION_CONFLICT::RNA feature xref gene does not exist
P003_WH02/P003_WH02:tRNA	Gln	k141_30664:17521-17593	P003_WH02_00068

DiscRep_SUB:FEATURE_LOCATION_CONFLICT::Coding region xref gene does not exist
P003_WH02/P003_WH02:CDS	ATP synthase CF1 epsilon subunit	k141_16519:c879-478	P003_WH02_00071

DiscRep_SUB:FEATURE_LOCATION_CONFLICT::Coding region xref gene does not exist
P003_WH02/P003_WH02:CDS	ATP synthase CF1 beta subunit	k141_16519:c1145-876	P003_WH02_00072

DiscRep_SUB:FEATURE_LOCATION_CONFLICT::RNA feature xref gene does not exist
P003_WH02/P003_WH02:tRNA	Met	k141_16519:182-255	P003_WH02_00070

DiscRep_SUB:FEATURE_LOCATION_CONFLICT::Coding region xref gene does not exist
P003_WH02/P003_WH02:CDS	ATP-dependent Clp protease proteolytic subunit	k141_49810:853-1479	P003_WH02_00073

DiscRep_SUB:FEATURE_LOCATION_CONFLICT::Coding region xref gene does not exist
P003_WH02/P003_WH02:CDS	hypothetical protein	k141_49810:c1663-1439	P003_WH02_00074

DiscRep_SUB:FEATURE_LOCATION_CONFLICT::Coding region xref gene does not exist
P003_WH02/P003_WH02:CDS	photosystem I P700 apoprotein A2	k141_88115:2-1153	P003_WH02_00075

DiscRep_SUB:FEATURE_LOCATION_CONFLICT::Coding region xref gene does not exist
P003_WH02/P003_WH02:CDS	photosystem II protein Z	k141_88115:c2457-2269	P003_WH02_00078

DiscRep_SUB:FEATURE_LOCATION_CONFLICT::Coding region xref gene does not exist
P003_WH02/P003_WH02:CDS	photosystem II CP43 chlorophyll apoprotein	k141_88115:c3314-3111	P003_WH02_00080

DiscRep_SUB:FEATURE_LOCATION_CONFLICT::RNA feature xref gene does not exist
P003_WH02/P003_WH02:tRNA	Met	k141_88115:1717-1791	P003_WH02_00076

DiscRep_SUB:FEATURE_LOCATION_CONFLICT::RNA feature xref gene does not exist
P003_WH02/P003_WH02:tRNA	Gly	k141_88115:c2035-1964	P003_WH02_00077

DiscRep_SUB:FEATURE_LOCATION_CONFLICT::RNA feature xref gene does not exist
P003_WH02/P003_WH02:tRNA	Ser	k141_88115:2779-2871	P003_WH02_00079

DiscRep_SUB:FEATURE_LOCATION_CONFLICT::Coding region xref gene does not exist
P003_WH02/P003_WH02:CDS	ATP synthase CF0 subunit IV	k141_78580:302-1045	P003_WH02_00081

DiscRep_SUB:FEATURE_LOCATION_CONFLICT::Coding region xref gene does not exist
P003_WH02/P003_WH02:CDS	photosystem II protein J	k141_45243:260-382	P003_WH02_00082

DiscRep_SUB:FEATURE_LOCATION_CONFLICT::Coding region xref gene does not exist
P003_WH02/P003_WH02:CDS	cytochrome f	k141_45243:c2393-1431	P003_WH02_00083

DiscRep_SUB:FEATURE_LOCATION_CONFLICT::Coding region xref gene does not exist
P003_WH02/P003_WH02:CDS	envelope membrane protein	k141_45243:c3305-2619	P003_WH02_00084

DiscRep_SUB:FEATURE_LOCATION_CONFLICT::Coding region xref gene does not exist
P003_WH02/P003_WH02:CDS	photosystem I assembly protein Ycf4	k141_45243:c4559-4005	P003_WH02_00085

DiscRep_SUB:FEATURE_LOCATION_CONFLICT::Coding region xref gene does not exist
P003_WH02/P003_WH02:CDS	Acetyl-coenzyme A carboxylase carboxyl transferase subunit beta, chloroplastic	k141_45243:c7208-5736	P003_WH02_00086

DiscRep_SUB:FEATURE_LOCATION_CONFLICT::Coding region xref gene does not exist
P003_WH02/P003_WH02:CDS	ribulose-1,5-bisphosphate carboxylase/oxygenase large subunit	k141_45243:c9342-7909	P003_WH02_00087

DiscRep_SUB:FEATURE_LOCATION_CONFLICT::Coding region xref gene does not exist
P003_WH02/P003_WH02:CDS	ATP synthase CF1 beta subunit	k141_45243:10110-11606	P003_WH02_00088

DiscRep_SUB:FEATURE_LOCATION_CONFLICT::Coding region xref gene does not exist
P003_WH02/P003_WH02:CDS	ATP synthase CF1 epsilon subunit	k141_45243:11603-12004	P003_WH02_00089

DiscRep_SUB:FEATURE_LOCATION_CONFLICT::Coding region xref gene does not exist
P003_WH02/P003_WH02:CDS	hypothetical protein	k141_45243:12438-12560	P003_WH02_00091

DiscRep_SUB:FEATURE_LOCATION_CONFLICT::RNA feature xref gene does not exist
P003_WH02/P003_WH02:tRNA	Met	k141_45243:c12283-12211	P003_WH02_00090

DiscRep_SUB:FEATURE_LOCATION_CONFLICT::Coding region xref gene does not exist
P003_WH02/P003_WH02:CDS	hypothetical protein	k141_12057:615-866	P003_WH02_00092

DiscRep_SUB:FEATURE_LOCATION_CONFLICT::Coding region xref gene does not exist
P003_WH02/P003_WH02:CDS	hypothetical protein	k141_12057:1153-1452	P003_WH02_00093

DiscRep_SUB:FEATURE_LOCATION_CONFLICT::Coding region xref gene does not exist
P003_WH02/P003_WH02:CDS	hypothetical protein	k141_12057:1436-1957	P003_WH02_00094

DiscRep_SUB:FEATURE_LOCATION_CONFLICT::Coding region xref gene does not exist
P003_WH02/P003_WH02:CDS	hypothetical protein	k141_12057:c2110-1991	P003_WH02_00095

DiscRep_SUB:FEATURE_LOCATION_CONFLICT::Coding region xref gene does not exist
P003_WH02/P003_WH02:CDS	Acetyl-coenzyme A carboxylase carboxyl transferase subunit beta, chloroplastic	k141_12057:2113-2610	P003_WH02_00096

DiscRep_SUB:FEATURE_LOCATION_CONFLICT::Coding region xref gene does not exist
P003_WH02/P003_WH02:CDS	NADH-plastoquinone oxidoreductase subunit 6	k141_31036:c1036-506	P003_WH02_00097

DiscRep_SUB:FEATURE_LOCATION_CONFLICT::Coding region xref gene does not exist
P003_WH02/P003_WH02:CDS	photosystem II protein D2	k141_59716:c2358-1297	P003_WH02_00098

DiscRep_SUB:FEATURE_LOCATION_CONFLICT::Coding region xref gene does not exist
P003_WH02/P003_WH02:CDS	photosystem II protein M	k141_64307:c332-228	P003_WH02_00099

DiscRep_SUB:FEATURE_LOCATION_CONFLICT::Coding region xref gene does not exist
P003_WH02/P003_WH02:CDS	hypothetical protein	k141_2588:21-215	P003_WH02_00100

DiscRep_SUB:FEATURE_LOCATION_CONFLICT::Coding region xref gene does not exist
P003_WH02/P003_WH02:CDS	hypothetical protein	k141_2588:199-420	P003_WH02_00101

DiscRep_SUB:FEATURE_LOCATION_CONFLICT::Coding region xref gene does not exist
P003_WH02/P003_WH02:CDS	maturase K	k141_93434:c1128-124	P003_WH02_00102

DiscRep_SUB:FEATURE_LOCATION_CONFLICT::Coding region xref gene does not exist
P003_WH02/P003_WH02:CDS	ribosomal protein L2	k141_45700:326-799	P003_WH02_00103

DiscRep_SUB:FEATURE_LOCATION_CONFLICT::RNA feature xref gene does not exist
P003_WH02/P003_WH02:tRNA	His	k141_45700:c916-842	P003_WH02_00104

DiscRep_SUB:FEATURE_LOCATION_CONFLICT::Coding region xref gene does not exist
P003_WH02/P003_WH02:CDS	DNA-directed RNA polymerase subunit beta	k141_64797:c969-247	P003_WH02_00105

DiscRep_SUB:FEATURE_LOCATION_CONFLICT::Coding region xref gene does not exist
P003_WH02/P003_WH02:CDS	RNA polymerase beta'' subunit	k141_74600:c1109-573	P003_WH02_00106

DiscRep_SUB:FEATURE_LOCATION_CONFLICT::Coding region xref gene does not exist
P003_WH02/P003_WH02:CDS	hypothetical protein	k141_93949:c858-631	P003_WH02_00107

DiscRep_SUB:FEATURE_LOCATION_CONFLICT::Coding region xref gene does not exist
P003_WH02/P003_WH02:CDS	ribosomal protein S19	k141_89122:83-361	P003_WH02_00108

DiscRep_SUB:FEATURE_LOCATION_CONFLICT::Coding region xref gene does not exist
P003_WH02/P003_WH02:CDS	ribosomal protein L22	k141_89122:421-885	P003_WH02_00109

DiscRep_SUB:FEATURE_LOCATION_CONFLICT::Coding region xref gene does not exist
P003_WH02/P003_WH02:CDS	ribosomal protein S3	k141_89122:870-1532	P003_WH02_00110

DiscRep_SUB:FEATURE_LOCATION_CONFLICT::Coding region xref gene does not exist
P003_WH02/P003_WH02:CDS	hypothetical protein	k141_89122:c1768-1589	P003_WH02_00111

DiscRep_SUB:FEATURE_LOCATION_CONFLICT::Coding region xref gene does not exist
P003_WH02/P003_WH02:CDS	hypothetical protein	k141_89122:c2024-1800	P003_WH02_00112

DiscRep_SUB:FEATURE_LOCATION_CONFLICT::Coding region xref gene does not exist
P003_WH02/P003_WH02:CDS	ribosomal protein L16	k141_89122:2603-2962	P003_WH02_00113

DiscRep_SUB:FEATURE_LOCATION_CONFLICT::Coding region xref gene does not exist
P003_WH02/P003_WH02:CDS	ribosomal protein L14	k141_89122:3088-3456	P003_WH02_00114

DiscRep_SUB:FEATURE_LOCATION_CONFLICT::Coding region xref gene does not exist
P003_WH02/P003_WH02:CDS	ribosomal protein S8	k141_89122:3627-4031	P003_WH02_00115

DiscRep_SUB:FEATURE_LOCATION_CONFLICT::Coding region xref gene does not exist
P003_WH02/P003_WH02:CDS	translational initiation factor 1	k141_89122:4147-4380	P003_WH02_00116

DiscRep_SUB:FEATURE_LOCATION_CONFLICT::Coding region xref gene does not exist
P003_WH02/P003_WH02:CDS	hypothetical protein	k141_89122:c4646-4392	P003_WH02_00117

DiscRep_SUB:FEATURE_LOCATION_CONFLICT::Coding region xref gene does not exist
P003_WH02/P003_WH02:CDS	ribosomal protein S11	k141_89122:4698-5114	P003_WH02_00118

DiscRep_SUB:FEATURE_LOCATION_CONFLICT::Coding region xref gene does not exist
P003_WH02/P003_WH02:CDS	RNA polymerase alpha subunit	k141_89122:5181-6002	P003_WH02_00119

DiscRep_SUB:FEATURE_LOCATION_CONFLICT::Coding region xref gene does not exist
P003_WH02/P003_WH02:CDS	cytochrome b6/f complex subunit IV	k141_89122:c6888-6364	P003_WH02_00120

DiscRep_SUB:FEATURE_LOCATION_CONFLICT::Coding region xref gene does not exist
P003_WH02/P003_WH02:CDS	cytochrome b6	k141_89122:c8263-7775	P003_WH02_00121

DiscRep_SUB:FEATURE_LOCATION_CONFLICT::Coding region xref gene does not exist
P003_WH02/P003_WH02:CDS	photosystem II phosphoprotein	k141_89122:c9478-9257	P003_WH02_00122

DiscRep_SUB:FEATURE_LOCATION_CONFLICT::Coding region xref gene does not exist
P003_WH02/P003_WH02:CDS	hypothetical protein	k141_89122:c9988-9803	P003_WH02_00123

DiscRep_SUB:FEATURE_LOCATION_CONFLICT::Coding region xref gene does not exist
P003_WH02/P003_WH02:CDS	photosystem II CP47 chlorophyll apoprotein	k141_89122:c11599-10073	P003_WH02_00124

DiscRep_SUB:FEATURE_LOCATION_CONFLICT::Coding region xref gene does not exist
P003_WH02/P003_WH02:CDS	ATP-dependent Clp protease proteolytic subunit	k141_89122:12769-13158	P003_WH02_00125

DiscRep_SUB:FEATURE_LOCATION_CONFLICT::Coding region xref gene does not exist
P003_WH02/P003_WH02:CDS	hypothetical protein	k141_89122:c13581-13363	P003_WH02_00126

DiscRep_SUB:FEATURE_LOCATION_CONFLICT::Coding region xref gene does not exist
P003_WH02/P003_WH02:CDS	ATP-dependent Clp protease proteolytic subunit	k141_89122:13620-14003	P003_WH02_00127

DiscRep_SUB:FEATURE_LOCATION_CONFLICT::Coding region xref gene does not exist
P003_WH02/P003_WH02:CDS	ribosomal protein L20	k141_89122:15062-15448	P003_WH02_00128

DiscRep_SUB:FEATURE_LOCATION_CONFLICT::Coding region xref gene does not exist
P003_WH02/P003_WH02:CDS	ribosomal protein S18	k141_89122:c15983-15678	P003_WH02_00129

DiscRep_SUB:FEATURE_LOCATION_CONFLICT::Coding region xref gene does not exist
P003_WH02/P003_WH02:CDS	ribosomal protein L33	k141_89122:c16335-16135	P003_WH02_00130

DiscRep_SUB:FEATURE_LOCATION_CONFLICT::Coding region xref gene does not exist
P003_WH02/P003_WH02:CDS	photosystem I subunit IX	k141_89122:c16910-16776	P003_WH02_00131

DiscRep_SUB:FEATURE_LOCATION_CONFLICT::Coding region xref gene does not exist
P003_WH02/P003_WH02:CDS	photosystem II cytochrome b559 alpha subunit	k141_89122:19037-19288	P003_WH02_00134

DiscRep_SUB:FEATURE_LOCATION_CONFLICT::Coding region xref gene does not exist
P003_WH02/P003_WH02:CDS	photosystem II cytochrome b559 beta subunit	k141_89122:19303-19422	P003_WH02_00135

DiscRep_SUB:FEATURE_LOCATION_CONFLICT::RNA feature xref gene does not exist
P003_WH02/P003_WH02:tRNA	Pro	k141_89122:17269-17344	P003_WH02_00132

DiscRep_SUB:FEATURE_LOCATION_CONFLICT::RNA feature xref gene does not exist
P003_WH02/P003_WH02:tRNA	Trp	k141_89122:17504-17577	P003_WH02_00133

DiscRep_SUB:FEATURE_LOCATION_CONFLICT::Coding region xref gene does not exist
P003_WH02/P003_WH02:CDS	ribosomal protein S4	k141_65111:1091-1699	P003_WH02_00136

DiscRep_SUB:FEATURE_LOCATION_CONFLICT::Coding region xref gene does not exist
P003_WH02/P003_WH02:CDS	hypothetical protein	k141_65111:c2194-1985	P003_WH02_00137

DiscRep_SUB:FEATURE_LOCATION_CONFLICT::Coding region xref gene does not exist
P003_WH02/P003_WH02:CDS	photosystem I subunit VIII	k141_65111:2312-2422	P003_WH02_00138

DiscRep_SUB:FEATURE_LOCATION_CONFLICT::Coding region xref gene does not exist
P003_WH02/P003_WH02:CDS	photosystem II protein D1	k141_84615:4-468	P003_WH02_00139

DiscRep_SUB:FEATURE_LOCATION_CONFLICT::RNA feature xref gene does not exist
P003_WH02/P003_WH02:tRNA	His	k141_84615:849-923	P003_WH02_00140

DiscRep_SUB:FEATURE_LOCATION_CONFLICT::Coding region xref gene does not exist
P003_WH02/P003_WH02:CDS	hypothetical protein	k141_13623:15-137	P003_WH02_00141

DiscRep_SUB:FEATURE_LOCATION_CONFLICT::Coding region xref gene does not exist
P003_WH02/P003_WH02:CDS	NADH-plastoquinone oxidoreductase subunit 3	k141_13623:1755-2117	P003_WH02_00142

DiscRep_SUB:FEATURE_LOCATION_CONFLICT::Coding region xref gene does not exist
P003_WH02/P003_WH02:CDS	NADH-plastoquinone oxidoreductase subunit K	k141_13623:2108-2848	P003_WH02_00143

DiscRep_SUB:FEATURE_LOCATION_CONFLICT::Coding region xref gene does not exist
P003_WH02/P003_WH02:CDS	NADH-plastoquinone oxidoreductase subunit J	k141_13623:2941-3417	P003_WH02_00144

DiscRep_SUB:FEATURE_LOCATION_CONFLICT::Coding region xref gene does not exist
P003_WH02/P003_WH02:CDS	hypothetical protein	k141_13623:4248-4400	P003_WH02_00146

DiscRep_SUB:FEATURE_LOCATION_CONFLICT::Coding region xref gene does not exist
P003_WH02/P003_WH02:CDS	ribosomal protein S4	k141_13623:6156-6761	P003_WH02_00148

DiscRep_SUB:FEATURE_LOCATION_CONFLICT::Coding region xref gene does not exist
P003_WH02/P003_WH02:CDS	hypothetical protein	k141_13623:c7794-7672	P003_WH02_00150

DiscRep_SUB:FEATURE_LOCATION_CONFLICT::RNA feature xref gene does not exist
P003_WH02/P003_WH02:tRNA	Phe	k141_13623:c4097-4024	P003_WH02_00145

DiscRep_SUB:FEATURE_LOCATION_CONFLICT::RNA feature xref gene does not exist
P003_WH02/P003_WH02:tRNA	Thr	k141_13623:5743-5817	P003_WH02_00147

DiscRep_SUB:FEATURE_LOCATION_CONFLICT::RNA feature xref gene does not exist
P003_WH02/P003_WH02:tRNA	Ser	k141_13623:c7105-7019	P003_WH02_00149

DiscRep_SUB:FEATURE_LOCATION_CONFLICT::Coding region xref gene does not exist
P003_WH02/P003_WH02:CDS	photosystem II protein D1	k141_8833:442-1503	P003_WH02_00151

DiscRep_SUB:FEATURE_LOCATION_CONFLICT::Coding region xref gene does not exist
P003_WH02/P003_WH02:CDS	NADH-plastoquinone oxidoreductase subunit 7	k141_42058:c1733-531	P003_WH02_00152

DiscRep_SUB:FEATURE_LOCATION_CONFLICT::Coding region xref gene does not exist
P003_WH02/P003_WH02:CDS	ribosomal protein S15	k141_42058:c2074-1811	P003_WH02_00153

DiscRep_SUB:FEATURE_LOCATION_CONFLICT::Coding region xref gene does not exist
P003_WH02/P003_WH02:CDS	putative chloroplast RF34	k141_46924:490-738	P003_WH02_00154

DiscRep_SUB:FEATURE_LOCATION_CONFLICT::Coding region xref gene does not exist
P003_WH02/P003_WH02:CDS	hypothetical protein	k141_46924:c1548-1267	P003_WH02_00155

DiscRep_SUB:FEATURE_LOCATION_CONFLICT::Coding region xref gene does not exist
P003_WH02/P003_WH02:CDS	photosystem I P700 apoprotein A1	k141_46924:2283-4535	P003_WH02_00156

DiscRep_SUB:FEATURE_LOCATION_CONFLICT::Coding region xref gene does not exist
P003_WH02/P003_WH02:CDS	ribosomal protein S11	k141_42127:c907-452	P003_WH02_00157

DiscRep_SUB:FEATURE_LOCATION_CONFLICT::Coding region xref gene does not exist
P003_WH02/P003_WH02:CDS	RNA polymerase alpha subunit	k141_65981:c1199-444	P003_WH02_00158

DiscRep_SUB:FEATURE_LOCATION_CONFLICT::Coding region xref gene does not exist
P003_WH02/P003_WH02:CDS	hypothetical protein	k141_90089:665-823	P003_WH02_00160

DiscRep_SUB:FEATURE_LOCATION_CONFLICT::Coding region xref gene does not exist
P003_WH02/P003_WH02:CDS	hypothetical protein	k141_90089:c951-799	P003_WH02_00161

DiscRep_SUB:FEATURE_LOCATION_CONFLICT::RNA feature xref gene does not exist
P003_WH02/P003_WH02:tRNA	Ser	k141_90089:c87-1	P003_WH02_00159

DiscRep_SUB:FEATURE_LOCATION_CONFLICT::Coding region xref gene does not exist
P003_WH02/P003_WH02:CDS	photosystem II CP47 chlorophyll apoprotein	k141_23474:481-576	P003_WH02_00162

DiscRep_SUB:FEATURE_LOCATION_CONFLICT::Coding region xref gene does not exist
P003_WH02/P003_WH02:CDS	Acetyl-coenzyme A carboxylase carboxyl transferase subunit beta, chloroplastic	k141_23474:933-1169	P003_WH02_00164

DiscRep_SUB:FEATURE_LOCATION_CONFLICT::RNA feature xref gene does not exist
P003_WH02/P003_WH02:tRNA	Met	k141_23474:607-681	P003_WH02_00163

DiscRep_SUB:FEATURE_LOCATION_CONFLICT::Coding region xref gene does not exist
P003_WH02/P003_WH02:CDS	NADH-plastoquinone oxidoreductase subunit 5	k141_95057:c2350-113	P003_WH02_00165

DiscRep_SUB:FEATURE_LOCATION_CONFLICT::Coding region xref gene does not exist
P003_WH02/P003_WH02:CDS	hypothetical protein	k141_95057:c3013-2792	P003_WH02_00166

DiscRep_SUB:FEATURE_LOCATION_CONFLICT::Coding region xref gene does not exist
P003_WH02/P003_WH02:CDS	cytochrome c heme attachment protein	k141_95057:3948-4907	P003_WH02_00168

DiscRep_SUB:FEATURE_LOCATION_CONFLICT::Coding region xref gene does not exist
P003_WH02/P003_WH02:CDS	hypothetical protein	k141_95057:c5029-4910	P003_WH02_00169

DiscRep_SUB:FEATURE_LOCATION_CONFLICT::Coding region xref gene does not exist
P003_WH02/P003_WH02:CDS	NADH-plastoquinone oxidoreductase subunit 4	k141_95057:c6458-5064	P003_WH02_00170

DiscRep_SUB:FEATURE_LOCATION_CONFLICT::Coding region xref gene does not exist
P003_WH02/P003_WH02:CDS	photosystem I subunit VII	k141_95057:c6930-6685	P003_WH02_00171

DiscRep_SUB:FEATURE_LOCATION_CONFLICT::Coding region xref gene does not exist
P003_WH02/P003_WH02:CDS	NADH-plastoquinone oxidoreductase subunit 4L	k141_95057:c7502-7197	P003_WH02_00172

DiscRep_SUB:FEATURE_LOCATION_CONFLICT::Coding region xref gene does not exist
P003_WH02/P003_WH02:CDS	NADH-plastoquinone oxidoreductase subunit 6	k141_95057:c8209-7679	P003_WH02_00173

DiscRep_SUB:FEATURE_LOCATION_CONFLICT::Coding region xref gene does not exist
P003_WH02/P003_WH02:CDS	NADH-plastoquinone oxidoreductase subunit I	k141_95057:c9061-8546	P003_WH02_00174

DiscRep_SUB:FEATURE_LOCATION_CONFLICT::Coding region xref gene does not exist
P003_WH02/P003_WH02:CDS	NADH-plastoquinone oxidoreductase subunit 1	k141_95057:c9543-9136	P003_WH02_00175

DiscRep_SUB:FEATURE_LOCATION_CONFLICT::Coding region xref gene does not exist
P003_WH02/P003_WH02:CDS	NADH-plastoquinone oxidoreductase subunit 1	k141_95057:c11231-10665	P003_WH02_00176

DiscRep_SUB:FEATURE_LOCATION_CONFLICT::Coding region xref gene does not exist
P003_WH02/P003_WH02:CDS	NADH-plastoquinone oxidoreductase subunit 7	k141_95057:c12444-11233	P003_WH02_00177

DiscRep_SUB:FEATURE_LOCATION_CONFLICT::Coding region xref gene does not exist
P003_WH02/P003_WH02:CDS	ribosomal protein S15	k141_95057:c12788-12516	P003_WH02_00178

DiscRep_SUB:FEATURE_LOCATION_CONFLICT::Coding region xref gene does not exist
P003_WH02/P003_WH02:CDS	hypothetical protein	k141_95057:c17637-13201	P003_WH02_00179

DiscRep_SUB:FEATURE_LOCATION_CONFLICT::RNA feature xref gene does not exist
P003_WH02/P003_WH02:tRNA	Leu	k141_95057:3762-3841	P003_WH02_00167

DiscRep_SUB:FEATURE_LOCATION_CONFLICT::Coding region xref gene does not exist
P003_WH02/P003_WH02:CDS	hypothetical protein	k141_23802:438-611	P003_WH02_00180

DiscRep_SUB:FEATURE_LOCATION_CONFLICT::Coding region xref gene does not exist
P003_WH02/P003_WH02:CDS	NADH-plastoquinone oxidoreductase subunit K	k141_85581:c1217-489	P003_WH02_00181

DiscRep_SUB:FEATURE_LOCATION_CONFLICT::Coding region xref gene does not exist
P003_WH02/P003_WH02:CDS	NADH-plastoquinone oxidoreductase subunit 3	k141_85581:c1570-1208	P003_WH02_00182

DiscRep_SUB:FEATURE_LOCATION_CONFLICT::Coding region xref gene does not exist
P003_WH02/P003_WH02:CDS	hypothetical protein	k141_85581:2107-2244	P003_WH02_00183

DiscRep_ALL:SUSPECT_PRODUCT_NAMES::2 product_names contain suspect phrase or characters
DiscRep_SUB:SUSPECT_PRODUCT_NAMES::May contain database identifier more appropriate in note; remove from product name
DiscRep_SUB:SUSPECT_PRODUCT_NAMES::2 features contains three or more numbers together that may be identifiers more appropriate in note
P003_WH02/P003_WH02:CDS	photosystem I P700 apoprotein A2	k141_88115:2-1153	P003_WH02_00075
P003_WH02/P003_WH02:CDS	photosystem I P700 apoprotein A1	k141_46924:2283-4535	P003_WH02_00156

DiscRep_ALL:NO_ANNOTATION::5 bioseqs have no features
P003_WH02/P003_WH02:k141_77769 (length 1057)
P003_WH02/P003_WH02:k141_83409 (length 1103)
P003_WH02/P003_WH02:k141_50385 (length 1068)
P003_WH02/P003_WH02:k141_84136 (length 1296)
P003_WH02/P003_WH02:k141_56255 (length 1769)

DiscRep_ALL:DISC_QUALITY_SCORES::Quality scores are missing on all sequences.

DiscRep_ALL:ONCALLER_COMMENT_PRESENT::47 comment descriptors were found (all same)
P003_WH02/P003_WH02:k141_38283:Annotated using prokka 1.14.5 from https://github.com/tseemann/prokka
P003_WH02/P003_WH02:k141_71761:Annotated using prokka 1.14.5 from https://github.com/tseemann/prokka
P003_WH02/P003_WH02:k141_91406:Annotated using prokka 1.14.5 from https://github.com/tseemann/prokka
P003_WH02/P003_WH02:k141_91563:Annotated using prokka 1.14.5 from https://github.com/tseemann/prokka
P003_WH02/P003_WH02:k141_72448:Annotated using prokka 1.14.5 from https://github.com/tseemann/prokka
P003_WH02/P003_WH02:k141_39142:Annotated using prokka 1.14.5 from https://github.com/tseemann/prokka
P003_WH02/P003_WH02:k141_10694:Annotated using prokka 1.14.5 from https://github.com/tseemann/prokka
P003_WH02/P003_WH02:k141_58255:Annotated using prokka 1.14.5 from https://github.com/tseemann/prokka
P003_WH02/P003_WH02:k141_6095:Annotated using prokka 1.14.5 from https://github.com/tseemann/prokka
P003_WH02/P003_WH02:k141_77769:Annotated using prokka 1.14.5 from https://github.com/tseemann/prokka
P003_WH02/P003_WH02:k141_35120:Annotated using prokka 1.14.5 from https://github.com/tseemann/prokka
P003_WH02/P003_WH02:k141_30576:Annotated using prokka 1.14.5 from https://github.com/tseemann/prokka
P003_WH02/P003_WH02:k141_92637:Annotated using prokka 1.14.5 from https://github.com/tseemann/prokka
P003_WH02/P003_WH02:k141_30664:Annotated using prokka 1.14.5 from https://github.com/tseemann/prokka
P003_WH02/P003_WH02:k141_16519:Annotated using prokka 1.14.5 from https://github.com/tseemann/prokka
P003_WH02/P003_WH02:k141_49810:Annotated using prokka 1.14.5 from https://github.com/tseemann/prokka
P003_WH02/P003_WH02:k141_88115:Annotated using prokka 1.14.5 from https://github.com/tseemann/prokka
P003_WH02/P003_WH02:k141_78580:Annotated using prokka 1.14.5 from https://github.com/tseemann/prokka
P003_WH02/P003_WH02:k141_45243:Annotated using prokka 1.14.5 from https://github.com/tseemann/prokka
P003_WH02/P003_WH02:k141_12057:Annotated using prokka 1.14.5 from https://github.com/tseemann/prokka
P003_WH02/P003_WH02:k141_31036:Annotated using prokka 1.14.5 from https://github.com/tseemann/prokka
P003_WH02/P003_WH02:k141_83409:Annotated using prokka 1.14.5 from https://github.com/tseemann/prokka
P003_WH02/P003_WH02:k141_59716:Annotated using prokka 1.14.5 from https://github.com/tseemann/prokka
P003_WH02/P003_WH02:k141_64307:Annotated using prokka 1.14.5 from https://github.com/tseemann/prokka
P003_WH02/P003_WH02:k141_2588:Annotated using prokka 1.14.5 from https://github.com/tseemann/prokka
P003_WH02/P003_WH02:k141_93434:Annotated using prokka 1.14.5 from https://github.com/tseemann/prokka
P003_WH02/P003_WH02:k141_50385:Annotated using prokka 1.14.5 from https://github.com/tseemann/prokka
P003_WH02/P003_WH02:k141_45700:Annotated using prokka 1.14.5 from https://github.com/tseemann/prokka
P003_WH02/P003_WH02:k141_64797:Annotated using prokka 1.14.5 from https://github.com/tseemann/prokka
P003_WH02/P003_WH02:k141_74600:Annotated using prokka 1.14.5 from https://github.com/tseemann/prokka
P003_WH02/P003_WH02:k141_93949:Annotated using prokka 1.14.5 from https://github.com/tseemann/prokka
P003_WH02/P003_WH02:k141_84136:Annotated using prokka 1.14.5 from https://github.com/tseemann/prokka
P003_WH02/P003_WH02:k141_89122:Annotated using prokka 1.14.5 from https://github.com/tseemann/prokka
P003_WH02/P003_WH02:k141_65111:Annotated using prokka 1.14.5 from https://github.com/tseemann/prokka
P003_WH02/P003_WH02:k141_56255:Annotated using prokka 1.14.5 from https://github.com/tseemann/prokka
P003_WH02/P003_WH02:k141_84615:Annotated using prokka 1.14.5 from https://github.com/tseemann/prokka
P003_WH02/P003_WH02:k141_13623:Annotated using prokka 1.14.5 from https://github.com/tseemann/prokka
P003_WH02/P003_WH02:k141_8833:Annotated using prokka 1.14.5 from https://github.com/tseemann/prokka
P003_WH02/P003_WH02:k141_42058:Annotated using prokka 1.14.5 from https://github.com/tseemann/prokka
P003_WH02/P003_WH02:k141_46924:Annotated using prokka 1.14.5 from https://github.com/tseemann/prokka
P003_WH02/P003_WH02:k141_42127:Annotated using prokka 1.14.5 from https://github.com/tseemann/prokka
P003_WH02/P003_WH02:k141_65981:Annotated using prokka 1.14.5 from https://github.com/tseemann/prokka
P003_WH02/P003_WH02:k141_90089:Annotated using prokka 1.14.5 from https://github.com/tseemann/prokka
P003_WH02/P003_WH02:k141_23474:Annotated using prokka 1.14.5 from https://github.com/tseemann/prokka
P003_WH02/P003_WH02:k141_95057:Annotated using prokka 1.14.5 from https://github.com/tseemann/prokka
P003_WH02/P003_WH02:k141_23802:Annotated using prokka 1.14.5 from https://github.com/tseemann/prokka
P003_WH02/P003_WH02:k141_85581:Annotated using prokka 1.14.5 from https://github.com/tseemann/prokka

DiscRep_ALL:SHORT_PROT_SEQUENCES::19 protein sequences are shorter than 50 aa.
P003_WH02/P003_WH02:k141_38283_2 (length 38)
P003_WH02/P003_WH02:k141_38283_12 (length 34)
P003_WH02/P003_WH02:k141_91406_5 (length 40)
P003_WH02/P003_WH02:k141_72448_1 (length 45)
P003_WH02/P003_WH02:k141_39142_1 (length 36)
P003_WH02/P003_WH02:k141_35120_2 (length 43)
P003_WH02/P003_WH02:k141_30664_13 (length 36)
P003_WH02/P003_WH02:k141_45243_1 (length 40)
P003_WH02/P003_WH02:k141_45243_9 (length 40)
P003_WH02/P003_WH02:k141_12057_4 (length 39)
P003_WH02/P003_WH02:k141_64307_1 (length 34)
P003_WH02/P003_WH02:k141_89122_24 (length 44)
P003_WH02/P003_WH02:k141_89122_26 (length 39)
P003_WH02/P003_WH02:k141_65111_3 (length 36)
P003_WH02/P003_WH02:k141_13623_1 (length 40)
P003_WH02/P003_WH02:k141_13623_7 (length 40)
P003_WH02/P003_WH02:k141_23474_1 (length 31)
P003_WH02/P003_WH02:k141_95057_4 (length 39)
P003_WH02/P003_WH02:k141_85581_3 (length 45)

DiscRep_ALL:MISSING_GENOMEASSEMBLY_COMMENTS::47 bioseqs are missing GenomeAssembly structured comments
P003_WH02/P003_WH02:k141_38283 (length 25731)
P003_WH02/P003_WH02:k141_71761 (length 2073)
P003_WH02/P003_WH02:k141_91406 (length 3375)
P003_WH02/P003_WH02:k141_91563 (length 1344)
P003_WH02/P003_WH02:k141_72448 (length 1070)
P003_WH02/P003_WH02:k141_39142 (length 1088)
P003_WH02/P003_WH02:k141_10694 (length 2353)
P003_WH02/P003_WH02:k141_58255 (length 7129)
P003_WH02/P003_WH02:k141_6095 (length 1603)
P003_WH02/P003_WH02:k141_77769 (length 1057)
P003_WH02/P003_WH02:k141_35120 (length 1521)
P003_WH02/P003_WH02:k141_30576 (length 2086)
P003_WH02/P003_WH02:k141_92637 (length 1239)
P003_WH02/P003_WH02:k141_30664 (length 23651)
P003_WH02/P003_WH02:k141_16519 (length 1156)
P003_WH02/P003_WH02:k141_49810 (length 2594)
P003_WH02/P003_WH02:k141_88115 (length 3324)
P003_WH02/P003_WH02:k141_78580 (length 1061)
P003_WH02/P003_WH02:k141_45243 (length 12564)
P003_WH02/P003_WH02:k141_12057 (length 2803)
P003_WH02/P003_WH02:k141_31036 (length 1469)
P003_WH02/P003_WH02:k141_83409 (length 1103)
P003_WH02/P003_WH02:k141_59716 (length 2590)
P003_WH02/P003_WH02:k141_64307 (length 1081)
P003_WH02/P003_WH02:k141_2588 (length 1091)
P003_WH02/P003_WH02:k141_93434 (length 1143)
P003_WH02/P003_WH02:k141_50385 (length 1068)
P003_WH02/P003_WH02:k141_45700 (length 1005)
P003_WH02/P003_WH02:k141_64797 (length 1326)
P003_WH02/P003_WH02:k141_74600 (length 1179)
P003_WH02/P003_WH02:k141_93949 (length 1102)
P003_WH02/P003_WH02:k141_84136 (length 1296)
P003_WH02/P003_WH02:k141_89122 (length 19526)
P003_WH02/P003_WH02:k141_65111 (length 2984)
P003_WH02/P003_WH02:k141_56255 (length 1769)
P003_WH02/P003_WH02:k141_84615 (length 1066)
P003_WH02/P003_WH02:k141_13623 (length 8468)
P003_WH02/P003_WH02:k141_8833 (length 1602)
P003_WH02/P003_WH02:k141_42058 (length 2348)
P003_WH02/P003_WH02:k141_46924 (length 5753)
P003_WH02/P003_WH02:k141_42127 (length 1538)
P003_WH02/P003_WH02:k141_65981 (length 1287)
P003_WH02/P003_WH02:k141_90089 (length 1055)
P003_WH02/P003_WH02:k141_23474 (length 1965)
P003_WH02/P003_WH02:k141_95057 (length 17650)
P003_WH02/P003_WH02:k141_23802 (length 1200)
P003_WH02/P003_WH02:k141_85581 (length 2715)

DiscRep_ALL:MOLTYPE_NOT_MRNA::47 molecule types are not set as mRNA.
P003_WH02/P003_WH02:k141_38283 (length 25731)
P003_WH02/P003_WH02:k141_71761 (length 2073)
P003_WH02/P003_WH02:k141_91406 (length 3375)
P003_WH02/P003_WH02:k141_91563 (length 1344)
P003_WH02/P003_WH02:k141_72448 (length 1070)
P003_WH02/P003_WH02:k141_39142 (length 1088)
P003_WH02/P003_WH02:k141_10694 (length 2353)
P003_WH02/P003_WH02:k141_58255 (length 7129)
P003_WH02/P003_WH02:k141_6095 (length 1603)
P003_WH02/P003_WH02:k141_77769 (length 1057)
P003_WH02/P003_WH02:k141_35120 (length 1521)
P003_WH02/P003_WH02:k141_30576 (length 2086)
P003_WH02/P003_WH02:k141_92637 (length 1239)
P003_WH02/P003_WH02:k141_30664 (length 23651)
P003_WH02/P003_WH02:k141_16519 (length 1156)
P003_WH02/P003_WH02:k141_49810 (length 2594)
P003_WH02/P003_WH02:k141_88115 (length 3324)
P003_WH02/P003_WH02:k141_78580 (length 1061)
P003_WH02/P003_WH02:k141_45243 (length 12564)
P003_WH02/P003_WH02:k141_12057 (length 2803)
P003_WH02/P003_WH02:k141_31036 (length 1469)
P003_WH02/P003_WH02:k141_83409 (length 1103)
P003_WH02/P003_WH02:k141_59716 (length 2590)
P003_WH02/P003_WH02:k141_64307 (length 1081)
P003_WH02/P003_WH02:k141_2588 (length 1091)
P003_WH02/P003_WH02:k141_93434 (length 1143)
P003_WH02/P003_WH02:k141_50385 (length 1068)
P003_WH02/P003_WH02:k141_45700 (length 1005)
P003_WH02/P003_WH02:k141_64797 (length 1326)
P003_WH02/P003_WH02:k141_74600 (length 1179)
P003_WH02/P003_WH02:k141_93949 (length 1102)
P003_WH02/P003_WH02:k141_84136 (length 1296)
P003_WH02/P003_WH02:k141_89122 (length 19526)
P003_WH02/P003_WH02:k141_65111 (length 2984)
P003_WH02/P003_WH02:k141_56255 (length 1769)
P003_WH02/P003_WH02:k141_84615 (length 1066)
P003_WH02/P003_WH02:k141_13623 (length 8468)
P003_WH02/P003_WH02:k141_8833 (length 1602)
P003_WH02/P003_WH02:k141_42058 (length 2348)
P003_WH02/P003_WH02:k141_46924 (length 5753)
P003_WH02/P003_WH02:k141_42127 (length 1538)
P003_WH02/P003_WH02:k141_65981 (length 1287)
P003_WH02/P003_WH02:k141_90089 (length 1055)
P003_WH02/P003_WH02:k141_23474 (length 1965)
P003_WH02/P003_WH02:k141_95057 (length 17650)
P003_WH02/P003_WH02:k141_23802 (length 1200)
P003_WH02/P003_WH02:k141_85581 (length 2715)

DiscRep_ALL:TECHNIQUE_NOT_TSA::47 technique are not set as TSA
P003_WH02/P003_WH02:k141_38283 (length 25731)
P003_WH02/P003_WH02:k141_71761 (length 2073)
P003_WH02/P003_WH02:k141_91406 (length 3375)
P003_WH02/P003_WH02:k141_91563 (length 1344)
P003_WH02/P003_WH02:k141_72448 (length 1070)
P003_WH02/P003_WH02:k141_39142 (length 1088)
P003_WH02/P003_WH02:k141_10694 (length 2353)
P003_WH02/P003_WH02:k141_58255 (length 7129)
P003_WH02/P003_WH02:k141_6095 (length 1603)
P003_WH02/P003_WH02:k141_77769 (length 1057)
P003_WH02/P003_WH02:k141_35120 (length 1521)
P003_WH02/P003_WH02:k141_30576 (length 2086)
P003_WH02/P003_WH02:k141_92637 (length 1239)
P003_WH02/P003_WH02:k141_30664 (length 23651)
P003_WH02/P003_WH02:k141_16519 (length 1156)
P003_WH02/P003_WH02:k141_49810 (length 2594)
P003_WH02/P003_WH02:k141_88115 (length 3324)
P003_WH02/P003_WH02:k141_78580 (length 1061)
P003_WH02/P003_WH02:k141_45243 (length 12564)
P003_WH02/P003_WH02:k141_12057 (length 2803)
P003_WH02/P003_WH02:k141_31036 (length 1469)
P003_WH02/P003_WH02:k141_83409 (length 1103)
P003_WH02/P003_WH02:k141_59716 (length 2590)
P003_WH02/P003_WH02:k141_64307 (length 1081)
P003_WH02/P003_WH02:k141_2588 (length 1091)
P003_WH02/P003_WH02:k141_93434 (length 1143)
P003_WH02/P003_WH02:k141_50385 (length 1068)
P003_WH02/P003_WH02:k141_45700 (length 1005)
P003_WH02/P003_WH02:k141_64797 (length 1326)
P003_WH02/P003_WH02:k141_74600 (length 1179)
P003_WH02/P003_WH02:k141_93949 (length 1102)
P003_WH02/P003_WH02:k141_84136 (length 1296)
P003_WH02/P003_WH02:k141_89122 (length 19526)
P003_WH02/P003_WH02:k141_65111 (length 2984)
P003_WH02/P003_WH02:k141_56255 (length 1769)
P003_WH02/P003_WH02:k141_84615 (length 1066)
P003_WH02/P003_WH02:k141_13623 (length 8468)
P003_WH02/P003_WH02:k141_8833 (length 1602)
P003_WH02/P003_WH02:k141_42058 (length 2348)
P003_WH02/P003_WH02:k141_46924 (length 5753)
P003_WH02/P003_WH02:k141_42127 (length 1538)
P003_WH02/P003_WH02:k141_65981 (length 1287)
P003_WH02/P003_WH02:k141_90089 (length 1055)
P003_WH02/P003_WH02:k141_23474 (length 1965)
P003_WH02/P003_WH02:k141_95057 (length 17650)
P003_WH02/P003_WH02:k141_23802 (length 1200)
P003_WH02/P003_WH02:k141_85581 (length 2715)

DiscRep_ALL:MISSING_STRUCTURED_COMMENT::47 sequences do not include structured comments.
P003_WH02/P003_WH02:k141_38283 (length 25731)
P003_WH02/P003_WH02:k141_71761 (length 2073)
P003_WH02/P003_WH02:k141_91406 (length 3375)
P003_WH02/P003_WH02:k141_91563 (length 1344)
P003_WH02/P003_WH02:k141_72448 (length 1070)
P003_WH02/P003_WH02:k141_39142 (length 1088)
P003_WH02/P003_WH02:k141_10694 (length 2353)
P003_WH02/P003_WH02:k141_58255 (length 7129)
P003_WH02/P003_WH02:k141_6095 (length 1603)
P003_WH02/P003_WH02:k141_77769 (length 1057)
P003_WH02/P003_WH02:k141_35120 (length 1521)
P003_WH02/P003_WH02:k141_30576 (length 2086)
P003_WH02/P003_WH02:k141_92637 (length 1239)
P003_WH02/P003_WH02:k141_30664 (length 23651)
P003_WH02/P003_WH02:k141_16519 (length 1156)
P003_WH02/P003_WH02:k141_49810 (length 2594)
P003_WH02/P003_WH02:k141_88115 (length 3324)
P003_WH02/P003_WH02:k141_78580 (length 1061)
P003_WH02/P003_WH02:k141_45243 (length 12564)
P003_WH02/P003_WH02:k141_12057 (length 2803)
P003_WH02/P003_WH02:k141_31036 (length 1469)
P003_WH02/P003_WH02:k141_83409 (length 1103)
P003_WH02/P003_WH02:k141_59716 (length 2590)
P003_WH02/P003_WH02:k141_64307 (length 1081)
P003_WH02/P003_WH02:k141_2588 (length 1091)
P003_WH02/P003_WH02:k141_93434 (length 1143)
P003_WH02/P003_WH02:k141_50385 (length 1068)
P003_WH02/P003_WH02:k141_45700 (length 1005)
P003_WH02/P003_WH02:k141_64797 (length 1326)
P003_WH02/P003_WH02:k141_74600 (length 1179)
P003_WH02/P003_WH02:k141_93949 (length 1102)
P003_WH02/P003_WH02:k141_84136 (length 1296)
P003_WH02/P003_WH02:k141_89122 (length 19526)
P003_WH02/P003_WH02:k141_65111 (length 2984)
P003_WH02/P003_WH02:k141_56255 (length 1769)
P003_WH02/P003_WH02:k141_84615 (length 1066)
P003_WH02/P003_WH02:k141_13623 (length 8468)
P003_WH02/P003_WH02:k141_8833 (length 1602)
P003_WH02/P003_WH02:k141_42058 (length 2348)
P003_WH02/P003_WH02:k141_46924 (length 5753)
P003_WH02/P003_WH02:k141_42127 (length 1538)
P003_WH02/P003_WH02:k141_65981 (length 1287)
P003_WH02/P003_WH02:k141_90089 (length 1055)
P003_WH02/P003_WH02:k141_23474 (length 1965)
P003_WH02/P003_WH02:k141_95057 (length 17650)
P003_WH02/P003_WH02:k141_23802 (length 1200)
P003_WH02/P003_WH02:k141_85581 (length 2715)

DiscRep_ALL:MISSING_PROJECT::200 sequences do not include project.
P003_WH02/P003_WH02:k141_38283 (length 25731)
P003_WH02/P003_WH02:k141_38283_1 (length 165)
P003_WH02/P003_WH02:k141_38283_2 (length 38)
P003_WH02/P003_WH02:k141_38283_3 (length 133)
P003_WH02/P003_WH02:k141_38283_4 (length 93)
P003_WH02/P003_WH02:k141_38283_5 (length 2270)
P003_WH02/P003_WH02:k141_38283_6 (length 82)
P003_WH02/P003_WH02:k141_38283_7 (length 260)
P003_WH02/P003_WH02:k141_38283_8 (length 303)
P003_WH02/P003_WH02:k141_38283_9 (length 155)
P003_WH02/P003_WH02:k141_38283_10 (length 61)
P003_WH02/P003_WH02:k141_38283_11 (length 71)
P003_WH02/P003_WH02:k141_38283_12 (length 34)
P003_WH02/P003_WH02:k141_38283_13 (length 60)
P003_WH02/P003_WH02:k141_71761 (length 2073)
P003_WH02/P003_WH02:k141_71761_1 (length 135)
P003_WH02/P003_WH02:k141_71761_2 (length 54)
P003_WH02/P003_WH02:k141_91406 (length 3375)
P003_WH02/P003_WH02:k141_91406_1 (length 114)
P003_WH02/P003_WH02:k141_91406_2 (length 80)
P003_WH02/P003_WH02:k141_91406_3 (length 127)
P003_WH02/P003_WH02:k141_91406_4 (length 54)
P003_WH02/P003_WH02:k141_91406_5 (length 40)
P003_WH02/P003_WH02:k141_91406_6 (length 143)
P003_WH02/P003_WH02:k141_91563 (length 1344)
P003_WH02/P003_WH02:k141_91563_1 (length 107)
P003_WH02/P003_WH02:k141_72448 (length 1070)
P003_WH02/P003_WH02:k141_72448_1 (length 45)
P003_WH02/P003_WH02:k141_39142 (length 1088)
P003_WH02/P003_WH02:k141_39142_1 (length 36)
P003_WH02/P003_WH02:k141_10694 (length 2353)
P003_WH02/P003_WH02:k141_10694_1 (length 266)
P003_WH02/P003_WH02:k141_10694_2 (length 64)
P003_WH02/P003_WH02:k141_10694_3 (length 165)
P003_WH02/P003_WH02:k141_58255 (length 7129)
P003_WH02/P003_WH02:k141_58255_1 (length 84)
P003_WH02/P003_WH02:k141_58255_2 (length 68)
P003_WH02/P003_WH02:k141_58255_3 (length 66)
P003_WH02/P003_WH02:k141_58255_4 (length 58)
P003_WH02/P003_WH02:k141_6095 (length 1603)
P003_WH02/P003_WH02:k141_6095_1 (length 93)
P003_WH02/P003_WH02:k141_77769 (length 1057)
P003_WH02/P003_WH02:k141_35120 (length 1521)
P003_WH02/P003_WH02:k141_35120_1 (length 73)
P003_WH02/P003_WH02:k141_35120_2 (length 43)
P003_WH02/P003_WH02:k141_35120_3 (length 73)
P003_WH02/P003_WH02:k141_30576 (length 2086)
P003_WH02/P003_WH02:k141_30576_1 (length 143)
P003_WH02/P003_WH02:k141_30576_2 (length 118)
P003_WH02/P003_WH02:k141_92637 (length 1239)
P003_WH02/P003_WH02:k141_92637_1 (length 269)
P003_WH02/P003_WH02:k141_92637_2 (length 74)
P003_WH02/P003_WH02:k141_30664 (length 23651)
P003_WH02/P003_WH02:k141_30664_1 (length 344)
P003_WH02/P003_WH02:k141_30664_2 (length 145)
P003_WH02/P003_WH02:k141_30664_3 (length 82)
P003_WH02/P003_WH02:k141_30664_4 (length 518)
P003_WH02/P003_WH02:k141_30664_5 (length 1385)
P003_WH02/P003_WH02:k141_30664_6 (length 236)
P003_WH02/P003_WH02:k141_30664_7 (length 247)
P003_WH02/P003_WH02:k141_30664_8 (length 81)
P003_WH02/P003_WH02:k141_30664_9 (length 56)
P003_WH02/P003_WH02:k141_30664_10 (length 124)
P003_WH02/P003_WH02:k141_30664_11 (length 507)
P003_WH02/P003_WH02:k141_30664_12 (length 110)
P003_WH02/P003_WH02:k141_30664_13 (length 36)
P003_WH02/P003_WH02:k141_30664_14 (length 62)
P003_WH02/P003_WH02:k141_30664_15 (length 510)
P003_WH02/P003_WH02:k141_16519 (length 1156)
P003_WH02/P003_WH02:k141_16519_1 (length 133)
P003_WH02/P003_WH02:k141_16519_2 (length 89)
P003_WH02/P003_WH02:k141_49810 (length 2594)
P003_WH02/P003_WH02:k141_49810_1 (length 208)
P003_WH02/P003_WH02:k141_49810_2 (length 74)
P003_WH02/P003_WH02:k141_88115 (length 3324)
P003_WH02/P003_WH02:k141_88115_1 (length 383)
P003_WH02/P003_WH02:k141_88115_2 (length 62)
P003_WH02/P003_WH02:k141_88115_3 (length 67)
P003_WH02/P003_WH02:k141_78580 (length 1061)
P003_WH02/P003_WH02:k141_78580_1 (length 247)
P003_WH02/P003_WH02:k141_45243 (length 12564)
P003_WH02/P003_WH02:k141_45243_1 (length 40)
P003_WH02/P003_WH02:k141_45243_2 (length 320)
P003_WH02/P003_WH02:k141_45243_3 (length 228)
P003_WH02/P003_WH02:k141_45243_4 (length 184)
P003_WH02/P003_WH02:k141_45243_5 (length 490)
P003_WH02/P003_WH02:k141_45243_6 (length 477)
P003_WH02/P003_WH02:k141_45243_7 (length 498)
P003_WH02/P003_WH02:k141_45243_8 (length 133)
P003_WH02/P003_WH02:k141_45243_9 (length 40)
P003_WH02/P003_WH02:k141_12057 (length 2803)
P003_WH02/P003_WH02:k141_12057_1 (length 83)
P003_WH02/P003_WH02:k141_12057_2 (length 99)
P003_WH02/P003_WH02:k141_12057_3 (length 173)
P003_WH02/P003_WH02:k141_12057_4 (length 39)
P003_WH02/P003_WH02:k141_12057_5 (length 165)
P003_WH02/P003_WH02:k141_31036 (length 1469)
P003_WH02/P003_WH02:k141_31036_1 (length 176)
P003_WH02/P003_WH02:k141_83409 (length 1103)
P003_WH02/P003_WH02:k141_59716 (length 2590)
P003_WH02/P003_WH02:k141_59716_1 (length 353)
P003_WH02/P003_WH02:k141_64307 (length 1081)
P003_WH02/P003_WH02:k141_64307_1 (length 34)
P003_WH02/P003_WH02:k141_2588 (length 1091)
P003_WH02/P003_WH02:k141_2588_1 (length 64)
P003_WH02/P003_WH02:k141_2588_2 (length 73)
P003_WH02/P003_WH02:k141_93434 (length 1143)
P003_WH02/P003_WH02:k141_93434_1 (length 334)
P003_WH02/P003_WH02:k141_50385 (length 1068)
P003_WH02/P003_WH02:k141_45700 (length 1005)
P003_WH02/P003_WH02:k141_45700_1 (length 157)
P003_WH02/P003_WH02:k141_64797 (length 1326)
P003_WH02/P003_WH02:k141_64797_1 (length 240)
P003_WH02/P003_WH02:k141_74600 (length 1179)
P003_WH02/P003_WH02:k141_74600_1 (length 178)
P003_WH02/P003_WH02:k141_93949 (length 1102)
P003_WH02/P003_WH02:k141_93949_1 (length 75)
P003_WH02/P003_WH02:k141_84136 (length 1296)
P003_WH02/P003_WH02:k141_89122 (length 19526)
P003_WH02/P003_WH02:k141_89122_1 (length 92)
P003_WH02/P003_WH02:k141_89122_2 (length 154)
P003_WH02/P003_WH02:k141_89122_3 (length 220)
P003_WH02/P003_WH02:k141_89122_4 (length 59)
P003_WH02/P003_WH02:k141_89122_5 (length 74)
P003_WH02/P003_WH02:k141_89122_6 (length 119)
P003_WH02/P003_WH02:k141_89122_7 (length 122)
P003_WH02/P003_WH02:k141_89122_8 (length 134)
P003_WH02/P003_WH02:k141_89122_9 (length 77)
P003_WH02/P003_WH02:k141_89122_10 (length 84)
P003_WH02/P003_WH02:k141_89122_11 (length 138)
P003_WH02/P003_WH02:k141_89122_12 (length 273)
P003_WH02/P003_WH02:k141_89122_13 (length 174)
P003_WH02/P003_WH02:k141_89122_14 (length 162)
P003_WH02/P003_WH02:k141_89122_15 (length 73)
P003_WH02/P003_WH02:k141_89122_16 (length 61)
P003_WH02/P003_WH02:k141_89122_17 (length 508)
P003_WH02/P003_WH02:k141_89122_18 (length 129)
P003_WH02/P003_WH02:k141_89122_19 (length 72)
P003_WH02/P003_WH02:k141_89122_20 (length 127)
P003_WH02/P003_WH02:k141_89122_21 (length 128)
P003_WH02/P003_WH02:k141_89122_22 (length 101)
P003_WH02/P003_WH02:k141_89122_23 (length 66)
P003_WH02/P003_WH02:k141_89122_24 (length 44)
P003_WH02/P003_WH02:k141_89122_25 (length 83)
P003_WH02/P003_WH02:k141_89122_26 (length 39)
P003_WH02/P003_WH02:k141_65111 (length 2984)
P003_WH02/P003_WH02:k141_65111_1 (length 202)
P003_WH02/P003_WH02:k141_65111_2 (length 69)
P003_WH02/P003_WH02:k141_65111_3 (length 36)
P003_WH02/P003_WH02:k141_56255 (length 1769)
P003_WH02/P003_WH02:k141_84615 (length 1066)
P003_WH02/P003_WH02:k141_84615_1 (length 154)
P003_WH02/P003_WH02:k141_13623 (length 8468)
P003_WH02/P003_WH02:k141_13623_1 (length 40)
P003_WH02/P003_WH02:k141_13623_2 (length 120)
P003_WH02/P003_WH02:k141_13623_3 (length 246)
P003_WH02/P003_WH02:k141_13623_4 (length 158)
P003_WH02/P003_WH02:k141_13623_5 (length 50)
P003_WH02/P003_WH02:k141_13623_6 (length 201)
P003_WH02/P003_WH02:k141_13623_7 (length 40)
P003_WH02/P003_WH02:k141_8833 (length 1602)
P003_WH02/P003_WH02:k141_8833_1 (length 353)
P003_WH02/P003_WH02:k141_42058 (length 2348)
P003_WH02/P003_WH02:k141_42058_1 (length 400)
P003_WH02/P003_WH02:k141_42058_2 (length 87)
P003_WH02/P003_WH02:k141_46924 (length 5753)
P003_WH02/P003_WH02:k141_46924_1 (length 82)
P003_WH02/P003_WH02:k141_46924_2 (length 93)
P003_WH02/P003_WH02:k141_46924_3 (length 750)
P003_WH02/P003_WH02:k141_42127 (length 1538)
P003_WH02/P003_WH02:k141_42127_1 (length 151)
P003_WH02/P003_WH02:k141_65981 (length 1287)
P003_WH02/P003_WH02:k141_65981_1 (length 251)
P003_WH02/P003_WH02:k141_90089 (length 1055)
P003_WH02/P003_WH02:k141_90089_1 (length 52)
P003_WH02/P003_WH02:k141_90089_2 (length 50)
P003_WH02/P003_WH02:k141_23474 (length 1965)
P003_WH02/P003_WH02:k141_23474_1 (length 31)
P003_WH02/P003_WH02:k141_23474_2 (length 78)
P003_WH02/P003_WH02:k141_95057 (length 17650)
P003_WH02/P003_WH02:k141_95057_1 (length 745)
P003_WH02/P003_WH02:k141_95057_2 (length 73)
P003_WH02/P003_WH02:k141_95057_3 (length 319)
P003_WH02/P003_WH02:k141_95057_4 (length 39)
P003_WH02/P003_WH02:k141_95057_5 (length 464)
P003_WH02/P003_WH02:k141_95057_6 (length 81)
P003_WH02/P003_WH02:k141_95057_7 (length 101)
P003_WH02/P003_WH02:k141_95057_8 (length 176)
P003_WH02/P003_WH02:k141_95057_9 (length 171)
P003_WH02/P003_WH02:k141_95057_10 (length 135)
P003_WH02/P003_WH02:k141_95057_11 (length 188)
P003_WH02/P003_WH02:k141_95057_12 (length 403)
P003_WH02/P003_WH02:k141_95057_13 (length 90)
P003_WH02/P003_WH02:k141_95057_14 (length 1478)
P003_WH02/P003_WH02:k141_23802 (length 1200)
P003_WH02/P003_WH02:k141_23802_1 (length 57)
P003_WH02/P003_WH02:k141_85581 (length 2715)
P003_WH02/P003_WH02:k141_85581_1 (length 242)
P003_WH02/P003_WH02:k141_85581_2 (length 120)
P003_WH02/P003_WH02:k141_85581_3 (length 45)

DiscRep_ALL:DISC_INCONSISTENT_MOLINFO_TECH::Molinfo Technique Report (some missing, all same)
DiscRep_SUB:DISC_INCONSISTENT_MOLINFO_TECH::technique (all missing)
DiscRep_SUB:DISC_INCONSISTENT_MOLINFO_TECH::47 Molinfos are missing field technique
P003_WH02/P003_WH02:k141_2588 (length 1091)
P003_WH02/P003_WH02:k141_6095 (length 1603)
P003_WH02/P003_WH02:k141_8833 (length 1602)
P003_WH02/P003_WH02:k141_10694 (length 2353)
P003_WH02/P003_WH02:k141_12057 (length 2803)
P003_WH02/P003_WH02:k141_13623 (length 8468)
P003_WH02/P003_WH02:k141_16519 (length 1156)
P003_WH02/P003_WH02:k141_23474 (length 1965)
P003_WH02/P003_WH02:k141_23802 (length 1200)
P003_WH02/P003_WH02:k141_30576 (length 2086)
P003_WH02/P003_WH02:k141_30664 (length 23651)
P003_WH02/P003_WH02:k141_31036 (length 1469)
P003_WH02/P003_WH02:k141_35120 (length 1521)
P003_WH02/P003_WH02:k141_38283 (length 25731)
P003_WH02/P003_WH02:k141_39142 (length 1088)
P003_WH02/P003_WH02:k141_42058 (length 2348)
P003_WH02/P003_WH02:k141_42127 (length 1538)
P003_WH02/P003_WH02:k141_45243 (length 12564)
P003_WH02/P003_WH02:k141_45700 (length 1005)
P003_WH02/P003_WH02:k141_46924 (length 5753)
P003_WH02/P003_WH02:k141_49810 (length 2594)
P003_WH02/P003_WH02:k141_50385 (length 1068)
P003_WH02/P003_WH02:k141_56255 (length 1769)
P003_WH02/P003_WH02:k141_58255 (length 7129)
P003_WH02/P003_WH02:k141_59716 (length 2590)
P003_WH02/P003_WH02:k141_64307 (length 1081)
P003_WH02/P003_WH02:k141_64797 (length 1326)
P003_WH02/P003_WH02:k141_65111 (length 2984)
P003_WH02/P003_WH02:k141_65981 (length 1287)
P003_WH02/P003_WH02:k141_71761 (length 2073)
P003_WH02/P003_WH02:k141_72448 (length 1070)
P003_WH02/P003_WH02:k141_74600 (length 1179)
P003_WH02/P003_WH02:k141_77769 (length 1057)
P003_WH02/P003_WH02:k141_78580 (length 1061)
P003_WH02/P003_WH02:k141_83409 (length 1103)
P003_WH02/P003_WH02:k141_84136 (length 1296)
P003_WH02/P003_WH02:k141_84615 (length 1066)
P003_WH02/P003_WH02:k141_85581 (length 2715)
P003_WH02/P003_WH02:k141_88115 (length 3324)
P003_WH02/P003_WH02:k141_89122 (length 19526)
P003_WH02/P003_WH02:k141_90089 (length 1055)
P003_WH02/P003_WH02:k141_91406 (length 3375)
P003_WH02/P003_WH02:k141_91563 (length 1344)
P003_WH02/P003_WH02:k141_92637 (length 1239)
P003_WH02/P003_WH02:k141_93434 (length 1143)
P003_WH02/P003_WH02:k141_93949 (length 1102)
P003_WH02/P003_WH02:k141_95057 (length 17650)

