[16:19:52] This is prokka 1.14.5
[16:19:52] Written by Torsten Seemann <torsten.seemann@gmail.com>
[16:19:52] Homepage is https://github.com/tseemann/prokka
[16:19:52] Local time is Fri Nov 26 16:19:52 2021
[16:19:52] You are ruud
[16:19:52] Operating system is linux
[16:19:52] You have BioPerl 1.7.8
[16:19:52] System has 40 cores.
[16:19:52] Will use maximum of 40 cores.
[16:19:52] Annotating as >>> Bacteria <<<
[16:19:52] Creating new output folder: P001_WD06
[16:19:52] Running: mkdir -p P001_WD06
[16:19:52] Using filename prefix: P001_WD06.XXX
[16:19:52] Setting HMMER_NCPU=1
[16:19:52] Writing log to: P001_WD06/P001_WD06.log
[16:19:52] Command: /usr/local/packages/prokka-1.14.5/bin/prokka --cpus 40 --prefix P001_WD06 --Kingdom Bacteria --locustag P001_WD06 --proteins vaccinium.gb ../02_Blast/chloroplast_contigs_rapid_genomics_run2/P001_WD06_chloroplast_contigs.fa
[16:19:52] Appending to PATH: /home/local/packages/prokka-1.14.5/bin/../binaries/linux
[16:19:52] Appending to PATH: /home/local/packages/prokka-1.14.5/bin/../binaries/linux/../common
[16:19:52] Appending to PATH: /home/local/packages/prokka-1.14.5/bin
[16:19:52] Looking for 'aragorn' - found /usr/local/packages/Anaconda3-2019.10/bin/aragorn
[16:19:52] Determined aragorn version is 001002 from 'ARAGORN v1.2.38 Dean Laslett'
[16:19:52] Looking for 'barrnap' - found /usr/local/packages/Anaconda3-2019.10/bin/barrnap
[16:19:52] Determined barrnap version is 000009 from 'barrnap 0.9'
[16:19:52] Looking for 'blastp' - found /usr/local/packages/Anaconda3-2019.10/bin/blastp
[16:19:53] Determined blastp version is 002011 from 'blastp: 2.11.0+'
[16:19:53] Looking for 'cmpress' - found /usr/local/packages/Anaconda3-2019.10/bin/cmpress
[16:19:53] Determined cmpress version is 001001 from '# INFERNAL 1.1.2 (July 2016)'
[16:19:53] Looking for 'cmscan' - found /usr/local/packages/Anaconda3-2019.10/bin/cmscan
[16:19:53] Determined cmscan version is 001001 from '# INFERNAL 1.1.2 (July 2016)'
[16:19:53] Looking for 'egrep' - found /bin/egrep
[16:19:53] Looking for 'find' - found /bin/find
[16:19:53] Looking for 'grep' - found /bin/grep
[16:19:53] Looking for 'hmmpress' - found /usr/local/packages/Anaconda3-2019.10/bin/hmmpress
[16:19:53] Determined hmmpress version is 003003 from '# HMMER 3.3.2 (Nov 2020); http://hmmer.org/'
[16:19:53] Looking for 'hmmscan' - found /usr/local/packages/Anaconda3-2019.10/bin/hmmscan
[16:19:53] Determined hmmscan version is 003003 from '# HMMER 3.3.2 (Nov 2020); http://hmmer.org/'
[16:19:53] Looking for 'java' - found /usr/local/packages/jdk1.8.0_191/bin/java
[16:19:53] Looking for 'makeblastdb' - found /usr/local/packages/Anaconda3-2019.10/bin/makeblastdb
[16:19:54] Determined makeblastdb version is 002011 from 'makeblastdb: 2.11.0+'
[16:19:54] Looking for 'minced' - found /usr/local/packages/Anaconda3-2019.10/bin/minced
[16:19:54] Determined minced version is 004002 from 'minced 0.4.2'
[16:19:54] Looking for 'parallel' - found /usr/local/packages/Anaconda3-2019.10/bin/parallel
[16:19:54] Determined parallel version is 20210822 from 'GNU parallel 20210822'
[16:19:54] Looking for 'prodigal' - found /usr/local/packages/Anaconda3-2019.10/bin/prodigal
[16:19:54] Determined prodigal version is 002006 from 'Prodigal V2.6.3: February, 2016'
[16:19:54] Looking for 'prokka-genbank_to_fasta_db' - found /usr/local/packages/prokka-1.14.5/bin/prokka-genbank_to_fasta_db
[16:19:54] Looking for 'sed' - found /bin/sed
[16:19:54] Looking for 'tbl2asn' - found /usr/local/packages/Anaconda3-2019.10/bin/tbl2asn
[16:19:54] Determined tbl2asn version is 025008 from 'tbl2asn 25.8   arguments:'
[16:19:54] Using genetic code table 11.
[16:19:54] Loading and checking input file: ../02_Blast/chloroplast_contigs_rapid_genomics_run2/P001_WD06_chloroplast_contigs.fa
[16:19:54] Wrote 11 contigs totalling 122824 bp.
[16:19:54] Predicting tRNAs and tmRNAs
[16:19:54] Running: aragorn -l -gc11  -w P001_WD06\/P001_WD06\.fna
[16:19:54] 1 tRNA-Phe c[2685,2758] 34 (gaa)
[16:19:54] 2 tRNA-Thr [4484,4558] 35 (tgt)
[16:19:54] 3 tRNA-Asp c[6412,6488] 36 (gtc)
[16:19:54] 4 tRNA-Tyr c[6585,6671] 36 (gta)
[16:19:54] 5 tRNA-Glu c[6730,6802] 35 (ttc)
[16:19:54] 6 tRNA-Ser c[11649,11741] 35 (tga)
[16:19:54] 7 tRNA-Gly [12503,12574] 33 (gcc)
[16:19:54] 8 tRNA-Met c[12711,12786] 36 (cat)
[16:19:54] 9 tRNA-Met [18352,18426] 34 (cat)
[16:19:54] 10 tRNA-Met c[18588,18660] 34 (cat)
[16:19:54] 1 tRNA-Leu c[169,251] 35 (caa)
[16:19:54] 1 tRNA-His c[263,336] 34 (gtg)
[16:19:54] 2 tRNA-Gln c[6319,6392] 34 (ttg)
[16:19:54] 3 tRNA-Gln c[6527,6598] 33 (ttg)
[16:19:54] 4 tRNA-Ser c[7858,7945] 35 (gct)
[16:19:54] 1 tRNA-Met [8024,8098] 34 (cat)
[16:19:54] 1 tRNA-Arg [1720,1791] 34 (tct)
[16:19:54] 1 tRNA-Ser [751,837] 35 (gga)
[16:19:54] 2 tRNA-Cys [12066,12136] 33 (gca)
[16:19:54] 1 tRNA-Arg [1729,1802] 35 (acg)
[16:19:54] 2 tRNA-Asn c[2038,2111] 34 (gtt)
[16:19:54] 1 tRNA-Trp c[675,748] 35 (cca)
[16:19:54] 2 tRNA-Pro c[796,869] 35 (tgg)
[16:19:54] 1 tRNA-Met c[685,760] 36 (cat)
[16:19:54] 1 tRNA-Leu [5003,5082] 35 (tag)
[16:19:54] Found 25 tRNAs
[16:19:54] Predicting Ribosomal RNAs
[16:19:54] Running Barrnap with 40 threads
[16:19:56] 1 k141_13894 822 16S ribosomal RNA
[16:19:56] 2 k141_13894 4001 23S ribosomal RNA (partial)
[16:19:56] 3 k141_23545 1110 23S ribosomal RNA (partial)
[16:19:56] 4 k141_9397 3 23S ribosomal RNA (partial)
[16:19:56] Found 4 rRNAs
[16:19:56] Skipping ncRNA search, enable with --rfam if desired.
[16:19:56] Total of 29 tRNA + rRNA features
[16:19:56] Searching for CRISPR repeats
[16:19:56] Found 0 CRISPRs
[16:19:56] Predicting coding sequences
[16:19:56] Contigs total 122824 bp, so using single mode
[16:19:56] Running: prodigal -i P001_WD06\/P001_WD06\.fna -c -m -g 11 -p single -f sco -q
[16:19:56] Excluding CDS which overlaps existing RNA (tRNA) at k141_24517:6306..6602 on + strand
[16:19:56] Excluding CDS which overlaps existing RNA (tRNA) at k141_9307:1383..1727 on - strand
[16:19:56] Excluding CDS which overlaps existing RNA (tRNA) at k141_9397:2101..2289 on - strand
[16:19:56] Excluding CDS which overlaps existing RNA (rRNA) at k141_23545:2408..2590 on + strand
[16:19:56] Found 87 CDS
[16:19:56] Connecting features back to sequences
[16:19:56] Not using genus-specific database. Try --usegenus to enable it.
[16:19:56] Preparing user-supplied primary BLAST annotation source: vaccinium.gb
[16:19:56] Guessed source was in genbank format.
[16:19:56] Converting genbank 'vaccinium.gb' into Prokka FASTA 'P001_WD06/proteins.faa'
[16:19:56] Running: prokka-genbank_to_fasta_db --format genbank vaccinium\.gb > P001_WD06\/proteins\.faa 2> /dev/null
[16:19:57] Running: makeblastdb -dbtype prot -in P001_WD06\/proteins\.faa -out P001_WD06\/proteins -logfile /dev/null
[16:19:57] Using /inference source as 'vaccinium.gb'
[16:19:57] Annotating CDS, please be patient.
[16:19:57] Will use 40 CPUs for similarity searching.
[16:19:57] There are still 87 unannotated CDS left (started with 87)
[16:19:57] Will use blast to search against P001_WD06/proteins with 40 CPUs
[16:19:57] Running: cat P001_WD06\/P001_WD06\.proteins\.tmp\.25883\.faa | parallel --gnu --plain -j 40 --block 274 --recstart '>' --pipe blastp -query - -db P001_WD06/proteins -evalue 1e-09 -qcov_hsp_perc 80 -num_threads 1 -num_descriptions 1 -num_alignments 1 -seg no > P001_WD06\/P001_WD06\.proteins\.tmp\.25883\.blast 2> /dev/null
[16:20:00] Deleting unwanted file: P001_WD06/P001_WD06.proteins.tmp.25883.faa
[16:20:00] Deleting unwanted file: P001_WD06/P001_WD06.proteins.tmp.25883.blast
[16:20:00] There are still 30 unannotated CDS left (started with 87)
[16:20:00] Will use blast to search against /home/local/packages/prokka-1.14.5/db/kingdom/Bacteria/IS with 40 CPUs
[16:20:00] Running: cat P001_WD06\/P001_WD06\.IS\.tmp\.25883\.faa | parallel --gnu --plain -j 40 --block 68 --recstart '>' --pipe blastp -query - -db /home/local/packages/prokka-1.14.5/db/kingdom/Bacteria/IS -evalue 1e-30 -qcov_hsp_perc 90 -num_threads 1 -num_descriptions 1 -num_alignments 1 -seg no > P001_WD06\/P001_WD06\.IS\.tmp\.25883\.blast 2> /dev/null
[16:20:01] Deleting unwanted file: P001_WD06/P001_WD06.IS.tmp.25883.faa
[16:20:01] Deleting unwanted file: P001_WD06/P001_WD06.IS.tmp.25883.blast
[16:20:01] There are still 30 unannotated CDS left (started with 87)
[16:20:01] Will use blast to search against /home/local/packages/prokka-1.14.5/db/kingdom/Bacteria/AMR with 40 CPUs
[16:20:01] Running: cat P001_WD06\/P001_WD06\.AMR\.tmp\.25883\.faa | parallel --gnu --plain -j 40 --block 68 --recstart '>' --pipe blastp -query - -db /home/local/packages/prokka-1.14.5/db/kingdom/Bacteria/AMR -evalue 1e-300 -qcov_hsp_perc 90 -num_threads 1 -num_descriptions 1 -num_alignments 1 -seg no > P001_WD06\/P001_WD06\.AMR\.tmp\.25883\.blast 2> /dev/null
[16:20:03] Deleting unwanted file: P001_WD06/P001_WD06.AMR.tmp.25883.faa
[16:20:03] Deleting unwanted file: P001_WD06/P001_WD06.AMR.tmp.25883.blast
[16:20:03] There are still 30 unannotated CDS left (started with 87)
[16:20:03] Will use blast to search against /home/local/packages/prokka-1.14.5/db/kingdom/Bacteria/sprot with 40 CPUs
[16:20:03] Running: cat P001_WD06\/P001_WD06\.sprot\.tmp\.25883\.faa | parallel --gnu --plain -j 40 --block 68 --recstart '>' --pipe blastp -query - -db /home/local/packages/prokka-1.14.5/db/kingdom/Bacteria/sprot -evalue 1e-09 -qcov_hsp_perc 80 -num_threads 1 -num_descriptions 1 -num_alignments 1 -seg no > P001_WD06\/P001_WD06\.sprot\.tmp\.25883\.blast 2> /dev/null
[16:20:05] Deleting unwanted file: P001_WD06/P001_WD06.sprot.tmp.25883.faa
[16:20:05] Deleting unwanted file: P001_WD06/P001_WD06.sprot.tmp.25883.blast
[16:20:05] There are still 30 unannotated CDS left (started with 87)
[16:20:05] Will use hmmer3 to search against /home/local/packages/prokka-1.14.5/db/hmm/HAMAP.hmm with 40 CPUs
[16:20:05] Running: cat P001_WD06\/P001_WD06\.HAMAP\.hmm\.tmp\.25883\.faa | parallel --gnu --plain -j 40 --block 68 --recstart '>' --pipe hmmscan --noali --notextw --acc -E 1e-09 --cpu 1 /home/local/packages/prokka-1.14.5/db/hmm/HAMAP.hmm /dev/stdin > P001_WD06\/P001_WD06\.HAMAP\.hmm\.tmp\.25883\.hmmer3 2> /dev/null
[16:20:06] Deleting unwanted file: P001_WD06/P001_WD06.HAMAP.hmm.tmp.25883.faa
[16:20:06] Deleting unwanted file: P001_WD06/P001_WD06.HAMAP.hmm.tmp.25883.hmmer3
[16:20:06] Deleting unwanted file: P001_WD06/proteins.psq
[16:20:06] Deleting unwanted file: P001_WD06/proteins.phr
[16:20:06] Deleting unwanted file: P001_WD06/proteins.pin
[16:20:06] Labelling remaining 28 proteins as 'hypothetical protein'
[16:20:06] Possible /pseudo 'RNA polymerase beta' subunit' at k141_2505 position 22203
[16:20:06] Possible /pseudo 'ATP synthase CF0 subunit I' at k141_9307 position 4599
[16:20:06] Possible /pseudo 'ribosomal protein L2' at k141_9307 position 7675
[16:20:06] Found 54 unique /gene codes.
[16:20:06] Fixed 2 duplicate /gene - ndhB_1 ndhB_2
[16:20:06] Fixed 2 duplicate /gene - rpl2_1 rpl2_2
[16:20:06] Fixed 2 duplicate /gene - ndhA_1 ndhA_2
[16:20:06] Fixed 2 duplicate /gene - atpF_1 atpF_2
[16:20:06] Fixed 2 duplicate /gene - rpoC1_1 rpoC1_2
[16:20:06] Fixed 5 colliding /gene names.
[16:20:06] Adding /locus_tag identifiers
[16:20:06] Assigned 116 locus_tags to CDS and RNA features.
[16:20:06] Writing outputs to P001_WD06/
[16:20:06] Generating annotation statistics file
[16:20:06] Generating Genbank and Sequin files
[16:20:06] Running: tbl2asn -V b -a r10k -l paired-ends -M n -N 1 -y 'Annotated using prokka 1.14.5 from https://github.com/tseemann/prokka' -Z P001_WD06\/P001_WD06\.err -i P001_WD06\/P001_WD06\.fsa 2> /dev/null
[16:20:07] Deleting unwanted file: P001_WD06/errorsummary.val
[16:20:07] Deleting unwanted file: P001_WD06/P001_WD06.dr
[16:20:07] Deleting unwanted file: P001_WD06/P001_WD06.fixedproducts
[16:20:07] Deleting unwanted file: P001_WD06/P001_WD06.ecn
[16:20:07] Deleting unwanted file: P001_WD06/P001_WD06.val
[16:20:07] Repairing broken .GBK output that tbl2asn produces...
[16:20:07] Running: sed 's/COORDINATES: profile/COORDINATES:profile/' < P001_WD06\/P001_WD06\.gbf > P001_WD06\/P001_WD06\.gbk
[16:20:07] Deleting unwanted file: P001_WD06/P001_WD06.gbf
[16:20:07] Output files:
[16:20:07] P001_WD06/P001_WD06.txt
[16:20:07] P001_WD06/P001_WD06.log
[16:20:07] P001_WD06/P001_WD06.tsv
[16:20:07] P001_WD06/P001_WD06.ffn
[16:20:07] P001_WD06/P001_WD06.gbk
[16:20:07] P001_WD06/P001_WD06.tbl
[16:20:07] P001_WD06/P001_WD06.gff
[16:20:07] P001_WD06/P001_WD06.err
[16:20:07] P001_WD06/P001_WD06.faa
[16:20:07] P001_WD06/P001_WD06.fna
[16:20:07] P001_WD06/P001_WD06.fsa
[16:20:07] P001_WD06/P001_WD06.sqn
[16:20:07] Annotation finished successfully.
[16:20:07] Walltime used: 0.25 minutes
[16:20:07] If you use this result please cite the Prokka paper:
[16:20:07] Seemann T (2014) Prokka: rapid prokaryotic genome annotation. Bioinformatics. 30(14):2068-9.
[16:20:07] Type 'prokka --citation' for more details.
[16:20:07] Share and enjoy!
