Discrepancy Report Results

Summary
FATAL: MISSING_PROTEIN_ID:97 proteins have invalid IDs.
DISC_SOURCE_QUALS_ASNDISC:strain (all present, all same)
DISC_SOURCE_QUALS_ASNDISC:taxname (all present, all same)
DISC_FEATURE_COUNT:CDS: 97 present
DISC_FEATURE_COUNT:tRNA: 24 present
DISC_FEATURE_COUNT:rRNA: 2 present
DISC_COUNT_NUCLEOTIDES:6 nucleotide Bioseqs are present
FEATURE_LOCATION_CONFLICT:123 features have inconsistent gene locations.
OVERLAPPING_CDS:2 coding regions overlap another coding region with a similar or identical name.
SUSPECT_PRODUCT_NAMES:2 product_names contain suspect phrase or characters
	May contain database identifier more appropriate in note; remove from product name
		2 features contains three or more numbers together that may be identifiers more appropriate in note
NO_ANNOTATION:1 bioseqs have no features
DISC_QUALITY_SCORES:Quality scores are missing on all sequences.
ONCALLER_COMMENT_PRESENT:6 comment descriptors were found (all same)
SHORT_PROT_SEQUENCES:13 protein sequences are shorter than 50 aa.
MISSING_GENOMEASSEMBLY_COMMENTS:6 bioseqs are missing GenomeAssembly structured comments
MOLTYPE_NOT_MRNA:6 molecule types are not set as mRNA.
TECHNIQUE_NOT_TSA:6 technique are not set as TSA
MISSING_STRUCTURED_COMMENT:6 sequences do not include structured comments.
MISSING_PROJECT:103 sequences do not include project.
DISC_INCONSISTENT_MOLINFO_TECH:Molinfo Technique Report (some missing, all same)


Detailed Report

FATAL: DiscRep_ALL:MISSING_PROTEIN_ID::97 proteins have invalid IDs.
P001_WH04/P001_WH04:k141_53499_1 (length 274)
P001_WH04/P001_WH04:k141_53499_2 (length 93)
P001_WH04/P001_WH04:k141_53499_3 (length 2273)
P001_WH04/P001_WH04:k141_53499_4 (length 70)
P001_WH04/P001_WH04:k141_53499_5 (length 45)
P001_WH04/P001_WH04:k141_53499_6 (length 260)
P001_WH04/P001_WH04:k141_53499_7 (length 246)
P001_WH04/P001_WH04:k141_53499_8 (length 155)
P001_WH04/P001_WH04:k141_53499_9 (length 63)
P001_WH04/P001_WH04:k141_53499_10 (length 73)
P001_WH04/P001_WH04:k141_53499_11 (length 64)
P001_WH04/P001_WH04:k141_53499_12 (length 34)
P001_WH04/P001_WH04:k141_53499_13 (length 92)
P001_WH04/P001_WH04:k141_53499_14 (length 52)
P001_WH04/P001_WH04:k141_53499_15 (length 71)
P001_WH04/P001_WH04:k141_1648_1 (length 750)
P001_WH04/P001_WH04:k141_1648_2 (length 79)
P001_WH04/P001_WH04:k141_1648_3 (length 82)
P001_WH04/P001_WH04:k141_1648_4 (length 73)
P001_WH04/P001_WH04:k141_1648_5 (length 97)
P001_WH04/P001_WH04:k141_1648_6 (length 201)
P001_WH04/P001_WH04:k141_1648_7 (length 158)
P001_WH04/P001_WH04:k141_1648_8 (length 248)
P001_WH04/P001_WH04:k141_1648_9 (length 120)
P001_WH04/P001_WH04:k141_1648_10 (length 73)
P001_WH04/P001_WH04:k141_1648_11 (length 140)
P001_WH04/P001_WH04:k141_1648_12 (length 498)
P001_WH04/P001_WH04:k141_1648_13 (length 475)
P001_WH04/P001_WH04:k141_1648_14 (length 44)
P001_WH04/P001_WH04:k141_1648_15 (length 492)
P001_WH04/P001_WH04:k141_1648_16 (length 36)
P001_WH04/P001_WH04:k141_1648_17 (length 184)
P001_WH04/P001_WH04:k141_1648_18 (length 229)
P001_WH04/P001_WH04:k141_1648_19 (length 320)
P001_WH04/P001_WH04:k141_1648_20 (length 39)
P001_WH04/P001_WH04:k141_1648_21 (length 83)
P001_WH04/P001_WH04:k141_1648_22 (length 37)
P001_WH04/P001_WH04:k141_1648_23 (length 42)
P001_WH04/P001_WH04:k141_1648_24 (length 109)
P001_WH04/P001_WH04:k141_1648_25 (length 101)
P001_WH04/P001_WH04:k141_1648_26 (length 130)
P001_WH04/P001_WH04:k141_1648_27 (length 73)
P001_WH04/P001_WH04:k141_1648_28 (length 117)
P001_WH04/P001_WH04:k141_1648_29 (length 508)
P001_WH04/P001_WH04:k141_1648_30 (length 73)
P001_WH04/P001_WH04:k141_1648_31 (length 162)
P001_WH04/P001_WH04:k141_1648_32 (length 37)
P001_WH04/P001_WH04:k141_1648_33 (length 177)
P001_WH04/P001_WH04:k141_1648_34 (length 345)
P001_WH04/P001_WH04:k141_1648_35 (length 138)
P001_WH04/P001_WH04:k141_1648_36 (length 85)
P001_WH04/P001_WH04:k141_1648_37 (length 134)
P001_WH04/P001_WH04:k141_1648_38 (length 122)
P001_WH04/P001_WH04:k141_1648_39 (length 118)
P001_WH04/P001_WH04:k141_1648_40 (length 80)
P001_WH04/P001_WH04:k141_1648_41 (length 217)
P001_WH04/P001_WH04:k141_1648_42 (length 129)
P001_WH04/P001_WH04:k141_1648_43 (length 92)
P001_WH04/P001_WH04:k141_74143_1 (length 353)
P001_WH04/P001_WH04:k141_74143_2 (length 507)
P001_WH04/P001_WH04:k141_74143_3 (length 45)
P001_WH04/P001_WH04:k141_74143_4 (length 39)
P001_WH04/P001_WH04:k141_74143_5 (length 61)
P001_WH04/P001_WH04:k141_74143_6 (length 36)
P001_WH04/P001_WH04:k141_74143_7 (length 507)
P001_WH04/P001_WH04:k141_74143_8 (length 162)
P001_WH04/P001_WH04:k141_74143_9 (length 75)
P001_WH04/P001_WH04:k141_74143_10 (length 56)
P001_WH04/P001_WH04:k141_74143_11 (length 81)
P001_WH04/P001_WH04:k141_74143_12 (length 247)
P001_WH04/P001_WH04:k141_74143_13 (length 293)
P001_WH04/P001_WH04:k141_74143_14 (length 1374)
P001_WH04/P001_WH04:k141_74143_15 (length 467)
P001_WH04/P001_WH04:k141_74143_16 (length 152)
P001_WH04/P001_WH04:k141_74143_17 (length 123)
P001_WH04/P001_WH04:k141_40580_1 (length 247)
P001_WH04/P001_WH04:k141_40580_2 (length 500)
P001_WH04/P001_WH04:k141_40580_3 (length 58)
P001_WH04/P001_WH04:k141_40580_4 (length 320)
P001_WH04/P001_WH04:k141_40580_5 (length 534)
P001_WH04/P001_WH04:k141_40580_6 (length 81)
P001_WH04/P001_WH04:k141_40580_7 (length 48)
P001_WH04/P001_WH04:k141_40580_8 (length 100)
P001_WH04/P001_WH04:k141_40580_9 (length 176)
P001_WH04/P001_WH04:k141_40580_10 (length 170)
P001_WH04/P001_WH04:k141_40580_11 (length 156)
P001_WH04/P001_WH04:k141_40580_12 (length 188)
P001_WH04/P001_WH04:k141_40580_13 (length 402)
P001_WH04/P001_WH04:k141_40580_14 (length 90)
P001_WH04/P001_WH04:k141_40580_15 (length 281)
P001_WH04/P001_WH04:k141_40580_16 (length 1105)
P001_WH04/P001_WH04:k141_65203_1 (length 734)
P001_WH04/P001_WH04:k141_65203_2 (length 59)
P001_WH04/P001_WH04:k141_65203_3 (length 98)
P001_WH04/P001_WH04:k141_65203_4 (length 461)
P001_WH04/P001_WH04:k141_65203_5 (length 353)
P001_WH04/P001_WH04:k141_65203_6 (length 49)

DiscRep_ALL:DISC_SOURCE_QUALS_ASNDISC::strain (all present, all same)
DiscRep_SUB:DISC_SOURCE_QUALS_ASNDISC::6 sources have 'strain' for strain
DiscRep_ALL:DISC_SOURCE_QUALS_ASNDISC::taxname (all present, all same)
DiscRep_SUB:DISC_SOURCE_QUALS_ASNDISC::6 sources have 'Genus species' for taxname
DiscRep_ALL:DISC_FEATURE_COUNT::CDS: 97 present
DiscRep_ALL:DISC_FEATURE_COUNT::tRNA: 24 present
DiscRep_ALL:DISC_FEATURE_COUNT::rRNA: 2 present
DiscRep_ALL:DISC_COUNT_NUCLEOTIDES::6 nucleotide Bioseqs are present
P001_WH04/P001_WH04:k141_53499 (length 25679)
P001_WH04/P001_WH04:k141_1648 (length 44023)
P001_WH04/P001_WH04:k141_74143 (length 24093)
P001_WH04/P001_WH04:k141_51872 (length 1269)
P001_WH04/P001_WH04:k141_40580 (length 17520)
P001_WH04/P001_WH04:k141_65203 (length 14740)

DiscRep_ALL:FEATURE_LOCATION_CONFLICT::123 features have inconsistent gene locations.
DiscRep_SUB:FEATURE_LOCATION_CONFLICT::Coding region xref gene does not exist
P001_WH04/P001_WH04:CDS	ribosomal protein L2	k141_53499:c996-172	P001_WH04_00001

DiscRep_SUB:FEATURE_LOCATION_CONFLICT::Coding region xref gene does not exist
P001_WH04/P001_WH04:CDS	ribosomal protein L23	k141_53499:c1303-1022	P001_WH04_00002

DiscRep_SUB:FEATURE_LOCATION_CONFLICT::Coding region xref gene does not exist
P001_WH04/P001_WH04:CDS	hypothetical protein	k141_53499:1633-8454	P001_WH04_00004

DiscRep_SUB:FEATURE_LOCATION_CONFLICT::Coding region xref gene does not exist
P001_WH04/P001_WH04:CDS	hypothetical protein	k141_53499:c8604-8392	P001_WH04_00005

DiscRep_SUB:FEATURE_LOCATION_CONFLICT::Coding region xref gene does not exist
P001_WH04/P001_WH04:CDS	hypothetical protein	k141_53499:c9567-9430	P001_WH04_00007

DiscRep_SUB:FEATURE_LOCATION_CONFLICT::Coding region xref gene does not exist
P001_WH04/P001_WH04:CDS	NADH-plastoquinone oxidoreductase subunit 2	k141_53499:c10600-9818	P001_WH04_00008

DiscRep_SUB:FEATURE_LOCATION_CONFLICT::Coding region xref gene does not exist
P001_WH04/P001_WH04:CDS	NADH-plastoquinone oxidoreductase subunit 2	k141_53499:c11975-11235	P001_WH04_00009

DiscRep_SUB:FEATURE_LOCATION_CONFLICT::Coding region xref gene does not exist
P001_WH04/P001_WH04:CDS	ribosomal protein S7	k141_53499:c12820-12353	P001_WH04_00010

DiscRep_SUB:FEATURE_LOCATION_CONFLICT::Coding region xref gene does not exist
P001_WH04/P001_WH04:CDS	hypothetical protein	k141_53499:12921-13112	P001_WH04_00011

DiscRep_SUB:FEATURE_LOCATION_CONFLICT::Coding region xref gene does not exist
P001_WH04/P001_WH04:CDS	hypothetical protein	k141_53499:17992-18213	P001_WH04_00014

DiscRep_SUB:FEATURE_LOCATION_CONFLICT::Coding region xref gene does not exist
P001_WH04/P001_WH04:CDS	hypothetical protein	k141_53499:18333-18527	P001_WH04_00015

DiscRep_SUB:FEATURE_LOCATION_CONFLICT::Coding region xref gene does not exist
P001_WH04/P001_WH04:CDS	hypothetical protein	k141_53499:18849-18953	P001_WH04_00016

DiscRep_SUB:FEATURE_LOCATION_CONFLICT::Coding region xref gene does not exist
P001_WH04/P001_WH04:CDS	hypothetical protein	k141_53499:18932-19210	P001_WH04_00017

DiscRep_SUB:FEATURE_LOCATION_CONFLICT::Coding region xref gene does not exist
P001_WH04/P001_WH04:CDS	hypothetical protein	k141_53499:c22951-22793	P001_WH04_00019

DiscRep_SUB:FEATURE_LOCATION_CONFLICT::Coding region xref gene does not exist
P001_WH04/P001_WH04:CDS	hypothetical protein	k141_53499:24417-24632	P001_WH04_00022

DiscRep_SUB:FEATURE_LOCATION_CONFLICT::RNA feature xref gene does not exist
P001_WH04/P001_WH04:tRNA	Met	k141_53499:c1544-1470	P001_WH04_00003

DiscRep_SUB:FEATURE_LOCATION_CONFLICT::RNA feature xref gene does not exist
P001_WH04/P001_WH04:tRNA	Leu	k141_53499:c9265-9183	P001_WH04_00006

DiscRep_SUB:FEATURE_LOCATION_CONFLICT::RNA feature xref gene does not exist
P001_WH04/P001_WH04:tRNA	Val	k141_53499:15522-15593	P001_WH04_00012

DiscRep_SUB:FEATURE_LOCATION_CONFLICT::RNA feature xref gene does not exist
P001_WH04/P001_WH04:rRNA	16S ribosomal RNA	k141_53499:15825-17311	P001_WH04_00013

DiscRep_SUB:FEATURE_LOCATION_CONFLICT::RNA feature xref gene does not exist
P001_WH04/P001_WH04:rRNA	23S ribosomal RNA	k141_53499:19726-22736	P001_WH04_00018

DiscRep_SUB:FEATURE_LOCATION_CONFLICT::RNA feature xref gene does not exist
P001_WH04/P001_WH04:tRNA	Arg	k141_53499:23379-23453	P001_WH04_00020

DiscRep_SUB:FEATURE_LOCATION_CONFLICT::RNA feature xref gene does not exist
P001_WH04/P001_WH04:tRNA	Asn	k141_53499:c24068-23995	P001_WH04_00021

DiscRep_SUB:FEATURE_LOCATION_CONFLICT::Coding region xref gene does not exist
P001_WH04/P001_WH04:CDS	photosystem I P700 apoprotein A1	k141_1648:c2265-13	P001_WH04_00023

DiscRep_SUB:FEATURE_LOCATION_CONFLICT::Coding region xref gene does not exist
P001_WH04/P001_WH04:CDS	hypothetical protein	k141_1648:3208-3447	P001_WH04_00024

DiscRep_SUB:FEATURE_LOCATION_CONFLICT::Coding region xref gene does not exist
P001_WH04/P001_WH04:CDS	putative chloroplast RF34	k141_1648:c3995-3747	P001_WH04_00025

DiscRep_SUB:FEATURE_LOCATION_CONFLICT::Coding region xref gene does not exist
P001_WH04/P001_WH04:CDS	hypothetical protein	k141_1648:c4621-4400	P001_WH04_00026

DiscRep_SUB:FEATURE_LOCATION_CONFLICT::Coding region xref gene does not exist
P001_WH04/P001_WH04:CDS	hypothetical protein	k141_1648:4783-5076	P001_WH04_00027

DiscRep_SUB:FEATURE_LOCATION_CONFLICT::Coding region xref gene does not exist
P001_WH04/P001_WH04:CDS	ribosomal protein S4	k141_1648:c6285-5680	P001_WH04_00029

DiscRep_SUB:FEATURE_LOCATION_CONFLICT::Coding region xref gene does not exist
P001_WH04/P001_WH04:CDS	NADH-plastoquinone oxidoreductase subunit J	k141_1648:c9936-9460	P001_WH04_00032

DiscRep_SUB:FEATURE_LOCATION_CONFLICT::Coding region xref gene does not exist
P001_WH04/P001_WH04:CDS	NADH-plastoquinone oxidoreductase subunit K	k141_1648:c10797-10051	P001_WH04_00033

DiscRep_SUB:FEATURE_LOCATION_CONFLICT::Coding region xref gene does not exist
P001_WH04/P001_WH04:CDS	NADH-plastoquinone oxidoreductase subunit 3	k141_1648:c11150-10788	P001_WH04_00034

DiscRep_SUB:FEATURE_LOCATION_CONFLICT::Coding region xref gene does not exist
P001_WH04/P001_WH04:CDS	hypothetical protein	k141_1648:c12725-12504	P001_WH04_00035

DiscRep_SUB:FEATURE_LOCATION_CONFLICT::Coding region xref gene does not exist
P001_WH04/P001_WH04:CDS	ATP synthase CF1 epsilon subunit	k141_1648:c13430-13008	P001_WH04_00037

DiscRep_SUB:FEATURE_LOCATION_CONFLICT::Coding region xref gene does not exist
P001_WH04/P001_WH04:CDS	ATP synthase CF1 beta subunit	k141_1648:c14923-13427	P001_WH04_00038

DiscRep_SUB:FEATURE_LOCATION_CONFLICT::Coding region xref gene does not exist
P001_WH04/P001_WH04:CDS	ribulose-1,5-bisphosphate carboxylase/oxygenase large subunit	k141_1648:15667-17094	P001_WH04_00039

DiscRep_SUB:FEATURE_LOCATION_CONFLICT::Coding region xref gene does not exist
P001_WH04/P001_WH04:CDS	hypothetical protein	k141_1648:c17673-17539	P001_WH04_00040

DiscRep_SUB:FEATURE_LOCATION_CONFLICT::Coding region xref gene does not exist
P001_WH04/P001_WH04:CDS	Acetyl-coenzyme A carboxylase carboxyl transferase subunit beta, chloroplastic	k141_1648:17834-19312	P001_WH04_00041

DiscRep_SUB:FEATURE_LOCATION_CONFLICT::Coding region xref gene does not exist
P001_WH04/P001_WH04:CDS	photosystem I subunit VIII	k141_1648:19554-19664	P001_WH04_00042

DiscRep_SUB:FEATURE_LOCATION_CONFLICT::Coding region xref gene does not exist
P001_WH04/P001_WH04:CDS	photosystem I assembly protein Ycf4	k141_1648:20107-20661	P001_WH04_00043

DiscRep_SUB:FEATURE_LOCATION_CONFLICT::Coding region xref gene does not exist
P001_WH04/P001_WH04:CDS	envelope membrane protein	k141_1648:21358-22047	P001_WH04_00044

DiscRep_SUB:FEATURE_LOCATION_CONFLICT::Coding region xref gene does not exist
P001_WH04/P001_WH04:CDS	cytochrome f	k141_1648:22273-23235	P001_WH04_00045

DiscRep_SUB:FEATURE_LOCATION_CONFLICT::Coding region xref gene does not exist
P001_WH04/P001_WH04:CDS	photosystem II cytochrome b559 beta subunit	k141_1648:c24332-24213	P001_WH04_00046

DiscRep_SUB:FEATURE_LOCATION_CONFLICT::Coding region xref gene does not exist
P001_WH04/P001_WH04:CDS	photosystem II cytochrome b559 alpha subunit	k141_1648:c24593-24342	P001_WH04_00047

DiscRep_SUB:FEATURE_LOCATION_CONFLICT::Coding region xref gene does not exist
P001_WH04/P001_WH04:CDS	cytochrome b6/f complex subunit V	k141_1648:26118-26231	P001_WH04_00048

DiscRep_SUB:FEATURE_LOCATION_CONFLICT::Coding region xref gene does not exist
P001_WH04/P001_WH04:CDS	photosystem I subunit IX	k141_1648:26883-27011	P001_WH04_00051

DiscRep_SUB:FEATURE_LOCATION_CONFLICT::Coding region xref gene does not exist
P001_WH04/P001_WH04:CDS	hypothetical protein	k141_1648:27290-27619	P001_WH04_00052

DiscRep_SUB:FEATURE_LOCATION_CONFLICT::Coding region xref gene does not exist
P001_WH04/P001_WH04:CDS	ribosomal protein S18	k141_1648:27796-28101	P001_WH04_00053

DiscRep_SUB:FEATURE_LOCATION_CONFLICT::Coding region xref gene does not exist
P001_WH04/P001_WH04:CDS	ribosomal protein L20	k141_1648:c28667-28275	P001_WH04_00054

DiscRep_SUB:FEATURE_LOCATION_CONFLICT::Coding region xref gene does not exist
P001_WH04/P001_WH04:CDS	ATP-dependent Clp protease proteolytic subunit	k141_1648:c29977-29756	P001_WH04_00055

DiscRep_SUB:FEATURE_LOCATION_CONFLICT::Coding region xref gene does not exist
P001_WH04/P001_WH04:CDS	ATP-dependent Clp protease proteolytic subunit	k141_1648:c30887-30534	P001_WH04_00056

DiscRep_SUB:FEATURE_LOCATION_CONFLICT::Coding region xref gene does not exist
P001_WH04/P001_WH04:CDS	photosystem II CP47 chlorophyll apoprotein	k141_1648:32136-33662	P001_WH04_00057

DiscRep_SUB:FEATURE_LOCATION_CONFLICT::Coding region xref gene does not exist
P001_WH04/P001_WH04:CDS	photosystem II phosphoprotein	k141_1648:34198-34419	P001_WH04_00058

DiscRep_SUB:FEATURE_LOCATION_CONFLICT::Coding region xref gene does not exist
P001_WH04/P001_WH04:CDS	cytochrome b6	k141_1648:35525-36013	P001_WH04_00059

DiscRep_SUB:FEATURE_LOCATION_CONFLICT::Coding region xref gene does not exist
P001_WH04/P001_WH04:CDS	hypothetical protein	k141_1648:c36387-36274	P001_WH04_00060

DiscRep_SUB:FEATURE_LOCATION_CONFLICT::Coding region xref gene does not exist
P001_WH04/P001_WH04:CDS	cytochrome b6/f complex subunit IV	k141_1648:36870-37403	P001_WH04_00061

DiscRep_SUB:FEATURE_LOCATION_CONFLICT::Coding region xref gene does not exist
P001_WH04/P001_WH04:CDS	DNA-directed RNA polymerase subunit alpha	k141_1648:c38624-37587	P001_WH04_00062

DiscRep_SUB:FEATURE_LOCATION_CONFLICT::Coding region xref gene does not exist
P001_WH04/P001_WH04:CDS	ribosomal protein S11	k141_1648:c39082-38666	P001_WH04_00063

DiscRep_SUB:FEATURE_LOCATION_CONFLICT::Coding region xref gene does not exist
P001_WH04/P001_WH04:CDS	translational initiation factor 1	k141_1648:c39688-39431	P001_WH04_00064

DiscRep_SUB:FEATURE_LOCATION_CONFLICT::Coding region xref gene does not exist
P001_WH04/P001_WH04:CDS	ribosomal protein S8	k141_1648:c40214-39810	P001_WH04_00065

DiscRep_SUB:FEATURE_LOCATION_CONFLICT::Coding region xref gene does not exist
P001_WH04/P001_WH04:CDS	ribosomal protein L14	k141_1648:c40743-40375	P001_WH04_00066

DiscRep_SUB:FEATURE_LOCATION_CONFLICT::Coding region xref gene does not exist
P001_WH04/P001_WH04:CDS	ribosomal protein L16	k141_1648:c41243-40887	P001_WH04_00067

DiscRep_SUB:FEATURE_LOCATION_CONFLICT::Coding region xref gene does not exist
P001_WH04/P001_WH04:CDS	hypothetical protein	k141_1648:41956-42198	P001_WH04_00068

DiscRep_SUB:FEATURE_LOCATION_CONFLICT::Coding region xref gene does not exist
P001_WH04/P001_WH04:CDS	ribosomal protein S3	k141_1648:c43140-42487	P001_WH04_00069

DiscRep_SUB:FEATURE_LOCATION_CONFLICT::Coding region xref gene does not exist
P001_WH04/P001_WH04:CDS	ribosomal protein L22	k141_1648:c43650-43261	P001_WH04_00070

DiscRep_SUB:FEATURE_LOCATION_CONFLICT::Coding region xref gene does not exist
P001_WH04/P001_WH04:CDS	ribosomal protein S19	k141_1648:c43986-43708	P001_WH04_00071

DiscRep_SUB:FEATURE_LOCATION_CONFLICT::RNA feature xref gene does not exist
P001_WH04/P001_WH04:tRNA	Ser	k141_1648:5344-5432	P001_WH04_00028

DiscRep_SUB:FEATURE_LOCATION_CONFLICT::RNA feature xref gene does not exist
P001_WH04/P001_WH04:tRNA	Thr	k141_1648:c6728-6653	P001_WH04_00030

DiscRep_SUB:FEATURE_LOCATION_CONFLICT::RNA feature xref gene does not exist
P001_WH04/P001_WH04:tRNA	Phe	k141_1648:8671-8744	P001_WH04_00031

DiscRep_SUB:FEATURE_LOCATION_CONFLICT::RNA feature xref gene does not exist
P001_WH04/P001_WH04:tRNA	Met	k141_1648:12852-12924	P001_WH04_00036

DiscRep_SUB:FEATURE_LOCATION_CONFLICT::RNA feature xref gene does not exist
P001_WH04/P001_WH04:tRNA	Trp	k141_1648:c26429-26355	P001_WH04_00049

DiscRep_SUB:FEATURE_LOCATION_CONFLICT::RNA feature xref gene does not exist
P001_WH04/P001_WH04:tRNA	Pro	k141_1648:c26672-26597	P001_WH04_00050

DiscRep_SUB:FEATURE_LOCATION_CONFLICT::Coding region xref gene does not exist
P001_WH04/P001_WH04:CDS	photosystem II protein D1	k141_74143:c1422-361	P001_WH04_00073

DiscRep_SUB:FEATURE_LOCATION_CONFLICT::Coding region xref gene does not exist
P001_WH04/P001_WH04:CDS	maturase K	k141_74143:c3485-1962	P001_WH04_00074

DiscRep_SUB:FEATURE_LOCATION_CONFLICT::Coding region xref gene does not exist
P001_WH04/P001_WH04:CDS	hypothetical protein	k141_74143:5647-5784	P001_WH04_00075

DiscRep_SUB:FEATURE_LOCATION_CONFLICT::Coding region xref gene does not exist
P001_WH04/P001_WH04:CDS	hypothetical protein	k141_74143:c6556-6437	P001_WH04_00076

DiscRep_SUB:FEATURE_LOCATION_CONFLICT::Coding region xref gene does not exist
P001_WH04/P001_WH04:CDS	photosystem II protein K	k141_74143:7315-7500	P001_WH04_00078

DiscRep_SUB:FEATURE_LOCATION_CONFLICT::Coding region xref gene does not exist
P001_WH04/P001_WH04:CDS	Photosystem II reaction center protein I	k141_74143:7894-8004	P001_WH04_00079

DiscRep_SUB:FEATURE_LOCATION_CONFLICT::Coding region xref gene does not exist
P001_WH04/P001_WH04:CDS	ATP synthase CF1 alpha subunit	k141_74143:c11747-10224	P001_WH04_00082

DiscRep_SUB:FEATURE_LOCATION_CONFLICT::Coding region xref gene does not exist
P001_WH04/P001_WH04:CDS	ATP synthase CF0 subunit I	k141_74143:c12303-11815	P001_WH04_00083

DiscRep_SUB:FEATURE_LOCATION_CONFLICT::Coding region xref gene does not exist
P001_WH04/P001_WH04:CDS	hypothetical protein	k141_74143:12703-12930	P001_WH04_00084

DiscRep_SUB:FEATURE_LOCATION_CONFLICT::Coding region xref gene does not exist
P001_WH04/P001_WH04:CDS	ATP synthase CF0 subunit I	k141_74143:c13086-12916	P001_WH04_00085

DiscRep_SUB:FEATURE_LOCATION_CONFLICT::Coding region xref gene does not exist
P001_WH04/P001_WH04:CDS	ATP synthase CF0 subunit III	k141_74143:c13732-13487	P001_WH04_00086

DiscRep_SUB:FEATURE_LOCATION_CONFLICT::Coding region xref gene does not exist
P001_WH04/P001_WH04:CDS	ATP synthase CF0 subunit IV	k141_74143:c15373-14630	P001_WH04_00087

DiscRep_SUB:FEATURE_LOCATION_CONFLICT::Coding region xref gene does not exist
P001_WH04/P001_WH04:CDS	hypothetical protein	k141_74143:c16442-15561	P001_WH04_00088

DiscRep_SUB:FEATURE_LOCATION_CONFLICT::Coding region xref gene does not exist
P001_WH04/P001_WH04:CDS	RNA polymerase beta'' subunit	k141_74143:c20622-16498	P001_WH04_00089

DiscRep_SUB:FEATURE_LOCATION_CONFLICT::Coding region xref gene does not exist
P001_WH04/P001_WH04:CDS	RNA polymerase beta' subunit	k141_74143:c22187-20784	P001_WH04_00090

DiscRep_SUB:FEATURE_LOCATION_CONFLICT::Coding region xref gene does not exist
P001_WH04/P001_WH04:CDS	RNA polymerase beta' subunit	k141_74143:c23582-23124	P001_WH04_00091

DiscRep_SUB:FEATURE_LOCATION_CONFLICT::Coding region xref gene does not exist
P001_WH04/P001_WH04:CDS	RNA polymerase beta subunit	k141_74143:c23959-23588	P001_WH04_00092

DiscRep_SUB:FEATURE_LOCATION_CONFLICT::RNA feature xref gene does not exist
P001_WH04/P001_WH04:tRNA	His	k141_74143:c212-138	P001_WH04_00072

DiscRep_SUB:FEATURE_LOCATION_CONFLICT::RNA feature xref gene does not exist
P001_WH04/P001_WH04:tRNA	Gln	k141_74143:c6933-6862	P001_WH04_00077

DiscRep_SUB:FEATURE_LOCATION_CONFLICT::RNA feature xref gene does not exist
P001_WH04/P001_WH04:tRNA	Ser	k141_74143:c8226-8139	P001_WH04_00080

DiscRep_SUB:FEATURE_LOCATION_CONFLICT::RNA feature xref gene does not exist
P001_WH04/P001_WH04:tRNA	Arg	k141_74143:9938-10009	P001_WH04_00081

DiscRep_SUB:FEATURE_LOCATION_CONFLICT::Coding region xref gene does not exist
P001_WH04/P001_WH04:CDS	NADH-plastoquinone oxidoreductase subunit 5	k141_40580:c872-129	P001_WH04_00093

DiscRep_SUB:FEATURE_LOCATION_CONFLICT::Coding region xref gene does not exist
P001_WH04/P001_WH04:CDS	NADH-plastoquinone oxidoreductase subunit 5	k141_40580:c2364-862	P001_WH04_00094

DiscRep_SUB:FEATURE_LOCATION_CONFLICT::Coding region xref gene does not exist
P001_WH04/P001_WH04:CDS	hypothetical protein	k141_40580:c3132-2956	P001_WH04_00095

DiscRep_SUB:FEATURE_LOCATION_CONFLICT::Coding region xref gene does not exist
P001_WH04/P001_WH04:CDS	cytochrome c heme attachment protein	k141_40580:3818-4780	P001_WH04_00097

DiscRep_SUB:FEATURE_LOCATION_CONFLICT::Coding region xref gene does not exist
P001_WH04/P001_WH04:CDS	NADH-plastoquinone oxidoreductase subunit 4	k141_40580:c6619-5015	P001_WH04_00098

DiscRep_SUB:FEATURE_LOCATION_CONFLICT::Coding region xref gene does not exist
P001_WH04/P001_WH04:CDS	photosystem I subunit VII	k141_40580:c6895-6650	P001_WH04_00099

DiscRep_SUB:FEATURE_LOCATION_CONFLICT::Coding region xref gene does not exist
P001_WH04/P001_WH04:CDS	hypothetical protein	k141_40580:6981-7127	P001_WH04_00100

DiscRep_SUB:FEATURE_LOCATION_CONFLICT::Coding region xref gene does not exist
P001_WH04/P001_WH04:CDS	NADH-plastoquinone oxidoreductase subunit 4L	k141_40580:c7496-7194	P001_WH04_00101

DiscRep_SUB:FEATURE_LOCATION_CONFLICT::Coding region xref gene does not exist
P001_WH04/P001_WH04:CDS	NADH-plastoquinone oxidoreductase subunit 6	k141_40580:c8271-7741	P001_WH04_00102

DiscRep_SUB:FEATURE_LOCATION_CONFLICT::Coding region xref gene does not exist
P001_WH04/P001_WH04:CDS	NADH-plastoquinone oxidoreductase subunit I	k141_40580:c9162-8650	P001_WH04_00103

DiscRep_SUB:FEATURE_LOCATION_CONFLICT::Coding region xref gene does not exist
P001_WH04/P001_WH04:CDS	NADH-plastoquinone oxidoreductase subunit 1	k141_40580:c9700-9230	P001_WH04_00104

DiscRep_SUB:FEATURE_LOCATION_CONFLICT::Coding region xref gene does not exist
P001_WH04/P001_WH04:CDS	NADH-plastoquinone oxidoreductase subunit 1	k141_40580:c11390-10824	P001_WH04_00105

DiscRep_SUB:FEATURE_LOCATION_CONFLICT::Coding region xref gene does not exist
P001_WH04/P001_WH04:CDS	NADH-plastoquinone oxidoreductase subunit 7	k141_40580:c12600-11392	P001_WH04_00106

DiscRep_SUB:FEATURE_LOCATION_CONFLICT::Coding region xref gene does not exist
P001_WH04/P001_WH04:CDS	ribosomal protein S15	k141_40580:c12934-12662	P001_WH04_00107

DiscRep_SUB:FEATURE_LOCATION_CONFLICT::Coding region xref gene does not exist
P001_WH04/P001_WH04:CDS	hypothetical protein	k141_40580:c14101-13256	P001_WH04_00108

DiscRep_SUB:FEATURE_LOCATION_CONFLICT::Coding region xref gene does not exist
P001_WH04/P001_WH04:CDS	hypothetical protein	k141_40580:c17429-14112	P001_WH04_00109

DiscRep_SUB:FEATURE_LOCATION_CONFLICT::RNA feature xref gene does not exist
P001_WH04/P001_WH04:tRNA	Leu	k141_40580:3617-3696	P001_WH04_00096

DiscRep_SUB:FEATURE_LOCATION_CONFLICT::Coding region xref gene does not exist
P001_WH04/P001_WH04:CDS	photosystem I P700 apoprotein A2	k141_65203:155-2359	P001_WH04_00110

DiscRep_SUB:FEATURE_LOCATION_CONFLICT::Coding region xref gene does not exist
P001_WH04/P001_WH04:CDS	hypothetical protein	k141_65203:2622-2801	P001_WH04_00111

DiscRep_SUB:FEATURE_LOCATION_CONFLICT::Coding region xref gene does not exist
P001_WH04/P001_WH04:CDS	hypothetical protein	k141_65203:3920-4216	P001_WH04_00114

DiscRep_SUB:FEATURE_LOCATION_CONFLICT::Coding region xref gene does not exist
P001_WH04/P001_WH04:CDS	photosystem II CP43 chlorophyll apoprotein	k141_65203:c6122-4737	P001_WH04_00116

DiscRep_SUB:FEATURE_LOCATION_CONFLICT::Coding region xref gene does not exist
P001_WH04/P001_WH04:CDS	photosystem II protein D2	k141_65203:c7167-6106	P001_WH04_00117

DiscRep_SUB:FEATURE_LOCATION_CONFLICT::Coding region xref gene does not exist
P001_WH04/P001_WH04:CDS	hypothetical protein	k141_65203:9862-10011	P001_WH04_00122

DiscRep_SUB:FEATURE_LOCATION_CONFLICT::RNA feature xref gene does not exist
P001_WH04/P001_WH04:tRNA	Met	k141_65203:2949-3023	P001_WH04_00112

DiscRep_SUB:FEATURE_LOCATION_CONFLICT::RNA feature xref gene does not exist
P001_WH04/P001_WH04:tRNA	Gly	k141_65203:c3248-3178	P001_WH04_00113

DiscRep_SUB:FEATURE_LOCATION_CONFLICT::RNA feature xref gene does not exist
P001_WH04/P001_WH04:tRNA	Ser	k141_65203:4423-4515	P001_WH04_00115

DiscRep_SUB:FEATURE_LOCATION_CONFLICT::RNA feature xref gene does not exist
P001_WH04/P001_WH04:tRNA	Thr	k141_65203:c8612-8539	P001_WH04_00118

DiscRep_SUB:FEATURE_LOCATION_CONFLICT::RNA feature xref gene does not exist
P001_WH04/P001_WH04:tRNA	Glu	k141_65203:9172-9246	P001_WH04_00119

DiscRep_SUB:FEATURE_LOCATION_CONFLICT::RNA feature xref gene does not exist
P001_WH04/P001_WH04:tRNA	Tyr	k141_65203:9305-9388	P001_WH04_00120

DiscRep_SUB:FEATURE_LOCATION_CONFLICT::RNA feature xref gene does not exist
P001_WH04/P001_WH04:tRNA	Asp	k141_65203:9718-9791	P001_WH04_00121

DiscRep_SUB:FEATURE_LOCATION_CONFLICT::RNA feature xref gene does not exist
P001_WH04/P001_WH04:tRNA	Cys	k141_65203:c11926-11856	P001_WH04_00123

DiscRep_ALL:OVERLAPPING_CDS::2 coding regions overlap another coding region with a similar or identical name.
DiscRep_SUB:OVERLAPPING_CDS::2 coding regions overlap another coding region with a similar or identical name that do not have the appropriate note text
P001_WH04/P001_WH04:CDS	NADH-plastoquinone oxidoreductase subunit 5	k141_40580:c872-129	P001_WH04_00093
P001_WH04/P001_WH04:CDS	NADH-plastoquinone oxidoreductase subunit 5	k141_40580:c2364-862	P001_WH04_00094

DiscRep_ALL:SUSPECT_PRODUCT_NAMES::2 product_names contain suspect phrase or characters
DiscRep_SUB:SUSPECT_PRODUCT_NAMES::May contain database identifier more appropriate in note; remove from product name
DiscRep_SUB:SUSPECT_PRODUCT_NAMES::2 features contains three or more numbers together that may be identifiers more appropriate in note
P001_WH04/P001_WH04:CDS	photosystem I P700 apoprotein A1	k141_1648:c2265-13	P001_WH04_00023
P001_WH04/P001_WH04:CDS	photosystem I P700 apoprotein A2	k141_65203:155-2359	P001_WH04_00110

DiscRep_ALL:NO_ANNOTATION::1 bioseqs have no features
P001_WH04/P001_WH04:k141_51872 (length 1269)

DiscRep_ALL:DISC_QUALITY_SCORES::Quality scores are missing on all sequences.

DiscRep_ALL:ONCALLER_COMMENT_PRESENT::6 comment descriptors were found (all same)
P001_WH04/P001_WH04:k141_53499:Annotated using prokka 1.14.5 from https://github.com/tseemann/prokka
P001_WH04/P001_WH04:k141_1648:Annotated using prokka 1.14.5 from https://github.com/tseemann/prokka
P001_WH04/P001_WH04:k141_74143:Annotated using prokka 1.14.5 from https://github.com/tseemann/prokka
P001_WH04/P001_WH04:k141_51872:Annotated using prokka 1.14.5 from https://github.com/tseemann/prokka
P001_WH04/P001_WH04:k141_40580:Annotated using prokka 1.14.5 from https://github.com/tseemann/prokka
P001_WH04/P001_WH04:k141_65203:Annotated using prokka 1.14.5 from https://github.com/tseemann/prokka

DiscRep_ALL:SHORT_PROT_SEQUENCES::13 protein sequences are shorter than 50 aa.
P001_WH04/P001_WH04:k141_53499_5 (length 45)
P001_WH04/P001_WH04:k141_53499_12 (length 34)
P001_WH04/P001_WH04:k141_1648_14 (length 44)
P001_WH04/P001_WH04:k141_1648_16 (length 36)
P001_WH04/P001_WH04:k141_1648_20 (length 39)
P001_WH04/P001_WH04:k141_1648_22 (length 37)
P001_WH04/P001_WH04:k141_1648_23 (length 42)
P001_WH04/P001_WH04:k141_1648_32 (length 37)
P001_WH04/P001_WH04:k141_74143_3 (length 45)
P001_WH04/P001_WH04:k141_74143_4 (length 39)
P001_WH04/P001_WH04:k141_74143_6 (length 36)
P001_WH04/P001_WH04:k141_40580_7 (length 48)
P001_WH04/P001_WH04:k141_65203_6 (length 49)

DiscRep_ALL:MISSING_GENOMEASSEMBLY_COMMENTS::6 bioseqs are missing GenomeAssembly structured comments
P001_WH04/P001_WH04:k141_53499 (length 25679)
P001_WH04/P001_WH04:k141_1648 (length 44023)
P001_WH04/P001_WH04:k141_74143 (length 24093)
P001_WH04/P001_WH04:k141_51872 (length 1269)
P001_WH04/P001_WH04:k141_40580 (length 17520)
P001_WH04/P001_WH04:k141_65203 (length 14740)

DiscRep_ALL:MOLTYPE_NOT_MRNA::6 molecule types are not set as mRNA.
P001_WH04/P001_WH04:k141_53499 (length 25679)
P001_WH04/P001_WH04:k141_1648 (length 44023)
P001_WH04/P001_WH04:k141_74143 (length 24093)
P001_WH04/P001_WH04:k141_51872 (length 1269)
P001_WH04/P001_WH04:k141_40580 (length 17520)
P001_WH04/P001_WH04:k141_65203 (length 14740)

DiscRep_ALL:TECHNIQUE_NOT_TSA::6 technique are not set as TSA
P001_WH04/P001_WH04:k141_53499 (length 25679)
P001_WH04/P001_WH04:k141_1648 (length 44023)
P001_WH04/P001_WH04:k141_74143 (length 24093)
P001_WH04/P001_WH04:k141_51872 (length 1269)
P001_WH04/P001_WH04:k141_40580 (length 17520)
P001_WH04/P001_WH04:k141_65203 (length 14740)

DiscRep_ALL:MISSING_STRUCTURED_COMMENT::6 sequences do not include structured comments.
P001_WH04/P001_WH04:k141_53499 (length 25679)
P001_WH04/P001_WH04:k141_1648 (length 44023)
P001_WH04/P001_WH04:k141_74143 (length 24093)
P001_WH04/P001_WH04:k141_51872 (length 1269)
P001_WH04/P001_WH04:k141_40580 (length 17520)
P001_WH04/P001_WH04:k141_65203 (length 14740)

DiscRep_ALL:MISSING_PROJECT::103 sequences do not include project.
P001_WH04/P001_WH04:k141_53499 (length 25679)
P001_WH04/P001_WH04:k141_53499_1 (length 274)
P001_WH04/P001_WH04:k141_53499_2 (length 93)
P001_WH04/P001_WH04:k141_53499_3 (length 2273)
P001_WH04/P001_WH04:k141_53499_4 (length 70)
P001_WH04/P001_WH04:k141_53499_5 (length 45)
P001_WH04/P001_WH04:k141_53499_6 (length 260)
P001_WH04/P001_WH04:k141_53499_7 (length 246)
P001_WH04/P001_WH04:k141_53499_8 (length 155)
P001_WH04/P001_WH04:k141_53499_9 (length 63)
P001_WH04/P001_WH04:k141_53499_10 (length 73)
P001_WH04/P001_WH04:k141_53499_11 (length 64)
P001_WH04/P001_WH04:k141_53499_12 (length 34)
P001_WH04/P001_WH04:k141_53499_13 (length 92)
P001_WH04/P001_WH04:k141_53499_14 (length 52)
P001_WH04/P001_WH04:k141_53499_15 (length 71)
P001_WH04/P001_WH04:k141_1648 (length 44023)
P001_WH04/P001_WH04:k141_1648_1 (length 750)
P001_WH04/P001_WH04:k141_1648_2 (length 79)
P001_WH04/P001_WH04:k141_1648_3 (length 82)
P001_WH04/P001_WH04:k141_1648_4 (length 73)
P001_WH04/P001_WH04:k141_1648_5 (length 97)
P001_WH04/P001_WH04:k141_1648_6 (length 201)
P001_WH04/P001_WH04:k141_1648_7 (length 158)
P001_WH04/P001_WH04:k141_1648_8 (length 248)
P001_WH04/P001_WH04:k141_1648_9 (length 120)
P001_WH04/P001_WH04:k141_1648_10 (length 73)
P001_WH04/P001_WH04:k141_1648_11 (length 140)
P001_WH04/P001_WH04:k141_1648_12 (length 498)
P001_WH04/P001_WH04:k141_1648_13 (length 475)
P001_WH04/P001_WH04:k141_1648_14 (length 44)
P001_WH04/P001_WH04:k141_1648_15 (length 492)
P001_WH04/P001_WH04:k141_1648_16 (length 36)
P001_WH04/P001_WH04:k141_1648_17 (length 184)
P001_WH04/P001_WH04:k141_1648_18 (length 229)
P001_WH04/P001_WH04:k141_1648_19 (length 320)
P001_WH04/P001_WH04:k141_1648_20 (length 39)
P001_WH04/P001_WH04:k141_1648_21 (length 83)
P001_WH04/P001_WH04:k141_1648_22 (length 37)
P001_WH04/P001_WH04:k141_1648_23 (length 42)
P001_WH04/P001_WH04:k141_1648_24 (length 109)
P001_WH04/P001_WH04:k141_1648_25 (length 101)
P001_WH04/P001_WH04:k141_1648_26 (length 130)
P001_WH04/P001_WH04:k141_1648_27 (length 73)
P001_WH04/P001_WH04:k141_1648_28 (length 117)
P001_WH04/P001_WH04:k141_1648_29 (length 508)
P001_WH04/P001_WH04:k141_1648_30 (length 73)
P001_WH04/P001_WH04:k141_1648_31 (length 162)
P001_WH04/P001_WH04:k141_1648_32 (length 37)
P001_WH04/P001_WH04:k141_1648_33 (length 177)
P001_WH04/P001_WH04:k141_1648_34 (length 345)
P001_WH04/P001_WH04:k141_1648_35 (length 138)
P001_WH04/P001_WH04:k141_1648_36 (length 85)
P001_WH04/P001_WH04:k141_1648_37 (length 134)
P001_WH04/P001_WH04:k141_1648_38 (length 122)
P001_WH04/P001_WH04:k141_1648_39 (length 118)
P001_WH04/P001_WH04:k141_1648_40 (length 80)
P001_WH04/P001_WH04:k141_1648_41 (length 217)
P001_WH04/P001_WH04:k141_1648_42 (length 129)
P001_WH04/P001_WH04:k141_1648_43 (length 92)
P001_WH04/P001_WH04:k141_74143 (length 24093)
P001_WH04/P001_WH04:k141_74143_1 (length 353)
P001_WH04/P001_WH04:k141_74143_2 (length 507)
P001_WH04/P001_WH04:k141_74143_3 (length 45)
P001_WH04/P001_WH04:k141_74143_4 (length 39)
P001_WH04/P001_WH04:k141_74143_5 (length 61)
P001_WH04/P001_WH04:k141_74143_6 (length 36)
P001_WH04/P001_WH04:k141_74143_7 (length 507)
P001_WH04/P001_WH04:k141_74143_8 (length 162)
P001_WH04/P001_WH04:k141_74143_9 (length 75)
P001_WH04/P001_WH04:k141_74143_10 (length 56)
P001_WH04/P001_WH04:k141_74143_11 (length 81)
P001_WH04/P001_WH04:k141_74143_12 (length 247)
P001_WH04/P001_WH04:k141_74143_13 (length 293)
P001_WH04/P001_WH04:k141_74143_14 (length 1374)
P001_WH04/P001_WH04:k141_74143_15 (length 467)
P001_WH04/P001_WH04:k141_74143_16 (length 152)
P001_WH04/P001_WH04:k141_74143_17 (length 123)
P001_WH04/P001_WH04:k141_51872 (length 1269)
P001_WH04/P001_WH04:k141_40580 (length 17520)
P001_WH04/P001_WH04:k141_40580_1 (length 247)
P001_WH04/P001_WH04:k141_40580_2 (length 500)
P001_WH04/P001_WH04:k141_40580_3 (length 58)
P001_WH04/P001_WH04:k141_40580_4 (length 320)
P001_WH04/P001_WH04:k141_40580_5 (length 534)
P001_WH04/P001_WH04:k141_40580_6 (length 81)
P001_WH04/P001_WH04:k141_40580_7 (length 48)
P001_WH04/P001_WH04:k141_40580_8 (length 100)
P001_WH04/P001_WH04:k141_40580_9 (length 176)
P001_WH04/P001_WH04:k141_40580_10 (length 170)
P001_WH04/P001_WH04:k141_40580_11 (length 156)
P001_WH04/P001_WH04:k141_40580_12 (length 188)
P001_WH04/P001_WH04:k141_40580_13 (length 402)
P001_WH04/P001_WH04:k141_40580_14 (length 90)
P001_WH04/P001_WH04:k141_40580_15 (length 281)
P001_WH04/P001_WH04:k141_40580_16 (length 1105)
P001_WH04/P001_WH04:k141_65203 (length 14740)
P001_WH04/P001_WH04:k141_65203_1 (length 734)
P001_WH04/P001_WH04:k141_65203_2 (length 59)
P001_WH04/P001_WH04:k141_65203_3 (length 98)
P001_WH04/P001_WH04:k141_65203_4 (length 461)
P001_WH04/P001_WH04:k141_65203_5 (length 353)
P001_WH04/P001_WH04:k141_65203_6 (length 49)

DiscRep_ALL:DISC_INCONSISTENT_MOLINFO_TECH::Molinfo Technique Report (some missing, all same)
DiscRep_SUB:DISC_INCONSISTENT_MOLINFO_TECH::technique (all missing)
DiscRep_SUB:DISC_INCONSISTENT_MOLINFO_TECH::6 Molinfos are missing field technique
P001_WH04/P001_WH04:k141_1648 (length 44023)
P001_WH04/P001_WH04:k141_40580 (length 17520)
P001_WH04/P001_WH04:k141_51872 (length 1269)
P001_WH04/P001_WH04:k141_53499 (length 25679)
P001_WH04/P001_WH04:k141_65203 (length 14740)
P001_WH04/P001_WH04:k141_74143 (length 24093)

