[16:31:34] This is prokka 1.14.5
[16:31:34] Written by Torsten Seemann <torsten.seemann@gmail.com>
[16:31:34] Homepage is https://github.com/tseemann/prokka
[16:31:34] Local time is Fri Nov 26 16:31:34 2021
[16:31:34] You are ruud
[16:31:34] Operating system is linux
[16:31:34] You have BioPerl 1.7.8
[16:31:35] System has 40 cores.
[16:31:35] Will use maximum of 40 cores.
[16:31:35] Annotating as >>> Bacteria <<<
[16:31:35] Creating new output folder: P001_WH07
[16:31:35] Running: mkdir -p P001_WH07
[16:31:35] Using filename prefix: P001_WH07.XXX
[16:31:35] Setting HMMER_NCPU=1
[16:31:35] Writing log to: P001_WH07/P001_WH07.log
[16:31:35] Command: /usr/local/packages/prokka-1.14.5/bin/prokka --cpus 40 --prefix P001_WH07 --Kingdom Bacteria --locustag P001_WH07 --proteins vaccinium.gb ../02_Blast/chloroplast_contigs_rapid_genomics_run2/P001_WH07_chloroplast_contigs.fa
[16:31:35] Appending to PATH: /home/local/packages/prokka-1.14.5/bin/../binaries/linux
[16:31:35] Appending to PATH: /home/local/packages/prokka-1.14.5/bin/../binaries/linux/../common
[16:31:35] Appending to PATH: /home/local/packages/prokka-1.14.5/bin
[16:31:35] Looking for 'aragorn' - found /usr/local/packages/Anaconda3-2019.10/bin/aragorn
[16:31:35] Determined aragorn version is 001002 from 'ARAGORN v1.2.38 Dean Laslett'
[16:31:35] Looking for 'barrnap' - found /usr/local/packages/Anaconda3-2019.10/bin/barrnap
[16:31:35] Determined barrnap version is 000009 from 'barrnap 0.9'
[16:31:35] Looking for 'blastp' - found /usr/local/packages/Anaconda3-2019.10/bin/blastp
[16:31:35] Determined blastp version is 002011 from 'blastp: 2.11.0+'
[16:31:35] Looking for 'cmpress' - found /usr/local/packages/Anaconda3-2019.10/bin/cmpress
[16:31:35] Determined cmpress version is 001001 from '# INFERNAL 1.1.2 (July 2016)'
[16:31:35] Looking for 'cmscan' - found /usr/local/packages/Anaconda3-2019.10/bin/cmscan
[16:31:35] Determined cmscan version is 001001 from '# INFERNAL 1.1.2 (July 2016)'
[16:31:35] Looking for 'egrep' - found /bin/egrep
[16:31:35] Looking for 'find' - found /bin/find
[16:31:35] Looking for 'grep' - found /bin/grep
[16:31:35] Looking for 'hmmpress' - found /usr/local/packages/Anaconda3-2019.10/bin/hmmpress
[16:31:35] Determined hmmpress version is 003003 from '# HMMER 3.3.2 (Nov 2020); http://hmmer.org/'
[16:31:35] Looking for 'hmmscan' - found /usr/local/packages/Anaconda3-2019.10/bin/hmmscan
[16:31:35] Determined hmmscan version is 003003 from '# HMMER 3.3.2 (Nov 2020); http://hmmer.org/'
[16:31:35] Looking for 'java' - found /usr/local/packages/jdk1.8.0_191/bin/java
[16:31:35] Looking for 'makeblastdb' - found /usr/local/packages/Anaconda3-2019.10/bin/makeblastdb
[16:31:36] Determined makeblastdb version is 002011 from 'makeblastdb: 2.11.0+'
[16:31:36] Looking for 'minced' - found /usr/local/packages/Anaconda3-2019.10/bin/minced
[16:31:36] Determined minced version is 004002 from 'minced 0.4.2'
[16:31:36] Looking for 'parallel' - found /usr/local/packages/Anaconda3-2019.10/bin/parallel
[16:31:36] Determined parallel version is 20210822 from 'GNU parallel 20210822'
[16:31:36] Looking for 'prodigal' - found /usr/local/packages/Anaconda3-2019.10/bin/prodigal
[16:31:36] Determined prodigal version is 002006 from 'Prodigal V2.6.3: February, 2016'
[16:31:36] Looking for 'prokka-genbank_to_fasta_db' - found /usr/local/packages/prokka-1.14.5/bin/prokka-genbank_to_fasta_db
[16:31:36] Looking for 'sed' - found /bin/sed
[16:31:36] Looking for 'tbl2asn' - found /usr/local/packages/Anaconda3-2019.10/bin/tbl2asn
[16:31:36] Determined tbl2asn version is 025008 from 'tbl2asn 25.8   arguments:'
[16:31:36] Using genetic code table 11.
[16:31:36] Loading and checking input file: ../02_Blast/chloroplast_contigs_rapid_genomics_run2/P001_WH07_chloroplast_contigs.fa
[16:31:36] Wrote 3 contigs totalling 128206 bp.
[16:31:36] Predicting tRNAs and tmRNAs
[16:31:36] Running: aragorn -l -gc11  -w P001_WH07\/P001_WH07\.fna
[16:31:36] 1 tRNA-Met c[2068,2142] 34 (cat)
[16:31:36] 2 tRNA-Leu c[9492,9574] 35 (caa)
[16:31:36] 3 tRNA-Val [15786,15857] 33 (gac)
[16:31:36] 4 tRNA-Arg [23606,23680] 35 (acg)
[16:31:36] 5 tRNA-Asn c[24139,24212] 34 (gtt)
[16:31:36] 1 tRNA-Leu [4496,4575] 35 (tag)
[16:31:36] 1 tRNA-Pro [17674,17749] 35 (tgg)
[16:31:36] 2 tRNA-Trp [17912,17985] 35 (cca)
[16:31:36] 3 tRNA-Met c[31945,32017] 34 (cat)
[16:31:36] 4 tRNA-Phe c[36500,36573] 34 (gaa)
[16:31:36] 5 tRNA-Phe c[36573,36647] 35 (gaa)
[16:31:36] 6 tRNA-Thr [38094,38168] 35 (tgt)
[16:31:36] 7 tRNA-Ser c[39460,39548] 36 (gga)
[16:31:36] 8 tRNA-Met [47896,47969] 35 (cat)
[16:31:36] 9 tRNA-Gly c[48153,48224] 33 (gcc)
[16:31:36] 10 tRNA-Ser [49062,49144] 35 (tga)
[16:31:36] 11 tRNA-Arg [54273,54344] 34 (tct)
[16:31:36] 12 tRNA-Glu [72083,72156] 35 (ttc)
[16:31:36] 13 tRNA-Tyr [72347,72433] 36 (gta)
[16:31:36] 14 tRNA-Asp [72536,72611] 36 (gtc)
[16:31:36] 15 tRNA-Cys c[74715,74786] 33 (gca)
[16:31:36] 16 tRNA-Ser [75544,75631] 35 (gct)
[16:31:36] 17 tRNA-Gln [76820,76891] 33 (ttg)
[16:31:36] 18 tRNA-His [84119,84193] 35 (gtg)
[16:31:36] Found 24 tRNAs
[16:31:36] Predicting Ribosomal RNAs
[16:31:36] Running Barrnap with 40 threads
[16:31:38] 1 k141_72237 16089 16S ribosomal RNA
[16:31:38] 2 k141_72237 20000 23S ribosomal RNA
[16:31:38] Found 2 rRNAs
[16:31:38] Skipping ncRNA search, enable with --rfam if desired.
[16:31:38] Total of 26 tRNA + rRNA features
[16:31:38] Searching for CRISPR repeats
[16:31:38] Found 0 CRISPRs
[16:31:38] Predicting coding sequences
[16:31:38] Contigs total 128206 bp, so using single mode
[16:31:38] Running: prodigal -i P001_WH07\/P001_WH07\.fna -c -m -g 11 -p single -f sco -q
[16:31:38] Excluding CDS which overlaps existing RNA (tRNA) at k141_72237:9467..9598 on - strand
[16:31:38] Excluding CDS which overlaps existing RNA (rRNA) at k141_72237:15939..16136 on + strand
[16:31:38] Excluding CDS which overlaps existing RNA (rRNA) at k141_72237:16539..16934 on - strand
[16:31:38] Excluding CDS which overlaps existing RNA (rRNA) at k141_72237:17329..17616 on - strand
[16:31:38] Excluding CDS which overlaps existing RNA (rRNA) at k141_72237:19851..20123 on + strand
[16:31:38] Excluding CDS which overlaps existing RNA (rRNA) at k141_72237:21128..21298 on - strand
[16:31:38] Excluding CDS which overlaps existing RNA (rRNA) at k141_72237:21788..22063 on - strand
[16:31:38] Excluding CDS which overlaps existing RNA (rRNA) at k141_72237:22669..23064 on - strand
[16:31:38] Excluding CDS which overlaps existing RNA (tRNA) at k141_44830:17583..17696 on + strand
[16:31:38] Excluding CDS which overlaps existing RNA (tRNA) at k141_44830:39309..39533 on - strand
[16:31:38] Excluding CDS which overlaps existing RNA (tRNA) at k141_44830:48088..48258 on - strand
[16:31:38] Excluding CDS which overlaps existing RNA (tRNA) at k141_44830:84079..84255 on - strand
[16:31:38] Found 109 CDS
[16:31:38] Connecting features back to sequences
[16:31:38] Not using genus-specific database. Try --usegenus to enable it.
[16:31:38] Preparing user-supplied primary BLAST annotation source: vaccinium.gb
[16:31:38] Guessed source was in genbank format.
[16:31:38] Converting genbank 'vaccinium.gb' into Prokka FASTA 'P001_WH07/proteins.faa'
[16:31:38] Running: prokka-genbank_to_fasta_db --format genbank vaccinium\.gb > P001_WH07\/proteins\.faa 2> /dev/null
[16:31:38] Running: makeblastdb -dbtype prot -in P001_WH07\/proteins\.faa -out P001_WH07\/proteins -logfile /dev/null
[16:31:39] Using /inference source as 'vaccinium.gb'
[16:31:39] Annotating CDS, please be patient.
[16:31:39] Will use 40 CPUs for similarity searching.
[16:31:39] There are still 109 unannotated CDS left (started with 109)
[16:31:39] Will use blast to search against P001_WH07/proteins with 40 CPUs
[16:31:39] Running: cat P001_WH07\/P001_WH07\.proteins\.tmp\.31995\.faa | parallel --gnu --plain -j 40 --block 305 --recstart '>' --pipe blastp -query - -db P001_WH07/proteins -evalue 1e-09 -qcov_hsp_perc 80 -num_threads 1 -num_descriptions 1 -num_alignments 1 -seg no > P001_WH07\/P001_WH07\.proteins\.tmp\.31995\.blast 2> /dev/null
[16:31:41] Deleting unwanted file: P001_WH07/P001_WH07.proteins.tmp.31995.faa
[16:31:41] Deleting unwanted file: P001_WH07/P001_WH07.proteins.tmp.31995.blast
[16:31:41] There are still 41 unannotated CDS left (started with 109)
[16:31:41] Will use blast to search against /home/local/packages/prokka-1.14.5/db/kingdom/Bacteria/IS with 40 CPUs
[16:31:41] Running: cat P001_WH07\/P001_WH07\.IS\.tmp\.31995\.faa | parallel --gnu --plain -j 40 --block 90 --recstart '>' --pipe blastp -query - -db /home/local/packages/prokka-1.14.5/db/kingdom/Bacteria/IS -evalue 1e-30 -qcov_hsp_perc 90 -num_threads 1 -num_descriptions 1 -num_alignments 1 -seg no > P001_WH07\/P001_WH07\.IS\.tmp\.31995\.blast 2> /dev/null
[16:31:42] Deleting unwanted file: P001_WH07/P001_WH07.IS.tmp.31995.faa
[16:31:42] Deleting unwanted file: P001_WH07/P001_WH07.IS.tmp.31995.blast
[16:31:42] There are still 41 unannotated CDS left (started with 109)
[16:31:42] Will use blast to search against /home/local/packages/prokka-1.14.5/db/kingdom/Bacteria/AMR with 40 CPUs
[16:31:42] Running: cat P001_WH07\/P001_WH07\.AMR\.tmp\.31995\.faa | parallel --gnu --plain -j 40 --block 90 --recstart '>' --pipe blastp -query - -db /home/local/packages/prokka-1.14.5/db/kingdom/Bacteria/AMR -evalue 1e-300 -qcov_hsp_perc 90 -num_threads 1 -num_descriptions 1 -num_alignments 1 -seg no > P001_WH07\/P001_WH07\.AMR\.tmp\.31995\.blast 2> /dev/null
[16:31:44] Deleting unwanted file: P001_WH07/P001_WH07.AMR.tmp.31995.faa
[16:31:44] Deleting unwanted file: P001_WH07/P001_WH07.AMR.tmp.31995.blast
[16:31:44] There are still 41 unannotated CDS left (started with 109)
[16:31:44] Will use blast to search against /home/local/packages/prokka-1.14.5/db/kingdom/Bacteria/sprot with 40 CPUs
[16:31:44] Running: cat P001_WH07\/P001_WH07\.sprot\.tmp\.31995\.faa | parallel --gnu --plain -j 40 --block 90 --recstart '>' --pipe blastp -query - -db /home/local/packages/prokka-1.14.5/db/kingdom/Bacteria/sprot -evalue 1e-09 -qcov_hsp_perc 80 -num_threads 1 -num_descriptions 1 -num_alignments 1 -seg no > P001_WH07\/P001_WH07\.sprot\.tmp\.31995\.blast 2> /dev/null
[16:31:46] Deleting unwanted file: P001_WH07/P001_WH07.sprot.tmp.31995.faa
[16:31:46] Deleting unwanted file: P001_WH07/P001_WH07.sprot.tmp.31995.blast
[16:31:46] There are still 38 unannotated CDS left (started with 109)
[16:31:46] Will use hmmer3 to search against /home/local/packages/prokka-1.14.5/db/hmm/HAMAP.hmm with 40 CPUs
[16:31:46] Running: cat P001_WH07\/P001_WH07\.HAMAP\.hmm\.tmp\.31995\.faa | parallel --gnu --plain -j 40 --block 83 --recstart '>' --pipe hmmscan --noali --notextw --acc -E 1e-09 --cpu 1 /home/local/packages/prokka-1.14.5/db/hmm/HAMAP.hmm /dev/stdin > P001_WH07\/P001_WH07\.HAMAP\.hmm\.tmp\.31995\.hmmer3 2> /dev/null
[16:31:48] Deleting unwanted file: P001_WH07/P001_WH07.HAMAP.hmm.tmp.31995.faa
[16:31:48] Deleting unwanted file: P001_WH07/P001_WH07.HAMAP.hmm.tmp.31995.hmmer3
[16:31:48] Deleting unwanted file: P001_WH07/proteins.psq
[16:31:48] Deleting unwanted file: P001_WH07/proteins.phr
[16:31:48] Deleting unwanted file: P001_WH07/proteins.pin
[16:31:48] Labelling remaining 35 proteins as 'hypothetical protein'
[16:31:48] Possible /pseudo 'ribosomal protein L2' at k141_72237 position 1202
[16:31:48] Possible /pseudo 'NADH-plastoquinone oxidoreductase subunit 2' at k141_72237 position 11554
[16:31:48] Possible /pseudo 'NADH-plastoquinone oxidoreductase subunit 1' at k141_131959 position 11618
[16:31:48] Possible /pseudo 'ATP-dependent Clp protease proteolytic subunit' at k141_44830 position 14098
[16:31:48] Possible /pseudo 'ATP synthase CF0 subunit I' at k141_44830 position 57182
[16:31:48] Found 68 unique /gene codes.
[16:31:48] Fixed 2 duplicate /gene - ndhA_1 ndhA_2
[16:31:48] Fixed 2 duplicate /gene - clpP_1 clpP_2
[16:31:48] Fixed 2 duplicate /gene - rpoC1_1 rpoC1_2
[16:31:48] Fixed 2 duplicate /gene - ndhB_1 ndhB_2
[16:31:48] Fixed 2 duplicate /gene - rpl2_1 rpl2_2
[16:31:48] Fixed 2 duplicate /gene - atpF_1 atpF_2
[16:31:48] Fixed 6 colliding /gene names.
[16:31:48] Adding /locus_tag identifiers
[16:31:48] Assigned 135 locus_tags to CDS and RNA features.
[16:31:48] Writing outputs to P001_WH07/
[16:31:48] Generating annotation statistics file
[16:31:48] Generating Genbank and Sequin files
[16:31:48] Running: tbl2asn -V b -a r10k -l paired-ends -M n -N 1 -y 'Annotated using prokka 1.14.5 from https://github.com/tseemann/prokka' -Z P001_WH07\/P001_WH07\.err -i P001_WH07\/P001_WH07\.fsa 2> /dev/null
[16:31:49] Deleting unwanted file: P001_WH07/errorsummary.val
[16:31:49] Deleting unwanted file: P001_WH07/P001_WH07.dr
[16:31:49] Deleting unwanted file: P001_WH07/P001_WH07.fixedproducts
[16:31:49] Deleting unwanted file: P001_WH07/P001_WH07.ecn
[16:31:49] Deleting unwanted file: P001_WH07/P001_WH07.val
[16:31:49] Repairing broken .GBK output that tbl2asn produces...
[16:31:49] Running: sed 's/COORDINATES: profile/COORDINATES:profile/' < P001_WH07\/P001_WH07\.gbf > P001_WH07\/P001_WH07\.gbk
[16:31:49] Deleting unwanted file: P001_WH07/P001_WH07.gbf
[16:31:49] Output files:
[16:31:49] P001_WH07/P001_WH07.fna
[16:31:49] P001_WH07/P001_WH07.faa
[16:31:49] P001_WH07/P001_WH07.fsa
[16:31:49] P001_WH07/P001_WH07.tsv
[16:31:49] P001_WH07/P001_WH07.gff
[16:31:49] P001_WH07/P001_WH07.ffn
[16:31:49] P001_WH07/P001_WH07.err
[16:31:49] P001_WH07/P001_WH07.log
[16:31:49] P001_WH07/P001_WH07.txt
[16:31:49] P001_WH07/P001_WH07.tbl
[16:31:49] P001_WH07/P001_WH07.sqn
[16:31:49] P001_WH07/P001_WH07.gbk
[16:31:49] Annotation finished successfully.
[16:31:49] Walltime used: 0.25 minutes
[16:31:49] If you use this result please cite the Prokka paper:
[16:31:49] Seemann T (2014) Prokka: rapid prokaryotic genome annotation. Bioinformatics. 30(14):2068-9.
[16:31:49] Type 'prokka --citation' for more details.
[16:31:49] Share and enjoy!
