[16:14:03] This is prokka 1.14.5
[16:14:03] Written by Torsten Seemann <torsten.seemann@gmail.com>
[16:14:03] Homepage is https://github.com/tseemann/prokka
[16:14:03] Local time is Fri Nov 26 16:14:03 2021
[16:14:03] You are ruud
[16:14:03] Operating system is linux
[16:14:03] You have BioPerl 1.7.8
[16:14:03] System has 40 cores.
[16:14:03] Will use maximum of 40 cores.
[16:14:03] Annotating as >>> Bacteria <<<
[16:14:03] Creating new output folder: P001_WB03
[16:14:03] Running: mkdir -p P001_WB03
[16:14:03] Using filename prefix: P001_WB03.XXX
[16:14:03] Setting HMMER_NCPU=1
[16:14:03] Writing log to: P001_WB03/P001_WB03.log
[16:14:03] Command: /usr/local/packages/prokka-1.14.5/bin/prokka --cpus 40 --prefix P001_WB03 --Kingdom Bacteria --locustag P001_WB03 --proteins vaccinium.gb ../02_Blast/chloroplast_contigs_rapid_genomics_run2/P001_WB03_chloroplast_contigs.fa
[16:14:03] Appending to PATH: /home/local/packages/prokka-1.14.5/bin/../binaries/linux
[16:14:03] Appending to PATH: /home/local/packages/prokka-1.14.5/bin/../binaries/linux/../common
[16:14:03] Appending to PATH: /home/local/packages/prokka-1.14.5/bin
[16:14:03] Looking for 'aragorn' - found /usr/local/packages/Anaconda3-2019.10/bin/aragorn
[16:14:03] Determined aragorn version is 001002 from 'ARAGORN v1.2.38 Dean Laslett'
[16:14:03] Looking for 'barrnap' - found /usr/local/packages/Anaconda3-2019.10/bin/barrnap
[16:14:04] Determined barrnap version is 000009 from 'barrnap 0.9'
[16:14:04] Looking for 'blastp' - found /usr/local/packages/Anaconda3-2019.10/bin/blastp
[16:14:04] Determined blastp version is 002011 from 'blastp: 2.11.0+'
[16:14:04] Looking for 'cmpress' - found /usr/local/packages/Anaconda3-2019.10/bin/cmpress
[16:14:04] Determined cmpress version is 001001 from '# INFERNAL 1.1.2 (July 2016)'
[16:14:04] Looking for 'cmscan' - found /usr/local/packages/Anaconda3-2019.10/bin/cmscan
[16:14:04] Determined cmscan version is 001001 from '# INFERNAL 1.1.2 (July 2016)'
[16:14:04] Looking for 'egrep' - found /bin/egrep
[16:14:04] Looking for 'find' - found /bin/find
[16:14:04] Looking for 'grep' - found /bin/grep
[16:14:04] Looking for 'hmmpress' - found /usr/local/packages/Anaconda3-2019.10/bin/hmmpress
[16:14:04] Determined hmmpress version is 003003 from '# HMMER 3.3.2 (Nov 2020); http://hmmer.org/'
[16:14:04] Looking for 'hmmscan' - found /usr/local/packages/Anaconda3-2019.10/bin/hmmscan
[16:14:04] Determined hmmscan version is 003003 from '# HMMER 3.3.2 (Nov 2020); http://hmmer.org/'
[16:14:04] Looking for 'java' - found /usr/local/packages/jdk1.8.0_191/bin/java
[16:14:04] Looking for 'makeblastdb' - found /usr/local/packages/Anaconda3-2019.10/bin/makeblastdb
[16:14:05] Determined makeblastdb version is 002011 from 'makeblastdb: 2.11.0+'
[16:14:05] Looking for 'minced' - found /usr/local/packages/Anaconda3-2019.10/bin/minced
[16:14:05] Determined minced version is 004002 from 'minced 0.4.2'
[16:14:05] Looking for 'parallel' - found /usr/local/packages/Anaconda3-2019.10/bin/parallel
[16:14:05] Determined parallel version is 20210822 from 'GNU parallel 20210822'
[16:14:05] Looking for 'prodigal' - found /usr/local/packages/Anaconda3-2019.10/bin/prodigal
[16:14:05] Determined prodigal version is 002006 from 'Prodigal V2.6.3: February, 2016'
[16:14:05] Looking for 'prokka-genbank_to_fasta_db' - found /usr/local/packages/prokka-1.14.5/bin/prokka-genbank_to_fasta_db
[16:14:05] Looking for 'sed' - found /bin/sed
[16:14:05] Looking for 'tbl2asn' - found /usr/local/packages/Anaconda3-2019.10/bin/tbl2asn
[16:14:05] Determined tbl2asn version is 025008 from 'tbl2asn 25.8   arguments:'
[16:14:05] Using genetic code table 11.
[16:14:05] Loading and checking input file: ../02_Blast/chloroplast_contigs_rapid_genomics_run2/P001_WB03_chloroplast_contigs.fa
[16:14:05] Wrote 15 contigs totalling 146477 bp.
[16:14:05] Predicting tRNAs and tmRNAs
[16:14:05] Running: aragorn -l -gc11  -w P001_WB03\/P001_WB03\.fna
[16:14:05] 1 tRNA-His [28,102] 35 (gtg)
[16:14:05] 1 tRNA-Asn c[615,688] 34 (gtt)
[16:14:05] 1 tRNA-Pro [506,581] 35 (tgg)
[16:14:05] 2 tRNA-Trp [699,772] 35 (cca)
[16:14:05] 3 tRNA-Gln c[11171,11244] 33 (ttg)
[16:14:05] 4 tRNA-Arg [12770,12841] 34 (tct)
[16:14:05] 5 tRNA-Ser c[24995,25083] 35 (gct)
[16:14:05] 6 tRNA-Arg [27431,27502] 34 (tct)
[16:14:05] 7 tRNA-Thr c[34179,34253] 35 (tgt)
[16:14:05] 8 tRNA-Phe [35898,35970] 34 (gaa)
[16:14:05] 9 tRNA-Met [39660,39733] 34 (cat)
[16:14:05] 10 tRNA-Val [44162,44233] 33 (gac)
[16:14:05] 1 tRNA-Leu [4237,4317] 35 (tag)
[16:14:05] 1 tRNA-Met c[544,618] 34 (cat)
[16:14:05] 2 tRNA-Leu [8412,8494] 35 (caa)
[16:14:05] 1 tRNA-Arg [8138,8212] 36 (acg)
[16:14:05] 1 tRNA-Cys [15582,15652] 33 (gca)
[16:14:05] 2 tRNA-Asp c[17776,17851] 36 (gtc)
[16:14:05] 3 tRNA-Tyr c[18338,18421] 35 (gta)
[16:14:05] 4 tRNA-Glu c[18525,18596] 34 (ttc)
[16:14:05] 5 tRNA-Ser c[23600,23687] 35 (tga)
[16:14:05] 6 tRNA-Gly [24614,24685] 33 (gcc)
[16:14:05] 7 tRNA-Met c[24829,24903] 36 (cat)
[16:14:05] 1 tRNA-Val c[348,419] 33 (gac)
[16:14:05] 1 tRNA-Ser [7165,7251] 35 (gga)
[16:14:05] 1 tRNA-His [9247,9321] 35 (gtg)
[16:14:05] Found 26 tRNAs
[16:14:05] Predicting Ribosomal RNAs
[16:14:05] Running Barrnap with 40 threads
[16:14:07] 1 k141_23313 1 16S ribosomal RNA
[16:14:07] 2 k141_23313 3834 23S ribosomal RNA
[16:14:07] 3 k141_23918 6 23S ribosomal RNA (partial)
[16:14:07] 4 k141_23918 1866 23S ribosomal RNA (partial)
[16:14:07] Found 4 rRNAs
[16:14:07] Skipping ncRNA search, enable with --rfam if desired.
[16:14:07] Total of 30 tRNA + rRNA features
[16:14:07] Searching for CRISPR repeats
[16:14:07] Found 0 CRISPRs
[16:14:07] Predicting coding sequences
[16:14:07] Contigs total 146477 bp, so using single mode
[16:14:07] Running: prodigal -i P001_WB03\/P001_WB03\.fna -c -m -g 11 -p single -f sco -q
[16:14:07] Excluding CDS which overlaps existing RNA (tRNA) at k141_2430:11200..11364 on + strand
[16:14:08] Excluding CDS which overlaps existing RNA (tRNA) at k141_38209:445..600 on + strand
[16:14:08] Excluding CDS which overlaps existing RNA (tRNA) at k141_38209:615..854 on + strand
[16:14:08] Excluding CDS which overlaps existing RNA (tRNA) at k141_38209:8388..8528 on + strand
[16:14:08] Excluding CDS which overlaps existing RNA (rRNA) at k141_23313:3816..4058 on + strand
[16:14:08] Excluding CDS which overlaps existing RNA (rRNA) at k141_23313:4989..5195 on + strand
[16:14:08] Excluding CDS which overlaps existing RNA (rRNA) at k141_23313:5629..5904 on - strand
[16:14:08] Excluding CDS which overlaps existing RNA (rRNA) at k141_23313:6297..6473 on - strand
[16:14:08] Excluding CDS which overlaps existing RNA (tRNA) at k141_25702:18511..18618 on - strand
[16:14:08] Excluding CDS which overlaps existing RNA (tRNA) at k141_25702:24517..24705 on + strand
[16:14:08] Excluding CDS which overlaps existing RNA (rRNA) at k141_23918:806..1192 on + strand
[16:14:08] Excluding CDS which overlaps existing RNA (rRNA) at k141_23918:1857..2075 on - strand
[16:14:08] Excluding CDS which overlaps existing RNA (rRNA) at k141_23918:2987..3259 on - strand
[16:14:08] Found 125 CDS
[16:14:08] Connecting features back to sequences
[16:14:08] Not using genus-specific database. Try --usegenus to enable it.
[16:14:08] Preparing user-supplied primary BLAST annotation source: vaccinium.gb
[16:14:08] Guessed source was in genbank format.
[16:14:08] Converting genbank 'vaccinium.gb' into Prokka FASTA 'P001_WB03/proteins.faa'
[16:14:08] Running: prokka-genbank_to_fasta_db --format genbank vaccinium\.gb > P001_WB03\/proteins\.faa 2> /dev/null
[16:14:08] Running: makeblastdb -dbtype prot -in P001_WB03\/proteins\.faa -out P001_WB03\/proteins -logfile /dev/null
[16:14:09] Using /inference source as 'vaccinium.gb'
[16:14:09] Annotating CDS, please be patient.
[16:14:09] Will use 40 CPUs for similarity searching.
[16:14:09] There are still 125 unannotated CDS left (started with 125)
[16:14:09] Will use blast to search against P001_WB03/proteins with 40 CPUs
[16:14:09] Running: cat P001_WB03\/P001_WB03\.proteins\.tmp\.1676\.faa | parallel --gnu --plain -j 40 --block 298 --recstart '>' --pipe blastp -query - -db P001_WB03/proteins -evalue 1e-09 -qcov_hsp_perc 80 -num_threads 1 -num_descriptions 1 -num_alignments 1 -seg no > P001_WB03\/P001_WB03\.proteins\.tmp\.1676\.blast 2> /dev/null
[16:14:10] Deleting unwanted file: P001_WB03/P001_WB03.proteins.tmp.1676.faa
[16:14:10] Deleting unwanted file: P001_WB03/P001_WB03.proteins.tmp.1676.blast
[16:14:10] There are still 61 unannotated CDS left (started with 125)
[16:14:10] Will use blast to search against /home/local/packages/prokka-1.14.5/db/kingdom/Bacteria/IS with 40 CPUs
[16:14:10] Running: cat P001_WB03\/P001_WB03\.IS\.tmp\.1676\.faa | parallel --gnu --plain -j 40 --block 104 --recstart '>' --pipe blastp -query - -db /home/local/packages/prokka-1.14.5/db/kingdom/Bacteria/IS -evalue 1e-30 -qcov_hsp_perc 90 -num_threads 1 -num_descriptions 1 -num_alignments 1 -seg no > P001_WB03\/P001_WB03\.IS\.tmp\.1676\.blast 2> /dev/null
[16:14:12] Deleting unwanted file: P001_WB03/P001_WB03.IS.tmp.1676.faa
[16:14:12] Deleting unwanted file: P001_WB03/P001_WB03.IS.tmp.1676.blast
[16:14:12] There are still 61 unannotated CDS left (started with 125)
[16:14:12] Will use blast to search against /home/local/packages/prokka-1.14.5/db/kingdom/Bacteria/AMR with 40 CPUs
[16:14:12] Running: cat P001_WB03\/P001_WB03\.AMR\.tmp\.1676\.faa | parallel --gnu --plain -j 40 --block 104 --recstart '>' --pipe blastp -query - -db /home/local/packages/prokka-1.14.5/db/kingdom/Bacteria/AMR -evalue 1e-300 -qcov_hsp_perc 90 -num_threads 1 -num_descriptions 1 -num_alignments 1 -seg no > P001_WB03\/P001_WB03\.AMR\.tmp\.1676\.blast 2> /dev/null
[16:14:18] Deleting unwanted file: P001_WB03/P001_WB03.AMR.tmp.1676.faa
[16:14:18] Deleting unwanted file: P001_WB03/P001_WB03.AMR.tmp.1676.blast
[16:14:18] There are still 61 unannotated CDS left (started with 125)
[16:14:18] Will use blast to search against /home/local/packages/prokka-1.14.5/db/kingdom/Bacteria/sprot with 40 CPUs
[16:14:18] Running: cat P001_WB03\/P001_WB03\.sprot\.tmp\.1676\.faa | parallel --gnu --plain -j 40 --block 104 --recstart '>' --pipe blastp -query - -db /home/local/packages/prokka-1.14.5/db/kingdom/Bacteria/sprot -evalue 1e-09 -qcov_hsp_perc 80 -num_threads 1 -num_descriptions 1 -num_alignments 1 -seg no > P001_WB03\/P001_WB03\.sprot\.tmp\.1676\.blast 2> /dev/null
[16:14:20] Deleting unwanted file: P001_WB03/P001_WB03.sprot.tmp.1676.faa
[16:14:20] Deleting unwanted file: P001_WB03/P001_WB03.sprot.tmp.1676.blast
[16:14:20] There are still 59 unannotated CDS left (started with 125)
[16:14:20] Will use hmmer3 to search against /home/local/packages/prokka-1.14.5/db/hmm/HAMAP.hmm with 40 CPUs
[16:14:20] Running: cat P001_WB03\/P001_WB03\.HAMAP\.hmm\.tmp\.1676\.faa | parallel --gnu --plain -j 40 --block 101 --recstart '>' --pipe hmmscan --noali --notextw --acc -E 1e-09 --cpu 1 /home/local/packages/prokka-1.14.5/db/hmm/HAMAP.hmm /dev/stdin > P001_WB03\/P001_WB03\.HAMAP\.hmm\.tmp\.1676\.hmmer3 2> /dev/null
[16:14:22] Deleting unwanted file: P001_WB03/P001_WB03.HAMAP.hmm.tmp.1676.faa
[16:14:22] Deleting unwanted file: P001_WB03/P001_WB03.HAMAP.hmm.tmp.1676.hmmer3
[16:14:22] Deleting unwanted file: P001_WB03/proteins.psq
[16:14:22] Deleting unwanted file: P001_WB03/proteins.phr
[16:14:22] Deleting unwanted file: P001_WB03/proteins.pin
[16:14:22] Labelling remaining 47 proteins as 'hypothetical protein'
[16:14:22] Possible /pseudo 'ribosomal protein L2' at k141_33318 position 1210
[16:14:22] Possible /pseudo 'RNA polymerase beta' subunit' at k141_25702 position 10470
[16:14:22] Possible /pseudo 'hypothetical chloroplast RF34' at k141_16893 position 6464
[16:14:22] Possible /pseudo 'NADH-plastoquinone oxidoreductase subunit 1' at k141_14969 position 3079
[16:14:22] Found 66 unique /gene codes.
[16:14:22] Fixed 2 duplicate /gene - rpoA_1 rpoA_2
[16:14:22] Fixed 2 duplicate /gene - atpF_1 atpF_2
[16:14:22] Fixed 2 duplicate /gene - rpoC1_1 rpoC1_2
[16:14:22] Fixed 2 duplicate /gene - clpP_1 clpP_2
[16:14:22] Fixed 2 duplicate /gene - atpB_1 atpB_2
[16:14:22] Fixed 2 duplicate /gene - petB_1 petB_2
[16:14:22] Fixed 2 duplicate /gene - accD_1 accD_2
[16:14:22] Fixed 2 duplicate /gene - ndhA_1 ndhA_2
[16:14:22] Fixed 2 duplicate /gene - rpl2_1 rpl2_2
[16:14:22] Fixed 2 duplicate /gene - rbcL_1 rbcL_2
[16:14:22] Fixed 2 duplicate /gene - ycf3_1 ycf3_2
[16:14:22] Fixed 2 duplicate /gene - ndhB_1 ndhB_2
[16:14:22] Fixed 12 colliding /gene names.
[16:14:22] Adding /locus_tag identifiers
[16:14:22] Assigned 155 locus_tags to CDS and RNA features.
[16:14:22] Writing outputs to P001_WB03/
[16:14:22] Generating annotation statistics file
[16:14:22] Generating Genbank and Sequin files
[16:14:22] Running: tbl2asn -V b -a r10k -l paired-ends -M n -N 1 -y 'Annotated using prokka 1.14.5 from https://github.com/tseemann/prokka' -Z P001_WB03\/P001_WB03\.err -i P001_WB03\/P001_WB03\.fsa 2> /dev/null
[16:14:22] Deleting unwanted file: P001_WB03/errorsummary.val
[16:14:22] Deleting unwanted file: P001_WB03/P001_WB03.dr
[16:14:22] Deleting unwanted file: P001_WB03/P001_WB03.fixedproducts
[16:14:22] Deleting unwanted file: P001_WB03/P001_WB03.ecn
[16:14:22] Deleting unwanted file: P001_WB03/P001_WB03.val
[16:14:22] Repairing broken .GBK output that tbl2asn produces...
[16:14:22] Running: sed 's/COORDINATES: profile/COORDINATES:profile/' < P001_WB03\/P001_WB03\.gbf > P001_WB03\/P001_WB03\.gbk
[16:14:22] Deleting unwanted file: P001_WB03/P001_WB03.gbf
[16:14:22] Output files:
[16:14:22] P001_WB03/P001_WB03.err
[16:14:22] P001_WB03/P001_WB03.faa
[16:14:22] P001_WB03/P001_WB03.fna
[16:14:22] P001_WB03/P001_WB03.gff
[16:14:22] P001_WB03/P001_WB03.fsa
[16:14:22] P001_WB03/P001_WB03.ffn
[16:14:22] P001_WB03/P001_WB03.tsv
[16:14:22] P001_WB03/P001_WB03.txt
[16:14:22] P001_WB03/P001_WB03.tbl
[16:14:22] P001_WB03/P001_WB03.sqn
[16:14:22] P001_WB03/P001_WB03.log
[16:14:22] P001_WB03/P001_WB03.gbk
[16:14:22] Annotation finished successfully.
[16:14:22] Walltime used: 0.32 minutes
[16:14:22] If you use this result please cite the Prokka paper:
[16:14:22] Seemann T (2014) Prokka: rapid prokaryotic genome annotation. Bioinformatics. 30(14):2068-9.
[16:14:22] Type 'prokka --citation' for more details.
[16:14:22] Share and enjoy!
