[16:38:18] This is prokka 1.14.5
[16:38:18] Written by Torsten Seemann <torsten.seemann@gmail.com>
[16:38:18] Homepage is https://github.com/tseemann/prokka
[16:38:18] Local time is Fri Nov 26 16:38:18 2021
[16:38:18] You are ruud
[16:38:18] Operating system is linux
[16:38:18] You have BioPerl 1.7.8
[16:38:18] System has 40 cores.
[16:38:18] Will use maximum of 40 cores.
[16:38:18] Annotating as >>> Bacteria <<<
[16:38:18] Creating new output folder: P002_WB12
[16:38:18] Running: mkdir -p P002_WB12
[16:38:18] Using filename prefix: P002_WB12.XXX
[16:38:18] Setting HMMER_NCPU=1
[16:38:18] Writing log to: P002_WB12/P002_WB12.log
[16:38:18] Command: /usr/local/packages/prokka-1.14.5/bin/prokka --cpus 40 --prefix P002_WB12 --Kingdom Bacteria --locustag P002_WB12 --proteins vaccinium.gb ../02_Blast/chloroplast_contigs_rapid_genomics_run2/P002_WB12_chloroplast_contigs.fa
[16:38:18] Appending to PATH: /home/local/packages/prokka-1.14.5/bin/../binaries/linux
[16:38:18] Appending to PATH: /home/local/packages/prokka-1.14.5/bin/../binaries/linux/../common
[16:38:18] Appending to PATH: /home/local/packages/prokka-1.14.5/bin
[16:38:18] Looking for 'aragorn' - found /usr/local/packages/Anaconda3-2019.10/bin/aragorn
[16:38:18] Determined aragorn version is 001002 from 'ARAGORN v1.2.38 Dean Laslett'
[16:38:18] Looking for 'barrnap' - found /usr/local/packages/Anaconda3-2019.10/bin/barrnap
[16:38:18] Determined barrnap version is 000009 from 'barrnap 0.9'
[16:38:18] Looking for 'blastp' - found /usr/local/packages/Anaconda3-2019.10/bin/blastp
[16:38:19] Determined blastp version is 002011 from 'blastp: 2.11.0+'
[16:38:19] Looking for 'cmpress' - found /usr/local/packages/Anaconda3-2019.10/bin/cmpress
[16:38:19] Determined cmpress version is 001001 from '# INFERNAL 1.1.2 (July 2016)'
[16:38:19] Looking for 'cmscan' - found /usr/local/packages/Anaconda3-2019.10/bin/cmscan
[16:38:19] Determined cmscan version is 001001 from '# INFERNAL 1.1.2 (July 2016)'
[16:38:19] Looking for 'egrep' - found /bin/egrep
[16:38:19] Looking for 'find' - found /bin/find
[16:38:19] Looking for 'grep' - found /bin/grep
[16:38:19] Looking for 'hmmpress' - found /usr/local/packages/Anaconda3-2019.10/bin/hmmpress
[16:38:19] Determined hmmpress version is 003003 from '# HMMER 3.3.2 (Nov 2020); http://hmmer.org/'
[16:38:19] Looking for 'hmmscan' - found /usr/local/packages/Anaconda3-2019.10/bin/hmmscan
[16:38:19] Determined hmmscan version is 003003 from '# HMMER 3.3.2 (Nov 2020); http://hmmer.org/'
[16:38:19] Looking for 'java' - found /usr/local/packages/jdk1.8.0_191/bin/java
[16:38:19] Looking for 'makeblastdb' - found /usr/local/packages/Anaconda3-2019.10/bin/makeblastdb
[16:38:20] Determined makeblastdb version is 002011 from 'makeblastdb: 2.11.0+'
[16:38:20] Looking for 'minced' - found /usr/local/packages/Anaconda3-2019.10/bin/minced
[16:38:20] Determined minced version is 004002 from 'minced 0.4.2'
[16:38:20] Looking for 'parallel' - found /usr/local/packages/Anaconda3-2019.10/bin/parallel
[16:38:20] Determined parallel version is 20210822 from 'GNU parallel 20210822'
[16:38:20] Looking for 'prodigal' - found /usr/local/packages/Anaconda3-2019.10/bin/prodigal
[16:38:20] Determined prodigal version is 002006 from 'Prodigal V2.6.3: February, 2016'
[16:38:20] Looking for 'prokka-genbank_to_fasta_db' - found /usr/local/packages/prokka-1.14.5/bin/prokka-genbank_to_fasta_db
[16:38:20] Looking for 'sed' - found /bin/sed
[16:38:20] Looking for 'tbl2asn' - found /usr/local/packages/Anaconda3-2019.10/bin/tbl2asn
[16:38:20] Determined tbl2asn version is 025008 from 'tbl2asn 25.8   arguments:'
[16:38:20] Using genetic code table 11.
[16:38:20] Loading and checking input file: ../02_Blast/chloroplast_contigs_rapid_genomics_run2/P002_WB12_chloroplast_contigs.fa
[16:38:20] Wrote 3 contigs totalling 127481 bp.
[16:38:20] Predicting tRNAs and tmRNAs
[16:38:20] Running: aragorn -l -gc11  -w P002_WB12\/P002_WB12\.fna
[16:38:20] 1 tRNA-Leu [4116,4195] 35 (tag)
[16:38:20] 1 tRNA-His c[140,214] 35 (gtg)
[16:38:20] 2 tRNA-Gln c[6635,6706] 33 (ttg)
[16:38:20] 3 tRNA-Ser c[7797,7884] 35 (gct)
[16:38:20] 4 tRNA-Arg [9529,9600] 34 (tct)
[16:38:20] 5 tRNA-Cys [27943,28013] 33 (gca)
[16:38:20] 6 tRNA-Asp c[30413,30489] 36 (gtc)
[16:38:20] 7 tRNA-Tyr c[30922,31005] 35 (gta)
[16:38:20] 8 tRNA-Glu c[31063,31137] 36 (ttc)
[16:38:20] 9 tRNA-Thr [31975,32048] 34 (ggt)
[16:38:20] 10 tRNA-Ser c[36004,36096] 35 (tga)
[16:38:20] 11 tRNA-Gly [37012,37083] 33 (gcc)
[16:38:20] 12 tRNA-Met c[37221,37295] 35 (cat)
[16:38:20] 13 tRNA-Ser [45624,45710] 35 (gga)
[16:38:20] 14 tRNA-Thr c[46810,46885] 35 (tgt)
[16:38:20] 15 tRNA-Phe [48577,48650] 34 (gaa)
[16:38:20] 16 tRNA-Met [52420,52492] 34 (cat)
[16:38:20] 17 tRNA-Trp c[65905,65978] 35 (cca)
[16:38:20] 18 tRNA-Pro c[66140,66215] 35 (tgg)
[16:38:20] 1 tRNA-Met c[1472,1546] 34 (cat)
[16:38:20] 2 tRNA-Leu c[9306,9388] 35 (caa)
[16:38:20] 3 tRNA-Val [15342,15413] 33 (gac)
[16:38:20] 4 tRNA-Arg [23182,23256] 35 (acg)
[16:38:20] 5 tRNA-Asn c[23854,23927] 34 (gtt)
[16:38:20] Found 24 tRNAs
[16:38:20] Predicting Ribosomal RNAs
[16:38:20] Running Barrnap with 40 threads
[16:38:21] 1 k141_93210 15645 16S ribosomal RNA
[16:38:21] 2 k141_93210 19589 23S ribosomal RNA
[16:38:21] Found 2 rRNAs
[16:38:21] Skipping ncRNA search, enable with --rfam if desired.
[16:38:21] Total of 26 tRNA + rRNA features
[16:38:21] Searching for CRISPR repeats
[16:38:21] Found 0 CRISPRs
[16:38:21] Predicting coding sequences
[16:38:21] Contigs total 127481 bp, so using single mode
[16:38:21] Running: prodigal -i P002_WB12\/P002_WB12\.fna -c -m -g 11 -p single -f sco -q
[16:38:22] Excluding CDS which overlaps existing RNA (tRNA) at k141_93210:9275..9412 on - strand
[16:38:22] Excluding CDS which overlaps existing RNA (tRNA) at k141_93210:15353..15646 on - strand
[16:38:22] Excluding CDS which overlaps existing RNA (rRNA) at k141_93210:16095..16490 on - strand
[16:38:22] Excluding CDS which overlaps existing RNA (rRNA) at k141_93210:16885..17268 on - strand
[16:38:22] Excluding CDS which overlaps existing RNA (rRNA) at k141_93210:19518..19814 on + strand
[16:38:22] Found 96 CDS
[16:38:22] Connecting features back to sequences
[16:38:22] Not using genus-specific database. Try --usegenus to enable it.
[16:38:22] Preparing user-supplied primary BLAST annotation source: vaccinium.gb
[16:38:22] Guessed source was in genbank format.
[16:38:22] Converting genbank 'vaccinium.gb' into Prokka FASTA 'P002_WB12/proteins.faa'
[16:38:22] Running: prokka-genbank_to_fasta_db --format genbank vaccinium\.gb > P002_WB12\/proteins\.faa 2> /dev/null
[16:38:22] Running: makeblastdb -dbtype prot -in P002_WB12\/proteins\.faa -out P002_WB12\/proteins -logfile /dev/null
[16:38:23] Using /inference source as 'vaccinium.gb'
[16:38:23] Annotating CDS, please be patient.
[16:38:23] Will use 40 CPUs for similarity searching.
[16:38:23] There are still 96 unannotated CDS left (started with 96)
[16:38:23] Will use blast to search against P002_WB12/proteins with 40 CPUs
[16:38:23] Running: cat P002_WB12\/P002_WB12\.proteins\.tmp\.19128\.faa | parallel --gnu --plain -j 40 --block 294 --recstart '>' --pipe blastp -query - -db P002_WB12/proteins -evalue 1e-09 -qcov_hsp_perc 80 -num_threads 1 -num_descriptions 1 -num_alignments 1 -seg no > P002_WB12\/P002_WB12\.proteins\.tmp\.19128\.blast 2> /dev/null
[16:38:27] Deleting unwanted file: P002_WB12/P002_WB12.proteins.tmp.19128.faa
[16:38:27] Deleting unwanted file: P002_WB12/P002_WB12.proteins.tmp.19128.blast
[16:38:27] There are still 34 unannotated CDS left (started with 96)
[16:38:27] Will use blast to search against /home/local/packages/prokka-1.14.5/db/kingdom/Bacteria/IS with 40 CPUs
[16:38:27] Running: cat P002_WB12\/P002_WB12\.IS\.tmp\.19128\.faa | parallel --gnu --plain -j 40 --block 78 --recstart '>' --pipe blastp -query - -db /home/local/packages/prokka-1.14.5/db/kingdom/Bacteria/IS -evalue 1e-30 -qcov_hsp_perc 90 -num_threads 1 -num_descriptions 1 -num_alignments 1 -seg no > P002_WB12\/P002_WB12\.IS\.tmp\.19128\.blast 2> /dev/null
[16:38:29] Deleting unwanted file: P002_WB12/P002_WB12.IS.tmp.19128.faa
[16:38:29] Deleting unwanted file: P002_WB12/P002_WB12.IS.tmp.19128.blast
[16:38:29] There are still 34 unannotated CDS left (started with 96)
[16:38:29] Will use blast to search against /home/local/packages/prokka-1.14.5/db/kingdom/Bacteria/AMR with 40 CPUs
[16:38:29] Running: cat P002_WB12\/P002_WB12\.AMR\.tmp\.19128\.faa | parallel --gnu --plain -j 40 --block 78 --recstart '>' --pipe blastp -query - -db /home/local/packages/prokka-1.14.5/db/kingdom/Bacteria/AMR -evalue 1e-300 -qcov_hsp_perc 90 -num_threads 1 -num_descriptions 1 -num_alignments 1 -seg no > P002_WB12\/P002_WB12\.AMR\.tmp\.19128\.blast 2> /dev/null
[16:38:30] Deleting unwanted file: P002_WB12/P002_WB12.AMR.tmp.19128.faa
[16:38:30] Deleting unwanted file: P002_WB12/P002_WB12.AMR.tmp.19128.blast
[16:38:30] There are still 34 unannotated CDS left (started with 96)
[16:38:30] Will use blast to search against /home/local/packages/prokka-1.14.5/db/kingdom/Bacteria/sprot with 40 CPUs
[16:38:30] Running: cat P002_WB12\/P002_WB12\.sprot\.tmp\.19128\.faa | parallel --gnu --plain -j 40 --block 78 --recstart '>' --pipe blastp -query - -db /home/local/packages/prokka-1.14.5/db/kingdom/Bacteria/sprot -evalue 1e-09 -qcov_hsp_perc 80 -num_threads 1 -num_descriptions 1 -num_alignments 1 -seg no > P002_WB12\/P002_WB12\.sprot\.tmp\.19128\.blast 2> /dev/null
[16:38:32] Deleting unwanted file: P002_WB12/P002_WB12.sprot.tmp.19128.faa
[16:38:32] Deleting unwanted file: P002_WB12/P002_WB12.sprot.tmp.19128.blast
[16:38:32] There are still 31 unannotated CDS left (started with 96)
[16:38:32] Will use hmmer3 to search against /home/local/packages/prokka-1.14.5/db/hmm/HAMAP.hmm with 40 CPUs
[16:38:32] Running: cat P002_WB12\/P002_WB12\.HAMAP\.hmm\.tmp\.19128\.faa | parallel --gnu --plain -j 40 --block 76 --recstart '>' --pipe hmmscan --noali --notextw --acc -E 1e-09 --cpu 1 /home/local/packages/prokka-1.14.5/db/hmm/HAMAP.hmm /dev/stdin > P002_WB12\/P002_WB12\.HAMAP\.hmm\.tmp\.19128\.hmmer3 2> /dev/null
[16:38:33] Deleting unwanted file: P002_WB12/P002_WB12.HAMAP.hmm.tmp.19128.faa
[16:38:33] Deleting unwanted file: P002_WB12/P002_WB12.HAMAP.hmm.tmp.19128.hmmer3
[16:38:33] Deleting unwanted file: P002_WB12/proteins.psq
[16:38:33] Deleting unwanted file: P002_WB12/proteins.phr
[16:38:33] Deleting unwanted file: P002_WB12/proteins.pin
[16:38:33] Labelling remaining 29 proteins as 'hypothetical protein'
[16:38:33] Possible /pseudo 'NADH-plastoquinone oxidoreductase subunit 1' at k141_113801 position 11295
[16:38:33] Possible /pseudo 'RNA polymerase beta' subunit' at k141_143195 position 23061
[16:38:33] Possible /pseudo 'ATP-dependent Clp protease proteolytic subunit' at k141_143195 position 70316
[16:38:33] Possible /pseudo 'NADH-plastoquinone oxidoreductase subunit 2' at k141_93210 position 11378
[16:38:33] Found 62 unique /gene codes.
[16:38:33] Fixed 2 duplicate /gene - atpF_1 atpF_2
[16:38:33] Fixed 2 duplicate /gene - clpP_1 clpP_2
[16:38:33] Fixed 2 duplicate /gene - ndhA_1 ndhA_2
[16:38:33] Fixed 2 duplicate /gene - ndhB_1 ndhB_2
[16:38:33] Fixed 2 duplicate /gene - rpoC1_1 rpoC1_2
[16:38:33] Fixed 5 colliding /gene names.
[16:38:33] Adding /locus_tag identifiers
[16:38:33] Assigned 122 locus_tags to CDS and RNA features.
[16:38:33] Writing outputs to P002_WB12/
[16:38:33] Generating annotation statistics file
[16:38:33] Generating Genbank and Sequin files
[16:38:33] Running: tbl2asn -V b -a r10k -l paired-ends -M n -N 1 -y 'Annotated using prokka 1.14.5 from https://github.com/tseemann/prokka' -Z P002_WB12\/P002_WB12\.err -i P002_WB12\/P002_WB12\.fsa 2> /dev/null
[16:38:34] Deleting unwanted file: P002_WB12/errorsummary.val
[16:38:34] Deleting unwanted file: P002_WB12/P002_WB12.dr
[16:38:34] Deleting unwanted file: P002_WB12/P002_WB12.fixedproducts
[16:38:34] Deleting unwanted file: P002_WB12/P002_WB12.ecn
[16:38:34] Deleting unwanted file: P002_WB12/P002_WB12.val
[16:38:34] Repairing broken .GBK output that tbl2asn produces...
[16:38:34] Running: sed 's/COORDINATES: profile/COORDINATES:profile/' < P002_WB12\/P002_WB12\.gbf > P002_WB12\/P002_WB12\.gbk
[16:38:34] Deleting unwanted file: P002_WB12/P002_WB12.gbf
[16:38:34] Output files:
[16:38:34] P002_WB12/P002_WB12.gff
[16:38:34] P002_WB12/P002_WB12.ffn
[16:38:34] P002_WB12/P002_WB12.txt
[16:38:34] P002_WB12/P002_WB12.tsv
[16:38:34] P002_WB12/P002_WB12.faa
[16:38:34] P002_WB12/P002_WB12.err
[16:38:34] P002_WB12/P002_WB12.sqn
[16:38:34] P002_WB12/P002_WB12.tbl
[16:38:34] P002_WB12/P002_WB12.fna
[16:38:34] P002_WB12/P002_WB12.fsa
[16:38:34] P002_WB12/P002_WB12.log
[16:38:34] P002_WB12/P002_WB12.gbk
[16:38:34] Annotation finished successfully.
[16:38:34] Walltime used: 0.27 minutes
[16:38:34] If you use this result please cite the Prokka paper:
[16:38:34] Seemann T (2014) Prokka: rapid prokaryotic genome annotation. Bioinformatics. 30(14):2068-9.
[16:38:34] Type 'prokka --citation' for more details.
[16:38:34] Thank you, come again.
