Discrepancy Report Results

Summary
FATAL: MISSING_PROTEIN_ID:91 proteins have invalid IDs.
DISC_SOURCE_QUALS_ASNDISC:strain (all present, all same)
DISC_SOURCE_QUALS_ASNDISC:taxname (all present, all same)
DISC_FEATURE_COUNT:CDS: 91 present
DISC_FEATURE_COUNT:tRNA: 25 present
DISC_FEATURE_COUNT:rRNA: 2 present
DISC_COUNT_NUCLEOTIDES:8 nucleotide Bioseqs are present
FEATURE_LOCATION_CONFLICT:118 features have inconsistent gene locations.
SUSPECT_PRODUCT_NAMES:2 product_names contain suspect phrase or characters
	May contain database identifier more appropriate in note; remove from product name
		2 features contains three or more numbers together that may be identifiers more appropriate in note
DISC_QUALITY_SCORES:Quality scores are missing on all sequences.
ONCALLER_COMMENT_PRESENT:8 comment descriptors were found (all same)
SHORT_PROT_SEQUENCES:10 protein sequences are shorter than 50 aa.
MISSING_GENOMEASSEMBLY_COMMENTS:8 bioseqs are missing GenomeAssembly structured comments
MOLTYPE_NOT_MRNA:8 molecule types are not set as mRNA.
TECHNIQUE_NOT_TSA:8 technique are not set as TSA
MISSING_STRUCTURED_COMMENT:8 sequences do not include structured comments.
MISSING_PROJECT:99 sequences do not include project.
DISC_INCONSISTENT_MOLINFO_TECH:Molinfo Technique Report (some missing, all same)


Detailed Report

FATAL: DiscRep_ALL:MISSING_PROTEIN_ID::91 proteins have invalid IDs.
P003_WE09/P003_WE09:k141_130225_1 (length 34)
P003_WE09/P003_WE09:k141_130225_2 (length 70)
P003_WE09/P003_WE09:k141_130225_3 (length 1114)
P003_WE09/P003_WE09:k141_130225_4 (length 152)
P003_WE09/P003_WE09:k141_130225_5 (length 435)
P003_WE09/P003_WE09:k141_130225_6 (length 1392)
P003_WE09/P003_WE09:k141_130225_7 (length 240)
P003_WE09/P003_WE09:k141_130225_8 (length 247)
P003_WE09/P003_WE09:k141_130225_9 (length 81)
P003_WE09/P003_WE09:k141_130225_10 (length 56)
P003_WE09/P003_WE09:k141_130225_11 (length 90)
P003_WE09/P003_WE09:k141_130225_12 (length 158)
P003_WE09/P003_WE09:k141_130225_13 (length 507)
P003_WE09/P003_WE09:k141_130225_14 (length 36)
P003_WE09/P003_WE09:k141_130225_15 (length 64)
P003_WE09/P003_WE09:k141_130225_16 (length 510)
P003_WE09/P003_WE09:k141_87354_1 (length 92)
P003_WE09/P003_WE09:k141_87354_2 (length 165)
P003_WE09/P003_WE09:k141_87354_3 (length 53)
P003_WE09/P003_WE09:k141_87354_4 (length 135)
P003_WE09/P003_WE09:k141_87354_5 (length 93)
P003_WE09/P003_WE09:k141_87354_6 (length 2285)
P003_WE09/P003_WE09:k141_87354_7 (length 260)
P003_WE09/P003_WE09:k141_87354_8 (length 285)
P003_WE09/P003_WE09:k141_87354_9 (length 79)
P003_WE09/P003_WE09:k141_87354_10 (length 50)
P003_WE09/P003_WE09:k141_87354_11 (length 65)
P003_WE09/P003_WE09:k141_87354_12 (length 45)
P003_WE09/P003_WE09:k141_87354_13 (length 94)
P003_WE09/P003_WE09:k141_87354_14 (length 71)
P003_WE09/P003_WE09:k141_87354_15 (length 34)
P003_WE09/P003_WE09:k141_87354_16 (length 48)
P003_WE09/P003_WE09:k141_46387_1 (length 132)
P003_WE09/P003_WE09:k141_46387_2 (length 50)
P003_WE09/P003_WE09:k141_46387_3 (length 218)
P003_WE09/P003_WE09:k141_46387_4 (length 119)
P003_WE09/P003_WE09:k141_46387_5 (length 122)
P003_WE09/P003_WE09:k141_46387_6 (length 134)
P003_WE09/P003_WE09:k141_46387_7 (length 138)
P003_WE09/P003_WE09:k141_46387_8 (length 339)
P003_WE09/P003_WE09:k141_46387_9 (length 179)
P003_WE09/P003_WE09:k141_46387_10 (length 162)
P003_WE09/P003_WE09:k141_46387_11 (length 73)
P003_WE09/P003_WE09:k141_46387_12 (length 400)
P003_WE09/P003_WE09:k141_46430_1 (length 263)
P003_WE09/P003_WE09:k141_60834_1 (length 353)
P003_WE09/P003_WE09:k141_60834_2 (length 461)
P003_WE09/P003_WE09:k141_60834_3 (length 62)
P003_WE09/P003_WE09:k141_60834_4 (length 100)
P003_WE09/P003_WE09:k141_60834_5 (length 734)
P003_WE09/P003_WE09:k141_60834_6 (length 750)
P003_WE09/P003_WE09:k141_60834_7 (length 82)
P003_WE09/P003_WE09:k141_60834_8 (length 60)
P003_WE09/P003_WE09:k141_60834_9 (length 201)
P003_WE09/P003_WE09:k141_60834_10 (length 159)
P003_WE09/P003_WE09:k141_60834_11 (length 225)
P003_WE09/P003_WE09:k141_60834_12 (length 120)
P003_WE09/P003_WE09:k141_60834_13 (length 38)
P003_WE09/P003_WE09:k141_127010_1 (length 104)
P003_WE09/P003_WE09:k141_127010_2 (length 93)
P003_WE09/P003_WE09:k141_127010_3 (length 81)
P003_WE09/P003_WE09:k141_127010_4 (length 117)
P003_WE09/P003_WE09:k141_127010_5 (length 101)
P003_WE09/P003_WE09:k141_127010_6 (length 76)
P003_WE09/P003_WE09:k141_127010_7 (length 83)
P003_WE09/P003_WE09:k141_127010_8 (length 39)
P003_WE09/P003_WE09:k141_127010_9 (length 40)
P003_WE09/P003_WE09:k141_127010_10 (length 320)
P003_WE09/P003_WE09:k141_127010_11 (length 228)
P003_WE09/P003_WE09:k141_127010_12 (length 184)
P003_WE09/P003_WE09:k141_127010_13 (length 48)
P003_WE09/P003_WE09:k141_127010_14 (length 60)
P003_WE09/P003_WE09:k141_127010_15 (length 37)
P003_WE09/P003_WE09:k141_127010_16 (length 474)
P003_WE09/P003_WE09:k141_127010_17 (length 79)
P003_WE09/P003_WE09:k141_127010_18 (length 478)
P003_WE09/P003_WE09:k141_127010_19 (length 498)
P003_WE09/P003_WE09:k141_127010_20 (length 133)
P003_WE09/P003_WE09:k141_127010_21 (length 61)
P003_WE09/P003_WE09:k141_77922_1 (length 1253)
P003_WE09/P003_WE09:k141_77922_2 (length 90)
P003_WE09/P003_WE09:k141_77922_3 (length 393)
P003_WE09/P003_WE09:k141_77922_4 (length 188)
P003_WE09/P003_WE09:k141_77922_5 (length 163)
P003_WE09/P003_WE09:k141_77922_6 (length 176)
P003_WE09/P003_WE09:k141_77922_7 (length 191)
P003_WE09/P003_WE09:k141_77922_8 (length 101)
P003_WE09/P003_WE09:k141_77922_9 (length 81)
P003_WE09/P003_WE09:k141_77922_10 (length 506)
P003_WE09/P003_WE09:k141_77922_11 (length 320)
P003_WE09/P003_WE09:k141_77922_12 (length 757)

DiscRep_ALL:DISC_SOURCE_QUALS_ASNDISC::strain (all present, all same)
DiscRep_SUB:DISC_SOURCE_QUALS_ASNDISC::8 sources have 'strain' for strain
DiscRep_ALL:DISC_SOURCE_QUALS_ASNDISC::taxname (all present, all same)
DiscRep_SUB:DISC_SOURCE_QUALS_ASNDISC::8 sources have 'Genus species' for taxname
DiscRep_ALL:DISC_FEATURE_COUNT::CDS: 91 present
DiscRep_ALL:DISC_FEATURE_COUNT::tRNA: 25 present
DiscRep_ALL:DISC_FEATURE_COUNT::rRNA: 2 present
DiscRep_ALL:DISC_COUNT_NUCLEOTIDES::8 nucleotide Bioseqs are present
P003_WE09/P003_WE09:k141_130225 (length 31325)
P003_WE09/P003_WE09:k141_87354 (length 27459)
P003_WE09/P003_WE09:k141_46387 (length 11706)
P003_WE09/P003_WE09:k141_46430 (length 1241)
P003_WE09/P003_WE09:k141_60834 (length 19382)
P003_WE09/P003_WE09:k141_61700 (length 1112)
P003_WE09/P003_WE09:k141_127010 (length 21565)
P003_WE09/P003_WE09:k141_77922 (length 16496)

DiscRep_ALL:FEATURE_LOCATION_CONFLICT::118 features have inconsistent gene locations.
DiscRep_SUB:FEATURE_LOCATION_CONFLICT::Coding region xref gene does not exist
P003_WE09/P003_WE09:CDS	photosystem II protein M	k141_130225:3789-3893	P003_WE09_00005

DiscRep_SUB:FEATURE_LOCATION_CONFLICT::Coding region xref gene does not exist
P003_WE09/P003_WE09:CDS	hypothetical protein	k141_130225:c4458-4246	P003_WE09_00006

DiscRep_SUB:FEATURE_LOCATION_CONFLICT::Coding region xref gene does not exist
P003_WE09/P003_WE09:CDS	RNA polymerase beta subunit	k141_130225:6812-10156	P003_WE09_00008

DiscRep_SUB:FEATURE_LOCATION_CONFLICT::Coding region xref gene does not exist
P003_WE09/P003_WE09:CDS	RNA polymerase beta' subunit	k141_130225:10162-10620	P003_WE09_00009

DiscRep_SUB:FEATURE_LOCATION_CONFLICT::Coding region xref gene does not exist
P003_WE09/P003_WE09:CDS	RNA polymerase beta' subunit	k141_130225:11688-12995	P003_WE09_00010

DiscRep_SUB:FEATURE_LOCATION_CONFLICT::Coding region xref gene does not exist
P003_WE09/P003_WE09:CDS	RNA polymerase beta'' subunit	k141_130225:13177-17355	P003_WE09_00011

DiscRep_SUB:FEATURE_LOCATION_CONFLICT::Coding region xref gene does not exist
P003_WE09/P003_WE09:CDS	ribosomal protein S2	k141_130225:17653-18375	P003_WE09_00012

DiscRep_SUB:FEATURE_LOCATION_CONFLICT::Coding region xref gene does not exist
P003_WE09/P003_WE09:CDS	ATP synthase CF0 subunit IV	k141_130225:18584-19327	P003_WE09_00013

DiscRep_SUB:FEATURE_LOCATION_CONFLICT::Coding region xref gene does not exist
P003_WE09/P003_WE09:CDS	ATP synthase CF0 subunit III	k141_130225:20327-20572	P003_WE09_00014

DiscRep_SUB:FEATURE_LOCATION_CONFLICT::Coding region xref gene does not exist
P003_WE09/P003_WE09:CDS	ATP synthase CF0 subunit I	k141_130225:21059-21229	P003_WE09_00015

DiscRep_SUB:FEATURE_LOCATION_CONFLICT::Coding region xref gene does not exist
P003_WE09/P003_WE09:CDS	hypothetical protein	k141_130225:c21552-21280	P003_WE09_00016

DiscRep_SUB:FEATURE_LOCATION_CONFLICT::Coding region xref gene does not exist
P003_WE09/P003_WE09:CDS	ATP synthase CF0 subunit I	k141_130225:21865-22341	P003_WE09_00017

DiscRep_SUB:FEATURE_LOCATION_CONFLICT::Coding region xref gene does not exist
P003_WE09/P003_WE09:CDS	ATP synthase CF1 alpha subunit	k141_130225:22408-23931	P003_WE09_00018

DiscRep_SUB:FEATURE_LOCATION_CONFLICT::Coding region xref gene does not exist
P003_WE09/P003_WE09:CDS	Photosystem II reaction center protein I	k141_130225:c26218-26108	P003_WE09_00021

DiscRep_SUB:FEATURE_LOCATION_CONFLICT::Coding region xref gene does not exist
P003_WE09/P003_WE09:CDS	photosystem II protein K	k141_130225:c26870-26676	P003_WE09_00022

DiscRep_SUB:FEATURE_LOCATION_CONFLICT::Coding region xref gene does not exist
P003_WE09/P003_WE09:CDS	maturase K	k141_130225:28853-30385	P003_WE09_00024

DiscRep_SUB:FEATURE_LOCATION_CONFLICT::RNA feature xref gene does not exist
P003_WE09/P003_WE09:tRNA	Thr	k141_130225:c1595-1522	P003_WE09_00001

DiscRep_SUB:FEATURE_LOCATION_CONFLICT::RNA feature xref gene does not exist
P003_WE09/P003_WE09:tRNA	Glu	k141_130225:1845-1919	P003_WE09_00002

DiscRep_SUB:FEATURE_LOCATION_CONFLICT::RNA feature xref gene does not exist
P003_WE09/P003_WE09:tRNA	Tyr	k141_130225:1977-2062	P003_WE09_00003

DiscRep_SUB:FEATURE_LOCATION_CONFLICT::RNA feature xref gene does not exist
P003_WE09/P003_WE09:tRNA	Asp	k141_130225:2544-2620	P003_WE09_00004

DiscRep_SUB:FEATURE_LOCATION_CONFLICT::RNA feature xref gene does not exist
P003_WE09/P003_WE09:tRNA	Cys	k141_130225:c5742-5672	P003_WE09_00007

DiscRep_SUB:FEATURE_LOCATION_CONFLICT::RNA feature xref gene does not exist
P003_WE09/P003_WE09:tRNA	Arg	k141_130225:c24250-24179	P003_WE09_00019

DiscRep_SUB:FEATURE_LOCATION_CONFLICT::RNA feature xref gene does not exist
P003_WE09/P003_WE09:tRNA	Ser	k141_130225:25872-25959	P003_WE09_00020

DiscRep_SUB:FEATURE_LOCATION_CONFLICT::RNA feature xref gene does not exist
P003_WE09/P003_WE09:tRNA	Gln	k141_130225:27215-27286	P003_WE09_00023

DiscRep_SUB:FEATURE_LOCATION_CONFLICT::Coding region xref gene does not exist
P003_WE09/P003_WE09:CDS	ribosomal protein S19	k141_87354:c481-203	P003_WE09_00025

DiscRep_SUB:FEATURE_LOCATION_CONFLICT::Coding region xref gene does not exist
P003_WE09/P003_WE09:CDS	ribosomal protein L2	k141_87354:c1042-545	P003_WE09_00026

DiscRep_SUB:FEATURE_LOCATION_CONFLICT::Coding region xref gene does not exist
P003_WE09/P003_WE09:CDS	hypothetical protein	k141_87354:c1163-1002	P003_WE09_00027

DiscRep_SUB:FEATURE_LOCATION_CONFLICT::Coding region xref gene does not exist
P003_WE09/P003_WE09:CDS	ribosomal protein L2	k141_87354:c2043-1636	P003_WE09_00028

DiscRep_SUB:FEATURE_LOCATION_CONFLICT::Coding region xref gene does not exist
P003_WE09/P003_WE09:CDS	ribosomal protein L23	k141_87354:c2343-2062	P003_WE09_00029

DiscRep_SUB:FEATURE_LOCATION_CONFLICT::Coding region xref gene does not exist
P003_WE09/P003_WE09:CDS	hypothetical protein	k141_87354:2677-9534	P003_WE09_00031

DiscRep_SUB:FEATURE_LOCATION_CONFLICT::Coding region xref gene does not exist
P003_WE09/P003_WE09:CDS	NADH-plastoquinone oxidoreductase subunit 2	k141_87354:c12019-11237	P003_WE09_00033

DiscRep_SUB:FEATURE_LOCATION_CONFLICT::Coding region xref gene does not exist
P003_WE09/P003_WE09:CDS	NADH-plastoquinone oxidoreductase subunit 2	k141_87354:c13397-12540	P003_WE09_00034

DiscRep_SUB:FEATURE_LOCATION_CONFLICT::Coding region xref gene does not exist
P003_WE09/P003_WE09:CDS	ribosomal protein S7	k141_87354:c14007-13768	P003_WE09_00035

DiscRep_SUB:FEATURE_LOCATION_CONFLICT::Coding region xref gene does not exist
P003_WE09/P003_WE09:CDS	hypothetical protein	k141_87354:c14218-14066	P003_WE09_00036

DiscRep_SUB:FEATURE_LOCATION_CONFLICT::Coding region xref gene does not exist
P003_WE09/P003_WE09:CDS	hypothetical protein	k141_87354:c14412-14215	P003_WE09_00037

DiscRep_SUB:FEATURE_LOCATION_CONFLICT::Coding region xref gene does not exist
P003_WE09/P003_WE09:CDS	hypothetical protein	k141_87354:15600-15737	P003_WE09_00038

DiscRep_SUB:FEATURE_LOCATION_CONFLICT::Coding region xref gene does not exist
P003_WE09/P003_WE09:CDS	hypothetical protein	k141_87354:15730-16014	P003_WE09_00039

DiscRep_SUB:FEATURE_LOCATION_CONFLICT::Coding region xref gene does not exist
P003_WE09/P003_WE09:CDS	hypothetical protein	k141_87354:19515-19730	P003_WE09_00042

DiscRep_SUB:FEATURE_LOCATION_CONFLICT::Coding region xref gene does not exist
P003_WE09/P003_WE09:CDS	hypothetical protein	k141_87354:20026-20130	P003_WE09_00043

DiscRep_SUB:FEATURE_LOCATION_CONFLICT::Coding region xref gene does not exist
P003_WE09/P003_WE09:CDS	hypothetical protein	k141_87354:24801-24947	P003_WE09_00046

DiscRep_SUB:FEATURE_LOCATION_CONFLICT::RNA feature xref gene does not exist
P003_WE09/P003_WE09:tRNA	Met	k141_87354:c2582-2508	P003_WE09_00030

DiscRep_SUB:FEATURE_LOCATION_CONFLICT::RNA feature xref gene does not exist
P003_WE09/P003_WE09:tRNA	Leu	k141_87354:c10646-10564	P003_WE09_00032

DiscRep_SUB:FEATURE_LOCATION_CONFLICT::RNA feature xref gene does not exist
P003_WE09/P003_WE09:tRNA	Val	k141_87354:16707-16778	P003_WE09_00040

DiscRep_SUB:FEATURE_LOCATION_CONFLICT::RNA feature xref gene does not exist
P003_WE09/P003_WE09:rRNA	16S ribosomal RNA	k141_87354:17008-18494	P003_WE09_00041

DiscRep_SUB:FEATURE_LOCATION_CONFLICT::RNA feature xref gene does not exist
P003_WE09/P003_WE09:rRNA	23S ribosomal RNA	k141_87354:20903-23912	P003_WE09_00044

DiscRep_SUB:FEATURE_LOCATION_CONFLICT::RNA feature xref gene does not exist
P003_WE09/P003_WE09:tRNA	Arg	k141_87354:24498-24572	P003_WE09_00045

DiscRep_SUB:FEATURE_LOCATION_CONFLICT::RNA feature xref gene does not exist
P003_WE09/P003_WE09:tRNA	Asn	k141_87354:c25370-25297	P003_WE09_00047

DiscRep_SUB:FEATURE_LOCATION_CONFLICT::Coding region xref gene does not exist
P003_WE09/P003_WE09:CDS	ribosomal protein L22	k141_46387:90-488	P003_WE09_00048

DiscRep_SUB:FEATURE_LOCATION_CONFLICT::Coding region xref gene does not exist
P003_WE09/P003_WE09:CDS	hypothetical protein	k141_46387:451-603	P003_WE09_00049

DiscRep_SUB:FEATURE_LOCATION_CONFLICT::Coding region xref gene does not exist
P003_WE09/P003_WE09:CDS	ribosomal protein S3	k141_46387:588-1244	P003_WE09_00050

DiscRep_SUB:FEATURE_LOCATION_CONFLICT::Coding region xref gene does not exist
P003_WE09/P003_WE09:CDS	ribosomal protein L16	k141_46387:2581-2940	P003_WE09_00051

DiscRep_SUB:FEATURE_LOCATION_CONFLICT::Coding region xref gene does not exist
P003_WE09/P003_WE09:CDS	ribosomal protein L14	k141_46387:3127-3495	P003_WE09_00052

DiscRep_SUB:FEATURE_LOCATION_CONFLICT::Coding region xref gene does not exist
P003_WE09/P003_WE09:CDS	ribosomal protein S8	k141_46387:3739-4143	P003_WE09_00053

DiscRep_SUB:FEATURE_LOCATION_CONFLICT::Coding region xref gene does not exist
P003_WE09/P003_WE09:CDS	ribosomal protein S11	k141_46387:4867-5283	P003_WE09_00054

DiscRep_SUB:FEATURE_LOCATION_CONFLICT::Coding region xref gene does not exist
P003_WE09/P003_WE09:CDS	DNA-directed RNA polymerase subunit alpha	k141_46387:5354-6373	P003_WE09_00055

DiscRep_SUB:FEATURE_LOCATION_CONFLICT::Coding region xref gene does not exist
P003_WE09/P003_WE09:CDS	cytochrome b6/f complex subunit IV	k141_46387:c7118-6579	P003_WE09_00056

DiscRep_SUB:FEATURE_LOCATION_CONFLICT::Coding region xref gene does not exist
P003_WE09/P003_WE09:CDS	cytochrome b6	k141_46387:c8567-8079	P003_WE09_00057

DiscRep_SUB:FEATURE_LOCATION_CONFLICT::Coding region xref gene does not exist
P003_WE09/P003_WE09:CDS	photosystem II phosphoprotein	k141_46387:c9893-9672	P003_WE09_00058

DiscRep_SUB:FEATURE_LOCATION_CONFLICT::Coding region xref gene does not exist
P003_WE09/P003_WE09:CDS	photosystem II CP47 chlorophyll apoprotein	k141_46387:c11703-10501	P003_WE09_00059

DiscRep_SUB:FEATURE_LOCATION_CONFLICT::Coding region xref gene does not exist
P003_WE09/P003_WE09:CDS	photosystem II protein D1	k141_46430:14-805	P003_WE09_00060

DiscRep_SUB:FEATURE_LOCATION_CONFLICT::RNA feature xref gene does not exist
P003_WE09/P003_WE09:tRNA	His	k141_46430:1026-1100	P003_WE09_00061

DiscRep_SUB:FEATURE_LOCATION_CONFLICT::Coding region xref gene does not exist
P003_WE09/P003_WE09:CDS	photosystem II protein D2	k141_60834:105-1166	P003_WE09_00062

DiscRep_SUB:FEATURE_LOCATION_CONFLICT::Coding region xref gene does not exist
P003_WE09/P003_WE09:CDS	photosystem II CP43 chlorophyll apoprotein	k141_60834:1150-2535	P003_WE09_00063

DiscRep_SUB:FEATURE_LOCATION_CONFLICT::Coding region xref gene does not exist
P003_WE09/P003_WE09:CDS	photosystem II protein Z	k141_60834:3217-3405	P003_WE09_00065

DiscRep_SUB:FEATURE_LOCATION_CONFLICT::Coding region xref gene does not exist
P003_WE09/P003_WE09:CDS	ribosomal protein S14	k141_60834:c4744-4442	P003_WE09_00068

DiscRep_SUB:FEATURE_LOCATION_CONFLICT::Coding region xref gene does not exist
P003_WE09/P003_WE09:CDS	photosystem I P700 apoprotein A2	k141_60834:c7067-4863	P003_WE09_00069

DiscRep_SUB:FEATURE_LOCATION_CONFLICT::Coding region xref gene does not exist
P003_WE09/P003_WE09:CDS	photosystem I P700 apoprotein A1	k141_60834:c9345-7093	P003_WE09_00070

DiscRep_SUB:FEATURE_LOCATION_CONFLICT::Coding region xref gene does not exist
P003_WE09/P003_WE09:CDS	putative chloroplast RF34	k141_60834:c11054-10806	P003_WE09_00071

DiscRep_SUB:FEATURE_LOCATION_CONFLICT::Coding region xref gene does not exist
P003_WE09/P003_WE09:CDS	hypothetical protein	k141_60834:c11650-11468	P003_WE09_00072

DiscRep_SUB:FEATURE_LOCATION_CONFLICT::Coding region xref gene does not exist
P003_WE09/P003_WE09:CDS	ribosomal protein S4	k141_60834:c13433-12828	P003_WE09_00074

DiscRep_SUB:FEATURE_LOCATION_CONFLICT::Coding region xref gene does not exist
P003_WE09/P003_WE09:CDS	NADH-plastoquinone oxidoreductase subunit J	k141_60834:c16562-16083	P003_WE09_00077

DiscRep_SUB:FEATURE_LOCATION_CONFLICT::Coding region xref gene does not exist
P003_WE09/P003_WE09:CDS	NADH-plastoquinone oxidoreductase subunit K	k141_60834:c17338-16661	P003_WE09_00078

DiscRep_SUB:FEATURE_LOCATION_CONFLICT::Coding region xref gene does not exist
P003_WE09/P003_WE09:CDS	NADH-plastoquinone oxidoreductase subunit 3	k141_60834:c17761-17399	P003_WE09_00079

DiscRep_SUB:FEATURE_LOCATION_CONFLICT::Coding region xref gene does not exist
P003_WE09/P003_WE09:CDS	hypothetical protein	k141_60834:c18687-18571	P003_WE09_00080

DiscRep_SUB:FEATURE_LOCATION_CONFLICT::RNA feature xref gene does not exist
P003_WE09/P003_WE09:tRNA	Ser	k141_60834:c2860-2771	P003_WE09_00064

DiscRep_SUB:FEATURE_LOCATION_CONFLICT::RNA feature xref gene does not exist
P003_WE09/P003_WE09:tRNA	Gly	k141_60834:3931-4002	P003_WE09_00066

DiscRep_SUB:FEATURE_LOCATION_CONFLICT::RNA feature xref gene does not exist
P003_WE09/P003_WE09:tRNA	Met	k141_60834:c4276-4202	P003_WE09_00067

DiscRep_SUB:FEATURE_LOCATION_CONFLICT::RNA feature xref gene does not exist
P003_WE09/P003_WE09:tRNA	Ser	k141_60834:12453-12540	P003_WE09_00073

DiscRep_SUB:FEATURE_LOCATION_CONFLICT::RNA feature xref gene does not exist
P003_WE09/P003_WE09:tRNA	Thr	k141_60834:c13737-13663	P003_WE09_00075

DiscRep_SUB:FEATURE_LOCATION_CONFLICT::RNA feature xref gene does not exist
P003_WE09/P003_WE09:tRNA	Phe	k141_60834:15249-15322	P003_WE09_00076

DiscRep_SUB:FEATURE_LOCATION_CONFLICT::RNA feature xref gene does not exist
P003_WE09/P003_WE09:tRNA	Met	k141_61700:c457-385	P003_WE09_00081

DiscRep_SUB:FEATURE_LOCATION_CONFLICT::Coding region xref gene does not exist
P003_WE09/P003_WE09:CDS	ATP-dependent Clp protease proteolytic subunit	k141_127010:1885-2199	P003_WE09_00082

DiscRep_SUB:FEATURE_LOCATION_CONFLICT::Coding region xref gene does not exist
P003_WE09/P003_WE09:CDS	ATP-dependent Clp protease proteolytic subunit	k141_127010:2720-3001	P003_WE09_00083

DiscRep_SUB:FEATURE_LOCATION_CONFLICT::Coding region xref gene does not exist
P003_WE09/P003_WE09:CDS	hypothetical protein	k141_127010:3399-3644	P003_WE09_00084

DiscRep_SUB:FEATURE_LOCATION_CONFLICT::Coding region xref gene does not exist
P003_WE09/P003_WE09:CDS	ribosomal protein L20	k141_127010:4126-4479	P003_WE09_00085

DiscRep_SUB:FEATURE_LOCATION_CONFLICT::Coding region xref gene does not exist
P003_WE09/P003_WE09:CDS	ribosomal protein S18	k141_127010:c5109-4804	P003_WE09_00086

DiscRep_SUB:FEATURE_LOCATION_CONFLICT::Coding region xref gene does not exist
P003_WE09/P003_WE09:CDS	Photosystem I reaction center subunit IX	k141_127010:c6212-5982	P003_WE09_00087

DiscRep_SUB:FEATURE_LOCATION_CONFLICT::Coding region xref gene does not exist
P003_WE09/P003_WE09:CDS	photosystem II cytochrome b559 alpha subunit	k141_127010:8679-8930	P003_WE09_00090

DiscRep_SUB:FEATURE_LOCATION_CONFLICT::Coding region xref gene does not exist
P003_WE09/P003_WE09:CDS	photosystem II cytochrome b559 beta subunit	k141_127010:8945-9064	P003_WE09_00091

DiscRep_SUB:FEATURE_LOCATION_CONFLICT::Coding region xref gene does not exist
P003_WE09/P003_WE09:CDS	photosystem II protein J	k141_127010:9357-9479	P003_WE09_00092

DiscRep_SUB:FEATURE_LOCATION_CONFLICT::Coding region xref gene does not exist
P003_WE09/P003_WE09:CDS	cytochrome f	k141_127010:c11304-10342	P003_WE09_00093

DiscRep_SUB:FEATURE_LOCATION_CONFLICT::Coding region xref gene does not exist
P003_WE09/P003_WE09:CDS	envelope membrane protein	k141_127010:c12223-11537	P003_WE09_00094

DiscRep_SUB:FEATURE_LOCATION_CONFLICT::Coding region xref gene does not exist
P003_WE09/P003_WE09:CDS	photosystem I assembly protein Ycf4	k141_127010:c13163-12609	P003_WE09_00095

DiscRep_SUB:FEATURE_LOCATION_CONFLICT::Coding region xref gene does not exist
P003_WE09/P003_WE09:CDS	hypothetical protein	k141_127010:13208-13354	P003_WE09_00096

DiscRep_SUB:FEATURE_LOCATION_CONFLICT::Coding region xref gene does not exist
P003_WE09/P003_WE09:CDS	hypothetical protein	k141_127010:13329-13511	P003_WE09_00097

DiscRep_SUB:FEATURE_LOCATION_CONFLICT::Coding region xref gene does not exist
P003_WE09/P003_WE09:CDS	photosystem I subunit VIII	k141_127010:c13697-13584	P003_WE09_00098

DiscRep_SUB:FEATURE_LOCATION_CONFLICT::Coding region xref gene does not exist
P003_WE09/P003_WE09:CDS	Acetyl-coenzyme A carboxylase carboxyl transferase subunit beta, chloroplastic	k141_127010:c15794-14370	P003_WE09_00099

DiscRep_SUB:FEATURE_LOCATION_CONFLICT::Coding region xref gene does not exist
P003_WE09/P003_WE09:CDS	hypothetical protein	k141_127010:15978-16217	P003_WE09_00100

DiscRep_SUB:FEATURE_LOCATION_CONFLICT::Coding region xref gene does not exist
P003_WE09/P003_WE09:CDS	ribulose-1,5-bisphosphate carboxylase/oxygenase large subunit	k141_127010:c17848-16412	P003_WE09_00101

DiscRep_SUB:FEATURE_LOCATION_CONFLICT::Coding region xref gene does not exist
P003_WE09/P003_WE09:CDS	ATP synthase CF1 beta subunit	k141_127010:18650-20146	P003_WE09_00102

DiscRep_SUB:FEATURE_LOCATION_CONFLICT::Coding region xref gene does not exist
P003_WE09/P003_WE09:CDS	ATP synthase CF1 epsilon subunit	k141_127010:20143-20544	P003_WE09_00103

DiscRep_SUB:FEATURE_LOCATION_CONFLICT::Coding region xref gene does not exist
P003_WE09/P003_WE09:CDS	hypothetical protein	k141_127010:c21269-21084	P003_WE09_00105

DiscRep_SUB:FEATURE_LOCATION_CONFLICT::RNA feature xref gene does not exist
P003_WE09/P003_WE09:tRNA	Pro	k141_127010:6532-6606	P003_WE09_00088

DiscRep_SUB:FEATURE_LOCATION_CONFLICT::RNA feature xref gene does not exist
P003_WE09/P003_WE09:tRNA	Trp	k141_127010:6883-6956	P003_WE09_00089

DiscRep_SUB:FEATURE_LOCATION_CONFLICT::RNA feature xref gene does not exist
P003_WE09/P003_WE09:tRNA	Met	k141_127010:c20887-20815	P003_WE09_00104

DiscRep_SUB:FEATURE_LOCATION_CONFLICT::Coding region xref gene does not exist
P003_WE09/P003_WE09:CDS	hypothetical protein	k141_77922:56-3817	P003_WE09_00106

DiscRep_SUB:FEATURE_LOCATION_CONFLICT::Coding region xref gene does not exist
P003_WE09/P003_WE09:CDS	ribosomal protein S15	k141_77922:4232-4504	P003_WE09_00107

DiscRep_SUB:FEATURE_LOCATION_CONFLICT::Coding region xref gene does not exist
P003_WE09/P003_WE09:CDS	NADH-plastoquinone oxidoreductase subunit 7	k141_77922:4619-5800	P003_WE09_00108

DiscRep_SUB:FEATURE_LOCATION_CONFLICT::Coding region xref gene does not exist
P003_WE09/P003_WE09:CDS	NADH-plastoquinone oxidoreductase subunit 1	k141_77922:5802-6368	P003_WE09_00109

DiscRep_SUB:FEATURE_LOCATION_CONFLICT::Coding region xref gene does not exist
P003_WE09/P003_WE09:CDS	NADH-plastoquinone oxidoreductase subunit 1	k141_77922:7514-8005	P003_WE09_00110

DiscRep_SUB:FEATURE_LOCATION_CONFLICT::Coding region xref gene does not exist
P003_WE09/P003_WE09:CDS	NADH-plastoquinone oxidoreductase subunit I	k141_77922:8086-8616	P003_WE09_00111

DiscRep_SUB:FEATURE_LOCATION_CONFLICT::Coding region xref gene does not exist
P003_WE09/P003_WE09:CDS	NADH-plastoquinone oxidoreductase subunit 6	k141_77922:8980-9555	P003_WE09_00112

DiscRep_SUB:FEATURE_LOCATION_CONFLICT::Coding region xref gene does not exist
P003_WE09/P003_WE09:CDS	NADH-plastoquinone oxidoreductase subunit 4L	k141_77922:9782-10087	P003_WE09_00113

DiscRep_SUB:FEATURE_LOCATION_CONFLICT::Coding region xref gene does not exist
P003_WE09/P003_WE09:CDS	photosystem I subunit VII	k141_77922:10336-10581	P003_WE09_00114

DiscRep_SUB:FEATURE_LOCATION_CONFLICT::Coding region xref gene does not exist
P003_WE09/P003_WE09:CDS	NADH-plastoquinone oxidoreductase subunit 4	k141_77922:10703-12223	P003_WE09_00115

DiscRep_SUB:FEATURE_LOCATION_CONFLICT::Coding region xref gene does not exist
P003_WE09/P003_WE09:CDS	cytochrome c heme attachment protein	k141_77922:c13385-12423	P003_WE09_00116

DiscRep_SUB:FEATURE_LOCATION_CONFLICT::Coding region xref gene does not exist
P003_WE09/P003_WE09:CDS	NADH-plastoquinone oxidoreductase subunit 5	k141_77922:14092-16365	P003_WE09_00118

DiscRep_SUB:FEATURE_LOCATION_CONFLICT::RNA feature xref gene does not exist
P003_WE09/P003_WE09:tRNA	Leu	k141_77922:c13573-13494	P003_WE09_00117

DiscRep_ALL:SUSPECT_PRODUCT_NAMES::2 product_names contain suspect phrase or characters
DiscRep_SUB:SUSPECT_PRODUCT_NAMES::May contain database identifier more appropriate in note; remove from product name
DiscRep_SUB:SUSPECT_PRODUCT_NAMES::2 features contains three or more numbers together that may be identifiers more appropriate in note
P003_WE09/P003_WE09:CDS	photosystem I P700 apoprotein A2	k141_60834:c7067-4863	P003_WE09_00069
P003_WE09/P003_WE09:CDS	photosystem I P700 apoprotein A1	k141_60834:c9345-7093	P003_WE09_00070

DiscRep_ALL:DISC_QUALITY_SCORES::Quality scores are missing on all sequences.

DiscRep_ALL:ONCALLER_COMMENT_PRESENT::8 comment descriptors were found (all same)
P003_WE09/P003_WE09:k141_130225:Annotated using prokka 1.14.5 from https://github.com/tseemann/prokka
P003_WE09/P003_WE09:k141_87354:Annotated using prokka 1.14.5 from https://github.com/tseemann/prokka
P003_WE09/P003_WE09:k141_46387:Annotated using prokka 1.14.5 from https://github.com/tseemann/prokka
P003_WE09/P003_WE09:k141_46430:Annotated using prokka 1.14.5 from https://github.com/tseemann/prokka
P003_WE09/P003_WE09:k141_60834:Annotated using prokka 1.14.5 from https://github.com/tseemann/prokka
P003_WE09/P003_WE09:k141_61700:Annotated using prokka 1.14.5 from https://github.com/tseemann/prokka
P003_WE09/P003_WE09:k141_127010:Annotated using prokka 1.14.5 from https://github.com/tseemann/prokka
P003_WE09/P003_WE09:k141_77922:Annotated using prokka 1.14.5 from https://github.com/tseemann/prokka

DiscRep_ALL:SHORT_PROT_SEQUENCES::10 protein sequences are shorter than 50 aa.
P003_WE09/P003_WE09:k141_130225_1 (length 34)
P003_WE09/P003_WE09:k141_130225_14 (length 36)
P003_WE09/P003_WE09:k141_87354_12 (length 45)
P003_WE09/P003_WE09:k141_87354_15 (length 34)
P003_WE09/P003_WE09:k141_87354_16 (length 48)
P003_WE09/P003_WE09:k141_60834_13 (length 38)
P003_WE09/P003_WE09:k141_127010_8 (length 39)
P003_WE09/P003_WE09:k141_127010_9 (length 40)
P003_WE09/P003_WE09:k141_127010_13 (length 48)
P003_WE09/P003_WE09:k141_127010_15 (length 37)

DiscRep_ALL:MISSING_GENOMEASSEMBLY_COMMENTS::8 bioseqs are missing GenomeAssembly structured comments
P003_WE09/P003_WE09:k141_130225 (length 31325)
P003_WE09/P003_WE09:k141_87354 (length 27459)
P003_WE09/P003_WE09:k141_46387 (length 11706)
P003_WE09/P003_WE09:k141_46430 (length 1241)
P003_WE09/P003_WE09:k141_60834 (length 19382)
P003_WE09/P003_WE09:k141_61700 (length 1112)
P003_WE09/P003_WE09:k141_127010 (length 21565)
P003_WE09/P003_WE09:k141_77922 (length 16496)

DiscRep_ALL:MOLTYPE_NOT_MRNA::8 molecule types are not set as mRNA.
P003_WE09/P003_WE09:k141_130225 (length 31325)
P003_WE09/P003_WE09:k141_87354 (length 27459)
P003_WE09/P003_WE09:k141_46387 (length 11706)
P003_WE09/P003_WE09:k141_46430 (length 1241)
P003_WE09/P003_WE09:k141_60834 (length 19382)
P003_WE09/P003_WE09:k141_61700 (length 1112)
P003_WE09/P003_WE09:k141_127010 (length 21565)
P003_WE09/P003_WE09:k141_77922 (length 16496)

DiscRep_ALL:TECHNIQUE_NOT_TSA::8 technique are not set as TSA
P003_WE09/P003_WE09:k141_130225 (length 31325)
P003_WE09/P003_WE09:k141_87354 (length 27459)
P003_WE09/P003_WE09:k141_46387 (length 11706)
P003_WE09/P003_WE09:k141_46430 (length 1241)
P003_WE09/P003_WE09:k141_60834 (length 19382)
P003_WE09/P003_WE09:k141_61700 (length 1112)
P003_WE09/P003_WE09:k141_127010 (length 21565)
P003_WE09/P003_WE09:k141_77922 (length 16496)

DiscRep_ALL:MISSING_STRUCTURED_COMMENT::8 sequences do not include structured comments.
P003_WE09/P003_WE09:k141_130225 (length 31325)
P003_WE09/P003_WE09:k141_87354 (length 27459)
P003_WE09/P003_WE09:k141_46387 (length 11706)
P003_WE09/P003_WE09:k141_46430 (length 1241)
P003_WE09/P003_WE09:k141_60834 (length 19382)
P003_WE09/P003_WE09:k141_61700 (length 1112)
P003_WE09/P003_WE09:k141_127010 (length 21565)
P003_WE09/P003_WE09:k141_77922 (length 16496)

DiscRep_ALL:MISSING_PROJECT::99 sequences do not include project.
P003_WE09/P003_WE09:k141_130225 (length 31325)
P003_WE09/P003_WE09:k141_130225_1 (length 34)
P003_WE09/P003_WE09:k141_130225_2 (length 70)
P003_WE09/P003_WE09:k141_130225_3 (length 1114)
P003_WE09/P003_WE09:k141_130225_4 (length 152)
P003_WE09/P003_WE09:k141_130225_5 (length 435)
P003_WE09/P003_WE09:k141_130225_6 (length 1392)
P003_WE09/P003_WE09:k141_130225_7 (length 240)
P003_WE09/P003_WE09:k141_130225_8 (length 247)
P003_WE09/P003_WE09:k141_130225_9 (length 81)
P003_WE09/P003_WE09:k141_130225_10 (length 56)
P003_WE09/P003_WE09:k141_130225_11 (length 90)
P003_WE09/P003_WE09:k141_130225_12 (length 158)
P003_WE09/P003_WE09:k141_130225_13 (length 507)
P003_WE09/P003_WE09:k141_130225_14 (length 36)
P003_WE09/P003_WE09:k141_130225_15 (length 64)
P003_WE09/P003_WE09:k141_130225_16 (length 510)
P003_WE09/P003_WE09:k141_87354 (length 27459)
P003_WE09/P003_WE09:k141_87354_1 (length 92)
P003_WE09/P003_WE09:k141_87354_2 (length 165)
P003_WE09/P003_WE09:k141_87354_3 (length 53)
P003_WE09/P003_WE09:k141_87354_4 (length 135)
P003_WE09/P003_WE09:k141_87354_5 (length 93)
P003_WE09/P003_WE09:k141_87354_6 (length 2285)
P003_WE09/P003_WE09:k141_87354_7 (length 260)
P003_WE09/P003_WE09:k141_87354_8 (length 285)
P003_WE09/P003_WE09:k141_87354_9 (length 79)
P003_WE09/P003_WE09:k141_87354_10 (length 50)
P003_WE09/P003_WE09:k141_87354_11 (length 65)
P003_WE09/P003_WE09:k141_87354_12 (length 45)
P003_WE09/P003_WE09:k141_87354_13 (length 94)
P003_WE09/P003_WE09:k141_87354_14 (length 71)
P003_WE09/P003_WE09:k141_87354_15 (length 34)
P003_WE09/P003_WE09:k141_87354_16 (length 48)
P003_WE09/P003_WE09:k141_46387 (length 11706)
P003_WE09/P003_WE09:k141_46387_1 (length 132)
P003_WE09/P003_WE09:k141_46387_2 (length 50)
P003_WE09/P003_WE09:k141_46387_3 (length 218)
P003_WE09/P003_WE09:k141_46387_4 (length 119)
P003_WE09/P003_WE09:k141_46387_5 (length 122)
P003_WE09/P003_WE09:k141_46387_6 (length 134)
P003_WE09/P003_WE09:k141_46387_7 (length 138)
P003_WE09/P003_WE09:k141_46387_8 (length 339)
P003_WE09/P003_WE09:k141_46387_9 (length 179)
P003_WE09/P003_WE09:k141_46387_10 (length 162)
P003_WE09/P003_WE09:k141_46387_11 (length 73)
P003_WE09/P003_WE09:k141_46387_12 (length 400)
P003_WE09/P003_WE09:k141_46430 (length 1241)
P003_WE09/P003_WE09:k141_46430_1 (length 263)
P003_WE09/P003_WE09:k141_60834 (length 19382)
P003_WE09/P003_WE09:k141_60834_1 (length 353)
P003_WE09/P003_WE09:k141_60834_2 (length 461)
P003_WE09/P003_WE09:k141_60834_3 (length 62)
P003_WE09/P003_WE09:k141_60834_4 (length 100)
P003_WE09/P003_WE09:k141_60834_5 (length 734)
P003_WE09/P003_WE09:k141_60834_6 (length 750)
P003_WE09/P003_WE09:k141_60834_7 (length 82)
P003_WE09/P003_WE09:k141_60834_8 (length 60)
P003_WE09/P003_WE09:k141_60834_9 (length 201)
P003_WE09/P003_WE09:k141_60834_10 (length 159)
P003_WE09/P003_WE09:k141_60834_11 (length 225)
P003_WE09/P003_WE09:k141_60834_12 (length 120)
P003_WE09/P003_WE09:k141_60834_13 (length 38)
P003_WE09/P003_WE09:k141_61700 (length 1112)
P003_WE09/P003_WE09:k141_127010 (length 21565)
P003_WE09/P003_WE09:k141_127010_1 (length 104)
P003_WE09/P003_WE09:k141_127010_2 (length 93)
P003_WE09/P003_WE09:k141_127010_3 (length 81)
P003_WE09/P003_WE09:k141_127010_4 (length 117)
P003_WE09/P003_WE09:k141_127010_5 (length 101)
P003_WE09/P003_WE09:k141_127010_6 (length 76)
P003_WE09/P003_WE09:k141_127010_7 (length 83)
P003_WE09/P003_WE09:k141_127010_8 (length 39)
P003_WE09/P003_WE09:k141_127010_9 (length 40)
P003_WE09/P003_WE09:k141_127010_10 (length 320)
P003_WE09/P003_WE09:k141_127010_11 (length 228)
P003_WE09/P003_WE09:k141_127010_12 (length 184)
P003_WE09/P003_WE09:k141_127010_13 (length 48)
P003_WE09/P003_WE09:k141_127010_14 (length 60)
P003_WE09/P003_WE09:k141_127010_15 (length 37)
P003_WE09/P003_WE09:k141_127010_16 (length 474)
P003_WE09/P003_WE09:k141_127010_17 (length 79)
P003_WE09/P003_WE09:k141_127010_18 (length 478)
P003_WE09/P003_WE09:k141_127010_19 (length 498)
P003_WE09/P003_WE09:k141_127010_20 (length 133)
P003_WE09/P003_WE09:k141_127010_21 (length 61)
P003_WE09/P003_WE09:k141_77922 (length 16496)
P003_WE09/P003_WE09:k141_77922_1 (length 1253)
P003_WE09/P003_WE09:k141_77922_2 (length 90)
P003_WE09/P003_WE09:k141_77922_3 (length 393)
P003_WE09/P003_WE09:k141_77922_4 (length 188)
P003_WE09/P003_WE09:k141_77922_5 (length 163)
P003_WE09/P003_WE09:k141_77922_6 (length 176)
P003_WE09/P003_WE09:k141_77922_7 (length 191)
P003_WE09/P003_WE09:k141_77922_8 (length 101)
P003_WE09/P003_WE09:k141_77922_9 (length 81)
P003_WE09/P003_WE09:k141_77922_10 (length 506)
P003_WE09/P003_WE09:k141_77922_11 (length 320)
P003_WE09/P003_WE09:k141_77922_12 (length 757)

DiscRep_ALL:DISC_INCONSISTENT_MOLINFO_TECH::Molinfo Technique Report (some missing, all same)
DiscRep_SUB:DISC_INCONSISTENT_MOLINFO_TECH::technique (all missing)
DiscRep_SUB:DISC_INCONSISTENT_MOLINFO_TECH::8 Molinfos are missing field technique
P003_WE09/P003_WE09:k141_46387 (length 11706)
P003_WE09/P003_WE09:k141_46430 (length 1241)
P003_WE09/P003_WE09:k141_60834 (length 19382)
P003_WE09/P003_WE09:k141_61700 (length 1112)
P003_WE09/P003_WE09:k141_77922 (length 16496)
P003_WE09/P003_WE09:k141_87354 (length 27459)
P003_WE09/P003_WE09:k141_127010 (length 21565)
P003_WE09/P003_WE09:k141_130225 (length 31325)

