[14:34:07] This is prokka 1.14.5
[14:34:07] Written by Torsten Seemann <torsten.seemann@gmail.com>
[14:34:07] Homepage is https://github.com/tseemann/prokka
[14:34:07] Local time is Fri Nov 26 14:34:07 2021
[14:34:07] You are ruud
[14:34:07] Operating system is linux
[14:34:07] You have BioPerl 1.7.8
[14:34:07] System has 16 cores.
[14:34:07] Will use maximum of 4 cores.
[14:34:07] Annotating as >>> Bacteria <<<
[14:34:07] Creating new output folder: P001_A01
[14:34:07] Running: mkdir -p P001_A01
[14:34:07] Using filename prefix: P001_A01.XXX
[14:34:07] Setting HMMER_NCPU=1
[14:34:07] Writing log to: P001_A01/P001_A01.log
[14:34:07] Command: /usr/local/packages/prokka-1.14.5/bin/prokka --cpus 4 --prefix P001_A01 --Kingdom Bacteria --locustag P001_A01 --proteins vaccinium.gb ../02_Blast/chloroplast_contigs_rapid_genomics_run2/P001_WA01_chloroplast_contigs.fa
[14:34:07] Appending to PATH: /export/home/local/packages/prokka-1.14.5/bin/../binaries/linux
[14:34:07] Appending to PATH: /export/home/local/packages/prokka-1.14.5/bin/../binaries/linux/../common
[14:34:07] Appending to PATH: /export/home/local/packages/prokka-1.14.5/bin
[14:34:07] Looking for 'aragorn' - found /usr/local/packages/Anaconda3-2019.10/bin/aragorn
[14:34:07] Determined aragorn version is 001002 from 'ARAGORN v1.2.38 Dean Laslett'
[14:34:07] Looking for 'barrnap' - found /usr/local/packages/Anaconda3-2019.10/bin/barrnap
[14:34:07] Determined barrnap version is 000009 from 'barrnap 0.9'
[14:34:07] Looking for 'blastp' - found /usr/local/packages/Anaconda3-2019.10/bin/blastp
[14:34:08] Determined blastp version is 002011 from 'blastp: 2.11.0+'
[14:34:08] Looking for 'cmpress' - found /usr/local/packages/Anaconda3-2019.10/bin/cmpress
[14:34:08] Determined cmpress version is 001001 from '# INFERNAL 1.1.2 (July 2016)'
[14:34:08] Looking for 'cmscan' - found /usr/local/packages/Anaconda3-2019.10/bin/cmscan
[14:34:08] Determined cmscan version is 001001 from '# INFERNAL 1.1.2 (July 2016)'
[14:34:08] Looking for 'egrep' - found /usr/bin/egrep
[14:34:08] Looking for 'find' - found /usr/bin/find
[14:34:08] Looking for 'grep' - found /usr/bin/grep
[14:34:08] Looking for 'hmmpress' - found /usr/local/packages/Anaconda3-2019.10/bin/hmmpress
[14:34:08] Determined hmmpress version is 003003 from '# HMMER 3.3.2 (Nov 2020); http://hmmer.org/'
[14:34:08] Looking for 'hmmscan' - found /usr/local/packages/Anaconda3-2019.10/bin/hmmscan
[14:34:08] Determined hmmscan version is 003003 from '# HMMER 3.3.2 (Nov 2020); http://hmmer.org/'
[14:34:08] Looking for 'java' - found /usr/local/packages/jdk1.8.0_191/bin/java
[14:34:08] Looking for 'makeblastdb' - found /usr/local/packages/Anaconda3-2019.10/bin/makeblastdb
[14:34:08] Determined makeblastdb version is 002011 from 'makeblastdb: 2.11.0+'
[14:34:08] Looking for 'minced' - found /usr/local/packages/Anaconda3-2019.10/bin/minced
[14:34:08] Determined minced version is 004002 from 'minced 0.4.2'
[14:34:08] Looking for 'parallel' - found /usr/local/packages/Anaconda3-2019.10/bin/parallel
[14:34:09] Determined parallel version is 20210822 from 'GNU parallel 20210822'
[14:34:09] Looking for 'prodigal' - found /usr/local/packages/Anaconda3-2019.10/bin/prodigal
[14:34:09] Determined prodigal version is 002006 from 'Prodigal V2.6.3: February, 2016'
[14:34:09] Looking for 'prokka-genbank_to_fasta_db' - found /usr/local/packages/prokka-1.14.5/bin/prokka-genbank_to_fasta_db
[14:34:09] Looking for 'sed' - found /usr/bin/sed
[14:34:09] Looking for 'tbl2asn' - found /usr/local/packages/Anaconda3-2019.10/bin/tbl2asn
[14:34:09] Determined tbl2asn version is 025008 from 'tbl2asn 25.8   arguments:'
[14:34:09] Using genetic code table 11.
[14:34:09] Loading and checking input file: ../02_Blast/chloroplast_contigs_rapid_genomics_run2/P001_WA01_chloroplast_contigs.fa
[14:34:09] Wrote 7 contigs totalling 119305 bp.
[14:34:09] Predicting tRNAs and tmRNAs
[14:34:09] Running: aragorn -l -gc11  -w P001_A01\/P001_A01\.fna
[14:34:09] 1 tRNA-Leu [4211,4290] 35 (tag)
[14:34:09] 1 tRNA-Trp c[2120,2193] 35 (cca)
[14:34:09] 2 tRNA-Pro c[2333,2408] 35 (tgg)
[14:34:09] 1 tRNA-Arg [2931,3002] 34 (tct)
[14:34:09] 2 tRNA-Cys [20265,20335] 33 (gca)
[14:34:09] 3 tRNA-Asp c[22393,22466] 35 (gtc)
[14:34:09] 4 tRNA-Tyr c[22824,22909] 36 (gta)
[14:34:09] 5 tRNA-Glu c[22969,23043] 36 (ttc)
[14:34:09] 6 tRNA-Thr c[23569,23642] 34 (ggt)
[14:34:09] 7 tRNA-Met [25753,25828] 36 (cat)
[14:34:09] 8 tRNA-Gly c[26266,26337] 33 (gcc)
[14:34:09] 9 tRNA-Ser [27189,27276] 35 (tga)
[14:34:09] 10 tRNA-Ser [30845,30933] 35 (gct)
[14:34:09] 11 tRNA-Gln [32089,32160] 33 (ttg)
[14:34:09] 1 tRNA-His [452,526] 35 (gtg)
[14:34:09] 2 tRNA-Met c[2539,2613] 34 (cat)
[14:34:09] 3 tRNA-Leu c[5051,5133] 35 (caa)
[14:34:09] 4 tRNA-Val [11287,11358] 33 (gac)
[14:34:09] 5 tRNA-Arg [19019,19093] 35 (acg)
[14:34:09] 6 tRNA-Asn c[19351,19424] 34 (gtt)
[14:34:09] 1 tRNA-Met c[10205,10279] 35 (cat)
[14:34:09] 2 tRNA-Phe c[14277,14349] 34 (gaa)
[14:34:09] 3 tRNA-Thr [16126,16200] 35 (tgt)
[14:34:09] 4 tRNA-Ser c[17367,17453] 35 (gga)
[14:34:09] Found 24 tRNAs
[14:34:09] Predicting Ribosomal RNAs
[14:34:09] Running Barrnap with 4 threads
[14:34:10] 1 k141_37189 11593 16S ribosomal RNA
[14:34:10] 2 k141_37189 15367 23S ribosomal RNA
[14:34:10] 3 k141_49025 449 16S ribosomal RNA (partial)
[14:34:10] 4 k141_49025 1230 16S ribosomal RNA (partial)
[14:34:10] 5 k141_54178 2 23S ribosomal RNA (partial)
[14:34:10] Found 5 rRNAs
[14:34:10] Skipping ncRNA search, enable with --rfam if desired.
[14:34:10] Total of 29 tRNA + rRNA features
[14:34:10] Searching for CRISPR repeats
[14:34:11] Found 0 CRISPRs
[14:34:11] Predicting coding sequences
[14:34:11] Contigs total 119305 bp, so using single mode
[14:34:11] Running: prodigal -i P001_A01\/P001_A01\.fna -c -m -g 11 -p single -f sco -q
[14:34:11] Excluding CDS which overlaps existing RNA (tRNA) at k141_35719:22774..22890 on + strand
[14:34:11] Excluding CDS which overlaps existing RNA (tRNA) at k141_35719:25770..26093 on + strand
[14:34:11] Excluding CDS which overlaps existing RNA (tRNA) at k141_35719:26183..26323 on - strand
[14:34:11] Excluding CDS which overlaps existing RNA (rRNA) at k141_54178:986..1213 on + strand
[14:34:11] Excluding CDS which overlaps existing RNA (tRNA) at k141_37189:391..564 on - strand
[14:34:11] Excluding CDS which overlaps existing RNA (tRNA) at k141_37189:4903..5157 on - strand
[14:34:11] Excluding CDS which overlaps existing RNA (tRNA) at k141_37189:5126..5275 on - strand
[14:34:11] Excluding CDS which overlaps existing RNA (rRNA) at k141_37189:15295..15555 on + strand
[14:34:11] Excluding CDS which overlaps existing RNA (rRNA) at k141_37189:15803..15970 on - strand
[14:34:11] Excluding CDS which overlaps existing RNA (rRNA) at k141_37189:16531..16737 on + strand
[14:34:11] Excluding CDS which overlaps existing RNA (rRNA) at k141_37189:17233..17481 on - strand
[14:34:11] Excluding CDS which overlaps existing RNA (rRNA) at k141_49025:498..707 on - strand
[14:34:11] Excluding CDS which overlaps existing RNA (rRNA) at k141_49025:704..1255 on - strand
[14:34:11] Excluding CDS which overlaps existing RNA (rRNA) at k141_49025:1439..1639 on + strand
[14:34:11] Excluding CDS which overlaps existing RNA (rRNA) at k141_49025:1614..1877 on + strand
[14:34:11] Excluding CDS which overlaps existing RNA (tRNA) at k141_25840:14315..14578 on - strand
[14:34:11] Found 111 CDS
[14:34:11] Connecting features back to sequences
[14:34:11] Not using genus-specific database. Try --usegenus to enable it.
[14:34:11] Preparing user-supplied primary BLAST annotation source: vaccinium.gb
[14:34:11] Guessed source was in genbank format.
[14:34:11] Converting genbank 'vaccinium.gb' into Prokka FASTA 'P001_A01/proteins.faa'
[14:34:11] Running: prokka-genbank_to_fasta_db --format genbank vaccinium\.gb > P001_A01\/proteins\.faa 2> /dev/null
[14:34:12] Running: makeblastdb -dbtype prot -in P001_A01\/proteins\.faa -out P001_A01\/proteins -logfile /dev/null
[14:34:12] Using /inference source as 'vaccinium.gb'
[14:34:12] Annotating CDS, please be patient.
[14:34:12] Will use 4 CPUs for similarity searching.
[14:34:12] There are still 111 unannotated CDS left (started with 111)
[14:34:12] Will use blast to search against P001_A01/proteins with 4 CPUs
[14:34:12] Running: cat P001_A01\/P001_A01\.proteins\.tmp\.27852\.faa | parallel --gnu --plain -j 4 --block 2668 --recstart '>' --pipe blastp -query - -db P001_A01/proteins -evalue 1e-09 -qcov_hsp_perc 80 -num_threads 1 -num_descriptions 1 -num_alignments 1 -seg no > P001_A01\/P001_A01\.proteins\.tmp\.27852\.blast 2> /dev/null
[14:34:15] Deleting unwanted file: P001_A01/P001_A01.proteins.tmp.27852.faa
[14:34:15] Deleting unwanted file: P001_A01/P001_A01.proteins.tmp.27852.blast
[14:34:15] There are still 50 unannotated CDS left (started with 111)
[14:34:15] Will use blast to search against /export/home/local/packages/prokka-1.14.5/db/kingdom/Bacteria/IS with 4 CPUs
[14:34:15] Running: cat P001_A01\/P001_A01\.IS\.tmp\.27852\.faa | parallel --gnu --plain -j 4 --block 742 --recstart '>' --pipe blastp -query - -db /export/home/local/packages/prokka-1.14.5/db/kingdom/Bacteria/IS -evalue 1e-30 -qcov_hsp_perc 90 -num_threads 1 -num_descriptions 1 -num_alignments 1 -seg no > P001_A01\/P001_A01\.IS\.tmp\.27852\.blast 2> /dev/null
[14:34:17] Deleting unwanted file: P001_A01/P001_A01.IS.tmp.27852.faa
[14:34:17] Deleting unwanted file: P001_A01/P001_A01.IS.tmp.27852.blast
[14:34:17] There are still 50 unannotated CDS left (started with 111)
[14:34:17] Will use blast to search against /export/home/local/packages/prokka-1.14.5/db/kingdom/Bacteria/AMR with 4 CPUs
[14:34:17] Running: cat P001_A01\/P001_A01\.AMR\.tmp\.27852\.faa | parallel --gnu --plain -j 4 --block 742 --recstart '>' --pipe blastp -query - -db /export/home/local/packages/prokka-1.14.5/db/kingdom/Bacteria/AMR -evalue 1e-300 -qcov_hsp_perc 90 -num_threads 1 -num_descriptions 1 -num_alignments 1 -seg no > P001_A01\/P001_A01\.AMR\.tmp\.27852\.blast 2> /dev/null
[14:34:19] Deleting unwanted file: P001_A01/P001_A01.AMR.tmp.27852.faa
[14:34:19] Deleting unwanted file: P001_A01/P001_A01.AMR.tmp.27852.blast
[14:34:19] There are still 50 unannotated CDS left (started with 111)
[14:34:19] Will use blast to search against /export/home/local/packages/prokka-1.14.5/db/kingdom/Bacteria/sprot with 4 CPUs
[14:34:19] Running: cat P001_A01\/P001_A01\.sprot\.tmp\.27852\.faa | parallel --gnu --plain -j 4 --block 742 --recstart '>' --pipe blastp -query - -db /export/home/local/packages/prokka-1.14.5/db/kingdom/Bacteria/sprot -evalue 1e-09 -qcov_hsp_perc 80 -num_threads 1 -num_descriptions 1 -num_alignments 1 -seg no > P001_A01\/P001_A01\.sprot\.tmp\.27852\.blast 2> /dev/null
[14:34:22] Deleting unwanted file: P001_A01/P001_A01.sprot.tmp.27852.faa
[14:34:22] Deleting unwanted file: P001_A01/P001_A01.sprot.tmp.27852.blast
[14:34:22] There are still 48 unannotated CDS left (started with 111)
[14:34:22] Will use hmmer3 to search against /export/home/local/packages/prokka-1.14.5/db/hmm/HAMAP.hmm with 4 CPUs
[14:34:22] Running: cat P001_A01\/P001_A01\.HAMAP\.hmm\.tmp\.27852\.faa | parallel --gnu --plain -j 4 --block 671 --recstart '>' --pipe hmmscan --noali --notextw --acc -E 1e-09 --cpu 1 /export/home/local/packages/prokka-1.14.5/db/hmm/HAMAP.hmm /dev/stdin > P001_A01\/P001_A01\.HAMAP\.hmm\.tmp\.27852\.hmmer3 2> /dev/null
[14:34:24] Deleting unwanted file: P001_A01/P001_A01.HAMAP.hmm.tmp.27852.faa
[14:34:24] Deleting unwanted file: P001_A01/P001_A01.HAMAP.hmm.tmp.27852.hmmer3
[14:34:24] Deleting unwanted file: P001_A01/proteins.psq
[14:34:24] Deleting unwanted file: P001_A01/proteins.phr
[14:34:24] Deleting unwanted file: P001_A01/proteins.pin
[14:34:24] Labelling remaining 42 proteins as 'hypothetical protein'
[14:34:24] Possible /pseudo 'NADH-plastoquinone oxidoreductase subunit 1' at k141_81424 position 11175
[14:34:24] Possible /pseudo 'ribosomal protein L2' at k141_37189 position 1664
[14:34:24] Found 64 unique /gene codes.
[14:34:24] Fixed 2 duplicate /gene - ndhB_1 ndhB_2
[14:34:24] Fixed 2 duplicate /gene - atpF_1 atpF_2
[14:34:24] Fixed 2 duplicate /gene - rpl2_1 rpl2_2
[14:34:24] Fixed 2 duplicate /gene - ndhH_1 ndhH_2
[14:34:24] Fixed 2 duplicate /gene - ndhA_1 ndhA_2
[14:34:24] Fixed 5 colliding /gene names.
[14:34:24] Adding /locus_tag identifiers
[14:34:24] Assigned 140 locus_tags to CDS and RNA features.
[14:34:24] Writing outputs to P001_A01/
[14:34:24] Generating annotation statistics file
[14:34:24] Generating Genbank and Sequin files
[14:34:24] Running: tbl2asn -V b -a r10k -l paired-ends -M n -N 1 -y 'Annotated using prokka 1.14.5 from https://github.com/tseemann/prokka' -Z P001_A01\/P001_A01\.err -i P001_A01\/P001_A01\.fsa 2> /dev/null
[14:34:24] Deleting unwanted file: P001_A01/errorsummary.val
[14:34:24] Deleting unwanted file: P001_A01/P001_A01.dr
[14:34:24] Deleting unwanted file: P001_A01/P001_A01.fixedproducts
[14:34:24] Deleting unwanted file: P001_A01/P001_A01.ecn
[14:34:24] Deleting unwanted file: P001_A01/P001_A01.val
[14:34:24] Repairing broken .GBK output that tbl2asn produces...
[14:34:24] Running: sed 's/COORDINATES: profile/COORDINATES:profile/' < P001_A01\/P001_A01\.gbf > P001_A01\/P001_A01\.gbk
[14:34:24] Deleting unwanted file: P001_A01/P001_A01.gbf
[14:34:24] Output files:
[14:34:24] P001_A01/P001_A01.faa
[14:34:24] P001_A01/P001_A01.sqn
[14:34:24] P001_A01/P001_A01.ffn
[14:34:24] P001_A01/P001_A01.log
[14:34:24] P001_A01/P001_A01.gbk
[14:34:24] P001_A01/P001_A01.err
[14:34:24] P001_A01/P001_A01.fsa
[14:34:24] P001_A01/P001_A01.tsv
[14:34:24] P001_A01/P001_A01.txt
[14:34:24] P001_A01/P001_A01.fna
[14:34:24] P001_A01/P001_A01.tbl
[14:34:24] P001_A01/P001_A01.gff
[14:34:24] Annotation finished successfully.
[14:34:24] Walltime used: 0.28 minutes
[14:34:24] If you use this result please cite the Prokka paper:
[14:34:24] Seemann T (2014) Prokka: rapid prokaryotic genome annotation. Bioinformatics. 30(14):2068-9.
[14:34:24] Type 'prokka --citation' for more details.
[14:34:24] Share and enjoy!
