[16:49:42] This is prokka 1.14.5
[16:49:42] Written by Torsten Seemann <torsten.seemann@gmail.com>
[16:49:42] Homepage is https://github.com/tseemann/prokka
[16:49:42] Local time is Fri Nov 26 16:49:42 2021
[16:49:42] You are ruud
[16:49:42] Operating system is linux
[16:49:42] You have BioPerl 1.7.8
[16:49:42] System has 40 cores.
[16:49:42] Will use maximum of 40 cores.
[16:49:42] Annotating as >>> Bacteria <<<
[16:49:42] Creating new output folder: P002_WF11
[16:49:42] Running: mkdir -p P002_WF11
[16:49:42] Using filename prefix: P002_WF11.XXX
[16:49:42] Setting HMMER_NCPU=1
[16:49:42] Writing log to: P002_WF11/P002_WF11.log
[16:49:42] Command: /usr/local/packages/prokka-1.14.5/bin/prokka --cpus 40 --prefix P002_WF11 --Kingdom Bacteria --locustag P002_WF11 --proteins vaccinium.gb ../02_Blast/chloroplast_contigs_rapid_genomics_run2/P002_WF11_chloroplast_contigs.fa
[16:49:42] Appending to PATH: /home/local/packages/prokka-1.14.5/bin/../binaries/linux
[16:49:42] Appending to PATH: /home/local/packages/prokka-1.14.5/bin/../binaries/linux/../common
[16:49:42] Appending to PATH: /home/local/packages/prokka-1.14.5/bin
[16:49:42] Looking for 'aragorn' - found /usr/local/packages/Anaconda3-2019.10/bin/aragorn
[16:49:42] Determined aragorn version is 001002 from 'ARAGORN v1.2.38 Dean Laslett'
[16:49:42] Looking for 'barrnap' - found /usr/local/packages/Anaconda3-2019.10/bin/barrnap
[16:49:42] Determined barrnap version is 000009 from 'barrnap 0.9'
[16:49:42] Looking for 'blastp' - found /usr/local/packages/Anaconda3-2019.10/bin/blastp
[16:49:43] Determined blastp version is 002011 from 'blastp: 2.11.0+'
[16:49:43] Looking for 'cmpress' - found /usr/local/packages/Anaconda3-2019.10/bin/cmpress
[16:49:43] Determined cmpress version is 001001 from '# INFERNAL 1.1.2 (July 2016)'
[16:49:43] Looking for 'cmscan' - found /usr/local/packages/Anaconda3-2019.10/bin/cmscan
[16:49:43] Determined cmscan version is 001001 from '# INFERNAL 1.1.2 (July 2016)'
[16:49:43] Looking for 'egrep' - found /bin/egrep
[16:49:43] Looking for 'find' - found /bin/find
[16:49:43] Looking for 'grep' - found /bin/grep
[16:49:43] Looking for 'hmmpress' - found /usr/local/packages/Anaconda3-2019.10/bin/hmmpress
[16:49:43] Determined hmmpress version is 003003 from '# HMMER 3.3.2 (Nov 2020); http://hmmer.org/'
[16:49:43] Looking for 'hmmscan' - found /usr/local/packages/Anaconda3-2019.10/bin/hmmscan
[16:49:43] Determined hmmscan version is 003003 from '# HMMER 3.3.2 (Nov 2020); http://hmmer.org/'
[16:49:43] Looking for 'java' - found /usr/local/packages/jdk1.8.0_191/bin/java
[16:49:43] Looking for 'makeblastdb' - found /usr/local/packages/Anaconda3-2019.10/bin/makeblastdb
[16:49:44] Determined makeblastdb version is 002011 from 'makeblastdb: 2.11.0+'
[16:49:44] Looking for 'minced' - found /usr/local/packages/Anaconda3-2019.10/bin/minced
[16:49:44] Determined minced version is 004002 from 'minced 0.4.2'
[16:49:44] Looking for 'parallel' - found /usr/local/packages/Anaconda3-2019.10/bin/parallel
[16:49:44] Determined parallel version is 20210822 from 'GNU parallel 20210822'
[16:49:44] Looking for 'prodigal' - found /usr/local/packages/Anaconda3-2019.10/bin/prodigal
[16:49:44] Determined prodigal version is 002006 from 'Prodigal V2.6.3: February, 2016'
[16:49:44] Looking for 'prokka-genbank_to_fasta_db' - found /usr/local/packages/prokka-1.14.5/bin/prokka-genbank_to_fasta_db
[16:49:44] Looking for 'sed' - found /bin/sed
[16:49:44] Looking for 'tbl2asn' - found /usr/local/packages/Anaconda3-2019.10/bin/tbl2asn
[16:49:44] Determined tbl2asn version is 025008 from 'tbl2asn 25.8   arguments:'
[16:49:44] Using genetic code table 11.
[16:49:44] Loading and checking input file: ../02_Blast/chloroplast_contigs_rapid_genomics_run2/P002_WF11_chloroplast_contigs.fa
[16:49:44] Wrote 13 contigs totalling 124566 bp.
[16:49:44] Predicting tRNAs and tmRNAs
[16:49:44] Running: aragorn -l -gc11  -w P002_WF11\/P002_WF11\.fna
[16:49:44] 1 tRNA-Val c[920,991] 33 (gac)
[16:49:44] 1 tRNA-His c[169,243] 35 (gtg)
[16:49:44] 2 tRNA-Ser [5305,5394] 35 (gct)
[16:49:44] 3 tRNA-Gln [6904,6975] 33 (ttg)
[16:49:44] 4 tRNA-Arg c[21115,21186] 34 (tct)
[16:49:44] 1 tRNA-His c[2707,2781] 35 (gtg)
[16:49:44] 2 tRNA-Ser c[8068,8154] 35 (gga)
[16:49:44] 1 tRNA-Leu [3075,3155] 34 (caa)
[16:49:44] 1 tRNA-Asn c[1324,1395] 33 (gtt)
[16:49:44] 2 tRNA-Arg c[1702,1776] 36 (acg)
[16:49:44] 1 tRNA-Met [1789,1863] 34 (cat)
[16:49:44] 1 tRNA-Phe c[3857,3929] 34 (gaa)
[16:49:44] 2 tRNA-Thr c[11676,11750] 35 (tgt)
[16:49:44] 3 tRNA-Trp c[12537,12610] 35 (cca)
[16:49:44] 4 tRNA-Pro c[12725,12800] 35 (tgg)
[16:49:44] 1 tRNA-Leu [175,255] 35 (tag)
[16:49:44] 2 tRNA-Gly c[1302,1372] 33 (gcc)
[16:49:44] 3 tRNA-Ser [2244,2335] 36 (tga)
[16:49:44] 4 tRNA-Thr c[5944,6016] 33 (ggt)
[16:49:44] 5 tRNA-Tyr [6511,6596] 36 (gta)
[16:49:44] 6 tRNA-Asp [7005,7080] 36 (gtc)
[16:49:44] 7 tRNA-Cys c[10244,10314] 33 (gca)
[16:49:44] Found 22 tRNAs
[16:49:44] Predicting Ribosomal RNAs
[16:49:44] Running Barrnap with 40 threads
[16:49:45] 1 k141_32362 2368 23S ribosomal RNA
[16:49:45] 2 k141_32362 7829 16S ribosomal RNA
[16:49:45] Found 2 rRNAs
[16:49:45] Skipping ncRNA search, enable with --rfam if desired.
[16:49:45] Total of 24 tRNA + rRNA features
[16:49:45] Searching for CRISPR repeats
[16:49:46] Found 0 CRISPRs
[16:49:46] Predicting coding sequences
[16:49:46] Contigs total 124566 bp, so using single mode
[16:49:46] Running: prodigal -i P002_WF11\/P002_WF11\.fna -c -m -g 11 -p single -f sco -q
[16:49:46] Excluding CDS which overlaps existing RNA (tRNA) at k141_32362:1701..1937 on + strand
[16:49:46] Excluding CDS which overlaps existing RNA (rRNA) at k141_32362:2579..2869 on - strand
[16:49:46] Excluding CDS which overlaps existing RNA (rRNA) at k141_32362:2972..3199 on - strand
[16:49:46] Excluding CDS which overlaps existing RNA (rRNA) at k141_32362:3719..3847 on - strand
[16:49:46] Excluding CDS which overlaps existing RNA (rRNA) at k141_32362:9057..9293 on + strand
[16:49:46] Excluding CDS which overlaps existing RNA (tRNA) at k141_92290:11586..11738 on + strand
[16:49:46] Found 114 CDS
[16:49:46] Connecting features back to sequences
[16:49:46] Not using genus-specific database. Try --usegenus to enable it.
[16:49:46] Preparing user-supplied primary BLAST annotation source: vaccinium.gb
[16:49:46] Guessed source was in genbank format.
[16:49:46] Converting genbank 'vaccinium.gb' into Prokka FASTA 'P002_WF11/proteins.faa'
[16:49:46] Running: prokka-genbank_to_fasta_db --format genbank vaccinium\.gb > P002_WF11\/proteins\.faa 2> /dev/null
[16:49:46] Running: makeblastdb -dbtype prot -in P002_WF11\/proteins\.faa -out P002_WF11\/proteins -logfile /dev/null
[16:49:47] Using /inference source as 'vaccinium.gb'
[16:49:47] Annotating CDS, please be patient.
[16:49:47] Will use 40 CPUs for similarity searching.
[16:49:47] There are still 114 unannotated CDS left (started with 114)
[16:49:47] Will use blast to search against P002_WF11/proteins with 40 CPUs
[16:49:47] Running: cat P002_WF11\/P002_WF11\.proteins\.tmp\.23555\.faa | parallel --gnu --plain -j 40 --block 242 --recstart '>' --pipe blastp -query - -db P002_WF11/proteins -evalue 1e-09 -qcov_hsp_perc 80 -num_threads 1 -num_descriptions 1 -num_alignments 1 -seg no > P002_WF11\/P002_WF11\.proteins\.tmp\.23555\.blast 2> /dev/null
[16:49:49] Deleting unwanted file: P002_WF11/P002_WF11.proteins.tmp.23555.faa
[16:49:49] Deleting unwanted file: P002_WF11/P002_WF11.proteins.tmp.23555.blast
[16:49:49] There are still 60 unannotated CDS left (started with 114)
[16:49:49] Will use blast to search against /home/local/packages/prokka-1.14.5/db/kingdom/Bacteria/IS with 40 CPUs
[16:49:49] Running: cat P002_WF11\/P002_WF11\.IS\.tmp\.23555\.faa | parallel --gnu --plain -j 40 --block 72 --recstart '>' --pipe blastp -query - -db /home/local/packages/prokka-1.14.5/db/kingdom/Bacteria/IS -evalue 1e-30 -qcov_hsp_perc 90 -num_threads 1 -num_descriptions 1 -num_alignments 1 -seg no > P002_WF11\/P002_WF11\.IS\.tmp\.23555\.blast 2> /dev/null
[16:49:51] Deleting unwanted file: P002_WF11/P002_WF11.IS.tmp.23555.faa
[16:49:51] Deleting unwanted file: P002_WF11/P002_WF11.IS.tmp.23555.blast
[16:49:51] There are still 60 unannotated CDS left (started with 114)
[16:49:51] Will use blast to search against /home/local/packages/prokka-1.14.5/db/kingdom/Bacteria/AMR with 40 CPUs
[16:49:51] Running: cat P002_WF11\/P002_WF11\.AMR\.tmp\.23555\.faa | parallel --gnu --plain -j 40 --block 72 --recstart '>' --pipe blastp -query - -db /home/local/packages/prokka-1.14.5/db/kingdom/Bacteria/AMR -evalue 1e-300 -qcov_hsp_perc 90 -num_threads 1 -num_descriptions 1 -num_alignments 1 -seg no > P002_WF11\/P002_WF11\.AMR\.tmp\.23555\.blast 2> /dev/null
[16:49:52] Deleting unwanted file: P002_WF11/P002_WF11.AMR.tmp.23555.faa
[16:49:52] Deleting unwanted file: P002_WF11/P002_WF11.AMR.tmp.23555.blast
[16:49:52] There are still 60 unannotated CDS left (started with 114)
[16:49:52] Will use blast to search against /home/local/packages/prokka-1.14.5/db/kingdom/Bacteria/sprot with 40 CPUs
[16:49:52] Running: cat P002_WF11\/P002_WF11\.sprot\.tmp\.23555\.faa | parallel --gnu --plain -j 40 --block 72 --recstart '>' --pipe blastp -query - -db /home/local/packages/prokka-1.14.5/db/kingdom/Bacteria/sprot -evalue 1e-09 -qcov_hsp_perc 80 -num_threads 1 -num_descriptions 1 -num_alignments 1 -seg no > P002_WF11\/P002_WF11\.sprot\.tmp\.23555\.blast 2> /dev/null
[16:49:54] Deleting unwanted file: P002_WF11/P002_WF11.sprot.tmp.23555.faa
[16:49:54] Deleting unwanted file: P002_WF11/P002_WF11.sprot.tmp.23555.blast
[16:49:54] There are still 58 unannotated CDS left (started with 114)
[16:49:54] Will use hmmer3 to search against /home/local/packages/prokka-1.14.5/db/hmm/HAMAP.hmm with 40 CPUs
[16:49:54] Running: cat P002_WF11\/P002_WF11\.HAMAP\.hmm\.tmp\.23555\.faa | parallel --gnu --plain -j 40 --block 69 --recstart '>' --pipe hmmscan --noali --notextw --acc -E 1e-09 --cpu 1 /home/local/packages/prokka-1.14.5/db/hmm/HAMAP.hmm /dev/stdin > P002_WF11\/P002_WF11\.HAMAP\.hmm\.tmp\.23555\.hmmer3 2> /dev/null
[16:49:55] Deleting unwanted file: P002_WF11/P002_WF11.HAMAP.hmm.tmp.23555.faa
[16:49:55] Deleting unwanted file: P002_WF11/P002_WF11.HAMAP.hmm.tmp.23555.hmmer3
[16:49:55] Deleting unwanted file: P002_WF11/proteins.psq
[16:49:55] Deleting unwanted file: P002_WF11/proteins.phr
[16:49:55] Deleting unwanted file: P002_WF11/proteins.pin
[16:49:55] Labelling remaining 50 proteins as 'hypothetical protein'
[16:49:55] Possible /pseudo 'ribosomal protein L2' at k141_42728 position 2162
[16:49:55] Found 58 unique /gene codes.
[16:49:55] Fixed 3 duplicate /gene - ndhB_1 ndhB_2 ndhB_3
[16:49:55] Fixed 2 duplicate /gene - ycf3_1 ycf3_2
[16:49:55] Fixed 2 duplicate /gene - matK_1 matK_2
[16:49:55] Fixed 2 duplicate /gene - ndhH_1 ndhH_2
[16:49:55] Fixed 2 duplicate /gene - rpl2_1 rpl2_2
[16:49:55] Fixed 5 colliding /gene names.
[16:49:55] Adding /locus_tag identifiers
[16:49:55] Assigned 138 locus_tags to CDS and RNA features.
[16:49:55] Writing outputs to P002_WF11/
[16:49:55] Generating annotation statistics file
[16:49:55] Generating Genbank and Sequin files
[16:49:55] Running: tbl2asn -V b -a r10k -l paired-ends -M n -N 1 -y 'Annotated using prokka 1.14.5 from https://github.com/tseemann/prokka' -Z P002_WF11\/P002_WF11\.err -i P002_WF11\/P002_WF11\.fsa 2> /dev/null
[16:49:55] Deleting unwanted file: P002_WF11/errorsummary.val
[16:49:55] Deleting unwanted file: P002_WF11/P002_WF11.dr
[16:49:55] Deleting unwanted file: P002_WF11/P002_WF11.fixedproducts
[16:49:55] Deleting unwanted file: P002_WF11/P002_WF11.ecn
[16:49:55] Deleting unwanted file: P002_WF11/P002_WF11.val
[16:49:55] Repairing broken .GBK output that tbl2asn produces...
[16:49:55] Running: sed 's/COORDINATES: profile/COORDINATES:profile/' < P002_WF11\/P002_WF11\.gbf > P002_WF11\/P002_WF11\.gbk
[16:49:55] Deleting unwanted file: P002_WF11/P002_WF11.gbf
[16:49:55] Output files:
[16:49:55] P002_WF11/P002_WF11.fna
[16:49:55] P002_WF11/P002_WF11.txt
[16:49:55] P002_WF11/P002_WF11.tsv
[16:49:55] P002_WF11/P002_WF11.tbl
[16:49:55] P002_WF11/P002_WF11.gbk
[16:49:55] P002_WF11/P002_WF11.faa
[16:49:55] P002_WF11/P002_WF11.ffn
[16:49:55] P002_WF11/P002_WF11.fsa
[16:49:55] P002_WF11/P002_WF11.log
[16:49:55] P002_WF11/P002_WF11.gff
[16:49:55] P002_WF11/P002_WF11.sqn
[16:49:55] P002_WF11/P002_WF11.err
[16:49:55] Annotation finished successfully.
[16:49:55] Walltime used: 0.22 minutes
[16:49:55] If you use this result please cite the Prokka paper:
[16:49:55] Seemann T (2014) Prokka: rapid prokaryotic genome annotation. Bioinformatics. 30(14):2068-9.
[16:49:55] Type 'prokka --citation' for more details.
[16:49:55] Share and enjoy!
