[16:28:42] This is prokka 1.14.5
[16:28:42] Written by Torsten Seemann <torsten.seemann@gmail.com>
[16:28:42] Homepage is https://github.com/tseemann/prokka
[16:28:42] Local time is Fri Nov 26 16:28:42 2021
[16:28:42] You are ruud
[16:28:42] Operating system is linux
[16:28:42] You have BioPerl 1.7.8
[16:28:42] System has 40 cores.
[16:28:42] Will use maximum of 40 cores.
[16:28:42] Annotating as >>> Bacteria <<<
[16:28:42] Creating new output folder: P001_WG06
[16:28:42] Running: mkdir -p P001_WG06
[16:28:42] Using filename prefix: P001_WG06.XXX
[16:28:42] Setting HMMER_NCPU=1
[16:28:42] Writing log to: P001_WG06/P001_WG06.log
[16:28:42] Command: /usr/local/packages/prokka-1.14.5/bin/prokka --cpus 40 --prefix P001_WG06 --Kingdom Bacteria --locustag P001_WG06 --proteins vaccinium.gb ../02_Blast/chloroplast_contigs_rapid_genomics_run2/P001_WG06_chloroplast_contigs.fa
[16:28:42] Appending to PATH: /home/local/packages/prokka-1.14.5/bin/../binaries/linux
[16:28:42] Appending to PATH: /home/local/packages/prokka-1.14.5/bin/../binaries/linux/../common
[16:28:42] Appending to PATH: /home/local/packages/prokka-1.14.5/bin
[16:28:42] Looking for 'aragorn' - found /usr/local/packages/Anaconda3-2019.10/bin/aragorn
[16:28:42] Determined aragorn version is 001002 from 'ARAGORN v1.2.38 Dean Laslett'
[16:28:42] Looking for 'barrnap' - found /usr/local/packages/Anaconda3-2019.10/bin/barrnap
[16:28:42] Determined barrnap version is 000009 from 'barrnap 0.9'
[16:28:42] Looking for 'blastp' - found /usr/local/packages/Anaconda3-2019.10/bin/blastp
[16:28:42] Determined blastp version is 002011 from 'blastp: 2.11.0+'
[16:28:42] Looking for 'cmpress' - found /usr/local/packages/Anaconda3-2019.10/bin/cmpress
[16:28:42] Determined cmpress version is 001001 from '# INFERNAL 1.1.2 (July 2016)'
[16:28:42] Looking for 'cmscan' - found /usr/local/packages/Anaconda3-2019.10/bin/cmscan
[16:28:42] Determined cmscan version is 001001 from '# INFERNAL 1.1.2 (July 2016)'
[16:28:42] Looking for 'egrep' - found /bin/egrep
[16:28:42] Looking for 'find' - found /bin/find
[16:28:42] Looking for 'grep' - found /bin/grep
[16:28:42] Looking for 'hmmpress' - found /usr/local/packages/Anaconda3-2019.10/bin/hmmpress
[16:28:42] Determined hmmpress version is 003003 from '# HMMER 3.3.2 (Nov 2020); http://hmmer.org/'
[16:28:42] Looking for 'hmmscan' - found /usr/local/packages/Anaconda3-2019.10/bin/hmmscan
[16:28:42] Determined hmmscan version is 003003 from '# HMMER 3.3.2 (Nov 2020); http://hmmer.org/'
[16:28:42] Looking for 'java' - found /usr/local/packages/jdk1.8.0_191/bin/java
[16:28:42] Looking for 'makeblastdb' - found /usr/local/packages/Anaconda3-2019.10/bin/makeblastdb
[16:28:43] Determined makeblastdb version is 002011 from 'makeblastdb: 2.11.0+'
[16:28:43] Looking for 'minced' - found /usr/local/packages/Anaconda3-2019.10/bin/minced
[16:28:43] Determined minced version is 004002 from 'minced 0.4.2'
[16:28:43] Looking for 'parallel' - found /usr/local/packages/Anaconda3-2019.10/bin/parallel
[16:28:43] Determined parallel version is 20210822 from 'GNU parallel 20210822'
[16:28:43] Looking for 'prodigal' - found /usr/local/packages/Anaconda3-2019.10/bin/prodigal
[16:28:44] Determined prodigal version is 002006 from 'Prodigal V2.6.3: February, 2016'
[16:28:44] Looking for 'prokka-genbank_to_fasta_db' - found /usr/local/packages/prokka-1.14.5/bin/prokka-genbank_to_fasta_db
[16:28:44] Looking for 'sed' - found /bin/sed
[16:28:44] Looking for 'tbl2asn' - found /usr/local/packages/Anaconda3-2019.10/bin/tbl2asn
[16:28:44] Determined tbl2asn version is 025008 from 'tbl2asn 25.8   arguments:'
[16:28:44] Using genetic code table 11.
[16:28:44] Loading and checking input file: ../02_Blast/chloroplast_contigs_rapid_genomics_run2/P001_WG06_chloroplast_contigs.fa
[16:28:44] Wrote 9 contigs totalling 133732 bp.
[16:28:44] Predicting tRNAs and tmRNAs
[16:28:44] Running: aragorn -l -gc11  -w P001_WG06\/P001_WG06\.fna
[16:28:44] 1 tRNA-Arg [636,710] 35 (acg)
[16:28:44] 1 tRNA-Trp c[11332,11405] 35 (cca)
[16:28:44] 2 tRNA-Pro c[11573,11648] 35 (tgg)
[16:28:44] 1 tRNA-Met c[1932,2004] 34 (cat)
[16:28:44] 1 tRNA-Leu [3559,3638] 35 (tag)
[16:28:44] 1 tRNA-Phe c[1024,1096] 34 (gaa)
[16:28:44] 2 tRNA-Thr [2616,2691] 35 (tgt)
[16:28:44] 3 tRNA-Ser c[3945,4031] 35 (gga)
[16:28:44] 4 tRNA-Met [12136,12210] 35 (cat)
[16:28:44] 5 tRNA-Gly c[12374,12444] 33 (gcc)
[16:28:44] 6 tRNA-Ser [13526,13618] 35 (tga)
[16:28:44] 7 tRNA-Thr c[17614,17687] 34 (ggt)
[16:28:44] 8 tRNA-Glu [18229,18303] 36 (ttc)
[16:28:44] 9 tRNA-Tyr [18362,18445] 35 (gta)
[16:28:44] 10 tRNA-Asp [18814,18887] 35 (gtc)
[16:28:44] 11 tRNA-Cys c[20820,20890] 33 (gca)
[16:28:44] 12 tRNA-Arg c[38862,38933] 34 (tct)
[16:28:44] 13 tRNA-Ser [40651,40738] 35 (gct)
[16:28:44] 14 tRNA-Gln [41931,42002] 33 (ttg)
[16:28:44] 15 tRNA-His [48363,48437] 35 (gtg)
[16:28:44] 1 tRNA-Met c[1471,1545] 34 (cat)
[16:28:44] 2 tRNA-Leu c[9141,9223] 35 (caa)
[16:28:44] 3 tRNA-Val [15162,15233] 33 (gac)
[16:28:44] 4 tRNA-Arg [23011,23085] 35 (acg)
[16:28:44] 5 tRNA-Asn c[23645,23718] 34 (gtt)
[16:28:44] Found 25 tRNAs
[16:28:44] Predicting Ribosomal RNAs
[16:28:44] Running Barrnap with 40 threads
[16:28:45] 1 k141_34477 15465 16S ribosomal RNA
[16:28:45] 2 k141_34477 19365 23S ribosomal RNA
[16:28:45] Found 2 rRNAs
[16:28:45] Skipping ncRNA search, enable with --rfam if desired.
[16:28:45] Total of 27 tRNA + rRNA features
[16:28:45] Searching for CRISPR repeats
[16:28:45] Found 0 CRISPRs
[16:28:45] Predicting coding sequences
[16:28:45] Contigs total 133732 bp, so using single mode
[16:28:45] Running: prodigal -i P001_WG06\/P001_WG06\.fna -c -m -g 11 -p single -f sco -q
[16:28:45] Excluding CDS which overlaps existing RNA (tRNA) at k141_49638:3565..3696 on + strand
[16:28:45] Excluding CDS which overlaps existing RNA (tRNA) at k141_27581:20727..20876 on - strand
[16:28:45] Excluding CDS which overlaps existing RNA (tRNA) at k141_27581:48418..48537 on - strand
[16:28:45] Excluding CDS which overlaps existing RNA (tRNA) at k141_34477:15173..15466 on - strand
[16:28:45] Excluding CDS which overlaps existing RNA (rRNA) at k141_34477:15509..15745 on - strand
[16:28:45] Excluding CDS which overlaps existing RNA (rRNA) at k141_34477:15738..15911 on - strand
[16:28:45] Excluding CDS which overlaps existing RNA (rRNA) at k141_34477:15915..16310 on - strand
[16:28:45] Excluding CDS which overlaps existing RNA (rRNA) at k141_34477:16705..17220 on - strand
[16:28:45] Excluding CDS which overlaps existing RNA (rRNA) at k141_34477:19216..19590 on + strand
[16:28:45] Excluding CDS which overlaps existing RNA (rRNA) at k141_34477:20492..20662 on - strand
[16:28:45] Excluding CDS which overlaps existing RNA (rRNA) at k141_34477:21152..21427 on - strand
[16:28:45] Excluding CDS which overlaps existing RNA (rRNA) at k141_34477:22033..22428 on - strand
[16:28:45] Found 101 CDS
[16:28:45] Connecting features back to sequences
[16:28:45] Not using genus-specific database. Try --usegenus to enable it.
[16:28:45] Preparing user-supplied primary BLAST annotation source: vaccinium.gb
[16:28:45] Guessed source was in genbank format.
[16:28:45] Converting genbank 'vaccinium.gb' into Prokka FASTA 'P001_WG06/proteins.faa'
[16:28:45] Running: prokka-genbank_to_fasta_db --format genbank vaccinium\.gb > P001_WG06\/proteins\.faa 2> /dev/null
[16:28:46] Running: makeblastdb -dbtype prot -in P001_WG06\/proteins\.faa -out P001_WG06\/proteins -logfile /dev/null
[16:28:46] Using /inference source as 'vaccinium.gb'
[16:28:46] Annotating CDS, please be patient.
[16:28:46] Will use 40 CPUs for similarity searching.
[16:28:46] There are still 101 unannotated CDS left (started with 101)
[16:28:46] Will use blast to search against P001_WG06/proteins with 40 CPUs
[16:28:46] Running: cat P001_WG06\/P001_WG06\.proteins\.tmp\.20322\.faa | parallel --gnu --plain -j 40 --block 297 --recstart '>' --pipe blastp -query - -db P001_WG06/proteins -evalue 1e-09 -qcov_hsp_perc 80 -num_threads 1 -num_descriptions 1 -num_alignments 1 -seg no > P001_WG06\/P001_WG06\.proteins\.tmp\.20322\.blast 2> /dev/null
[16:28:48] Deleting unwanted file: P001_WG06/P001_WG06.proteins.tmp.20322.faa
[16:28:48] Deleting unwanted file: P001_WG06/P001_WG06.proteins.tmp.20322.blast
[16:28:48] There are still 33 unannotated CDS left (started with 101)
[16:28:48] Will use blast to search against /home/local/packages/prokka-1.14.5/db/kingdom/Bacteria/IS with 40 CPUs
[16:28:48] Running: cat P001_WG06\/P001_WG06\.IS\.tmp\.20322\.faa | parallel --gnu --plain -j 40 --block 81 --recstart '>' --pipe blastp -query - -db /home/local/packages/prokka-1.14.5/db/kingdom/Bacteria/IS -evalue 1e-30 -qcov_hsp_perc 90 -num_threads 1 -num_descriptions 1 -num_alignments 1 -seg no > P001_WG06\/P001_WG06\.IS\.tmp\.20322\.blast 2> /dev/null
[16:28:50] Deleting unwanted file: P001_WG06/P001_WG06.IS.tmp.20322.faa
[16:28:50] Deleting unwanted file: P001_WG06/P001_WG06.IS.tmp.20322.blast
[16:28:50] There are still 33 unannotated CDS left (started with 101)
[16:28:50] Will use blast to search against /home/local/packages/prokka-1.14.5/db/kingdom/Bacteria/AMR with 40 CPUs
[16:28:50] Running: cat P001_WG06\/P001_WG06\.AMR\.tmp\.20322\.faa | parallel --gnu --plain -j 40 --block 81 --recstart '>' --pipe blastp -query - -db /home/local/packages/prokka-1.14.5/db/kingdom/Bacteria/AMR -evalue 1e-300 -qcov_hsp_perc 90 -num_threads 1 -num_descriptions 1 -num_alignments 1 -seg no > P001_WG06\/P001_WG06\.AMR\.tmp\.20322\.blast 2> /dev/null
[16:28:51] Deleting unwanted file: P001_WG06/P001_WG06.AMR.tmp.20322.faa
[16:28:51] Deleting unwanted file: P001_WG06/P001_WG06.AMR.tmp.20322.blast
[16:28:51] There are still 33 unannotated CDS left (started with 101)
[16:28:51] Will use blast to search against /home/local/packages/prokka-1.14.5/db/kingdom/Bacteria/sprot with 40 CPUs
[16:28:51] Running: cat P001_WG06\/P001_WG06\.sprot\.tmp\.20322\.faa | parallel --gnu --plain -j 40 --block 81 --recstart '>' --pipe blastp -query - -db /home/local/packages/prokka-1.14.5/db/kingdom/Bacteria/sprot -evalue 1e-09 -qcov_hsp_perc 80 -num_threads 1 -num_descriptions 1 -num_alignments 1 -seg no > P001_WG06\/P001_WG06\.sprot\.tmp\.20322\.blast 2> /dev/null
[16:28:53] Deleting unwanted file: P001_WG06/P001_WG06.sprot.tmp.20322.faa
[16:28:53] Deleting unwanted file: P001_WG06/P001_WG06.sprot.tmp.20322.blast
[16:28:53] There are still 29 unannotated CDS left (started with 101)
[16:28:53] Will use hmmer3 to search against /home/local/packages/prokka-1.14.5/db/hmm/HAMAP.hmm with 40 CPUs
[16:28:53] Running: cat P001_WG06\/P001_WG06\.HAMAP\.hmm\.tmp\.20322\.faa | parallel --gnu --plain -j 40 --block 72 --recstart '>' --pipe hmmscan --noali --notextw --acc -E 1e-09 --cpu 1 /home/local/packages/prokka-1.14.5/db/hmm/HAMAP.hmm /dev/stdin > P001_WG06\/P001_WG06\.HAMAP\.hmm\.tmp\.20322\.hmmer3 2> /dev/null
[16:28:54] Deleting unwanted file: P001_WG06/P001_WG06.HAMAP.hmm.tmp.20322.faa
[16:28:54] Deleting unwanted file: P001_WG06/P001_WG06.HAMAP.hmm.tmp.20322.hmmer3
[16:28:54] Deleting unwanted file: P001_WG06/proteins.psq
[16:28:54] Deleting unwanted file: P001_WG06/proteins.phr
[16:28:54] Deleting unwanted file: P001_WG06/proteins.pin
[16:28:54] Labelling remaining 25 proteins as 'hypothetical protein'
[16:28:54] Possible /pseudo 'ATP-dependent Clp protease proteolytic subunit' at k141_28770 position 15601
[16:28:54] Possible /pseudo 'RNA polymerase beta subunit' at k141_51247 position 1014
[16:28:54] Possible /pseudo 'ATP synthase CF1 beta subunit' at k141_54662 position 455
[16:28:54] Possible /pseudo 'RNA polymerase beta' subunit' at k141_4120 position 733
[16:28:54] Possible /pseudo 'NADH-plastoquinone oxidoreductase subunit 1' at k141_49638 position 10643
[16:28:54] Possible /pseudo 'RNA polymerase beta' subunit' at k141_27581 position 26606
[16:28:54] Possible /pseudo 'NADH-plastoquinone oxidoreductase subunit 2' at k141_34477 position 11200
[16:28:54] Found 64 unique /gene codes.
[16:28:54] Fixed 2 duplicate /gene - petB_1 petB_2
[16:28:54] Fixed 2 duplicate /gene - clpP_1 clpP_2
[16:28:54] Fixed 2 duplicate /gene - atpB_1 atpB_2
[16:28:54] Fixed 3 duplicate /gene - rpoB_1 rpoB_2 rpoB_3
[16:28:54] Fixed 2 duplicate /gene - ndhA_1 ndhA_2
[16:28:54] Fixed 5 duplicate /gene - rpoC1_1 rpoC1_2 rpoC1_3 rpoC1_4 rpoC1_5
[16:28:54] Fixed 2 duplicate /gene - ndhB_1 ndhB_2
[16:28:54] Fixed 2 duplicate /gene - atpF_1 atpF_2
[16:28:54] Fixed 8 colliding /gene names.
[16:28:54] Adding /locus_tag identifiers
[16:28:54] Assigned 128 locus_tags to CDS and RNA features.
[16:28:54] Writing outputs to P001_WG06/
[16:28:54] Generating annotation statistics file
[16:28:54] Generating Genbank and Sequin files
[16:28:54] Running: tbl2asn -V b -a r10k -l paired-ends -M n -N 1 -y 'Annotated using prokka 1.14.5 from https://github.com/tseemann/prokka' -Z P001_WG06\/P001_WG06\.err -i P001_WG06\/P001_WG06\.fsa 2> /dev/null
[16:28:55] Deleting unwanted file: P001_WG06/errorsummary.val
[16:28:55] Deleting unwanted file: P001_WG06/P001_WG06.dr
[16:28:55] Deleting unwanted file: P001_WG06/P001_WG06.fixedproducts
[16:28:55] Deleting unwanted file: P001_WG06/P001_WG06.ecn
[16:28:55] Deleting unwanted file: P001_WG06/P001_WG06.val
[16:28:55] Repairing broken .GBK output that tbl2asn produces...
[16:28:55] Running: sed 's/COORDINATES: profile/COORDINATES:profile/' < P001_WG06\/P001_WG06\.gbf > P001_WG06\/P001_WG06\.gbk
[16:28:55] Deleting unwanted file: P001_WG06/P001_WG06.gbf
[16:28:55] Output files:
[16:28:55] P001_WG06/P001_WG06.ffn
[16:28:55] P001_WG06/P001_WG06.txt
[16:28:55] P001_WG06/P001_WG06.sqn
[16:28:55] P001_WG06/P001_WG06.log
[16:28:55] P001_WG06/P001_WG06.gff
[16:28:55] P001_WG06/P001_WG06.faa
[16:28:55] P001_WG06/P001_WG06.tsv
[16:28:55] P001_WG06/P001_WG06.err
[16:28:55] P001_WG06/P001_WG06.fna
[16:28:55] P001_WG06/P001_WG06.tbl
[16:28:55] P001_WG06/P001_WG06.fsa
[16:28:55] P001_WG06/P001_WG06.gbk
[16:28:55] Annotation finished successfully.
[16:28:55] Walltime used: 0.22 minutes
[16:28:55] If you use this result please cite the Prokka paper:
[16:28:55] Seemann T (2014) Prokka: rapid prokaryotic genome annotation. Bioinformatics. 30(14):2068-9.
[16:28:55] Type 'prokka --citation' for more details.
[16:28:55] Share and enjoy!
