Discrepancy Report Results

Summary
FATAL: MISSING_PROTEIN_ID:175 proteins have invalid IDs.
DISC_SOURCE_QUALS_ASNDISC:strain (all present, all same)
DISC_SOURCE_QUALS_ASNDISC:taxname (all present, all same)
DISC_FEATURE_COUNT:CDS: 175 present
DISC_FEATURE_COUNT:tRNA: 49 present
DISC_FEATURE_COUNT:rRNA: 6 present
DISC_COUNT_NUCLEOTIDES:10 nucleotide Bioseqs are present
FEATURE_LOCATION_CONFLICT:230 features have inconsistent gene locations.
SUSPECT_PRODUCT_NAMES:4 product_names contain suspect phrase or characters
	May contain database identifier more appropriate in note; remove from product name
		4 features contains three or more numbers together that may be identifiers more appropriate in note
NO_ANNOTATION:1 bioseqs have no features
DISC_QUALITY_SCORES:Quality scores are missing on all sequences.
FATAL: DISC_SUSPECT_RRNA_PRODUCTS:4 rRNA product names contain suspect phrase
FATAL: DISC_SHORT_RRNA:3 rRNA features are too short
ONCALLER_COMMENT_PRESENT:10 comment descriptors were found (all same)
SHORT_PROT_SEQUENCES:16 protein sequences are shorter than 50 aa.
MISSING_GENOMEASSEMBLY_COMMENTS:10 bioseqs are missing GenomeAssembly structured comments
MOLTYPE_NOT_MRNA:10 molecule types are not set as mRNA.
TECHNIQUE_NOT_TSA:10 technique are not set as TSA
MISSING_STRUCTURED_COMMENT:10 sequences do not include structured comments.
MISSING_PROJECT:185 sequences do not include project.
FATAL: RRNA_NAME_CONFLICTS:4 rRNA product names are not standard. Correct the names to the standard format, eg "16S ribosomal RNA"
DISC_INCONSISTENT_MOLINFO_TECH:Molinfo Technique Report (some missing, all same)


Detailed Report

FATAL: DiscRep_ALL:MISSING_PROTEIN_ID::175 proteins have invalid IDs.
P002_WG02/P002_WG02:k141_129190_1 (length 757)
P002_WG02/P002_WG02:k141_129190_2 (length 70)
P002_WG02/P002_WG02:k141_129190_3 (length 82)
P002_WG02/P002_WG02:k141_129190_4 (length 44)
P002_WG02/P002_WG02:k141_129190_5 (length 204)
P002_WG02/P002_WG02:k141_129190_6 (length 158)
P002_WG02/P002_WG02:k141_129190_7 (length 224)
P002_WG02/P002_WG02:k141_129190_8 (length 120)
P002_WG02/P002_WG02:k141_129190_9 (length 133)
P002_WG02/P002_WG02:k141_129190_10 (length 520)
P002_WG02/P002_WG02:k141_129190_11 (length 475)
P002_WG02/P002_WG02:k141_129190_12 (length 83)
P002_WG02/P002_WG02:k141_129190_13 (length 504)
P002_WG02/P002_WG02:k141_129190_14 (length 317)
P002_WG02/P002_WG02:k141_129190_15 (length 746)
P002_WG02/P002_WG02:k141_129190_16 (length 75)
P002_WG02/P002_WG02:k141_129190_17 (length 323)
P002_WG02/P002_WG02:k141_129190_18 (length 504)
P002_WG02/P002_WG02:k141_129190_19 (length 81)
P002_WG02/P002_WG02:k141_129190_20 (length 49)
P002_WG02/P002_WG02:k141_129190_21 (length 101)
P002_WG02/P002_WG02:k141_129190_22 (length 176)
P002_WG02/P002_WG02:k141_129190_23 (length 170)
P002_WG02/P002_WG02:k141_129190_24 (length 151)
P002_WG02/P002_WG02:k141_129190_25 (length 188)
P002_WG02/P002_WG02:k141_129190_26 (length 393)
P002_WG02/P002_WG02:k141_129190_27 (length 90)
P002_WG02/P002_WG02:k141_129190_28 (length 1949)
P002_WG02/P002_WG02:k141_129190_29 (length 262)
P002_WG02/P002_WG02:k141_129190_30 (length 60)
P002_WG02/P002_WG02:k141_129190_31 (length 287)
P002_WG02/P002_WG02:k141_129190_32 (length 157)
P002_WG02/P002_WG02:k141_129190_33 (length 69)
P002_WG02/P002_WG02:k141_129190_34 (length 76)
P002_WG02/P002_WG02:k141_129190_35 (length 87)
P002_WG02/P002_WG02:k141_129190_36 (length 126)
P002_WG02/P002_WG02:k141_129190_37 (length 86)
P002_WG02/P002_WG02:k141_23113_1 (length 750)
P002_WG02/P002_WG02:k141_23113_2 (length 70)
P002_WG02/P002_WG02:k141_23113_3 (length 82)
P002_WG02/P002_WG02:k141_23113_4 (length 201)
P002_WG02/P002_WG02:k141_23113_5 (length 158)
P002_WG02/P002_WG02:k141_23113_6 (length 223)
P002_WG02/P002_WG02:k141_23113_7 (length 120)
P002_WG02/P002_WG02:k141_23113_8 (length 57)
P002_WG02/P002_WG02:k141_23113_9 (length 133)
P002_WG02/P002_WG02:k141_23113_10 (length 496)
P002_WG02/P002_WG02:k141_23113_11 (length 477)
P002_WG02/P002_WG02:k141_23113_12 (length 493)
P002_WG02/P002_WG02:k141_23113_13 (length 59)
P002_WG02/P002_WG02:k141_23113_14 (length 184)
P002_WG02/P002_WG02:k141_23113_15 (length 229)
P002_WG02/P002_WG02:k141_23113_16 (length 320)
P002_WG02/P002_WG02:k141_23113_17 (length 40)
P002_WG02/P002_WG02:k141_23113_18 (length 39)
P002_WG02/P002_WG02:k141_23113_19 (length 83)
P002_WG02/P002_WG02:k141_23113_20 (length 44)
P002_WG02/P002_WG02:k141_23113_21 (length 123)
P002_WG02/P002_WG02:k141_23113_22 (length 101)
P002_WG02/P002_WG02:k141_23113_23 (length 177)
P002_WG02/P002_WG02:k141_23113_24 (length 73)
P002_WG02/P002_WG02:k141_23113_25 (length 74)
P002_WG02/P002_WG02:k141_23113_26 (length 68)
P002_WG02/P002_WG02:k141_23113_27 (length 38)
P002_WG02/P002_WG02:k141_23113_28 (length 508)
P002_WG02/P002_WG02:k141_23113_29 (length 74)
P002_WG02/P002_WG02:k141_23113_30 (length 162)
P002_WG02/P002_WG02:k141_23113_31 (length 152)
P002_WG02/P002_WG02:k141_23113_32 (length 337)
P002_WG02/P002_WG02:k141_23113_33 (length 138)
P002_WG02/P002_WG02:k141_23113_34 (length 77)
P002_WG02/P002_WG02:k141_23113_35 (length 134)
P002_WG02/P002_WG02:k141_23113_36 (length 122)
P002_WG02/P002_WG02:k141_23113_37 (length 119)
P002_WG02/P002_WG02:k141_23113_38 (length 220)
P002_WG02/P002_WG02:k141_23113_39 (length 43)
P002_WG02/P002_WG02:k141_23113_40 (length 144)
P002_WG02/P002_WG02:k141_23113_41 (length 92)
P002_WG02/P002_WG02:k141_9659_1 (length 84)
P002_WG02/P002_WG02:k141_9659_2 (length 83)
P002_WG02/P002_WG02:k141_9659_3 (length 39)
P002_WG02/P002_WG02:k141_9659_4 (length 92)
P002_WG02/P002_WG02:k141_9659_5 (length 155)
P002_WG02/P002_WG02:k141_9659_6 (length 285)
P002_WG02/P002_WG02:k141_9659_7 (length 260)
P002_WG02/P002_WG02:k141_9659_8 (length 108)
P002_WG02/P002_WG02:k141_9659_9 (length 2281)
P002_WG02/P002_WG02:k141_9659_10 (length 93)
P002_WG02/P002_WG02:k141_9659_11 (length 133)
P002_WG02/P002_WG02:k141_9659_12 (length 165)
P002_WG02/P002_WG02:k141_124657_1 (length 131)
P002_WG02/P002_WG02:k141_124657_2 (length 71)
P002_WG02/P002_WG02:k141_141936_1 (length 747)
P002_WG02/P002_WG02:k141_141936_2 (length 321)
P002_WG02/P002_WG02:k141_141936_3 (length 509)
P002_WG02/P002_WG02:k141_141936_4 (length 81)
P002_WG02/P002_WG02:k141_141936_5 (length 101)
P002_WG02/P002_WG02:k141_141936_6 (length 188)
P002_WG02/P002_WG02:k141_141936_7 (length 165)
P002_WG02/P002_WG02:k141_141936_8 (length 156)
P002_WG02/P002_WG02:k141_141936_9 (length 195)
P002_WG02/P002_WG02:k141_141936_10 (length 393)
P002_WG02/P002_WG02:k141_141936_11 (length 90)
P002_WG02/P002_WG02:k141_141936_12 (length 32)
P002_WG02/P002_WG02:k141_141936_13 (length 1373)
P002_WG02/P002_WG02:k141_21021_1 (length 352)
P002_WG02/P002_WG02:k141_21021_2 (length 512)
P002_WG02/P002_WG02:k141_21021_3 (length 94)
P002_WG02/P002_WG02:k141_21021_4 (length 36)
P002_WG02/P002_WG02:k141_21021_5 (length 507)
P002_WG02/P002_WG02:k141_21021_6 (length 162)
P002_WG02/P002_WG02:k141_21021_7 (length 56)
P002_WG02/P002_WG02:k141_21021_8 (length 81)
P002_WG02/P002_WG02:k141_21021_9 (length 247)
P002_WG02/P002_WG02:k141_21021_10 (length 236)
P002_WG02/P002_WG02:k141_21021_11 (length 1372)
P002_WG02/P002_WG02:k141_21021_12 (length 557)
P002_WG02/P002_WG02:k141_21021_13 (length 152)
P002_WG02/P002_WG02:k141_21021_14 (length 1070)
P002_WG02/P002_WG02:k141_21021_15 (length 72)
P002_WG02/P002_WG02:k141_21021_16 (length 353)
P002_WG02/P002_WG02:k141_21021_17 (length 461)
P002_WG02/P002_WG02:k141_21021_18 (length 62)
P002_WG02/P002_WG02:k141_21021_19 (length 100)
P002_WG02/P002_WG02:k141_21021_20 (length 352)
P002_WG02/P002_WG02:k141_114711_1 (length 734)
P002_WG02/P002_WG02:k141_114711_2 (length 85)
P002_WG02/P002_WG02:k141_114711_3 (length 105)
P002_WG02/P002_WG02:k141_114711_4 (length 461)
P002_WG02/P002_WG02:k141_114711_5 (length 353)
P002_WG02/P002_WG02:k141_114711_6 (length 29)
P002_WG02/P002_WG02:k141_114711_7 (length 1073)
P002_WG02/P002_WG02:k141_114711_8 (length 146)
P002_WG02/P002_WG02:k141_114711_9 (length 510)
P002_WG02/P002_WG02:k141_114711_10 (length 1396)
P002_WG02/P002_WG02:k141_114711_11 (length 236)
P002_WG02/P002_WG02:k141_114711_12 (length 247)
P002_WG02/P002_WG02:k141_114711_13 (length 81)
P002_WG02/P002_WG02:k141_114711_14 (length 60)
P002_WG02/P002_WG02:k141_114711_15 (length 124)
P002_WG02/P002_WG02:k141_114711_16 (length 511)
P002_WG02/P002_WG02:k141_114711_17 (length 36)
P002_WG02/P002_WG02:k141_114711_18 (length 61)
P002_WG02/P002_WG02:k141_114711_19 (length 190)
P002_WG02/P002_WG02:k141_114711_20 (length 564)
P002_WG02/P002_WG02:k141_114711_21 (length 34)
P002_WG02/P002_WG02:k141_114711_22 (length 188)
P002_WG02/P002_WG02:k141_114711_23 (length 229)
P002_WG02/P002_WG02:k141_114711_24 (length 322)
P002_WG02/P002_WG02:k141_114711_25 (length 121)
P002_WG02/P002_WG02:k141_114711_26 (length 116)
P002_WG02/P002_WG02:k141_114711_27 (length 85)
P002_WG02/P002_WG02:k141_114711_28 (length 44)
P002_WG02/P002_WG02:k141_114711_29 (length 83)
P002_WG02/P002_WG02:k141_114711_30 (length 39)
P002_WG02/P002_WG02:k141_114711_31 (length 40)
P002_WG02/P002_WG02:k141_114711_32 (length 69)
P002_WG02/P002_WG02:k141_114711_33 (length 199)
P002_WG02/P002_WG02:k141_114711_34 (length 73)
P002_WG02/P002_WG02:k141_114711_35 (length 508)
P002_WG02/P002_WG02:k141_114711_36 (length 73)
P002_WG02/P002_WG02:k141_114711_37 (length 231)
P002_WG02/P002_WG02:k141_114711_38 (length 174)
P002_WG02/P002_WG02:k141_114711_39 (length 333)
P002_WG02/P002_WG02:k141_114711_40 (length 138)
P002_WG02/P002_WG02:k141_114711_41 (length 134)
P002_WG02/P002_WG02:k141_114711_42 (length 122)
P002_WG02/P002_WG02:k141_114711_43 (length 119)
P002_WG02/P002_WG02:k141_114711_44 (length 214)
P002_WG02/P002_WG02:k141_114711_45 (length 92)
P002_WG02/P002_WG02:k141_114711_46 (length 165)
P002_WG02/P002_WG02:k141_114711_47 (length 132)
P002_WG02/P002_WG02:k141_114711_48 (length 114)
P002_WG02/P002_WG02:k141_114711_49 (length 1956)
P002_WG02/P002_WG02:k141_7137_1 (length 83)

DiscRep_ALL:DISC_SOURCE_QUALS_ASNDISC::strain (all present, all same)
DiscRep_SUB:DISC_SOURCE_QUALS_ASNDISC::10 sources have 'strain' for strain
DiscRep_ALL:DISC_SOURCE_QUALS_ASNDISC::taxname (all present, all same)
DiscRep_SUB:DISC_SOURCE_QUALS_ASNDISC::10 sources have 'Genus species' for taxname
DiscRep_ALL:DISC_FEATURE_COUNT::CDS: 175 present
DiscRep_ALL:DISC_FEATURE_COUNT::tRNA: 49 present
DiscRep_ALL:DISC_FEATURE_COUNT::rRNA: 6 present
DiscRep_ALL:DISC_COUNT_NUCLEOTIDES::10 nucleotide Bioseqs are present
P002_WG02/P002_WG02:k141_129190 (length 53694)
P002_WG02/P002_WG02:k141_87103 (length 1089)
P002_WG02/P002_WG02:k141_23113 (length 44462)
P002_WG02/P002_WG02:k141_9659 (length 16685)
P002_WG02/P002_WG02:k141_59802 (length 2529)
P002_WG02/P002_WG02:k141_124657 (length 3340)
P002_WG02/P002_WG02:k141_141936 (length 17743)
P002_WG02/P002_WG02:k141_21021 (length 37629)
P002_WG02/P002_WG02:k141_114711 (length 69193)
P002_WG02/P002_WG02:k141_7137 (length 4064)

DiscRep_ALL:FEATURE_LOCATION_CONFLICT::230 features have inconsistent gene locations.
DiscRep_SUB:FEATURE_LOCATION_CONFLICT::Coding region xref gene does not exist
P002_WG02/P002_WG02:CDS	photosystem I P700 apoprotein A1	k141_129190:c2382-109	P002_WG02_00001

DiscRep_SUB:FEATURE_LOCATION_CONFLICT::Coding region xref gene does not exist
P002_WG02/P002_WG02:CDS	Photosystem I assembly protein Ycf3	k141_129190:c3478-3266	P002_WG02_00002

DiscRep_SUB:FEATURE_LOCATION_CONFLICT::Coding region xref gene does not exist
P002_WG02/P002_WG02:CDS	putative chloroplast RF34	k141_129190:c4424-4176	P002_WG02_00003

DiscRep_SUB:FEATURE_LOCATION_CONFLICT::Coding region xref gene does not exist
P002_WG02/P002_WG02:CDS	putative chloroplast RF34	k141_129190:c5265-5131	P002_WG02_00004

DiscRep_SUB:FEATURE_LOCATION_CONFLICT::Coding region xref gene does not exist
P002_WG02/P002_WG02:CDS	ribosomal protein S4	k141_129190:c6435-5821	P002_WG02_00006

DiscRep_SUB:FEATURE_LOCATION_CONFLICT::Coding region xref gene does not exist
P002_WG02/P002_WG02:CDS	NADH-plastoquinone oxidoreductase subunit J	k141_129190:c9446-8970	P002_WG02_00010

DiscRep_SUB:FEATURE_LOCATION_CONFLICT::Coding region xref gene does not exist
P002_WG02/P002_WG02:CDS	NADH-plastoquinone oxidoreductase subunit K	k141_129190:c10264-9590	P002_WG02_00011

DiscRep_SUB:FEATURE_LOCATION_CONFLICT::Coding region xref gene does not exist
P002_WG02/P002_WG02:CDS	NADH-plastoquinone oxidoreductase subunit 3	k141_129190:c10669-10307	P002_WG02_00012

DiscRep_SUB:FEATURE_LOCATION_CONFLICT::Coding region xref gene does not exist
P002_WG02/P002_WG02:CDS	ATP synthase CF1 epsilon subunit	k141_129190:c12299-11898	P002_WG02_00014

DiscRep_SUB:FEATURE_LOCATION_CONFLICT::Coding region xref gene does not exist
P002_WG02/P002_WG02:CDS	ATP synthase CF1 beta subunit	k141_129190:c13884-12322	P002_WG02_00015

DiscRep_SUB:FEATURE_LOCATION_CONFLICT::Coding region xref gene does not exist
P002_WG02/P002_WG02:CDS	ribulose-1,5-bisphosphate carboxylase/oxygenase large subunit	k141_129190:14580-16007	P002_WG02_00016

DiscRep_SUB:FEATURE_LOCATION_CONFLICT::Coding region xref gene does not exist
P002_WG02/P002_WG02:CDS	hypothetical protein	k141_129190:c16831-16580	P002_WG02_00017

DiscRep_SUB:FEATURE_LOCATION_CONFLICT::Coding region xref gene does not exist
P002_WG02/P002_WG02:CDS	maturase K	k141_129190:17819-19333	P002_WG02_00018

DiscRep_SUB:FEATURE_LOCATION_CONFLICT::Coding region xref gene does not exist
P002_WG02/P002_WG02:CDS	photosystem II protein D1	k141_129190:19984-20937	P002_WG02_00019

DiscRep_SUB:FEATURE_LOCATION_CONFLICT::Coding region xref gene does not exist
P002_WG02/P002_WG02:CDS	NADH-plastoquinone oxidoreductase subunit 5	k141_129190:c23684-21444	P002_WG02_00021

DiscRep_SUB:FEATURE_LOCATION_CONFLICT::Coding region xref gene does not exist
P002_WG02/P002_WG02:CDS	hypothetical protein	k141_129190:c23959-23732	P002_WG02_00022

DiscRep_SUB:FEATURE_LOCATION_CONFLICT::Coding region xref gene does not exist
P002_WG02/P002_WG02:CDS	cytochrome c heme attachment protein	k141_129190:24777-25748	P002_WG02_00024

DiscRep_SUB:FEATURE_LOCATION_CONFLICT::Coding region xref gene does not exist
P002_WG02/P002_WG02:CDS	NADH-plastoquinone oxidoreductase subunit 4	k141_129190:c27488-25974	P002_WG02_00025

DiscRep_SUB:FEATURE_LOCATION_CONFLICT::Coding region xref gene does not exist
P002_WG02/P002_WG02:CDS	photosystem I subunit VII	k141_129190:c27850-27605	P002_WG02_00026

DiscRep_SUB:FEATURE_LOCATION_CONFLICT::Coding region xref gene does not exist
P002_WG02/P002_WG02:CDS	hypothetical protein	k141_129190:27943-28092	P002_WG02_00027

DiscRep_SUB:FEATURE_LOCATION_CONFLICT::Coding region xref gene does not exist
P002_WG02/P002_WG02:CDS	NADH-plastoquinone oxidoreductase subunit 4L	k141_129190:c28449-28144	P002_WG02_00028

DiscRep_SUB:FEATURE_LOCATION_CONFLICT::Coding region xref gene does not exist
P002_WG02/P002_WG02:CDS	NADH-plastoquinone oxidoreductase subunit 6	k141_129190:c29172-28642	P002_WG02_00029

DiscRep_SUB:FEATURE_LOCATION_CONFLICT::Coding region xref gene does not exist
P002_WG02/P002_WG02:CDS	NADH-plastoquinone oxidoreductase subunit I	k141_129190:c30168-29656	P002_WG02_00030

DiscRep_SUB:FEATURE_LOCATION_CONFLICT::Coding region xref gene does not exist
P002_WG02/P002_WG02:CDS	NADH-plastoquinone oxidoreductase subunit 1	k141_129190:c30703-30248	P002_WG02_00031

DiscRep_SUB:FEATURE_LOCATION_CONFLICT::Coding region xref gene does not exist
P002_WG02/P002_WG02:CDS	NADH-plastoquinone oxidoreductase subunit 1	k141_129190:c32543-31977	P002_WG02_00032

DiscRep_SUB:FEATURE_LOCATION_CONFLICT::Coding region xref gene does not exist
P002_WG02/P002_WG02:CDS	NADH-plastoquinone oxidoreductase subunit 7	k141_129190:c33726-32545	P002_WG02_00033

DiscRep_SUB:FEATURE_LOCATION_CONFLICT::Coding region xref gene does not exist
P002_WG02/P002_WG02:CDS	ribosomal protein S15	k141_129190:c34096-33824	P002_WG02_00034

DiscRep_SUB:FEATURE_LOCATION_CONFLICT::Coding region xref gene does not exist
P002_WG02/P002_WG02:CDS	hypothetical protein	k141_129190:c40483-34634	P002_WG02_00035

DiscRep_SUB:FEATURE_LOCATION_CONFLICT::Coding region xref gene does not exist
P002_WG02/P002_WG02:CDS	NADH-plastoquinone oxidoreductase subunit 2	k141_129190:c42537-41749	P002_WG02_00037

DiscRep_SUB:FEATURE_LOCATION_CONFLICT::Coding region xref gene does not exist
P002_WG02/P002_WG02:CDS	hypothetical protein	k141_129190:c42753-42571	P002_WG02_00038

DiscRep_SUB:FEATURE_LOCATION_CONFLICT::Coding region xref gene does not exist
P002_WG02/P002_WG02:CDS	NADH-plastoquinone oxidoreductase subunit 2	k141_129190:c43911-43048	P002_WG02_00039

DiscRep_SUB:FEATURE_LOCATION_CONFLICT::Coding region xref gene does not exist
P002_WG02/P002_WG02:CDS	ribosomal protein S7	k141_129190:c44652-44179	P002_WG02_00040

DiscRep_SUB:FEATURE_LOCATION_CONFLICT::Coding region xref gene does not exist
P002_WG02/P002_WG02:CDS	hypothetical protein	k141_129190:45674-45883	P002_WG02_00041

DiscRep_SUB:FEATURE_LOCATION_CONFLICT::Coding region xref gene does not exist
P002_WG02/P002_WG02:CDS	hypothetical protein	k141_129190:c46558-46328	P002_WG02_00042

DiscRep_SUB:FEATURE_LOCATION_CONFLICT::Coding region xref gene does not exist
P002_WG02/P002_WG02:CDS	hypothetical protein	k141_129190:48626-48889	P002_WG02_00045

DiscRep_SUB:FEATURE_LOCATION_CONFLICT::Coding region xref gene does not exist
P002_WG02/P002_WG02:CDS	hypothetical protein	k141_129190:48904-49284	P002_WG02_00046

DiscRep_SUB:FEATURE_LOCATION_CONFLICT::Coding region xref gene does not exist
P002_WG02/P002_WG02:CDS	hypothetical protein	k141_129190:c50078-49818	P002_WG02_00047

DiscRep_SUB:FEATURE_LOCATION_CONFLICT::RNA feature xref gene does not exist
P002_WG02/P002_WG02:tRNA	Ser	k141_129190:5526-5618	P002_WG02_00005

DiscRep_SUB:FEATURE_LOCATION_CONFLICT::RNA feature xref gene does not exist
P002_WG02/P002_WG02:tRNA	Thr	k141_129190:c6796-6722	P002_WG02_00007

DiscRep_SUB:FEATURE_LOCATION_CONFLICT::RNA feature xref gene does not exist
P002_WG02/P002_WG02:tRNA	Leu	k141_129190:7897-7981	P002_WG02_00008

DiscRep_SUB:FEATURE_LOCATION_CONFLICT::RNA feature xref gene does not exist
P002_WG02/P002_WG02:tRNA	Phe	k141_129190:8212-8284	P002_WG02_00009

DiscRep_SUB:FEATURE_LOCATION_CONFLICT::RNA feature xref gene does not exist
P002_WG02/P002_WG02:tRNA	Met	k141_129190:11728-11800	P002_WG02_00013

DiscRep_SUB:FEATURE_LOCATION_CONFLICT::RNA feature xref gene does not exist
P002_WG02/P002_WG02:tRNA	His	k141_129190:21171-21246	P002_WG02_00020

DiscRep_SUB:FEATURE_LOCATION_CONFLICT::RNA feature xref gene does not exist
P002_WG02/P002_WG02:tRNA	Leu	k141_129190:24578-24657	P002_WG02_00023

DiscRep_SUB:FEATURE_LOCATION_CONFLICT::RNA feature xref gene does not exist
P002_WG02/P002_WG02:tRNA	Asn	k141_129190:40873-40946	P002_WG02_00036

DiscRep_SUB:FEATURE_LOCATION_CONFLICT::RNA feature xref gene does not exist
P002_WG02/P002_WG02:tRNA	Val	k141_129190:46821-46892	P002_WG02_00043

DiscRep_SUB:FEATURE_LOCATION_CONFLICT::RNA feature xref gene does not exist
P002_WG02/P002_WG02:rRNA	16S ribosomal RNA	k141_129190:47118-48605	P002_WG02_00044

DiscRep_SUB:FEATURE_LOCATION_CONFLICT::RNA feature xref gene does not exist
P002_WG02/P002_WG02:rRNA	23S ribosomal RNA	k141_129190:50976-53694	P002_WG02_00048

DiscRep_SUB:FEATURE_LOCATION_CONFLICT::Coding region xref gene does not exist
P002_WG02/P002_WG02:CDS	photosystem I P700 apoprotein A1	k141_23113:c2361-109	P002_WG02_00049

DiscRep_SUB:FEATURE_LOCATION_CONFLICT::Coding region xref gene does not exist
P002_WG02/P002_WG02:CDS	hypothetical protein	k141_23113:c2708-2496	P002_WG02_00050

DiscRep_SUB:FEATURE_LOCATION_CONFLICT::Coding region xref gene does not exist
P002_WG02/P002_WG02:CDS	putative chloroplast RF34	k141_23113:c4199-3951	P002_WG02_00051

DiscRep_SUB:FEATURE_LOCATION_CONFLICT::Coding region xref gene does not exist
P002_WG02/P002_WG02:CDS	ribosomal protein S4	k141_23113:c6852-6247	P002_WG02_00053

DiscRep_SUB:FEATURE_LOCATION_CONFLICT::Coding region xref gene does not exist
P002_WG02/P002_WG02:CDS	NADH-plastoquinone oxidoreductase subunit J	k141_23113:c9876-9400	P002_WG02_00056

DiscRep_SUB:FEATURE_LOCATION_CONFLICT::Coding region xref gene does not exist
P002_WG02/P002_WG02:CDS	NADH-plastoquinone oxidoreductase subunit K	k141_23113:c10648-9977	P002_WG02_00057

DiscRep_SUB:FEATURE_LOCATION_CONFLICT::Coding region xref gene does not exist
P002_WG02/P002_WG02:CDS	NADH-plastoquinone oxidoreductase subunit 3	k141_23113:c11055-10693	P002_WG02_00058

DiscRep_SUB:FEATURE_LOCATION_CONFLICT::Coding region xref gene does not exist
P002_WG02/P002_WG02:CDS	hypothetical protein	k141_23113:11684-11857	P002_WG02_00059

DiscRep_SUB:FEATURE_LOCATION_CONFLICT::Coding region xref gene does not exist
P002_WG02/P002_WG02:CDS	ATP synthase CF1 epsilon subunit	k141_23113:c13669-13268	P002_WG02_00061

DiscRep_SUB:FEATURE_LOCATION_CONFLICT::Coding region xref gene does not exist
P002_WG02/P002_WG02:CDS	ATP synthase CF1 beta subunit	k141_23113:c15156-13666	P002_WG02_00062

DiscRep_SUB:FEATURE_LOCATION_CONFLICT::Coding region xref gene does not exist
P002_WG02/P002_WG02:CDS	ribulose-1,5-bisphosphate carboxylase/oxygenase large subunit	k141_23113:15835-17268	P002_WG02_00063

DiscRep_SUB:FEATURE_LOCATION_CONFLICT::Coding region xref gene does not exist
P002_WG02/P002_WG02:CDS	Acetyl-coenzyme A carboxylase carboxyl transferase subunit beta, chloroplastic	k141_23113:17931-19412	P002_WG02_00064

DiscRep_SUB:FEATURE_LOCATION_CONFLICT::Coding region xref gene does not exist
P002_WG02/P002_WG02:CDS	hypothetical protein	k141_23113:20114-20293	P002_WG02_00065

DiscRep_SUB:FEATURE_LOCATION_CONFLICT::Coding region xref gene does not exist
P002_WG02/P002_WG02:CDS	photosystem I assembly protein Ycf4	k141_23113:20684-21238	P002_WG02_00066

DiscRep_SUB:FEATURE_LOCATION_CONFLICT::Coding region xref gene does not exist
P002_WG02/P002_WG02:CDS	envelope membrane protein	k141_23113:22082-22771	P002_WG02_00067

DiscRep_SUB:FEATURE_LOCATION_CONFLICT::Coding region xref gene does not exist
P002_WG02/P002_WG02:CDS	cytochrome f	k141_23113:22941-23903	P002_WG02_00068

DiscRep_SUB:FEATURE_LOCATION_CONFLICT::Coding region xref gene does not exist
P002_WG02/P002_WG02:CDS	photosystem II protein J	k141_23113:c24907-24785	P002_WG02_00069

DiscRep_SUB:FEATURE_LOCATION_CONFLICT::Coding region xref gene does not exist
P002_WG02/P002_WG02:CDS	photosystem II cytochrome b559 beta subunit	k141_23113:c25283-25164	P002_WG02_00070

DiscRep_SUB:FEATURE_LOCATION_CONFLICT::Coding region xref gene does not exist
P002_WG02/P002_WG02:CDS	photosystem II cytochrome b559 alpha subunit	k141_23113:c25549-25298	P002_WG02_00071

DiscRep_SUB:FEATURE_LOCATION_CONFLICT::Coding region xref gene does not exist
P002_WG02/P002_WG02:CDS	photosystem I subunit IX	k141_23113:27500-27634	P002_WG02_00074

DiscRep_SUB:FEATURE_LOCATION_CONFLICT::Coding region xref gene does not exist
P002_WG02/P002_WG02:CDS	hypothetical protein	k141_23113:27955-28326	P002_WG02_00075

DiscRep_SUB:FEATURE_LOCATION_CONFLICT::Coding region xref gene does not exist
P002_WG02/P002_WG02:CDS	ribosomal protein S18	k141_23113:28484-28789	P002_WG02_00076

DiscRep_SUB:FEATURE_LOCATION_CONFLICT::Coding region xref gene does not exist
P002_WG02/P002_WG02:CDS	hypothetical protein	k141_23113:c29547-29014	P002_WG02_00077

DiscRep_SUB:FEATURE_LOCATION_CONFLICT::Coding region xref gene does not exist
P002_WG02/P002_WG02:CDS	ATP-dependent Clp protease proteolytic subunit	k141_23113:c30665-30444	P002_WG02_00078

DiscRep_SUB:FEATURE_LOCATION_CONFLICT::Coding region xref gene does not exist
P002_WG02/P002_WG02:CDS	ATP-dependent Clp protease proteolytic subunit	k141_23113:c31513-31289	P002_WG02_00079

DiscRep_SUB:FEATURE_LOCATION_CONFLICT::Coding region xref gene does not exist
P002_WG02/P002_WG02:CDS	hypothetical protein	k141_23113:31838-32044	P002_WG02_00080

DiscRep_SUB:FEATURE_LOCATION_CONFLICT::Coding region xref gene does not exist
P002_WG02/P002_WG02:CDS	hypothetical protein	k141_23113:32041-32157	P002_WG02_00081

DiscRep_SUB:FEATURE_LOCATION_CONFLICT::Coding region xref gene does not exist
P002_WG02/P002_WG02:CDS	photosystem II CP47 chlorophyll apoprotein	k141_23113:32777-34303	P002_WG02_00082

DiscRep_SUB:FEATURE_LOCATION_CONFLICT::Coding region xref gene does not exist
P002_WG02/P002_WG02:CDS	photosystem II phosphoprotein	k141_23113:34862-35086	P002_WG02_00083

DiscRep_SUB:FEATURE_LOCATION_CONFLICT::Coding region xref gene does not exist
P002_WG02/P002_WG02:CDS	cytochrome b6	k141_23113:36098-36586	P002_WG02_00084

DiscRep_SUB:FEATURE_LOCATION_CONFLICT::Coding region xref gene does not exist
P002_WG02/P002_WG02:CDS	cytochrome b6/f complex subunit IV	k141_23113:37492-37950	P002_WG02_00085

DiscRep_SUB:FEATURE_LOCATION_CONFLICT::Coding region xref gene does not exist
P002_WG02/P002_WG02:CDS	DNA-directed RNA polymerase subunit alpha	k141_23113:c39241-38228	P002_WG02_00086

DiscRep_SUB:FEATURE_LOCATION_CONFLICT::Coding region xref gene does not exist
P002_WG02/P002_WG02:CDS	ribosomal protein S11	k141_23113:c39718-39302	P002_WG02_00087

DiscRep_SUB:FEATURE_LOCATION_CONFLICT::Coding region xref gene does not exist
P002_WG02/P002_WG02:CDS	translational initiation factor 1	k141_23113:c40263-40030	P002_WG02_00088

DiscRep_SUB:FEATURE_LOCATION_CONFLICT::Coding region xref gene does not exist
P002_WG02/P002_WG02:CDS	ribosomal protein S8	k141_23113:c40786-40382	P002_WG02_00089

DiscRep_SUB:FEATURE_LOCATION_CONFLICT::Coding region xref gene does not exist
P002_WG02/P002_WG02:CDS	ribosomal protein L14	k141_23113:c41344-40976	P002_WG02_00090

DiscRep_SUB:FEATURE_LOCATION_CONFLICT::Coding region xref gene does not exist
P002_WG02/P002_WG02:CDS	ribosomal protein L16	k141_23113:c41826-41467	P002_WG02_00091

DiscRep_SUB:FEATURE_LOCATION_CONFLICT::Coding region xref gene does not exist
P002_WG02/P002_WG02:CDS	ribosomal protein S3	k141_23113:c43432-42770	P002_WG02_00092

DiscRep_SUB:FEATURE_LOCATION_CONFLICT::Coding region xref gene does not exist
P002_WG02/P002_WG02:CDS	hypothetical protein	k141_23113:c43548-43417	P002_WG02_00093

DiscRep_SUB:FEATURE_LOCATION_CONFLICT::Coding region xref gene does not exist
P002_WG02/P002_WG02:CDS	ribosomal protein L22	k141_23113:c43966-43532	P002_WG02_00094

DiscRep_SUB:FEATURE_LOCATION_CONFLICT::Coding region xref gene does not exist
P002_WG02/P002_WG02:CDS	ribosomal protein S19	k141_23113:c44313-44035	P002_WG02_00095

DiscRep_SUB:FEATURE_LOCATION_CONFLICT::RNA feature xref gene does not exist
P002_WG02/P002_WG02:tRNA	Ser	k141_23113:5914-6000	P002_WG02_00052

DiscRep_SUB:FEATURE_LOCATION_CONFLICT::RNA feature xref gene does not exist
P002_WG02/P002_WG02:tRNA	Thr	k141_23113:c7164-7090	P002_WG02_00054

DiscRep_SUB:FEATURE_LOCATION_CONFLICT::RNA feature xref gene does not exist
P002_WG02/P002_WG02:tRNA	Phe	k141_23113:8766-8839	P002_WG02_00055

DiscRep_SUB:FEATURE_LOCATION_CONFLICT::RNA feature xref gene does not exist
P002_WG02/P002_WG02:tRNA	Met	k141_23113:13036-13108	P002_WG02_00060

DiscRep_SUB:FEATURE_LOCATION_CONFLICT::RNA feature xref gene does not exist
P002_WG02/P002_WG02:tRNA	Trp	k141_23113:c26956-26883	P002_WG02_00072

DiscRep_SUB:FEATURE_LOCATION_CONFLICT::RNA feature xref gene does not exist
P002_WG02/P002_WG02:tRNA	Pro	k141_23113:c27206-27131	P002_WG02_00073

DiscRep_SUB:FEATURE_LOCATION_CONFLICT::Coding region xref gene does not exist
P002_WG02/P002_WG02:CDS	hypothetical protein	k141_9659:1367-1621	P002_WG02_00098

DiscRep_SUB:FEATURE_LOCATION_CONFLICT::Coding region xref gene does not exist
P002_WG02/P002_WG02:CDS	hypothetical protein	k141_9659:c1852-1601	P002_WG02_00099

DiscRep_SUB:FEATURE_LOCATION_CONFLICT::Coding region xref gene does not exist
P002_WG02/P002_WG02:CDS	hypothetical protein	k141_9659:c2089-1970	P002_WG02_00100

DiscRep_SUB:FEATURE_LOCATION_CONFLICT::Coding region xref gene does not exist
P002_WG02/P002_WG02:CDS	ribosomal protein S12	k141_9659:2499-2777	P002_WG02_00101

DiscRep_SUB:FEATURE_LOCATION_CONFLICT::Coding region xref gene does not exist
P002_WG02/P002_WG02:CDS	ribosomal protein S7	k141_9659:3382-3849	P002_WG02_00102

DiscRep_SUB:FEATURE_LOCATION_CONFLICT::Coding region xref gene does not exist
P002_WG02/P002_WG02:CDS	NADH-plastoquinone oxidoreductase subunit 2	k141_9659:4178-5035	P002_WG02_00103

DiscRep_SUB:FEATURE_LOCATION_CONFLICT::Coding region xref gene does not exist
P002_WG02/P002_WG02:CDS	NADH-plastoquinone oxidoreductase subunit 2	k141_9659:5553-6335	P002_WG02_00104

DiscRep_SUB:FEATURE_LOCATION_CONFLICT::Coding region xref gene does not exist
P002_WG02/P002_WG02:CDS	hypothetical protein	k141_9659:7156-7482	P002_WG02_00106

DiscRep_SUB:FEATURE_LOCATION_CONFLICT::Coding region xref gene does not exist
P002_WG02/P002_WG02:CDS	hypothetical protein	k141_9659:c14502-7657	P002_WG02_00107

DiscRep_SUB:FEATURE_LOCATION_CONFLICT::Coding region xref gene does not exist
P002_WG02/P002_WG02:CDS	ribosomal protein L23	k141_9659:14830-15111	P002_WG02_00109

DiscRep_SUB:FEATURE_LOCATION_CONFLICT::Coding region xref gene does not exist
P002_WG02/P002_WG02:CDS	ribosomal protein L2	k141_9659:15130-15531	P002_WG02_00110

DiscRep_SUB:FEATURE_LOCATION_CONFLICT::Coding region xref gene does not exist
P002_WG02/P002_WG02:CDS	ribosomal protein L2	k141_9659:16119-16616	P002_WG02_00111

DiscRep_SUB:FEATURE_LOCATION_CONFLICT::RNA feature xref gene does not exist
P002_WG02/P002_WG02:rRNA	16S ribosomal RNA (partial)	k141_9659:c938-1	P002_WG02_00096

DiscRep_SUB:FEATURE_LOCATION_CONFLICT::RNA feature xref gene does not exist
P002_WG02/P002_WG02:tRNA	Val	k141_9659:c1241-1170	P002_WG02_00097

DiscRep_SUB:FEATURE_LOCATION_CONFLICT::RNA feature xref gene does not exist
P002_WG02/P002_WG02:tRNA	Leu	k141_9659:6877-6959	P002_WG02_00105

DiscRep_SUB:FEATURE_LOCATION_CONFLICT::RNA feature xref gene does not exist
P002_WG02/P002_WG02:tRNA	Met	k141_9659:14591-14665	P002_WG02_00108

DiscRep_SUB:FEATURE_LOCATION_CONFLICT::RNA feature xref gene does not exist
P002_WG02/P002_WG02:rRNA	23S ribosomal RNA (partial)	k141_59802:c2519-1	P002_WG02_00112

DiscRep_SUB:FEATURE_LOCATION_CONFLICT::Coding region xref gene does not exist
P002_WG02/P002_WG02:CDS	hypothetical protein	k141_124657:c484-89	P002_WG02_00113

DiscRep_SUB:FEATURE_LOCATION_CONFLICT::Coding region xref gene does not exist
P002_WG02/P002_WG02:CDS	hypothetical protein	k141_124657:2130-2345	P002_WG02_00116

DiscRep_SUB:FEATURE_LOCATION_CONFLICT::RNA feature xref gene does not exist
P002_WG02/P002_WG02:tRNA	Arg	k141_124657:1048-1122	P002_WG02_00114

DiscRep_SUB:FEATURE_LOCATION_CONFLICT::RNA feature xref gene does not exist
P002_WG02/P002_WG02:tRNA	Asn	k141_124657:c1756-1683	P002_WG02_00115

DiscRep_SUB:FEATURE_LOCATION_CONFLICT::Coding region xref gene does not exist
P002_WG02/P002_WG02:CDS	NADH-plastoquinone oxidoreductase subunit 5	k141_141936:c2333-90	P002_WG02_00117

DiscRep_SUB:FEATURE_LOCATION_CONFLICT::Coding region xref gene does not exist
P002_WG02/P002_WG02:CDS	cytochrome c heme attachment protein	k141_141936:4139-5104	P002_WG02_00119

DiscRep_SUB:FEATURE_LOCATION_CONFLICT::Coding region xref gene does not exist
P002_WG02/P002_WG02:CDS	NADH-plastoquinone oxidoreductase subunit 4	k141_141936:c6853-5324	P002_WG02_00120

DiscRep_SUB:FEATURE_LOCATION_CONFLICT::Coding region xref gene does not exist
P002_WG02/P002_WG02:CDS	photosystem I subunit VII	k141_141936:c7193-6948	P002_WG02_00121

DiscRep_SUB:FEATURE_LOCATION_CONFLICT::Coding region xref gene does not exist
P002_WG02/P002_WG02:CDS	NADH-plastoquinone oxidoreductase subunit 4L	k141_141936:c7751-7446	P002_WG02_00122

DiscRep_SUB:FEATURE_LOCATION_CONFLICT::Coding region xref gene does not exist
P002_WG02/P002_WG02:CDS	NADH-plastoquinone oxidoreductase subunit 6	k141_141936:c8536-7970	P002_WG02_00123

DiscRep_SUB:FEATURE_LOCATION_CONFLICT::Coding region xref gene does not exist
P002_WG02/P002_WG02:CDS	NADH-plastoquinone oxidoreductase subunit I	k141_141936:c9366-8869	P002_WG02_00124

DiscRep_SUB:FEATURE_LOCATION_CONFLICT::Coding region xref gene does not exist
P002_WG02/P002_WG02:CDS	NADH-plastoquinone oxidoreductase subunit 1	k141_141936:c9924-9454	P002_WG02_00125

DiscRep_SUB:FEATURE_LOCATION_CONFLICT::Coding region xref gene does not exist
P002_WG02/P002_WG02:CDS	NADH-plastoquinone oxidoreductase subunit 1	k141_141936:c11632-11045	P002_WG02_00126

DiscRep_SUB:FEATURE_LOCATION_CONFLICT::Coding region xref gene does not exist
P002_WG02/P002_WG02:CDS	NADH-plastoquinone oxidoreductase subunit 7	k141_141936:c12815-11634	P002_WG02_00127

DiscRep_SUB:FEATURE_LOCATION_CONFLICT::Coding region xref gene does not exist
P002_WG02/P002_WG02:CDS	ribosomal protein S15	k141_141936:c13176-12904	P002_WG02_00128

DiscRep_SUB:FEATURE_LOCATION_CONFLICT::Coding region xref gene does not exist
P002_WG02/P002_WG02:CDS	hypothetical protein	k141_141936:c13509-13411	P002_WG02_00129

DiscRep_SUB:FEATURE_LOCATION_CONFLICT::Coding region xref gene does not exist
P002_WG02/P002_WG02:CDS	hypothetical protein	k141_141936:c17696-13575	P002_WG02_00130

DiscRep_SUB:FEATURE_LOCATION_CONFLICT::RNA feature xref gene does not exist
P002_WG02/P002_WG02:tRNA	Leu	k141_141936:3935-4014	P002_WG02_00118

DiscRep_SUB:FEATURE_LOCATION_CONFLICT::Coding region xref gene does not exist
P002_WG02/P002_WG02:CDS	photosystem II protein D1	k141_21021:c1628-570	P002_WG02_00132

DiscRep_SUB:FEATURE_LOCATION_CONFLICT::Coding region xref gene does not exist
P002_WG02/P002_WG02:CDS	maturase K	k141_21021:c3682-2144	P002_WG02_00133

DiscRep_SUB:FEATURE_LOCATION_CONFLICT::Coding region xref gene does not exist
P002_WG02/P002_WG02:CDS	Photosystem II reaction center protein K	k141_21021:7128-7412	P002_WG02_00135

DiscRep_SUB:FEATURE_LOCATION_CONFLICT::Coding region xref gene does not exist
P002_WG02/P002_WG02:CDS	Photosystem II reaction center protein I	k141_21021:7775-7885	P002_WG02_00136

DiscRep_SUB:FEATURE_LOCATION_CONFLICT::Coding region xref gene does not exist
P002_WG02/P002_WG02:CDS	ATP synthase CF1 alpha subunit	k141_21021:c11439-9916	P002_WG02_00139

DiscRep_SUB:FEATURE_LOCATION_CONFLICT::Coding region xref gene does not exist
P002_WG02/P002_WG02:CDS	ATP synthase CF0 subunit I	k141_21021:c11984-11496	P002_WG02_00140

DiscRep_SUB:FEATURE_LOCATION_CONFLICT::Coding region xref gene does not exist
P002_WG02/P002_WG02:CDS	ATP synthase CF0 subunit I	k141_21021:c12746-12576	P002_WG02_00141

DiscRep_SUB:FEATURE_LOCATION_CONFLICT::Coding region xref gene does not exist
P002_WG02/P002_WG02:CDS	ATP synthase CF0 subunit III	k141_21021:c13345-13100	P002_WG02_00142

DiscRep_SUB:FEATURE_LOCATION_CONFLICT::Coding region xref gene does not exist
P002_WG02/P002_WG02:CDS	ATP synthase CF0 subunit IV	k141_21021:c14840-14097	P002_WG02_00143

DiscRep_SUB:FEATURE_LOCATION_CONFLICT::Coding region xref gene does not exist
P002_WG02/P002_WG02:CDS	ribosomal protein S2	k141_21021:c15777-15067	P002_WG02_00144

DiscRep_SUB:FEATURE_LOCATION_CONFLICT::Coding region xref gene does not exist
P002_WG02/P002_WG02:CDS	RNA polymerase beta'' subunit	k141_21021:c20111-15993	P002_WG02_00145

DiscRep_SUB:FEATURE_LOCATION_CONFLICT::Coding region xref gene does not exist
P002_WG02/P002_WG02:CDS	RNA polymerase beta' subunit	k141_21021:c21951-20278	P002_WG02_00146

DiscRep_SUB:FEATURE_LOCATION_CONFLICT::Coding region xref gene does not exist
P002_WG02/P002_WG02:CDS	RNA polymerase beta' subunit	k141_21021:c23098-22640	P002_WG02_00147

DiscRep_SUB:FEATURE_LOCATION_CONFLICT::Coding region xref gene does not exist
P002_WG02/P002_WG02:CDS	RNA polymerase beta subunit	k141_21021:c26316-23104	P002_WG02_00148

DiscRep_SUB:FEATURE_LOCATION_CONFLICT::Coding region xref gene does not exist
P002_WG02/P002_WG02:CDS	hypothetical protein	k141_21021:28907-29125	P002_WG02_00150

DiscRep_SUB:FEATURE_LOCATION_CONFLICT::Coding region xref gene does not exist
P002_WG02/P002_WG02:CDS	photosystem II protein D2	k141_21021:31871-32932	P002_WG02_00155

DiscRep_SUB:FEATURE_LOCATION_CONFLICT::Coding region xref gene does not exist
P002_WG02/P002_WG02:CDS	photosystem II CP43 chlorophyll apoprotein	k141_21021:32916-34301	P002_WG02_00156

DiscRep_SUB:FEATURE_LOCATION_CONFLICT::Coding region xref gene does not exist
P002_WG02/P002_WG02:CDS	photosystem II protein Z	k141_21021:34944-35132	P002_WG02_00158

DiscRep_SUB:FEATURE_LOCATION_CONFLICT::Coding region xref gene does not exist
P002_WG02/P002_WG02:CDS	ribosomal protein S14	k141_21021:c36207-35905	P002_WG02_00161

DiscRep_SUB:FEATURE_LOCATION_CONFLICT::Coding region xref gene does not exist
P002_WG02/P002_WG02:CDS	photosystem I P700 apoprotein A2	k141_21021:c37389-36331	P002_WG02_00162

DiscRep_SUB:FEATURE_LOCATION_CONFLICT::RNA feature xref gene does not exist
P002_WG02/P002_WG02:tRNA	His	k141_21021:c213-139	P002_WG02_00131

DiscRep_SUB:FEATURE_LOCATION_CONFLICT::RNA feature xref gene does not exist
P002_WG02/P002_WG02:tRNA	Gln	k141_21021:c6899-6828	P002_WG02_00134

DiscRep_SUB:FEATURE_LOCATION_CONFLICT::RNA feature xref gene does not exist
P002_WG02/P002_WG02:tRNA	Ser	k141_21021:c8086-7999	P002_WG02_00137

DiscRep_SUB:FEATURE_LOCATION_CONFLICT::RNA feature xref gene does not exist
P002_WG02/P002_WG02:tRNA	Arg	k141_21021:9740-9811	P002_WG02_00138

DiscRep_SUB:FEATURE_LOCATION_CONFLICT::RNA feature xref gene does not exist
P002_WG02/P002_WG02:tRNA	Cys	k141_21021:27445-27516	P002_WG02_00149

DiscRep_SUB:FEATURE_LOCATION_CONFLICT::RNA feature xref gene does not exist
P002_WG02/P002_WG02:tRNA	Asp	k141_21021:c29549-29473	P002_WG02_00151

DiscRep_SUB:FEATURE_LOCATION_CONFLICT::RNA feature xref gene does not exist
P002_WG02/P002_WG02:tRNA	Tyr	k141_21021:c29739-29654	P002_WG02_00152

DiscRep_SUB:FEATURE_LOCATION_CONFLICT::RNA feature xref gene does not exist
P002_WG02/P002_WG02:tRNA	Glu	k141_21021:c29870-29798	P002_WG02_00153

DiscRep_SUB:FEATURE_LOCATION_CONFLICT::RNA feature xref gene does not exist
P002_WG02/P002_WG02:tRNA	Thr	k141_21021:30462-30535	P002_WG02_00154

DiscRep_SUB:FEATURE_LOCATION_CONFLICT::RNA feature xref gene does not exist
P002_WG02/P002_WG02:tRNA	Ser	k141_21021:c34634-34542	P002_WG02_00157

DiscRep_SUB:FEATURE_LOCATION_CONFLICT::RNA feature xref gene does not exist
P002_WG02/P002_WG02:tRNA	Gly	k141_21021:35413-35484	P002_WG02_00159

DiscRep_SUB:FEATURE_LOCATION_CONFLICT::RNA feature xref gene does not exist
P002_WG02/P002_WG02:tRNA	Met	k141_21021:c35746-35672	P002_WG02_00160

DiscRep_SUB:FEATURE_LOCATION_CONFLICT::Coding region xref gene does not exist
P002_WG02/P002_WG02:CDS	photosystem I P700 apoprotein A2	k141_114711:47-2251	P002_WG02_00163

DiscRep_SUB:FEATURE_LOCATION_CONFLICT::Coding region xref gene does not exist
P002_WG02/P002_WG02:CDS	ribosomal protein S14	k141_114711:2420-2677	P002_WG02_00164

DiscRep_SUB:FEATURE_LOCATION_CONFLICT::Coding region xref gene does not exist
P002_WG02/P002_WG02:CDS	hypothetical protein	k141_114711:3813-4130	P002_WG02_00167

DiscRep_SUB:FEATURE_LOCATION_CONFLICT::Coding region xref gene does not exist
P002_WG02/P002_WG02:CDS	photosystem II CP43 chlorophyll apoprotein	k141_114711:c5989-4604	P002_WG02_00169

DiscRep_SUB:FEATURE_LOCATION_CONFLICT::Coding region xref gene does not exist
P002_WG02/P002_WG02:CDS	photosystem II protein D2	k141_114711:c7034-5973	P002_WG02_00170

DiscRep_SUB:FEATURE_LOCATION_CONFLICT::Coding region xref gene does not exist
P002_WG02/P002_WG02:CDS	cytochrome b6/f complex subunit VII	k141_114711:c10412-10323	P002_WG02_00175

DiscRep_SUB:FEATURE_LOCATION_CONFLICT::Coding region xref gene does not exist
P002_WG02/P002_WG02:CDS	RNA polymerase beta subunit	k141_114711:12670-15891	P002_WG02_00177

DiscRep_SUB:FEATURE_LOCATION_CONFLICT::Coding region xref gene does not exist
P002_WG02/P002_WG02:CDS	RNA polymerase beta' subunit	k141_114711:15922-16362	P002_WG02_00178

DiscRep_SUB:FEATURE_LOCATION_CONFLICT::Coding region xref gene does not exist
P002_WG02/P002_WG02:CDS	RNA polymerase beta' subunit	k141_114711:17219-18751	P002_WG02_00179

DiscRep_SUB:FEATURE_LOCATION_CONFLICT::Coding region xref gene does not exist
P002_WG02/P002_WG02:CDS	RNA polymerase beta'' subunit	k141_114711:18926-23116	P002_WG02_00180

DiscRep_SUB:FEATURE_LOCATION_CONFLICT::Coding region xref gene does not exist
P002_WG02/P002_WG02:CDS	ribosomal protein S2	k141_114711:23368-24078	P002_WG02_00181

DiscRep_SUB:FEATURE_LOCATION_CONFLICT::Coding region xref gene does not exist
P002_WG02/P002_WG02:CDS	ATP synthase CF0 subunit IV	k141_114711:24174-24917	P002_WG02_00182

DiscRep_SUB:FEATURE_LOCATION_CONFLICT::Coding region xref gene does not exist
P002_WG02/P002_WG02:CDS	ATP synthase CF0 subunit III	k141_114711:25830-26075	P002_WG02_00183

DiscRep_SUB:FEATURE_LOCATION_CONFLICT::Coding region xref gene does not exist
P002_WG02/P002_WG02:CDS	ATP synthase CF0 subunit I	k141_114711:26404-26586	P002_WG02_00184

DiscRep_SUB:FEATURE_LOCATION_CONFLICT::Coding region xref gene does not exist
P002_WG02/P002_WG02:CDS	ATP synthase CF0 subunit I	k141_114711:27301-27675	P002_WG02_00185

DiscRep_SUB:FEATURE_LOCATION_CONFLICT::Coding region xref gene does not exist
P002_WG02/P002_WG02:CDS	ATP synthase CF1 alpha subunit	k141_114711:27803-29338	P002_WG02_00186

DiscRep_SUB:FEATURE_LOCATION_CONFLICT::Coding region xref gene does not exist
P002_WG02/P002_WG02:CDS	Photosystem II reaction center protein I	k141_114711:c31219-31109	P002_WG02_00189

DiscRep_SUB:FEATURE_LOCATION_CONFLICT::Coding region xref gene does not exist
P002_WG02/P002_WG02:CDS	photosystem II protein K	k141_114711:c31730-31545	P002_WG02_00190

DiscRep_SUB:FEATURE_LOCATION_CONFLICT::Coding region xref gene does not exist
P002_WG02/P002_WG02:CDS	hypothetical protein	k141_114711:32995-33567	P002_WG02_00192

DiscRep_SUB:FEATURE_LOCATION_CONFLICT::Coding region xref gene does not exist
P002_WG02/P002_WG02:CDS	Acetyl-coenzyme A carboxylase carboxyl transferase subunit beta, chloroplastic	k141_114711:33557-35251	P002_WG02_00193

DiscRep_SUB:FEATURE_LOCATION_CONFLICT::Coding region xref gene does not exist
P002_WG02/P002_WG02:CDS	photosystem I subunit VIII	k141_114711:35605-35709	P002_WG02_00194

DiscRep_SUB:FEATURE_LOCATION_CONFLICT::Coding region xref gene does not exist
P002_WG02/P002_WG02:CDS	photosystem I assembly protein Ycf4	k141_114711:36058-36624	P002_WG02_00195

DiscRep_SUB:FEATURE_LOCATION_CONFLICT::Coding region xref gene does not exist
P002_WG02/P002_WG02:CDS	envelope membrane protein	k141_114711:36964-37653	P002_WG02_00196

DiscRep_SUB:FEATURE_LOCATION_CONFLICT::Coding region xref gene does not exist
P002_WG02/P002_WG02:CDS	cytochrome f	k141_114711:37852-38820	P002_WG02_00197

DiscRep_SUB:FEATURE_LOCATION_CONFLICT::Coding region xref gene does not exist
P002_WG02/P002_WG02:CDS	ribosomal protein L20	k141_114711:40268-40633	P002_WG02_00198

DiscRep_SUB:FEATURE_LOCATION_CONFLICT::Coding region xref gene does not exist
P002_WG02/P002_WG02:CDS	ribosomal protein S18	k141_114711:c41227-40877	P002_WG02_00199

DiscRep_SUB:FEATURE_LOCATION_CONFLICT::Coding region xref gene does not exist
P002_WG02/P002_WG02:CDS	hypothetical protein	k141_114711:41341-41598	P002_WG02_00200

DiscRep_SUB:FEATURE_LOCATION_CONFLICT::Coding region xref gene does not exist
P002_WG02/P002_WG02:CDS	photosystem I subunit IX	k141_114711:c42361-42227	P002_WG02_00201

DiscRep_SUB:FEATURE_LOCATION_CONFLICT::Coding region xref gene does not exist
P002_WG02/P002_WG02:CDS	photosystem II cytochrome b559 alpha subunit	k141_114711:44777-45028	P002_WG02_00204

DiscRep_SUB:FEATURE_LOCATION_CONFLICT::Coding region xref gene does not exist
P002_WG02/P002_WG02:CDS	photosystem II cytochrome b559 beta subunit	k141_114711:45038-45157	P002_WG02_00205

DiscRep_SUB:FEATURE_LOCATION_CONFLICT::Coding region xref gene does not exist
P002_WG02/P002_WG02:CDS	photosystem II protein J	k141_114711:45434-45556	P002_WG02_00206

DiscRep_SUB:FEATURE_LOCATION_CONFLICT::Coding region xref gene does not exist
P002_WG02/P002_WG02:CDS	hypothetical protein	k141_114711:45679-45888	P002_WG02_00207

DiscRep_SUB:FEATURE_LOCATION_CONFLICT::Coding region xref gene does not exist
P002_WG02/P002_WG02:CDS	ATP-dependent Clp protease proteolytic subunit	k141_114711:c46428-45829	P002_WG02_00208

DiscRep_SUB:FEATURE_LOCATION_CONFLICT::Coding region xref gene does not exist
P002_WG02/P002_WG02:CDS	hypothetical protein	k141_114711:c46662-46441	P002_WG02_00209

DiscRep_SUB:FEATURE_LOCATION_CONFLICT::Coding region xref gene does not exist
P002_WG02/P002_WG02:CDS	photosystem II CP47 chlorophyll apoprotein	k141_114711:46870-48396	P002_WG02_00210

DiscRep_SUB:FEATURE_LOCATION_CONFLICT::Coding region xref gene does not exist
P002_WG02/P002_WG02:CDS	photosystem II phosphoprotein	k141_114711:48948-49169	P002_WG02_00211

DiscRep_SUB:FEATURE_LOCATION_CONFLICT::Coding region xref gene does not exist
P002_WG02/P002_WG02:CDS	cytochrome b6	k141_114711:50021-50716	P002_WG02_00212

DiscRep_SUB:FEATURE_LOCATION_CONFLICT::Coding region xref gene does not exist
P002_WG02/P002_WG02:CDS	cytochrome b6/f complex subunit IV	k141_114711:51579-52103	P002_WG02_00213

DiscRep_SUB:FEATURE_LOCATION_CONFLICT::Coding region xref gene does not exist
P002_WG02/P002_WG02:CDS	RNA polymerase alpha subunit	k141_114711:c53303-52302	P002_WG02_00214

DiscRep_SUB:FEATURE_LOCATION_CONFLICT::Coding region xref gene does not exist
P002_WG02/P002_WG02:CDS	ribosomal protein S11	k141_114711:c53805-53389	P002_WG02_00215

DiscRep_SUB:FEATURE_LOCATION_CONFLICT::Coding region xref gene does not exist
P002_WG02/P002_WG02:CDS	ribosomal protein S8	k141_114711:c54707-54303	P002_WG02_00216

DiscRep_SUB:FEATURE_LOCATION_CONFLICT::Coding region xref gene does not exist
P002_WG02/P002_WG02:CDS	ribosomal protein L14	k141_114711:c55572-55204	P002_WG02_00217

DiscRep_SUB:FEATURE_LOCATION_CONFLICT::Coding region xref gene does not exist
P002_WG02/P002_WG02:CDS	ribosomal protein L16	k141_114711:c56048-55689	P002_WG02_00218

DiscRep_SUB:FEATURE_LOCATION_CONFLICT::Coding region xref gene does not exist
P002_WG02/P002_WG02:CDS	ribosomal protein S3	k141_114711:c57955-57311	P002_WG02_00219

DiscRep_SUB:FEATURE_LOCATION_CONFLICT::Coding region xref gene does not exist
P002_WG02/P002_WG02:CDS	ribosomal protein S19	k141_114711:c58420-58142	P002_WG02_00220

DiscRep_SUB:FEATURE_LOCATION_CONFLICT::Coding region xref gene does not exist
P002_WG02/P002_WG02:CDS	ribosomal protein L2	k141_114711:c59061-58564	P002_WG02_00221

DiscRep_SUB:FEATURE_LOCATION_CONFLICT::Coding region xref gene does not exist
P002_WG02/P002_WG02:CDS	ribosomal protein L2	k141_114711:c60079-59681	P002_WG02_00222

DiscRep_SUB:FEATURE_LOCATION_CONFLICT::Coding region xref gene does not exist
P002_WG02/P002_WG02:CDS	hypothetical protein	k141_114711:c60441-60097	P002_WG02_00223

DiscRep_SUB:FEATURE_LOCATION_CONFLICT::Coding region xref gene does not exist
P002_WG02/P002_WG02:CDS	hypothetical protein	k141_114711:61204-67074	P002_WG02_00225

DiscRep_SUB:FEATURE_LOCATION_CONFLICT::RNA feature xref gene does not exist
P002_WG02/P002_WG02:tRNA	Met	k141_114711:2838-2913	P002_WG02_00165

DiscRep_SUB:FEATURE_LOCATION_CONFLICT::RNA feature xref gene does not exist
P002_WG02/P002_WG02:tRNA	Gly	k141_114711:c3116-3044	P002_WG02_00166

DiscRep_SUB:FEATURE_LOCATION_CONFLICT::RNA feature xref gene does not exist
P002_WG02/P002_WG02:tRNA	Ser	k141_114711:4341-4429	P002_WG02_00168

DiscRep_SUB:FEATURE_LOCATION_CONFLICT::RNA feature xref gene does not exist
P002_WG02/P002_WG02:tRNA	Thr	k141_114711:c8142-8067	P002_WG02_00171

DiscRep_SUB:FEATURE_LOCATION_CONFLICT::RNA feature xref gene does not exist
P002_WG02/P002_WG02:tRNA	Glu	k141_114711:8585-8659	P002_WG02_00172

DiscRep_SUB:FEATURE_LOCATION_CONFLICT::RNA feature xref gene does not exist
P002_WG02/P002_WG02:tRNA	Tyr	k141_114711:8732-8817	P002_WG02_00173

DiscRep_SUB:FEATURE_LOCATION_CONFLICT::RNA feature xref gene does not exist
P002_WG02/P002_WG02:tRNA	Asp	k141_114711:9256-9331	P002_WG02_00174

DiscRep_SUB:FEATURE_LOCATION_CONFLICT::RNA feature xref gene does not exist
P002_WG02/P002_WG02:tRNA	Cys	k141_114711:c11470-11400	P002_WG02_00176

DiscRep_SUB:FEATURE_LOCATION_CONFLICT::RNA feature xref gene does not exist
P002_WG02/P002_WG02:tRNA	Arg	k141_114711:c29501-29430	P002_WG02_00187

DiscRep_SUB:FEATURE_LOCATION_CONFLICT::RNA feature xref gene does not exist
P002_WG02/P002_WG02:tRNA	Ser	k141_114711:30844-30930	P002_WG02_00188

DiscRep_SUB:FEATURE_LOCATION_CONFLICT::RNA feature xref gene does not exist
P002_WG02/P002_WG02:tRNA	Gln	k141_114711:32324-32397	P002_WG02_00191

DiscRep_SUB:FEATURE_LOCATION_CONFLICT::RNA feature xref gene does not exist
P002_WG02/P002_WG02:tRNA	Pro	k141_114711:42797-42870	P002_WG02_00202

DiscRep_SUB:FEATURE_LOCATION_CONFLICT::RNA feature xref gene does not exist
P002_WG02/P002_WG02:tRNA	Trp	k141_114711:43046-43119	P002_WG02_00203

DiscRep_SUB:FEATURE_LOCATION_CONFLICT::RNA feature xref gene does not exist
P002_WG02/P002_WG02:tRNA	Met	k141_114711:c60884-60810	P002_WG02_00224

DiscRep_SUB:FEATURE_LOCATION_CONFLICT::RNA feature xref gene does not exist
P002_WG02/P002_WG02:tRNA	Leu	k141_114711:c67705-67623	P002_WG02_00226

DiscRep_SUB:FEATURE_LOCATION_CONFLICT::RNA feature xref gene does not exist
P002_WG02/P002_WG02:tRNA	Arg	k141_114711:c68181-68107	P002_WG02_00227

DiscRep_SUB:FEATURE_LOCATION_CONFLICT::Coding region xref gene does not exist
P002_WG02/P002_WG02:CDS	hypothetical protein	k141_7137:c2705-2454	P002_WG02_00229

DiscRep_SUB:FEATURE_LOCATION_CONFLICT::RNA feature xref gene does not exist
P002_WG02/P002_WG02:rRNA	23S ribosomal RNA (partial)	k141_7137:c955-18	P002_WG02_00228

DiscRep_SUB:FEATURE_LOCATION_CONFLICT::RNA feature xref gene does not exist
P002_WG02/P002_WG02:rRNA	16S ribosomal RNA (partial)	k141_7137:c4064-3389	P002_WG02_00230

DiscRep_ALL:SUSPECT_PRODUCT_NAMES::4 product_names contain suspect phrase or characters
DiscRep_SUB:SUSPECT_PRODUCT_NAMES::May contain database identifier more appropriate in note; remove from product name
DiscRep_SUB:SUSPECT_PRODUCT_NAMES::4 features contains three or more numbers together that may be identifiers more appropriate in note
P002_WG02/P002_WG02:CDS	photosystem I P700 apoprotein A1	k141_129190:c2382-109	P002_WG02_00001
P002_WG02/P002_WG02:CDS	photosystem I P700 apoprotein A1	k141_23113:c2361-109	P002_WG02_00049
P002_WG02/P002_WG02:CDS	photosystem I P700 apoprotein A2	k141_21021:c37389-36331	P002_WG02_00162
P002_WG02/P002_WG02:CDS	photosystem I P700 apoprotein A2	k141_114711:47-2251	P002_WG02_00163

DiscRep_ALL:NO_ANNOTATION::1 bioseqs have no features
P002_WG02/P002_WG02:k141_87103 (length 1089)

DiscRep_ALL:DISC_QUALITY_SCORES::Quality scores are missing on all sequences.

FATAL: DiscRep_ALL:DISC_SUSPECT_RRNA_PRODUCTS::4 rRNA product names contain suspect phrase
FATAL: DiscRep_SUB:DISC_SUSPECT_RRNA_PRODUCTS::4 rRNA product names contains 'partial'
P002_WG02/P002_WG02:rRNA	16S ribosomal RNA (partial)	k141_9659:c938-1	P002_WG02_00096
P002_WG02/P002_WG02:rRNA	23S ribosomal RNA (partial)	k141_59802:c2519-1	P002_WG02_00112
P002_WG02/P002_WG02:rRNA	23S ribosomal RNA (partial)	k141_7137:c955-18	P002_WG02_00228
P002_WG02/P002_WG02:rRNA	16S ribosomal RNA (partial)	k141_7137:c4064-3389	P002_WG02_00230

FATAL: DiscRep_ALL:DISC_SHORT_RRNA::3 rRNA features are too short
P002_WG02/P002_WG02:rRNA	16S ribosomal RNA (partial)	k141_9659:c938-1	P002_WG02_00096
P002_WG02/P002_WG02:rRNA	23S ribosomal RNA (partial)	k141_7137:c955-18	P002_WG02_00228
P002_WG02/P002_WG02:rRNA	16S ribosomal RNA (partial)	k141_7137:c4064-3389	P002_WG02_00230

DiscRep_ALL:ONCALLER_COMMENT_PRESENT::10 comment descriptors were found (all same)
P002_WG02/P002_WG02:k141_129190:Annotated using prokka 1.14.5 from https://github.com/tseemann/prokka
P002_WG02/P002_WG02:k141_87103:Annotated using prokka 1.14.5 from https://github.com/tseemann/prokka
P002_WG02/P002_WG02:k141_23113:Annotated using prokka 1.14.5 from https://github.com/tseemann/prokka
P002_WG02/P002_WG02:k141_9659:Annotated using prokka 1.14.5 from https://github.com/tseemann/prokka
P002_WG02/P002_WG02:k141_59802:Annotated using prokka 1.14.5 from https://github.com/tseemann/prokka
P002_WG02/P002_WG02:k141_124657:Annotated using prokka 1.14.5 from https://github.com/tseemann/prokka
P002_WG02/P002_WG02:k141_141936:Annotated using prokka 1.14.5 from https://github.com/tseemann/prokka
P002_WG02/P002_WG02:k141_21021:Annotated using prokka 1.14.5 from https://github.com/tseemann/prokka
P002_WG02/P002_WG02:k141_114711:Annotated using prokka 1.14.5 from https://github.com/tseemann/prokka
P002_WG02/P002_WG02:k141_7137:Annotated using prokka 1.14.5 from https://github.com/tseemann/prokka

DiscRep_ALL:SHORT_PROT_SEQUENCES::16 protein sequences are shorter than 50 aa.
P002_WG02/P002_WG02:k141_129190_4 (length 44)
P002_WG02/P002_WG02:k141_129190_20 (length 49)
P002_WG02/P002_WG02:k141_23113_17 (length 40)
P002_WG02/P002_WG02:k141_23113_18 (length 39)
P002_WG02/P002_WG02:k141_23113_20 (length 44)
P002_WG02/P002_WG02:k141_23113_27 (length 38)
P002_WG02/P002_WG02:k141_23113_39 (length 43)
P002_WG02/P002_WG02:k141_9659_3 (length 39)
P002_WG02/P002_WG02:k141_141936_12 (length 32)
P002_WG02/P002_WG02:k141_21021_4 (length 36)
P002_WG02/P002_WG02:k141_114711_6 (length 29)
P002_WG02/P002_WG02:k141_114711_17 (length 36)
P002_WG02/P002_WG02:k141_114711_21 (length 34)
P002_WG02/P002_WG02:k141_114711_28 (length 44)
P002_WG02/P002_WG02:k141_114711_30 (length 39)
P002_WG02/P002_WG02:k141_114711_31 (length 40)

DiscRep_ALL:MISSING_GENOMEASSEMBLY_COMMENTS::10 bioseqs are missing GenomeAssembly structured comments
P002_WG02/P002_WG02:k141_129190 (length 53694)
P002_WG02/P002_WG02:k141_87103 (length 1089)
P002_WG02/P002_WG02:k141_23113 (length 44462)
P002_WG02/P002_WG02:k141_9659 (length 16685)
P002_WG02/P002_WG02:k141_59802 (length 2529)
P002_WG02/P002_WG02:k141_124657 (length 3340)
P002_WG02/P002_WG02:k141_141936 (length 17743)
P002_WG02/P002_WG02:k141_21021 (length 37629)
P002_WG02/P002_WG02:k141_114711 (length 69193)
P002_WG02/P002_WG02:k141_7137 (length 4064)

DiscRep_ALL:MOLTYPE_NOT_MRNA::10 molecule types are not set as mRNA.
P002_WG02/P002_WG02:k141_129190 (length 53694)
P002_WG02/P002_WG02:k141_87103 (length 1089)
P002_WG02/P002_WG02:k141_23113 (length 44462)
P002_WG02/P002_WG02:k141_9659 (length 16685)
P002_WG02/P002_WG02:k141_59802 (length 2529)
P002_WG02/P002_WG02:k141_124657 (length 3340)
P002_WG02/P002_WG02:k141_141936 (length 17743)
P002_WG02/P002_WG02:k141_21021 (length 37629)
P002_WG02/P002_WG02:k141_114711 (length 69193)
P002_WG02/P002_WG02:k141_7137 (length 4064)

DiscRep_ALL:TECHNIQUE_NOT_TSA::10 technique are not set as TSA
P002_WG02/P002_WG02:k141_129190 (length 53694)
P002_WG02/P002_WG02:k141_87103 (length 1089)
P002_WG02/P002_WG02:k141_23113 (length 44462)
P002_WG02/P002_WG02:k141_9659 (length 16685)
P002_WG02/P002_WG02:k141_59802 (length 2529)
P002_WG02/P002_WG02:k141_124657 (length 3340)
P002_WG02/P002_WG02:k141_141936 (length 17743)
P002_WG02/P002_WG02:k141_21021 (length 37629)
P002_WG02/P002_WG02:k141_114711 (length 69193)
P002_WG02/P002_WG02:k141_7137 (length 4064)

DiscRep_ALL:MISSING_STRUCTURED_COMMENT::10 sequences do not include structured comments.
P002_WG02/P002_WG02:k141_129190 (length 53694)
P002_WG02/P002_WG02:k141_87103 (length 1089)
P002_WG02/P002_WG02:k141_23113 (length 44462)
P002_WG02/P002_WG02:k141_9659 (length 16685)
P002_WG02/P002_WG02:k141_59802 (length 2529)
P002_WG02/P002_WG02:k141_124657 (length 3340)
P002_WG02/P002_WG02:k141_141936 (length 17743)
P002_WG02/P002_WG02:k141_21021 (length 37629)
P002_WG02/P002_WG02:k141_114711 (length 69193)
P002_WG02/P002_WG02:k141_7137 (length 4064)

DiscRep_ALL:MISSING_PROJECT::185 sequences do not include project.
P002_WG02/P002_WG02:k141_129190 (length 53694)
P002_WG02/P002_WG02:k141_129190_1 (length 757)
P002_WG02/P002_WG02:k141_129190_2 (length 70)
P002_WG02/P002_WG02:k141_129190_3 (length 82)
P002_WG02/P002_WG02:k141_129190_4 (length 44)
P002_WG02/P002_WG02:k141_129190_5 (length 204)
P002_WG02/P002_WG02:k141_129190_6 (length 158)
P002_WG02/P002_WG02:k141_129190_7 (length 224)
P002_WG02/P002_WG02:k141_129190_8 (length 120)
P002_WG02/P002_WG02:k141_129190_9 (length 133)
P002_WG02/P002_WG02:k141_129190_10 (length 520)
P002_WG02/P002_WG02:k141_129190_11 (length 475)
P002_WG02/P002_WG02:k141_129190_12 (length 83)
P002_WG02/P002_WG02:k141_129190_13 (length 504)
P002_WG02/P002_WG02:k141_129190_14 (length 317)
P002_WG02/P002_WG02:k141_129190_15 (length 746)
P002_WG02/P002_WG02:k141_129190_16 (length 75)
P002_WG02/P002_WG02:k141_129190_17 (length 323)
P002_WG02/P002_WG02:k141_129190_18 (length 504)
P002_WG02/P002_WG02:k141_129190_19 (length 81)
P002_WG02/P002_WG02:k141_129190_20 (length 49)
P002_WG02/P002_WG02:k141_129190_21 (length 101)
P002_WG02/P002_WG02:k141_129190_22 (length 176)
P002_WG02/P002_WG02:k141_129190_23 (length 170)
P002_WG02/P002_WG02:k141_129190_24 (length 151)
P002_WG02/P002_WG02:k141_129190_25 (length 188)
P002_WG02/P002_WG02:k141_129190_26 (length 393)
P002_WG02/P002_WG02:k141_129190_27 (length 90)
P002_WG02/P002_WG02:k141_129190_28 (length 1949)
P002_WG02/P002_WG02:k141_129190_29 (length 262)
P002_WG02/P002_WG02:k141_129190_30 (length 60)
P002_WG02/P002_WG02:k141_129190_31 (length 287)
P002_WG02/P002_WG02:k141_129190_32 (length 157)
P002_WG02/P002_WG02:k141_129190_33 (length 69)
P002_WG02/P002_WG02:k141_129190_34 (length 76)
P002_WG02/P002_WG02:k141_129190_35 (length 87)
P002_WG02/P002_WG02:k141_129190_36 (length 126)
P002_WG02/P002_WG02:k141_129190_37 (length 86)
P002_WG02/P002_WG02:k141_87103 (length 1089)
P002_WG02/P002_WG02:k141_23113 (length 44462)
P002_WG02/P002_WG02:k141_23113_1 (length 750)
P002_WG02/P002_WG02:k141_23113_2 (length 70)
P002_WG02/P002_WG02:k141_23113_3 (length 82)
P002_WG02/P002_WG02:k141_23113_4 (length 201)
P002_WG02/P002_WG02:k141_23113_5 (length 158)
P002_WG02/P002_WG02:k141_23113_6 (length 223)
P002_WG02/P002_WG02:k141_23113_7 (length 120)
P002_WG02/P002_WG02:k141_23113_8 (length 57)
P002_WG02/P002_WG02:k141_23113_9 (length 133)
P002_WG02/P002_WG02:k141_23113_10 (length 496)
P002_WG02/P002_WG02:k141_23113_11 (length 477)
P002_WG02/P002_WG02:k141_23113_12 (length 493)
P002_WG02/P002_WG02:k141_23113_13 (length 59)
P002_WG02/P002_WG02:k141_23113_14 (length 184)
P002_WG02/P002_WG02:k141_23113_15 (length 229)
P002_WG02/P002_WG02:k141_23113_16 (length 320)
P002_WG02/P002_WG02:k141_23113_17 (length 40)
P002_WG02/P002_WG02:k141_23113_18 (length 39)
P002_WG02/P002_WG02:k141_23113_19 (length 83)
P002_WG02/P002_WG02:k141_23113_20 (length 44)
P002_WG02/P002_WG02:k141_23113_21 (length 123)
P002_WG02/P002_WG02:k141_23113_22 (length 101)
P002_WG02/P002_WG02:k141_23113_23 (length 177)
P002_WG02/P002_WG02:k141_23113_24 (length 73)
P002_WG02/P002_WG02:k141_23113_25 (length 74)
P002_WG02/P002_WG02:k141_23113_26 (length 68)
P002_WG02/P002_WG02:k141_23113_27 (length 38)
P002_WG02/P002_WG02:k141_23113_28 (length 508)
P002_WG02/P002_WG02:k141_23113_29 (length 74)
P002_WG02/P002_WG02:k141_23113_30 (length 162)
P002_WG02/P002_WG02:k141_23113_31 (length 152)
P002_WG02/P002_WG02:k141_23113_32 (length 337)
P002_WG02/P002_WG02:k141_23113_33 (length 138)
P002_WG02/P002_WG02:k141_23113_34 (length 77)
P002_WG02/P002_WG02:k141_23113_35 (length 134)
P002_WG02/P002_WG02:k141_23113_36 (length 122)
P002_WG02/P002_WG02:k141_23113_37 (length 119)
P002_WG02/P002_WG02:k141_23113_38 (length 220)
P002_WG02/P002_WG02:k141_23113_39 (length 43)
P002_WG02/P002_WG02:k141_23113_40 (length 144)
P002_WG02/P002_WG02:k141_23113_41 (length 92)
P002_WG02/P002_WG02:k141_9659 (length 16685)
P002_WG02/P002_WG02:k141_9659_1 (length 84)
P002_WG02/P002_WG02:k141_9659_2 (length 83)
P002_WG02/P002_WG02:k141_9659_3 (length 39)
P002_WG02/P002_WG02:k141_9659_4 (length 92)
P002_WG02/P002_WG02:k141_9659_5 (length 155)
P002_WG02/P002_WG02:k141_9659_6 (length 285)
P002_WG02/P002_WG02:k141_9659_7 (length 260)
P002_WG02/P002_WG02:k141_9659_8 (length 108)
P002_WG02/P002_WG02:k141_9659_9 (length 2281)
P002_WG02/P002_WG02:k141_9659_10 (length 93)
P002_WG02/P002_WG02:k141_9659_11 (length 133)
P002_WG02/P002_WG02:k141_9659_12 (length 165)
P002_WG02/P002_WG02:k141_59802 (length 2529)
P002_WG02/P002_WG02:k141_124657 (length 3340)
P002_WG02/P002_WG02:k141_124657_1 (length 131)
P002_WG02/P002_WG02:k141_124657_2 (length 71)
P002_WG02/P002_WG02:k141_141936 (length 17743)
P002_WG02/P002_WG02:k141_141936_1 (length 747)
P002_WG02/P002_WG02:k141_141936_2 (length 321)
P002_WG02/P002_WG02:k141_141936_3 (length 509)
P002_WG02/P002_WG02:k141_141936_4 (length 81)
P002_WG02/P002_WG02:k141_141936_5 (length 101)
P002_WG02/P002_WG02:k141_141936_6 (length 188)
P002_WG02/P002_WG02:k141_141936_7 (length 165)
P002_WG02/P002_WG02:k141_141936_8 (length 156)
P002_WG02/P002_WG02:k141_141936_9 (length 195)
P002_WG02/P002_WG02:k141_141936_10 (length 393)
P002_WG02/P002_WG02:k141_141936_11 (length 90)
P002_WG02/P002_WG02:k141_141936_12 (length 32)
P002_WG02/P002_WG02:k141_141936_13 (length 1373)
P002_WG02/P002_WG02:k141_21021 (length 37629)
P002_WG02/P002_WG02:k141_21021_1 (length 352)
P002_WG02/P002_WG02:k141_21021_2 (length 512)
P002_WG02/P002_WG02:k141_21021_3 (length 94)
P002_WG02/P002_WG02:k141_21021_4 (length 36)
P002_WG02/P002_WG02:k141_21021_5 (length 507)
P002_WG02/P002_WG02:k141_21021_6 (length 162)
P002_WG02/P002_WG02:k141_21021_7 (length 56)
P002_WG02/P002_WG02:k141_21021_8 (length 81)
P002_WG02/P002_WG02:k141_21021_9 (length 247)
P002_WG02/P002_WG02:k141_21021_10 (length 236)
P002_WG02/P002_WG02:k141_21021_11 (length 1372)
P002_WG02/P002_WG02:k141_21021_12 (length 557)
P002_WG02/P002_WG02:k141_21021_13 (length 152)
P002_WG02/P002_WG02:k141_21021_14 (length 1070)
P002_WG02/P002_WG02:k141_21021_15 (length 72)
P002_WG02/P002_WG02:k141_21021_16 (length 353)
P002_WG02/P002_WG02:k141_21021_17 (length 461)
P002_WG02/P002_WG02:k141_21021_18 (length 62)
P002_WG02/P002_WG02:k141_21021_19 (length 100)
P002_WG02/P002_WG02:k141_21021_20 (length 352)
P002_WG02/P002_WG02:k141_114711 (length 69193)
P002_WG02/P002_WG02:k141_114711_1 (length 734)
P002_WG02/P002_WG02:k141_114711_2 (length 85)
P002_WG02/P002_WG02:k141_114711_3 (length 105)
P002_WG02/P002_WG02:k141_114711_4 (length 461)
P002_WG02/P002_WG02:k141_114711_5 (length 353)
P002_WG02/P002_WG02:k141_114711_6 (length 29)
P002_WG02/P002_WG02:k141_114711_7 (length 1073)
P002_WG02/P002_WG02:k141_114711_8 (length 146)
P002_WG02/P002_WG02:k141_114711_9 (length 510)
P002_WG02/P002_WG02:k141_114711_10 (length 1396)
P002_WG02/P002_WG02:k141_114711_11 (length 236)
P002_WG02/P002_WG02:k141_114711_12 (length 247)
P002_WG02/P002_WG02:k141_114711_13 (length 81)
P002_WG02/P002_WG02:k141_114711_14 (length 60)
P002_WG02/P002_WG02:k141_114711_15 (length 124)
P002_WG02/P002_WG02:k141_114711_16 (length 511)
P002_WG02/P002_WG02:k141_114711_17 (length 36)
P002_WG02/P002_WG02:k141_114711_18 (length 61)
P002_WG02/P002_WG02:k141_114711_19 (length 190)
P002_WG02/P002_WG02:k141_114711_20 (length 564)
P002_WG02/P002_WG02:k141_114711_21 (length 34)
P002_WG02/P002_WG02:k141_114711_22 (length 188)
P002_WG02/P002_WG02:k141_114711_23 (length 229)
P002_WG02/P002_WG02:k141_114711_24 (length 322)
P002_WG02/P002_WG02:k141_114711_25 (length 121)
P002_WG02/P002_WG02:k141_114711_26 (length 116)
P002_WG02/P002_WG02:k141_114711_27 (length 85)
P002_WG02/P002_WG02:k141_114711_28 (length 44)
P002_WG02/P002_WG02:k141_114711_29 (length 83)
P002_WG02/P002_WG02:k141_114711_30 (length 39)
P002_WG02/P002_WG02:k141_114711_31 (length 40)
P002_WG02/P002_WG02:k141_114711_32 (length 69)
P002_WG02/P002_WG02:k141_114711_33 (length 199)
P002_WG02/P002_WG02:k141_114711_34 (length 73)
P002_WG02/P002_WG02:k141_114711_35 (length 508)
P002_WG02/P002_WG02:k141_114711_36 (length 73)
P002_WG02/P002_WG02:k141_114711_37 (length 231)
P002_WG02/P002_WG02:k141_114711_38 (length 174)
P002_WG02/P002_WG02:k141_114711_39 (length 333)
P002_WG02/P002_WG02:k141_114711_40 (length 138)
P002_WG02/P002_WG02:k141_114711_41 (length 134)
P002_WG02/P002_WG02:k141_114711_42 (length 122)
P002_WG02/P002_WG02:k141_114711_43 (length 119)
P002_WG02/P002_WG02:k141_114711_44 (length 214)
P002_WG02/P002_WG02:k141_114711_45 (length 92)
P002_WG02/P002_WG02:k141_114711_46 (length 165)
P002_WG02/P002_WG02:k141_114711_47 (length 132)
P002_WG02/P002_WG02:k141_114711_48 (length 114)
P002_WG02/P002_WG02:k141_114711_49 (length 1956)
P002_WG02/P002_WG02:k141_7137 (length 4064)
P002_WG02/P002_WG02:k141_7137_1 (length 83)

FATAL: DiscRep_ALL:RRNA_NAME_CONFLICTS::4 rRNA product names are not standard. Correct the names to the standard format, eg "16S ribosomal RNA"
P002_WG02/P002_WG02:rRNA	16S ribosomal RNA (partial)	k141_9659:c938-1	P002_WG02_00096
P002_WG02/P002_WG02:rRNA	23S ribosomal RNA (partial)	k141_59802:c2519-1	P002_WG02_00112
P002_WG02/P002_WG02:rRNA	23S ribosomal RNA (partial)	k141_7137:c955-18	P002_WG02_00228
P002_WG02/P002_WG02:rRNA	16S ribosomal RNA (partial)	k141_7137:c4064-3389	P002_WG02_00230

DiscRep_ALL:DISC_INCONSISTENT_MOLINFO_TECH::Molinfo Technique Report (some missing, all same)
DiscRep_SUB:DISC_INCONSISTENT_MOLINFO_TECH::technique (all missing)
DiscRep_SUB:DISC_INCONSISTENT_MOLINFO_TECH::10 Molinfos are missing field technique
P002_WG02/P002_WG02:k141_7137 (length 4064)
P002_WG02/P002_WG02:k141_9659 (length 16685)
P002_WG02/P002_WG02:k141_21021 (length 37629)
P002_WG02/P002_WG02:k141_23113 (length 44462)
P002_WG02/P002_WG02:k141_59802 (length 2529)
P002_WG02/P002_WG02:k141_87103 (length 1089)
P002_WG02/P002_WG02:k141_114711 (length 69193)
P002_WG02/P002_WG02:k141_124657 (length 3340)
P002_WG02/P002_WG02:k141_129190 (length 53694)
P002_WG02/P002_WG02:k141_141936 (length 17743)

