[16:45:11] This is prokka 1.14.5
[16:45:11] Written by Torsten Seemann <torsten.seemann@gmail.com>
[16:45:11] Homepage is https://github.com/tseemann/prokka
[16:45:11] Local time is Fri Nov 26 16:45:11 2021
[16:45:11] You are ruud
[16:45:11] Operating system is linux
[16:45:11] You have BioPerl 1.7.8
[16:45:11] System has 40 cores.
[16:45:11] Will use maximum of 40 cores.
[16:45:11] Annotating as >>> Bacteria <<<
[16:45:11] Creating new output folder: P002_WE05
[16:45:11] Running: mkdir -p P002_WE05
[16:45:11] Using filename prefix: P002_WE05.XXX
[16:45:11] Setting HMMER_NCPU=1
[16:45:11] Writing log to: P002_WE05/P002_WE05.log
[16:45:11] Command: /usr/local/packages/prokka-1.14.5/bin/prokka --cpus 40 --prefix P002_WE05 --Kingdom Bacteria --locustag P002_WE05 --proteins vaccinium.gb ../02_Blast/chloroplast_contigs_rapid_genomics_run2/P002_WE05_chloroplast_contigs.fa
[16:45:11] Appending to PATH: /home/local/packages/prokka-1.14.5/bin/../binaries/linux
[16:45:11] Appending to PATH: /home/local/packages/prokka-1.14.5/bin/../binaries/linux/../common
[16:45:11] Appending to PATH: /home/local/packages/prokka-1.14.5/bin
[16:45:11] Looking for 'aragorn' - found /usr/local/packages/Anaconda3-2019.10/bin/aragorn
[16:45:11] Determined aragorn version is 001002 from 'ARAGORN v1.2.38 Dean Laslett'
[16:45:11] Looking for 'barrnap' - found /usr/local/packages/Anaconda3-2019.10/bin/barrnap
[16:45:11] Determined barrnap version is 000009 from 'barrnap 0.9'
[16:45:11] Looking for 'blastp' - found /usr/local/packages/Anaconda3-2019.10/bin/blastp
[16:45:12] Determined blastp version is 002011 from 'blastp: 2.11.0+'
[16:45:12] Looking for 'cmpress' - found /usr/local/packages/Anaconda3-2019.10/bin/cmpress
[16:45:12] Determined cmpress version is 001001 from '# INFERNAL 1.1.2 (July 2016)'
[16:45:12] Looking for 'cmscan' - found /usr/local/packages/Anaconda3-2019.10/bin/cmscan
[16:45:12] Determined cmscan version is 001001 from '# INFERNAL 1.1.2 (July 2016)'
[16:45:12] Looking for 'egrep' - found /bin/egrep
[16:45:12] Looking for 'find' - found /bin/find
[16:45:12] Looking for 'grep' - found /bin/grep
[16:45:12] Looking for 'hmmpress' - found /usr/local/packages/Anaconda3-2019.10/bin/hmmpress
[16:45:12] Determined hmmpress version is 003003 from '# HMMER 3.3.2 (Nov 2020); http://hmmer.org/'
[16:45:12] Looking for 'hmmscan' - found /usr/local/packages/Anaconda3-2019.10/bin/hmmscan
[16:45:12] Determined hmmscan version is 003003 from '# HMMER 3.3.2 (Nov 2020); http://hmmer.org/'
[16:45:12] Looking for 'java' - found /usr/local/packages/jdk1.8.0_191/bin/java
[16:45:12] Looking for 'makeblastdb' - found /usr/local/packages/Anaconda3-2019.10/bin/makeblastdb
[16:45:13] Determined makeblastdb version is 002011 from 'makeblastdb: 2.11.0+'
[16:45:13] Looking for 'minced' - found /usr/local/packages/Anaconda3-2019.10/bin/minced
[16:45:13] Determined minced version is 004002 from 'minced 0.4.2'
[16:45:13] Looking for 'parallel' - found /usr/local/packages/Anaconda3-2019.10/bin/parallel
[16:45:13] Determined parallel version is 20210822 from 'GNU parallel 20210822'
[16:45:13] Looking for 'prodigal' - found /usr/local/packages/Anaconda3-2019.10/bin/prodigal
[16:45:13] Determined prodigal version is 002006 from 'Prodigal V2.6.3: February, 2016'
[16:45:13] Looking for 'prokka-genbank_to_fasta_db' - found /usr/local/packages/prokka-1.14.5/bin/prokka-genbank_to_fasta_db
[16:45:13] Looking for 'sed' - found /bin/sed
[16:45:13] Looking for 'tbl2asn' - found /usr/local/packages/Anaconda3-2019.10/bin/tbl2asn
[16:45:13] Determined tbl2asn version is 025008 from 'tbl2asn 25.8   arguments:'
[16:45:13] Using genetic code table 11.
[16:45:13] Loading and checking input file: ../02_Blast/chloroplast_contigs_rapid_genomics_run2/P002_WE05_chloroplast_contigs.fa
[16:45:13] Wrote 13 contigs totalling 128978 bp.
[16:45:13] Predicting tRNAs and tmRNAs
[16:45:13] Running: aragorn -l -gc11  -w P002_WE05\/P002_WE05\.fna
[16:45:13] 1 tRNA-Leu c[3882,3961] 35 (tag)
[16:45:13] 1 tRNA-Met c[5804,5878] 34 (cat)
[16:45:13] 1 tRNA-Val c[1023,1094] 33 (gac)
[16:45:13] 1 tRNA-Pro [2547,2620] 35 (tgg)
[16:45:13] 2 tRNA-Trp [2667,2740] 35 (cca)
[16:45:13] 1 tRNA-His c[285,358] 34 (gtg)
[16:45:13] 2 tRNA-Gln c[6923,6994] 33 (ttg)
[16:45:13] 3 tRNA-Gln c[7041,7112] 33 (ttg)
[16:45:13] 4 tRNA-Ser c[8473,8560] 35 (gct)
[16:45:13] 5 tRNA-Arg [10231,10302] 34 (tct)
[16:45:13] 1 tRNA-Met c[13257,13332] 34 (cat)
[16:45:13] 1 tRNA-Thr c[551,625] 35 (tgt)
[16:45:13] 2 tRNA-Phe [2322,2395] 34 (gaa)
[16:45:13] 3 tRNA-Met [6423,6495] 34 (cat)
[16:45:13] 4 tRNA-Met c[6722,6797] 34 (cat)
[16:45:13] 5 tRNA-Met [12342,12415] 35 (cat)
[16:45:13] 6 tRNA-Gly c[12592,12662] 33 (gcc)
[16:45:13] 7 tRNA-Ser [13463,13555] 35 (tga)
[16:45:13] 8 tRNA-Glu [18096,18168] 35 (ttc)
[16:45:13] 9 tRNA-Tyr [18227,18313] 36 (gta)
[16:45:13] 10 tRNA-Asp [18411,18487] 36 (gtc)
[16:45:13] 11 tRNA-Cys c[22603,22673] 33 (gca)
[16:45:13] 12 tRNA-Ser c[34410,34496] 35 (gga)
[16:45:13] 1 tRNA-Leu c[172,254] 35 (caa)
[16:45:13] 1 tRNA-Asn [193,266] 34 (gtt)
[16:45:13] 2 tRNA-Arg c[500,573] 35 (acg)
[16:45:13] Found 26 tRNAs
[16:45:13] Predicting Ribosomal RNAs
[16:45:13] Running Barrnap with 40 threads
[16:45:14] 1 k141_14427 1152 23S ribosomal RNA (partial)
[16:45:14] 2 k141_37116 874 16S ribosomal RNA
[16:45:14] 3 k141_37116 4757 23S ribosomal RNA (partial)
[16:45:14] Found 3 rRNAs
[16:45:14] Skipping ncRNA search, enable with --rfam if desired.
[16:45:14] Total of 29 tRNA + rRNA features
[16:45:14] Searching for CRISPR repeats
[16:45:15] Found 0 CRISPRs
[16:45:15] Predicting coding sequences
[16:45:15] Contigs total 128978 bp, so using single mode
[16:45:15] Running: prodigal -i P002_WE05\/P002_WE05\.fna -c -m -g 11 -p single -f sco -q
[16:45:15] Excluding CDS which overlaps existing RNA (tRNA) at k141_32640:986..2080 on + strand
[16:45:15] Excluding CDS which overlaps existing RNA (tRNA) at k141_42835:6648..6779 on + strand
[16:45:15] Excluding CDS which overlaps existing RNA (rRNA) at k141_37116:724..921 on + strand
[16:45:15] Excluding CDS which overlaps existing RNA (rRNA) at k141_37116:1934..2185 on + strand
[16:45:15] Excluding CDS which overlaps existing RNA (rRNA) at k141_37116:2182..2319 on + strand
[16:45:15] Excluding CDS which overlaps existing RNA (rRNA) at k141_37116:5123..5419 on - strand
[16:45:15] Excluding CDS which overlaps existing RNA (tRNA) at k141_14427:33..203 on + strand
[16:45:15] Found 87 CDS
[16:45:15] Connecting features back to sequences
[16:45:15] Not using genus-specific database. Try --usegenus to enable it.
[16:45:15] Preparing user-supplied primary BLAST annotation source: vaccinium.gb
[16:45:15] Guessed source was in genbank format.
[16:45:15] Converting genbank 'vaccinium.gb' into Prokka FASTA 'P002_WE05/proteins.faa'
[16:45:15] Running: prokka-genbank_to_fasta_db --format genbank vaccinium\.gb > P002_WE05\/proteins\.faa 2> /dev/null
[16:45:15] Running: makeblastdb -dbtype prot -in P002_WE05\/proteins\.faa -out P002_WE05\/proteins -logfile /dev/null
[16:45:16] Using /inference source as 'vaccinium.gb'
[16:45:16] Annotating CDS, please be patient.
[16:45:16] Will use 40 CPUs for similarity searching.
[16:45:16] There are still 87 unannotated CDS left (started with 87)
[16:45:16] Will use blast to search against P002_WE05/proteins with 40 CPUs
[16:45:16] Running: cat P002_WE05\/P002_WE05\.proteins\.tmp\.5615\.faa | parallel --gnu --plain -j 40 --block 273 --recstart '>' --pipe blastp -query - -db P002_WE05/proteins -evalue 1e-09 -qcov_hsp_perc 80 -num_threads 1 -num_descriptions 1 -num_alignments 1 -seg no > P002_WE05\/P002_WE05\.proteins\.tmp\.5615\.blast 2> /dev/null
[16:45:17] Deleting unwanted file: P002_WE05/P002_WE05.proteins.tmp.5615.faa
[16:45:17] Deleting unwanted file: P002_WE05/P002_WE05.proteins.tmp.5615.blast
[16:45:17] There are still 28 unannotated CDS left (started with 87)
[16:45:17] Will use blast to search against /home/local/packages/prokka-1.14.5/db/kingdom/Bacteria/IS with 40 CPUs
[16:45:17] Running: cat P002_WE05\/P002_WE05\.IS\.tmp\.5615\.faa | parallel --gnu --plain -j 40 --block 63 --recstart '>' --pipe blastp -query - -db /home/local/packages/prokka-1.14.5/db/kingdom/Bacteria/IS -evalue 1e-30 -qcov_hsp_perc 90 -num_threads 1 -num_descriptions 1 -num_alignments 1 -seg no > P002_WE05\/P002_WE05\.IS\.tmp\.5615\.blast 2> /dev/null
[16:45:19] Deleting unwanted file: P002_WE05/P002_WE05.IS.tmp.5615.faa
[16:45:19] Deleting unwanted file: P002_WE05/P002_WE05.IS.tmp.5615.blast
[16:45:19] There are still 28 unannotated CDS left (started with 87)
[16:45:19] Will use blast to search against /home/local/packages/prokka-1.14.5/db/kingdom/Bacteria/AMR with 40 CPUs
[16:45:19] Running: cat P002_WE05\/P002_WE05\.AMR\.tmp\.5615\.faa | parallel --gnu --plain -j 40 --block 63 --recstart '>' --pipe blastp -query - -db /home/local/packages/prokka-1.14.5/db/kingdom/Bacteria/AMR -evalue 1e-300 -qcov_hsp_perc 90 -num_threads 1 -num_descriptions 1 -num_alignments 1 -seg no > P002_WE05\/P002_WE05\.AMR\.tmp\.5615\.blast 2> /dev/null
[16:45:20] Deleting unwanted file: P002_WE05/P002_WE05.AMR.tmp.5615.faa
[16:45:20] Deleting unwanted file: P002_WE05/P002_WE05.AMR.tmp.5615.blast
[16:45:20] There are still 28 unannotated CDS left (started with 87)
[16:45:20] Will use blast to search against /home/local/packages/prokka-1.14.5/db/kingdom/Bacteria/sprot with 40 CPUs
[16:45:20] Running: cat P002_WE05\/P002_WE05\.sprot\.tmp\.5615\.faa | parallel --gnu --plain -j 40 --block 63 --recstart '>' --pipe blastp -query - -db /home/local/packages/prokka-1.14.5/db/kingdom/Bacteria/sprot -evalue 1e-09 -qcov_hsp_perc 80 -num_threads 1 -num_descriptions 1 -num_alignments 1 -seg no > P002_WE05\/P002_WE05\.sprot\.tmp\.5615\.blast 2> /dev/null
[16:45:22] Deleting unwanted file: P002_WE05/P002_WE05.sprot.tmp.5615.faa
[16:45:22] Deleting unwanted file: P002_WE05/P002_WE05.sprot.tmp.5615.blast
[16:45:22] There are still 26 unannotated CDS left (started with 87)
[16:45:22] Will use hmmer3 to search against /home/local/packages/prokka-1.14.5/db/hmm/HAMAP.hmm with 40 CPUs
[16:45:22] Running: cat P002_WE05\/P002_WE05\.HAMAP\.hmm\.tmp\.5615\.faa | parallel --gnu --plain -j 40 --block 60 --recstart '>' --pipe hmmscan --noali --notextw --acc -E 1e-09 --cpu 1 /home/local/packages/prokka-1.14.5/db/hmm/HAMAP.hmm /dev/stdin > P002_WE05\/P002_WE05\.HAMAP\.hmm\.tmp\.5615\.hmmer3 2> /dev/null
[16:45:24] Deleting unwanted file: P002_WE05/P002_WE05.HAMAP.hmm.tmp.5615.faa
[16:45:24] Deleting unwanted file: P002_WE05/P002_WE05.HAMAP.hmm.tmp.5615.hmmer3
[16:45:24] Deleting unwanted file: P002_WE05/proteins.psq
[16:45:24] Deleting unwanted file: P002_WE05/proteins.phr
[16:45:24] Deleting unwanted file: P002_WE05/proteins.pin
[16:45:24] Labelling remaining 22 proteins as 'hypothetical protein'
[16:45:24] Possible /pseudo 'NADH-plastoquinone oxidoreductase subunit 1' at k141_35546 position 3502
[16:45:24] Possible /pseudo 'ribosomal protein L2' at k141_38973 position 16317
[16:45:24] Possible /pseudo 'hypothetical chloroplast RF34' at k141_42835 position 36271
[16:45:24] Possible /pseudo 'ATP-dependent Clp protease proteolytic subunit' at k141_16662 position 2031
[16:45:24] Found 58 unique /gene codes.
[16:45:24] Fixed 2 duplicate /gene - ndhB_1 ndhB_2
[16:45:24] Fixed 2 duplicate /gene - rpl2_1 rpl2_2
[16:45:24] Fixed 2 duplicate /gene - rpoC1_1 rpoC1_2
[16:45:24] Fixed 2 duplicate /gene - clpP_1 clpP_2
[16:45:24] Fixed 2 duplicate /gene - ycf3_1 ycf3_2
[16:45:24] Fixed 2 duplicate /gene - ndhA_1 ndhA_2
[16:45:24] Fixed 2 duplicate /gene - atpF_1 atpF_2
[16:45:24] Fixed 7 colliding /gene names.
[16:45:24] Adding /locus_tag identifiers
[16:45:24] Assigned 116 locus_tags to CDS and RNA features.
[16:45:24] Writing outputs to P002_WE05/
[16:45:24] Generating annotation statistics file
[16:45:24] Generating Genbank and Sequin files
[16:45:24] Running: tbl2asn -V b -a r10k -l paired-ends -M n -N 1 -y 'Annotated using prokka 1.14.5 from https://github.com/tseemann/prokka' -Z P002_WE05\/P002_WE05\.err -i P002_WE05\/P002_WE05\.fsa 2> /dev/null
[16:45:25] Deleting unwanted file: P002_WE05/errorsummary.val
[16:45:25] Deleting unwanted file: P002_WE05/P002_WE05.dr
[16:45:25] Deleting unwanted file: P002_WE05/P002_WE05.fixedproducts
[16:45:25] Deleting unwanted file: P002_WE05/P002_WE05.ecn
[16:45:25] Deleting unwanted file: P002_WE05/P002_WE05.val
[16:45:25] Repairing broken .GBK output that tbl2asn produces...
[16:45:25] Running: sed 's/COORDINATES: profile/COORDINATES:profile/' < P002_WE05\/P002_WE05\.gbf > P002_WE05\/P002_WE05\.gbk
[16:45:25] Deleting unwanted file: P002_WE05/P002_WE05.gbf
[16:45:25] Output files:
[16:45:25] P002_WE05/P002_WE05.txt
[16:45:25] P002_WE05/P002_WE05.gff
[16:45:25] P002_WE05/P002_WE05.tbl
[16:45:25] P002_WE05/P002_WE05.ffn
[16:45:25] P002_WE05/P002_WE05.sqn
[16:45:25] P002_WE05/P002_WE05.faa
[16:45:25] P002_WE05/P002_WE05.gbk
[16:45:25] P002_WE05/P002_WE05.fna
[16:45:25] P002_WE05/P002_WE05.log
[16:45:25] P002_WE05/P002_WE05.err
[16:45:25] P002_WE05/P002_WE05.fsa
[16:45:25] P002_WE05/P002_WE05.tsv
[16:45:25] Annotation finished successfully.
[16:45:25] Walltime used: 0.23 minutes
[16:45:25] If you use this result please cite the Prokka paper:
[16:45:25] Seemann T (2014) Prokka: rapid prokaryotic genome annotation. Bioinformatics. 30(14):2068-9.
[16:45:25] Type 'prokka --citation' for more details.
[16:45:25] Thank you, come again.
