[16:24:55] This is prokka 1.14.5
[16:24:55] Written by Torsten Seemann <torsten.seemann@gmail.com>
[16:24:55] Homepage is https://github.com/tseemann/prokka
[16:24:55] Local time is Fri Nov 26 16:24:55 2021
[16:24:55] You are ruud
[16:24:55] Operating system is linux
[16:24:55] You have BioPerl 1.7.8
[16:24:55] System has 40 cores.
[16:24:55] Will use maximum of 40 cores.
[16:24:55] Annotating as >>> Bacteria <<<
[16:24:55] Creating new output folder: P001_WF03
[16:24:55] Running: mkdir -p P001_WF03
[16:24:55] Using filename prefix: P001_WF03.XXX
[16:24:55] Setting HMMER_NCPU=1
[16:24:55] Writing log to: P001_WF03/P001_WF03.log
[16:24:55] Command: /usr/local/packages/prokka-1.14.5/bin/prokka --cpus 40 --prefix P001_WF03 --Kingdom Bacteria --locustag P001_WF03 --proteins vaccinium.gb ../02_Blast/chloroplast_contigs_rapid_genomics_run2/P001_WF03_chloroplast_contigs.fa
[16:24:55] Appending to PATH: /home/local/packages/prokka-1.14.5/bin/../binaries/linux
[16:24:55] Appending to PATH: /home/local/packages/prokka-1.14.5/bin/../binaries/linux/../common
[16:24:55] Appending to PATH: /home/local/packages/prokka-1.14.5/bin
[16:24:55] Looking for 'aragorn' - found /usr/local/packages/Anaconda3-2019.10/bin/aragorn
[16:24:55] Determined aragorn version is 001002 from 'ARAGORN v1.2.38 Dean Laslett'
[16:24:55] Looking for 'barrnap' - found /usr/local/packages/Anaconda3-2019.10/bin/barrnap
[16:24:55] Determined barrnap version is 000009 from 'barrnap 0.9'
[16:24:55] Looking for 'blastp' - found /usr/local/packages/Anaconda3-2019.10/bin/blastp
[16:24:56] Determined blastp version is 002011 from 'blastp: 2.11.0+'
[16:24:56] Looking for 'cmpress' - found /usr/local/packages/Anaconda3-2019.10/bin/cmpress
[16:24:56] Determined cmpress version is 001001 from '# INFERNAL 1.1.2 (July 2016)'
[16:24:56] Looking for 'cmscan' - found /usr/local/packages/Anaconda3-2019.10/bin/cmscan
[16:24:56] Determined cmscan version is 001001 from '# INFERNAL 1.1.2 (July 2016)'
[16:24:56] Looking for 'egrep' - found /bin/egrep
[16:24:56] Looking for 'find' - found /bin/find
[16:24:56] Looking for 'grep' - found /bin/grep
[16:24:56] Looking for 'hmmpress' - found /usr/local/packages/Anaconda3-2019.10/bin/hmmpress
[16:24:56] Determined hmmpress version is 003003 from '# HMMER 3.3.2 (Nov 2020); http://hmmer.org/'
[16:24:56] Looking for 'hmmscan' - found /usr/local/packages/Anaconda3-2019.10/bin/hmmscan
[16:24:56] Determined hmmscan version is 003003 from '# HMMER 3.3.2 (Nov 2020); http://hmmer.org/'
[16:24:56] Looking for 'java' - found /usr/local/packages/jdk1.8.0_191/bin/java
[16:24:56] Looking for 'makeblastdb' - found /usr/local/packages/Anaconda3-2019.10/bin/makeblastdb
[16:24:57] Determined makeblastdb version is 002011 from 'makeblastdb: 2.11.0+'
[16:24:57] Looking for 'minced' - found /usr/local/packages/Anaconda3-2019.10/bin/minced
[16:24:57] Determined minced version is 004002 from 'minced 0.4.2'
[16:24:57] Looking for 'parallel' - found /usr/local/packages/Anaconda3-2019.10/bin/parallel
[16:24:57] Determined parallel version is 20210822 from 'GNU parallel 20210822'
[16:24:57] Looking for 'prodigal' - found /usr/local/packages/Anaconda3-2019.10/bin/prodigal
[16:24:57] Determined prodigal version is 002006 from 'Prodigal V2.6.3: February, 2016'
[16:24:57] Looking for 'prokka-genbank_to_fasta_db' - found /usr/local/packages/prokka-1.14.5/bin/prokka-genbank_to_fasta_db
[16:24:57] Looking for 'sed' - found /bin/sed
[16:24:57] Looking for 'tbl2asn' - found /usr/local/packages/Anaconda3-2019.10/bin/tbl2asn
[16:24:57] Determined tbl2asn version is 025008 from 'tbl2asn 25.8   arguments:'
[16:24:57] Using genetic code table 11.
[16:24:57] Loading and checking input file: ../02_Blast/chloroplast_contigs_rapid_genomics_run2/P001_WF03_chloroplast_contigs.fa
[16:24:57] Wrote 5 contigs totalling 128641 bp.
[16:24:57] Predicting tRNAs and tmRNAs
[16:24:57] Running: aragorn -l -gc11  -w P001_WF03\/P001_WF03\.fna
[16:24:57] 1 tRNA-Asn [2187,2260] 34 (gtt)
[16:24:57] 2 tRNA-Arg c[2616,2689] 35 (acg)
[16:24:57] 3 tRNA-Val c[10413,10484] 33 (gac)
[16:24:57] 4 tRNA-Leu [16332,16414] 35 (caa)
[16:24:57] 5 tRNA-Met [24028,24102] 34 (cat)
[16:24:57] 1 tRNA-Pro [17151,17226] 35 (tgg)
[16:24:57] 2 tRNA-Trp [17371,17445] 35 (cca)
[16:24:57] 3 tRNA-Met c[30783,30855] 34 (cat)
[16:24:57] 4 tRNA-Phe c[35007,35080] 34 (gaa)
[16:24:57] 5 tRNA-Thr [36709,36783] 35 (tgt)
[16:24:57] 6 tRNA-Ser c[37961,38049] 36 (gga)
[16:24:57] 7 tRNA-Met [46230,46303] 35 (cat)
[16:24:57] 8 tRNA-Gly c[46443,46513] 33 (gcc)
[16:24:57] 9 tRNA-Ser [47280,47372] 35 (tga)
[16:24:57] 10 tRNA-Thr c[51061,51134] 34 (ggt)
[16:24:57] 11 tRNA-Glu [51475,51549] 36 (ttc)
[16:24:57] 12 tRNA-Tyr [51626,51709] 35 (gta)
[16:24:57] 13 tRNA-Asp [52087,52163] 36 (gtc)
[16:24:57] 14 tRNA-Cys c[53524,53595] 33 (gca)
[16:24:57] 15 tRNA-Arg c[70811,70882] 34 (tct)
[16:24:57] 16 tRNA-Ser [72561,72648] 35 (gct)
[16:24:57] 17 tRNA-Gln [73891,73962] 33 (ttg)
[16:24:57] 18 tRNA-His [80136,80210] 35 (gtg)
[16:24:57] 1 tRNA-Leu [3932,4011] 35 (tag)
[16:24:57] Found 24 tRNAs
[16:24:57] Predicting Ribosomal RNAs
[16:24:57] Running Barrnap with 40 threads
[16:24:59] 1 k141_12464 292 16S ribosomal RNA (partial)
[16:24:59] 2 k141_12464 1944 16S ribosomal RNA (partial)
[16:24:59] 3 k141_217218 3287 23S ribosomal RNA
[16:24:59] 4 k141_217218 8703 16S ribosomal RNA
[16:24:59] 5 k141_24470 1 23S ribosomal RNA
[16:24:59] Found 5 rRNAs
[16:24:59] Skipping ncRNA search, enable with --rfam if desired.
[16:24:59] Total of 29 tRNA + rRNA features
[16:24:59] Searching for CRISPR repeats
[16:24:59] Found 0 CRISPRs
[16:24:59] Predicting coding sequences
[16:24:59] Contigs total 128641 bp, so using single mode
[16:24:59] Running: prodigal -i P001_WF03\/P001_WF03\.fna -c -m -g 11 -p single -f sco -q
[16:25:00] Excluding CDS which overlaps existing RNA (rRNA) at k141_12464:1732..1968 on + strand
[16:25:00] Excluding CDS which overlaps existing RNA (rRNA) at k141_12464:2129..2350 on + strand
[16:25:00] Excluding CDS which overlaps existing RNA (rRNA) at k141_24470:779..1021 on - strand
[16:25:00] Excluding CDS which overlaps existing RNA (rRNA) at k141_24470:1337..1489 on - strand
[16:25:00] Excluding CDS which overlaps existing RNA (rRNA) at k141_24470:1486..1650 on - strand
[16:25:00] Excluding CDS which overlaps existing RNA (tRNA) at k141_217218:2438..2782 on - strand
[16:25:00] Excluding CDS which overlaps existing RNA (rRNA) at k141_217218:3234..3494 on + strand
[16:25:00] Excluding CDS which overlaps existing RNA (rRNA) at k141_217218:9344..9739 on + strand
[16:25:00] Excluding CDS which overlaps existing RNA (tRNA) at k141_162686:17195..17380 on + strand
[16:25:00] Excluding CDS which overlaps existing RNA (tRNA) at k141_162686:47286..47684 on + strand
[16:25:00] Found 84 CDS
[16:25:00] Connecting features back to sequences
[16:25:00] Not using genus-specific database. Try --usegenus to enable it.
[16:25:00] Preparing user-supplied primary BLAST annotation source: vaccinium.gb
[16:25:00] Guessed source was in genbank format.
[16:25:00] Converting genbank 'vaccinium.gb' into Prokka FASTA 'P001_WF03/proteins.faa'
[16:25:00] Running: prokka-genbank_to_fasta_db --format genbank vaccinium\.gb > P001_WF03\/proteins\.faa 2> /dev/null
[16:25:00] Running: makeblastdb -dbtype prot -in P001_WF03\/proteins\.faa -out P001_WF03\/proteins -logfile /dev/null
[16:25:01] Using /inference source as 'vaccinium.gb'
[16:25:01] Annotating CDS, please be patient.
[16:25:01] Will use 40 CPUs for similarity searching.
[16:25:01] There are still 84 unannotated CDS left (started with 84)
[16:25:01] Will use blast to search against P001_WF03/proteins with 40 CPUs
[16:25:01] Running: cat P001_WF03\/P001_WF03\.proteins\.tmp\.5391\.faa | parallel --gnu --plain -j 40 --block 281 --recstart '>' --pipe blastp -query - -db P001_WF03/proteins -evalue 1e-09 -qcov_hsp_perc 80 -num_threads 1 -num_descriptions 1 -num_alignments 1 -seg no > P001_WF03\/P001_WF03\.proteins\.tmp\.5391\.blast 2> /dev/null
[16:25:02] Deleting unwanted file: P001_WF03/P001_WF03.proteins.tmp.5391.faa
[16:25:02] Deleting unwanted file: P001_WF03/P001_WF03.proteins.tmp.5391.blast
[16:25:02] There are still 26 unannotated CDS left (started with 84)
[16:25:02] Will use blast to search against /home/local/packages/prokka-1.14.5/db/kingdom/Bacteria/IS with 40 CPUs
[16:25:02] Running: cat P001_WF03\/P001_WF03\.IS\.tmp\.5391\.faa | parallel --gnu --plain -j 40 --block 71 --recstart '>' --pipe blastp -query - -db /home/local/packages/prokka-1.14.5/db/kingdom/Bacteria/IS -evalue 1e-30 -qcov_hsp_perc 90 -num_threads 1 -num_descriptions 1 -num_alignments 1 -seg no > P001_WF03\/P001_WF03\.IS\.tmp\.5391\.blast 2> /dev/null
[16:25:03] Deleting unwanted file: P001_WF03/P001_WF03.IS.tmp.5391.faa
[16:25:03] Deleting unwanted file: P001_WF03/P001_WF03.IS.tmp.5391.blast
[16:25:04] There are still 26 unannotated CDS left (started with 84)
[16:25:04] Will use blast to search against /home/local/packages/prokka-1.14.5/db/kingdom/Bacteria/AMR with 40 CPUs
[16:25:04] Running: cat P001_WF03\/P001_WF03\.AMR\.tmp\.5391\.faa | parallel --gnu --plain -j 40 --block 71 --recstart '>' --pipe blastp -query - -db /home/local/packages/prokka-1.14.5/db/kingdom/Bacteria/AMR -evalue 1e-300 -qcov_hsp_perc 90 -num_threads 1 -num_descriptions 1 -num_alignments 1 -seg no > P001_WF03\/P001_WF03\.AMR\.tmp\.5391\.blast 2> /dev/null
[16:25:05] Deleting unwanted file: P001_WF03/P001_WF03.AMR.tmp.5391.faa
[16:25:05] Deleting unwanted file: P001_WF03/P001_WF03.AMR.tmp.5391.blast
[16:25:05] There are still 26 unannotated CDS left (started with 84)
[16:25:05] Will use blast to search against /home/local/packages/prokka-1.14.5/db/kingdom/Bacteria/sprot with 40 CPUs
[16:25:05] Running: cat P001_WF03\/P001_WF03\.sprot\.tmp\.5391\.faa | parallel --gnu --plain -j 40 --block 71 --recstart '>' --pipe blastp -query - -db /home/local/packages/prokka-1.14.5/db/kingdom/Bacteria/sprot -evalue 1e-09 -qcov_hsp_perc 80 -num_threads 1 -num_descriptions 1 -num_alignments 1 -seg no > P001_WF03\/P001_WF03\.sprot\.tmp\.5391\.blast 2> /dev/null
[16:25:07] Deleting unwanted file: P001_WF03/P001_WF03.sprot.tmp.5391.faa
[16:25:07] Deleting unwanted file: P001_WF03/P001_WF03.sprot.tmp.5391.blast
[16:25:07] There are still 23 unannotated CDS left (started with 84)
[16:25:07] Will use hmmer3 to search against /home/local/packages/prokka-1.14.5/db/hmm/HAMAP.hmm with 40 CPUs
[16:25:07] Running: cat P001_WF03\/P001_WF03\.HAMAP\.hmm\.tmp\.5391\.faa | parallel --gnu --plain -j 40 --block 68 --recstart '>' --pipe hmmscan --noali --notextw --acc -E 1e-09 --cpu 1 /home/local/packages/prokka-1.14.5/db/hmm/HAMAP.hmm /dev/stdin > P001_WF03\/P001_WF03\.HAMAP\.hmm\.tmp\.5391\.hmmer3 2> /dev/null
[16:25:09] Deleting unwanted file: P001_WF03/P001_WF03.HAMAP.hmm.tmp.5391.faa
[16:25:09] Deleting unwanted file: P001_WF03/P001_WF03.HAMAP.hmm.tmp.5391.hmmer3
[16:25:09] Deleting unwanted file: P001_WF03/proteins.psq
[16:25:09] Deleting unwanted file: P001_WF03/proteins.phr
[16:25:09] Deleting unwanted file: P001_WF03/proteins.pin
[16:25:09] Labelling remaining 21 proteins as 'hypothetical protein'
[16:25:09] Possible /pseudo 'NADH-plastoquinone oxidoreductase subunit 2' at k141_217218 position 14957
[16:25:09] Possible /pseudo 'ATP-dependent Clp protease proteolytic subunit' at k141_162686 position 13578
[16:25:09] Possible /pseudo 'NADH-plastoquinone oxidoreductase subunit 1' at k141_197893 position 10986
[16:25:09] Found 59 unique /gene codes.
[16:25:09] Fixed 2 duplicate /gene - rpoC1_1 rpoC1_2
[16:25:09] Fixed 2 duplicate /gene - clpP_1 clpP_2
[16:25:09] Fixed 2 duplicate /gene - ndhA_1 ndhA_2
[16:25:09] Fixed 2 duplicate /gene - ndhB_1 ndhB_2
[16:25:09] Fixed 4 colliding /gene names.
[16:25:09] Adding /locus_tag identifiers
[16:25:09] Assigned 113 locus_tags to CDS and RNA features.
[16:25:09] Writing outputs to P001_WF03/
[16:25:09] Generating annotation statistics file
[16:25:09] Generating Genbank and Sequin files
[16:25:09] Running: tbl2asn -V b -a r10k -l paired-ends -M n -N 1 -y 'Annotated using prokka 1.14.5 from https://github.com/tseemann/prokka' -Z P001_WF03\/P001_WF03\.err -i P001_WF03\/P001_WF03\.fsa 2> /dev/null
[16:25:09] Deleting unwanted file: P001_WF03/errorsummary.val
[16:25:09] Deleting unwanted file: P001_WF03/P001_WF03.dr
[16:25:09] Deleting unwanted file: P001_WF03/P001_WF03.fixedproducts
[16:25:09] Deleting unwanted file: P001_WF03/P001_WF03.ecn
[16:25:09] Deleting unwanted file: P001_WF03/P001_WF03.val
[16:25:09] Repairing broken .GBK output that tbl2asn produces...
[16:25:09] Running: sed 's/COORDINATES: profile/COORDINATES:profile/' < P001_WF03\/P001_WF03\.gbf > P001_WF03\/P001_WF03\.gbk
[16:25:09] Deleting unwanted file: P001_WF03/P001_WF03.gbf
[16:25:09] Output files:
[16:25:09] P001_WF03/P001_WF03.gff
[16:25:09] P001_WF03/P001_WF03.sqn
[16:25:09] P001_WF03/P001_WF03.tsv
[16:25:09] P001_WF03/P001_WF03.fna
[16:25:09] P001_WF03/P001_WF03.err
[16:25:09] P001_WF03/P001_WF03.faa
[16:25:09] P001_WF03/P001_WF03.gbk
[16:25:09] P001_WF03/P001_WF03.fsa
[16:25:09] P001_WF03/P001_WF03.tbl
[16:25:09] P001_WF03/P001_WF03.ffn
[16:25:09] P001_WF03/P001_WF03.log
[16:25:09] P001_WF03/P001_WF03.txt
[16:25:09] Annotation finished successfully.
[16:25:09] Walltime used: 0.23 minutes
[16:25:09] If you use this result please cite the Prokka paper:
[16:25:09] Seemann T (2014) Prokka: rapid prokaryotic genome annotation. Bioinformatics. 30(14):2068-9.
[16:25:09] Type 'prokka --citation' for more details.
[16:25:09] Thank you, come again.
