[16:53:27] This is prokka 1.14.5
[16:53:27] Written by Torsten Seemann <torsten.seemann@gmail.com>
[16:53:27] Homepage is https://github.com/tseemann/prokka
[16:53:27] Local time is Fri Nov 26 16:53:27 2021
[16:53:27] You are ruud
[16:53:27] Operating system is linux
[16:53:27] You have BioPerl 1.7.8
[16:53:27] System has 40 cores.
[16:53:27] Will use maximum of 40 cores.
[16:53:27] Annotating as >>> Bacteria <<<
[16:53:27] Creating new output folder: P002_WH04
[16:53:27] Running: mkdir -p P002_WH04
[16:53:27] Using filename prefix: P002_WH04.XXX
[16:53:27] Setting HMMER_NCPU=1
[16:53:27] Writing log to: P002_WH04/P002_WH04.log
[16:53:27] Command: /usr/local/packages/prokka-1.14.5/bin/prokka --cpus 40 --prefix P002_WH04 --Kingdom Bacteria --locustag P002_WH04 --proteins vaccinium.gb ../02_Blast/chloroplast_contigs_rapid_genomics_run2/P002_WH04_chloroplast_contigs.fa
[16:53:27] Appending to PATH: /home/local/packages/prokka-1.14.5/bin/../binaries/linux
[16:53:27] Appending to PATH: /home/local/packages/prokka-1.14.5/bin/../binaries/linux/../common
[16:53:27] Appending to PATH: /home/local/packages/prokka-1.14.5/bin
[16:53:27] Looking for 'aragorn' - found /usr/local/packages/Anaconda3-2019.10/bin/aragorn
[16:53:27] Determined aragorn version is 001002 from 'ARAGORN v1.2.38 Dean Laslett'
[16:53:27] Looking for 'barrnap' - found /usr/local/packages/Anaconda3-2019.10/bin/barrnap
[16:53:27] Determined barrnap version is 000009 from 'barrnap 0.9'
[16:53:27] Looking for 'blastp' - found /usr/local/packages/Anaconda3-2019.10/bin/blastp
[16:53:28] Determined blastp version is 002011 from 'blastp: 2.11.0+'
[16:53:28] Looking for 'cmpress' - found /usr/local/packages/Anaconda3-2019.10/bin/cmpress
[16:53:28] Determined cmpress version is 001001 from '# INFERNAL 1.1.2 (July 2016)'
[16:53:28] Looking for 'cmscan' - found /usr/local/packages/Anaconda3-2019.10/bin/cmscan
[16:53:28] Determined cmscan version is 001001 from '# INFERNAL 1.1.2 (July 2016)'
[16:53:28] Looking for 'egrep' - found /bin/egrep
[16:53:28] Looking for 'find' - found /bin/find
[16:53:28] Looking for 'grep' - found /bin/grep
[16:53:28] Looking for 'hmmpress' - found /usr/local/packages/Anaconda3-2019.10/bin/hmmpress
[16:53:28] Determined hmmpress version is 003003 from '# HMMER 3.3.2 (Nov 2020); http://hmmer.org/'
[16:53:28] Looking for 'hmmscan' - found /usr/local/packages/Anaconda3-2019.10/bin/hmmscan
[16:53:28] Determined hmmscan version is 003003 from '# HMMER 3.3.2 (Nov 2020); http://hmmer.org/'
[16:53:28] Looking for 'java' - found /usr/local/packages/jdk1.8.0_191/bin/java
[16:53:28] Looking for 'makeblastdb' - found /usr/local/packages/Anaconda3-2019.10/bin/makeblastdb
[16:53:28] Determined makeblastdb version is 002011 from 'makeblastdb: 2.11.0+'
[16:53:28] Looking for 'minced' - found /usr/local/packages/Anaconda3-2019.10/bin/minced
[16:53:28] Determined minced version is 004002 from 'minced 0.4.2'
[16:53:28] Looking for 'parallel' - found /usr/local/packages/Anaconda3-2019.10/bin/parallel
[16:53:29] Determined parallel version is 20210822 from 'GNU parallel 20210822'
[16:53:29] Looking for 'prodigal' - found /usr/local/packages/Anaconda3-2019.10/bin/prodigal
[16:53:29] Determined prodigal version is 002006 from 'Prodigal V2.6.3: February, 2016'
[16:53:29] Looking for 'prokka-genbank_to_fasta_db' - found /usr/local/packages/prokka-1.14.5/bin/prokka-genbank_to_fasta_db
[16:53:29] Looking for 'sed' - found /bin/sed
[16:53:29] Looking for 'tbl2asn' - found /usr/local/packages/Anaconda3-2019.10/bin/tbl2asn
[16:53:29] Determined tbl2asn version is 025008 from 'tbl2asn 25.8   arguments:'
[16:53:29] Using genetic code table 11.
[16:53:29] Loading and checking input file: ../02_Blast/chloroplast_contigs_rapid_genomics_run2/P002_WH04_chloroplast_contigs.fa
[16:53:29] Wrote 4 contigs totalling 130011 bp.
[16:53:29] Predicting tRNAs and tmRNAs
[16:53:29] Running: aragorn -l -gc11  -w P002_WH04\/P002_WH04\.fna
[16:53:29] 1 tRNA-Leu c[13239,13318] 35 (tag)
[16:53:29] 1 tRNA-Met c[2067,2141] 34 (cat)
[16:53:29] 2 tRNA-Leu c[9213,9295] 35 (caa)
[16:53:29] 3 tRNA-Val [15526,15597] 33 (gac)
[16:53:29] 4 tRNA-Arg [23380,23454] 35 (acg)
[16:53:29] 5 tRNA-Asn c[24032,24105] 34 (gtt)
[16:53:29] 1 tRNA-His c[64,138] 35 (gtg)
[16:53:29] 2 tRNA-Gln c[7640,7711] 33 (ttg)
[16:53:29] 3 tRNA-Ser c[8924,9011] 35 (gct)
[16:53:29] 4 tRNA-Arg [10740,10811] 34 (tct)
[16:53:29] 5 tRNA-Cys [28903,28973] 33 (gca)
[16:53:29] 6 tRNA-Asp c[31692,31768] 36 (gtc)
[16:53:29] 7 tRNA-Tyr c[31876,31962] 36 (gta)
[16:53:29] 8 tRNA-Glu c[32047,32119] 35 (ttc)
[16:53:29] 9 tRNA-Thr [32802,32875] 34 (ggt)
[16:53:29] 10 tRNA-Ser c[36770,36862] 35 (tga)
[16:53:29] 11 tRNA-Gly [37654,37725] 33 (gcc)
[16:53:29] 12 tRNA-Met c[37908,37981] 35 (cat)
[16:53:29] 1 tRNA-Pro [17731,17806] 35 (tgg)
[16:53:29] 2 tRNA-Trp [17940,18013] 35 (cca)
[16:53:29] 3 tRNA-Met c[32003,32075] 34 (cat)
[16:53:29] 4 tRNA-Phe c[36131,36204] 34 (gaa)
[16:53:29] 5 tRNA-Thr [37856,37930] 35 (tgt)
[16:53:29] 6 tRNA-Ser c[39237,39323] 35 (gga)
[16:53:29] Found 24 tRNAs
[16:53:29] Predicting Ribosomal RNAs
[16:53:29] Running Barrnap with 40 threads
[16:53:30] 1 k141_52586 15829 16S ribosomal RNA
[16:53:30] 2 k141_52586 19737 23S ribosomal RNA
[16:53:30] Found 2 rRNAs
[16:53:30] Skipping ncRNA search, enable with --rfam if desired.
[16:53:30] Total of 26 tRNA + rRNA features
[16:53:30] Searching for CRISPR repeats
[16:53:30] Found 0 CRISPRs
[16:53:30] Predicting coding sequences
[16:53:30] Contigs total 130011 bp, so using single mode
[16:53:30] Running: prodigal -i P002_WH04\/P002_WH04\.fna -c -m -g 11 -p single -f sco -q
[16:53:30] Excluding CDS which overlaps existing RNA (tRNA) at k141_47910:13175..13285 on + strand
[16:53:30] Excluding CDS which overlaps existing RNA (tRNA) at k141_52586:9176..9319 on - strand
[16:53:30] Excluding CDS which overlaps existing RNA (tRNA) at k141_52586:15537..15830 on - strand
[16:53:30] Excluding CDS which overlaps existing RNA (rRNA) at k141_52586:17069..17356 on - strand
[16:53:30] Excluding CDS which overlaps existing RNA (rRNA) at k141_52586:19666..19962 on + strand
[16:53:30] Excluding CDS which overlaps existing RNA (rRNA) at k141_52586:22405..22800 on - strand
[16:53:30] Excluding CDS which overlaps existing RNA (tRNA) at k141_52586:23399..23605 on - strand
[16:53:30] Excluding CDS which overlaps existing RNA (tRNA) at k141_58864:31668..31943 on + strand
[16:53:30] Found 94 CDS
[16:53:30] Connecting features back to sequences
[16:53:30] Not using genus-specific database. Try --usegenus to enable it.
[16:53:30] Preparing user-supplied primary BLAST annotation source: vaccinium.gb
[16:53:30] Guessed source was in genbank format.
[16:53:30] Converting genbank 'vaccinium.gb' into Prokka FASTA 'P002_WH04/proteins.faa'
[16:53:30] Running: prokka-genbank_to_fasta_db --format genbank vaccinium\.gb > P002_WH04\/proteins\.faa 2> /dev/null
[16:53:31] Running: makeblastdb -dbtype prot -in P002_WH04\/proteins\.faa -out P002_WH04\/proteins -logfile /dev/null
[16:53:32] Using /inference source as 'vaccinium.gb'
[16:53:32] Annotating CDS, please be patient.
[16:53:32] Will use 40 CPUs for similarity searching.
[16:53:32] There are still 94 unannotated CDS left (started with 94)
[16:53:32] Will use blast to search against P002_WH04/proteins with 40 CPUs
[16:53:32] Running: cat P002_WH04\/P002_WH04\.proteins\.tmp\.39395\.faa | parallel --gnu --plain -j 40 --block 290 --recstart '>' --pipe blastp -query - -db P002_WH04/proteins -evalue 1e-09 -qcov_hsp_perc 80 -num_threads 1 -num_descriptions 1 -num_alignments 1 -seg no > P002_WH04\/P002_WH04\.proteins\.tmp\.39395\.blast 2> /dev/null
[16:53:33] Deleting unwanted file: P002_WH04/P002_WH04.proteins.tmp.39395.faa
[16:53:33] Deleting unwanted file: P002_WH04/P002_WH04.proteins.tmp.39395.blast
[16:53:33] There are still 28 unannotated CDS left (started with 94)
[16:53:33] Will use blast to search against /home/local/packages/prokka-1.14.5/db/kingdom/Bacteria/IS with 40 CPUs
[16:53:33] Running: cat P002_WH04\/P002_WH04\.IS\.tmp\.39395\.faa | parallel --gnu --plain -j 40 --block 74 --recstart '>' --pipe blastp -query - -db /home/local/packages/prokka-1.14.5/db/kingdom/Bacteria/IS -evalue 1e-30 -qcov_hsp_perc 90 -num_threads 1 -num_descriptions 1 -num_alignments 1 -seg no > P002_WH04\/P002_WH04\.IS\.tmp\.39395\.blast 2> /dev/null
[16:53:34] Deleting unwanted file: P002_WH04/P002_WH04.IS.tmp.39395.faa
[16:53:34] Deleting unwanted file: P002_WH04/P002_WH04.IS.tmp.39395.blast
[16:53:34] There are still 28 unannotated CDS left (started with 94)
[16:53:34] Will use blast to search against /home/local/packages/prokka-1.14.5/db/kingdom/Bacteria/AMR with 40 CPUs
[16:53:34] Running: cat P002_WH04\/P002_WH04\.AMR\.tmp\.39395\.faa | parallel --gnu --plain -j 40 --block 74 --recstart '>' --pipe blastp -query - -db /home/local/packages/prokka-1.14.5/db/kingdom/Bacteria/AMR -evalue 1e-300 -qcov_hsp_perc 90 -num_threads 1 -num_descriptions 1 -num_alignments 1 -seg no > P002_WH04\/P002_WH04\.AMR\.tmp\.39395\.blast 2> /dev/null
[16:53:36] Deleting unwanted file: P002_WH04/P002_WH04.AMR.tmp.39395.faa
[16:53:36] Deleting unwanted file: P002_WH04/P002_WH04.AMR.tmp.39395.blast
[16:53:36] There are still 28 unannotated CDS left (started with 94)
[16:53:36] Will use blast to search against /home/local/packages/prokka-1.14.5/db/kingdom/Bacteria/sprot with 40 CPUs
[16:53:36] Running: cat P002_WH04\/P002_WH04\.sprot\.tmp\.39395\.faa | parallel --gnu --plain -j 40 --block 74 --recstart '>' --pipe blastp -query - -db /home/local/packages/prokka-1.14.5/db/kingdom/Bacteria/sprot -evalue 1e-09 -qcov_hsp_perc 80 -num_threads 1 -num_descriptions 1 -num_alignments 1 -seg no > P002_WH04\/P002_WH04\.sprot\.tmp\.39395\.blast 2> /dev/null
[16:53:37] Deleting unwanted file: P002_WH04/P002_WH04.sprot.tmp.39395.faa
[16:53:37] Deleting unwanted file: P002_WH04/P002_WH04.sprot.tmp.39395.blast
[16:53:37] There are still 25 unannotated CDS left (started with 94)
[16:53:37] Will use hmmer3 to search against /home/local/packages/prokka-1.14.5/db/hmm/HAMAP.hmm with 40 CPUs
[16:53:38] Running: cat P002_WH04\/P002_WH04\.HAMAP\.hmm\.tmp\.39395\.faa | parallel --gnu --plain -j 40 --block 67 --recstart '>' --pipe hmmscan --noali --notextw --acc -E 1e-09 --cpu 1 /home/local/packages/prokka-1.14.5/db/hmm/HAMAP.hmm /dev/stdin > P002_WH04\/P002_WH04\.HAMAP\.hmm\.tmp\.39395\.hmmer3 2> /dev/null
[16:53:40] Deleting unwanted file: P002_WH04/P002_WH04.HAMAP.hmm.tmp.39395.faa
[16:53:40] Deleting unwanted file: P002_WH04/P002_WH04.HAMAP.hmm.tmp.39395.hmmer3
[16:53:40] Deleting unwanted file: P002_WH04/proteins.psq
[16:53:40] Deleting unwanted file: P002_WH04/proteins.phr
[16:53:40] Deleting unwanted file: P002_WH04/proteins.pin
[16:53:40] Labelling remaining 22 proteins as 'hypothetical protein'
[16:53:40] Possible /pseudo 'ribosomal protein L2' at k141_52586 position 1201
[16:53:40] Possible /pseudo 'NADH-plastoquinone oxidoreductase subunit 2' at k141_52586 position 11285
[16:53:40] Possible /pseudo 'ATP-dependent Clp protease proteolytic subunit' at k141_64460 position 14098
[16:53:40] Found 66 unique /gene codes.
[16:53:40] Fixed 2 duplicate /gene - ndhA_1 ndhA_2
[16:53:40] Fixed 2 duplicate /gene - atpF_1 atpF_2
[16:53:40] Fixed 2 duplicate /gene - rpoC1_1 rpoC1_2
[16:53:40] Fixed 2 duplicate /gene - ndhB_1 ndhB_2
[16:53:40] Fixed 2 duplicate /gene - clpP_1 clpP_2
[16:53:40] Fixed 2 duplicate /gene - rpl2_1 rpl2_2
[16:53:40] Fixed 6 colliding /gene names.
[16:53:40] Adding /locus_tag identifiers
[16:53:40] Assigned 120 locus_tags to CDS and RNA features.
[16:53:40] Writing outputs to P002_WH04/
[16:53:40] Generating annotation statistics file
[16:53:40] Generating Genbank and Sequin files
[16:53:40] Running: tbl2asn -V b -a r10k -l paired-ends -M n -N 1 -y 'Annotated using prokka 1.14.5 from https://github.com/tseemann/prokka' -Z P002_WH04\/P002_WH04\.err -i P002_WH04\/P002_WH04\.fsa 2> /dev/null
[16:53:40] Deleting unwanted file: P002_WH04/errorsummary.val
[16:53:40] Deleting unwanted file: P002_WH04/P002_WH04.dr
[16:53:40] Deleting unwanted file: P002_WH04/P002_WH04.fixedproducts
[16:53:40] Deleting unwanted file: P002_WH04/P002_WH04.ecn
[16:53:40] Deleting unwanted file: P002_WH04/P002_WH04.val
[16:53:40] Repairing broken .GBK output that tbl2asn produces...
[16:53:40] Running: sed 's/COORDINATES: profile/COORDINATES:profile/' < P002_WH04\/P002_WH04\.gbf > P002_WH04\/P002_WH04\.gbk
[16:53:40] Deleting unwanted file: P002_WH04/P002_WH04.gbf
[16:53:40] Output files:
[16:53:41] P002_WH04/P002_WH04.tbl
[16:53:41] P002_WH04/P002_WH04.faa
[16:53:41] P002_WH04/P002_WH04.txt
[16:53:41] P002_WH04/P002_WH04.tsv
[16:53:41] P002_WH04/P002_WH04.ffn
[16:53:41] P002_WH04/P002_WH04.gff
[16:53:41] P002_WH04/P002_WH04.gbk
[16:53:41] P002_WH04/P002_WH04.log
[16:53:41] P002_WH04/P002_WH04.err
[16:53:41] P002_WH04/P002_WH04.fsa
[16:53:41] P002_WH04/P002_WH04.fna
[16:53:41] P002_WH04/P002_WH04.sqn
[16:53:41] Annotation finished successfully.
[16:53:41] Walltime used: 0.23 minutes
[16:53:41] If you use this result please cite the Prokka paper:
[16:53:41] Seemann T (2014) Prokka: rapid prokaryotic genome annotation. Bioinformatics. 30(14):2068-9.
[16:53:41] Type 'prokka --citation' for more details.
[16:53:41] Thank you, come again.
